Clock: clk
Sources: clk 
Generated: no
Virtual: yes
Propagated: no
Period: 8.000000

===========================================================================
report_clock_properties
============================================================================
Clock                   Period          Waveform
----------------------------------------------------
clk                   8.000000    0.000000  4.000000

===========================================================================
report_clock_latency
============================================================================
Clock clk
rise -> rise
    min     max
0.000000 0.000000 source latency
0.261630         network latency _8_/CLK
        0.261887 network latency _9_/CLK
---------------
0.261630 0.261887 latency
        0.000257 skew

fall -> fall
    min     max
0.000000 0.000000 source latency
0.272288         network latency _8_/CLK
        0.272521 network latency _9_/CLK
---------------
0.272288 0.272521 latency
        0.000233 skew



===========================================================================
report_clock_min_period
============================================================================
clk period_min = 0.00 fmax = inf
