Clock: clk
Sources: clk 
Generated: no
Virtual: no
Propagated: no
Period: 10.000000

===========================================================================
report_clock_properties
============================================================================
Clock                   Period          Waveform
----------------------------------------------------
clk                  10.000000    0.000000  5.000000

===========================================================================
report_clock_latency
============================================================================
Clock clk
rise -> rise
    min     max
0.000000 0.000000 source latency
28.432838         network latency _43608_/CLK
        28.432838 network latency _43608_/CLK
---------------
28.432838 28.432838 latency
        0.000000 skew

fall -> fall
    min     max
0.000000 0.000000 source latency
12.341394         network latency _43608_/CLK
        12.341394 network latency _43608_/CLK
---------------
12.341394 12.341394 latency
        0.000000 skew



===========================================================================
report_clock_min_period
============================================================================
clk period_min = 25.90 fmax = 38.62
