
 /----------------------------------------------------------------------------\
 |  yosys -- Yosys Open SYnthesis Suite                                       |
 |  Copyright (C) 2012 - 2024  Claire Xenia Wolf <claire@yosyshq.com>         |
 |  Distributed under an ISC-like license, type "license" to see terms        |
 \----------------------------------------------------------------------------/
 Yosys 0.46 (git sha1 e97731b9dda91fa5fa53ed87df7c34163ba59a41, clang++ 17.0.6 -fPIC -O3)
Loaded SDC plugin

1. Executing Liberty frontend: /home/chithang/.volare/volare/sky130/versions/0fe599b2afb6708d281543108caf8310912f54af/sky130A/libs.ref/sky130_fd_sc_hd/lib/sky130_fd_sc_hd__tt_025C_1v80.lib
Imported 428 cell types from liberty file.
[INFO] Using SDC file '/home/chithang/pdop2/controller/runs/run1/07-yosys-synthesis/synthesis.abc.sdc' for ABC…

2. Executing Verilog-2005 frontend: /home/chithang/pdop2/controller/src/soc_ctrl_slave.v
Parsing SystemVerilog input from `/home/chithang/pdop2/controller/src/soc_ctrl_slave.v' to AST representation.
Storing AST representation for module `$abstract\soc_ctrl_slave'.
Successfully finished Verilog frontend.

3. Executing HIERARCHY pass (managing design hierarchy).

4. Executing AST frontend in derive mode using pre-parsed AST for module `\soc_ctrl_slave'.
Generating RTLIL representation for module `\soc_ctrl_slave'.

4.1. Analyzing design hierarchy..
Top module:  \soc_ctrl_slave

4.2. Analyzing design hierarchy..
Top module:  \soc_ctrl_slave
Removing unused module `$abstract\soc_ctrl_slave'.
Removed 1 unused modules.
Renaming module soc_ctrl_slave to soc_ctrl_slave.

5. Generating Graphviz representation of design.
Writing dot description to `/home/chithang/pdop2/controller/runs/run1/07-yosys-synthesis/hierarchy.dot'.
Dumping module soc_ctrl_slave to page 1.

6. Executing TRIBUF pass.

7. Executing HIERARCHY pass (managing design hierarchy).

7.1. Analyzing design hierarchy..
Top module:  \soc_ctrl_slave

7.2. Analyzing design hierarchy..
Top module:  \soc_ctrl_slave
Removed 0 unused modules.

8. Executing PROC_CLEAN pass (remove empty switches from decision trees).
Cleaned up 0 empty switches.

9. Executing PROC_RMDEAD pass (remove dead branches from decision trees).
Marked 1 switch rules as full_case in process $proc$/home/chithang/pdop2/controller/src/soc_ctrl_slave.v:306$62 in module soc_ctrl_slave.
Marked 1 switch rules as full_case in process $proc$/home/chithang/pdop2/controller/src/soc_ctrl_slave.v:295$58 in module soc_ctrl_slave.
Marked 1 switch rules as full_case in process $proc$/home/chithang/pdop2/controller/src/soc_ctrl_slave.v:278$57 in module soc_ctrl_slave.
Marked 1 switch rules as full_case in process $proc$/home/chithang/pdop2/controller/src/soc_ctrl_slave.v:248$51 in module soc_ctrl_slave.
Marked 1 switch rules as full_case in process $proc$/home/chithang/pdop2/controller/src/soc_ctrl_slave.v:236$47 in module soc_ctrl_slave.
Marked 1 switch rules as full_case in process $proc$/home/chithang/pdop2/controller/src/soc_ctrl_slave.v:224$43 in module soc_ctrl_slave.
Marked 2 switch rules as full_case in process $proc$/home/chithang/pdop2/controller/src/soc_ctrl_slave.v:216$40 in module soc_ctrl_slave.
Marked 1 switch rules as full_case in process $proc$/home/chithang/pdop2/controller/src/soc_ctrl_slave.v:205$36 in module soc_ctrl_slave.
Marked 1 switch rules as full_case in process $proc$/home/chithang/pdop2/controller/src/soc_ctrl_slave.v:193$31 in module soc_ctrl_slave.
Marked 2 switch rules as full_case in process $proc$/home/chithang/pdop2/controller/src/soc_ctrl_slave.v:158$10 in module soc_ctrl_slave.
Marked 1 switch rules as full_case in process $proc$/home/chithang/pdop2/controller/src/soc_ctrl_slave.v:143$5 in module soc_ctrl_slave.
Removed a total of 0 dead cases.

10. Executing PROC_PRUNE pass (remove redundant assignments in processes).
Removed 4 redundant assignments.
Promoted 2 assignments to connections.

11. Executing PROC_INIT pass (extract init attributes).

12. Executing PROC_ARST pass (detect async resets in processes).
Found async reset \rst_n in `\soc_ctrl_slave.$proc$/home/chithang/pdop2/controller/src/soc_ctrl_slave.v:306$62'.
Found async reset \rst_n in `\soc_ctrl_slave.$proc$/home/chithang/pdop2/controller/src/soc_ctrl_slave.v:295$58'.
Found async reset \rst_n in `\soc_ctrl_slave.$proc$/home/chithang/pdop2/controller/src/soc_ctrl_slave.v:248$51'.
Found async reset \rst_n in `\soc_ctrl_slave.$proc$/home/chithang/pdop2/controller/src/soc_ctrl_slave.v:236$47'.
Found async reset \rst_n in `\soc_ctrl_slave.$proc$/home/chithang/pdop2/controller/src/soc_ctrl_slave.v:224$43'.
Found async reset \rst_n in `\soc_ctrl_slave.$proc$/home/chithang/pdop2/controller/src/soc_ctrl_slave.v:205$36'.
Found async reset \rst_n in `\soc_ctrl_slave.$proc$/home/chithang/pdop2/controller/src/soc_ctrl_slave.v:193$31'.
Found async reset \rst_n in `\soc_ctrl_slave.$proc$/home/chithang/pdop2/controller/src/soc_ctrl_slave.v:158$10'.
Found async reset \rst_n in `\soc_ctrl_slave.$proc$/home/chithang/pdop2/controller/src/soc_ctrl_slave.v:143$5'.

13. Executing PROC_ROM pass (convert switches to ROMs).
Converted 0 switches.
<suppressed ~18 debug messages>

14. Executing PROC_MUX pass (convert decision trees to multiplexers).
Creating decoders for process `\soc_ctrl_slave.$proc$/home/chithang/pdop2/controller/src/soc_ctrl_slave.v:306$62'.
     1/2: $0\rdata_r[31:0]
     2/2: $0\rvalid_r[0:0]
Creating decoders for process `\soc_ctrl_slave.$proc$/home/chithang/pdop2/controller/src/soc_ctrl_slave.v:295$58'.
     1/3: $0\ar_done[0:0]
     2/3: $0\ar_addr_lat[31:0]
     3/3: $0\ar_id_lat[3:0]
Creating decoders for process `\soc_ctrl_slave.$proc$/home/chithang/pdop2/controller/src/soc_ctrl_slave.v:278$57'.
     1/1: $1\rdata_mux[31:0]
Creating decoders for process `\soc_ctrl_slave.$proc$/home/chithang/pdop2/controller/src/soc_ctrl_slave.v:248$51'.
     1/2: $0\bresp_r[1:0]
     2/2: $0\bvalid_r[0:0]
Creating decoders for process `\soc_ctrl_slave.$proc$/home/chithang/pdop2/controller/src/soc_ctrl_slave.v:236$47'.
     1/3: $0\w_strb_lat[3:0]
     2/3: $0\w_data_lat[31:0]
     3/3: $0\w_done[0:0]
Creating decoders for process `\soc_ctrl_slave.$proc$/home/chithang/pdop2/controller/src/soc_ctrl_slave.v:224$43'.
     1/3: $0\aw_done[0:0]
     2/3: $0\aw_addr_lat[31:0]
     3/3: $0\aw_id_lat[3:0]
Creating decoders for process `\soc_ctrl_slave.$proc$/home/chithang/pdop2/controller/src/soc_ctrl_slave.v:216$40'.
     1/2: $2\irq_w1c_mask[5:0]
     2/2: $1\irq_w1c_mask[5:0]
Creating decoders for process `\soc_ctrl_slave.$proc$/home/chithang/pdop2/controller/src/soc_ctrl_slave.v:205$36'.
     1/1: $0\irq_mask_r[5:0]
Creating decoders for process `\soc_ctrl_slave.$proc$/home/chithang/pdop2/controller/src/soc_ctrl_slave.v:193$31'.
     1/1: $0\soft_rst_pending[0:0]
Creating decoders for process `\soc_ctrl_slave.$proc$/home/chithang/pdop2/controller/src/soc_ctrl_slave.v:158$10'.
     1/1: $0\cycle_cnt_r[31:0]
Creating decoders for process `\soc_ctrl_slave.$proc$/home/chithang/pdop2/controller/src/soc_ctrl_slave.v:143$5'.
     1/2: $0\irq_status_r[5:0]
     2/2: $0\irq_prev[5:0]

15. Executing PROC_DLATCH pass (convert process syncs to latches).
No latch inferred for signal `\soc_ctrl_slave.\rdata_mux' from process `\soc_ctrl_slave.$proc$/home/chithang/pdop2/controller/src/soc_ctrl_slave.v:278$57'.
No latch inferred for signal `\soc_ctrl_slave.\irq_w1c_mask' from process `\soc_ctrl_slave.$proc$/home/chithang/pdop2/controller/src/soc_ctrl_slave.v:216$40'.

16. Executing PROC_DFF pass (convert process syncs to FFs).
Creating register for signal `\soc_ctrl_slave.\rvalid_r' using process `\soc_ctrl_slave.$proc$/home/chithang/pdop2/controller/src/soc_ctrl_slave.v:306$62'.
  created $adff cell `$procdff$140' with positive edge clock and positive level reset.
Creating register for signal `\soc_ctrl_slave.\rdata_r' using process `\soc_ctrl_slave.$proc$/home/chithang/pdop2/controller/src/soc_ctrl_slave.v:306$62'.
  created $adff cell `$procdff$145' with positive edge clock and positive level reset.
Creating register for signal `\soc_ctrl_slave.\ar_id_lat' using process `\soc_ctrl_slave.$proc$/home/chithang/pdop2/controller/src/soc_ctrl_slave.v:295$58'.
  created $adff cell `$procdff$150' with positive edge clock and positive level reset.
Creating register for signal `\soc_ctrl_slave.\ar_addr_lat' using process `\soc_ctrl_slave.$proc$/home/chithang/pdop2/controller/src/soc_ctrl_slave.v:295$58'.
  created $adff cell `$procdff$155' with positive edge clock and positive level reset.
Creating register for signal `\soc_ctrl_slave.\ar_done' using process `\soc_ctrl_slave.$proc$/home/chithang/pdop2/controller/src/soc_ctrl_slave.v:295$58'.
  created $adff cell `$procdff$160' with positive edge clock and positive level reset.
Creating register for signal `\soc_ctrl_slave.\bvalid_r' using process `\soc_ctrl_slave.$proc$/home/chithang/pdop2/controller/src/soc_ctrl_slave.v:248$51'.
  created $adff cell `$procdff$165' with positive edge clock and positive level reset.
Creating register for signal `\soc_ctrl_slave.\bresp_r' using process `\soc_ctrl_slave.$proc$/home/chithang/pdop2/controller/src/soc_ctrl_slave.v:248$51'.
  created $adff cell `$procdff$170' with positive edge clock and positive level reset.
Creating register for signal `\soc_ctrl_slave.\w_done' using process `\soc_ctrl_slave.$proc$/home/chithang/pdop2/controller/src/soc_ctrl_slave.v:236$47'.
  created $adff cell `$procdff$175' with positive edge clock and positive level reset.
Creating register for signal `\soc_ctrl_slave.\w_data_lat' using process `\soc_ctrl_slave.$proc$/home/chithang/pdop2/controller/src/soc_ctrl_slave.v:236$47'.
  created $adff cell `$procdff$180' with positive edge clock and positive level reset.
Creating register for signal `\soc_ctrl_slave.\w_strb_lat' using process `\soc_ctrl_slave.$proc$/home/chithang/pdop2/controller/src/soc_ctrl_slave.v:236$47'.
  created $adff cell `$procdff$185' with positive edge clock and positive level reset.
Creating register for signal `\soc_ctrl_slave.\aw_id_lat' using process `\soc_ctrl_slave.$proc$/home/chithang/pdop2/controller/src/soc_ctrl_slave.v:224$43'.
  created $adff cell `$procdff$190' with positive edge clock and positive level reset.
Creating register for signal `\soc_ctrl_slave.\aw_addr_lat' using process `\soc_ctrl_slave.$proc$/home/chithang/pdop2/controller/src/soc_ctrl_slave.v:224$43'.
  created $adff cell `$procdff$195' with positive edge clock and positive level reset.
Creating register for signal `\soc_ctrl_slave.\aw_done' using process `\soc_ctrl_slave.$proc$/home/chithang/pdop2/controller/src/soc_ctrl_slave.v:224$43'.
  created $adff cell `$procdff$200' with positive edge clock and positive level reset.
Creating register for signal `\soc_ctrl_slave.\irq_mask_r' using process `\soc_ctrl_slave.$proc$/home/chithang/pdop2/controller/src/soc_ctrl_slave.v:205$36'.
  created $adff cell `$procdff$205' with positive edge clock and positive level reset.
Creating register for signal `\soc_ctrl_slave.\soft_rst_pending' using process `\soc_ctrl_slave.$proc$/home/chithang/pdop2/controller/src/soc_ctrl_slave.v:193$31'.
  created $adff cell `$procdff$210' with positive edge clock and positive level reset.
Creating register for signal `\soc_ctrl_slave.\cycle_cnt_r' using process `\soc_ctrl_slave.$proc$/home/chithang/pdop2/controller/src/soc_ctrl_slave.v:158$10'.
  created $adff cell `$procdff$215' with positive edge clock and positive level reset.
Creating register for signal `\soc_ctrl_slave.\irq_status_r' using process `\soc_ctrl_slave.$proc$/home/chithang/pdop2/controller/src/soc_ctrl_slave.v:143$5'.
  created $adff cell `$procdff$220' with positive edge clock and positive level reset.
Creating register for signal `\soc_ctrl_slave.\irq_prev' using process `\soc_ctrl_slave.$proc$/home/chithang/pdop2/controller/src/soc_ctrl_slave.v:143$5'.
  created $adff cell `$procdff$225' with positive edge clock and positive level reset.

17. Executing PROC_MEMWR pass (convert process memory writes to cells).

18. Executing PROC_CLEAN pass (remove empty switches from decision trees).
Found and cleaned up 2 empty switches in `\soc_ctrl_slave.$proc$/home/chithang/pdop2/controller/src/soc_ctrl_slave.v:306$62'.
Removing empty process `soc_ctrl_slave.$proc$/home/chithang/pdop2/controller/src/soc_ctrl_slave.v:306$62'.
Found and cleaned up 2 empty switches in `\soc_ctrl_slave.$proc$/home/chithang/pdop2/controller/src/soc_ctrl_slave.v:295$58'.
Removing empty process `soc_ctrl_slave.$proc$/home/chithang/pdop2/controller/src/soc_ctrl_slave.v:295$58'.
Found and cleaned up 1 empty switch in `\soc_ctrl_slave.$proc$/home/chithang/pdop2/controller/src/soc_ctrl_slave.v:278$57'.
Removing empty process `soc_ctrl_slave.$proc$/home/chithang/pdop2/controller/src/soc_ctrl_slave.v:278$57'.
Found and cleaned up 2 empty switches in `\soc_ctrl_slave.$proc$/home/chithang/pdop2/controller/src/soc_ctrl_slave.v:248$51'.
Removing empty process `soc_ctrl_slave.$proc$/home/chithang/pdop2/controller/src/soc_ctrl_slave.v:248$51'.
Found and cleaned up 2 empty switches in `\soc_ctrl_slave.$proc$/home/chithang/pdop2/controller/src/soc_ctrl_slave.v:236$47'.
Removing empty process `soc_ctrl_slave.$proc$/home/chithang/pdop2/controller/src/soc_ctrl_slave.v:236$47'.
Found and cleaned up 2 empty switches in `\soc_ctrl_slave.$proc$/home/chithang/pdop2/controller/src/soc_ctrl_slave.v:224$43'.
Removing empty process `soc_ctrl_slave.$proc$/home/chithang/pdop2/controller/src/soc_ctrl_slave.v:224$43'.
Found and cleaned up 2 empty switches in `\soc_ctrl_slave.$proc$/home/chithang/pdop2/controller/src/soc_ctrl_slave.v:216$40'.
Removing empty process `soc_ctrl_slave.$proc$/home/chithang/pdop2/controller/src/soc_ctrl_slave.v:216$40'.
Found and cleaned up 2 empty switches in `\soc_ctrl_slave.$proc$/home/chithang/pdop2/controller/src/soc_ctrl_slave.v:205$36'.
Removing empty process `soc_ctrl_slave.$proc$/home/chithang/pdop2/controller/src/soc_ctrl_slave.v:205$36'.
Found and cleaned up 2 empty switches in `\soc_ctrl_slave.$proc$/home/chithang/pdop2/controller/src/soc_ctrl_slave.v:193$31'.
Removing empty process `soc_ctrl_slave.$proc$/home/chithang/pdop2/controller/src/soc_ctrl_slave.v:193$31'.
Found and cleaned up 1 empty switch in `\soc_ctrl_slave.$proc$/home/chithang/pdop2/controller/src/soc_ctrl_slave.v:158$10'.
Removing empty process `soc_ctrl_slave.$proc$/home/chithang/pdop2/controller/src/soc_ctrl_slave.v:158$10'.
Removing empty process `soc_ctrl_slave.$proc$/home/chithang/pdop2/controller/src/soc_ctrl_slave.v:143$5'.
Cleaned up 18 empty switches.

19. Executing CHECK pass (checking for obvious problems).
Checking module soc_ctrl_slave...
Found and reported 0 problems.

20. Executing OPT_EXPR pass (perform const folding).
Optimizing module soc_ctrl_slave.
<suppressed ~38 debug messages>

21. Executing FLATTEN pass (flatten design).

22. Executing OPT_EXPR pass (perform const folding).
Optimizing module soc_ctrl_slave.

23. Executing OPT_CLEAN pass (remove unused cells and wires).
Finding unused cells or wires in module \soc_ctrl_slave..
Removed 27 unused cells and 103 unused wires.
<suppressed ~28 debug messages>

24. Executing OPT_EXPR pass (perform const folding).
Optimizing module soc_ctrl_slave.

25. Executing OPT_MERGE pass (detect identical cells).
Finding identical cells in module `\soc_ctrl_slave'.
<suppressed ~9 debug messages>
Removed a total of 3 cells.

26. Executing OPT_MUXTREE pass (detect dead branches in mux trees).
Running muxtree optimizer on module \soc_ctrl_slave..
  Creating internal representation of mux trees.
  Evaluating internal representation of mux trees.
  Analyzing evaluation results.
    dead port 2/2 on $mux $procmux$120.
Removed 1 multiplexer ports.
<suppressed ~17 debug messages>

27. Executing OPT_REDUCE pass (consolidate $*mux and $reduce_* inputs).
  Optimizing cells in module \soc_ctrl_slave.
Performed a total of 0 changes.

28. Executing OPT_MERGE pass (detect identical cells).
Finding identical cells in module `\soc_ctrl_slave'.
Removed a total of 0 cells.

29. Executing OPT_DFF pass (perform DFF optimizations).

30. Executing OPT_CLEAN pass (remove unused cells and wires).
Finding unused cells or wires in module \soc_ctrl_slave..
Removed 0 unused cells and 4 unused wires.
<suppressed ~1 debug messages>

31. Executing OPT_EXPR pass (perform const folding).
Optimizing module soc_ctrl_slave.

32. Rerunning OPT passes. (Maybe there is more to do…)

33. Executing OPT_MUXTREE pass (detect dead branches in mux trees).
Running muxtree optimizer on module \soc_ctrl_slave..
  Creating internal representation of mux trees.
  Evaluating internal representation of mux trees.
  Analyzing evaluation results.
Removed 0 multiplexer ports.
<suppressed ~17 debug messages>

34. Executing OPT_REDUCE pass (consolidate $*mux and $reduce_* inputs).
  Optimizing cells in module \soc_ctrl_slave.
Performed a total of 0 changes.

35. Executing OPT_MERGE pass (detect identical cells).
Finding identical cells in module `\soc_ctrl_slave'.
Removed a total of 0 cells.

36. Executing OPT_DFF pass (perform DFF optimizations).

37. Executing OPT_CLEAN pass (remove unused cells and wires).
Finding unused cells or wires in module \soc_ctrl_slave..

38. Executing OPT_EXPR pass (perform const folding).
Optimizing module soc_ctrl_slave.

39. Executing FSM pass (extract and optimize FSM).

39.1. Executing FSM_DETECT pass (finding FSMs in design).
Not marking soc_ctrl_slave.bresp_r as FSM state register:
    Register is connected to module port.
    Users of register don't seem to benefit from recoding.

39.2. Executing FSM_EXTRACT pass (extracting FSM from design).

39.3. Executing FSM_OPT pass (simple optimizations of FSMs).

39.4. Executing OPT_CLEAN pass (remove unused cells and wires).
Finding unused cells or wires in module \soc_ctrl_slave..

39.5. Executing FSM_OPT pass (simple optimizations of FSMs).

39.6. Executing FSM_RECODE pass (re-assigning FSM state encoding).

39.7. Executing FSM_INFO pass (dumping all available information on FSM cells).

39.8. Executing FSM_MAP pass (mapping FSMs to basic logic).

40. Executing OPT_EXPR pass (perform const folding).
Optimizing module soc_ctrl_slave.

41. Executing OPT_MERGE pass (detect identical cells).
Finding identical cells in module `\soc_ctrl_slave'.
Removed a total of 0 cells.

42. Executing OPT_MUXTREE pass (detect dead branches in mux trees).
Running muxtree optimizer on module \soc_ctrl_slave..
  Creating internal representation of mux trees.
  Evaluating internal representation of mux trees.
  Analyzing evaluation results.
Removed 0 multiplexer ports.
<suppressed ~17 debug messages>

43. Executing OPT_REDUCE pass (consolidate $*mux and $reduce_* inputs).
  Optimizing cells in module \soc_ctrl_slave.
Performed a total of 0 changes.

44. Executing OPT_MERGE pass (detect identical cells).
Finding identical cells in module `\soc_ctrl_slave'.
Removed a total of 0 cells.

45. Executing OPT_DFF pass (perform DFF optimizations).
Adding EN signal on $procdff$205 ($adff) from module soc_ctrl_slave (D = \w_data_lat [5:0], Q = \irq_mask_r).
Adding EN signal on $procdff$200 ($adff) from module soc_ctrl_slave (D = $0\aw_done[0:0], Q = \aw_done).
Adding EN signal on $procdff$195 ($adff) from module soc_ctrl_slave (D = \S_AXI_AWADDR, Q = \aw_addr_lat).
Adding EN signal on $procdff$190 ($adff) from module soc_ctrl_slave (D = \S_AXI_AWID, Q = \aw_id_lat).
Adding EN signal on $procdff$185 ($adff) from module soc_ctrl_slave (D = \S_AXI_WSTRB, Q = \w_strb_lat).
Adding EN signal on $procdff$180 ($adff) from module soc_ctrl_slave (D = \S_AXI_WDATA, Q = \w_data_lat).
Adding EN signal on $procdff$175 ($adff) from module soc_ctrl_slave (D = $0\w_done[0:0], Q = \w_done).
Adding EN signal on $procdff$170 ($adff) from module soc_ctrl_slave (D = $ternary$/home/chithang/pdop2/controller/src/soc_ctrl_slave.v:254$53_Y, Q = \bresp_r).
Adding EN signal on $procdff$165 ($adff) from module soc_ctrl_slave (D = $0\bvalid_r[0:0], Q = \bvalid_r).
Adding EN signal on $procdff$160 ($adff) from module soc_ctrl_slave (D = $0\ar_done[0:0], Q = \ar_done).
Adding EN signal on $procdff$155 ($adff) from module soc_ctrl_slave (D = \S_AXI_ARADDR, Q = \ar_addr_lat).
Adding EN signal on $procdff$150 ($adff) from module soc_ctrl_slave (D = \S_AXI_ARID, Q = \ar_id_lat).
Adding EN signal on $procdff$145 ($adff) from module soc_ctrl_slave (D = \rdata_mux, Q = \rdata_r).
Adding EN signal on $procdff$140 ($adff) from module soc_ctrl_slave (D = $0\rvalid_r[0:0], Q = \rvalid_r).

46. Executing OPT_CLEAN pass (remove unused cells and wires).
Finding unused cells or wires in module \soc_ctrl_slave..
Removed 10 unused cells and 10 unused wires.
<suppressed ~11 debug messages>

47. Executing OPT_EXPR pass (perform const folding).
Optimizing module soc_ctrl_slave.
<suppressed ~5 debug messages>

48. Rerunning OPT passes. (Maybe there is more to do…)

49. Executing OPT_MUXTREE pass (detect dead branches in mux trees).
Running muxtree optimizer on module \soc_ctrl_slave..
  Creating internal representation of mux trees.
  Evaluating internal representation of mux trees.
  Analyzing evaluation results.
Removed 0 multiplexer ports.
<suppressed ~10 debug messages>

50. Executing OPT_REDUCE pass (consolidate $*mux and $reduce_* inputs).
  Optimizing cells in module \soc_ctrl_slave.
Performed a total of 0 changes.

51. Executing OPT_MERGE pass (detect identical cells).
Finding identical cells in module `\soc_ctrl_slave'.
Removed a total of 0 cells.

52. Executing OPT_DFF pass (perform DFF optimizations).

53. Executing OPT_CLEAN pass (remove unused cells and wires).
Finding unused cells or wires in module \soc_ctrl_slave..

54. Executing OPT_EXPR pass (perform const folding).
Optimizing module soc_ctrl_slave.

55. Executing WREDUCE pass (reducing word size of cells).
Removed top 31 bits (of 32) from port B of cell soc_ctrl_slave.$add$/home/chithang/pdop2/controller/src/soc_ctrl_slave.v:164$12 ($add).
Removed top 7 bits (of 12) from port B of cell soc_ctrl_slave.$eq$/home/chithang/pdop2/controller/src/soc_ctrl_slave.v:182$14 ($eq).
Removed top 7 bits (of 12) from port B of cell soc_ctrl_slave.$eq$/home/chithang/pdop2/controller/src/soc_ctrl_slave.v:183$16 ($eq).
Removed top 7 bits (of 12) from port B of cell soc_ctrl_slave.$eq$/home/chithang/pdop2/controller/src/soc_ctrl_slave.v:184$18 ($eq).
Removed top 7 bits (of 12) from port B of cell soc_ctrl_slave.$eq$/home/chithang/pdop2/controller/src/soc_ctrl_slave.v:185$20 ($eq).
Removed top 6 bits (of 12) from port B of cell soc_ctrl_slave.$eq$/home/chithang/pdop2/controller/src/soc_ctrl_slave.v:186$22 ($eq).
Removed top 6 bits (of 12) from port B of cell soc_ctrl_slave.$eq$/home/chithang/pdop2/controller/src/soc_ctrl_slave.v:187$24 ($eq).
Removed top 6 bits (of 12) from port B of cell soc_ctrl_slave.$eq$/home/chithang/pdop2/controller/src/soc_ctrl_slave.v:188$26 ($eq).
Removed top 9 bits (of 12) from port B of cell soc_ctrl_slave.$eq$/home/chithang/pdop2/controller/src/soc_ctrl_slave.v:198$33 ($eq).
Removed top 8 bits (of 12) from port B of cell soc_ctrl_slave.$eq$/home/chithang/pdop2/controller/src/soc_ctrl_slave.v:209$38 ($eq).
Removed top 8 bits (of 12) from port B of cell soc_ctrl_slave.$eq$/home/chithang/pdop2/controller/src/soc_ctrl_slave.v:218$41 ($eq).
Removed top 6 bits (of 12) from port B of cell soc_ctrl_slave.$procmux$85_CMP0 ($eq).
Removed top 6 bits (of 12) from port B of cell soc_ctrl_slave.$procmux$86_CMP0 ($eq).
Removed top 7 bits (of 12) from port B of cell soc_ctrl_slave.$procmux$87_CMP0 ($eq).
Removed top 7 bits (of 12) from port B of cell soc_ctrl_slave.$procmux$88_CMP0 ($eq).
Removed top 7 bits (of 12) from port B of cell soc_ctrl_slave.$procmux$89_CMP0 ($eq).
Removed top 7 bits (of 12) from port B of cell soc_ctrl_slave.$procmux$90_CMP0 ($eq).
Removed top 8 bits (of 12) from port B of cell soc_ctrl_slave.$procmux$91_CMP0 ($eq).
Removed top 8 bits (of 12) from port B of cell soc_ctrl_slave.$procmux$92_CMP0 ($eq).
Removed top 20 bits (of 32) from FF cell soc_ctrl_slave.$auto$ff.cc:266:slice$246 ($adffe).
Removed top 26 bits (of 32) from FF cell soc_ctrl_slave.$auto$ff.cc:266:slice$235 ($adffe).
Removed top 3 bits (of 4) from FF cell soc_ctrl_slave.$auto$ff.cc:266:slice$234 ($adffe).
Removed top 20 bits (of 32) from FF cell soc_ctrl_slave.$auto$ff.cc:266:slice$232 ($adffe).
Removed top 26 bits (of 32) from wire soc_ctrl_slave.w_data_lat.

56. Executing PEEPOPT pass (run peephole optimizers).

57. Executing OPT_CLEAN pass (remove unused cells and wires).
Finding unused cells or wires in module \soc_ctrl_slave..
Removed 0 unused cells and 1 unused wires.
<suppressed ~1 debug messages>

58. Executing ALUMACC pass (create $alu and $macc cells).
Extracting $alu and $macc cells in module soc_ctrl_slave:
  creating $macc model for $add$/home/chithang/pdop2/controller/src/soc_ctrl_slave.v:164$12 ($add).
  creating $alu model for $macc $add$/home/chithang/pdop2/controller/src/soc_ctrl_slave.v:164$12.
  creating $alu cell for $add$/home/chithang/pdop2/controller/src/soc_ctrl_slave.v:164$12: $auto$alumacc.cc:485:replace_alu$253
  created 1 $alu and 0 $macc cells.

59. Executing SHARE pass (SAT-based resource sharing).

60. Executing OPT_EXPR pass (perform const folding).
Optimizing module soc_ctrl_slave.

61. Executing OPT_MERGE pass (detect identical cells).
Finding identical cells in module `\soc_ctrl_slave'.
Removed a total of 0 cells.

62. Executing OPT_MUXTREE pass (detect dead branches in mux trees).
Running muxtree optimizer on module \soc_ctrl_slave..
  Creating internal representation of mux trees.
  Evaluating internal representation of mux trees.
  Analyzing evaluation results.
Removed 0 multiplexer ports.
<suppressed ~10 debug messages>

63. Executing OPT_REDUCE pass (consolidate $*mux and $reduce_* inputs).
  Optimizing cells in module \soc_ctrl_slave.
Performed a total of 0 changes.

64. Executing OPT_MERGE pass (detect identical cells).
Finding identical cells in module `\soc_ctrl_slave'.
Removed a total of 0 cells.

65. Executing OPT_DFF pass (perform DFF optimizations).

66. Executing OPT_CLEAN pass (remove unused cells and wires).
Finding unused cells or wires in module \soc_ctrl_slave..

67. Executing OPT_EXPR pass (perform const folding).
Optimizing module soc_ctrl_slave.

68. Executing MEMORY pass.

68.1. Executing OPT_MEM pass (optimize memories).
Performed a total of 0 transformations.

68.2. Executing OPT_MEM_PRIORITY pass (removing unnecessary memory write priority relations).
Performed a total of 0 transformations.

68.3. Executing OPT_MEM_FEEDBACK pass (finding memory read-to-write feedback paths).

68.4. Executing MEMORY_BMUX2ROM pass (converting muxes to ROMs).

68.5. Executing MEMORY_DFF pass (merging $dff cells to $memrd).

68.6. Executing OPT_CLEAN pass (remove unused cells and wires).
Finding unused cells or wires in module \soc_ctrl_slave..

68.7. Executing MEMORY_SHARE pass (consolidating $memrd/$memwr cells).

68.8. Executing OPT_MEM_WIDEN pass (optimize memories where all ports are wide).
Performed a total of 0 transformations.

68.9. Executing OPT_CLEAN pass (remove unused cells and wires).
Finding unused cells or wires in module \soc_ctrl_slave..

68.10. Executing MEMORY_COLLECT pass (generating $mem cells).

69. Executing OPT_CLEAN pass (remove unused cells and wires).
Finding unused cells or wires in module \soc_ctrl_slave..

70. Executing OPT_EXPR pass (perform const folding).
Optimizing module soc_ctrl_slave.
<suppressed ~39 debug messages>

71. Executing OPT_MERGE pass (detect identical cells).
Finding identical cells in module `\soc_ctrl_slave'.
<suppressed ~9 debug messages>
Removed a total of 3 cells.

72. Executing OPT_DFF pass (perform DFF optimizations).

73. Executing OPT_CLEAN pass (remove unused cells and wires).
Finding unused cells or wires in module \soc_ctrl_slave..
Removed 0 unused cells and 9 unused wires.
<suppressed ~1 debug messages>

74. Executing MEMORY_MAP pass (converting memories to logic and flip-flops).

75. Executing OPT_EXPR pass (perform const folding).
Optimizing module soc_ctrl_slave.
<suppressed ~2 debug messages>

76. Executing OPT_MERGE pass (detect identical cells).
Finding identical cells in module `\soc_ctrl_slave'.
Removed a total of 0 cells.

77. Executing OPT_MUXTREE pass (detect dead branches in mux trees).
Running muxtree optimizer on module \soc_ctrl_slave..
  Creating internal representation of mux trees.
  Evaluating internal representation of mux trees.
  Analyzing evaluation results.
Removed 0 multiplexer ports.
<suppressed ~4 debug messages>

78. Executing OPT_REDUCE pass (consolidate $*mux and $reduce_* inputs).
  Optimizing cells in module \soc_ctrl_slave.
    Consolidated identical input bits for $mux cell $ternary$/home/chithang/pdop2/controller/src/soc_ctrl_slave.v:254$53:
      Old ports: A=2'00, B=2'10, Y=$ternary$/home/chithang/pdop2/controller/src/soc_ctrl_slave.v:254$53_Y
      New ports: A=1'0, B=1'1, Y=$ternary$/home/chithang/pdop2/controller/src/soc_ctrl_slave.v:254$53_Y [1]
      New connections: $ternary$/home/chithang/pdop2/controller/src/soc_ctrl_slave.v:254$53_Y [0] = 1'0
  Optimizing cells in module \soc_ctrl_slave.
Performed a total of 1 changes.

79. Executing OPT_MERGE pass (detect identical cells).
Finding identical cells in module `\soc_ctrl_slave'.
Removed a total of 0 cells.

80. Executing OPT_SHARE pass.

81. Executing OPT_DFF pass (perform DFF optimizations).

82. Executing OPT_CLEAN pass (remove unused cells and wires).
Finding unused cells or wires in module \soc_ctrl_slave..

83. Executing OPT_EXPR pass (perform const folding).
Optimizing module soc_ctrl_slave.
<suppressed ~1 debug messages>

84. Rerunning OPT passes. (Maybe there is more to do…)

85. Executing OPT_MUXTREE pass (detect dead branches in mux trees).
Running muxtree optimizer on module \soc_ctrl_slave..
  Creating internal representation of mux trees.
  Evaluating internal representation of mux trees.
  Analyzing evaluation results.
Removed 0 multiplexer ports.
<suppressed ~3 debug messages>

86. Executing OPT_REDUCE pass (consolidate $*mux and $reduce_* inputs).
  Optimizing cells in module \soc_ctrl_slave.
Performed a total of 0 changes.

87. Executing OPT_MERGE pass (detect identical cells).
Finding identical cells in module `\soc_ctrl_slave'.
Removed a total of 0 cells.

88. Executing OPT_SHARE pass.

89. Executing OPT_DFF pass (perform DFF optimizations).
Setting constant 0-bit at position 0 on $auto$ff.cc:266:slice$239 ($adffe) from module soc_ctrl_slave.

90. Executing OPT_CLEAN pass (remove unused cells and wires).
Finding unused cells or wires in module \soc_ctrl_slave..
Removed 0 unused cells and 1 unused wires.
<suppressed ~1 debug messages>

91. Executing OPT_EXPR pass (perform const folding).
Optimizing module soc_ctrl_slave.

92. Rerunning OPT passes. (Maybe there is more to do…)

93. Executing OPT_MUXTREE pass (detect dead branches in mux trees).
Running muxtree optimizer on module \soc_ctrl_slave..
  Creating internal representation of mux trees.
  Evaluating internal representation of mux trees.
  Analyzing evaluation results.
Removed 0 multiplexer ports.
<suppressed ~3 debug messages>

94. Executing OPT_REDUCE pass (consolidate $*mux and $reduce_* inputs).
  Optimizing cells in module \soc_ctrl_slave.
Performed a total of 0 changes.

95. Executing OPT_MERGE pass (detect identical cells).
Finding identical cells in module `\soc_ctrl_slave'.
Removed a total of 0 cells.

96. Executing OPT_SHARE pass.

97. Executing OPT_DFF pass (perform DFF optimizations).

98. Executing OPT_CLEAN pass (remove unused cells and wires).
Finding unused cells or wires in module \soc_ctrl_slave..

99. Executing OPT_EXPR pass (perform const folding).
Optimizing module soc_ctrl_slave.

100. Executing TECHMAP pass (map to technology primitives).

100.1. Executing Verilog-2005 frontend: /nix/store/9r0bh7sp051dpm8km8bqlb028anpd3v3-yosys/bin/../share/yosys/techmap.v
Parsing Verilog input from `/nix/store/9r0bh7sp051dpm8km8bqlb028anpd3v3-yosys/bin/../share/yosys/techmap.v' to AST representation.
Generating RTLIL representation for module `\_90_simplemap_bool_ops'.
Generating RTLIL representation for module `\_90_simplemap_reduce_ops'.
Generating RTLIL representation for module `\_90_simplemap_logic_ops'.
Generating RTLIL representation for module `\_90_simplemap_compare_ops'.
Generating RTLIL representation for module `\_90_simplemap_various'.
Generating RTLIL representation for module `\_90_simplemap_registers'.
Generating RTLIL representation for module `\_90_shift_ops_shr_shl_sshl_sshr'.
Generating RTLIL representation for module `\_90_shift_shiftx'.
Generating RTLIL representation for module `\_90_fa'.
Generating RTLIL representation for module `\_90_lcu_brent_kung'.
Generating RTLIL representation for module `\_90_alu'.
Generating RTLIL representation for module `\_90_macc'.
Generating RTLIL representation for module `\_90_alumacc'.
Generating RTLIL representation for module `\$__div_mod_u'.
Generating RTLIL representation for module `\$__div_mod_trunc'.
Generating RTLIL representation for module `\_90_div'.
Generating RTLIL representation for module `\_90_mod'.
Generating RTLIL representation for module `\$__div_mod_floor'.
Generating RTLIL representation for module `\_90_divfloor'.
Generating RTLIL representation for module `\_90_modfloor'.
Generating RTLIL representation for module `\_90_pow'.
Generating RTLIL representation for module `\_90_pmux'.
Generating RTLIL representation for module `\_90_demux'.
Generating RTLIL representation for module `\_90_lut'.
Successfully finished Verilog frontend.

100.2. Continuing TECHMAP pass.
Using extmapper simplemap for cells of type $and.
Using extmapper simplemap for cells of type $reduce_or.
Using extmapper simplemap for cells of type $not.
Using extmapper simplemap for cells of type $or.
Using extmapper simplemap for cells of type $logic_not.
Using extmapper simplemap for cells of type $eq.
Using extmapper simplemap for cells of type $logic_or.
Using extmapper simplemap for cells of type $logic_and.
Using extmapper simplemap for cells of type $adffe.
Using extmapper simplemap for cells of type $reduce_bool.
Using template $paramod$6a42b6fefed750f8a1c58eab59479d960557103c\_90_alu for cells of type $alu.
Using extmapper simplemap for cells of type $reduce_and.
Using template $paramod$80834bdd89ff0e27a02312429a7cc3a2e63489a8\_90_pmux for cells of type $pmux.
Using extmapper simplemap for cells of type $mux.
Using extmapper simplemap for cells of type $adff.
Using extmapper simplemap for cells of type $xor.
Using template $paramod\_90_lcu_brent_kung\WIDTH=32'00000000000000000000000000100000 for cells of type $lcu.
Using extmapper simplemap for cells of type $pos.
No more expansions possible.
<suppressed ~518 debug messages>

101. Executing OPT_EXPR pass (perform const folding).
Optimizing module soc_ctrl_slave.
<suppressed ~560 debug messages>

102. Executing OPT_MERGE pass (detect identical cells).
Finding identical cells in module `\soc_ctrl_slave'.
<suppressed ~498 debug messages>
Removed a total of 166 cells.

103. Executing OPT_DFF pass (perform DFF optimizations).

104. Executing OPT_CLEAN pass (remove unused cells and wires).
Finding unused cells or wires in module \soc_ctrl_slave..
Removed 36 unused cells and 342 unused wires.
<suppressed ~37 debug messages>

105. Executing OPT_EXPR pass (perform const folding).
Optimizing module soc_ctrl_slave.

106. Executing OPT_MERGE pass (detect identical cells).
Finding identical cells in module `\soc_ctrl_slave'.
Removed a total of 0 cells.

107. Executing OPT_DFF pass (perform DFF optimizations).

108. Executing OPT_CLEAN pass (remove unused cells and wires).
Finding unused cells or wires in module \soc_ctrl_slave..

109. Executing ABC pass (technology mapping using ABC).

109.1. Extracting gate netlist of module `\soc_ctrl_slave' to `<abc-temp-dir>/input.blif'..
Extracted 731 gates and 990 wires to a netlist network with 258 inputs and 89 outputs.

109.1.1. Executing ABC.
Running ABC command: "/nix/store/6l3aj1gi4lja8z5s4lan2k2cfz9mqkrz-yosys-abc/bin/abc" -s -f <abc-temp-dir>/abc.script 2>&1
ABC: ABC command line: "source <abc-temp-dir>/abc.script".
ABC: 
ABC: + read_blif <abc-temp-dir>/input.blif 
ABC: + read_library <abc-temp-dir>/stdcells.genlib 
ABC: Entered genlib library with 13 gates from file "<abc-temp-dir>/stdcells.genlib".
ABC: + strash 
ABC: + dretime 
ABC: + map 
ABC: + write_blif <abc-temp-dir>/output.blif 

109.1.2. Re-integrating ABC results.
ABC RESULTS:               MUX cells:        2
ABC RESULTS:              XNOR cells:        1
ABC RESULTS:               NOR cells:        5
ABC RESULTS:               XOR cells:       30
ABC RESULTS:               AND cells:       10
ABC RESULTS:             ORNOT cells:       22
ABC RESULTS:               NOT cells:       24
ABC RESULTS:              NAND cells:       27
ABC RESULTS:            ANDNOT cells:      370
ABC RESULTS:                OR cells:      215
ABC RESULTS:        internal signals:      643
ABC RESULTS:           input signals:      258
ABC RESULTS:          output signals:       89
Removing temp directory.

110. Executing OPT pass (performing simple optimizations).

110.1. Executing OPT_EXPR pass (perform const folding).
Optimizing module soc_ctrl_slave.

110.2. Executing OPT_MERGE pass (detect identical cells).
Finding identical cells in module `\soc_ctrl_slave'.
Removed a total of 0 cells.

110.3. Executing OPT_DFF pass (perform DFF optimizations).

110.4. Executing OPT_CLEAN pass (remove unused cells and wires).
Finding unused cells or wires in module \soc_ctrl_slave..
Removed 0 unused cells and 555 unused wires.
<suppressed ~3 debug messages>

110.5. Finished fast OPT passes.

111. Executing HIERARCHY pass (managing design hierarchy).

111.1. Analyzing design hierarchy..
Top module:  \soc_ctrl_slave

111.2. Analyzing design hierarchy..
Top module:  \soc_ctrl_slave
Removed 0 unused modules.

112. Executing CHECK pass (checking for obvious problems).
Checking module soc_ctrl_slave...
Found and reported 0 problems.

113. Printing statistics.

=== soc_ctrl_slave ===

   Number of wires:                702
   Number of wire bits:           1270
   Number of public wires:          70
   Number of public wire bits:     602
   Number of ports:                 46
   Number of port bits:            366
   Number of memories:               0
   Number of memory bits:            0
   Number of processes:              0
   Number of cells:                834
     $_ANDNOT_                     370
     $_AND_                         10
     $_DFFE_PN0P_                   83
     $_DFF_PN0_                     45
     $_MUX_                          2
     $_NAND_                        27
     $_NOR_                          5
     $_NOT_                         24
     $_ORNOT_                       22
     $_OR_                         215
     $_XNOR_                         1
     $_XOR_                         30

114. Generating Graphviz representation of design.
Writing dot description to `/home/chithang/pdop2/controller/runs/run1/07-yosys-synthesis/primitive_techmap.dot'.
Dumping module soc_ctrl_slave to page 1.

115. Executing OPT pass (performing simple optimizations).

115.1. Executing OPT_EXPR pass (perform const folding).
Optimizing module soc_ctrl_slave.

115.2. Executing OPT_MERGE pass (detect identical cells).
Finding identical cells in module `\soc_ctrl_slave'.
Removed a total of 0 cells.

115.3. Executing OPT_MUXTREE pass (detect dead branches in mux trees).
Running muxtree optimizer on module \soc_ctrl_slave..
  Creating internal representation of mux trees.
  No muxes found in this module.
Removed 0 multiplexer ports.

115.4. Executing OPT_REDUCE pass (consolidate $*mux and $reduce_* inputs).
  Optimizing cells in module \soc_ctrl_slave.
Performed a total of 0 changes.

115.5. Executing OPT_MERGE pass (detect identical cells).
Finding identical cells in module `\soc_ctrl_slave'.
Removed a total of 0 cells.

115.6. Executing OPT_DFF pass (perform DFF optimizations).

115.7. Executing OPT_CLEAN pass (remove unused cells and wires).
Finding unused cells or wires in module \soc_ctrl_slave..

115.8. Executing OPT_EXPR pass (perform const folding).
Optimizing module soc_ctrl_slave.

115.9. Finished OPT passes. (There is nothing left to do.)

116. Executing OPT_CLEAN pass (remove unused cells and wires).
Finding unused cells or wires in module \soc_ctrl_slave..
Removed 0 unused cells and 10 unused wires.
<suppressed ~10 debug messages>
{
   "creator": "Yosys 0.46 (git sha1 e97731b9dda91fa5fa53ed87df7c34163ba59a41, clang++ 17.0.6 -fPIC -O3)",
   "invocation": "stat -json -liberty /home/chithang/pdop2/controller/runs/run1/tmp/dcdd12e0852b44a3a973d3851b6642fd.lib ",
   "modules": {
      "\\soc_ctrl_slave": {
         "num_wires":         692,
         "num_wire_bits":     1195,
         "num_pub_wires":     60,
         "num_pub_wire_bits": 527,
         "num_ports":         46,
         "num_port_bits":     366,
         "num_memories":      0,
         "num_memory_bits":   0,
         "num_processes":     0,
         "num_cells":         834,
         "num_cells_by_type": {
            "$_ANDNOT_": 370,
            "$_AND_": 10,
            "$_DFFE_PN0P_": 83,
            "$_DFF_PN0_": 45,
            "$_MUX_": 2,
            "$_NAND_": 27,
            "$_NOR_": 5,
            "$_NOT_": 24,
            "$_ORNOT_": 22,
            "$_OR_": 215,
            "$_XNOR_": 1,
            "$_XOR_": 30
         }
      }
   },
      "design": {
         "num_wires":         692,
         "num_wire_bits":     1195,
         "num_pub_wires":     60,
         "num_pub_wire_bits": 527,
         "num_ports":         46,
         "num_port_bits":     366,
         "num_memories":      0,
         "num_memory_bits":   0,
         "num_processes":     0,
         "num_cells":         834,
         "num_cells_by_type": {
            "$_ANDNOT_": 370,
            "$_AND_": 10,
            "$_DFFE_PN0P_": 83,
            "$_DFF_PN0_": 45,
            "$_MUX_": 2,
            "$_NAND_": 27,
            "$_NOR_": 5,
            "$_NOT_": 24,
            "$_ORNOT_": 22,
            "$_OR_": 215,
            "$_XNOR_": 1,
            "$_XOR_": 30
         }
      }
}

117. Printing statistics.

=== soc_ctrl_slave ===

   Number of wires:                692
   Number of wire bits:           1195
   Number of public wires:          60
   Number of public wire bits:     527
   Number of ports:                 46
   Number of port bits:            366
   Number of memories:               0
   Number of memory bits:            0
   Number of processes:              0
   Number of cells:                834
     $_ANDNOT_                     370
     $_AND_                         10
     $_DFFE_PN0P_                   83
     $_DFF_PN0_                     45
     $_MUX_                          2
     $_NAND_                        27
     $_NOR_                          5
     $_NOT_                         24
     $_ORNOT_                       22
     $_OR_                         215
     $_XNOR_                         1
     $_XOR_                         30

   Area for cell type $_NOT_ is unknown!
   Area for cell type $_AND_ is unknown!
   Area for cell type $_NAND_ is unknown!
   Area for cell type $_OR_ is unknown!
   Area for cell type $_NOR_ is unknown!
   Area for cell type $_XOR_ is unknown!
   Area for cell type $_XNOR_ is unknown!
   Area for cell type $_ANDNOT_ is unknown!
   Area for cell type $_ORNOT_ is unknown!
   Area for cell type $_MUX_ is unknown!
   Area for cell type $_DFF_PN0_ is unknown!
   Area for cell type $_DFFE_PN0P_ is unknown!

[INFO] Applying tri-state buffer mapping from '/home/chithang/.volare/volare/sky130/versions/0fe599b2afb6708d281543108caf8310912f54af/sky130A/libs.tech/openlane/sky130_fd_sc_hd/tribuff_map.v'…

118. Executing TECHMAP pass (map to technology primitives).

118.1. Executing Verilog-2005 frontend: /home/chithang/.volare/volare/sky130/versions/0fe599b2afb6708d281543108caf8310912f54af/sky130A/libs.tech/openlane/sky130_fd_sc_hd/tribuff_map.v
Parsing Verilog input from `/home/chithang/.volare/volare/sky130/versions/0fe599b2afb6708d281543108caf8310912f54af/sky130A/libs.tech/openlane/sky130_fd_sc_hd/tribuff_map.v' to AST representation.
Generating RTLIL representation for module `\$_TBUF_'.
Successfully finished Verilog frontend.

118.2. Continuing TECHMAP pass.
No more expansions possible.
<suppressed ~3 debug messages>

119. Executing SIMPLEMAP pass (map simple cells to gate primitives).
[INFO] Applying latch mapping from '/home/chithang/.volare/volare/sky130/versions/0fe599b2afb6708d281543108caf8310912f54af/sky130A/libs.tech/openlane/sky130_fd_sc_hd/latch_map.v'…

120. Executing TECHMAP pass (map to technology primitives).

120.1. Executing Verilog-2005 frontend: /home/chithang/.volare/volare/sky130/versions/0fe599b2afb6708d281543108caf8310912f54af/sky130A/libs.tech/openlane/sky130_fd_sc_hd/latch_map.v
Parsing Verilog input from `/home/chithang/.volare/volare/sky130/versions/0fe599b2afb6708d281543108caf8310912f54af/sky130A/libs.tech/openlane/sky130_fd_sc_hd/latch_map.v' to AST representation.
Generating RTLIL representation for module `\$_DLATCH_P_'.
Generating RTLIL representation for module `\$_DLATCH_N_'.
Successfully finished Verilog frontend.

120.2. Continuing TECHMAP pass.
No more expansions possible.
<suppressed ~4 debug messages>

121. Executing SIMPLEMAP pass (map simple cells to gate primitives).

122. Executing DFFLIBMAP pass (mapping DFF cells to sequential cells from liberty file).
  cell sky130_fd_sc_hd__dfxtp_2 (noninv, pins=3, area=21.27) is a direct match for cell type $_DFF_P_.
  cell sky130_fd_sc_hd__dfrtp_2 (noninv, pins=4, area=26.28) is a direct match for cell type $_DFF_PN0_.
  cell sky130_fd_sc_hd__dfstp_2 (noninv, pins=4, area=26.28) is a direct match for cell type $_DFF_PN1_.
  cell sky130_fd_sc_hd__dfbbn_2 (noninv, pins=6, area=35.03) is a direct match for cell type $_DFFSR_NNN_.
  final dff cell mappings:
    unmapped dff cell: $_DFF_N_
    \sky130_fd_sc_hd__dfxtp_2 _DFF_P_ (.CLK( C), .D( D), .Q( Q));
    unmapped dff cell: $_DFF_NN0_
    unmapped dff cell: $_DFF_NN1_
    unmapped dff cell: $_DFF_NP0_
    unmapped dff cell: $_DFF_NP1_
    \sky130_fd_sc_hd__dfrtp_2 _DFF_PN0_ (.CLK( C), .D( D), .Q( Q), .RESET_B( R));
    \sky130_fd_sc_hd__dfstp_2 _DFF_PN1_ (.CLK( C), .D( D), .Q( Q), .SET_B( R));
    unmapped dff cell: $_DFF_PP0_
    unmapped dff cell: $_DFF_PP1_
    \sky130_fd_sc_hd__dfbbn_2 _DFFSR_NNN_ (.CLK_N( C), .D( D), .Q( Q), .Q_N(~Q), .RESET_B( R), .SET_B( S));
    unmapped dff cell: $_DFFSR_NNP_
    unmapped dff cell: $_DFFSR_NPN_
    unmapped dff cell: $_DFFSR_NPP_
    unmapped dff cell: $_DFFSR_PNN_
    unmapped dff cell: $_DFFSR_PNP_
    unmapped dff cell: $_DFFSR_PPN_
    unmapped dff cell: $_DFFSR_PPP_

122.1. Executing DFFLEGALIZE pass (convert FFs to types supported by the target).
Mapping DFF cells in module `\soc_ctrl_slave':
  mapped 128 $_DFF_PN0_ cells to \sky130_fd_sc_hd__dfrtp_2 cells.
{
   "creator": "Yosys 0.46 (git sha1 e97731b9dda91fa5fa53ed87df7c34163ba59a41, clang++ 17.0.6 -fPIC -O3)",
   "invocation": "stat -json -liberty /home/chithang/pdop2/controller/runs/run1/tmp/dcdd12e0852b44a3a973d3851b6642fd.lib ",
   "modules": {
      "\\soc_ctrl_slave": {
         "num_wires":         775,
         "num_wire_bits":     1278,
         "num_pub_wires":     60,
         "num_pub_wire_bits": 527,
         "num_ports":         46,
         "num_port_bits":     366,
         "num_memories":      0,
         "num_memory_bits":   0,
         "num_processes":     0,
         "num_cells":         917,
         "area":              3363.225600,
         "num_cells_by_type": {
            "$_ANDNOT_": 370,
            "$_AND_": 10,
            "$_MUX_": 85,
            "$_NAND_": 27,
            "$_NOR_": 5,
            "$_NOT_": 24,
            "$_ORNOT_": 22,
            "$_OR_": 215,
            "$_XNOR_": 1,
            "$_XOR_": 30,
            "sky130_fd_sc_hd__dfrtp_2": 128
         }
      }
   },
      "design": {
         "num_wires":         775,
         "num_wire_bits":     1278,
         "num_pub_wires":     60,
         "num_pub_wire_bits": 527,
         "num_ports":         46,
         "num_port_bits":     366,
         "num_memories":      0,
         "num_memory_bits":   0,
         "num_processes":     0,
         "num_cells":         917,
         "area":              3363.225600,
         "num_cells_by_type": {
            "$_ANDNOT_": 370,
            "$_AND_": 10,
            "$_MUX_": 85,
            "$_NAND_": 27,
            "$_NOR_": 5,
            "$_NOT_": 24,
            "$_ORNOT_": 22,
            "$_OR_": 215,
            "$_XNOR_": 1,
            "$_XOR_": 30,
            "sky130_fd_sc_hd__dfrtp_2": 128
         }
      }
}

123. Printing statistics.

=== soc_ctrl_slave ===

   Number of wires:                775
   Number of wire bits:           1278
   Number of public wires:          60
   Number of public wire bits:     527
   Number of ports:                 46
   Number of port bits:            366
   Number of memories:               0
   Number of memory bits:            0
   Number of processes:              0
   Number of cells:                917
     $_ANDNOT_                     370
     $_AND_                         10
     $_MUX_                         85
     $_NAND_                        27
     $_NOR_                          5
     $_NOT_                         24
     $_ORNOT_                       22
     $_OR_                         215
     $_XNOR_                         1
     $_XOR_                         30
     sky130_fd_sc_hd__dfrtp_2      128

   Area for cell type $_NOT_ is unknown!
   Area for cell type $_AND_ is unknown!
   Area for cell type $_NAND_ is unknown!
   Area for cell type $_OR_ is unknown!
   Area for cell type $_NOR_ is unknown!
   Area for cell type $_XOR_ is unknown!
   Area for cell type $_XNOR_ is unknown!
   Area for cell type $_ANDNOT_ is unknown!
   Area for cell type $_ORNOT_ is unknown!
   Area for cell type $_MUX_ is unknown!

   Chip area for module '\soc_ctrl_slave': 3363.225600
     of which used for sequential elements: 3363.225600 (100.00%)

[INFO] Using generated ABC script '/home/chithang/pdop2/controller/runs/run1/07-yosys-synthesis/DELAY_1.abc'…

124. Executing ABC pass (technology mapping using ABC).

124.1. Extracting gate netlist of module `\soc_ctrl_slave' to `/tmp/yosys-abc-0i1eLL/input.blif'..
Extracted 789 gates and 1127 wires to a netlist network with 338 inputs and 126 outputs.

124.1.1. Executing ABC.
Running ABC command: "/nix/store/6l3aj1gi4lja8z5s4lan2k2cfz9mqkrz-yosys-abc/bin/abc" -s -f /tmp/yosys-abc-0i1eLL/abc.script 2>&1
ABC: ABC command line: "source /tmp/yosys-abc-0i1eLL/abc.script".
ABC: 
ABC: + read_blif /tmp/yosys-abc-0i1eLL/input.blif 
ABC: + read_lib -w /home/chithang/pdop2/controller/runs/run1/tmp/dcdd12e0852b44a3a973d3851b6642fd.lib 
ABC: Parsing finished successfully.  Parsing time =     0.02 sec
ABC: Scl_LibertyReadGenlib() skipped sequential cell "sky130_fd_sc_hd__dfbbn_2".
ABC: Scl_LibertyReadGenlib() skipped sequential cell "sky130_fd_sc_hd__dfrbp_2".
ABC: Scl_LibertyReadGenlib() skipped sequential cell "sky130_fd_sc_hd__dfrtp_2".
ABC: Scl_LibertyReadGenlib() skipped sequential cell "sky130_fd_sc_hd__dfrtp_4".
ABC: Scl_LibertyReadGenlib() skipped sequential cell "sky130_fd_sc_hd__dfsbp_2".
ABC: Scl_LibertyReadGenlib() skipped sequential cell "sky130_fd_sc_hd__dfstp_2".
ABC: Scl_LibertyReadGenlib() skipped sequential cell "sky130_fd_sc_hd__dfstp_4".
ABC: Scl_LibertyReadGenlib() skipped sequential cell "sky130_fd_sc_hd__dfxbp_2".
ABC: Scl_LibertyReadGenlib() skipped sequential cell "sky130_fd_sc_hd__dfxtp_2".
ABC: Scl_LibertyReadGenlib() skipped sequential cell "sky130_fd_sc_hd__dfxtp_4".
ABC: Scl_LibertyReadGenlib() skipped sequential cell "sky130_fd_sc_hd__dlxtn_1".
ABC: Scl_LibertyReadGenlib() skipped sequential cell "sky130_fd_sc_hd__dlxtn_2".
ABC: Scl_LibertyReadGenlib() skipped sequential cell "sky130_fd_sc_hd__dlxtn_4".
ABC: Scl_LibertyReadGenlib() skipped sequential cell "sky130_fd_sc_hd__dlxtp_1".
ABC: Scl_LibertyReadGenlib() skipped three-state cell "sky130_fd_sc_hd__ebufn_2".
ABC: Scl_LibertyReadGenlib() skipped three-state cell "sky130_fd_sc_hd__ebufn_4".
ABC: Scl_LibertyReadGenlib() skipped three-state cell "sky130_fd_sc_hd__ebufn_8".
ABC: Library "sky130_fd_sc_hd__tt_025C_1v80" from "/home/chithang/pdop2/controller/runs/run1/tmp/dcdd12e0852b44a3a973d3851b6642fd.lib" has 175 cells (17 skipped: 14 seq; 3 tri-state; 0 no func; 0 dont_use).  Time =     0.04 sec
ABC: Memory =    9.54 MB. Time =     0.04 sec
ABC: Warning: Detected 2 multi-output gates (for example, "sky130_fd_sc_hd__fa_1").
ABC: + read_constr -v /home/chithang/pdop2/controller/runs/run1/07-yosys-synthesis/synthesis.abc.sdc 
ABC: Setting driving cell to be "sky130_fd_sc_hd__inv_2/Y".
ABC: Setting output load to be 33.442001.
ABC: + source /home/chithang/pdop2/controller/runs/run1/07-yosys-synthesis/DELAY_1.abc 
ABC: Error: The network is combinational.
ABC: The cell areas are multiplied by the factor: <num_fanins> ^ (0.90).
ABC: The cell delays are multiplied by the factor: <num_fanins> ^ (0.20).
ABC: Cannot find the default PI driving cell (sky130_fd_sc_hd__inv_2/Y) in the library.
ABC: WireLoad = "none"  Gates =    576 (  4.0 %)   Cap = 12.6 ff (  2.2 %)   Area =     6007.01 ( 89.1 %)   Delay =  5170.44 ps  (  8.0 %)               
ABC: Path  0 --      69 : 0    7 pi                       A =   0.00  Df =   0.0   -0.0 ps  S =   0.0 ps  Cin =  0.0 ff  Cout =  26.3 ff  Cmax =   0.0 ff  G =    0  
ABC: Path  1 --     635 : 2  109 sky130_fd_sc_hd__nor2_2  A =   6.26  Df =3492.5-2776.6 ps  S =4789.1 ps  Cin =  4.4 ff  Cout = 467.7 ff  Cmax = 141.9 ff  G =10249  
ABC: Path  2 --     642 : 3    4 sky130_fd_sc_hd__nand3_2 A =  10.01  Df =3882.4-2803.0 ps  S = 739.3 ps  Cin =  4.4 ff  Cout =  14.3 ff  Cmax = 260.0 ff  G =  303  
ABC: Path  3 --     662 : 3    7 sky130_fd_sc_hd__nor3_2  A =  10.01  Df =4613.7-3384.7 ps  S = 604.6 ps  Cin =  4.4 ff  Cout =  33.8 ff  Cmax =  92.5 ff  G =  739  
ABC: Path  4 --     663 : 4    1 sky130_fd_sc_hd__a22oi_2 A =  12.51  Df =4710.6-3335.5 ps  S = 140.5 ps  Cin =  4.3 ff  Cout =   4.5 ff  Cmax = 170.3 ff  G =  101  
ABC: Path  5 --     664 : 4    1 sky130_fd_sc_hd__a31oi_2 A =  12.51  Df =5170.4-3018.7 ps  S = 476.8 ps  Cin =  4.4 ff  Cout =  33.4 ff  Cmax = 118.1 ff  G =  760  
ABC: Start-point = pi68 (\ar_addr_lat [1]).  End-point = po44 ($auto$rtlil.cc:2739:MuxGate$3231).
ABC: netlist                       : i/o =  338/  126  lat =    0  nd =   576  edge =   1937  area =2028.17  delay =647.61  lev = 5
ABC: + write_blif /tmp/yosys-abc-0i1eLL/output.blif 

124.1.2. Re-integrating ABC results.
ABC RESULTS:   sky130_fd_sc_hd__inv_2 cells:       23
ABC RESULTS:   sky130_fd_sc_hd__a22o_2 cells:        1
ABC RESULTS:   sky130_fd_sc_hd__a221o_2 cells:        2
ABC RESULTS:   sky130_fd_sc_hd__a221oi_2 cells:        1
ABC RESULTS:   sky130_fd_sc_hd__a211oi_2 cells:        2
ABC RESULTS:   sky130_fd_sc_hd__a311oi_2 cells:        3
ABC RESULTS:   sky130_fd_sc_hd__o41a_2 cells:        1
ABC RESULTS:   sky130_fd_sc_hd__o311a_2 cells:        2
ABC RESULTS:   sky130_fd_sc_hd__o31ai_2 cells:        1
ABC RESULTS:   sky130_fd_sc_hd__and4b_2 cells:        1
ABC RESULTS:   sky130_fd_sc_hd__and3b_2 cells:        2
ABC RESULTS:   sky130_fd_sc_hd__or2_2 cells:        1
ABC RESULTS:   sky130_fd_sc_hd__nor3b_2 cells:        2
ABC RESULTS:   sky130_fd_sc_hd__and4bb_2 cells:        1
ABC RESULTS:   sky130_fd_sc_hd__nor4_2 cells:        4
ABC RESULTS:   sky130_fd_sc_hd__nor4b_2 cells:        4
ABC RESULTS:   sky130_fd_sc_hd__o211a_2 cells:        4
ABC RESULTS:   sky130_fd_sc_hd__nor3_2 cells:        8
ABC RESULTS:   sky130_fd_sc_hd__a22oi_2 cells:        1
ABC RESULTS:   sky130_fd_sc_hd__a41o_2 cells:        9
ABC RESULTS:   sky130_fd_sc_hd__o2111ai_2 cells:        1
ABC RESULTS:   sky130_fd_sc_hd__o22a_2 cells:       11
ABC RESULTS:   sky130_fd_sc_hd__o2bb2ai_2 cells:        7
ABC RESULTS:   sky130_fd_sc_hd__a2bb2oi_2 cells:        5
ABC RESULTS:   sky130_fd_sc_hd__and4_2 cells:       15
ABC RESULTS:   sky130_fd_sc_hd__o21ai_2 cells:       15
ABC RESULTS:   sky130_fd_sc_hd__a31oi_2 cells:       18
ABC RESULTS:   sky130_fd_sc_hd__nand2_2 cells:       47
ABC RESULTS:   sky130_fd_sc_hd__nand4_2 cells:      152
ABC RESULTS:   sky130_fd_sc_hd__a41oi_2 cells:       33
ABC RESULTS:   sky130_fd_sc_hd__a21oi_2 cells:       16
ABC RESULTS:   sky130_fd_sc_hd__and2_2 cells:        6
ABC RESULTS:   sky130_fd_sc_hd__o2bb2a_2 cells:        3
ABC RESULTS:   sky130_fd_sc_hd__and3_2 cells:       19
ABC RESULTS:   sky130_fd_sc_hd__nand3_2 cells:       39
ABC RESULTS:   sky130_fd_sc_hd__nor2_2 cells:       38
ABC RESULTS:   sky130_fd_sc_hd__o21bai_2 cells:        3
ABC RESULTS:   sky130_fd_sc_hd__o31a_2 cells:        2
ABC RESULTS:   sky130_fd_sc_hd__o21a_2 cells:       14
ABC RESULTS:   sky130_fd_sc_hd__a31o_2 cells:       10
ABC RESULTS:   sky130_fd_sc_hd__o21ba_2 cells:        4
ABC RESULTS:   sky130_fd_sc_hd__a21o_2 cells:        4
ABC RESULTS:   sky130_fd_sc_hd__mux2_1 cells:       40
ABC RESULTS:   sky130_fd_sc_hd__o22ai_2 cells:        1
ABC RESULTS:        internal signals:      663
ABC RESULTS:           input signals:      338
ABC RESULTS:          output signals:      126
Removing temp directory.

125. Executing SETUNDEF pass (replace undef values with defined constants).

126. Executing HILOMAP pass (mapping to constant drivers).

127. Executing SPLITNETS pass (splitting up multi-bit signals).

128. Executing OPT_CLEAN pass (remove unused cells and wires).
Finding unused cells or wires in module \soc_ctrl_slave..
Removed 43 unused cells and 1217 unused wires.
<suppressed ~121 debug messages>

129. Executing INSBUF pass (insert buffer cells for connected wires).

130. Executing CHECK pass (checking for obvious problems).
Checking module soc_ctrl_slave...
Found and reported 0 problems.
{
   "creator": "Yosys 0.46 (git sha1 e97731b9dda91fa5fa53ed87df7c34163ba59a41, clang++ 17.0.6 -fPIC -O3)",
   "invocation": "stat -json -liberty /home/chithang/pdop2/controller/runs/run1/tmp/dcdd12e0852b44a3a973d3851b6642fd.lib ",
   "modules": {
      "\\soc_ctrl_slave": {
         "num_wires":         702,
         "num_wire_bits":     1022,
         "num_pub_wires":     130,
         "num_pub_wire_bits": 450,
         "num_ports":         46,
         "num_port_bits":     366,
         "num_memories":      0,
         "num_memory_bits":   0,
         "num_processes":     0,
         "num_cells":         708,
         "area":              9385.251200,
         "num_cells_by_type": {
            "sky130_fd_sc_hd__a211oi_2": 2,
            "sky130_fd_sc_hd__a21o_2": 4,
            "sky130_fd_sc_hd__a21oi_2": 16,
            "sky130_fd_sc_hd__a221o_2": 2,
            "sky130_fd_sc_hd__a221oi_2": 1,
            "sky130_fd_sc_hd__a22o_2": 1,
            "sky130_fd_sc_hd__a22oi_2": 1,
            "sky130_fd_sc_hd__a2bb2oi_2": 5,
            "sky130_fd_sc_hd__a311oi_2": 3,
            "sky130_fd_sc_hd__a31o_2": 10,
            "sky130_fd_sc_hd__a31oi_2": 18,
            "sky130_fd_sc_hd__a41o_2": 9,
            "sky130_fd_sc_hd__a41oi_2": 33,
            "sky130_fd_sc_hd__and2_2": 6,
            "sky130_fd_sc_hd__and3_2": 19,
            "sky130_fd_sc_hd__and3b_2": 2,
            "sky130_fd_sc_hd__and4_2": 15,
            "sky130_fd_sc_hd__and4b_2": 1,
            "sky130_fd_sc_hd__and4bb_2": 1,
            "sky130_fd_sc_hd__conb_1": 4,
            "sky130_fd_sc_hd__dfrtp_2": 128,
            "sky130_fd_sc_hd__inv_2": 23,
            "sky130_fd_sc_hd__mux2_1": 40,
            "sky130_fd_sc_hd__nand2_2": 47,
            "sky130_fd_sc_hd__nand3_2": 39,
            "sky130_fd_sc_hd__nand4_2": 152,
            "sky130_fd_sc_hd__nor2_2": 38,
            "sky130_fd_sc_hd__nor3_2": 8,
            "sky130_fd_sc_hd__nor3b_2": 2,
            "sky130_fd_sc_hd__nor4_2": 4,
            "sky130_fd_sc_hd__nor4b_2": 4,
            "sky130_fd_sc_hd__o2111ai_2": 1,
            "sky130_fd_sc_hd__o211a_2": 4,
            "sky130_fd_sc_hd__o21a_2": 14,
            "sky130_fd_sc_hd__o21ai_2": 15,
            "sky130_fd_sc_hd__o21ba_2": 4,
            "sky130_fd_sc_hd__o21bai_2": 3,
            "sky130_fd_sc_hd__o22a_2": 11,
            "sky130_fd_sc_hd__o22ai_2": 1,
            "sky130_fd_sc_hd__o2bb2a_2": 3,
            "sky130_fd_sc_hd__o2bb2ai_2": 7,
            "sky130_fd_sc_hd__o311a_2": 2,
            "sky130_fd_sc_hd__o31a_2": 2,
            "sky130_fd_sc_hd__o31ai_2": 1,
            "sky130_fd_sc_hd__o41a_2": 1,
            "sky130_fd_sc_hd__or2_2": 1
         }
      }
   },
      "design": {
         "num_wires":         702,
         "num_wire_bits":     1022,
         "num_pub_wires":     130,
         "num_pub_wire_bits": 450,
         "num_ports":         46,
         "num_port_bits":     366,
         "num_memories":      0,
         "num_memory_bits":   0,
         "num_processes":     0,
         "num_cells":         708,
         "area":              9385.251200,
         "num_cells_by_type": {
            "sky130_fd_sc_hd__a211oi_2": 2,
            "sky130_fd_sc_hd__a21o_2": 4,
            "sky130_fd_sc_hd__a21oi_2": 16,
            "sky130_fd_sc_hd__a221o_2": 2,
            "sky130_fd_sc_hd__a221oi_2": 1,
            "sky130_fd_sc_hd__a22o_2": 1,
            "sky130_fd_sc_hd__a22oi_2": 1,
            "sky130_fd_sc_hd__a2bb2oi_2": 5,
            "sky130_fd_sc_hd__a311oi_2": 3,
            "sky130_fd_sc_hd__a31o_2": 10,
            "sky130_fd_sc_hd__a31oi_2": 18,
            "sky130_fd_sc_hd__a41o_2": 9,
            "sky130_fd_sc_hd__a41oi_2": 33,
            "sky130_fd_sc_hd__and2_2": 6,
            "sky130_fd_sc_hd__and3_2": 19,
            "sky130_fd_sc_hd__and3b_2": 2,
            "sky130_fd_sc_hd__and4_2": 15,
            "sky130_fd_sc_hd__and4b_2": 1,
            "sky130_fd_sc_hd__and4bb_2": 1,
            "sky130_fd_sc_hd__conb_1": 4,
            "sky130_fd_sc_hd__dfrtp_2": 128,
            "sky130_fd_sc_hd__inv_2": 23,
            "sky130_fd_sc_hd__mux2_1": 40,
            "sky130_fd_sc_hd__nand2_2": 47,
            "sky130_fd_sc_hd__nand3_2": 39,
            "sky130_fd_sc_hd__nand4_2": 152,
            "sky130_fd_sc_hd__nor2_2": 38,
            "sky130_fd_sc_hd__nor3_2": 8,
            "sky130_fd_sc_hd__nor3b_2": 2,
            "sky130_fd_sc_hd__nor4_2": 4,
            "sky130_fd_sc_hd__nor4b_2": 4,
            "sky130_fd_sc_hd__o2111ai_2": 1,
            "sky130_fd_sc_hd__o211a_2": 4,
            "sky130_fd_sc_hd__o21a_2": 14,
            "sky130_fd_sc_hd__o21ai_2": 15,
            "sky130_fd_sc_hd__o21ba_2": 4,
            "sky130_fd_sc_hd__o21bai_2": 3,
            "sky130_fd_sc_hd__o22a_2": 11,
            "sky130_fd_sc_hd__o22ai_2": 1,
            "sky130_fd_sc_hd__o2bb2a_2": 3,
            "sky130_fd_sc_hd__o2bb2ai_2": 7,
            "sky130_fd_sc_hd__o311a_2": 2,
            "sky130_fd_sc_hd__o31a_2": 2,
            "sky130_fd_sc_hd__o31ai_2": 1,
            "sky130_fd_sc_hd__o41a_2": 1,
            "sky130_fd_sc_hd__or2_2": 1
         }
      }
}

131. Printing statistics.

=== soc_ctrl_slave ===

   Number of wires:                702
   Number of wire bits:           1022
   Number of public wires:         130
   Number of public wire bits:     450
   Number of ports:                 46
   Number of port bits:            366
   Number of memories:               0
   Number of memory bits:            0
   Number of processes:              0
   Number of cells:                708
     sky130_fd_sc_hd__a211oi_2       2
     sky130_fd_sc_hd__a21o_2         4
     sky130_fd_sc_hd__a21oi_2       16
     sky130_fd_sc_hd__a221o_2        2
     sky130_fd_sc_hd__a221oi_2       1
     sky130_fd_sc_hd__a22o_2         1
     sky130_fd_sc_hd__a22oi_2        1
     sky130_fd_sc_hd__a2bb2oi_2      5
     sky130_fd_sc_hd__a311oi_2       3
     sky130_fd_sc_hd__a31o_2        10
     sky130_fd_sc_hd__a31oi_2       18
     sky130_fd_sc_hd__a41o_2         9
     sky130_fd_sc_hd__a41oi_2       33
     sky130_fd_sc_hd__and2_2         6
     sky130_fd_sc_hd__and3_2        19
     sky130_fd_sc_hd__and3b_2        2
     sky130_fd_sc_hd__and4_2        15
     sky130_fd_sc_hd__and4b_2        1
     sky130_fd_sc_hd__and4bb_2       1
     sky130_fd_sc_hd__conb_1         4
     sky130_fd_sc_hd__dfrtp_2      128
     sky130_fd_sc_hd__inv_2         23
     sky130_fd_sc_hd__mux2_1        40
     sky130_fd_sc_hd__nand2_2       47
     sky130_fd_sc_hd__nand3_2       39
     sky130_fd_sc_hd__nand4_2      152
     sky130_fd_sc_hd__nor2_2        38
     sky130_fd_sc_hd__nor3_2         8
     sky130_fd_sc_hd__nor3b_2        2
     sky130_fd_sc_hd__nor4_2         4
     sky130_fd_sc_hd__nor4b_2        4
     sky130_fd_sc_hd__o2111ai_2      1
     sky130_fd_sc_hd__o211a_2        4
     sky130_fd_sc_hd__o21a_2        14
     sky130_fd_sc_hd__o21ai_2       15
     sky130_fd_sc_hd__o21ba_2        4
     sky130_fd_sc_hd__o21bai_2       3
     sky130_fd_sc_hd__o22a_2        11
     sky130_fd_sc_hd__o22ai_2        1
     sky130_fd_sc_hd__o2bb2a_2       3
     sky130_fd_sc_hd__o2bb2ai_2      7
     sky130_fd_sc_hd__o311a_2        2
     sky130_fd_sc_hd__o31a_2         2
     sky130_fd_sc_hd__o31ai_2        1
     sky130_fd_sc_hd__o41a_2         1
     sky130_fd_sc_hd__or2_2          1

   Chip area for module '\soc_ctrl_slave': 9385.251200
     of which used for sequential elements: 3363.225600 (35.84%)

132. Executing Verilog backend.
Dumping module `\soc_ctrl_slave'.

133. Executing JSON backend.
