Clock: clk
Sources: clk 
Generated: no
Virtual: no
Propagated: no
Period: 10.000000

===========================================================================
report_clock_properties
============================================================================
Clock                   Period          Waveform
----------------------------------------------------
clk                  10.000000    0.000000  5.000000

===========================================================================
report_clock_latency
============================================================================
Clock clk
rise -> rise
    min     max
0.000000 0.000000 source latency
15.496889         network latency _18620_/CLK
        15.496889 network latency _18620_/CLK
---------------
15.496889 15.496889 latency
        0.000000 skew

fall -> fall
    min     max
0.000000 0.000000 source latency
8.547710         network latency _18620_/CLK
        8.547710 network latency _18620_/CLK
---------------
8.547710 8.547710 latency
        0.000000 skew



===========================================================================
report_clock_min_period
============================================================================
clk period_min = 57.82 fmax = 17.29
