Clock: clk
Sources: clk 
Generated: no
Virtual: no
Propagated: no
Period: 10.000000

===========================================================================
report_clock_properties
============================================================================
Clock                   Period          Waveform
----------------------------------------------------
clk                  10.000000    0.000000  5.000000

===========================================================================
report_clock_latency
============================================================================
Clock clk
rise -> rise
    min     max
0.000000 0.000000 source latency
35.462490         network latency _43608_/CLK
        35.462490 network latency _43608_/CLK
---------------
35.462490 35.462490 latency
        0.000000 skew

fall -> fall
    min     max
0.000000 0.000000 source latency
17.363907         network latency _43608_/CLK
        17.363907 network latency _43608_/CLK
---------------
17.363907 17.363907 latency
        0.000000 skew



===========================================================================
report_clock_min_period
============================================================================
clk period_min = 38.51 fmax = 25.97
