
===========================================================================
report_checks -path_delay max (Setup)
============================================================================
======================= nom_ff_n40C_1v95 Corner ===================================

Startpoint: clk_in (input port clocked by clk)
Endpoint: clk_periph (output port clocked by clk)
Path Group: clk
Path Type: max

Fanout         Cap        Slew       Delay        Time   Description
---------------------------------------------------------------------------------------------
                      0.000000    0.000000    0.000000   clock clk (rise edge)
                                  0.000000    0.000000   clock network delay (ideal)
                                  2.000000    2.000000 ^ input external delay
    26    0.049923    0.172844    0.118141    2.118141 ^ clk_in (in)
                                                         clk_in (net)
                      0.172844    0.000000    2.118141 ^ _070_/A (sky130_fd_sc_hd__and2_2)
     1    0.033442    0.135427    0.187931    2.306072 ^ _070_/X (sky130_fd_sc_hd__and2_2)
                                                         clk_periph (net)
                      0.135427    0.000000    2.306072 ^ clk_periph (out)
                                              2.306072   data arrival time

                      0.000000   10.000000   10.000000   clock clk (rise edge)
                                  0.000000   10.000000   clock network delay (ideal)
                                 -0.250000    9.750000   clock uncertainty
                                  0.000000    9.750000   clock reconvergence pessimism
                                 -2.000000    7.750000   output external delay
                                              7.750000   data required time
---------------------------------------------------------------------------------------------
                                              7.750000   data required time
                                             -2.306072   data arrival time
---------------------------------------------------------------------------------------------
                                              5.443928   slack (MET)


Startpoint: clk_in (input port clocked by clk)
Endpoint: clk_core (output port clocked by clk)
Path Group: clk
Path Type: max

Fanout         Cap        Slew       Delay        Time   Description
---------------------------------------------------------------------------------------------
                      0.000000    0.000000    0.000000   clock clk (rise edge)
                                  0.000000    0.000000   clock network delay (ideal)
                                  2.000000    2.000000 ^ input external delay
    26    0.049923    0.172844    0.118141    2.118141 ^ clk_in (in)
                                                         clk_in (net)
                      0.172844    0.000000    2.118141 ^ _068_/B (sky130_fd_sc_hd__and2_2)
     1    0.033442    0.135357    0.187494    2.305636 ^ _068_/X (sky130_fd_sc_hd__and2_2)
                                                         clk_core (net)
                      0.135357    0.000000    2.305636 ^ clk_core (out)
                                              2.305636   data arrival time

                      0.000000   10.000000   10.000000   clock clk (rise edge)
                                  0.000000   10.000000   clock network delay (ideal)
                                 -0.250000    9.750000   clock uncertainty
                                  0.000000    9.750000   clock reconvergence pessimism
                                 -2.000000    7.750000   output external delay
                                              7.750000   data required time
---------------------------------------------------------------------------------------------
                                              7.750000   data required time
                                             -2.305636   data arrival time
---------------------------------------------------------------------------------------------
                                              5.444364   slack (MET)



