
===========================================================================
report_checks -path_delay min (Hold)
============================================================================
======================= nom_ff_n40C_1v95 Corner ===================================

Startpoint: clk_in (input port clocked by clk)
Endpoint: clk_periph (output port clocked by clk)
Path Group: clk
Path Type: min

Fanout         Cap        Slew       Delay        Time   Description
---------------------------------------------------------------------------------------------
                      0.000000    0.000000    0.000000   clock clk (rise edge)
                                  0.000000    0.000000   clock network delay (ideal)
                                  2.000000    2.000000 v input external delay
    26    0.046166    0.071206    0.049971    2.049971 v clk_in (in)
                                                         clk_in (net)
                      0.071206    0.000000    2.049971 v _070_/A (sky130_fd_sc_hd__and2_2)
     1    0.033442    0.070956    0.169626    2.219597 v _070_/X (sky130_fd_sc_hd__and2_2)
                                                         clk_periph (net)
                      0.070956    0.000000    2.219597 v clk_periph (out)
                                              2.219597   data arrival time

                      0.000000    0.000000    0.000000   clock clk (rise edge)
                                  0.000000    0.000000   clock network delay (ideal)
                                  0.250000    0.250000   clock uncertainty
                                  0.000000    0.250000   clock reconvergence pessimism
                                 -2.000000   -1.750000   output external delay
                                             -1.750000   data required time
---------------------------------------------------------------------------------------------
                                             -1.750000   data required time
                                             -2.219597   data arrival time
---------------------------------------------------------------------------------------------
                                              3.969596   slack (MET)


Startpoint: clk_in (input port clocked by clk)
Endpoint: clk_core (output port clocked by clk)
Path Group: clk
Path Type: min

Fanout         Cap        Slew       Delay        Time   Description
---------------------------------------------------------------------------------------------
                      0.000000    0.000000    0.000000   clock clk (rise edge)
                                  0.000000    0.000000   clock network delay (ideal)
                                  2.000000    2.000000 v input external delay
    26    0.046166    0.071206    0.049971    2.049971 v clk_in (in)
                                                         clk_in (net)
                      0.071206    0.000000    2.049971 v _068_/B (sky130_fd_sc_hd__and2_2)
     1    0.033442    0.070788    0.183804    2.233775 v _068_/X (sky130_fd_sc_hd__and2_2)
                                                         clk_core (net)
                      0.070788    0.000000    2.233775 v clk_core (out)
                                              2.233775   data arrival time

                      0.000000    0.000000    0.000000   clock clk (rise edge)
                                  0.000000    0.000000   clock network delay (ideal)
                                  0.250000    0.250000   clock uncertainty
                                  0.000000    0.250000   clock reconvergence pessimism
                                 -2.000000   -1.750000   output external delay
                                             -1.750000   data required time
---------------------------------------------------------------------------------------------
                                             -1.750000   data required time
                                             -2.233775   data arrival time
---------------------------------------------------------------------------------------------
                                              3.983775   slack (MET)



