Clock: clk
Sources: clk 
Generated: no
Virtual: no
Propagated: no
Period: 10.000000

===========================================================================
report_clock_properties
============================================================================
Clock                   Period          Waveform
----------------------------------------------------
clk                  10.000000    0.000000  5.000000

===========================================================================
report_clock_latency
============================================================================
Clock clk
rise -> rise
    min     max
0.000000 0.000000 source latency
31.017309         network latency _17168_/CLK
        31.017309 network latency _17168_/CLK
---------------
31.017309 31.017309 latency
        0.000000 skew

fall -> fall
    min     max
0.000000 0.000000 source latency
17.277613         network latency _17168_/CLK
        17.277613 network latency _17168_/CLK
---------------
17.277613 17.277613 latency
        0.000000 skew



===========================================================================
report_clock_min_period
============================================================================
clk period_min = 14.27 fmax = 70.07
