162. Printing statistics.

=== riscv_cpu_core ===

   Number of wires:              31984
   Number of wire bits:          32142
   Number of public wires:        2437
   Number of public wire bits:    2595
   Number of ports:                 16
   Number of port bits:            174
   Number of memories:               0
   Number of memory bits:            0
   Number of processes:              0
   Number of cells:              32071
     sky130_fd_sc_hd__a2111o_2      96
     sky130_fd_sc_hd__a2111oi_2     31
     sky130_fd_sc_hd__a211o_2      211
     sky130_fd_sc_hd__a211oi_2      42
     sky130_fd_sc_hd__a211oi_4       1
     sky130_fd_sc_hd__a21bo_2      101
     sky130_fd_sc_hd__a21boi_2     227
     sky130_fd_sc_hd__a21boi_4       1
     sky130_fd_sc_hd__a21o_2       779
     sky130_fd_sc_hd__a21o_4         2
     sky130_fd_sc_hd__a21oi_2     1051
     sky130_fd_sc_hd__a21oi_4       13
     sky130_fd_sc_hd__a221o_2      667
     sky130_fd_sc_hd__a221oi_2       8
     sky130_fd_sc_hd__a22o_2       677
     sky130_fd_sc_hd__a22oi_2      247
     sky130_fd_sc_hd__a22oi_4        5
     sky130_fd_sc_hd__a2bb2o_2      80
     sky130_fd_sc_hd__a2bb2oi_2     79
     sky130_fd_sc_hd__a2bb2oi_4      4
     sky130_fd_sc_hd__a311o_2      106
     sky130_fd_sc_hd__a311oi_2      20
     sky130_fd_sc_hd__a31o_2       309
     sky130_fd_sc_hd__a31o_4        11
     sky130_fd_sc_hd__a31oi_2      184
     sky130_fd_sc_hd__a31oi_4       17
     sky130_fd_sc_hd__a32o_2       361
     sky130_fd_sc_hd__a32o_4         5
     sky130_fd_sc_hd__a32oi_2      103
     sky130_fd_sc_hd__a41o_2        56
     sky130_fd_sc_hd__a41oi_2        6
     sky130_fd_sc_hd__and2_2       185
     sky130_fd_sc_hd__and2_4         5
     sky130_fd_sc_hd__and2b_2      152
     sky130_fd_sc_hd__and3_2       800
     sky130_fd_sc_hd__and3_4        10
     sky130_fd_sc_hd__and3b_2       17
     sky130_fd_sc_hd__and4_2       175
     sky130_fd_sc_hd__and4_4         1
     sky130_fd_sc_hd__and4b_2       37
     sky130_fd_sc_hd__and4bb_2      16
     sky130_fd_sc_hd__buf_1       5893
     sky130_fd_sc_hd__buf_2       1249
     sky130_fd_sc_hd__buf_4        185
     sky130_fd_sc_hd__buf_6        129
     sky130_fd_sc_hd__bufinv_8       1
     sky130_fd_sc_hd__conb_1         1
     sky130_fd_sc_hd__dfrtp_2     1612
     sky130_fd_sc_hd__dfstp_2        4
     sky130_fd_sc_hd__dfxtp_2      836
     sky130_fd_sc_hd__inv_2       2078
     sky130_fd_sc_hd__inv_4          5
     sky130_fd_sc_hd__inv_6          1
     sky130_fd_sc_hd__mux2_2      2093
     sky130_fd_sc_hd__mux4_2        98
     sky130_fd_sc_hd__nand2_2     1576
     sky130_fd_sc_hd__nand2_4        4
     sky130_fd_sc_hd__nand2b_2       9
     sky130_fd_sc_hd__nand3_2     1357
     sky130_fd_sc_hd__nand3_4        8
     sky130_fd_sc_hd__nand3b_2     106
     sky130_fd_sc_hd__nand3b_4       8
     sky130_fd_sc_hd__nand4_2      852
     sky130_fd_sc_hd__nand4_4        6
     sky130_fd_sc_hd__nand4b_2      10
     sky130_fd_sc_hd__nand4bb_2      2
     sky130_fd_sc_hd__nor2_2       612
     sky130_fd_sc_hd__nor2_4        12
     sky130_fd_sc_hd__nor2b_2        3
     sky130_fd_sc_hd__nor3_2        39
     sky130_fd_sc_hd__nor3b_2       11
     sky130_fd_sc_hd__nor4_2        17
     sky130_fd_sc_hd__nor4b_4        1
     sky130_fd_sc_hd__o2111a_2      96
     sky130_fd_sc_hd__o2111a_4      10
     sky130_fd_sc_hd__o2111ai_2    317
     sky130_fd_sc_hd__o2111ai_4      2
     sky130_fd_sc_hd__o211a_2      303
     sky130_fd_sc_hd__o211a_4       13
     sky130_fd_sc_hd__o211ai_2     940
     sky130_fd_sc_hd__o211ai_4       7
     sky130_fd_sc_hd__o21a_2       261
     sky130_fd_sc_hd__o21ai_2     1042
     sky130_fd_sc_hd__o21ai_4       50
     sky130_fd_sc_hd__o21ba_2       64
     sky130_fd_sc_hd__o21bai_2     115
     sky130_fd_sc_hd__o21bai_4       4
     sky130_fd_sc_hd__o221a_2      158
     sky130_fd_sc_hd__o221ai_2     159
     sky130_fd_sc_hd__o22a_2       252
     sky130_fd_sc_hd__o22ai_2      182
     sky130_fd_sc_hd__o22ai_4       44
     sky130_fd_sc_hd__o2bb2a_2     103
     sky130_fd_sc_hd__o2bb2ai_2    808
     sky130_fd_sc_hd__o2bb2ai_4      3
     sky130_fd_sc_hd__o311a_2      163
     sky130_fd_sc_hd__o311a_4        3
     sky130_fd_sc_hd__o311ai_2       7
     sky130_fd_sc_hd__o311ai_4       8
     sky130_fd_sc_hd__o31a_2       112
     sky130_fd_sc_hd__o31a_4         4
     sky130_fd_sc_hd__o31ai_2       30
     sky130_fd_sc_hd__o31ai_4       14
     sky130_fd_sc_hd__o32a_2        90
     sky130_fd_sc_hd__o32ai_2        7
     sky130_fd_sc_hd__o41a_2        21
     sky130_fd_sc_hd__o41ai_2        1
     sky130_fd_sc_hd__or2_2        114
     sky130_fd_sc_hd__or2_4          7
     sky130_fd_sc_hd__or2b_2        49
     sky130_fd_sc_hd__or3_2         95
     sky130_fd_sc_hd__or3_4          7
     sky130_fd_sc_hd__or3b_2        33
     sky130_fd_sc_hd__or3b_4         1
     sky130_fd_sc_hd__or4_2        380
     sky130_fd_sc_hd__or4_4         12
     sky130_fd_sc_hd__or4b_2        96
     sky130_fd_sc_hd__or4b_4         1
     sky130_fd_sc_hd__or4bb_2       15
     sky130_fd_sc_hd__xnor2_2       61
     sky130_fd_sc_hd__xor2_2        91

   Chip area for module '\riscv_cpu_core': 308647.267200
     of which used for sequential elements: 60242.777600 (19.52%)

