Clock: clk
Sources: clk 
Generated: no
Virtual: yes
Propagated: no
Period: 8.000000

===========================================================================
report_clock_properties
============================================================================
Clock                   Period          Waveform
----------------------------------------------------
clk                   8.000000    0.000000  4.000000

===========================================================================
report_clock_latency
============================================================================
Clock clk
rise -> rise
    min     max
0.000000 0.000000 source latency
0.268364         network latency _8_/CLK
        0.269314 network latency _9_/CLK
---------------
0.268364 0.269314 latency
        0.000950 skew

fall -> fall
    min     max
0.000000 0.000000 source latency
0.277184         network latency _8_/CLK
        0.278054 network latency _9_/CLK
---------------
0.277184 0.278054 latency
        0.000871 skew



===========================================================================
report_clock_min_period
============================================================================
clk period_min = 0.00 fmax = inf
