
===========================================================================
report_checks -path_delay max (Setup)
============================================================================
======================= max_tt_025C_1v80 Corner ===================================

Startpoint: _8_ (rising edge-triggered flip-flop clocked by clk)
Endpoint: sum (output port clocked by clk)
Path Group: clk
Path Type: max

Fanout         Cap        Slew       Delay        Time   Description
---------------------------------------------------------------------------------------------
                                  0.000000    0.000000   clock clk (rise edge)
                                  0.000000    0.000000   clock source latency
     1    0.009630    0.049809    0.032969    0.032969 ^ clk (in)
                                                         clk (net)
                      0.049816    0.000000    0.032969 ^ clkbuf_0_clk/A (sky130_fd_sc_hd__clkbuf_16)
     2    0.019377    0.041304    0.126194    0.159164 ^ clkbuf_0_clk/X (sky130_fd_sc_hd__clkbuf_16)
                                                         clknet_0_clk (net)
                      0.041318    0.001179    0.160343 ^ clkbuf_1_0__f_clk/A (sky130_fd_sc_hd__clkbuf_16)
     1    0.003816    0.027664    0.107752    0.268096 ^ clkbuf_1_0__f_clk/X (sky130_fd_sc_hd__clkbuf_16)
                                                         clknet_1_0__leaf_clk (net)
                      0.027665    0.000269    0.268364 ^ _8_/CLK (sky130_fd_sc_hd__dfrtp_1)
     1    0.003565    0.043210    0.351453    0.619817 v _8_/Q (sky130_fd_sc_hd__dfrtp_1)
                                                         net6 (net)
                      0.043210    0.000232    0.620050 v output6/A (sky130_fd_sc_hd__buf_2)
     1    0.035092    0.091806    0.179873    0.799923 v output6/X (sky130_fd_sc_hd__buf_2)
                                                         sum (net)
                      0.091854    0.001919    0.801842 v sum (out)
                                              0.801842   data arrival time

                                  8.000000    8.000000   clock clk (rise edge)
                                  0.000000    8.000000   clock network delay (propagated)
                                 -0.250000    7.750000   clock uncertainty
                                  0.000000    7.750000   clock reconvergence pessimism
                                 -1.600000    6.150000   output external delay
                                              6.150000   data required time
---------------------------------------------------------------------------------------------
                                              6.150000   data required time
                                             -0.801842   data arrival time
---------------------------------------------------------------------------------------------
                                              5.348157   slack (MET)


Startpoint: _9_ (rising edge-triggered flip-flop clocked by clk)
Endpoint: cout (output port clocked by clk)
Path Group: clk
Path Type: max

Fanout         Cap        Slew       Delay        Time   Description
---------------------------------------------------------------------------------------------
                                  0.000000    0.000000   clock clk (rise edge)
                                  0.000000    0.000000   clock source latency
     1    0.009630    0.049809    0.032969    0.032969 ^ clk (in)
                                                         clk (net)
                      0.049816    0.000000    0.032969 ^ clkbuf_0_clk/A (sky130_fd_sc_hd__clkbuf_16)
     2    0.019377    0.041304    0.126194    0.159164 ^ clkbuf_0_clk/X (sky130_fd_sc_hd__clkbuf_16)
                                                         clknet_0_clk (net)
                      0.041320    0.001205    0.160369 ^ clkbuf_1_1__f_clk/A (sky130_fd_sc_hd__clkbuf_16)
     1    0.004545    0.028349    0.108618    0.268987 ^ clkbuf_1_1__f_clk/X (sky130_fd_sc_hd__clkbuf_16)
                                                         clknet_1_1__leaf_clk (net)
                      0.028350    0.000327    0.269314 ^ _9_/CLK (sky130_fd_sc_hd__dfrtp_1)
     1    0.002101    0.035423    0.340913    0.610227 v _9_/Q (sky130_fd_sc_hd__dfrtp_1)
                                                         net5 (net)
                      0.035423    0.000147    0.610375 v output5/A (sky130_fd_sc_hd__buf_2)
     1    0.034160    0.089747    0.175013    0.785387 v output5/X (sky130_fd_sc_hd__buf_2)
                                                         cout (net)
                      0.089780    0.001614    0.787002 v cout (out)
                                              0.787002   data arrival time

                                  8.000000    8.000000   clock clk (rise edge)
                                  0.000000    8.000000   clock network delay (propagated)
                                 -0.250000    7.750000   clock uncertainty
                                  0.000000    7.750000   clock reconvergence pessimism
                                 -1.600000    6.150000   output external delay
                                              6.150000   data required time
---------------------------------------------------------------------------------------------
                                              6.150000   data required time
                                             -0.787002   data arrival time
---------------------------------------------------------------------------------------------
                                              5.362998   slack (MET)


Startpoint: b (input port clocked by clk)
Endpoint: _8_ (rising edge-triggered flip-flop clocked by clk)
Path Group: clk
Path Type: max

Fanout         Cap        Slew       Delay        Time   Description
---------------------------------------------------------------------------------------------
                                  0.000000    0.000000   clock clk (rise edge)
                                  0.000000    0.000000   clock network delay (propagated)
                                  1.600000    1.600000 v input external delay
     1    0.002732    0.008459    0.004360    1.604360 v b (in)
                                                         b (net)
                      0.008465    0.000000    1.604360 v input2/A (sky130_fd_sc_hd__buf_1)
     2    0.008087    0.053941    0.096653    1.701012 v input2/X (sky130_fd_sc_hd__buf_1)
                                                         net2 (net)
                      0.053942    0.000322    1.701334 v _5_/A (sky130_fd_sc_hd__xnor2_1)
     2    0.008381    0.223933    0.232161    1.933495 ^ _5_/Y (sky130_fd_sc_hd__xnor2_1)
                                                         _2_ (net)
                      0.223934    0.000325    1.933820 ^ _7_/B (sky130_fd_sc_hd__xnor2_1)
     1    0.005271    0.162670    0.164687    2.098506 ^ _7_/Y (sky130_fd_sc_hd__xnor2_1)
                                                         sum_comb (net)
                      0.162670    0.000295    2.098801 ^ _8_/D (sky130_fd_sc_hd__dfrtp_1)
                                              2.098801   data arrival time

                                  8.000000    8.000000   clock clk (rise edge)
                                  0.000000    8.000000   clock source latency
     1    0.009630    0.049809    0.032969    8.032969 ^ clk (in)
                                                         clk (net)
                      0.049816    0.000000    8.032969 ^ clkbuf_0_clk/A (sky130_fd_sc_hd__clkbuf_16)
     2    0.019377    0.041304    0.126195    8.159164 ^ clkbuf_0_clk/X (sky130_fd_sc_hd__clkbuf_16)
                                                         clknet_0_clk (net)
                      0.041318    0.001179    8.160343 ^ clkbuf_1_0__f_clk/A (sky130_fd_sc_hd__clkbuf_16)
     1    0.003816    0.027664    0.107753    8.268096 ^ clkbuf_1_0__f_clk/X (sky130_fd_sc_hd__clkbuf_16)
                                                         clknet_1_0__leaf_clk (net)
                      0.027665    0.000268    8.268364 ^ _8_/CLK (sky130_fd_sc_hd__dfrtp_1)
                                 -0.250000    8.018364   clock uncertainty
                                  0.000000    8.018364   clock reconvergence pessimism
                                 -0.089721    7.928643   library setup time
                                              7.928643   data required time
---------------------------------------------------------------------------------------------
                                              7.928643   data required time
                                             -2.098801   data arrival time
---------------------------------------------------------------------------------------------
                                              5.829842   slack (MET)


Startpoint: b (input port clocked by clk)
Endpoint: _9_ (rising edge-triggered flip-flop clocked by clk)
Path Group: clk
Path Type: max

Fanout         Cap        Slew       Delay        Time   Description
---------------------------------------------------------------------------------------------
                                  0.000000    0.000000   clock clk (rise edge)
                                  0.000000    0.000000   clock network delay (propagated)
                                  1.600000    1.600000 v input external delay
     1    0.002732    0.008459    0.004360    1.604360 v b (in)
                                                         b (net)
                      0.008465    0.000000    1.604360 v input2/A (sky130_fd_sc_hd__buf_1)
     2    0.008087    0.053941    0.096653    1.701012 v input2/X (sky130_fd_sc_hd__buf_1)
                                                         net2 (net)
                      0.053942    0.000322    1.701334 v _5_/A (sky130_fd_sc_hd__xnor2_1)
     2    0.008381    0.223933    0.232161    1.933495 ^ _5_/Y (sky130_fd_sc_hd__xnor2_1)
                                                         _2_ (net)
                      0.223934    0.000298    1.933793 ^ _6_/A2 (sky130_fd_sc_hd__o21ai_1)
     1    0.003618    0.056180    0.091881    2.025674 v _6_/Y (sky130_fd_sc_hd__o21ai_1)
                                                         cout_comb (net)
                      0.056180    0.000153    2.025826 v _9_/D (sky130_fd_sc_hd__dfrtp_1)
                                              2.025826   data arrival time

                                  8.000000    8.000000   clock clk (rise edge)
                                  0.000000    8.000000   clock source latency
     1    0.009630    0.049809    0.032969    8.032969 ^ clk (in)
                                                         clk (net)
                      0.049816    0.000000    8.032969 ^ clkbuf_0_clk/A (sky130_fd_sc_hd__clkbuf_16)
     2    0.019377    0.041304    0.126195    8.159164 ^ clkbuf_0_clk/X (sky130_fd_sc_hd__clkbuf_16)
                                                         clknet_0_clk (net)
                      0.041320    0.001204    8.160369 ^ clkbuf_1_1__f_clk/A (sky130_fd_sc_hd__clkbuf_16)
     1    0.004545    0.028349    0.108619    8.268988 ^ clkbuf_1_1__f_clk/X (sky130_fd_sc_hd__clkbuf_16)
                                                         clknet_1_1__leaf_clk (net)
                      0.028350    0.000327    8.269315 ^ _9_/CLK (sky130_fd_sc_hd__dfrtp_1)
                                 -0.250000    8.019315   clock uncertainty
                                  0.000000    8.019315   clock reconvergence pessimism
                                 -0.122966    7.896348   library setup time
                                              7.896348   data required time
---------------------------------------------------------------------------------------------
                                              7.896348   data required time
                                             -2.025826   data arrival time
---------------------------------------------------------------------------------------------
                                              5.870522   slack (MET)


Startpoint: rst_n (input port clocked by clk)
Endpoint: _8_ (recovery check against rising-edge clock clk)
Path Group: asynchronous
Path Type: max

Fanout         Cap        Slew       Delay        Time   Description
---------------------------------------------------------------------------------------------
                                  0.000000    0.000000   clock clk (rise edge)
                                  0.000000    0.000000   clock network delay (propagated)
                                  1.600000    1.600000 ^ input external delay
     1    0.003075    0.020915    0.011325    1.611325 ^ rst_n (in)
                                                         rst_n (net)
                      0.020923    0.000000    1.611325 ^ input4/A (sky130_fd_sc_hd__buf_1)
     2    0.008762    0.110640    0.119480    1.730804 ^ input4/X (sky130_fd_sc_hd__buf_1)
                                                         net4 (net)
                      0.110642    0.000412    1.731217 ^ _8_/RESET_B (sky130_fd_sc_hd__dfrtp_1)
                                              1.731217   data arrival time

                                  8.000000    8.000000   clock clk (rise edge)
                                  0.000000    8.000000   clock source latency
     1    0.009630    0.049809    0.032969    8.032969 ^ clk (in)
                                                         clk (net)
                      0.049816    0.000000    8.032969 ^ clkbuf_0_clk/A (sky130_fd_sc_hd__clkbuf_16)
     2    0.019377    0.041304    0.126195    8.159164 ^ clkbuf_0_clk/X (sky130_fd_sc_hd__clkbuf_16)
                                                         clknet_0_clk (net)
                      0.041318    0.001179    8.160343 ^ clkbuf_1_0__f_clk/A (sky130_fd_sc_hd__clkbuf_16)
     1    0.003816    0.027664    0.107753    8.268096 ^ clkbuf_1_0__f_clk/X (sky130_fd_sc_hd__clkbuf_16)
                                                         clknet_1_0__leaf_clk (net)
                      0.027665    0.000268    8.268364 ^ _8_/CLK (sky130_fd_sc_hd__dfrtp_1)
                                 -0.250000    8.018364   clock uncertainty
                                  0.000000    8.018364   clock reconvergence pessimism
                                  0.207977    8.226340   library recovery time
                                              8.226340   data required time
---------------------------------------------------------------------------------------------
                                              8.226340   data required time
                                             -1.731217   data arrival time
---------------------------------------------------------------------------------------------
                                              6.495124   slack (MET)


Startpoint: rst_n (input port clocked by clk)
Endpoint: _9_ (recovery check against rising-edge clock clk)
Path Group: asynchronous
Path Type: max

Fanout         Cap        Slew       Delay        Time   Description
---------------------------------------------------------------------------------------------
                                  0.000000    0.000000   clock clk (rise edge)
                                  0.000000    0.000000   clock network delay (propagated)
                                  1.600000    1.600000 ^ input external delay
     1    0.003075    0.020915    0.011325    1.611325 ^ rst_n (in)
                                                         rst_n (net)
                      0.020923    0.000000    1.611325 ^ input4/A (sky130_fd_sc_hd__buf_1)
     2    0.008762    0.110640    0.119480    1.730804 ^ input4/X (sky130_fd_sc_hd__buf_1)
                                                         net4 (net)
                      0.110643    0.000446    1.731251 ^ _9_/RESET_B (sky130_fd_sc_hd__dfrtp_1)
                                              1.731251   data arrival time

                                  8.000000    8.000000   clock clk (rise edge)
                                  0.000000    8.000000   clock source latency
     1    0.009630    0.049809    0.032969    8.032969 ^ clk (in)
                                                         clk (net)
                      0.049816    0.000000    8.032969 ^ clkbuf_0_clk/A (sky130_fd_sc_hd__clkbuf_16)
     2    0.019377    0.041304    0.126195    8.159164 ^ clkbuf_0_clk/X (sky130_fd_sc_hd__clkbuf_16)
                                                         clknet_0_clk (net)
                      0.041320    0.001204    8.160369 ^ clkbuf_1_1__f_clk/A (sky130_fd_sc_hd__clkbuf_16)
     1    0.004545    0.028349    0.108619    8.268988 ^ clkbuf_1_1__f_clk/X (sky130_fd_sc_hd__clkbuf_16)
                                                         clknet_1_1__leaf_clk (net)
                      0.028350    0.000327    8.269315 ^ _9_/CLK (sky130_fd_sc_hd__dfrtp_1)
                                 -0.250000    8.019315   clock uncertainty
                                  0.000000    8.019315   clock reconvergence pessimism
                                  0.208189    8.227504   library recovery time
                                              8.227504   data required time
---------------------------------------------------------------------------------------------
                                              8.227504   data required time
                                             -1.731251   data arrival time
---------------------------------------------------------------------------------------------
                                              6.496253   slack (MET)



