============================================
Source   : dvf/fw1/tb_t1.v
Standard : default
Output   : tb_t1.vvp
============================================
--------------------------------------------
Running simulation...
--------------------------------------------
[IMEM] Loaded from firmware/fw1/program.hex
VCD info: dumpfile tb_t1.vcd opened for output.
[TB] Reset released @ 10445000 ns
[DMEM AXI] Read  burst: addr=0x10001ff0 len=4 @ 0
[DMEM AXI] Write burst: addr=0x10001ff0 len=4 @ 0
[DMEM AXI] Write data:  data=0xdeadbeef strb=1111 last=0 @ 0
[DMEM AXI] Write data:  data=0x00000000 strb=1111 last=0 @ 0
[DMEM AXI] Write data:  data=0x00000000 strb=1111 last=0 @ 0
[DMEM AXI] Write data:  data=0x10002020 strb=1111 last=1 @ 0
[DMEM AXI] Write burst: addr=0x10001ff0 len=4 @ 0
[DMEM AXI] Write data:  data=0xdeadbeef strb=1111 last=0 @ 0
[DMEM AXI] Write data:  data=0x00000000 strb=1111 last=0 @ 0
[DMEM AXI] Write data:  data=0x00000000 strb=1111 last=0 @ 0
[DMEM AXI] Write data:  data=0x10002020 strb=1111 last=1 @ 0
[DMEM AXI] Read  data:  data=0x00000000 last=0 @ 0
[DMEM AXI] Read  data:  data=0x00000000 last=0 @ 0
[DMEM AXI] Read  data:  data=0x00000000 last=0 @ 0
[DMEM AXI] Read  data:  data=0x10002020 last=1 @ 0
[STATUS-T1] @1024 cy | s2_w=0 | DECERR=0 | pc=0x00000358 | dma_len=8 | soft_rst=0
[STATUS-T1] @2048 cy | s2_w=0 | DECERR=0 | pc=0x00000358 | dma_len=8 | soft_rst=0
[STATUS-T1] @3072 cy | s2_w=0 | DECERR=0 | pc=0x00000358 | dma_len=8 | soft_rst=0
[STATUS-T1] @4096 cy | s2_w=0 | DECERR=0 | pc=0x00000358 | dma_len=8 | soft_rst=0

[TIMEOUT-T1] === TIMEOUT sau 5000 cycles ===
[TIMEOUT-T1] s2_write_count  = 0
[TIMEOUT-T1] s2_decerr_count = 0
[TIMEOUT-T1] cpu_pc          = 0x00000358
[TIMEOUT-T1] ascon_reg_dma_len = 8
[TIMEOUT-T1] ascon_reg_dma_src = 0x00000000
[TIMEOUT-T1] ascon_reg_dma_dst = 0x00000000
[TIMEOUT-T1] ascon_soft_rst    = 0
[TIMEOUT-T1] ascon_irq_wire    = 0
[TIMEOUT-T1] plic_meip         = 0

[DIAG-T1] CPU chưa reach ASCON write (s2_write_count=0).
[DIAG-T1] cpu_pc=00000358 — CPU đang kẹt ở đây.
[DIAG-T1] Nguyên nhân thường gặp:
[DIAG-T1]   1) Firmware compile sai (sai hex path?)
[DIAG-T1]   2) Trap handler bị gọi sớm (exception trước main)
[DIAG-T1]   3) Linker .bss overflow → stack corrupt → trap
[DIAG-T1]   4) IMEM_INIT_FILE path sai hoặc hex rỗng
[TIMEOUT-T1] PASS=0 FAIL=0
dvf/fw1/tb_t1.v:236: $finish called at 70425000 (1ps)
--------------------------------------------
Done.
============================================
