
===========================================================================
report_checks -unconstrained
===========================================================================
======================= min_tt_025C_1v80 Corner ===================================

Startpoint: rst_n (input port clocked by clk)
Endpoint: _8_ (recovery check against rising-edge clock clk)
Path Group: asynchronous
Path Type: max

Fanout         Cap        Slew       Delay        Time   Description
---------------------------------------------------------------------------------------------
                                  0.000000    0.000000   clock clk (rise edge)
                                  0.000000    0.000000   clock network delay (propagated)
                                  1.600000    1.600000 ^ input external delay
     1    0.002946    0.020358    0.010808    1.610808 ^ rst_n (in)
                                                         rst_n (net)
                      0.020358    0.000000    1.610808 ^ input4/A (sky130_fd_sc_hd__buf_1)
     2    0.008497    0.107599    0.117427    1.728235 ^ input4/X (sky130_fd_sc_hd__buf_1)
                                                         net4 (net)
                      0.107599    0.000058    1.728293 ^ _8_/RESET_B (sky130_fd_sc_hd__dfrtp_1)
                                              1.728293   data arrival time

                                  8.000000    8.000000   clock clk (rise edge)
                                  0.000000    8.000000   clock source latency
     1    0.009335    0.048451    0.031852    8.031852 ^ clk (in)
                                                         clk (net)
                      0.048451    0.000000    8.031852 ^ clkbuf_0_clk/A (sky130_fd_sc_hd__clkbuf_16)
     2    0.018736    0.040769    0.125466    8.157318 ^ clkbuf_0_clk/X (sky130_fd_sc_hd__clkbuf_16)
                                                         clknet_0_clk (net)
                      0.040769    0.000196    8.157514 ^ clkbuf_1_0__f_clk/A (sky130_fd_sc_hd__clkbuf_16)
     1    0.003526    0.027391    0.107225    8.264739 ^ clkbuf_1_0__f_clk/X (sky130_fd_sc_hd__clkbuf_16)
                                                         clknet_1_0__leaf_clk (net)
                      0.027391    0.000049    8.264789 ^ _8_/CLK (sky130_fd_sc_hd__dfrtp_1)
                                 -0.250000    8.014789   clock uncertainty
                                  0.000000    8.014789   clock reconvergence pessimism
                                  0.208682    8.223471   library recovery time
                                              8.223471   data required time
---------------------------------------------------------------------------------------------
                                              8.223471   data required time
                                             -1.728293   data arrival time
---------------------------------------------------------------------------------------------
                                              6.495178   slack (MET)


Startpoint: _8_ (rising edge-triggered flip-flop clocked by clk)
Endpoint: sum (output port clocked by clk)
Path Group: clk
Path Type: max

Fanout         Cap        Slew       Delay        Time   Description
---------------------------------------------------------------------------------------------
                                  0.000000    0.000000   clock clk (rise edge)
                                  0.000000    0.000000   clock source latency
     1    0.009335    0.048451    0.031852    0.031852 ^ clk (in)
                                                         clk (net)
                      0.048451    0.000000    0.031852 ^ clkbuf_0_clk/A (sky130_fd_sc_hd__clkbuf_16)
     2    0.018736    0.040769    0.125465    0.157317 ^ clkbuf_0_clk/X (sky130_fd_sc_hd__clkbuf_16)
                                                         clknet_0_clk (net)
                      0.040769    0.000196    0.157514 ^ clkbuf_1_0__f_clk/A (sky130_fd_sc_hd__clkbuf_16)
     1    0.003526    0.027391    0.107226    0.264739 ^ clkbuf_1_0__f_clk/X (sky130_fd_sc_hd__clkbuf_16)
                                                         clknet_1_0__leaf_clk (net)
                      0.027391    0.000049    0.264788 ^ _8_/CLK (sky130_fd_sc_hd__dfrtp_1)
     1    0.003198    0.041224    0.348750    0.613537 v _8_/Q (sky130_fd_sc_hd__dfrtp_1)
                                                         net6 (net)
                      0.041224    0.000046    0.613583 v output6/A (sky130_fd_sc_hd__buf_2)
     1    0.034823    0.090609    0.179730    0.793314 v output6/X (sky130_fd_sc_hd__buf_2)
                                                         sum (net)
                      0.090609    0.000384    0.793697 v sum (out)
                                              0.793697   data arrival time

                                  8.000000    8.000000   clock clk (rise edge)
                                  0.000000    8.000000   clock network delay (propagated)
                                 -0.250000    7.750000   clock uncertainty
                                  0.000000    7.750000   clock reconvergence pessimism
                                 -1.600000    6.150000   output external delay
                                              6.150000   data required time
---------------------------------------------------------------------------------------------
                                              6.150000   data required time
                                             -0.793697   data arrival time
---------------------------------------------------------------------------------------------
                                              5.356303   slack (MET)




===========================================================================
report_checks --slack_max -0.01
============================================================================
======================= min_tt_025C_1v80 Corner ===================================

No paths found.


===========================================================================
 report_check_types -max_slew -max_cap -max_fanout -violators
============================================================================
======================= min_tt_025C_1v80 Corner ===================================



===========================================================================
report_parasitic_annotation -report_unannotated
============================================================================
Found 0 unannotated drivers.
Found 0 partially unannotated drivers.

===========================================================================
max slew violation count 0
max fanout violation count 0
max cap violation count 0
============================================================================

===========================================================================
check_setup -verbose -unconstrained_endpoints -multiple_clock -no_clock -no_input_delay -loops -generated_clocks
===========================================================================
