Clock: clk
Sources: clk 
Generated: no
Virtual: yes
Propagated: no
Period: 8.000000

===========================================================================
report_clock_properties
============================================================================
Clock                   Period          Waveform
----------------------------------------------------
clk                   8.000000    0.000000  4.000000

===========================================================================
report_clock_latency
============================================================================
Clock clk
rise -> rise
    min     max
0.000000 0.000000 source latency
0.264788         network latency _8_/CLK
        0.265510 network latency _9_/CLK
---------------
0.264788 0.265510 latency
        0.000722 skew

fall -> fall
    min     max
0.000000 0.000000 source latency
0.274512         network latency _8_/CLK
        0.275171 network latency _9_/CLK
---------------
0.274512 0.275171 latency
        0.000659 skew



===========================================================================
report_clock_min_period
============================================================================
clk period_min = 0.00 fmax = inf
