
===========================================================================
report_checks -path_delay min (Hold)
============================================================================
======================= min_tt_025C_1v80 Corner ===================================

Startpoint: rst_n (input port clocked by clk)
Endpoint: _9_ (removal check against rising-edge clock clk)
Path Group: asynchronous
Path Type: min

Fanout         Cap        Slew       Delay        Time   Description
---------------------------------------------------------------------------------------------
                                  0.000000    0.000000   clock clk (rise edge)
                                  0.000000    0.000000   clock network delay (propagated)
                                  1.600000    1.600000 ^ input external delay
     1    0.002946    0.020358    0.010808    1.610808 ^ rst_n (in)
                                                         rst_n (net)
                      0.020358    0.000000    1.610808 ^ input4/A (sky130_fd_sc_hd__buf_1)
     2    0.008497    0.107599    0.117427    1.728235 ^ input4/X (sky130_fd_sc_hd__buf_1)
                                                         net4 (net)
                      0.107599    0.000077    1.728312 ^ _9_/RESET_B (sky130_fd_sc_hd__dfrtp_1)
                                              1.728312   data arrival time

                                  0.000000    0.000000   clock clk (rise edge)
                                  0.000000    0.000000   clock source latency
     1    0.009335    0.048451    0.031852    0.031852 ^ clk (in)
                                                         clk (net)
                      0.048451    0.000000    0.031852 ^ clkbuf_0_clk/A (sky130_fd_sc_hd__clkbuf_16)
     2    0.018736    0.040769    0.125465    0.157317 ^ clkbuf_0_clk/X (sky130_fd_sc_hd__clkbuf_16)
                                                         clknet_0_clk (net)
                      0.040769    0.000209    0.157526 ^ clkbuf_1_1__f_clk/A (sky130_fd_sc_hd__clkbuf_16)
     1    0.004104    0.027936    0.107917    0.265444 ^ clkbuf_1_1__f_clk/X (sky130_fd_sc_hd__clkbuf_16)
                                                         clknet_1_1__leaf_clk (net)
                      0.027936    0.000066    0.265510 ^ _9_/CLK (sky130_fd_sc_hd__dfrtp_1)
                                  0.250000    0.515510   clock uncertainty
                                  0.000000    0.515510   clock reconvergence pessimism
                                  0.332825    0.848335   library removal time
                                              0.848335   data required time
---------------------------------------------------------------------------------------------
                                              0.848335   data required time
                                             -1.728312   data arrival time
---------------------------------------------------------------------------------------------
                                              0.879978   slack (MET)


Startpoint: rst_n (input port clocked by clk)
Endpoint: _8_ (removal check against rising-edge clock clk)
Path Group: asynchronous
Path Type: min

Fanout         Cap        Slew       Delay        Time   Description
---------------------------------------------------------------------------------------------
                                  0.000000    0.000000   clock clk (rise edge)
                                  0.000000    0.000000   clock network delay (propagated)
                                  1.600000    1.600000 ^ input external delay
     1    0.002946    0.020358    0.010808    1.610808 ^ rst_n (in)
                                                         rst_n (net)
                      0.020358    0.000000    1.610808 ^ input4/A (sky130_fd_sc_hd__buf_1)
     2    0.008497    0.107599    0.117427    1.728235 ^ input4/X (sky130_fd_sc_hd__buf_1)
                                                         net4 (net)
                      0.107599    0.000058    1.728293 ^ _8_/RESET_B (sky130_fd_sc_hd__dfrtp_1)
                                              1.728293   data arrival time

                                  0.000000    0.000000   clock clk (rise edge)
                                  0.000000    0.000000   clock source latency
     1    0.009335    0.048451    0.031852    0.031852 ^ clk (in)
                                                         clk (net)
                      0.048451    0.000000    0.031852 ^ clkbuf_0_clk/A (sky130_fd_sc_hd__clkbuf_16)
     2    0.018736    0.040769    0.125465    0.157317 ^ clkbuf_0_clk/X (sky130_fd_sc_hd__clkbuf_16)
                                                         clknet_0_clk (net)
                      0.040769    0.000196    0.157514 ^ clkbuf_1_0__f_clk/A (sky130_fd_sc_hd__clkbuf_16)
     1    0.003526    0.027391    0.107226    0.264739 ^ clkbuf_1_0__f_clk/X (sky130_fd_sc_hd__clkbuf_16)
                                                         clknet_1_0__leaf_clk (net)
                      0.027391    0.000049    0.264788 ^ _8_/CLK (sky130_fd_sc_hd__dfrtp_1)
                                  0.250000    0.514788   clock uncertainty
                                  0.000000    0.514788   clock reconvergence pessimism
                                  0.332676    0.847464   library removal time
                                              0.847464   data required time
---------------------------------------------------------------------------------------------
                                              0.847464   data required time
                                             -1.728293   data arrival time
---------------------------------------------------------------------------------------------
                                              0.880829   slack (MET)


Startpoint: b (input port clocked by clk)
Endpoint: _9_ (rising edge-triggered flip-flop clocked by clk)
Path Group: clk
Path Type: min

Fanout         Cap        Slew       Delay        Time   Description
---------------------------------------------------------------------------------------------
                                  0.000000    0.000000   clock clk (rise edge)
                                  0.000000    0.000000   clock network delay (propagated)
                                  1.600000    1.600000 v input external delay
     1    0.002638    0.008258    0.004146    1.604146 v b (in)
                                                         b (net)
                      0.008258    0.000000    1.604146 v input2/A (sky130_fd_sc_hd__buf_1)
     2    0.007878    0.052875    0.095793    1.699939 v input2/X (sky130_fd_sc_hd__buf_1)
                                                         net2 (net)
                      0.052875    0.000065    1.700004 v _4_/A (sky130_fd_sc_hd__nand2_1)
     1    0.003182    0.040516    0.059314    1.759318 ^ _4_/Y (sky130_fd_sc_hd__nand2_1)
                                                         _1_ (net)
                      0.040516    0.000038    1.759356 ^ _6_/B1 (sky130_fd_sc_hd__o21ai_1)
     1    0.003426    0.039978    0.057552    1.816908 v _6_/Y (sky130_fd_sc_hd__o21ai_1)
                                                         cout_comb (net)
                      0.039978    0.000037    1.816945 v _9_/D (sky130_fd_sc_hd__dfrtp_1)
                                              1.816945   data arrival time

                                  0.000000    0.000000   clock clk (rise edge)
                                  0.000000    0.000000   clock source latency
     1    0.009335    0.048451    0.031852    0.031852 ^ clk (in)
                                                         clk (net)
                      0.048451    0.000000    0.031852 ^ clkbuf_0_clk/A (sky130_fd_sc_hd__clkbuf_16)
     2    0.018736    0.040769    0.125465    0.157317 ^ clkbuf_0_clk/X (sky130_fd_sc_hd__clkbuf_16)
                                                         clknet_0_clk (net)
                      0.040769    0.000209    0.157526 ^ clkbuf_1_1__f_clk/A (sky130_fd_sc_hd__clkbuf_16)
     1    0.004104    0.027936    0.107917    0.265444 ^ clkbuf_1_1__f_clk/X (sky130_fd_sc_hd__clkbuf_16)
                                                         clknet_1_1__leaf_clk (net)
                      0.027936    0.000066    0.265510 ^ _9_/CLK (sky130_fd_sc_hd__dfrtp_1)
                                  0.250000    0.515510   clock uncertainty
                                  0.000000    0.515510   clock reconvergence pessimism
                                 -0.047623    0.467887   library hold time
                                              0.467887   data required time
---------------------------------------------------------------------------------------------
                                              0.467887   data required time
                                             -1.816945   data arrival time
---------------------------------------------------------------------------------------------
                                              1.349058   slack (MET)


Startpoint: cin (input port clocked by clk)
Endpoint: _8_ (rising edge-triggered flip-flop clocked by clk)
Path Group: clk
Path Type: min

Fanout         Cap        Slew       Delay        Time   Description
---------------------------------------------------------------------------------------------
                                  0.000000    0.000000   clock clk (rise edge)
                                  0.000000    0.000000   clock network delay (propagated)
                                  1.600000    1.600000 ^ input external delay
     1    0.002691    0.019268    0.009916    1.609916 ^ cin (in)
                                                         cin (net)
                      0.019268    0.000000    1.609916 ^ input3/A (sky130_fd_sc_hd__buf_1)
     2    0.010907    0.134928    0.135954    1.745870 ^ input3/X (sky130_fd_sc_hd__buf_1)
                                                         net3 (net)
                      0.134928    0.000147    1.746017 ^ _7_/A (sky130_fd_sc_hd__xnor2_1)
     1    0.004742    0.049363    0.099205    1.845222 v _7_/Y (sky130_fd_sc_hd__xnor2_1)
                                                         sum_comb (net)
                      0.049363    0.000083    1.845305 v _8_/D (sky130_fd_sc_hd__dfrtp_1)
                                              1.845305   data arrival time

                                  0.000000    0.000000   clock clk (rise edge)
                                  0.000000    0.000000   clock source latency
     1    0.009335    0.048451    0.031852    0.031852 ^ clk (in)
                                                         clk (net)
                      0.048451    0.000000    0.031852 ^ clkbuf_0_clk/A (sky130_fd_sc_hd__clkbuf_16)
     2    0.018736    0.040769    0.125465    0.157317 ^ clkbuf_0_clk/X (sky130_fd_sc_hd__clkbuf_16)
                                                         clknet_0_clk (net)
                      0.040769    0.000196    0.157514 ^ clkbuf_1_0__f_clk/A (sky130_fd_sc_hd__clkbuf_16)
     1    0.003526    0.027391    0.107226    0.264739 ^ clkbuf_1_0__f_clk/X (sky130_fd_sc_hd__clkbuf_16)
                                                         clknet_1_0__leaf_clk (net)
                      0.027391    0.000049    0.264788 ^ _8_/CLK (sky130_fd_sc_hd__dfrtp_1)
                                  0.250000    0.514788   clock uncertainty
                                  0.000000    0.514788   clock reconvergence pessimism
                                 -0.051569    0.463219   library hold time
                                              0.463219   data required time
---------------------------------------------------------------------------------------------
                                              0.463219   data required time
                                             -1.845305   data arrival time
---------------------------------------------------------------------------------------------
                                              1.382086   slack (MET)


Startpoint: _9_ (rising edge-triggered flip-flop clocked by clk)
Endpoint: cout (output port clocked by clk)
Path Group: clk
Path Type: min

Fanout         Cap        Slew       Delay        Time   Description
---------------------------------------------------------------------------------------------
                                  0.000000    0.000000   clock clk (rise edge)
                                  0.000000    0.000000   clock source latency
     1    0.009335    0.048451    0.031852    0.031852 ^ clk (in)
                                                         clk (net)
                      0.048451    0.000000    0.031852 ^ clkbuf_0_clk/A (sky130_fd_sc_hd__clkbuf_16)
     2    0.018736    0.040769    0.125465    0.157317 ^ clkbuf_0_clk/X (sky130_fd_sc_hd__clkbuf_16)
                                                         clknet_0_clk (net)
                      0.040769    0.000209    0.157526 ^ clkbuf_1_1__f_clk/A (sky130_fd_sc_hd__clkbuf_16)
     1    0.004104    0.027936    0.107917    0.265444 ^ clkbuf_1_1__f_clk/X (sky130_fd_sc_hd__clkbuf_16)
                                                         clknet_1_1__leaf_clk (net)
                      0.027936    0.000066    0.265510 ^ _9_/CLK (sky130_fd_sc_hd__dfrtp_1)
     1    0.002169    0.040485    0.302351    0.567861 ^ _9_/Q (sky130_fd_sc_hd__dfrtp_1)
                                                         net5 (net)
                      0.040485    0.000019    0.567880 ^ output5/A (sky130_fd_sc_hd__buf_2)
     1    0.034055    0.169110    0.195868    0.763748 ^ output5/X (sky130_fd_sc_hd__buf_2)
                                                         cout (net)
                      0.169110    0.000179    0.763927 ^ cout (out)
                                              0.763927   data arrival time

                                  0.000000    0.000000   clock clk (rise edge)
                                  0.000000    0.000000   clock network delay (propagated)
                                  0.250000    0.250000   clock uncertainty
                                  0.000000    0.250000   clock reconvergence pessimism
                                 -1.600000   -1.350000   output external delay
                                             -1.350000   data required time
---------------------------------------------------------------------------------------------
                                             -1.350000   data required time
                                             -0.763927   data arrival time
---------------------------------------------------------------------------------------------
                                              2.113927   slack (MET)


Startpoint: _8_ (rising edge-triggered flip-flop clocked by clk)
Endpoint: sum (output port clocked by clk)
Path Group: clk
Path Type: min

Fanout         Cap        Slew       Delay        Time   Description
---------------------------------------------------------------------------------------------
                                  0.000000    0.000000   clock clk (rise edge)
                                  0.000000    0.000000   clock source latency
     1    0.009335    0.048451    0.031852    0.031852 ^ clk (in)
                                                         clk (net)
                      0.048451    0.000000    0.031852 ^ clkbuf_0_clk/A (sky130_fd_sc_hd__clkbuf_16)
     2    0.018736    0.040769    0.125465    0.157317 ^ clkbuf_0_clk/X (sky130_fd_sc_hd__clkbuf_16)
                                                         clknet_0_clk (net)
                      0.040769    0.000196    0.157514 ^ clkbuf_1_0__f_clk/A (sky130_fd_sc_hd__clkbuf_16)
     1    0.003526    0.027391    0.107226    0.264739 ^ clkbuf_1_0__f_clk/X (sky130_fd_sc_hd__clkbuf_16)
                                                         clknet_1_0__leaf_clk (net)
                      0.027391    0.000049    0.264788 ^ _8_/CLK (sky130_fd_sc_hd__dfrtp_1)
     1    0.003358    0.049454    0.311986    0.576773 ^ _8_/Q (sky130_fd_sc_hd__dfrtp_1)
                                                         net6 (net)
                      0.049454    0.000049    0.576822 ^ output6/A (sky130_fd_sc_hd__buf_2)
     1    0.034823    0.172735    0.201710    0.778532 ^ output6/X (sky130_fd_sc_hd__buf_2)
                                                         sum (net)
                      0.172735    0.000384    0.778916 ^ sum (out)
                                              0.778916   data arrival time

                                  0.000000    0.000000   clock clk (rise edge)
                                  0.000000    0.000000   clock network delay (propagated)
                                  0.250000    0.250000   clock uncertainty
                                  0.000000    0.250000   clock reconvergence pessimism
                                 -1.600000   -1.350000   output external delay
                                             -1.350000   data required time
---------------------------------------------------------------------------------------------
                                             -1.350000   data required time
                                             -0.778916   data arrival time
---------------------------------------------------------------------------------------------
                                              2.128916   slack (MET)



