Reading timing models for corner min_tt_025C_1v80…
Reading cell library for the 'min_tt_025C_1v80' corner at '/home/chithang/.volare/volare/sky130/versions/0fe599b2afb6708d281543108caf8310912f54af/sky130A/libs.ref/sky130_fd_sc_hd/lib/sky130_fd_sc_hd__tt_025C_1v80.lib'…
Reading top-level netlist at '/home/chithang/pdop2/FA_reg/runs/RUN_2026-03-28_14-30-24/51-openroad-fillinsertion/FA_Reg.nl.v'…
Linking design 'FA_Reg' from netlist…
Warning: /home/chithang/pdop2/FA_reg/runs/RUN_2026-03-28_14-30-24/51-openroad-fillinsertion/FA_Reg.nl.v line 74, module sky130_fd_sc_hd__tapvpwrvgnd_1 not found. Creating black box for TAP_TAPCELL_ROW_0_20.
Warning: /home/chithang/pdop2/FA_reg/runs/RUN_2026-03-28_14-30-24/51-openroad-fillinsertion/FA_Reg.nl.v line 104, module sky130_ef_sc_hd__decap_12 not found. Creating black box for FILLER_0_3.
Warning: /home/chithang/pdop2/FA_reg/runs/RUN_2026-03-28_14-30-24/51-openroad-fillinsertion/FA_Reg.nl.v line 106, module sky130_fd_sc_hd__fill_1 not found. Creating black box for FILLER_0_27.
Warning: /home/chithang/pdop2/FA_reg/runs/RUN_2026-03-28_14-30-24/51-openroad-fillinsertion/FA_Reg.nl.v line 134, module sky130_fd_sc_hd__fill_2 not found. Creating black box for FILLER_3_57.
Reading design constraints file at '/nix/store/h0ldzjka94yryiq8yxbxmwargpnmwhx6-python3-3.11.9-env/lib/python3.11/site-packages/openlane/scripts/base.sdc'…
[INFO] Using clock clk…
[INFO] Setting output delay to: 1.6
[INFO] Setting input delay to: 1.6
[INFO] Setting load to: 0.033442
[INFO] Setting clock uncertainty to: 0.25
[INFO] Setting clock transition to: 0.1499999999999999944488848768742172978818416595458984375
[INFO] Setting timing derate to: 5%
Reading top-level design parasitics for the 'min_tt_025C_1v80' corner at '/home/chithang/pdop2/FA_reg/runs/RUN_2026-03-28_14-30-24/53-openroad-rcx/min/FA_Reg.min.spef'…
%OL_CREATE_REPORT min.rpt

===========================================================================
report_checks -path_delay min (Hold)
============================================================================
======================= min_tt_025C_1v80 Corner ===================================

Startpoint: rst_n (input port clocked by clk)
Endpoint: _9_ (removal check against rising-edge clock clk)
Path Group: asynchronous
Path Type: min

Fanout         Cap        Slew       Delay        Time   Description
---------------------------------------------------------------------------------------------
                                  0.000000    0.000000   clock clk (rise edge)
                                  0.000000    0.000000   clock network delay (propagated)
                                  1.600000    1.600000 ^ input external delay
     1    0.002946    0.020358    0.010808    1.610808 ^ rst_n (in)
                                                         rst_n (net)
                      0.020358    0.000000    1.610808 ^ input4/A (sky130_fd_sc_hd__buf_1)
     2    0.008497    0.107599    0.117427    1.728235 ^ input4/X (sky130_fd_sc_hd__buf_1)
                                                         net4 (net)
                      0.107599    0.000077    1.728312 ^ _9_/RESET_B (sky130_fd_sc_hd__dfrtp_1)
                                              1.728312   data arrival time

                                  0.000000    0.000000   clock clk (rise edge)
                                  0.000000    0.000000   clock source latency
     1    0.009335    0.048451    0.031852    0.031852 ^ clk (in)
                                                         clk (net)
                      0.048451    0.000000    0.031852 ^ clkbuf_0_clk/A (sky130_fd_sc_hd__clkbuf_16)
     2    0.018736    0.040769    0.125465    0.157317 ^ clkbuf_0_clk/X (sky130_fd_sc_hd__clkbuf_16)
                                                         clknet_0_clk (net)
                      0.040769    0.000209    0.157526 ^ clkbuf_1_1__f_clk/A (sky130_fd_sc_hd__clkbuf_16)
     1    0.004104    0.027936    0.107917    0.265444 ^ clkbuf_1_1__f_clk/X (sky130_fd_sc_hd__clkbuf_16)
                                                         clknet_1_1__leaf_clk (net)
                      0.027936    0.000066    0.265510 ^ _9_/CLK (sky130_fd_sc_hd__dfrtp_1)
                                  0.250000    0.515510   clock uncertainty
                                  0.000000    0.515510   clock reconvergence pessimism
                                  0.332825    0.848335   library removal time
                                              0.848335   data required time
---------------------------------------------------------------------------------------------
                                              0.848335   data required time
                                             -1.728312   data arrival time
---------------------------------------------------------------------------------------------
                                              0.879978   slack (MET)


Startpoint: rst_n (input port clocked by clk)
Endpoint: _8_ (removal check against rising-edge clock clk)
Path Group: asynchronous
Path Type: min

Fanout         Cap        Slew       Delay        Time   Description
---------------------------------------------------------------------------------------------
                                  0.000000    0.000000   clock clk (rise edge)
                                  0.000000    0.000000   clock network delay (propagated)
                                  1.600000    1.600000 ^ input external delay
     1    0.002946    0.020358    0.010808    1.610808 ^ rst_n (in)
                                                         rst_n (net)
                      0.020358    0.000000    1.610808 ^ input4/A (sky130_fd_sc_hd__buf_1)
     2    0.008497    0.107599    0.117427    1.728235 ^ input4/X (sky130_fd_sc_hd__buf_1)
                                                         net4 (net)
                      0.107599    0.000058    1.728293 ^ _8_/RESET_B (sky130_fd_sc_hd__dfrtp_1)
                                              1.728293   data arrival time

                                  0.000000    0.000000   clock clk (rise edge)
                                  0.000000    0.000000   clock source latency
     1    0.009335    0.048451    0.031852    0.031852 ^ clk (in)
                                                         clk (net)
                      0.048451    0.000000    0.031852 ^ clkbuf_0_clk/A (sky130_fd_sc_hd__clkbuf_16)
     2    0.018736    0.040769    0.125465    0.157317 ^ clkbuf_0_clk/X (sky130_fd_sc_hd__clkbuf_16)
                                                         clknet_0_clk (net)
                      0.040769    0.000196    0.157514 ^ clkbuf_1_0__f_clk/A (sky130_fd_sc_hd__clkbuf_16)
     1    0.003526    0.027391    0.107226    0.264739 ^ clkbuf_1_0__f_clk/X (sky130_fd_sc_hd__clkbuf_16)
                                                         clknet_1_0__leaf_clk (net)
                      0.027391    0.000049    0.264788 ^ _8_/CLK (sky130_fd_sc_hd__dfrtp_1)
                                  0.250000    0.514788   clock uncertainty
                                  0.000000    0.514788   clock reconvergence pessimism
                                  0.332676    0.847464   library removal time
                                              0.847464   data required time
---------------------------------------------------------------------------------------------
                                              0.847464   data required time
                                             -1.728293   data arrival time
---------------------------------------------------------------------------------------------
                                              0.880829   slack (MET)


Startpoint: b (input port clocked by clk)
Endpoint: _9_ (rising edge-triggered flip-flop clocked by clk)
Path Group: clk
Path Type: min

Fanout         Cap        Slew       Delay        Time   Description
---------------------------------------------------------------------------------------------
                                  0.000000    0.000000   clock clk (rise edge)
                                  0.000000    0.000000   clock network delay (propagated)
                                  1.600000    1.600000 v input external delay
     1    0.002638    0.008258    0.004146    1.604146 v b (in)
                                                         b (net)
                      0.008258    0.000000    1.604146 v input2/A (sky130_fd_sc_hd__buf_1)
     2    0.007878    0.052875    0.095793    1.699939 v input2/X (sky130_fd_sc_hd__buf_1)
                                                         net2 (net)
                      0.052875    0.000065    1.700004 v _4_/A (sky130_fd_sc_hd__nand2_1)
     1    0.003182    0.040516    0.059314    1.759318 ^ _4_/Y (sky130_fd_sc_hd__nand2_1)
                                                         _1_ (net)
                      0.040516    0.000038    1.759356 ^ _6_/B1 (sky130_fd_sc_hd__o21ai_1)
     1    0.003426    0.039978    0.057552    1.816908 v _6_/Y (sky130_fd_sc_hd__o21ai_1)
                                                         cout_comb (net)
                      0.039978    0.000037    1.816945 v _9_/D (sky130_fd_sc_hd__dfrtp_1)
                                              1.816945   data arrival time

                                  0.000000    0.000000   clock clk (rise edge)
                                  0.000000    0.000000   clock source latency
     1    0.009335    0.048451    0.031852    0.031852 ^ clk (in)
                                                         clk (net)
                      0.048451    0.000000    0.031852 ^ clkbuf_0_clk/A (sky130_fd_sc_hd__clkbuf_16)
     2    0.018736    0.040769    0.125465    0.157317 ^ clkbuf_0_clk/X (sky130_fd_sc_hd__clkbuf_16)
                                                         clknet_0_clk (net)
                      0.040769    0.000209    0.157526 ^ clkbuf_1_1__f_clk/A (sky130_fd_sc_hd__clkbuf_16)
     1    0.004104    0.027936    0.107917    0.265444 ^ clkbuf_1_1__f_clk/X (sky130_fd_sc_hd__clkbuf_16)
                                                         clknet_1_1__leaf_clk (net)
                      0.027936    0.000066    0.265510 ^ _9_/CLK (sky130_fd_sc_hd__dfrtp_1)
                                  0.250000    0.515510   clock uncertainty
                                  0.000000    0.515510   clock reconvergence pessimism
                                 -0.047623    0.467887   library hold time
                                              0.467887   data required time
---------------------------------------------------------------------------------------------
                                              0.467887   data required time
                                             -1.816945   data arrival time
---------------------------------------------------------------------------------------------
                                              1.349058   slack (MET)


Startpoint: cin (input port clocked by clk)
Endpoint: _8_ (rising edge-triggered flip-flop clocked by clk)
Path Group: clk
Path Type: min

Fanout         Cap        Slew       Delay        Time   Description
---------------------------------------------------------------------------------------------
                                  0.000000    0.000000   clock clk (rise edge)
                                  0.000000    0.000000   clock network delay (propagated)
                                  1.600000    1.600000 ^ input external delay
     1    0.002691    0.019268    0.009916    1.609916 ^ cin (in)
                                                         cin (net)
                      0.019268    0.000000    1.609916 ^ input3/A (sky130_fd_sc_hd__buf_1)
     2    0.010907    0.134928    0.135954    1.745870 ^ input3/X (sky130_fd_sc_hd__buf_1)
                                                         net3 (net)
                      0.134928    0.000147    1.746017 ^ _7_/A (sky130_fd_sc_hd__xnor2_1)
     1    0.004742    0.049363    0.099205    1.845222 v _7_/Y (sky130_fd_sc_hd__xnor2_1)
                                                         sum_comb (net)
                      0.049363    0.000083    1.845305 v _8_/D (sky130_fd_sc_hd__dfrtp_1)
                                              1.845305   data arrival time

                                  0.000000    0.000000   clock clk (rise edge)
                                  0.000000    0.000000   clock source latency
     1    0.009335    0.048451    0.031852    0.031852 ^ clk (in)
                                                         clk (net)
                      0.048451    0.000000    0.031852 ^ clkbuf_0_clk/A (sky130_fd_sc_hd__clkbuf_16)
     2    0.018736    0.040769    0.125465    0.157317 ^ clkbuf_0_clk/X (sky130_fd_sc_hd__clkbuf_16)
                                                         clknet_0_clk (net)
                      0.040769    0.000196    0.157514 ^ clkbuf_1_0__f_clk/A (sky130_fd_sc_hd__clkbuf_16)
     1    0.003526    0.027391    0.107226    0.264739 ^ clkbuf_1_0__f_clk/X (sky130_fd_sc_hd__clkbuf_16)
                                                         clknet_1_0__leaf_clk (net)
                      0.027391    0.000049    0.264788 ^ _8_/CLK (sky130_fd_sc_hd__dfrtp_1)
                                  0.250000    0.514788   clock uncertainty
                                  0.000000    0.514788   clock reconvergence pessimism
                                 -0.051569    0.463219   library hold time
                                              0.463219   data required time
---------------------------------------------------------------------------------------------
                                              0.463219   data required time
                                             -1.845305   data arrival time
---------------------------------------------------------------------------------------------
                                              1.382086   slack (MET)


Startpoint: _9_ (rising edge-triggered flip-flop clocked by clk)
Endpoint: cout (output port clocked by clk)
Path Group: clk
Path Type: min

Fanout         Cap        Slew       Delay        Time   Description
---------------------------------------------------------------------------------------------
                                  0.000000    0.000000   clock clk (rise edge)
                                  0.000000    0.000000   clock source latency
     1    0.009335    0.048451    0.031852    0.031852 ^ clk (in)
                                                         clk (net)
                      0.048451    0.000000    0.031852 ^ clkbuf_0_clk/A (sky130_fd_sc_hd__clkbuf_16)
     2    0.018736    0.040769    0.125465    0.157317 ^ clkbuf_0_clk/X (sky130_fd_sc_hd__clkbuf_16)
                                                         clknet_0_clk (net)
                      0.040769    0.000209    0.157526 ^ clkbuf_1_1__f_clk/A (sky130_fd_sc_hd__clkbuf_16)
     1    0.004104    0.027936    0.107917    0.265444 ^ clkbuf_1_1__f_clk/X (sky130_fd_sc_hd__clkbuf_16)
                                                         clknet_1_1__leaf_clk (net)
                      0.027936    0.000066    0.265510 ^ _9_/CLK (sky130_fd_sc_hd__dfrtp_1)
     1    0.002169    0.040485    0.302351    0.567861 ^ _9_/Q (sky130_fd_sc_hd__dfrtp_1)
                                                         net5 (net)
                      0.040485    0.000019    0.567880 ^ output5/A (sky130_fd_sc_hd__buf_2)
     1    0.034055    0.169110    0.195868    0.763748 ^ output5/X (sky130_fd_sc_hd__buf_2)
                                                         cout (net)
                      0.169110    0.000179    0.763927 ^ cout (out)
                                              0.763927   data arrival time

                                  0.000000    0.000000   clock clk (rise edge)
                                  0.000000    0.000000   clock network delay (propagated)
                                  0.250000    0.250000   clock uncertainty
                                  0.000000    0.250000   clock reconvergence pessimism
                                 -1.600000   -1.350000   output external delay
                                             -1.350000   data required time
---------------------------------------------------------------------------------------------
                                             -1.350000   data required time
                                             -0.763927   data arrival time
---------------------------------------------------------------------------------------------
                                              2.113927   slack (MET)


Startpoint: _8_ (rising edge-triggered flip-flop clocked by clk)
Endpoint: sum (output port clocked by clk)
Path Group: clk
Path Type: min

Fanout         Cap        Slew       Delay        Time   Description
---------------------------------------------------------------------------------------------
                                  0.000000    0.000000   clock clk (rise edge)
                                  0.000000    0.000000   clock source latency
     1    0.009335    0.048451    0.031852    0.031852 ^ clk (in)
                                                         clk (net)
                      0.048451    0.000000    0.031852 ^ clkbuf_0_clk/A (sky130_fd_sc_hd__clkbuf_16)
     2    0.018736    0.040769    0.125465    0.157317 ^ clkbuf_0_clk/X (sky130_fd_sc_hd__clkbuf_16)
                                                         clknet_0_clk (net)
                      0.040769    0.000196    0.157514 ^ clkbuf_1_0__f_clk/A (sky130_fd_sc_hd__clkbuf_16)
     1    0.003526    0.027391    0.107226    0.264739 ^ clkbuf_1_0__f_clk/X (sky130_fd_sc_hd__clkbuf_16)
                                                         clknet_1_0__leaf_clk (net)
                      0.027391    0.000049    0.264788 ^ _8_/CLK (sky130_fd_sc_hd__dfrtp_1)
     1    0.003358    0.049454    0.311986    0.576773 ^ _8_/Q (sky130_fd_sc_hd__dfrtp_1)
                                                         net6 (net)
                      0.049454    0.000049    0.576822 ^ output6/A (sky130_fd_sc_hd__buf_2)
     1    0.034823    0.172735    0.201710    0.778532 ^ output6/X (sky130_fd_sc_hd__buf_2)
                                                         sum (net)
                      0.172735    0.000384    0.778916 ^ sum (out)
                                              0.778916   data arrival time

                                  0.000000    0.000000   clock clk (rise edge)
                                  0.000000    0.000000   clock network delay (propagated)
                                  0.250000    0.250000   clock uncertainty
                                  0.000000    0.250000   clock reconvergence pessimism
                                 -1.600000   -1.350000   output external delay
                                             -1.350000   data required time
---------------------------------------------------------------------------------------------
                                             -1.350000   data required time
                                             -0.778916   data arrival time
---------------------------------------------------------------------------------------------
                                              2.128916   slack (MET)



%OL_END_REPORT
%OL_CREATE_REPORT max.rpt

===========================================================================
report_checks -path_delay max (Setup)
============================================================================
======================= min_tt_025C_1v80 Corner ===================================

Startpoint: _8_ (rising edge-triggered flip-flop clocked by clk)
Endpoint: sum (output port clocked by clk)
Path Group: clk
Path Type: max

Fanout         Cap        Slew       Delay        Time   Description
---------------------------------------------------------------------------------------------
                                  0.000000    0.000000   clock clk (rise edge)
                                  0.000000    0.000000   clock source latency
     1    0.009335    0.048451    0.031852    0.031852 ^ clk (in)
                                                         clk (net)
                      0.048451    0.000000    0.031852 ^ clkbuf_0_clk/A (sky130_fd_sc_hd__clkbuf_16)
     2    0.018736    0.040769    0.125465    0.157317 ^ clkbuf_0_clk/X (sky130_fd_sc_hd__clkbuf_16)
                                                         clknet_0_clk (net)
                      0.040769    0.000196    0.157514 ^ clkbuf_1_0__f_clk/A (sky130_fd_sc_hd__clkbuf_16)
     1    0.003526    0.027391    0.107226    0.264739 ^ clkbuf_1_0__f_clk/X (sky130_fd_sc_hd__clkbuf_16)
                                                         clknet_1_0__leaf_clk (net)
                      0.027391    0.000049    0.264788 ^ _8_/CLK (sky130_fd_sc_hd__dfrtp_1)
     1    0.003198    0.041224    0.348750    0.613537 v _8_/Q (sky130_fd_sc_hd__dfrtp_1)
                                                         net6 (net)
                      0.041224    0.000046    0.613583 v output6/A (sky130_fd_sc_hd__buf_2)
     1    0.034823    0.090609    0.179730    0.793314 v output6/X (sky130_fd_sc_hd__buf_2)
                                                         sum (net)
                      0.090609    0.000384    0.793697 v sum (out)
                                              0.793697   data arrival time

                                  8.000000    8.000000   clock clk (rise edge)
                                  0.000000    8.000000   clock network delay (propagated)
                                 -0.250000    7.750000   clock uncertainty
                                  0.000000    7.750000   clock reconvergence pessimism
                                 -1.600000    6.150000   output external delay
                                              6.150000   data required time
---------------------------------------------------------------------------------------------
                                              6.150000   data required time
                                             -0.793697   data arrival time
---------------------------------------------------------------------------------------------
                                              5.356303   slack (MET)


Startpoint: _9_ (rising edge-triggered flip-flop clocked by clk)
Endpoint: cout (output port clocked by clk)
Path Group: clk
Path Type: max

Fanout         Cap        Slew       Delay        Time   Description
---------------------------------------------------------------------------------------------
                                  0.000000    0.000000   clock clk (rise edge)
                                  0.000000    0.000000   clock source latency
     1    0.009335    0.048451    0.031852    0.031852 ^ clk (in)
                                                         clk (net)
                      0.048451    0.000000    0.031852 ^ clkbuf_0_clk/A (sky130_fd_sc_hd__clkbuf_16)
     2    0.018736    0.040769    0.125465    0.157317 ^ clkbuf_0_clk/X (sky130_fd_sc_hd__clkbuf_16)
                                                         clknet_0_clk (net)
                      0.040769    0.000209    0.157526 ^ clkbuf_1_1__f_clk/A (sky130_fd_sc_hd__clkbuf_16)
     1    0.004104    0.027936    0.107917    0.265444 ^ clkbuf_1_1__f_clk/X (sky130_fd_sc_hd__clkbuf_16)
                                                         clknet_1_1__leaf_clk (net)
                      0.027936    0.000066    0.265510 ^ _9_/CLK (sky130_fd_sc_hd__dfrtp_1)
     1    0.002009    0.035104    0.340120    0.605630 v _9_/Q (sky130_fd_sc_hd__dfrtp_1)
                                                         net5 (net)
                      0.035104    0.000017    0.605647 v output5/A (sky130_fd_sc_hd__buf_2)
     1    0.034055    0.088907    0.175821    0.781469 v output5/X (sky130_fd_sc_hd__buf_2)
                                                         cout (net)
                      0.088907    0.000179    0.781648 v cout (out)
                                              0.781648   data arrival time

                                  8.000000    8.000000   clock clk (rise edge)
                                  0.000000    8.000000   clock network delay (propagated)
                                 -0.250000    7.750000   clock uncertainty
                                  0.000000    7.750000   clock reconvergence pessimism
                                 -1.600000    6.150000   output external delay
                                              6.150000   data required time
---------------------------------------------------------------------------------------------
                                              6.150000   data required time
                                             -0.781648   data arrival time
---------------------------------------------------------------------------------------------
                                              5.368351   slack (MET)


Startpoint: b (input port clocked by clk)
Endpoint: _8_ (rising edge-triggered flip-flop clocked by clk)
Path Group: clk
Path Type: max

Fanout         Cap        Slew       Delay        Time   Description
---------------------------------------------------------------------------------------------
                                  0.000000    0.000000   clock clk (rise edge)
                                  0.000000    0.000000   clock network delay (propagated)
                                  1.600000    1.600000 v input external delay
     1    0.002638    0.008258    0.004146    1.604146 v b (in)
                                                         b (net)
                      0.008258    0.000000    1.604146 v input2/A (sky130_fd_sc_hd__buf_1)
     2    0.007878    0.052875    0.095793    1.699939 v input2/X (sky130_fd_sc_hd__buf_1)
                                                         net2 (net)
                      0.052875    0.000049    1.699988 v _5_/A (sky130_fd_sc_hd__xnor2_1)
     2    0.008238    0.228824    0.229752    1.929740 ^ _5_/Y (sky130_fd_sc_hd__xnor2_1)
                                                         _2_ (net)
                      0.228824    0.000040    1.929780 ^ _7_/B (sky130_fd_sc_hd__xnor2_1)
     1    0.004799    0.153545    0.161861    2.091641 ^ _7_/Y (sky130_fd_sc_hd__xnor2_1)
                                                         sum_comb (net)
                      0.153545    0.000084    2.091725 ^ _8_/D (sky130_fd_sc_hd__dfrtp_1)
                                              2.091725   data arrival time

                                  8.000000    8.000000   clock clk (rise edge)
                                  0.000000    8.000000   clock source latency
     1    0.009335    0.048451    0.031852    8.031852 ^ clk (in)
                                                         clk (net)
                      0.048451    0.000000    8.031852 ^ clkbuf_0_clk/A (sky130_fd_sc_hd__clkbuf_16)
     2    0.018736    0.040769    0.125466    8.157318 ^ clkbuf_0_clk/X (sky130_fd_sc_hd__clkbuf_16)
                                                         clknet_0_clk (net)
                      0.040769    0.000196    8.157514 ^ clkbuf_1_0__f_clk/A (sky130_fd_sc_hd__clkbuf_16)
     1    0.003526    0.027391    0.107225    8.264739 ^ clkbuf_1_0__f_clk/X (sky130_fd_sc_hd__clkbuf_16)
                                                         clknet_1_0__leaf_clk (net)
                      0.027391    0.000049    8.264789 ^ _8_/CLK (sky130_fd_sc_hd__dfrtp_1)
                                 -0.250000    8.014789   clock uncertainty
                                  0.000000    8.014789   clock reconvergence pessimism
                                 -0.087648    7.927140   library setup time
                                              7.927140   data required time
---------------------------------------------------------------------------------------------
                                              7.927140   data required time
                                             -2.091725   data arrival time
---------------------------------------------------------------------------------------------
                                              5.835415   slack (MET)


Startpoint: b (input port clocked by clk)
Endpoint: _9_ (rising edge-triggered flip-flop clocked by clk)
Path Group: clk
Path Type: max

Fanout         Cap        Slew       Delay        Time   Description
---------------------------------------------------------------------------------------------
                                  0.000000    0.000000   clock clk (rise edge)
                                  0.000000    0.000000   clock network delay (propagated)
                                  1.600000    1.600000 v input external delay
     1    0.002638    0.008258    0.004146    1.604146 v b (in)
                                                         b (net)
                      0.008258    0.000000    1.604146 v input2/A (sky130_fd_sc_hd__buf_1)
     2    0.007878    0.052875    0.095793    1.699939 v input2/X (sky130_fd_sc_hd__buf_1)
                                                         net2 (net)
                      0.052875    0.000049    1.699988 v _5_/A (sky130_fd_sc_hd__xnor2_1)
     2    0.008238    0.228824    0.229752    1.929740 ^ _5_/Y (sky130_fd_sc_hd__xnor2_1)
                                                         _2_ (net)
                      0.228824    0.000043    1.929783 ^ _6_/A2 (sky130_fd_sc_hd__o21ai_1)
     1    0.003426    0.055719    0.091127    2.020910 v _6_/Y (sky130_fd_sc_hd__o21ai_1)
                                                         cout_comb (net)
                      0.055719    0.000037    2.020947 v _9_/D (sky130_fd_sc_hd__dfrtp_1)
                                              2.020947   data arrival time

                                  8.000000    8.000000   clock clk (rise edge)
                                  0.000000    8.000000   clock source latency
     1    0.009335    0.048451    0.031852    8.031852 ^ clk (in)
                                                         clk (net)
                      0.048451    0.000000    8.031852 ^ clkbuf_0_clk/A (sky130_fd_sc_hd__clkbuf_16)
     2    0.018736    0.040769    0.125466    8.157318 ^ clkbuf_0_clk/X (sky130_fd_sc_hd__clkbuf_16)
                                                         clknet_0_clk (net)
                      0.040769    0.000209    8.157526 ^ clkbuf_1_1__f_clk/A (sky130_fd_sc_hd__clkbuf_16)
     1    0.004104    0.027936    0.107917    8.265444 ^ clkbuf_1_1__f_clk/X (sky130_fd_sc_hd__clkbuf_16)
                                                         clknet_1_1__leaf_clk (net)
                      0.027936    0.000067    8.265511 ^ _9_/CLK (sky130_fd_sc_hd__dfrtp_1)
                                 -0.250000    8.015511   clock uncertainty
                                  0.000000    8.015511   clock reconvergence pessimism
                                 -0.122859    7.892651   library setup time
                                              7.892651   data required time
---------------------------------------------------------------------------------------------
                                              7.892651   data required time
                                             -2.020947   data arrival time
---------------------------------------------------------------------------------------------
                                              5.871704   slack (MET)


Startpoint: rst_n (input port clocked by clk)
Endpoint: _8_ (recovery check against rising-edge clock clk)
Path Group: asynchronous
Path Type: max

Fanout         Cap        Slew       Delay        Time   Description
---------------------------------------------------------------------------------------------
                                  0.000000    0.000000   clock clk (rise edge)
                                  0.000000    0.000000   clock network delay (propagated)
                                  1.600000    1.600000 ^ input external delay
     1    0.002946    0.020358    0.010808    1.610808 ^ rst_n (in)
                                                         rst_n (net)
                      0.020358    0.000000    1.610808 ^ input4/A (sky130_fd_sc_hd__buf_1)
     2    0.008497    0.107599    0.117427    1.728235 ^ input4/X (sky130_fd_sc_hd__buf_1)
                                                         net4 (net)
                      0.107599    0.000058    1.728293 ^ _8_/RESET_B (sky130_fd_sc_hd__dfrtp_1)
                                              1.728293   data arrival time

                                  8.000000    8.000000   clock clk (rise edge)
                                  0.000000    8.000000   clock source latency
     1    0.009335    0.048451    0.031852    8.031852 ^ clk (in)
                                                         clk (net)
                      0.048451    0.000000    8.031852 ^ clkbuf_0_clk/A (sky130_fd_sc_hd__clkbuf_16)
     2    0.018736    0.040769    0.125466    8.157318 ^ clkbuf_0_clk/X (sky130_fd_sc_hd__clkbuf_16)
                                                         clknet_0_clk (net)
                      0.040769    0.000196    8.157514 ^ clkbuf_1_0__f_clk/A (sky130_fd_sc_hd__clkbuf_16)
     1    0.003526    0.027391    0.107225    8.264739 ^ clkbuf_1_0__f_clk/X (sky130_fd_sc_hd__clkbuf_16)
                                                         clknet_1_0__leaf_clk (net)
                      0.027391    0.000049    8.264789 ^ _8_/CLK (sky130_fd_sc_hd__dfrtp_1)
                                 -0.250000    8.014789   clock uncertainty
                                  0.000000    8.014789   clock reconvergence pessimism
                                  0.208682    8.223471   library recovery time
                                              8.223471   data required time
---------------------------------------------------------------------------------------------
                                              8.223471   data required time
                                             -1.728293   data arrival time
---------------------------------------------------------------------------------------------
                                              6.495178   slack (MET)


Startpoint: rst_n (input port clocked by clk)
Endpoint: _9_ (recovery check against rising-edge clock clk)
Path Group: asynchronous
Path Type: max

Fanout         Cap        Slew       Delay        Time   Description
---------------------------------------------------------------------------------------------
                                  0.000000    0.000000   clock clk (rise edge)
                                  0.000000    0.000000   clock network delay (propagated)
                                  1.600000    1.600000 ^ input external delay
     1    0.002946    0.020358    0.010808    1.610808 ^ rst_n (in)
                                                         rst_n (net)
                      0.020358    0.000000    1.610808 ^ input4/A (sky130_fd_sc_hd__buf_1)
     2    0.008497    0.107599    0.117427    1.728235 ^ input4/X (sky130_fd_sc_hd__buf_1)
                                                         net4 (net)
                      0.107599    0.000077    1.728312 ^ _9_/RESET_B (sky130_fd_sc_hd__dfrtp_1)
                                              1.728312   data arrival time

                                  8.000000    8.000000   clock clk (rise edge)
                                  0.000000    8.000000   clock source latency
     1    0.009335    0.048451    0.031852    8.031852 ^ clk (in)
                                                         clk (net)
                      0.048451    0.000000    8.031852 ^ clkbuf_0_clk/A (sky130_fd_sc_hd__clkbuf_16)
     2    0.018736    0.040769    0.125466    8.157318 ^ clkbuf_0_clk/X (sky130_fd_sc_hd__clkbuf_16)
                                                         clknet_0_clk (net)
                      0.040769    0.000209    8.157526 ^ clkbuf_1_1__f_clk/A (sky130_fd_sc_hd__clkbuf_16)
     1    0.004104    0.027936    0.107917    8.265444 ^ clkbuf_1_1__f_clk/X (sky130_fd_sc_hd__clkbuf_16)
                                                         clknet_1_1__leaf_clk (net)
                      0.027936    0.000067    8.265511 ^ _9_/CLK (sky130_fd_sc_hd__dfrtp_1)
                                 -0.250000    8.015511   clock uncertainty
                                  0.000000    8.015511   clock reconvergence pessimism
                                  0.208851    8.224361   library recovery time
                                              8.224361   data required time
---------------------------------------------------------------------------------------------
                                              8.224361   data required time
                                             -1.728312   data arrival time
---------------------------------------------------------------------------------------------
                                              6.496049   slack (MET)



%OL_END_REPORT
%OL_CREATE_REPORT checks.rpt

===========================================================================
report_checks -unconstrained
===========================================================================
======================= min_tt_025C_1v80 Corner ===================================

Startpoint: rst_n (input port clocked by clk)
Endpoint: _8_ (recovery check against rising-edge clock clk)
Path Group: asynchronous
Path Type: max

Fanout         Cap        Slew       Delay        Time   Description
---------------------------------------------------------------------------------------------
                                  0.000000    0.000000   clock clk (rise edge)
                                  0.000000    0.000000   clock network delay (propagated)
                                  1.600000    1.600000 ^ input external delay
     1    0.002946    0.020358    0.010808    1.610808 ^ rst_n (in)
                                                         rst_n (net)
                      0.020358    0.000000    1.610808 ^ input4/A (sky130_fd_sc_hd__buf_1)
     2    0.008497    0.107599    0.117427    1.728235 ^ input4/X (sky130_fd_sc_hd__buf_1)
                                                         net4 (net)
                      0.107599    0.000058    1.728293 ^ _8_/RESET_B (sky130_fd_sc_hd__dfrtp_1)
                                              1.728293   data arrival time

                                  8.000000    8.000000   clock clk (rise edge)
                                  0.000000    8.000000   clock source latency
     1    0.009335    0.048451    0.031852    8.031852 ^ clk (in)
                                                         clk (net)
                      0.048451    0.000000    8.031852 ^ clkbuf_0_clk/A (sky130_fd_sc_hd__clkbuf_16)
     2    0.018736    0.040769    0.125466    8.157318 ^ clkbuf_0_clk/X (sky130_fd_sc_hd__clkbuf_16)
                                                         clknet_0_clk (net)
                      0.040769    0.000196    8.157514 ^ clkbuf_1_0__f_clk/A (sky130_fd_sc_hd__clkbuf_16)
     1    0.003526    0.027391    0.107225    8.264739 ^ clkbuf_1_0__f_clk/X (sky130_fd_sc_hd__clkbuf_16)
                                                         clknet_1_0__leaf_clk (net)
                      0.027391    0.000049    8.264789 ^ _8_/CLK (sky130_fd_sc_hd__dfrtp_1)
                                 -0.250000    8.014789   clock uncertainty
                                  0.000000    8.014789   clock reconvergence pessimism
                                  0.208682    8.223471   library recovery time
                                              8.223471   data required time
---------------------------------------------------------------------------------------------
                                              8.223471   data required time
                                             -1.728293   data arrival time
---------------------------------------------------------------------------------------------
                                              6.495178   slack (MET)


Startpoint: _8_ (rising edge-triggered flip-flop clocked by clk)
Endpoint: sum (output port clocked by clk)
Path Group: clk
Path Type: max

Fanout         Cap        Slew       Delay        Time   Description
---------------------------------------------------------------------------------------------
                                  0.000000    0.000000   clock clk (rise edge)
                                  0.000000    0.000000   clock source latency
     1    0.009335    0.048451    0.031852    0.031852 ^ clk (in)
                                                         clk (net)
                      0.048451    0.000000    0.031852 ^ clkbuf_0_clk/A (sky130_fd_sc_hd__clkbuf_16)
     2    0.018736    0.040769    0.125465    0.157317 ^ clkbuf_0_clk/X (sky130_fd_sc_hd__clkbuf_16)
                                                         clknet_0_clk (net)
                      0.040769    0.000196    0.157514 ^ clkbuf_1_0__f_clk/A (sky130_fd_sc_hd__clkbuf_16)
     1    0.003526    0.027391    0.107226    0.264739 ^ clkbuf_1_0__f_clk/X (sky130_fd_sc_hd__clkbuf_16)
                                                         clknet_1_0__leaf_clk (net)
                      0.027391    0.000049    0.264788 ^ _8_/CLK (sky130_fd_sc_hd__dfrtp_1)
     1    0.003198    0.041224    0.348750    0.613537 v _8_/Q (sky130_fd_sc_hd__dfrtp_1)
                                                         net6 (net)
                      0.041224    0.000046    0.613583 v output6/A (sky130_fd_sc_hd__buf_2)
     1    0.034823    0.090609    0.179730    0.793314 v output6/X (sky130_fd_sc_hd__buf_2)
                                                         sum (net)
                      0.090609    0.000384    0.793697 v sum (out)
                                              0.793697   data arrival time

                                  8.000000    8.000000   clock clk (rise edge)
                                  0.000000    8.000000   clock network delay (propagated)
                                 -0.250000    7.750000   clock uncertainty
                                  0.000000    7.750000   clock reconvergence pessimism
                                 -1.600000    6.150000   output external delay
                                              6.150000   data required time
---------------------------------------------------------------------------------------------
                                              6.150000   data required time
                                             -0.793697   data arrival time
---------------------------------------------------------------------------------------------
                                              5.356303   slack (MET)




===========================================================================
report_checks --slack_max -0.01
============================================================================
======================= min_tt_025C_1v80 Corner ===================================

No paths found.


===========================================================================
 report_check_types -max_slew -max_cap -max_fanout -violators
============================================================================
======================= min_tt_025C_1v80 Corner ===================================



===========================================================================
report_parasitic_annotation -report_unannotated
============================================================================
Found 0 unannotated drivers.
Found 0 partially unannotated drivers.

===========================================================================
max slew violation count 0
%OL_METRIC_I design__max_slew_violation__count__corner:min_tt_025C_1v80 0
max fanout violation count 0
%OL_METRIC_I design__max_fanout_violation__count__corner:min_tt_025C_1v80 0
max cap violation count 0
%OL_METRIC_I design__max_cap_violation__count__corner:min_tt_025C_1v80 0
============================================================================

===========================================================================
check_setup -verbose -unconstrained_endpoints -multiple_clock -no_clock -no_input_delay -loops -generated_clocks
===========================================================================
%OL_END_REPORT
%OL_CREATE_REPORT power.rpt

===========================================================================
 report_power
============================================================================
======================= min_tt_025C_1v80 Corner ===================================

Group                    Internal    Switching      Leakage        Total
                            Power        Power        Power        Power (Watts)
------------------------------------------------------------------------
Sequential           1.144981e-05 2.863348e-07 2.362707e-11 1.173617e-05  12.6%
Combinational        2.312845e-06 5.019452e-06 2.474321e-11 7.332321e-06   7.9%
Clock                6.332515e-05 1.067842e-05 1.471308e-10 7.400371e-05  79.5%
Macro                0.000000e+00 0.000000e+00 0.000000e+00 0.000000e+00   0.0%
Pad                  0.000000e+00 0.000000e+00 0.000000e+00 0.000000e+00   0.0%
------------------------------------------------------------------------
Total                7.708780e-05 1.598420e-05 1.955011e-10 9.307219e-05 100.0%
                            82.8%        17.2%         0.0%
%OL_METRIC_F power__internal__total 7.70877959439531e-5
%OL_METRIC_F power__switching__total 1.5984202036634088e-5
%OL_METRIC_F power__leakage__total 1.9550107366317349e-10
%OL_METRIC_F power__total 9.307219443144277e-5

%OL_END_REPORT
%OL_CREATE_REPORT skew.min.rpt

===========================================================================
Clock Skew (Hold)
============================================================================
%OL_METRIC_F clock__skew__worst_hold__corner:min_tt_025C_1v80 0.0
======================= min_tt_025C_1v80 Corner ===================================

Clock clk
No launch/capture paths found.

%OL_END_REPORT
%OL_CREATE_REPORT skew.max.rpt

===========================================================================
Clock Skew (Setup)
============================================================================
%OL_METRIC_F clock__skew__worst_setup__corner:min_tt_025C_1v80 0.0
======================= min_tt_025C_1v80 Corner ===================================

Clock clk
No launch/capture paths found.

%OL_END_REPORT
%OL_CREATE_REPORT ws.min.rpt

===========================================================================
Worst Slack (Hold)
============================================================================
%OL_METRIC_F timing__hold__ws__corner:min_tt_025C_1v80 0.8799775046604388
min_tt_025C_1v80: 0.8799775046604388
%OL_END_REPORT
%OL_CREATE_REPORT ws.max.rpt

===========================================================================
Worst Slack (Setup)
============================================================================
%OL_METRIC_F timing__setup__ws__corner:min_tt_025C_1v80 5.356302664124552
min_tt_025C_1v80: 5.356302664124552
%OL_END_REPORT
%OL_CREATE_REPORT tns.min.rpt

===========================================================================
Total Negative Slack (Hold)
============================================================================
%OL_METRIC_F timing__hold__tns__corner:min_tt_025C_1v80 0.0
min_tt_025C_1v80: 0.0
%OL_END_REPORT
%OL_CREATE_REPORT tns.max.rpt

===========================================================================
Total Negative Slack (Setup)
============================================================================
%OL_METRIC_F timing__setup__tns__corner:min_tt_025C_1v80 0.0
min_tt_025C_1v80: 0.0
%OL_END_REPORT
%OL_CREATE_REPORT wns.min.rpt

===========================================================================
Worst Negative Slack (Hold)
============================================================================
%OL_METRIC_F timing__hold__wns__corner:min_tt_025C_1v80 0
min_tt_025C_1v80: 0
%OL_END_REPORT
%OL_CREATE_REPORT wns.max.rpt

===========================================================================
Worst Negative Slack (Setup)
============================================================================
%OL_METRIC_F timing__setup__wns__corner:min_tt_025C_1v80 0.0
min_tt_025C_1v80: 0.0
%OL_END_REPORT
%OL_CREATE_REPORT violator_list.rpt

===========================================================================
Violator List
============================================================================
%OL_METRIC_I timing__hold_vio__count__corner:min_tt_025C_1v80 0
%OL_METRIC_F timing__hold_r2r__ws__corner:min_tt_025C_1v80 inf
%OL_METRIC_I timing__hold_r2r_vio__count__corner:min_tt_025C_1v80 0
%OL_METRIC_I timing__setup_vio__count__corner:min_tt_025C_1v80 0
%OL_METRIC_F timing__setup_r2r__ws__corner:min_tt_025C_1v80 inf
%OL_METRIC_I timing__setup_r2r_vio__count__corner:min_tt_025C_1v80 0
%OL_END_REPORT
%OL_CREATE_REPORT unpropagated.rpt
%OL_END_REPORT
%OL_CREATE_REPORT clock.rpt
Clock: clk
Sources: clk 
Generated: no
Virtual: yes
Propagated: no
Period: 8.000000

===========================================================================
report_clock_properties
============================================================================
Clock                   Period          Waveform
----------------------------------------------------
clk                   8.000000    0.000000  4.000000

===========================================================================
report_clock_latency
============================================================================
Clock clk
rise -> rise
    min     max
0.000000 0.000000 source latency
0.264788         network latency _8_/CLK
        0.265510 network latency _9_/CLK
---------------
0.264788 0.265510 latency
        0.000722 skew

fall -> fall
    min     max
0.000000 0.000000 source latency
0.274512         network latency _8_/CLK
        0.275171 network latency _9_/CLK
---------------
0.274512 0.275171 latency
        0.000659 skew



===========================================================================
report_clock_min_period
============================================================================
clk period_min = 0.00 fmax = inf
%OL_END_REPORT
Writing SDF files for all corners…
Removing Clock latencies before writing libs…
Writing timing models for all corners…
Writing timing models for the min_tt_025C_1v80 corner to /home/chithang/pdop2/FA_reg/runs/RUN_2026-03-28_14-30-24/54-openroad-stapostpnr/min_tt_025C_1v80/FA_Reg__min_tt_025C_1v80.lib…
