
===========================================================================
report_checks -path_delay min (Hold)
============================================================================
======================= nom_tt_025C_1v80 Corner ===================================

Startpoint: rst_n (input port clocked by clk)
Endpoint: _9_ (removal check against rising-edge clock clk)
Path Group: asynchronous
Path Type: min

Fanout         Cap        Slew       Delay        Time   Description
---------------------------------------------------------------------------------------------
                                  0.000000    0.000000   clock clk (rise edge)
                                  0.000000    0.000000   clock network delay (propagated)
                                  1.600000    1.600000 ^ input external delay
     1    0.002914    0.020222    0.010692    1.610692 ^ rst_n (in)
                                                         rst_n (net)
                      0.020222    0.000000    1.610692 ^ input4/A (sky130_fd_sc_hd__buf_1)
     2    0.008193    0.106987    0.115028    1.725721 ^ input4/X (sky130_fd_sc_hd__buf_1)
                                                         net4 (net)
                      0.106987    0.000033    1.725754 ^ _9_/RESET_B (sky130_fd_sc_hd__dfrtp_1)
                                              1.725754   data arrival time

                                  0.000000    0.000000   clock clk (rise edge)
                                  0.000000    0.000000   clock source latency
     1    0.009029    0.047085    0.030849    0.030849 ^ clk (in)
                                                         clk (net)
                      0.047085    0.000000    0.030849 ^ clkbuf_0_clk/A (sky130_fd_sc_hd__clkbuf_16)
     2    0.018010    0.040151    0.124319    0.155168 ^ clkbuf_0_clk/X (sky130_fd_sc_hd__clkbuf_16)
                                                         clknet_0_clk (net)
                      0.040152    0.000083    0.155251 ^ clkbuf_1_1__f_clk/A (sky130_fd_sc_hd__clkbuf_16)
     1    0.003203    0.027092    0.106616    0.261867 ^ clkbuf_1_1__f_clk/X (sky130_fd_sc_hd__clkbuf_16)
                                                         clknet_1_1__leaf_clk (net)
                      0.027092    0.000020    0.261887 ^ _9_/CLK (sky130_fd_sc_hd__dfrtp_1)
                                  0.250000    0.511887   clock uncertainty
                                  0.000000    0.511887   clock reconvergence pessimism
                                  0.332426    0.844313   library removal time
                                              0.844313   data required time
---------------------------------------------------------------------------------------------
                                              0.844313   data required time
                                             -1.725754   data arrival time
---------------------------------------------------------------------------------------------
                                              0.881441   slack (MET)


Startpoint: rst_n (input port clocked by clk)
Endpoint: _8_ (removal check against rising-edge clock clk)
Path Group: asynchronous
Path Type: min

Fanout         Cap        Slew       Delay        Time   Description
---------------------------------------------------------------------------------------------
                                  0.000000    0.000000   clock clk (rise edge)
                                  0.000000    0.000000   clock network delay (propagated)
                                  1.600000    1.600000 ^ input external delay
     1    0.002914    0.020222    0.010692    1.610692 ^ rst_n (in)
                                                         rst_n (net)
                      0.020222    0.000000    1.610692 ^ input4/A (sky130_fd_sc_hd__buf_1)
     2    0.008193    0.106987    0.115028    1.725721 ^ input4/X (sky130_fd_sc_hd__buf_1)
                                                         net4 (net)
                      0.106987    0.000022    1.725743 ^ _8_/RESET_B (sky130_fd_sc_hd__dfrtp_1)
                                              1.725743   data arrival time

                                  0.000000    0.000000   clock clk (rise edge)
                                  0.000000    0.000000   clock source latency
     1    0.009029    0.047085    0.030849    0.030849 ^ clk (in)
                                                         clk (net)
                      0.047085    0.000000    0.030849 ^ clkbuf_0_clk/A (sky130_fd_sc_hd__clkbuf_16)
     2    0.018010    0.040151    0.124319    0.155168 ^ clkbuf_0_clk/X (sky130_fd_sc_hd__clkbuf_16)
                                                         clknet_0_clk (net)
                      0.040152    0.000070    0.155238 ^ clkbuf_1_0__f_clk/A (sky130_fd_sc_hd__clkbuf_16)
     1    0.003003    0.026899    0.106376    0.261615 ^ clkbuf_1_0__f_clk/X (sky130_fd_sc_hd__clkbuf_16)
                                                         clknet_1_0__leaf_clk (net)
                      0.026899    0.000016    0.261630 ^ _8_/CLK (sky130_fd_sc_hd__dfrtp_1)
                                  0.250000    0.511630   clock uncertainty
                                  0.000000    0.511630   clock reconvergence pessimism
                                  0.332374    0.844004   library removal time
                                              0.844004   data required time
---------------------------------------------------------------------------------------------
                                              0.844004   data required time
                                             -1.725743   data arrival time
---------------------------------------------------------------------------------------------
                                              0.881739   slack (MET)


Startpoint: b (input port clocked by clk)
Endpoint: _9_ (rising edge-triggered flip-flop clocked by clk)
Path Group: clk
Path Type: min

Fanout         Cap        Slew       Delay        Time   Description
---------------------------------------------------------------------------------------------
                                  0.000000    0.000000   clock clk (rise edge)
                                  0.000000    0.000000   clock network delay (propagated)
                                  1.600000    1.600000 v input external delay
     1    0.002606    0.008183    0.004085    1.604085 v b (in)
                                                         b (net)
                      0.008183    0.000000    1.604085 v input2/A (sky130_fd_sc_hd__buf_1)
     2    0.007456    0.051876    0.093868    1.697952 v input2/X (sky130_fd_sc_hd__buf_1)
                                                         net2 (net)
                      0.051876    0.000018    1.697971 v _4_/A (sky130_fd_sc_hd__nand2_1)
     1    0.002776    0.038794    0.056358    1.754329 ^ _4_/Y (sky130_fd_sc_hd__nand2_1)
                                                         _1_ (net)
                      0.038794    0.000009    1.754338 ^ _6_/B1 (sky130_fd_sc_hd__o21ai_1)
     1    0.003101    0.037666    0.055081    1.809419 v _6_/Y (sky130_fd_sc_hd__o21ai_1)
                                                         cout_comb (net)
                      0.037666    0.000012    1.809431 v _9_/D (sky130_fd_sc_hd__dfrtp_1)
                                              1.809431   data arrival time

                                  0.000000    0.000000   clock clk (rise edge)
                                  0.000000    0.000000   clock source latency
     1    0.009029    0.047085    0.030849    0.030849 ^ clk (in)
                                                         clk (net)
                      0.047085    0.000000    0.030849 ^ clkbuf_0_clk/A (sky130_fd_sc_hd__clkbuf_16)
     2    0.018010    0.040151    0.124319    0.155168 ^ clkbuf_0_clk/X (sky130_fd_sc_hd__clkbuf_16)
                                                         clknet_0_clk (net)
                      0.040152    0.000083    0.155251 ^ clkbuf_1_1__f_clk/A (sky130_fd_sc_hd__clkbuf_16)
     1    0.003203    0.027092    0.106616    0.261867 ^ clkbuf_1_1__f_clk/X (sky130_fd_sc_hd__clkbuf_16)
                                                         clknet_1_1__leaf_clk (net)
                      0.027092    0.000020    0.261887 ^ _9_/CLK (sky130_fd_sc_hd__dfrtp_1)
                                  0.250000    0.511887   clock uncertainty
                                  0.000000    0.511887   clock reconvergence pessimism
                                 -0.046874    0.465013   library hold time
                                              0.465013   data required time
---------------------------------------------------------------------------------------------
                                              0.465013   data required time
                                             -1.809431   data arrival time
---------------------------------------------------------------------------------------------
                                              1.344418   slack (MET)


Startpoint: cin (input port clocked by clk)
Endpoint: _8_ (rising edge-triggered flip-flop clocked by clk)
Path Group: clk
Path Type: min

Fanout         Cap        Slew       Delay        Time   Description
---------------------------------------------------------------------------------------------
                                  0.000000    0.000000   clock clk (rise edge)
                                  0.000000    0.000000   clock network delay (propagated)
                                  1.600000    1.600000 ^ input external delay
     1    0.002700    0.019997    0.009945    1.609945 ^ cin (in)
                                                         cin (net)
                      0.019997    0.000000    1.609945 ^ input3/A (sky130_fd_sc_hd__buf_1)
     2    0.010346    0.131657    0.131874    1.741819 ^ input3/X (sky130_fd_sc_hd__buf_1)
                                                         net3 (net)
                      0.131657    0.000043    1.741862 ^ _7_/A (sky130_fd_sc_hd__xnor2_1)
     1    0.003651    0.042276    0.091652    1.833514 v _7_/Y (sky130_fd_sc_hd__xnor2_1)
                                                         sum_comb (net)
                      0.042276    0.000023    1.833537 v _8_/D (sky130_fd_sc_hd__dfrtp_1)
                                              1.833537   data arrival time

                                  0.000000    0.000000   clock clk (rise edge)
                                  0.000000    0.000000   clock source latency
     1    0.009029    0.047085    0.030849    0.030849 ^ clk (in)
                                                         clk (net)
                      0.047085    0.000000    0.030849 ^ clkbuf_0_clk/A (sky130_fd_sc_hd__clkbuf_16)
     2    0.018010    0.040151    0.124319    0.155168 ^ clkbuf_0_clk/X (sky130_fd_sc_hd__clkbuf_16)
                                                         clknet_0_clk (net)
                      0.040152    0.000070    0.155238 ^ clkbuf_1_0__f_clk/A (sky130_fd_sc_hd__clkbuf_16)
     1    0.003003    0.026899    0.106376    0.261615 ^ clkbuf_1_0__f_clk/X (sky130_fd_sc_hd__clkbuf_16)
                                                         clknet_1_0__leaf_clk (net)
                      0.026899    0.000016    0.261630 ^ _8_/CLK (sky130_fd_sc_hd__dfrtp_1)
                                  0.250000    0.511630   clock uncertainty
                                  0.000000    0.511630   clock reconvergence pessimism
                                 -0.048796    0.462835   library hold time
                                              0.462835   data required time
---------------------------------------------------------------------------------------------
                                              0.462835   data required time
                                             -1.833537   data arrival time
---------------------------------------------------------------------------------------------
                                              1.370702   slack (MET)


Startpoint: _9_ (rising edge-triggered flip-flop clocked by clk)
Endpoint: cout (output port clocked by clk)
Path Group: clk
Path Type: min

Fanout         Cap        Slew       Delay        Time   Description
---------------------------------------------------------------------------------------------
                                  0.000000    0.000000   clock clk (rise edge)
                                  0.000000    0.000000   clock source latency
     1    0.009029    0.047085    0.030849    0.030849 ^ clk (in)
                                                         clk (net)
                      0.047085    0.000000    0.030849 ^ clkbuf_0_clk/A (sky130_fd_sc_hd__clkbuf_16)
     2    0.018010    0.040151    0.124319    0.155168 ^ clkbuf_0_clk/X (sky130_fd_sc_hd__clkbuf_16)
                                                         clknet_0_clk (net)
                      0.040152    0.000083    0.155251 ^ clkbuf_1_1__f_clk/A (sky130_fd_sc_hd__clkbuf_16)
     1    0.003203    0.027092    0.106616    0.261867 ^ clkbuf_1_1__f_clk/X (sky130_fd_sc_hd__clkbuf_16)
                                                         clknet_1_1__leaf_clk (net)
                      0.027092    0.000020    0.261887 ^ _9_/CLK (sky130_fd_sc_hd__dfrtp_1)
     1    0.002026    0.040622    0.300857    0.562744 ^ _9_/Q (sky130_fd_sc_hd__dfrtp_1)
                                                         net5 (net)
                      0.040622    0.000003    0.562746 ^ output5/A (sky130_fd_sc_hd__buf_2)
     1    0.034016    0.168929    0.195858    0.758604 ^ output5/X (sky130_fd_sc_hd__buf_2)
                                                         cout (net)
                      0.168929    0.000086    0.758690 ^ cout (out)
                                              0.758690   data arrival time

                                  0.000000    0.000000   clock clk (rise edge)
                                  0.000000    0.000000   clock network delay (propagated)
                                  0.250000    0.250000   clock uncertainty
                                  0.000000    0.250000   clock reconvergence pessimism
                                 -1.600000   -1.350000   output external delay
                                             -1.350000   data required time
---------------------------------------------------------------------------------------------
                                             -1.350000   data required time
                                             -0.758690   data arrival time
---------------------------------------------------------------------------------------------
                                              2.108691   slack (MET)


Startpoint: _8_ (rising edge-triggered flip-flop clocked by clk)
Endpoint: sum (output port clocked by clk)
Path Group: clk
Path Type: min

Fanout         Cap        Slew       Delay        Time   Description
---------------------------------------------------------------------------------------------
                                  0.000000    0.000000   clock clk (rise edge)
                                  0.000000    0.000000   clock source latency
     1    0.009029    0.047085    0.030849    0.030849 ^ clk (in)
                                                         clk (net)
                      0.047085    0.000000    0.030849 ^ clkbuf_0_clk/A (sky130_fd_sc_hd__clkbuf_16)
     2    0.018010    0.040151    0.124319    0.155168 ^ clkbuf_0_clk/X (sky130_fd_sc_hd__clkbuf_16)
                                                         clknet_0_clk (net)
                      0.040152    0.000070    0.155238 ^ clkbuf_1_0__f_clk/A (sky130_fd_sc_hd__clkbuf_16)
     1    0.003003    0.026899    0.106376    0.261615 ^ clkbuf_1_0__f_clk/X (sky130_fd_sc_hd__clkbuf_16)
                                                         clknet_1_0__leaf_clk (net)
                      0.026899    0.000016    0.261630 ^ _8_/CLK (sky130_fd_sc_hd__dfrtp_1)
     1    0.002490    0.044303    0.304627    0.566257 ^ _8_/Q (sky130_fd_sc_hd__dfrtp_1)
                                                         net6 (net)
                      0.044303    0.000010    0.566267 ^ output6/A (sky130_fd_sc_hd__buf_2)
     1    0.034485    0.171124    0.198759    0.765026 ^ output6/X (sky130_fd_sc_hd__buf_2)
                                                         sum (net)
                      0.171124    0.000177    0.765203 ^ sum (out)
                                              0.765203   data arrival time

                                  0.000000    0.000000   clock clk (rise edge)
                                  0.000000    0.000000   clock network delay (propagated)
                                  0.250000    0.250000   clock uncertainty
                                  0.000000    0.250000   clock reconvergence pessimism
                                 -1.600000   -1.350000   output external delay
                                             -1.350000   data required time
---------------------------------------------------------------------------------------------
                                             -1.350000   data required time
                                             -0.765203   data arrival time
---------------------------------------------------------------------------------------------
                                              2.115202   slack (MET)



