165. Printing statistics.

=== ascon_ip_top ===

   Number of wires:              15276
   Number of wire bits:          24272
   Number of public wires:         260
   Number of public wire bits:    9073
   Number of ports:                 78
   Number of port bits:            735
   Number of memories:               0
   Number of memory bits:            0
   Number of processes:              0
   Number of cells:              22920
     $_ANDNOT_                    2094
     $_AND_                        221
     $_DFFE_PN0N_                 1093
     $_DFFE_PN0P_                 4549
     $_DFFE_PN1P_                    6
     $_DFFE_PP_                    512
     $_DFF_PN0_                     54
     $_DFF_PN1_                      4
     $_MUX_                       6286
     $_NAND_                       112
     $_NOR_                        340
     $_NOT_                       2181
     $_ORNOT_                      330
     $_OR_                        1013
     $_XNOR_                      1344
     $_XOR_                       2781

   Area for cell type $_NOT_ is unknown!
   Area for cell type $_AND_ is unknown!
   Area for cell type $_NAND_ is unknown!
   Area for cell type $_OR_ is unknown!
   Area for cell type $_NOR_ is unknown!
   Area for cell type $_XOR_ is unknown!
   Area for cell type $_XNOR_ is unknown!
   Area for cell type $_ANDNOT_ is unknown!
   Area for cell type $_ORNOT_ is unknown!
   Area for cell type $_MUX_ is unknown!
   Area for cell type $_DFFE_PP_ is unknown!
   Area for cell type $_DFF_PN0_ is unknown!
   Area for cell type $_DFF_PN1_ is unknown!
   Area for cell type $_DFFE_PN0N_ is unknown!
   Area for cell type $_DFFE_PN0P_ is unknown!
   Area for cell type $_DFFE_PN1P_ is unknown!

