Reading timing models for corner nom_tt_025C_1v80…
Reading timing library for the 'nom_tt_025C_1v80' corner at '/home/chithang/.volare/volare/sky130/versions/0fe599b2afb6708d281543108caf8310912f54af/sky130A/libs.ref/sky130_fd_sc_hd/lib/sky130_fd_sc_hd__tt_025C_1v80.lib'…
Reading timing models for corner nom_ff_n40C_1v95…
Reading timing library for the 'nom_ff_n40C_1v95' corner at '/home/chithang/.volare/volare/sky130/versions/0fe599b2afb6708d281543108caf8310912f54af/sky130A/libs.ref/sky130_fd_sc_hd/lib/sky130_fd_sc_hd__ff_n40C_1v95.lib'…
Reading timing models for corner nom_ss_100C_1v60…
Reading timing library for the 'nom_ss_100C_1v60' corner at '/home/chithang/.volare/volare/sky130/versions/0fe599b2afb6708d281543108caf8310912f54af/sky130A/libs.ref/sky130_fd_sc_hd/lib/sky130_fd_sc_hd__ss_100C_1v60.lib'…
Reading OpenROAD database at '/home/chithang/pdop2/FA_reg/runs/RUN_2026-03-28_14-18-22/58-openroad-cts/FA_Reg.odb'…
Reading design constraints file at '/nix/store/h0ldzjka94yryiq8yxbxmwargpnmwhx6-python3-3.11.9-env/lib/python3.11/site-packages/openlane/scripts/base.sdc'…
[INFO] Using clock clk…
[INFO] Setting output delay to: 1.6
[INFO] Setting input delay to: 1.6
[INFO] Setting load to: 0.033442
[INFO] Setting clock uncertainty to: 0.25
[INFO] Setting clock transition to: 0.1499999999999999944488848768742172978818416595458984375
[INFO] Setting timing derate to: 5%
[INFO] Setting RC values…
[INFO RSZ-0098] No setup violations found
[INFO RSZ-0033] No hold violations found.
Placement Analysis
---------------------------------
total displacement          0.0 u
average displacement        0.0 u
max displacement            0.0 u
original HPWL             230.6 u
legalized HPWL            243.8 u
delta HPWL                    6 %

[INFO DPL-0020] Mirrored 3 instances
[INFO DPL-0021] HPWL before             243.8 u
[INFO DPL-0022] HPWL after              230.6 u
[INFO DPL-0023] HPWL delta               -5.4 %
[INFO] Setting RC values…
Setting global connections for newly added cells…
[INFO] Setting global connections...
Updating metrics…
Cell type report:                       Count       Area
  Fill cell                                20      75.07
  Tap cell                                 12      15.01
  Clock buffer                              3      75.07
  Timing Repair Buffer                      6      25.02
  Inverter                                  1       3.75
  Sequential cell                           2      50.05
  Multi-Input combinational cell            4      26.28
  Total                                    48     270.26
Writing OpenROAD database to '/home/chithang/pdop2/FA_reg/runs/RUN_2026-03-28_14-18-22/60-openroad-resizertimingpostcts/FA_Reg.odb'…
Writing netlist to '/home/chithang/pdop2/FA_reg/runs/RUN_2026-03-28_14-18-22/60-openroad-resizertimingpostcts/FA_Reg.nl.v'…
Writing powered netlist to '/home/chithang/pdop2/FA_reg/runs/RUN_2026-03-28_14-18-22/60-openroad-resizertimingpostcts/FA_Reg.pnl.v'…
Writing layout to '/home/chithang/pdop2/FA_reg/runs/RUN_2026-03-28_14-18-22/60-openroad-resizertimingpostcts/FA_Reg.def'…
Writing timing constraints to '/home/chithang/pdop2/FA_reg/runs/RUN_2026-03-28_14-18-22/60-openroad-resizertimingpostcts/FA_Reg.sdc'…
