Starting…
Running 'Verilator.Lint' at 'runs/o3_setdontuse_mini_cell/01-verilator-lint'…
Logging subprocess to [repr.filename]'runs/o3_setdontuse_mini_cell/01-verilator-lint/verilator-lint.log'[/repr.filename]…
Running 'Checker.LintTimingConstructs' at 'runs/o3_setdontuse_mini_cell/02-checker-linttimingconstructs'…
Check for Lint Timing Errors clear.
Running 'Checker.LintErrors' at 'runs/o3_setdontuse_mini_cell/03-checker-linterrors'…
Check for Lint errors clear.
Running 'Checker.LintWarnings' at 'runs/o3_setdontuse_mini_cell/04-checker-lintwarnings'…
16 Lint warnings found.
Running 'Yosys.JsonHeader' at 'runs/o3_setdontuse_mini_cell/05-yosys-jsonheader'…
Logging subprocess to [repr.filename]'runs/o3_setdontuse_mini_cell/05-yosys-jsonheader/yosys-jsonheader.log'[/repr.filename]…
Running 'Yosys.Synthesis' at 'runs/o3_setdontuse_mini_cell/06-yosys-synthesis'…
Logging subprocess to [repr.filename]'runs/o3_setdontuse_mini_cell/06-yosys-synthesis/yosys-synthesis.log'[/repr.filename]…
Parsing synthesis checks…
Running 'Checker.YosysUnmappedCells' at 'runs/o3_setdontuse_mini_cell/07-checker-yosysunmappedcells'…
Check for Unmapped Yosys instances clear.
Running 'Checker.YosysSynthChecks' at 'runs/o3_setdontuse_mini_cell/08-checker-yosyssynthchecks'…
Check for Yosys check errors clear.
Running 'Checker.NetlistAssignStatements' at 'runs/o3_setdontuse_mini_cell/09-checker-netlistassignstatements'…
Running 'OpenROAD.CheckSDCFiles' at 'runs/o3_setdontuse_mini_cell/10-openroad-checksdcfiles'…
Running 'OpenROAD.CheckMacroInstances' at 'runs/o3_setdontuse_mini_cell/11-openroad-checkmacroinstances'…
No macros found, skipping instance check…
Running 'OpenROAD.STAPrePNR' at 'runs/o3_setdontuse_mini_cell/12-openroad-staprepnr'…
Starting STA for the nom_tt_025C_1v80 timing corner…
Starting STA for the nom_ss_100C_1v60 timing corner…
Skipping corner min_tt_025C_1v80 for STA (identical to nom_tt_025C_1v80 at this stage)…
Logging subprocess to [repr.filename]'runs/o3_setdontuse_mini_cell/12-openroad-staprepnr/nom_tt_025C_1v80/sta.log'[/repr.filename]…
Skipping corner min_ss_100C_1v60 for STA (identical to nom_ss_100C_1v60 at this stage)…
Logging subprocess to [repr.filename]'runs/o3_setdontuse_mini_cell/12-openroad-staprepnr/nom_ss_100C_1v60/sta.log'[/repr.filename]…
Skipping corner min_ff_n40C_1v95 for STA (identical to nom_ff_n40C_1v95 at this stage)…
Skipping corner max_tt_025C_1v80 for STA (identical to nom_tt_025C_1v80 at this stage)…
Skipping corner max_ss_100C_1v60 for STA (identical to nom_ss_100C_1v60 at this stage)…
Skipping corner max_ff_n40C_1v95 for STA (identical to nom_ff_n40C_1v95 at this stage)…
Subprocess had a non-zero exit.
Last 6 line(s):
Reading timing models for corner nom_tt_025C_1v80…
Reading cell library for the 'nom_tt_025C_1v80' corner at '/home/ngoduc202/.ciel/ciel/sky130/versions/0fe599b2afb6708d281543108caf8310912f54af/sky130B/libs.ref/sky130_fd_sc_hd/lib/sky130_fd_sc_hd__tt_025C_1v80.lib'…
Reading top-level netlist at '/home/ngoduc202/Documents/Design_SoC_RISCV_ASCON/cpu/PnR/runs/o3_setdontuse_mini_cell/06-yosys-synthesis/riscv_cpu_core.nl.v'…
Linking design 'riscv_cpu_core' from netlist…
Reading design constraints file at '/home/ngoduc202/Documents/Design_SoC_RISCV_ASCON/cpu/PnR/constraints/top.sdc'…
Error: top.sdc, 20 wrong # args: should be "set_dont_use_cells"

Full log file: 'runs/o3_setdontuse_mini_cell/12-openroad-staprepnr/nom_tt_025C_1v80/sta.log'
Failed STA for the nom_tt_025C_1v80 timing corner:
Starting STA for the nom_ff_n40C_1v95 timing corner…
