
===========================================================================
Violator List
============================================================================
[setup reg-reg] _58718_/Q -> _58858_/D : -8.104751
[setup reg-reg] _58718_/Q -> _58854_/D : -8.102536
[setup reg-reg] _58718_/Q -> _58849_/D : -8.101769
[setup reg-reg] _58718_/Q -> _58850_/D : -8.101546
[setup reg-reg] _58718_/Q -> _58855_/D : -8.101546
[setup reg-reg] _58718_/Q -> _58853_/D : -8.101511
[setup reg-reg] _58718_/Q -> _58857_/D : -8.101483
[setup reg-reg] _58718_/Q -> _58856_/D : -8.101436
[setup reg-reg] _58718_/Q -> _58852_/D : -8.101401
[setup reg-reg] _58718_/Q -> _58851_/D : -8.101371
[setup reg-reg] _58718_/Q -> _58865_/D : -8.101350
[setup reg-reg] _58718_/Q -> _58846_/D : -8.101336
[setup reg-reg] _58718_/Q -> _58847_/D : -8.101336
[setup reg-reg] _58718_/Q -> _58848_/D : -8.101334
[setup reg-reg] _58718_/Q -> _58859_/D : -8.101329
[setup reg-reg] _58718_/Q -> _58860_/D : -8.101329
[setup reg-reg] _58718_/Q -> _58861_/D : -8.101329
[setup reg-reg] _58718_/Q -> _58862_/D : -8.101329
[setup reg-reg] _58718_/Q -> _58863_/D : -8.101329
[setup reg-reg] _58718_/Q -> _58864_/D : -8.101329
[setup reg-reg] _58718_/Q -> _58872_/D : -8.096652
[setup reg-reg] _58718_/Q -> _58845_/D : -8.096639
[setup reg-reg] _58718_/Q -> _58866_/D : -8.096636
[setup reg-reg] _58718_/Q -> _58870_/D : -8.096630
[setup reg-reg] _58718_/Q -> _58871_/D : -8.096630
[setup reg-reg] _58718_/Q -> _58873_/D : -8.046449
[setup reg-reg] _58718_/Q -> _58877_/D : -8.041464
[setup reg-reg] _58718_/Q -> _58878_/D : -8.041464
[setup reg-reg] _58718_/Q -> _58881_/D : -8.041464
[setup reg-reg] _58718_/Q -> _58748_/D : -8.032739
[setup reg-reg] _58718_/Q -> _58759_/D : -8.032739
[setup reg-reg] _58718_/Q -> _58773_/D : -8.032739
[setup reg-reg] _58718_/Q -> _58747_/D : -8.032658
[setup reg-reg] _58718_/Q -> _58757_/D : -8.032663
[setup reg-reg] _58718_/Q -> _58750_/D : -8.032638
[setup reg-reg] _58718_/Q -> _58752_/D : -8.032638
[setup reg-reg] _58718_/Q -> _58754_/D : -8.032638
[setup reg-reg] _58718_/Q -> _58758_/D : -8.032638
[setup reg-reg] _58718_/Q -> _58774_/D : -8.032638
[setup reg-reg] _58718_/Q -> _58779_/D : -8.029837
[setup reg-reg] _58718_/Q -> _58782_/D : -8.029837
[setup reg-reg] _58718_/Q -> _58784_/D : -8.029837
[setup reg-reg] _58718_/Q -> _58439_/D : -8.013638
[setup reg-reg] _58718_/Q -> _58451_/D : -8.013638
[setup reg-reg] _58718_/Q -> _58841_/D : -8.011231
[setup reg-reg] _58718_/Q -> _58842_/D : -8.011231
[setup reg-reg] _58718_/Q -> _58843_/D : -8.011231
[setup reg-reg] _58718_/Q -> _58844_/D : -8.011231
[setup reg-reg] _58718_/Q -> _58875_/D : -8.000507
[setup reg-reg] _58718_/Q -> _58821_/D : -7.999230
[setup reg-reg] _58718_/Q -> _58822_/D : -7.999230
[setup reg-reg] _58718_/Q -> _58823_/D : -7.999230
[setup reg-reg] _58718_/Q -> _58824_/D : -7.999230
[setup reg-reg] _58718_/Q -> _58825_/D : -7.999230
[setup reg-reg] _58718_/Q -> _58826_/D : -7.999230
[setup reg-reg] _58718_/Q -> _58827_/D : -7.999230
[setup reg-reg] _58718_/Q -> _58828_/D : -7.999230
[setup reg-reg] _58718_/Q -> _58829_/D : -7.999230
[setup reg-reg] _58718_/Q -> _58830_/D : -7.999230
[setup reg-reg] _58718_/Q -> _58831_/D : -7.999230
[setup reg-reg] _58718_/Q -> _58832_/D : -7.999230
[setup reg-reg] _58718_/Q -> _58833_/D : -7.999230
[setup reg-reg] _58718_/Q -> _58834_/D : -7.999230
[setup reg-reg] _58718_/Q -> _58835_/D : -7.999230
[setup reg-reg] _58718_/Q -> _58836_/D : -7.999230
[setup reg-reg] _58718_/Q -> _58837_/D : -7.999230
[setup reg-reg] _58718_/Q -> _58838_/D : -7.999230
[setup reg-reg] _58718_/Q -> _58839_/D : -7.999230
[setup reg-reg] _58718_/Q -> _58840_/D : -7.999230
[setup reg-reg] _58718_/Q -> _58874_/D : -7.998916
[setup reg-reg] _58718_/Q -> _58876_/D : -7.998916
[setup reg-reg] _58718_/Q -> _58933_/D : -7.994793
[setup reg-reg] _58718_/Q -> _58940_/D : -7.994793
[setup reg-reg] _58718_/Q -> _58915_/D : -7.994547
[setup reg-reg] _58718_/Q -> _58917_/D : -7.994547
[setup reg-reg] _58718_/Q -> _58918_/D : -7.994547
[setup reg-reg] _58718_/Q -> _58920_/D : -7.994546
[setup reg-reg] _58718_/Q -> _58924_/D : -7.994546
[setup reg-reg] _58718_/Q -> _58868_/D : -7.990288
[setup reg-reg] _58718_/Q -> _58755_/D : -7.976909
[setup reg-reg] _58718_/Q -> _58731_/D : -7.965185
[setup reg-reg] _58718_/Q -> _58781_/D : -7.965185
[setup reg-reg] _58718_/Q -> _58718_/D : -7.962696
[setup reg-reg] _58718_/Q -> _58777_/D : -7.962325
[setup reg-reg] _58718_/Q -> _58715_/D : -7.959431
[setup reg-reg] _58718_/Q -> _58716_/D : -7.959431
[setup reg-reg] _58718_/Q -> _58721_/D : -7.958960
[setup reg-reg] _58718_/Q -> _58723_/D : -7.958960
[setup reg-reg] _58718_/Q -> _58725_/D : -7.958960
[setup reg-reg] _58718_/Q -> _58730_/D : -7.958960
[setup reg-reg] _58718_/Q -> _58735_/D : -7.958960
[setup reg-reg] _58718_/Q -> _58736_/D : -7.958960
[setup reg-reg] _58718_/Q -> _58737_/D : -7.958960
[setup reg-reg] _58718_/Q -> _58739_/D : -7.958960
[setup reg-reg] _58718_/Q -> _58740_/D : -7.958960
[setup reg-reg] _58718_/Q -> _58741_/D : -7.958960
[setup reg-reg] _58718_/Q -> _58743_/D : -7.958960
[setup reg-reg] _58718_/Q -> _58745_/D : -7.958960
[setup reg-reg] _58718_/Q -> _58753_/D : -7.958960
[setup reg-reg] _58718_/Q -> _58760_/D : -7.958960
[setup reg-reg] _58718_/Q -> _58761_/D : -7.958960
[setup reg-reg] _58718_/Q -> _58762_/D : -7.958960
[setup reg-reg] _58718_/Q -> _58763_/D : -7.958960
[setup reg-reg] _58718_/Q -> _58764_/D : -7.958960
[setup reg-reg] _58718_/Q -> _58765_/D : -7.958960
[setup reg-reg] _58718_/Q -> _58766_/D : -7.958960
[setup reg-reg] _58718_/Q -> _58767_/D : -7.958960
[setup reg-reg] _58718_/Q -> _58768_/D : -7.958960
[setup reg-reg] _58718_/Q -> _58769_/D : -7.958960
[setup reg-reg] _58718_/Q -> _58770_/D : -7.958960
[setup reg-reg] _58718_/Q -> _58771_/D : -7.958960
[setup reg-reg] _58718_/Q -> _58772_/D : -7.958960
[setup reg-reg] _58718_/Q -> _58775_/D : -7.958960
[setup reg-reg] _58718_/Q -> _58776_/D : -7.958960
[setup reg-reg] _58718_/Q -> _58785_/D : -7.958960
[setup reg-reg] _58718_/Q -> _58786_/D : -7.958960
[setup reg-reg] _58718_/Q -> _58787_/D : -7.958960
[setup reg-reg] _58718_/Q -> _58788_/D : -7.958960
[setup reg-reg] _58718_/Q -> _58789_/D : -7.958960
[setup reg-reg] _58718_/Q -> _58796_/D : -7.958960
[setup reg-reg] _58718_/Q -> _58797_/D : -7.958960
[setup reg-reg] _58718_/Q -> _58798_/D : -7.958960
[setup reg-reg] _58718_/Q -> _58799_/D : -7.958960
[setup reg-reg] _58718_/Q -> _58800_/D : -7.958960
[setup reg-reg] _58718_/Q -> _58801_/D : -7.958960
[setup reg-reg] _58718_/Q -> _58802_/D : -7.958960
[setup reg-reg] _58718_/Q -> _58803_/D : -7.958960
[setup reg-reg] _58718_/Q -> _58804_/D : -7.958960
[setup reg-reg] _58718_/Q -> _58805_/D : -7.958960
[setup reg-reg] _58718_/Q -> _58806_/D : -7.958960
[setup reg-reg] _58718_/Q -> _58710_/D : -7.942926
[setup reg-reg] _58718_/Q -> _58704_/D : -7.940033
[setup reg-reg] _58718_/Q -> _58749_/D : -7.936248
[setup reg-reg] _58718_/Q -> _58746_/D : -7.936234
[setup reg-reg] _58718_/Q -> _58751_/D : -7.935284
[setup reg-reg] _58718_/Q -> _58756_/D : -7.935284
[setup reg-reg] _58718_/Q -> _58778_/D : -7.935284
[setup reg-reg] _58718_/Q -> _58780_/D : -7.935284
[setup reg-reg] _58718_/Q -> _58783_/D : -7.935284
[setup reg-reg] _58718_/Q -> _58709_/D : -7.931916
[setup reg-reg] _58718_/Q -> _57482_/D : -7.928894
[setup reg-reg] _58718_/Q -> _58905_/D : -7.921903
[setup reg-reg] _58718_/Q -> _58906_/D : -7.921903
[setup reg-reg] _58718_/Q -> _58907_/D : -7.921903
[setup reg-reg] _58718_/Q -> _58910_/D : -7.921903
[setup reg-reg] _58718_/Q -> _58912_/D : -7.921903
[setup reg-reg] _58718_/Q -> _58913_/D : -7.921903
[setup reg-reg] _58718_/Q -> _58916_/D : -7.921903
[setup reg-reg] _58718_/Q -> _58919_/D : -7.921903
[setup reg-reg] _58718_/Q -> _58921_/D : -7.921903
[setup reg-reg] _58718_/Q -> _58922_/D : -7.921903
[setup reg-reg] _58718_/Q -> _58923_/D : -7.921903
[setup reg-reg] _58718_/Q -> _58925_/D : -7.921903
[setup reg-reg] _58718_/Q -> _58926_/D : -7.921903
[setup reg-reg] _58718_/Q -> _58927_/D : -7.921903
[setup reg-reg] _58718_/Q -> _58928_/D : -7.921903
[setup reg-reg] _58718_/Q -> _58929_/D : -7.921903
[setup reg-reg] _58718_/Q -> _58930_/D : -7.921903
[setup reg-reg] _58718_/Q -> _58931_/D : -7.921903
[setup reg-reg] _58718_/Q -> _58932_/D : -7.921903
[setup reg-reg] _58718_/Q -> _58934_/D : -7.921903
[setup reg-reg] _58718_/Q -> _58935_/D : -7.921903
[setup reg-reg] _58718_/Q -> _58936_/D : -7.921903
[setup reg-reg] _58718_/Q -> _58937_/D : -7.921903
[setup reg-reg] _58718_/Q -> _58938_/D : -7.921903
[setup reg-reg] _58718_/Q -> _58939_/D : -7.921903
[setup reg-reg] _58718_/Q -> _58882_/D : -7.918448
[setup reg-reg] _58718_/Q -> _58883_/D : -7.918448
[setup reg-reg] _58718_/Q -> _58889_/D : -7.918448
[setup reg-reg] _58718_/Q -> _58891_/D : -7.918448
[setup reg-reg] _58718_/Q -> _58892_/D : -7.918448
[setup reg-reg] _58718_/Q -> _58893_/D : -7.918448
[setup reg-reg] _58718_/Q -> _58896_/D : -7.918448
[setup reg-reg] _58718_/Q -> _58898_/D : -7.918448
[setup reg-reg] _58718_/Q -> _58901_/D : -7.918448
[setup reg-reg] _58718_/Q -> _58903_/D : -7.918448
[setup reg-reg] _58718_/Q -> _58719_/D : -7.900371
[setup reg-reg] _58718_/Q -> _58884_/D : -7.891160
[setup reg-reg] _58718_/Q -> _58887_/D : -7.891160
[setup reg-reg] _58718_/Q -> _58897_/D : -7.891160
[setup reg-reg] _58718_/Q -> _58717_/D : -7.890188
[setup reg-reg] _58718_/Q -> _58807_/D : -7.871475
[setup reg-reg] _58718_/Q -> _58808_/D : -7.871475
[setup reg-reg] _58718_/Q -> _58809_/D : -7.871475
[setup reg-reg] _58718_/Q -> _58810_/D : -7.871475
[setup reg-reg] _58718_/Q -> _58811_/D : -7.871475
[setup reg-reg] _58718_/Q -> _58812_/D : -7.871475
[setup reg-reg] _58718_/Q -> _58813_/D : -7.871475
[setup reg-reg] _58718_/Q -> _58814_/D : -7.871476
[setup reg-reg] _58718_/Q -> _58815_/D : -7.871476
[setup reg-reg] _58718_/Q -> _58816_/D : -7.871476
[setup reg-reg] _58718_/Q -> _58817_/D : -7.871472
[setup reg-reg] _58718_/Q -> _58818_/D : -7.871472
[setup reg-reg] _58718_/Q -> _58819_/D : -7.871472
[setup reg-reg] _58718_/Q -> _58820_/D : -7.871472
[setup reg-reg] _58718_/Q -> _58720_/D : -7.809883
[setup reg-reg] _58718_/Q -> _58433_/D : -7.803395
[setup reg-reg] _58718_/Q -> _58437_/D : -7.803395
[setup reg-reg] _58718_/Q -> _58445_/D : -7.803395
[setup reg-reg] _58718_/Q -> _58879_/D : -7.802115
[setup reg-reg] _58718_/Q -> _58885_/D : -7.802115
[setup reg-reg] _58718_/Q -> _58886_/D : -7.802115
[setup reg-reg] _58718_/Q -> _58888_/D : -7.802115
[setup reg-reg] _58718_/Q -> _58908_/D : -7.802115
[setup reg-reg] _58718_/Q -> _57481_/D : -7.787619
[setup reg-reg] _58718_/Q -> _58867_/D : -7.783826
[setup reg-reg] _58718_/Q -> _58706_/D : -7.749958
[setup reg-reg] _58718_/Q -> _58726_/D : -7.740314
[setup reg-reg] _58718_/Q -> _58727_/D : -7.740314
[setup reg-reg] _58718_/Q -> _58728_/D : -7.740314
[setup reg-reg] _58718_/Q -> _58729_/D : -7.740314
[setup reg-reg] _58718_/Q -> _58732_/D : -7.740314
[setup reg-reg] _58718_/Q -> _58733_/D : -7.740314
[setup reg-reg] _58718_/Q -> _58734_/D : -7.740314
[setup reg-reg] _58718_/Q -> _58738_/D : -7.740314
[setup reg-reg] _58718_/Q -> _58742_/D : -7.740314
[setup reg-reg] _58718_/Q -> _58744_/D : -7.740314
[setup reg-reg] _58718_/Q -> _58703_/D : -7.737969
[setup reg-reg] _58718_/Q -> _58705_/D : -7.737976
[setup reg-reg] _58718_/Q -> _58722_/D : -7.737184
[setup reg-reg] _58718_/Q -> _58724_/D : -7.737184
[setup reg-reg] _58718_/Q -> _58438_/D : -7.730126
[setup reg-reg] _58718_/Q -> _58791_/D : -7.730011
[setup reg-reg] _58718_/Q -> _58792_/D : -7.730011
[setup reg-reg] _58718_/Q -> _58793_/D : -7.730011
[setup reg-reg] _58718_/Q -> _58794_/D : -7.730011
[setup reg-reg] _58718_/Q -> _58795_/D : -7.730011
[setup reg-reg] _58718_/Q -> _58428_/D : -7.729132
[setup reg-reg] _58718_/Q -> _58431_/D : -7.729132
[setup reg-reg] _58718_/Q -> _58432_/D : -7.729132
[setup reg-reg] _58718_/Q -> _58434_/D : -7.729048
[setup reg-reg] _58718_/Q -> _58447_/D : -7.723013
[setup reg-reg] _58718_/Q -> _58909_/D : -7.707245
[setup reg-reg] _58718_/Q -> _58914_/D : -7.707245
[setup reg-reg] _58718_/Q -> _58426_/D : -7.674398
[setup reg-reg] _58718_/Q -> _58427_/D : -7.674398
[setup reg-reg] _58718_/Q -> _58430_/D : -7.663232
[setup reg-reg] _58718_/Q -> _58435_/D : -7.663232
[setup reg-reg] _58718_/Q -> _58436_/D : -7.663232
[setup reg-reg] _58718_/Q -> _58440_/D : -7.663232
[setup reg-reg] _58718_/Q -> _58441_/D : -7.663232
[setup reg-reg] _58718_/Q -> _58442_/D : -7.663232
[setup reg-reg] _58718_/Q -> _58443_/D : -7.663232
[setup reg-reg] _58718_/Q -> _58444_/D : -7.663232
[setup reg-reg] _58718_/Q -> _58446_/D : -7.663232
[setup reg-reg] _58718_/Q -> _58448_/D : -7.663232
[setup reg-reg] _58718_/Q -> _58700_/D : -7.629204
[setup reg-reg] _58718_/Q -> _58450_/D : -7.627984
[setup reg-reg] _58718_/Q -> _58452_/D : -7.627984
[setup reg-reg] _58718_/Q -> _58453_/D : -7.627984
[setup reg-reg] _58718_/Q -> _58904_/D : -7.624190
[setup reg-reg] _58718_/Q -> _58911_/D : -7.624175
[setup reg-reg] _58718_/Q -> _58790_/D : -7.619155
[setup reg-reg] _58718_/Q -> _58425_/D : -7.614586
[setup reg-reg] _58718_/Q -> _58894_/D : -7.607550
[setup reg-reg] _58718_/Q -> _58895_/D : -7.607550
[setup reg-reg] _58718_/Q -> _58899_/D : -7.607550
[setup reg-reg] _58718_/Q -> _58900_/D : -7.602448
[setup reg-reg] _58718_/Q -> _58902_/D : -7.602448
[setup reg-reg] _58718_/Q -> _58429_/D : -7.580411
[setup reg-reg] _58718_/Q -> _58454_/D : -7.536684
[setup reg-reg] _58718_/Q -> _58708_/D : -7.535631
[setup reg-reg] _58718_/Q -> _58711_/D : -7.535598
[setup reg-reg] _58718_/Q -> _58449_/D : -7.506566
[setup reg-reg] _58718_/Q -> _58702_/D : -7.498905
[setup reg-reg] _58718_/Q -> _58701_/D : -7.495131
[setup reg-reg] _58718_/Q -> _58707_/D : -7.495129
[setup reg-reg] _58718_/Q -> _58880_/D : -7.237076
[setup reg-reg] _58718_/Q -> _58890_/D : -7.237076
[setup reg-reg] _58718_/Q -> _58628_/D : -6.569480
[setup reg-reg] _58718_/Q -> _58623_/D : -6.096788
[setup reg-reg] _58718_/Q -> _58624_/D : -5.984023
[setup reg-reg] _58718_/Q -> _58625_/D : -5.955721
[setup reg-reg] _58875_/Q -> _58610_/D : -5.615849
[setup reg-reg] _58875_/Q -> _58622_/D : -5.564714
[setup reg-reg] _58718_/Q -> _58626_/D : -5.512410
[setup reg-reg] _58718_/Q -> _58627_/D : -5.488064
[setup reg-reg] _58875_/Q -> _58612_/D : -5.283972
[setup reg-reg] _58718_/Q -> _58619_/D : -5.235855
[setup reg-reg] _58718_/Q -> _58620_/D : -5.197002
[setup reg-reg] _58875_/Q -> _58608_/D : -5.143010
[setup reg-reg] _58875_/Q -> _58604_/D : -5.107763
[setup reg-reg] _58718_/Q -> _58621_/D : -5.086511
[setup reg-reg] _58875_/Q -> _58618_/D : -5.080289
[setup reg-reg] _58875_/Q -> _58615_/D : -5.019351
[setup reg-reg] _58875_/Q -> _58617_/D : -5.012039
[setup reg-reg] _58875_/Q -> _58611_/D : -4.980505
[setup reg-reg] _58875_/Q -> _58616_/D : -4.970881
[setup reg-reg] _58875_/Q -> _58613_/D : -4.945481
[setup reg-reg] _58875_/Q -> _58607_/D : -4.606024
[setup reg-reg] _58875_/Q -> _58609_/D : -4.582425
[setup reg-reg] _58875_/Q -> _58603_/D : -4.577441
[setup reg-reg] _58875_/Q -> _58606_/D : -4.553124
[setup reg-reg] _58875_/Q -> _58600_/D : -4.516520
[setup reg-reg] _58875_/Q -> _58602_/D : -4.479895
[setup reg-reg] _58875_/Q -> _58614_/D : -4.477062
[setup reg-reg] _58875_/Q -> _58598_/D : -4.465905
[setup reg-reg] _58875_/Q -> _58601_/D : -4.436991
[setup reg-reg] _58875_/Q -> _58605_/D : -4.424205
[setup reg-reg] _58875_/Q -> _58597_/D : -4.390985
[setup reg-reg] _58875_/Q -> _58599_/D : -4.259810
[setup in-reg] imem_ready -> _58706_/D : -1.064999
[setup in-reg] imem_ready -> _58700_/D : -0.807883
[setup in-reg] imem_ready -> _58708_/D : -0.704423
[setup in-reg] imem_ready -> _58704_/D : -0.591816
[setup in-reg] imem_ready -> _58711_/D : -0.584000
[setup in-reg] imem_ready -> _58710_/D : -0.575612
[setup reg-reg] _58624_/Q -> _57622_/D : -0.205650
[setup reg-reg] _58624_/Q -> _57625_/D : -0.205650
[setup reg-reg] _58624_/Q -> _57741_/D : -0.205650
[setup reg-reg] _58624_/Q -> _57510_/D : -0.205649
[setup reg-reg] _58624_/Q -> _57613_/D : -0.205649
[setup reg-reg] _58624_/Q -> _57624_/D : -0.205649
[setup reg-reg] _58624_/Q -> _57748_/D : -0.205649
[setup reg-reg] _58624_/Q -> _59870_/D : -0.205649
[setup reg-reg] _58624_/Q -> _57517_/D : -0.205648
[setup reg-reg] _58624_/Q -> _57521_/D : -0.205648
[setup reg-reg] _58624_/Q -> _57620_/D : -0.205648
[setup reg-reg] _58624_/Q -> _57752_/D : -0.205648
[setup reg-reg] _58624_/Q -> _59877_/D : -0.205648
[setup reg-reg] _58624_/Q -> _59881_/D : -0.205648
[setup reg-reg] _58624_/Q -> _57511_/D : -0.205644
[setup reg-reg] _58624_/Q -> _57614_/D : -0.205644
[setup reg-reg] _58624_/Q -> _57623_/D : -0.205644
[setup reg-reg] _58624_/Q -> _57742_/D : -0.205644
[setup reg-reg] _58624_/Q -> _59871_/D : -0.205644
[setup reg-reg] _58624_/Q -> _57750_/D : -0.205643
[setup reg-reg] _58624_/Q -> _57753_/D : -0.205643
[setup reg-reg] _58624_/Q -> _57754_/D : -0.205643
[setup reg-reg] _58624_/Q -> _59880_/D : -0.205643
[setup reg-reg] _58624_/Q -> _59883_/D : -0.205643
[setup reg-reg] _58624_/Q -> _57519_/D : -0.205642
[setup reg-reg] _58624_/Q -> _57520_/D : -0.205642
[setup reg-reg] _58624_/Q -> _57522_/D : -0.205642
[setup reg-reg] _58624_/Q -> _57523_/D : -0.205642
[setup reg-reg] _58624_/Q -> _57626_/D : -0.205642
[setup reg-reg] _58624_/Q -> _57751_/D : -0.205642
[setup reg-reg] _58624_/Q -> _59879_/D : -0.205642
[setup reg-reg] _58624_/Q -> _59882_/D : -0.205642
