100. Printing statistics.

=== FA_Reg ===

   Number of wires:                 12
   Number of wire bits:             12
   Number of public wires:           9
   Number of public wire bits:       9
   Number of ports:                  7
   Number of port bits:              7
   Number of memories:               0
   Number of memory bits:            0
   Number of processes:              0
   Number of cells:                  7
     $_ANDNOT_                       1
     $_AND_                          1
     $_OR_                           1
     $_XNOR_                         2
     sky130_fd_sc_hd__dfrtp_2        2

   Area for cell type $_AND_ is unknown!
   Area for cell type $_OR_ is unknown!
   Area for cell type $_XNOR_ is unknown!
   Area for cell type $_ANDNOT_ is unknown!

   Chip area for module '\FA_Reg': 52.550400
     of which used for sequential elements: 52.550400 (100.00%)

