Clock: clk
Sources: clk 
Generated: no
Virtual: no
Propagated: no
Period: 10.000000

===========================================================================
report_clock_properties
============================================================================
Clock                   Period          Waveform
----------------------------------------------------
clk                  10.000000    0.000000  5.000000

===========================================================================
report_clock_latency
============================================================================
Clock clk
rise -> rise
    min     max
0.000000 0.000000 source latency
1.275590         network latency _1261_/CLK
        2.810909 network latency _1194_/CLK
---------------
1.275590 2.810909 latency
        1.535318 skew

rise -> fall
    min     max
0.000000 0.000000 source latency
2.386231         network latency _1194_/CLK
        2.821858 network latency _1211_/CLK
---------------
2.386231 2.821858 latency
        0.435628 skew

fall -> fall
    min     max
0.000000 0.000000 source latency
0.614145         network latency _1261_/CLK
        0.614145 network latency _1261_/CLK
---------------
0.614145 0.614145 latency
        0.000000 skew



===========================================================================
report_clock_min_period
============================================================================
clk period_min = 3.34 fmax = 299.01
