
===========================================================================
report_checks -unconstrained
===========================================================================
======================= nom_tt_025C_1v80 Corner ===================================

Startpoint: rst_n (input port clocked by clk)
Endpoint: _1148_ (recovery check against rising-edge clock clk)
Path Group: asynchronous
Path Type: max

Fanout         Cap        Slew       Delay        Time   Description
---------------------------------------------------------------------------------------------
                      0.150000    0.000000    0.000000   clock clk (rise edge)
                                  0.000000    0.000000   clock network delay (ideal)
                                  2.000000    2.000000 ^ input external delay
   128    0.462336    2.073822    1.416493    3.416493 ^ rst_n (in)
                                                         rst_n (net)
                      2.073822    0.000000    3.416493 ^ _1148_/RESET_B (sky130_fd_sc_hd__dfrtp_2)
                                              3.416493   data arrival time

                      0.150000   10.000000   10.000000   clock clk (rise edge)
                                  0.000000   10.000000   clock network delay (ideal)
                                 -0.250000    9.750000   clock uncertainty
                                  0.000000    9.750000   clock reconvergence pessimism
                                              9.750000 ^ _1148_/CLK (sky130_fd_sc_hd__dfrtp_2)
                                 -0.418302    9.331698   library recovery time
                                              9.331698   data required time
---------------------------------------------------------------------------------------------
                                              9.331698   data required time
                                             -3.416493   data arrival time
---------------------------------------------------------------------------------------------
                                              5.915205   slack (MET)


Startpoint: _1186_ (rising edge-triggered flip-flop clocked by clk)
Endpoint: _1163_ (rising edge-triggered flip-flop clocked by clk)
Path Group: clk
Path Type: max

Fanout         Cap        Slew       Delay        Time   Description
---------------------------------------------------------------------------------------------
                      0.150000    0.000000    0.000000   clock clk (rise edge)
                                  0.000000    0.000000   clock network delay (ideal)
                      0.150000    0.000000    0.000000 ^ _1186_/CLK (sky130_fd_sc_hd__dfrtp_2)
     7    0.023907    0.089654    0.481709    0.481709 v _1186_/Q (sky130_fd_sc_hd__dfrtp_2)
                                                         ar_addr_lat[1] (net)
                      0.089654    0.000000    0.481709 v _0742_/A (sky130_fd_sc_hd__nor2_2)
   109    0.467733    4.773290    3.536891    4.018600 ^ _0742_/Y (sky130_fd_sc_hd__nor2_2)
                                                         _0261_ (net)
                      4.773290    0.000000    4.018600 ^ _0749_/A (sky130_fd_sc_hd__nand3_2)
     4    0.012687    0.737181    0.389210    4.407810 v _0749_/Y (sky130_fd_sc_hd__nand3_2)
                                                         _0268_ (net)
                      0.737181    0.000000    4.407810 v _0769_/B (sky130_fd_sc_hd__nor3_2)
     7    0.033843    0.604371    0.730623    5.138433 ^ _0769_/Y (sky130_fd_sc_hd__nor3_2)
                                                         _0288_ (net)
                      0.604371    0.000000    5.138433 ^ _0914_/B (sky130_fd_sc_hd__nand2_2)
     1    0.004159    0.093727    0.097367    5.235800 v _0914_/Y (sky130_fd_sc_hd__nand2_2)
                                                         _0419_ (net)
                      0.093727    0.000000    5.235800 v _0916_/A3 (sky130_fd_sc_hd__a31oi_2)
     1    0.002005    0.129441    0.177563    5.413363 ^ _0916_/Y (sky130_fd_sc_hd__a31oi_2)
                                                         _0054_ (net)
                      0.129441    0.000000    5.413363 ^ _1163_/D (sky130_fd_sc_hd__dfrtp_2)
                                              5.413363   data arrival time

                      0.150000   10.000000   10.000000   clock clk (rise edge)
                                  0.000000   10.000000   clock network delay (ideal)
                                 -0.250000    9.750000   clock uncertainty
                                  0.000000    9.750000   clock reconvergence pessimism
                                              9.750000 ^ _1163_/CLK (sky130_fd_sc_hd__dfrtp_2)
                                 -0.066762    9.683238   library setup time
                                              9.683238   data required time
---------------------------------------------------------------------------------------------
                                              9.683238   data required time
                                             -5.413363   data arrival time
---------------------------------------------------------------------------------------------
                                              4.269876   slack (MET)




===========================================================================
report_checks --slack_max -0.01
============================================================================
======================= nom_tt_025C_1v80 Corner ===================================

No paths found.


===========================================================================
 report_check_types -max_slew -max_cap -max_fanout -violators
============================================================================
======================= nom_tt_025C_1v80 Corner ===================================

max slew

Pin                                        Limit        Slew       Slack
------------------------------------------------------------------------
_0756_/Y                                0.750000    4.784768   -4.034768 (VIOLATED)
_0758_/C                                0.750000    4.784768   -4.034768 (VIOLATED)
_0759_/D                                0.750000    4.784768   -4.034768 (VIOLATED)
_0805_/A4                               0.750000    4.784768   -4.034768 (VIOLATED)
_0830_/A4                               0.750000    4.784768   -4.034768 (VIOLATED)
_0841_/D                                0.750000    4.784768   -4.034768 (VIOLATED)
_0842_/D                                0.750000    4.784768   -4.034768 (VIOLATED)
_0850_/D                                0.750000    4.784768   -4.034768 (VIOLATED)
_0851_/D                                0.750000    4.784768   -4.034768 (VIOLATED)
_0859_/D                                0.750000    4.784768   -4.034768 (VIOLATED)
_0860_/D                                0.750000    4.784768   -4.034768 (VIOLATED)
_0868_/D                                0.750000    4.784768   -4.034768 (VIOLATED)
_0869_/D                                0.750000    4.784768   -4.034768 (VIOLATED)
_0877_/D                                0.750000    4.784768   -4.034768 (VIOLATED)
_0878_/D                                0.750000    4.784768   -4.034768 (VIOLATED)
_0886_/D                                0.750000    4.784768   -4.034768 (VIOLATED)
_0887_/D                                0.750000    4.784768   -4.034768 (VIOLATED)
_0895_/D                                0.750000    4.784768   -4.034768 (VIOLATED)
_0896_/D                                0.750000    4.784768   -4.034768 (VIOLATED)
_0904_/D                                0.750000    4.784768   -4.034768 (VIOLATED)
_0905_/D                                0.750000    4.784768   -4.034768 (VIOLATED)
_0915_/A4                               0.750000    4.784768   -4.034768 (VIOLATED)
_0922_/D                                0.750000    4.784768   -4.034768 (VIOLATED)
_0923_/D                                0.750000    4.784768   -4.034768 (VIOLATED)
_0932_/D                                0.750000    4.784768   -4.034768 (VIOLATED)
_0933_/A4                               0.750000    4.784768   -4.034768 (VIOLATED)
_0942_/D                                0.750000    4.784768   -4.034768 (VIOLATED)
_0943_/A4                               0.750000    4.784768   -4.034768 (VIOLATED)
_0952_/D                                0.750000    4.784768   -4.034768 (VIOLATED)
_0953_/A4                               0.750000    4.784768   -4.034768 (VIOLATED)
_0960_/D                                0.750000    4.784768   -4.034768 (VIOLATED)
_0961_/D                                0.750000    4.784768   -4.034768 (VIOLATED)
_0969_/D                                0.750000    4.784768   -4.034768 (VIOLATED)
_0970_/D                                0.750000    4.784768   -4.034768 (VIOLATED)
_0979_/D                                0.750000    4.784768   -4.034768 (VIOLATED)
_0980_/A4                               0.750000    4.784768   -4.034768 (VIOLATED)
_0987_/D                                0.750000    4.784768   -4.034768 (VIOLATED)
_0988_/D                                0.750000    4.784768   -4.034768 (VIOLATED)
_0998_/D                                0.750000    4.784768   -4.034768 (VIOLATED)
_0999_/D                                0.750000    4.784768   -4.034768 (VIOLATED)
_1009_/D                                0.750000    4.784768   -4.034768 (VIOLATED)
_1018_/A4                               0.750000    4.784768   -4.034768 (VIOLATED)
_1019_/D                                0.750000    4.784768   -4.034768 (VIOLATED)
_1049_/D                                0.750000    4.784768   -4.034768 (VIOLATED)
_1050_/A4                               0.750000    4.784768   -4.034768 (VIOLATED)
_1060_/D                                0.750000    4.784768   -4.034768 (VIOLATED)
_1069_/A4                               0.750000    4.784768   -4.034768 (VIOLATED)
_1079_/D                                0.750000    4.784768   -4.034768 (VIOLATED)
_1080_/D                                0.750000    4.784768   -4.034768 (VIOLATED)
_0742_/Y                                0.750000    4.773290   -4.023290 (VIOLATED)
_0744_/B                                0.750000    4.773290   -4.023290 (VIOLATED)
_0746_/D                                0.750000    4.773290   -4.023290 (VIOLATED)
_0749_/A                                0.750000    4.773290   -4.023290 (VIOLATED)
_0750_/A                                0.750000    4.773290   -4.023290 (VIOLATED)
_0752_/C                                0.750000    4.773290   -4.023290 (VIOLATED)
_0766_/D                                0.750000    4.773290   -4.023290 (VIOLATED)
_0767_/B                                0.750000    4.773290   -4.023290 (VIOLATED)
_0773_/B                                0.750000    4.773290   -4.023290 (VIOLATED)
_0774_/D                                0.750000    4.773290   -4.023290 (VIOLATED)
_0776_/A                                0.750000    4.773290   -4.023290 (VIOLATED)
_0779_/D                                0.750000    4.773290   -4.023290 (VIOLATED)
_0780_/B                                0.750000    4.773290   -4.023290 (VIOLATED)
_0786_/B                                0.750000    4.773290   -4.023290 (VIOLATED)
_0787_/D                                0.750000    4.773290   -4.023290 (VIOLATED)
_0789_/A                                0.750000    4.773290   -4.023290 (VIOLATED)
_0792_/B                                0.750000    4.773290   -4.023290 (VIOLATED)
_0793_/D                                0.750000    4.773290   -4.023290 (VIOLATED)
_0800_/C                                0.750000    4.773290   -4.023290 (VIOLATED)
_0801_/D                                0.750000    4.773290   -4.023290 (VIOLATED)
_0802_/A                                0.750000    4.773290   -4.023290 (VIOLATED)
_0806_/B                                0.750000    4.773290   -4.023290 (VIOLATED)
_0807_/D                                0.750000    4.773290   -4.023290 (VIOLATED)
_0812_/C                                0.750000    4.773290   -4.023290 (VIOLATED)
_0813_/D                                0.750000    4.773290   -4.023290 (VIOLATED)
_0814_/B                                0.750000    4.773290   -4.023290 (VIOLATED)
_0815_/A                                0.750000    4.773290   -4.023290 (VIOLATED)
_0818_/B                                0.750000    4.773290   -4.023290 (VIOLATED)
_0819_/D                                0.750000    4.773290   -4.023290 (VIOLATED)
_0825_/B                                0.750000    4.773290   -4.023290 (VIOLATED)
_0826_/A                                0.750000    4.773290   -4.023290 (VIOLATED)
_0827_/C                                0.750000    4.773290   -4.023290 (VIOLATED)
_0828_/D                                0.750000    4.773290   -4.023290 (VIOLATED)
_0831_/B                                0.750000    4.773290   -4.023290 (VIOLATED)
_0832_/D                                0.750000    4.773290   -4.023290 (VIOLATED)
_0838_/B                                0.750000    4.773290   -4.023290 (VIOLATED)
_0839_/C                                0.750000    4.773290   -4.023290 (VIOLATED)
_0847_/A                                0.750000    4.773290   -4.023290 (VIOLATED)
_0848_/B                                0.750000    4.773290   -4.023290 (VIOLATED)
_0856_/B                                0.750000    4.773290   -4.023290 (VIOLATED)
_0857_/C                                0.750000    4.773290   -4.023290 (VIOLATED)
_0865_/B                                0.750000    4.773290   -4.023290 (VIOLATED)
_0866_/C                                0.750000    4.773290   -4.023290 (VIOLATED)
_0874_/C                                0.750000    4.773290   -4.023290 (VIOLATED)
_0875_/B                                0.750000    4.773290   -4.023290 (VIOLATED)
_0883_/B                                0.750000    4.773290   -4.023290 (VIOLATED)
_0884_/C                                0.750000    4.773290   -4.023290 (VIOLATED)
_0892_/B                                0.750000    4.773290   -4.023290 (VIOLATED)
_0893_/C                                0.750000    4.773290   -4.023290 (VIOLATED)
_0901_/B                                0.750000    4.773290   -4.023290 (VIOLATED)
_0902_/C                                0.750000    4.773290   -4.023290 (VIOLATED)
_0909_/D                                0.750000    4.773290   -4.023290 (VIOLATED)
_0910_/C                                0.750000    4.773290   -4.023290 (VIOLATED)
_0911_/B                                0.750000    4.773290   -4.023290 (VIOLATED)
_0912_/A                                0.750000    4.773290   -4.023290 (VIOLATED)
_0919_/B                                0.750000    4.773290   -4.023290 (VIOLATED)
_0920_/C                                0.750000    4.773290   -4.023290 (VIOLATED)
_0928_/D                                0.750000    4.773290   -4.023290 (VIOLATED)
_0929_/B                                0.750000    4.773290   -4.023290 (VIOLATED)
_0930_/C                                0.750000    4.773290   -4.023290 (VIOLATED)
_0936_/A                                0.750000    4.773290   -4.023290 (VIOLATED)
_0937_/D                                0.750000    4.773290   -4.023290 (VIOLATED)
_0938_/B                                0.750000    4.773290   -4.023290 (VIOLATED)
_0939_/C                                0.750000    4.773290   -4.023290 (VIOLATED)
_0946_/C                                0.750000    4.773290   -4.023290 (VIOLATED)
_0947_/D                                0.750000    4.773290   -4.023290 (VIOLATED)
_0948_/B                                0.750000    4.773290   -4.023290 (VIOLATED)
_0949_/A                                0.750000    4.773290   -4.023290 (VIOLATED)
_0956_/D                                0.750000    4.773290   -4.023290 (VIOLATED)
_0957_/B                                0.750000    4.773290   -4.023290 (VIOLATED)
_0958_/A                                0.750000    4.773290   -4.023290 (VIOLATED)
_0966_/B                                0.750000    4.773290   -4.023290 (VIOLATED)
_0967_/C                                0.750000    4.773290   -4.023290 (VIOLATED)
_0974_/D                                0.750000    4.773290   -4.023290 (VIOLATED)
_0975_/B                                0.750000    4.773290   -4.023290 (VIOLATED)
_0976_/C                                0.750000    4.773290   -4.023290 (VIOLATED)
_0977_/A                                0.750000    4.773290   -4.023290 (VIOLATED)
_0983_/C                                0.750000    4.773290   -4.023290 (VIOLATED)
_0984_/A                                0.750000    4.773290   -4.023290 (VIOLATED)
_0985_/D                                0.750000    4.773290   -4.023290 (VIOLATED)
_0992_/A                                0.750000    4.773290   -4.023290 (VIOLATED)
_0993_/D                                0.750000    4.773290   -4.023290 (VIOLATED)
_0995_/B                                0.750000    4.773290   -4.023290 (VIOLATED)
_1002_/A                                0.750000    4.773290   -4.023290 (VIOLATED)
_1003_/D                                0.750000    4.773290   -4.023290 (VIOLATED)
_1004_/C                                0.750000    4.773290   -4.023290 (VIOLATED)
_1005_/B                                0.750000    4.773290   -4.023290 (VIOLATED)
_1012_/A                                0.750000    4.773290   -4.023290 (VIOLATED)
_1013_/D                                0.750000    4.773290   -4.023290 (VIOLATED)
_1014_/B                                0.750000    4.773290   -4.023290 (VIOLATED)
_1015_/C                                0.750000    4.773290   -4.023290 (VIOLATED)
_1022_/A                                0.750000    4.773290   -4.023290 (VIOLATED)
_1023_/D                                0.750000    4.773290   -4.023290 (VIOLATED)
_1024_/B                                0.750000    4.773290   -4.023290 (VIOLATED)
_1025_/C                                0.750000    4.773290   -4.023290 (VIOLATED)
_1032_/B                                0.750000    4.773290   -4.023290 (VIOLATED)
_1043_/A                                0.750000    4.773290   -4.023290 (VIOLATED)
_1044_/D                                0.750000    4.773290   -4.023290 (VIOLATED)
_1045_/B                                0.750000    4.773290   -4.023290 (VIOLATED)
_1046_/C                                0.750000    4.773290   -4.023290 (VIOLATED)
_1053_/C                                0.750000    4.773290   -4.023290 (VIOLATED)
_1054_/D                                0.750000    4.773290   -4.023290 (VIOLATED)
_1056_/B                                0.750000    4.773290   -4.023290 (VIOLATED)
_1063_/C                                0.750000    4.773290   -4.023290 (VIOLATED)
_1064_/D                                0.750000    4.773290   -4.023290 (VIOLATED)
_1065_/B                                0.750000    4.773290   -4.023290 (VIOLATED)
_1066_/A                                0.750000    4.773290   -4.023290 (VIOLATED)
_1074_/D                                0.750000    4.773290   -4.023290 (VIOLATED)
_1075_/A                                0.750000    4.773290   -4.023290 (VIOLATED)
_1076_/B                                0.750000    4.773290   -4.023290 (VIOLATED)
_0737_/Y                                0.750000    4.613792   -3.863792 (VIOLATED)
_0740_/A                                0.750000    4.613792   -3.863792 (VIOLATED)
_0758_/A                                0.750000    4.613792   -3.863792 (VIOLATED)
_0759_/B                                0.750000    4.613792   -3.863792 (VIOLATED)
_0805_/A2                               0.750000    4.613792   -3.863792 (VIOLATED)
_0830_/A2                               0.750000    4.613792   -3.863792 (VIOLATED)
_0841_/B                                0.750000    4.613792   -3.863792 (VIOLATED)
_0842_/B                                0.750000    4.613792   -3.863792 (VIOLATED)
_0850_/B                                0.750000    4.613792   -3.863792 (VIOLATED)
_0851_/B                                0.750000    4.613792   -3.863792 (VIOLATED)
_0859_/B                                0.750000    4.613792   -3.863792 (VIOLATED)
_0860_/B                                0.750000    4.613792   -3.863792 (VIOLATED)
_0868_/B                                0.750000    4.613792   -3.863792 (VIOLATED)
_0869_/B                                0.750000    4.613792   -3.863792 (VIOLATED)
_0877_/B                                0.750000    4.613792   -3.863792 (VIOLATED)
_0878_/B                                0.750000    4.613792   -3.863792 (VIOLATED)
_0886_/B                                0.750000    4.613792   -3.863792 (VIOLATED)
_0887_/B                                0.750000    4.613792   -3.863792 (VIOLATED)
_0895_/B                                0.750000    4.613792   -3.863792 (VIOLATED)
_0896_/B                                0.750000    4.613792   -3.863792 (VIOLATED)
_0904_/B                                0.750000    4.613792   -3.863792 (VIOLATED)
_0905_/B                                0.750000    4.613792   -3.863792 (VIOLATED)
_0915_/A2                               0.750000    4.613792   -3.863792 (VIOLATED)
_0922_/B                                0.750000    4.613792   -3.863792 (VIOLATED)
_0923_/B                                0.750000    4.613792   -3.863792 (VIOLATED)
_0932_/B                                0.750000    4.613792   -3.863792 (VIOLATED)
_0933_/A2                               0.750000    4.613792   -3.863792 (VIOLATED)
_0942_/B                                0.750000    4.613792   -3.863792 (VIOLATED)
_0943_/A2                               0.750000    4.613792   -3.863792 (VIOLATED)
_0952_/B                                0.750000    4.613792   -3.863792 (VIOLATED)
_0953_/A2                               0.750000    4.613792   -3.863792 (VIOLATED)
_0960_/B                                0.750000    4.613792   -3.863792 (VIOLATED)
_0961_/B                                0.750000    4.613792   -3.863792 (VIOLATED)
_0969_/B                                0.750000    4.613792   -3.863792 (VIOLATED)
_0970_/B                                0.750000    4.613792   -3.863792 (VIOLATED)
_0979_/B                                0.750000    4.613792   -3.863792 (VIOLATED)
_0980_/A2                               0.750000    4.613792   -3.863792 (VIOLATED)
_0987_/B                                0.750000    4.613792   -3.863792 (VIOLATED)
_0988_/B                                0.750000    4.613792   -3.863792 (VIOLATED)
_0998_/B                                0.750000    4.613792   -3.863792 (VIOLATED)
_0999_/B                                0.750000    4.613792   -3.863792 (VIOLATED)
_1009_/B                                0.750000    4.613792   -3.863792 (VIOLATED)
_1018_/A2                               0.750000    4.613792   -3.863792 (VIOLATED)
_1019_/B                                0.750000    4.613792   -3.863792 (VIOLATED)
_1049_/B                                0.750000    4.613792   -3.863792 (VIOLATED)
_1050_/A2                               0.750000    4.613792   -3.863792 (VIOLATED)
_1060_/B                                0.750000    4.613792   -3.863792 (VIOLATED)
_1069_/A2                               0.750000    4.613792   -3.863792 (VIOLATED)
_1079_/B                                0.750000    4.613792   -3.863792 (VIOLATED)
_1080_/B                                0.750000    4.613792   -3.863792 (VIOLATED)
_0748_/Y                                0.750000    3.449159   -2.699159 (VIOLATED)
_0805_/A3                               0.750000    3.449159   -2.699159 (VIOLATED)
_0837_/B                                0.750000    3.449159   -2.699159 (VIOLATED)
_0841_/C                                0.750000    3.449159   -2.699159 (VIOLATED)
_0851_/C                                0.750000    3.449159   -2.699159 (VIOLATED)
_0855_/B                                0.750000    3.449159   -2.699159 (VIOLATED)
_0859_/C                                0.750000    3.449159   -2.699159 (VIOLATED)
_0864_/B                                0.750000    3.449159   -2.699159 (VIOLATED)
_0868_/C                                0.750000    3.449159   -2.699159 (VIOLATED)
_0873_/B                                0.750000    3.449159   -2.699159 (VIOLATED)
_0877_/C                                0.750000    3.449159   -2.699159 (VIOLATED)
_0882_/B                                0.750000    3.449159   -2.699159 (VIOLATED)
_0886_/C                                0.750000    3.449159   -2.699159 (VIOLATED)
_0891_/B                                0.750000    3.449159   -2.699159 (VIOLATED)
_0895_/C                                0.750000    3.449159   -2.699159 (VIOLATED)
_0900_/B                                0.750000    3.449159   -2.699159 (VIOLATED)
_0904_/C                                0.750000    3.449159   -2.699159 (VIOLATED)
_0918_/B                                0.750000    3.449159   -2.699159 (VIOLATED)
_0922_/C                                0.750000    3.449159   -2.699159 (VIOLATED)
_0927_/B                                0.750000    3.449159   -2.699159 (VIOLATED)
_0933_/A3                               0.750000    3.449159   -2.699159 (VIOLATED)
_0943_/A3                               0.750000    3.449159   -2.699159 (VIOLATED)
_0953_/A3                               0.750000    3.449159   -2.699159 (VIOLATED)
_0961_/C                                0.750000    3.449159   -2.699159 (VIOLATED)
_0965_/B                                0.750000    3.449159   -2.699159 (VIOLATED)
_0970_/C                                0.750000    3.449159   -2.699159 (VIOLATED)
_0980_/A3                               0.750000    3.449159   -2.699159 (VIOLATED)
_0988_/C                                0.750000    3.449159   -2.699159 (VIOLATED)
_0999_/C                                0.750000    3.449159   -2.699159 (VIOLATED)
_1009_/C                                0.750000    3.449159   -2.699159 (VIOLATED)
_1018_/A3                               0.750000    3.449159   -2.699159 (VIOLATED)
_1033_/A2_N                             0.750000    3.449159   -2.699159 (VIOLATED)
_1038_/B                                0.750000    3.449159   -2.699159 (VIOLATED)
_1050_/A3                               0.750000    3.449159   -2.699159 (VIOLATED)
_1060_/C                                0.750000    3.449159   -2.699159 (VIOLATED)
_1080_/C                                0.750000    3.449159   -2.699159 (VIOLATED)
_0751_/Y                                0.750000    3.118749   -2.368749 (VIOLATED)
_0758_/B                                0.750000    3.118749   -2.368749 (VIOLATED)
_0759_/C                                0.750000    3.118749   -2.368749 (VIOLATED)
_0809_/B                                0.750000    3.118749   -2.368749 (VIOLATED)
_0830_/A3                               0.750000    3.118749   -2.368749 (VIOLATED)
_0842_/C                                0.750000    3.118749   -2.368749 (VIOLATED)
_0846_/B                                0.750000    3.118749   -2.368749 (VIOLATED)
_0850_/C                                0.750000    3.118749   -2.368749 (VIOLATED)
_0860_/C                                0.750000    3.118749   -2.368749 (VIOLATED)
_0869_/C                                0.750000    3.118749   -2.368749 (VIOLATED)
_0878_/C                                0.750000    3.118749   -2.368749 (VIOLATED)
_0887_/C                                0.750000    3.118749   -2.368749 (VIOLATED)
_0896_/C                                0.750000    3.118749   -2.368749 (VIOLATED)
_0905_/C                                0.750000    3.118749   -2.368749 (VIOLATED)
_0915_/A3                               0.750000    3.118749   -2.368749 (VIOLATED)
_0923_/C                                0.750000    3.118749   -2.368749 (VIOLATED)
_0932_/C                                0.750000    3.118749   -2.368749 (VIOLATED)
_0942_/C                                0.750000    3.118749   -2.368749 (VIOLATED)
_0952_/C                                0.750000    3.118749   -2.368749 (VIOLATED)
_0955_/B                                0.750000    3.118749   -2.368749 (VIOLATED)
_0960_/C                                0.750000    3.118749   -2.368749 (VIOLATED)
_0969_/C                                0.750000    3.118749   -2.368749 (VIOLATED)
_0979_/C                                0.750000    3.118749   -2.368749 (VIOLATED)
_0987_/C                                0.750000    3.118749   -2.368749 (VIOLATED)
_0998_/C                                0.750000    3.118749   -2.368749 (VIOLATED)
_1008_/B                                0.750000    3.118749   -2.368749 (VIOLATED)
_1019_/C                                0.750000    3.118749   -2.368749 (VIOLATED)
_1036_/B                                0.750000    3.118749   -2.368749 (VIOLATED)
_1049_/C                                0.750000    3.118749   -2.368749 (VIOLATED)
_1059_/B                                0.750000    3.118749   -2.368749 (VIOLATED)
_1069_/A3                               0.750000    3.118749   -2.368749 (VIOLATED)
_1073_/B                                0.750000    3.118749   -2.368749 (VIOLATED)
_1079_/C                                0.750000    3.118749   -2.368749 (VIOLATED)
rst_n                                   0.750000    2.073822   -1.323822 (VIOLATED)
_1148_/RESET_B                          0.750000    2.073822   -1.323822 (VIOLATED)
_1149_/RESET_B                          0.750000    2.073822   -1.323822 (VIOLATED)
_1150_/RESET_B                          0.750000    2.073822   -1.323822 (VIOLATED)
_1151_/RESET_B                          0.750000    2.073822   -1.323822 (VIOLATED)
_1152_/RESET_B                          0.750000    2.073822   -1.323822 (VIOLATED)
_1153_/RESET_B                          0.750000    2.073822   -1.323822 (VIOLATED)
_1154_/RESET_B                          0.750000    2.073822   -1.323822 (VIOLATED)
_1155_/RESET_B                          0.750000    2.073822   -1.323822 (VIOLATED)
_1156_/RESET_B                          0.750000    2.073822   -1.323822 (VIOLATED)
_1157_/RESET_B                          0.750000    2.073822   -1.323822 (VIOLATED)
_1158_/RESET_B                          0.750000    2.073822   -1.323822 (VIOLATED)
_1159_/RESET_B                          0.750000    2.073822   -1.323822 (VIOLATED)
_1160_/RESET_B                          0.750000    2.073822   -1.323822 (VIOLATED)
_1161_/RESET_B                          0.750000    2.073822   -1.323822 (VIOLATED)
_1162_/RESET_B                          0.750000    2.073822   -1.323822 (VIOLATED)
_1163_/RESET_B                          0.750000    2.073822   -1.323822 (VIOLATED)
_1164_/RESET_B                          0.750000    2.073822   -1.323822 (VIOLATED)
_1165_/RESET_B                          0.750000    2.073822   -1.323822 (VIOLATED)
_1166_/RESET_B                          0.750000    2.073822   -1.323822 (VIOLATED)
_1167_/RESET_B                          0.750000    2.073822   -1.323822 (VIOLATED)
_1168_/RESET_B                          0.750000    2.073822   -1.323822 (VIOLATED)
_1169_/RESET_B                          0.750000    2.073822   -1.323822 (VIOLATED)
_1170_/RESET_B                          0.750000    2.073822   -1.323822 (VIOLATED)
_1171_/RESET_B                          0.750000    2.073822   -1.323822 (VIOLATED)
_1172_/RESET_B                          0.750000    2.073822   -1.323822 (VIOLATED)
_1173_/RESET_B                          0.750000    2.073822   -1.323822 (VIOLATED)
_1174_/RESET_B                          0.750000    2.073822   -1.323822 (VIOLATED)
_1175_/RESET_B                          0.750000    2.073822   -1.323822 (VIOLATED)
_1176_/RESET_B                          0.750000    2.073822   -1.323822 (VIOLATED)
_1177_/RESET_B                          0.750000    2.073822   -1.323822 (VIOLATED)
_1178_/RESET_B                          0.750000    2.073822   -1.323822 (VIOLATED)
_1179_/RESET_B                          0.750000    2.073822   -1.323822 (VIOLATED)
_1180_/RESET_B                          0.750000    2.073822   -1.323822 (VIOLATED)
_1181_/RESET_B                          0.750000    2.073822   -1.323822 (VIOLATED)
_1182_/RESET_B                          0.750000    2.073822   -1.323822 (VIOLATED)
_1183_/RESET_B                          0.750000    2.073822   -1.323822 (VIOLATED)
_1184_/RESET_B                          0.750000    2.073822   -1.323822 (VIOLATED)
_1185_/RESET_B                          0.750000    2.073822   -1.323822 (VIOLATED)
_1186_/RESET_B                          0.750000    2.073822   -1.323822 (VIOLATED)
_1187_/RESET_B                          0.750000    2.073822   -1.323822 (VIOLATED)
_1188_/RESET_B                          0.750000    2.073822   -1.323822 (VIOLATED)
_1189_/RESET_B                          0.750000    2.073822   -1.323822 (VIOLATED)
_1190_/RESET_B                          0.750000    2.073822   -1.323822 (VIOLATED)
_1191_/RESET_B                          0.750000    2.073822   -1.323822 (VIOLATED)
_1192_/RESET_B                          0.750000    2.073822   -1.323822 (VIOLATED)
_1193_/RESET_B                          0.750000    2.073822   -1.323822 (VIOLATED)
_1194_/RESET_B                          0.750000    2.073822   -1.323822 (VIOLATED)
_1195_/RESET_B                          0.750000    2.073822   -1.323822 (VIOLATED)
_1196_/RESET_B                          0.750000    2.073822   -1.323822 (VIOLATED)
_1197_/RESET_B                          0.750000    2.073822   -1.323822 (VIOLATED)
_1198_/RESET_B                          0.750000    2.073822   -1.323822 (VIOLATED)
_1199_/RESET_B                          0.750000    2.073822   -1.323822 (VIOLATED)
_1200_/RESET_B                          0.750000    2.073822   -1.323822 (VIOLATED)
_1201_/RESET_B                          0.750000    2.073822   -1.323822 (VIOLATED)
_1202_/RESET_B                          0.750000    2.073822   -1.323822 (VIOLATED)
_1203_/RESET_B                          0.750000    2.073822   -1.323822 (VIOLATED)
_1204_/RESET_B                          0.750000    2.073822   -1.323822 (VIOLATED)
_1205_/RESET_B                          0.750000    2.073822   -1.323822 (VIOLATED)
_1206_/RESET_B                          0.750000    2.073822   -1.323822 (VIOLATED)
_1207_/RESET_B                          0.750000    2.073822   -1.323822 (VIOLATED)
_1208_/RESET_B                          0.750000    2.073822   -1.323822 (VIOLATED)
_1209_/RESET_B                          0.750000    2.073822   -1.323822 (VIOLATED)
_1210_/RESET_B                          0.750000    2.073822   -1.323822 (VIOLATED)
_1211_/RESET_B                          0.750000    2.073822   -1.323822 (VIOLATED)
_1212_/RESET_B                          0.750000    2.073822   -1.323822 (VIOLATED)
_1213_/RESET_B                          0.750000    2.073822   -1.323822 (VIOLATED)
_1214_/RESET_B                          0.750000    2.073822   -1.323822 (VIOLATED)
_1215_/RESET_B                          0.750000    2.073822   -1.323822 (VIOLATED)
_1216_/RESET_B                          0.750000    2.073822   -1.323822 (VIOLATED)
_1217_/RESET_B                          0.750000    2.073822   -1.323822 (VIOLATED)
_1218_/RESET_B                          0.750000    2.073822   -1.323822 (VIOLATED)
_1219_/RESET_B                          0.750000    2.073822   -1.323822 (VIOLATED)
_1220_/RESET_B                          0.750000    2.073822   -1.323822 (VIOLATED)
_1221_/RESET_B                          0.750000    2.073822   -1.323822 (VIOLATED)
_1222_/RESET_B                          0.750000    2.073822   -1.323822 (VIOLATED)
_1223_/RESET_B                          0.750000    2.073822   -1.323822 (VIOLATED)
_1224_/RESET_B                          0.750000    2.073822   -1.323822 (VIOLATED)
_1225_/RESET_B                          0.750000    2.073822   -1.323822 (VIOLATED)
_1226_/RESET_B                          0.750000    2.073822   -1.323822 (VIOLATED)
_1227_/RESET_B                          0.750000    2.073822   -1.323822 (VIOLATED)
_1228_/RESET_B                          0.750000    2.073822   -1.323822 (VIOLATED)
_1229_/RESET_B                          0.750000    2.073822   -1.323822 (VIOLATED)
_1230_/RESET_B                          0.750000    2.073822   -1.323822 (VIOLATED)
_1231_/RESET_B                          0.750000    2.073822   -1.323822 (VIOLATED)
_1232_/RESET_B                          0.750000    2.073822   -1.323822 (VIOLATED)
_1233_/RESET_B                          0.750000    2.073822   -1.323822 (VIOLATED)
_1234_/RESET_B                          0.750000    2.073822   -1.323822 (VIOLATED)
_1235_/RESET_B                          0.750000    2.073822   -1.323822 (VIOLATED)
_1236_/RESET_B                          0.750000    2.073822   -1.323822 (VIOLATED)
_1237_/RESET_B                          0.750000    2.073822   -1.323822 (VIOLATED)
_1238_/RESET_B                          0.750000    2.073822   -1.323822 (VIOLATED)
_1239_/RESET_B                          0.750000    2.073822   -1.323822 (VIOLATED)
_1240_/RESET_B                          0.750000    2.073822   -1.323822 (VIOLATED)
_1241_/RESET_B                          0.750000    2.073822   -1.323822 (VIOLATED)
_1242_/RESET_B                          0.750000    2.073822   -1.323822 (VIOLATED)
_1243_/RESET_B                          0.750000    2.073822   -1.323822 (VIOLATED)
_1244_/RESET_B                          0.750000    2.073822   -1.323822 (VIOLATED)
_1245_/RESET_B                          0.750000    2.073822   -1.323822 (VIOLATED)
_1246_/RESET_B                          0.750000    2.073822   -1.323822 (VIOLATED)
_1247_/RESET_B                          0.750000    2.073822   -1.323822 (VIOLATED)
_1248_/RESET_B                          0.750000    2.073822   -1.323822 (VIOLATED)
_1249_/RESET_B                          0.750000    2.073822   -1.323822 (VIOLATED)
_1250_/RESET_B                          0.750000    2.073822   -1.323822 (VIOLATED)
_1251_/RESET_B                          0.750000    2.073822   -1.323822 (VIOLATED)
_1252_/RESET_B                          0.750000    2.073822   -1.323822 (VIOLATED)
_1253_/RESET_B                          0.750000    2.073822   -1.323822 (VIOLATED)
_1254_/RESET_B                          0.750000    2.073822   -1.323822 (VIOLATED)
_1255_/RESET_B                          0.750000    2.073822   -1.323822 (VIOLATED)
_1256_/RESET_B                          0.750000    2.073822   -1.323822 (VIOLATED)
_1257_/RESET_B                          0.750000    2.073822   -1.323822 (VIOLATED)
_1258_/RESET_B                          0.750000    2.073822   -1.323822 (VIOLATED)
_1259_/RESET_B                          0.750000    2.073822   -1.323822 (VIOLATED)
_1260_/RESET_B                          0.750000    2.073822   -1.323822 (VIOLATED)
_1261_/RESET_B                          0.750000    2.073822   -1.323822 (VIOLATED)
_1262_/RESET_B                          0.750000    2.073822   -1.323822 (VIOLATED)
_1263_/RESET_B                          0.750000    2.073822   -1.323822 (VIOLATED)
_1264_/RESET_B                          0.750000    2.073822   -1.323822 (VIOLATED)
_1265_/RESET_B                          0.750000    2.073822   -1.323822 (VIOLATED)
_1266_/RESET_B                          0.750000    2.073822   -1.323822 (VIOLATED)
_1267_/RESET_B                          0.750000    2.073822   -1.323822 (VIOLATED)
_1268_/RESET_B                          0.750000    2.073822   -1.323822 (VIOLATED)
_1269_/RESET_B                          0.750000    2.073822   -1.323822 (VIOLATED)
_1270_/RESET_B                          0.750000    2.073822   -1.323822 (VIOLATED)
_1271_/RESET_B                          0.750000    2.073822   -1.323822 (VIOLATED)
_1272_/RESET_B                          0.750000    2.073822   -1.323822 (VIOLATED)
_1273_/RESET_B                          0.750000    2.073822   -1.323822 (VIOLATED)
_1274_/RESET_B                          0.750000    2.073822   -1.323822 (VIOLATED)
_1275_/RESET_B                          0.750000    2.073822   -1.323822 (VIOLATED)
_0727_/Y                                0.750000    1.912542   -1.162542 (VIOLATED)
_0730_/B                                0.750000    1.912542   -1.162542 (VIOLATED)
_0762_/B1                               0.750000    1.912542   -1.162542 (VIOLATED)
_0765_/B1                               0.750000    1.912542   -1.162542 (VIOLATED)
_0772_/B                                0.750000    1.912542   -1.162542 (VIOLATED)
_0785_/B                                0.750000    1.912542   -1.162542 (VIOLATED)
_0798_/B                                0.750000    1.912542   -1.162542 (VIOLATED)
_0811_/B                                0.750000    1.912542   -1.162542 (VIOLATED)
_0824_/B                                0.750000    1.912542   -1.162542 (VIOLATED)
_0843_/C                                0.750000    1.912542   -1.162542 (VIOLATED)
_0844_/A2                               0.750000    1.912542   -1.162542 (VIOLATED)
_0852_/C                                0.750000    1.912542   -1.162542 (VIOLATED)
_0853_/A2                               0.750000    1.912542   -1.162542 (VIOLATED)
_0861_/C                                0.750000    1.912542   -1.162542 (VIOLATED)
_0862_/A2                               0.750000    1.912542   -1.162542 (VIOLATED)
_0870_/C                                0.750000    1.912542   -1.162542 (VIOLATED)
_0871_/A2                               0.750000    1.912542   -1.162542 (VIOLATED)
_0879_/C                                0.750000    1.912542   -1.162542 (VIOLATED)
_0880_/A2                               0.750000    1.912542   -1.162542 (VIOLATED)
_0888_/C                                0.750000    1.912542   -1.162542 (VIOLATED)
_0889_/A2                               0.750000    1.912542   -1.162542 (VIOLATED)
_0897_/C                                0.750000    1.912542   -1.162542 (VIOLATED)
_0898_/A2                               0.750000    1.912542   -1.162542 (VIOLATED)
_0906_/C                                0.750000    1.912542   -1.162542 (VIOLATED)
_0907_/A2                               0.750000    1.912542   -1.162542 (VIOLATED)
_0908_/B                                0.750000    1.912542   -1.162542 (VIOLATED)
_0924_/C                                0.750000    1.912542   -1.162542 (VIOLATED)
_0925_/A2                               0.750000    1.912542   -1.162542 (VIOLATED)
_0926_/B                                0.750000    1.912542   -1.162542 (VIOLATED)
_0935_/B                                0.750000    1.912542   -1.162542 (VIOLATED)
_0945_/B                                0.750000    1.912542   -1.162542 (VIOLATED)
_0962_/C                                0.750000    1.912542   -1.162542 (VIOLATED)
_0963_/A2_N                             0.750000    1.912542   -1.162542 (VIOLATED)
_0971_/C                                0.750000    1.912542   -1.162542 (VIOLATED)
_0972_/A2                               0.750000    1.912542   -1.162542 (VIOLATED)
_0973_/B                                0.750000    1.912542   -1.162542 (VIOLATED)
_0989_/B1                               0.750000    1.912542   -1.162542 (VIOLATED)
_0990_/A2                               0.750000    1.912542   -1.162542 (VIOLATED)
_0991_/B                                0.750000    1.912542   -1.162542 (VIOLATED)
_1001_/B                                0.750000    1.912542   -1.162542 (VIOLATED)
_1011_/B                                0.750000    1.912542   -1.162542 (VIOLATED)
_1021_/B                                0.750000    1.912542   -1.162542 (VIOLATED)
_1041_/A2_N                             0.750000    1.912542   -1.162542 (VIOLATED)
_1042_/B                                0.750000    1.912542   -1.162542 (VIOLATED)
_1052_/B                                0.750000    1.912542   -1.162542 (VIOLATED)
_1062_/B                                0.750000    1.912542   -1.162542 (VIOLATED)
_1072_/B                                0.750000    1.912542   -1.162542 (VIOLATED)
_0584_/A                                0.750000    1.287172   -0.537172 (VIOLATED)
_0743_/D_N                              0.750000    1.287172   -0.537172 (VIOLATED)
_0744_/A                                0.750000    1.287172   -0.537172 (VIOLATED)
_0745_/C                                0.750000    1.287172   -0.537172 (VIOLATED)
_0746_/A                                0.750000    1.287172   -0.537172 (VIOLATED)
_0747_/C                                0.750000    1.287172   -0.537172 (VIOLATED)
_0748_/C                                0.750000    1.287172   -0.537172 (VIOLATED)
_0751_/C                                0.750000    1.287172   -0.537172 (VIOLATED)
_0766_/B                                0.750000    1.287172   -0.537172 (VIOLATED)
_0767_/D                                0.750000    1.287172   -0.537172 (VIOLATED)
_0773_/A                                0.750000    1.287172   -0.537172 (VIOLATED)
_0774_/A                                0.750000    1.287172   -0.537172 (VIOLATED)
_0779_/B                                0.750000    1.287172   -0.537172 (VIOLATED)
_0780_/D                                0.750000    1.287172   -0.537172 (VIOLATED)
_0786_/A                                0.750000    1.287172   -0.537172 (VIOLATED)
_0787_/A                                0.750000    1.287172   -0.537172 (VIOLATED)
_0792_/D                                0.750000    1.287172   -0.537172 (VIOLATED)
_0793_/B                                0.750000    1.287172   -0.537172 (VIOLATED)
_0801_/A                                0.750000    1.287172   -0.537172 (VIOLATED)
_0806_/D                                0.750000    1.287172   -0.537172 (VIOLATED)
_0807_/B                                0.750000    1.287172   -0.537172 (VIOLATED)
_0813_/A                                0.750000    1.287172   -0.537172 (VIOLATED)
_0814_/A                                0.750000    1.287172   -0.537172 (VIOLATED)
_0818_/D                                0.750000    1.287172   -0.537172 (VIOLATED)
_0819_/B                                0.750000    1.287172   -0.537172 (VIOLATED)
_0825_/A                                0.750000    1.287172   -0.537172 (VIOLATED)
_0828_/A                                0.750000    1.287172   -0.537172 (VIOLATED)
_0831_/D                                0.750000    1.287172   -0.537172 (VIOLATED)
_0832_/B                                0.750000    1.287172   -0.537172 (VIOLATED)
_0838_/A                                0.750000    1.287172   -0.537172 (VIOLATED)
_0848_/A                                0.750000    1.287172   -0.537172 (VIOLATED)
_0856_/A                                0.750000    1.287172   -0.537172 (VIOLATED)
_0865_/A                                0.750000    1.287172   -0.537172 (VIOLATED)
_0875_/A                                0.750000    1.287172   -0.537172 (VIOLATED)
_0883_/A                                0.750000    1.287172   -0.537172 (VIOLATED)
_0892_/A                                0.750000    1.287172   -0.537172 (VIOLATED)
_0901_/A                                0.750000    1.287172   -0.537172 (VIOLATED)
_0909_/A                                0.750000    1.287172   -0.537172 (VIOLATED)
_0911_/A                                0.750000    1.287172   -0.537172 (VIOLATED)
_0919_/A                                0.750000    1.287172   -0.537172 (VIOLATED)
_0928_/A                                0.750000    1.287172   -0.537172 (VIOLATED)
_0929_/A                                0.750000    1.287172   -0.537172 (VIOLATED)
_0937_/A                                0.750000    1.287172   -0.537172 (VIOLATED)
_0938_/A                                0.750000    1.287172   -0.537172 (VIOLATED)
_0947_/A                                0.750000    1.287172   -0.537172 (VIOLATED)
_0948_/A                                0.750000    1.287172   -0.537172 (VIOLATED)
_0956_/A                                0.750000    1.287172   -0.537172 (VIOLATED)
_0957_/A                                0.750000    1.287172   -0.537172 (VIOLATED)
_0966_/A                                0.750000    1.287172   -0.537172 (VIOLATED)
_0974_/A                                0.750000    1.287172   -0.537172 (VIOLATED)
_0975_/A                                0.750000    1.287172   -0.537172 (VIOLATED)
_0985_/A                                0.750000    1.287172   -0.537172 (VIOLATED)
_0993_/A                                0.750000    1.287172   -0.537172 (VIOLATED)
_0995_/A                                0.750000    1.287172   -0.537172 (VIOLATED)
_1003_/A                                0.750000    1.287172   -0.537172 (VIOLATED)
_1005_/A                                0.750000    1.287172   -0.537172 (VIOLATED)
_1013_/A                                0.750000    1.287172   -0.537172 (VIOLATED)
_1014_/A                                0.750000    1.287172   -0.537172 (VIOLATED)
_1023_/A                                0.750000    1.287172   -0.537172 (VIOLATED)
_1024_/A                                0.750000    1.287172   -0.537172 (VIOLATED)
_1044_/A                                0.750000    1.287172   -0.537172 (VIOLATED)
_1045_/A                                0.750000    1.287172   -0.537172 (VIOLATED)
_1054_/A                                0.750000    1.287172   -0.537172 (VIOLATED)
_1056_/A                                0.750000    1.287172   -0.537172 (VIOLATED)
_1064_/A                                0.750000    1.287172   -0.537172 (VIOLATED)
_1065_/A                                0.750000    1.287172   -0.537172 (VIOLATED)
_1074_/A                                0.750000    1.287172   -0.537172 (VIOLATED)
_1076_/A                                0.750000    1.287172   -0.537172 (VIOLATED)
_1090_/A0                               0.750000    1.287172   -0.537172 (VIOLATED)
_1188_/Q                                0.750000    1.287172   -0.537172 (VIOLATED)
_0585_/A                                0.750000    1.173845   -0.423845 (VIOLATED)
_0743_/C                                0.750000    1.173845   -0.423845 (VIOLATED)
_0745_/D                                0.750000    1.173845   -0.423845 (VIOLATED)
_0746_/B                                0.750000    1.173845   -0.423845 (VIOLATED)
_0748_/D                                0.750000    1.173845   -0.423845 (VIOLATED)
_0751_/D_N                              0.750000    1.173845   -0.423845 (VIOLATED)
_0752_/A                                0.750000    1.173845   -0.423845 (VIOLATED)
_0766_/C                                0.750000    1.173845   -0.423845 (VIOLATED)
_0774_/B                                0.750000    1.173845   -0.423845 (VIOLATED)
_0775_/A                                0.750000    1.173845   -0.423845 (VIOLATED)
_0779_/C                                0.750000    1.173845   -0.423845 (VIOLATED)
_0787_/B                                0.750000    1.173845   -0.423845 (VIOLATED)
_0788_/A                                0.750000    1.173845   -0.423845 (VIOLATED)
_0793_/C                                0.750000    1.173845   -0.423845 (VIOLATED)
_0800_/A                                0.750000    1.173845   -0.423845 (VIOLATED)
_0801_/B                                0.750000    1.173845   -0.423845 (VIOLATED)
_0807_/C                                0.750000    1.173845   -0.423845 (VIOLATED)
_0812_/A                                0.750000    1.173845   -0.423845 (VIOLATED)
_0813_/B                                0.750000    1.173845   -0.423845 (VIOLATED)
_0819_/C                                0.750000    1.173845   -0.423845 (VIOLATED)
_0827_/A                                0.750000    1.173845   -0.423845 (VIOLATED)
_0828_/B                                0.750000    1.173845   -0.423845 (VIOLATED)
_0832_/C                                0.750000    1.173845   -0.423845 (VIOLATED)
_0839_/A                                0.750000    1.173845   -0.423845 (VIOLATED)
_0857_/A                                0.750000    1.173845   -0.423845 (VIOLATED)
_0866_/A                                0.750000    1.173845   -0.423845 (VIOLATED)
_0874_/A                                0.750000    1.173845   -0.423845 (VIOLATED)
_0884_/A                                0.750000    1.173845   -0.423845 (VIOLATED)
_0893_/A                                0.750000    1.173845   -0.423845 (VIOLATED)
_0902_/A                                0.750000    1.173845   -0.423845 (VIOLATED)
_0909_/B                                0.750000    1.173845   -0.423845 (VIOLATED)
_0910_/A                                0.750000    1.173845   -0.423845 (VIOLATED)
_0920_/A                                0.750000    1.173845   -0.423845 (VIOLATED)
_0928_/B                                0.750000    1.173845   -0.423845 (VIOLATED)
_0930_/A                                0.750000    1.173845   -0.423845 (VIOLATED)
_0937_/B                                0.750000    1.173845   -0.423845 (VIOLATED)
_0939_/A                                0.750000    1.173845   -0.423845 (VIOLATED)
_0946_/A                                0.750000    1.173845   -0.423845 (VIOLATED)
_0947_/B                                0.750000    1.173845   -0.423845 (VIOLATED)
_0956_/B                                0.750000    1.173845   -0.423845 (VIOLATED)
_0967_/A                                0.750000    1.173845   -0.423845 (VIOLATED)
_0974_/B                                0.750000    1.173845   -0.423845 (VIOLATED)
_0976_/A                                0.750000    1.173845   -0.423845 (VIOLATED)
_0983_/A                                0.750000    1.173845   -0.423845 (VIOLATED)
_0985_/B                                0.750000    1.173845   -0.423845 (VIOLATED)
_0993_/B                                0.750000    1.173845   -0.423845 (VIOLATED)
_0994_/A                                0.750000    1.173845   -0.423845 (VIOLATED)
_1003_/B                                0.750000    1.173845   -0.423845 (VIOLATED)
_1004_/A                                0.750000    1.173845   -0.423845 (VIOLATED)
_1013_/B                                0.750000    1.173845   -0.423845 (VIOLATED)
_1015_/A                                0.750000    1.173845   -0.423845 (VIOLATED)
_1023_/B                                0.750000    1.173845   -0.423845 (VIOLATED)
_1025_/A                                0.750000    1.173845   -0.423845 (VIOLATED)
_1029_/B                                0.750000    1.173845   -0.423845 (VIOLATED)
_1044_/B                                0.750000    1.173845   -0.423845 (VIOLATED)
_1046_/A                                0.750000    1.173845   -0.423845 (VIOLATED)
_1053_/A                                0.750000    1.173845   -0.423845 (VIOLATED)
_1054_/B                                0.750000    1.173845   -0.423845 (VIOLATED)
_1063_/A                                0.750000    1.173845   -0.423845 (VIOLATED)
_1064_/B                                0.750000    1.173845   -0.423845 (VIOLATED)
_1074_/B                                0.750000    1.173845   -0.423845 (VIOLATED)
_1089_/A0                               0.750000    1.173845   -0.423845 (VIOLATED)
_1187_/Q                                0.750000    1.173845   -0.423845 (VIOLATED)
_0619_/Y                                0.750000    1.099242   -0.349242 (VIOLATED)
_0621_/A2                               0.750000    1.099242   -0.349242 (VIOLATED)
_0622_/A2                               0.750000    1.099242   -0.349242 (VIOLATED)
_0623_/A2                               0.750000    1.099242   -0.349242 (VIOLATED)
_0625_/A3                               0.750000    1.099242   -0.349242 (VIOLATED)
_0626_/A3                               0.750000    1.099242   -0.349242 (VIOLATED)
_0627_/D                                0.750000    1.099242   -0.349242 (VIOLATED)
_0630_/A2                               0.750000    1.099242   -0.349242 (VIOLATED)
_0632_/A2                               0.750000    1.099242   -0.349242 (VIOLATED)
_0636_/A1                               0.750000    1.099242   -0.349242 (VIOLATED)
_0637_/A2                               0.750000    1.099242   -0.349242 (VIOLATED)
_0639_/A2                               0.750000    1.099242   -0.349242 (VIOLATED)
_0640_/C                                0.750000    1.099242   -0.349242 (VIOLATED)
_0646_/A2                               0.750000    1.099242   -0.349242 (VIOLATED)
_0648_/A2                               0.750000    1.099242   -0.349242 (VIOLATED)
_0651_/A1                               0.750000    1.099242   -0.349242 (VIOLATED)
_0654_/A1                               0.750000    1.099242   -0.349242 (VIOLATED)
_0657_/A                                0.750000    1.099242   -0.349242 (VIOLATED)
_0671_/A                                0.750000    1.099242   -0.349242 (VIOLATED)
_0585_/Y                                0.750000    1.070153   -0.320153 (VIOLATED)
_0744_/C                                0.750000    1.070153   -0.320153 (VIOLATED)
_0749_/B                                0.750000    1.070153   -0.320153 (VIOLATED)
_0750_/B                                0.750000    1.070153   -0.320153 (VIOLATED)
_0767_/A                                0.750000    1.070153   -0.320153 (VIOLATED)
_0773_/C                                0.750000    1.070153   -0.320153 (VIOLATED)
_0776_/B                                0.750000    1.070153   -0.320153 (VIOLATED)
_0780_/A                                0.750000    1.070153   -0.320153 (VIOLATED)
_0786_/C                                0.750000    1.070153   -0.320153 (VIOLATED)
_0789_/B                                0.750000    1.070153   -0.320153 (VIOLATED)
_0792_/A                                0.750000    1.070153   -0.320153 (VIOLATED)
_0802_/B                                0.750000    1.070153   -0.320153 (VIOLATED)
_0806_/A                                0.750000    1.070153   -0.320153 (VIOLATED)
_0814_/C                                0.750000    1.070153   -0.320153 (VIOLATED)
_0815_/B                                0.750000    1.070153   -0.320153 (VIOLATED)
_0818_/A                                0.750000    1.070153   -0.320153 (VIOLATED)
_0825_/C                                0.750000    1.070153   -0.320153 (VIOLATED)
_0826_/B                                0.750000    1.070153   -0.320153 (VIOLATED)
_0831_/A                                0.750000    1.070153   -0.320153 (VIOLATED)
_0838_/C                                0.750000    1.070153   -0.320153 (VIOLATED)
_0847_/B                                0.750000    1.070153   -0.320153 (VIOLATED)
_0848_/C                                0.750000    1.070153   -0.320153 (VIOLATED)
_0856_/C                                0.750000    1.070153   -0.320153 (VIOLATED)
_0865_/C                                0.750000    1.070153   -0.320153 (VIOLATED)
_0875_/C                                0.750000    1.070153   -0.320153 (VIOLATED)
_0883_/C                                0.750000    1.070153   -0.320153 (VIOLATED)
_0892_/C                                0.750000    1.070153   -0.320153 (VIOLATED)
_0901_/C                                0.750000    1.070153   -0.320153 (VIOLATED)
_0911_/C                                0.750000    1.070153   -0.320153 (VIOLATED)
_0912_/B                                0.750000    1.070153   -0.320153 (VIOLATED)
_0919_/C                                0.750000    1.070153   -0.320153 (VIOLATED)
_0929_/C                                0.750000    1.070153   -0.320153 (VIOLATED)
_0936_/B                                0.750000    1.070153   -0.320153 (VIOLATED)
_0938_/C                                0.750000    1.070153   -0.320153 (VIOLATED)
_0948_/C                                0.750000    1.070153   -0.320153 (VIOLATED)
_0949_/B                                0.750000    1.070153   -0.320153 (VIOLATED)
_0957_/C                                0.750000    1.070153   -0.320153 (VIOLATED)
_0958_/B                                0.750000    1.070153   -0.320153 (VIOLATED)
_0966_/C                                0.750000    1.070153   -0.320153 (VIOLATED)
_0975_/C                                0.750000    1.070153   -0.320153 (VIOLATED)
_0977_/B                                0.750000    1.070153   -0.320153 (VIOLATED)
_0984_/B                                0.750000    1.070153   -0.320153 (VIOLATED)
_0992_/B                                0.750000    1.070153   -0.320153 (VIOLATED)
_0995_/C                                0.750000    1.070153   -0.320153 (VIOLATED)
_1002_/B                                0.750000    1.070153   -0.320153 (VIOLATED)
_1005_/C                                0.750000    1.070153   -0.320153 (VIOLATED)
_1012_/B                                0.750000    1.070153   -0.320153 (VIOLATED)
_1014_/C                                0.750000    1.070153   -0.320153 (VIOLATED)
_1022_/B                                0.750000    1.070153   -0.320153 (VIOLATED)
_1024_/C                                0.750000    1.070153   -0.320153 (VIOLATED)
_1028_/B                                0.750000    1.070153   -0.320153 (VIOLATED)
_1033_/B2                               0.750000    1.070153   -0.320153 (VIOLATED)
_1043_/B                                0.750000    1.070153   -0.320153 (VIOLATED)
_1045_/C                                0.750000    1.070153   -0.320153 (VIOLATED)
_1055_/B                                0.750000    1.070153   -0.320153 (VIOLATED)
_1056_/C                                0.750000    1.070153   -0.320153 (VIOLATED)
_1065_/C                                0.750000    1.070153   -0.320153 (VIOLATED)
_1066_/B                                0.750000    1.070153   -0.320153 (VIOLATED)
_1075_/B                                0.750000    1.070153   -0.320153 (VIOLATED)
_1076_/C                                0.750000    1.070153   -0.320153 (VIOLATED)
_0584_/Y                                0.750000    0.961060   -0.211060 (VIOLATED)
_0749_/C                                0.750000    0.961060   -0.211060 (VIOLATED)
_0750_/C                                0.750000    0.961060   -0.211060 (VIOLATED)
_0752_/D                                0.750000    0.961060   -0.211060 (VIOLATED)
_0776_/C                                0.750000    0.961060   -0.211060 (VIOLATED)
_0789_/C                                0.750000    0.961060   -0.211060 (VIOLATED)
_0800_/D                                0.750000    0.961060   -0.211060 (VIOLATED)
_0802_/C                                0.750000    0.961060   -0.211060 (VIOLATED)
_0812_/D                                0.750000    0.961060   -0.211060 (VIOLATED)
_0815_/C                                0.750000    0.961060   -0.211060 (VIOLATED)
_0826_/C                                0.750000    0.961060   -0.211060 (VIOLATED)
_0827_/D                                0.750000    0.961060   -0.211060 (VIOLATED)
_0839_/D                                0.750000    0.961060   -0.211060 (VIOLATED)
_0847_/C                                0.750000    0.961060   -0.211060 (VIOLATED)
_0857_/D                                0.750000    0.961060   -0.211060 (VIOLATED)
_0866_/D                                0.750000    0.961060   -0.211060 (VIOLATED)
_0874_/D                                0.750000    0.961060   -0.211060 (VIOLATED)
_0884_/D                                0.750000    0.961060   -0.211060 (VIOLATED)
_0893_/D                                0.750000    0.961060   -0.211060 (VIOLATED)
_0902_/D                                0.750000    0.961060   -0.211060 (VIOLATED)
_0910_/D                                0.750000    0.961060   -0.211060 (VIOLATED)
_0912_/C                                0.750000    0.961060   -0.211060 (VIOLATED)
_0920_/D                                0.750000    0.961060   -0.211060 (VIOLATED)
_0930_/D                                0.750000    0.961060   -0.211060 (VIOLATED)
_0936_/C                                0.750000    0.961060   -0.211060 (VIOLATED)
_0939_/D                                0.750000    0.961060   -0.211060 (VIOLATED)
_0946_/D                                0.750000    0.961060   -0.211060 (VIOLATED)
_0949_/C                                0.750000    0.961060   -0.211060 (VIOLATED)
_0958_/C                                0.750000    0.961060   -0.211060 (VIOLATED)
_0967_/D                                0.750000    0.961060   -0.211060 (VIOLATED)
_0976_/D                                0.750000    0.961060   -0.211060 (VIOLATED)
_0977_/C                                0.750000    0.961060   -0.211060 (VIOLATED)
_0983_/D                                0.750000    0.961060   -0.211060 (VIOLATED)
_0984_/C                                0.750000    0.961060   -0.211060 (VIOLATED)
_0992_/C                                0.750000    0.961060   -0.211060 (VIOLATED)
_1002_/C                                0.750000    0.961060   -0.211060 (VIOLATED)
_1004_/D                                0.750000    0.961060   -0.211060 (VIOLATED)
_1012_/C                                0.750000    0.961060   -0.211060 (VIOLATED)
_1015_/D                                0.750000    0.961060   -0.211060 (VIOLATED)
_1022_/C                                0.750000    0.961060   -0.211060 (VIOLATED)
_1025_/D                                0.750000    0.961060   -0.211060 (VIOLATED)
_1032_/C                                0.750000    0.961060   -0.211060 (VIOLATED)
_1043_/C                                0.750000    0.961060   -0.211060 (VIOLATED)
_1046_/D                                0.750000    0.961060   -0.211060 (VIOLATED)
_1053_/D                                0.750000    0.961060   -0.211060 (VIOLATED)
_1063_/D                                0.750000    0.961060   -0.211060 (VIOLATED)
_1066_/C                                0.750000    0.961060   -0.211060 (VIOLATED)
_1075_/C                                0.750000    0.961060   -0.211060 (VIOLATED)
_0635_/Y                                0.750000    0.822224   -0.072224 (VIOLATED)
_0638_/A2                               0.750000    0.822224   -0.072224 (VIOLATED)
_0645_/A1                               0.750000    0.822224   -0.072224 (VIOLATED)
_0666_/A1                               0.750000    0.822224   -0.072224 (VIOLATED)
_0672_/A1                               0.750000    0.822224   -0.072224 (VIOLATED)
_0681_/A1                               0.750000    0.822224   -0.072224 (VIOLATED)
_0687_/A1                               0.750000    0.822224   -0.072224 (VIOLATED)
_0693_/A                                0.750000    0.822224   -0.072224 (VIOLATED)
_0694_/A1                               0.750000    0.822224   -0.072224 (VIOLATED)
_0701_/A1                               0.750000    0.822224   -0.072224 (VIOLATED)

max fanout

Pin                                   Limit Fanout  Slack
---------------------------------------------------------
rst_n                                    10    128   -118 (VIOLATED)
_0742_/Y                                 10    109    -99 (VIOLATED)
_1188_/Q                                 10     69    -59 (VIOLATED)
_1187_/Q                                 10     62    -52 (VIOLATED)
_0585_/Y                                 10     59    -49 (VIOLATED)
_0737_/Y                                 10     49    -39 (VIOLATED)
_0756_/Y                                 10     48    -38 (VIOLATED)
_0584_/Y                                 10     47    -37 (VIOLATED)
_0727_/Y                                 10     46    -36 (VIOLATED)
_0748_/Y                                 10     35    -25 (VIOLATED)
_0751_/Y                                 10     32    -22 (VIOLATED)
_1224_/Q                                 10     23    -13 (VIOLATED)
_0619_/Y                                 10     18     -8 (VIOLATED)
_0741_/Y                                 10     17     -7 (VIOLATED)
_0642_/X                                 10     16     -6 (VIOLATED)
_1082_/X                                 10     16     -6 (VIOLATED)
_1111_/X                                 10     16     -6 (VIOLATED)
_0740_/X                                 10     15     -5 (VIOLATED)
_0728_/X                                 10     14     -4 (VIOLATED)
_0634_/Y                                 10     13     -3 (VIOLATED)
_0745_/X                                 10     11        (VIOLATED)

max capacitance

Pin                                        Limit         Cap       Slack
------------------------------------------------------------------------
_0742_/Y                                0.141917    0.467733   -0.325816 (VIOLATED)
rst_n                                   0.200000    0.462336   -0.262336 (VIOLATED)
_0756_/Y                                0.065012    0.223699   -0.158687 (VIOLATED)
_0737_/Y                                0.064097    0.215220   -0.151123 (VIOLATED)
_0748_/Y                                0.064097    0.159161   -0.095064 (VIOLATED)
_0751_/Y                                0.065012    0.144388   -0.079376 (VIOLATED)
_1188_/Q                                0.200000    0.276435   -0.076435 (VIOLATED)
_1187_/Q                                0.200000    0.251866   -0.051866 (VIOLATED)
_0727_/Y                                0.141917    0.185505   -0.043588 (VIOLATED)
_0585_/Y                                0.200000    0.237697   -0.037697 (VIOLATED)
_0584_/Y                                0.200000    0.212541   -0.012541 (VIOLATED)



===========================================================================
report_parasitic_annotation -report_unannotated
============================================================================
Found 1026 unannotated drivers.
 S_AXI_ARADDR[0]
 S_AXI_ARADDR[10]
 S_AXI_ARADDR[11]
 S_AXI_ARADDR[12]
 S_AXI_ARADDR[13]
 S_AXI_ARADDR[14]
 S_AXI_ARADDR[15]
 S_AXI_ARADDR[16]
 S_AXI_ARADDR[17]
 S_AXI_ARADDR[18]
 S_AXI_ARADDR[19]
 S_AXI_ARADDR[1]
 S_AXI_ARADDR[20]
 S_AXI_ARADDR[21]
 S_AXI_ARADDR[22]
 S_AXI_ARADDR[23]
 S_AXI_ARADDR[24]
 S_AXI_ARADDR[25]
 S_AXI_ARADDR[26]
 S_AXI_ARADDR[27]
 S_AXI_ARADDR[28]
 S_AXI_ARADDR[29]
 S_AXI_ARADDR[2]
 S_AXI_ARADDR[30]
 S_AXI_ARADDR[31]
 S_AXI_ARADDR[3]
 S_AXI_ARADDR[4]
 S_AXI_ARADDR[5]
 S_AXI_ARADDR[6]
 S_AXI_ARADDR[7]
 S_AXI_ARADDR[8]
 S_AXI_ARADDR[9]
 S_AXI_ARBURST[0]
 S_AXI_ARBURST[1]
 S_AXI_ARID[0]
 S_AXI_ARID[1]
 S_AXI_ARID[2]
 S_AXI_ARID[3]
 S_AXI_ARLEN[0]
 S_AXI_ARLEN[1]
 S_AXI_ARLEN[2]
 S_AXI_ARLEN[3]
 S_AXI_ARLEN[4]
 S_AXI_ARLEN[5]
 S_AXI_ARLEN[6]
 S_AXI_ARLEN[7]
 S_AXI_ARPROT[0]
 S_AXI_ARPROT[1]
 S_AXI_ARPROT[2]
 S_AXI_ARSIZE[0]
 S_AXI_ARSIZE[1]
 S_AXI_ARSIZE[2]
 S_AXI_ARVALID
 S_AXI_AWADDR[0]
 S_AXI_AWADDR[10]
 S_AXI_AWADDR[11]
 S_AXI_AWADDR[12]
 S_AXI_AWADDR[13]
 S_AXI_AWADDR[14]
 S_AXI_AWADDR[15]
 S_AXI_AWADDR[16]
 S_AXI_AWADDR[17]
 S_AXI_AWADDR[18]
 S_AXI_AWADDR[19]
 S_AXI_AWADDR[1]
 S_AXI_AWADDR[20]
 S_AXI_AWADDR[21]
 S_AXI_AWADDR[22]
 S_AXI_AWADDR[23]
 S_AXI_AWADDR[24]
 S_AXI_AWADDR[25]
 S_AXI_AWADDR[26]
 S_AXI_AWADDR[27]
 S_AXI_AWADDR[28]
 S_AXI_AWADDR[29]
 S_AXI_AWADDR[2]
 S_AXI_AWADDR[30]
 S_AXI_AWADDR[31]
 S_AXI_AWADDR[3]
 S_AXI_AWADDR[4]
 S_AXI_AWADDR[5]
 S_AXI_AWADDR[6]
 S_AXI_AWADDR[7]
 S_AXI_AWADDR[8]
 S_AXI_AWADDR[9]
 S_AXI_AWBURST[0]
 S_AXI_AWBURST[1]
 S_AXI_AWID[0]
 S_AXI_AWID[1]
 S_AXI_AWID[2]
 S_AXI_AWID[3]
 S_AXI_AWLEN[0]
 S_AXI_AWLEN[1]
 S_AXI_AWLEN[2]
 S_AXI_AWLEN[3]
 S_AXI_AWLEN[4]
 S_AXI_AWLEN[5]
 S_AXI_AWLEN[6]
 S_AXI_AWLEN[7]
 S_AXI_AWPROT[0]
 S_AXI_AWPROT[1]
 S_AXI_AWPROT[2]
 S_AXI_AWSIZE[0]
 S_AXI_AWSIZE[1]
 S_AXI_AWSIZE[2]
 S_AXI_AWVALID
 S_AXI_BREADY
 S_AXI_RREADY
 S_AXI_WDATA[0]
 S_AXI_WDATA[10]
 S_AXI_WDATA[11]
 S_AXI_WDATA[12]
 S_AXI_WDATA[13]
 S_AXI_WDATA[14]
 S_AXI_WDATA[15]
 S_AXI_WDATA[16]
 S_AXI_WDATA[17]
 S_AXI_WDATA[18]
 S_AXI_WDATA[19]
 S_AXI_WDATA[1]
 S_AXI_WDATA[20]
 S_AXI_WDATA[21]
 S_AXI_WDATA[22]
 S_AXI_WDATA[23]
 S_AXI_WDATA[24]
 S_AXI_WDATA[25]
 S_AXI_WDATA[26]
 S_AXI_WDATA[27]
 S_AXI_WDATA[28]
 S_AXI_WDATA[29]
 S_AXI_WDATA[2]
 S_AXI_WDATA[30]
 S_AXI_WDATA[31]
 S_AXI_WDATA[3]
 S_AXI_WDATA[4]
 S_AXI_WDATA[5]
 S_AXI_WDATA[6]
 S_AXI_WDATA[7]
 S_AXI_WDATA[8]
 S_AXI_WDATA[9]
 S_AXI_WLAST
 S_AXI_WSTRB[0]
 S_AXI_WSTRB[1]
 S_AXI_WSTRB[2]
 S_AXI_WSTRB[3]
 S_AXI_WVALID
 ascon_irq
 clk
 dcache_hits[0]
 dcache_hits[10]
 dcache_hits[11]
 dcache_hits[12]
 dcache_hits[13]
 dcache_hits[14]
 dcache_hits[15]
 dcache_hits[16]
 dcache_hits[17]
 dcache_hits[18]
 dcache_hits[19]
 dcache_hits[1]
 dcache_hits[20]
 dcache_hits[21]
 dcache_hits[22]
 dcache_hits[23]
 dcache_hits[24]
 dcache_hits[25]
 dcache_hits[26]
 dcache_hits[27]
 dcache_hits[28]
 dcache_hits[29]
 dcache_hits[2]
 dcache_hits[30]
 dcache_hits[31]
 dcache_hits[3]
 dcache_hits[4]
 dcache_hits[5]
 dcache_hits[6]
 dcache_hits[7]
 dcache_hits[8]
 dcache_hits[9]
 dcache_misses[0]
 dcache_misses[10]
 dcache_misses[11]
 dcache_misses[12]
 dcache_misses[13]
 dcache_misses[14]
 dcache_misses[15]
 dcache_misses[16]
 dcache_misses[17]
 dcache_misses[18]
 dcache_misses[19]
 dcache_misses[1]
 dcache_misses[20]
 dcache_misses[21]
 dcache_misses[22]
 dcache_misses[23]
 dcache_misses[24]
 dcache_misses[25]
 dcache_misses[26]
 dcache_misses[27]
 dcache_misses[28]
 dcache_misses[29]
 dcache_misses[2]
 dcache_misses[30]
 dcache_misses[31]
 dcache_misses[3]
 dcache_misses[4]
 dcache_misses[5]
 dcache_misses[6]
 dcache_misses[7]
 dcache_misses[8]
 dcache_misses[9]
 dcache_writes[0]
 dcache_writes[10]
 dcache_writes[11]
 dcache_writes[12]
 dcache_writes[13]
 dcache_writes[14]
 dcache_writes[15]
 dcache_writes[16]
 dcache_writes[17]
 dcache_writes[18]
 dcache_writes[19]
 dcache_writes[1]
 dcache_writes[20]
 dcache_writes[21]
 dcache_writes[22]
 dcache_writes[23]
 dcache_writes[24]
 dcache_writes[25]
 dcache_writes[26]
 dcache_writes[27]
 dcache_writes[28]
 dcache_writes[29]
 dcache_writes[2]
 dcache_writes[30]
 dcache_writes[31]
 dcache_writes[3]
 dcache_writes[4]
 dcache_writes[5]
 dcache_writes[6]
 dcache_writes[7]
 dcache_writes[8]
 dcache_writes[9]
 gpio_irq
 icache_hits[0]
 icache_hits[10]
 icache_hits[11]
 icache_hits[12]
 icache_hits[13]
 icache_hits[14]
 icache_hits[15]
 icache_hits[16]
 icache_hits[17]
 icache_hits[18]
 icache_hits[19]
 icache_hits[1]
 icache_hits[20]
 icache_hits[21]
 icache_hits[22]
 icache_hits[23]
 icache_hits[24]
 icache_hits[25]
 icache_hits[26]
 icache_hits[27]
 icache_hits[28]
 icache_hits[29]
 icache_hits[2]
 icache_hits[30]
 icache_hits[31]
 icache_hits[3]
 icache_hits[4]
 icache_hits[5]
 icache_hits[6]
 icache_hits[7]
 icache_hits[8]
 icache_hits[9]
 icache_misses[0]
 icache_misses[10]
 icache_misses[11]
 icache_misses[12]
 icache_misses[13]
 icache_misses[14]
 icache_misses[15]
 icache_misses[16]
 icache_misses[17]
 icache_misses[18]
 icache_misses[19]
 icache_misses[1]
 icache_misses[20]
 icache_misses[21]
 icache_misses[22]
 icache_misses[23]
 icache_misses[24]
 icache_misses[25]
 icache_misses[26]
 icache_misses[27]
 icache_misses[28]
 icache_misses[29]
 icache_misses[2]
 icache_misses[30]
 icache_misses[31]
 icache_misses[3]
 icache_misses[4]
 icache_misses[5]
 icache_misses[6]
 icache_misses[7]
 icache_misses[8]
 icache_misses[9]
 rst_n
 spi_irq
 timer_irq
 uart_irq
 wdt_irq
 _0572_/Y
 _0573_/Y
 _0574_/Y
 _0575_/Y
 _0576_/Y
 _0577_/Y
 _0578_/Y
 _0579_/Y
 _0580_/Y
 _0581_/Y
 _0582_/Y
 _0583_/Y
 _0584_/Y
 _0585_/Y
 _0586_/Y
 _0587_/Y
 _0588_/Y
 _0589_/Y
 _0590_/Y
 _0591_/Y
 _0592_/Y
 _0593_/Y
 _0594_/Y
 _0595_/X
 _0596_/X
 _0597_/X
 _0598_/Y
 _0599_/Y
 _0600_/X
 _0601_/X
 _0602_/X
 _0603_/Y
 _0604_/X
 _0605_/X
 _0606_/X
 _0607_/X
 _0608_/Y
 _0609_/X
 _0610_/X
 _0611_/Y
 _0612_/Y
 _0613_/X
 _0614_/Y
 _0615_/X
 _0616_/Y
 _0617_/X
 _0618_/Y
 _0619_/Y
 _0620_/Y
 _0621_/Y
 _0622_/X
 _0623_/Y
 _0624_/Y
 _0625_/Y
 _0626_/Y
 _0627_/X
 _0628_/Y
 _0629_/X
 _0630_/X
 _0631_/X
 _0632_/Y
 _0633_/Y
 _0634_/Y
 _0635_/Y
 _0636_/Y
 _0637_/X
 _0638_/X
 _0639_/X
 _0640_/Y
 _0641_/X
 _0642_/X
 _0643_/X
 _0644_/Y
 _0645_/Y
 _0646_/Y
 _0647_/X
 _0648_/Y
 _0649_/X
 _0650_/Y
 _0651_/Y
 _0652_/X
 _0653_/Y
 _0654_/X
 _0655_/X
 _0656_/Y
 _0657_/Y
 _0658_/X
 _0659_/Y
 _0660_/Y
 _0661_/Y
 _0662_/Y
 _0663_/Y
 _0664_/X
 _0665_/X
 _0666_/Y
 _0667_/X
 _0668_/Y
 _0669_/Y
 _0670_/Y
 _0671_/Y
 _0672_/X
 _0673_/Y
 _0674_/Y
 _0675_/X
 _0676_/Y
 _0677_/Y
 _0678_/Y
 _0679_/X
 _0680_/X
 _0681_/Y
 _0682_/X
 _0683_/Y
 _0684_/Y
 _0685_/Y
 _0686_/Y
 _0687_/X
 _0688_/Y
 _0689_/Y
 _0690_/Y
 _0691_/X
 _0692_/X
 _0693_/Y
 _0694_/Y
 _0695_/X
 _0696_/Y
 _0697_/Y
 _0698_/Y
 _0699_/Y
 _0700_/X
 _0701_/Y
 _0702_/X
 _0703_/X
 _0704_/Y
 _0705_/Y
 _0706_/Y
 _0707_/Y
 _0708_/Y
 _0709_/Y
 _0710_/X
 _0711_/X
 _0712_/X
 _0713_/X
 _0714_/Y
 _0715_/Y
 _0716_/Y
 _0717_/Y
 _0718_/Y
 _0719_/Y
 _0720_/Y
 _0721_/Y
 _0722_/Y
 _0723_/Y
 _0724_/Y
 _0725_/Y
 _0726_/Y
 _0727_/Y
 _0728_/X
 _0729_/X
 _0730_/Y
 _0731_/Y
 _0732_/Y
 _0733_/Y
 _0734_/Y
 _0735_/Y
 _0736_/Y
 _0737_/Y
 _0738_/Y
 _0739_/Y
 _0740_/X
 _0741_/Y
 _0742_/Y
 _0743_/Y
 _0744_/Y
 _0745_/X
 _0746_/Y
 _0747_/Y
 _0748_/Y
 _0749_/Y
 _0750_/Y
 _0751_/Y
 _0752_/Y
 _0753_/X
 _0754_/Y
 _0755_/Y
 _0756_/Y
 _0757_/Y
 _0758_/Y
 _0759_/Y
 _0760_/Y
 _0761_/Y
 _0762_/X
 _0763_/X
 _0764_/X
 _0765_/X
 _0766_/Y
 _0767_/Y
 _0768_/Y
 _0769_/Y
 _0770_/Y
 _0771_/Y
 _0772_/Y
 _0773_/Y
 _0774_/Y
 _0775_/X
 _0776_/Y
 _0777_/Y
 _0778_/Y
 _0779_/Y
 _0780_/Y
 _0781_/Y
 _0782_/Y
 _0783_/Y
 _0784_/Y
 _0785_/Y
 _0786_/Y
 _0787_/Y
 _0788_/X
 _0789_/Y
 _0790_/Y
 _0791_/Y
 _0792_/Y
 _0793_/Y
 _0794_/Y
 _0795_/Y
 _0796_/Y
 _0797_/Y
 _0798_/Y
 _0799_/Y
 _0800_/Y
 _0801_/Y
 _0802_/Y
 _0803_/Y
 _0804_/Y
 _0805_/Y
 _0806_/Y
 _0807_/Y
 _0808_/X
 _0809_/Y
 _0810_/Y
 _0811_/Y
 _0812_/Y
 _0813_/Y
 _0814_/X
 _0815_/Y
 _0816_/Y
 _0817_/Y
 _0818_/Y
 _0819_/Y
 _0820_/Y
 _0821_/Y
 _0822_/Y
 _0823_/Y
 _0824_/Y
 _0825_/Y
 _0826_/Y
 _0827_/Y
 _0828_/Y
 _0829_/X
 _0830_/Y
 _0831_/Y
 _0832_/Y
 _0833_/Y
 _0834_/Y
 _0835_/Y
 _0836_/Y
 _0837_/Y
 _0838_/Y
 _0839_/Y
 _0840_/Y
 _0841_/Y
 _0842_/Y
 _0843_/Y
 _0844_/X
 _0845_/Y
 _0846_/Y
 _0847_/Y
 _0848_/Y
 _0849_/Y
 _0850_/Y
 _0851_/Y
 _0852_/Y
 _0853_/X
 _0854_/Y
 _0855_/Y
 _0856_/Y
 _0857_/Y
 _0858_/Y
 _0859_/Y
 _0860_/Y
 _0861_/Y
 _0862_/X
 _0863_/Y
 _0864_/Y
 _0865_/Y
 _0866_/Y
 _0867_/Y
 _0868_/Y
 _0869_/Y
 _0870_/Y
 _0871_/X
 _0872_/Y
 _0873_/Y
 _0874_/Y
 _0875_/Y
 _0876_/Y
 _0877_/Y
 _0878_/Y
 _0879_/Y
 _0880_/X
 _0881_/Y
 _0882_/Y
 _0883_/Y
 _0884_/Y
 _0885_/Y
 _0886_/Y
 _0887_/Y
 _0888_/Y
 _0889_/X
 _0890_/Y
 _0891_/Y
 _0892_/Y
 _0893_/Y
 _0894_/Y
 _0895_/Y
 _0896_/Y
 _0897_/Y
 _0898_/X
 _0899_/Y
 _0900_/Y
 _0901_/Y
 _0902_/Y
 _0903_/Y
 _0904_/Y
 _0905_/Y
 _0906_/Y
 _0907_/X
 _0908_/Y
 _0909_/Y
 _0910_/Y
 _0911_/Y
 _0912_/Y
 _0913_/X
 _0914_/Y
 _0915_/Y
 _0916_/Y
 _0917_/Y
 _0918_/Y
 _0919_/Y
 _0920_/Y
 _0921_/Y
 _0922_/Y
 _0923_/Y
 _0924_/Y
 _0925_/X
 _0926_/Y
 _0927_/Y
 _0928_/Y
 _0929_/Y
 _0930_/Y
 _0931_/X
 _0932_/Y
 _0933_/Y
 _0934_/Y
 _0935_/Y
 _0936_/Y
 _0937_/Y
 _0938_/X
 _0939_/Y
 _0940_/Y
 _0941_/Y
 _0942_/Y
 _0943_/Y
 _0944_/Y
 _0945_/Y
 _0946_/Y
 _0947_/Y
 _0948_/X
 _0949_/Y
 _0950_/Y
 _0951_/Y
 _0952_/Y
 _0953_/Y
 _0954_/Y
 _0955_/Y
 _0956_/Y
 _0957_/Y
 _0958_/Y
 _0959_/X
 _0960_/Y
 _0961_/Y
 _0962_/X
 _0963_/Y
 _0964_/Y
 _0965_/Y
 _0966_/Y
 _0967_/Y
 _0968_/Y
 _0969_/Y
 _0970_/Y
 _0971_/Y
 _0972_/X
 _0973_/Y
 _0974_/Y
 _0975_/Y
 _0976_/Y
 _0977_/Y
 _0978_/X
 _0979_/Y
 _0980_/Y
 _0981_/Y
 _0982_/Y
 _0983_/Y
 _0984_/Y
 _0985_/Y
 _0986_/Y
 _0987_/Y
 _0988_/Y
 _0989_/Y
 _0990_/X
 _0991_/Y
 _0992_/Y
 _0993_/Y
 _0994_/X
 _0995_/Y
 _0996_/Y
 _0997_/Y
 _0998_/Y
 _0999_/Y
 _1000_/Y
 _1001_/Y
 _1002_/Y
 _1003_/Y
 _1004_/X
 _1005_/Y
 _1006_/Y
 _1007_/Y
 _1008_/Y
 _1009_/Y
 _1010_/Y
 _1011_/Y
 _1012_/Y
 _1013_/Y
 _1014_/X
 _1015_/Y
 _1016_/Y
 _1017_/Y
 _1018_/Y
 _1019_/Y
 _1020_/Y
 _1021_/Y
 _1022_/Y
 _1023_/Y
 _1024_/X
 _1025_/Y
 _1026_/Y
 _1027_/Y
 _1028_/X
 _1029_/X
 _1030_/Y
 _1031_/Y
 _1032_/Y
 _1033_/Y
 _1034_/Y
 _1035_/Y
 _1036_/Y
 _1037_/Y
 _1038_/Y
 _1039_/Y
 _1040_/Y
 _1041_/Y
 _1042_/Y
 _1043_/Y
 _1044_/Y
 _1045_/X
 _1046_/Y
 _1047_/Y
 _1048_/Y
 _1049_/Y
 _1050_/Y
 _1051_/Y
 _1052_/Y
 _1053_/Y
 _1054_/Y
 _1055_/X
 _1056_/Y
 _1057_/Y
 _1058_/Y
 _1059_/Y
 _1060_/Y
 _1061_/Y
 _1062_/Y
 _1063_/Y
 _1064_/Y
 _1065_/X
 _1066_/Y
 _1067_/Y
 _1068_/Y
 _1069_/Y
 _1070_/Y
 _1071_/Y
 _1072_/Y
 _1073_/Y
 _1074_/Y
 _1075_/Y
 _1076_/Y
 _1077_/Y
 _1078_/Y
 _1079_/Y
 _1080_/Y
 _1081_/Y
 _1082_/X
 _1083_/X
 _1084_/X
 _1085_/X
 _1086_/X
 _1087_/X
 _1088_/X
 _1089_/X
 _1090_/X
 _1091_/X
 _1092_/X
 _1093_/X
 _1094_/X
 _1095_/X
 _1096_/X
 _1097_/X
 _1098_/X
 _1099_/X
 _1100_/Y
 _1101_/Y
 _1102_/X
 _1103_/X
 _1104_/X
 _1105_/X
 _1106_/X
 _1107_/X
 _1108_/X
 _1109_/X
 _1110_/X
 _1111_/X
 _1112_/X
 _1113_/X
 _1114_/X
 _1115_/X
 _1116_/X
 _1117_/X
 _1118_/X
 _1119_/X
 _1120_/X
 _1121_/X
 _1122_/X
 _1123_/X
 _1124_/X
 _1125_/X
 _1126_/X
 _1127_/X
 _1128_/X
 _1129_/X
 _1130_/Y
 _1131_/Y
 _1132_/X
 _1133_/X
 _1134_/Y
 _1135_/X
 _1136_/X
 _1137_/X
 _1138_/X
 _1139_/X
 _1140_/X
 _1141_/X
 _1142_/X
 _1143_/X
 _1144_/X
 _1145_/X
 _1146_/X
 _1147_/Y
 _1148_/Q
 _1149_/Q
 _1150_/Q
 _1151_/Q
 _1152_/Q
 _1153_/Q
 _1154_/Q
 _1155_/Q
 _1156_/Q
 _1157_/Q
 _1158_/Q
 _1159_/Q
 _1160_/Q
 _1161_/Q
 _1162_/Q
 _1163_/Q
 _1164_/Q
 _1165_/Q
 _1166_/Q
 _1167_/Q
 _1168_/Q
 _1169_/Q
 _1170_/Q
 _1171_/Q
 _1172_/Q
 _1173_/Q
 _1174_/Q
 _1175_/Q
 _1176_/Q
 _1177_/Q
 _1178_/Q
 _1179_/Q
 _1180_/Q
 _1181_/Q
 _1182_/Q
 _1183_/Q
 _1184_/Q
 _1185_/Q
 _1186_/Q
 _1187_/Q
 _1188_/Q
 _1189_/Q
 _1190_/Q
 _1191_/Q
 _1192_/Q
 _1193_/Q
 _1194_/Q
 _1195_/Q
 _1196_/Q
 _1197_/Q
 _1198_/Q
 _1199_/Q
 _1200_/Q
 _1201_/Q
 _1202_/Q
 _1203_/Q
 _1204_/Q
 _1205_/Q
 _1206_/Q
 _1207_/Q
 _1208_/Q
 _1209_/Q
 _1210_/Q
 _1211_/Q
 _1212_/Q
 _1213_/Q
 _1214_/Q
 _1215_/Q
 _1216_/Q
 _1217_/Q
 _1218_/Q
 _1219_/Q
 _1220_/Q
 _1221_/Q
 _1222_/Q
 _1223_/Q
 _1224_/Q
 _1225_/Q
 _1226_/Q
 _1227_/Q
 _1228_/Q
 _1229_/Q
 _1230_/Q
 _1231_/Q
 _1232_/Q
 _1233_/Q
 _1234_/Q
 _1235_/Q
 _1236_/Q
 _1237_/Q
 _1238_/Q
 _1239_/Q
 _1240_/Q
 _1241_/Q
 _1242_/Q
 _1243_/Q
 _1244_/Q
 _1245_/Q
 _1246_/Q
 _1247_/Q
 _1248_/Q
 _1249_/Q
 _1250_/Q
 _1251_/Q
 _1252_/Q
 _1253_/Q
 _1254_/Q
 _1255_/Q
 _1256_/Q
 _1257_/Q
 _1258_/Q
 _1259_/Q
 _1260_/Q
 _1261_/Q
 _1262_/Q
 _1263_/Q
 _1264_/Q
 _1265_/Q
 _1266_/Q
 _1267_/Q
 _1268_/Q
 _1269_/Q
 _1270_/Q
 _1271_/Q
 _1272_/Q
 _1273_/Q
 _1274_/Q
 _1275_/Q
 _1276_/HI
 _1276_/LO
 _1277_/HI
 _1277_/LO
 _1278_/HI
 _1278_/LO
 _1279_/HI
 _1279_/LO
Found 0 partially unannotated drivers.

===========================================================================
max slew violation count 724
max fanout violation count 21
max cap violation count 11
============================================================================

===========================================================================
check_setup -verbose -unconstrained_endpoints -multiple_clock -no_clock -no_input_delay -loops -generated_clocks
===========================================================================
Warning: There are 4 unconstrained endpoints.
  S_AXI_BRESP[0]
  S_AXI_RLAST
  S_AXI_RRESP[0]
  S_AXI_RRESP[1]
