
===========================================================================
report_checks -path_delay max (Setup)
============================================================================
======================= nom_tt_025C_1v80 Corner ===================================

Startpoint: _8_ (rising edge-triggered flip-flop clocked by clk)
Endpoint: sum (output port clocked by clk)
Path Group: clk
Path Type: max

Fanout         Cap        Slew       Delay        Time   Description
---------------------------------------------------------------------------------------------
                                  0.000000    0.000000   clock clk (rise edge)
                                  0.000000    0.000000   clock source latency
     1    0.009029    0.047085    0.030849    0.030849 ^ clk (in)
                                                         clk (net)
                      0.047085    0.000000    0.030849 ^ clkbuf_0_clk/A (sky130_fd_sc_hd__clkbuf_16)
     2    0.018010    0.040151    0.124319    0.155168 ^ clkbuf_0_clk/X (sky130_fd_sc_hd__clkbuf_16)
                                                         clknet_0_clk (net)
                      0.040152    0.000070    0.155238 ^ clkbuf_1_0__f_clk/A (sky130_fd_sc_hd__clkbuf_16)
     1    0.003003    0.026899    0.106376    0.261615 ^ clkbuf_1_0__f_clk/X (sky130_fd_sc_hd__clkbuf_16)
                                                         clknet_1_0__leaf_clk (net)
                      0.026899    0.000016    0.261630 ^ _8_/CLK (sky130_fd_sc_hd__dfrtp_1)
     1    0.002330    0.038043    0.342127    0.603757 v _8_/Q (sky130_fd_sc_hd__dfrtp_1)
                                                         net6 (net)
                      0.038043    0.000009    0.603766 v output6/A (sky130_fd_sc_hd__buf_2)
     1    0.034485    0.089807    0.177896    0.781661 v output6/X (sky130_fd_sc_hd__buf_2)
                                                         sum (net)
                      0.089807    0.000177    0.781838 v sum (out)
                                              0.781838   data arrival time

                                  8.000000    8.000000   clock clk (rise edge)
                                  0.000000    8.000000   clock network delay (propagated)
                                 -0.250000    7.750000   clock uncertainty
                                  0.000000    7.750000   clock reconvergence pessimism
                                 -1.600000    6.150000   output external delay
                                              6.150000   data required time
---------------------------------------------------------------------------------------------
                                              6.150000   data required time
                                             -0.781838   data arrival time
---------------------------------------------------------------------------------------------
                                              5.368162   slack (MET)


Startpoint: _9_ (rising edge-triggered flip-flop clocked by clk)
Endpoint: cout (output port clocked by clk)
Path Group: clk
Path Type: max

Fanout         Cap        Slew       Delay        Time   Description
---------------------------------------------------------------------------------------------
                                  0.000000    0.000000   clock clk (rise edge)
                                  0.000000    0.000000   clock source latency
     1    0.009029    0.047085    0.030849    0.030849 ^ clk (in)
                                                         clk (net)
                      0.047085    0.000000    0.030849 ^ clkbuf_0_clk/A (sky130_fd_sc_hd__clkbuf_16)
     2    0.018010    0.040151    0.124319    0.155168 ^ clkbuf_0_clk/X (sky130_fd_sc_hd__clkbuf_16)
                                                         clknet_0_clk (net)
                      0.040152    0.000083    0.155251 ^ clkbuf_1_1__f_clk/A (sky130_fd_sc_hd__clkbuf_16)
     1    0.003203    0.027092    0.106616    0.261867 ^ clkbuf_1_1__f_clk/X (sky130_fd_sc_hd__clkbuf_16)
                                                         clknet_1_1__leaf_clk (net)
                      0.027092    0.000020    0.261887 ^ _9_/CLK (sky130_fd_sc_hd__dfrtp_1)
     1    0.001866    0.035585    0.338749    0.600635 v _9_/Q (sky130_fd_sc_hd__dfrtp_1)
                                                         net5 (net)
                      0.035585    0.000002    0.600638 v output5/A (sky130_fd_sc_hd__buf_2)
     1    0.034016    0.088777    0.176033    0.776671 v output5/X (sky130_fd_sc_hd__buf_2)
                                                         cout (net)
                      0.088777    0.000086    0.776758 v cout (out)
                                              0.776758   data arrival time

                                  8.000000    8.000000   clock clk (rise edge)
                                  0.000000    8.000000   clock network delay (propagated)
                                 -0.250000    7.750000   clock uncertainty
                                  0.000000    7.750000   clock reconvergence pessimism
                                 -1.600000    6.150000   output external delay
                                              6.150000   data required time
---------------------------------------------------------------------------------------------
                                              6.150000   data required time
                                             -0.776758   data arrival time
---------------------------------------------------------------------------------------------
                                              5.373242   slack (MET)


Startpoint: b (input port clocked by clk)
Endpoint: _8_ (rising edge-triggered flip-flop clocked by clk)
Path Group: clk
Path Type: max

Fanout         Cap        Slew       Delay        Time   Description
---------------------------------------------------------------------------------------------
                                  0.000000    0.000000   clock clk (rise edge)
                                  0.000000    0.000000   clock network delay (propagated)
                                  1.600000    1.600000 v input external delay
     1    0.002606    0.008183    0.004085    1.604085 v b (in)
                                                         b (net)
                      0.008183    0.000000    1.604085 v input2/A (sky130_fd_sc_hd__buf_1)
     2    0.007456    0.051876    0.093868    1.697952 v input2/X (sky130_fd_sc_hd__buf_1)
                                                         net2 (net)
                      0.051876    0.000012    1.697964 v _5_/A (sky130_fd_sc_hd__xnor2_1)
     2    0.007829    0.220537    0.223192    1.921157 ^ _5_/Y (sky130_fd_sc_hd__xnor2_1)
                                                         _2_ (net)
                      0.220537    0.000011    1.921168 ^ _7_/B (sky130_fd_sc_hd__xnor2_1)
     1    0.003708    0.136756    0.151740    2.072908 ^ _7_/Y (sky130_fd_sc_hd__xnor2_1)
                                                         sum_comb (net)
                      0.136756    0.000023    2.072932 ^ _8_/D (sky130_fd_sc_hd__dfrtp_1)
                                              2.072932   data arrival time

                                  8.000000    8.000000   clock clk (rise edge)
                                  0.000000    8.000000   clock source latency
     1    0.009029    0.047085    0.030848    8.030849 ^ clk (in)
                                                         clk (net)
                      0.047085    0.000000    8.030849 ^ clkbuf_0_clk/A (sky130_fd_sc_hd__clkbuf_16)
     2    0.018010    0.040151    0.124319    8.155168 ^ clkbuf_0_clk/X (sky130_fd_sc_hd__clkbuf_16)
                                                         clknet_0_clk (net)
                      0.040152    0.000071    8.155238 ^ clkbuf_1_0__f_clk/A (sky130_fd_sc_hd__clkbuf_16)
     1    0.003003    0.026899    0.106376    8.261615 ^ clkbuf_1_0__f_clk/X (sky130_fd_sc_hd__clkbuf_16)
                                                         clknet_1_0__leaf_clk (net)
                      0.026899    0.000015    8.261630 ^ _8_/CLK (sky130_fd_sc_hd__dfrtp_1)
                                 -0.250000    8.011630   clock uncertainty
                                  0.000000    8.011630   clock reconvergence pessimism
                                 -0.083830    7.927799   library setup time
                                              7.927799   data required time
---------------------------------------------------------------------------------------------
                                              7.927799   data required time
                                             -2.072932   data arrival time
---------------------------------------------------------------------------------------------
                                              5.854867   slack (MET)


Startpoint: b (input port clocked by clk)
Endpoint: _9_ (rising edge-triggered flip-flop clocked by clk)
Path Group: clk
Path Type: max

Fanout         Cap        Slew       Delay        Time   Description
---------------------------------------------------------------------------------------------
                                  0.000000    0.000000   clock clk (rise edge)
                                  0.000000    0.000000   clock network delay (propagated)
                                  1.600000    1.600000 v input external delay
     1    0.002606    0.008183    0.004085    1.604085 v b (in)
                                                         b (net)
                      0.008183    0.000000    1.604085 v input2/A (sky130_fd_sc_hd__buf_1)
     2    0.007456    0.051876    0.093868    1.697952 v input2/X (sky130_fd_sc_hd__buf_1)
                                                         net2 (net)
                      0.051876    0.000012    1.697964 v _5_/A (sky130_fd_sc_hd__xnor2_1)
     2    0.007829    0.220537    0.223192    1.921157 ^ _5_/Y (sky130_fd_sc_hd__xnor2_1)
                                                         _2_ (net)
                      0.220537    0.000013    1.921170 ^ _6_/A2 (sky130_fd_sc_hd__o21ai_1)
     1    0.003101    0.054616    0.087333    2.008503 v _6_/Y (sky130_fd_sc_hd__o21ai_1)
                                                         cout_comb (net)
                      0.054616    0.000012    2.008515 v _9_/D (sky130_fd_sc_hd__dfrtp_1)
                                              2.008515   data arrival time

                                  8.000000    8.000000   clock clk (rise edge)
                                  0.000000    8.000000   clock source latency
     1    0.009029    0.047085    0.030848    8.030849 ^ clk (in)
                                                         clk (net)
                      0.047085    0.000000    8.030849 ^ clkbuf_0_clk/A (sky130_fd_sc_hd__clkbuf_16)
     2    0.018010    0.040151    0.124319    8.155168 ^ clkbuf_0_clk/X (sky130_fd_sc_hd__clkbuf_16)
                                                         clknet_0_clk (net)
                      0.040152    0.000083    8.155251 ^ clkbuf_1_1__f_clk/A (sky130_fd_sc_hd__clkbuf_16)
     1    0.003203    0.027092    0.106616    8.261867 ^ clkbuf_1_1__f_clk/X (sky130_fd_sc_hd__clkbuf_16)
                                                         clknet_1_1__leaf_clk (net)
                      0.027092    0.000020    8.261887 ^ _9_/CLK (sky130_fd_sc_hd__dfrtp_1)
                                 -0.250000    8.011887   clock uncertainty
                                  0.000000    8.011887   clock reconvergence pessimism
                                 -0.122571    7.889315   library setup time
                                              7.889315   data required time
---------------------------------------------------------------------------------------------
                                              7.889315   data required time
                                             -2.008515   data arrival time
---------------------------------------------------------------------------------------------
                                              5.880800   slack (MET)


Startpoint: rst_n (input port clocked by clk)
Endpoint: _8_ (recovery check against rising-edge clock clk)
Path Group: asynchronous
Path Type: max

Fanout         Cap        Slew       Delay        Time   Description
---------------------------------------------------------------------------------------------
                                  0.000000    0.000000   clock clk (rise edge)
                                  0.000000    0.000000   clock network delay (propagated)
                                  1.600000    1.600000 ^ input external delay
     1    0.002914    0.020222    0.010692    1.610692 ^ rst_n (in)
                                                         rst_n (net)
                      0.020222    0.000000    1.610692 ^ input4/A (sky130_fd_sc_hd__buf_1)
     2    0.008193    0.106987    0.115028    1.725721 ^ input4/X (sky130_fd_sc_hd__buf_1)
                                                         net4 (net)
                      0.106987    0.000022    1.725743 ^ _8_/RESET_B (sky130_fd_sc_hd__dfrtp_1)
                                              1.725743   data arrival time

                                  8.000000    8.000000   clock clk (rise edge)
                                  0.000000    8.000000   clock source latency
     1    0.009029    0.047085    0.030848    8.030849 ^ clk (in)
                                                         clk (net)
                      0.047085    0.000000    8.030849 ^ clkbuf_0_clk/A (sky130_fd_sc_hd__clkbuf_16)
     2    0.018010    0.040151    0.124319    8.155168 ^ clkbuf_0_clk/X (sky130_fd_sc_hd__clkbuf_16)
                                                         clknet_0_clk (net)
                      0.040152    0.000071    8.155238 ^ clkbuf_1_0__f_clk/A (sky130_fd_sc_hd__clkbuf_16)
     1    0.003003    0.026899    0.106376    8.261615 ^ clkbuf_1_0__f_clk/X (sky130_fd_sc_hd__clkbuf_16)
                                                         clknet_1_0__leaf_clk (net)
                      0.026899    0.000015    8.261630 ^ _8_/CLK (sky130_fd_sc_hd__dfrtp_1)
                                 -0.250000    8.011630   clock uncertainty
                                  0.000000    8.011630   clock reconvergence pessimism
                                  0.208689    8.220319   library recovery time
                                              8.220319   data required time
---------------------------------------------------------------------------------------------
                                              8.220319   data required time
                                             -1.725743   data arrival time
---------------------------------------------------------------------------------------------
                                              6.494576   slack (MET)


Startpoint: rst_n (input port clocked by clk)
Endpoint: _9_ (recovery check against rising-edge clock clk)
Path Group: asynchronous
Path Type: max

Fanout         Cap        Slew       Delay        Time   Description
---------------------------------------------------------------------------------------------
                                  0.000000    0.000000   clock clk (rise edge)
                                  0.000000    0.000000   clock network delay (propagated)
                                  1.600000    1.600000 ^ input external delay
     1    0.002914    0.020222    0.010692    1.610692 ^ rst_n (in)
                                                         rst_n (net)
                      0.020222    0.000000    1.610692 ^ input4/A (sky130_fd_sc_hd__buf_1)
     2    0.008193    0.106987    0.115028    1.725721 ^ input4/X (sky130_fd_sc_hd__buf_1)
                                                         net4 (net)
                      0.106987    0.000033    1.725754 ^ _9_/RESET_B (sky130_fd_sc_hd__dfrtp_1)
                                              1.725754   data arrival time

                                  8.000000    8.000000   clock clk (rise edge)
                                  0.000000    8.000000   clock source latency
     1    0.009029    0.047085    0.030848    8.030849 ^ clk (in)
                                                         clk (net)
                      0.047085    0.000000    8.030849 ^ clkbuf_0_clk/A (sky130_fd_sc_hd__clkbuf_16)
     2    0.018010    0.040151    0.124319    8.155168 ^ clkbuf_0_clk/X (sky130_fd_sc_hd__clkbuf_16)
                                                         clknet_0_clk (net)
                      0.040152    0.000083    8.155251 ^ clkbuf_1_1__f_clk/A (sky130_fd_sc_hd__clkbuf_16)
     1    0.003203    0.027092    0.106616    8.261867 ^ clkbuf_1_1__f_clk/X (sky130_fd_sc_hd__clkbuf_16)
                                                         clknet_1_1__leaf_clk (net)
                      0.027092    0.000020    8.261887 ^ _9_/CLK (sky130_fd_sc_hd__dfrtp_1)
                                 -0.250000    8.011887   clock uncertainty
                                  0.000000    8.011887   clock reconvergence pessimism
                                  0.208749    8.220635   library recovery time
                                              8.220635   data required time
---------------------------------------------------------------------------------------------
                                              8.220635   data required time
                                             -1.725754   data arrival time
---------------------------------------------------------------------------------------------
                                              6.494881   slack (MET)



