
18. Executing PROC_DLATCH pass (convert process syncs to latches).
No latch inferred for signal `\axi4_crossbar_3m5s.\m0_arready_s[0]' from process `\axi4_crossbar_3m5s.$proc$/home/ngoduc202/Documents/Design_SoC_RISCV_ASCON/cpu/interconnect/PnR/rtl/axi4_crossbar_3m5s.v:0$972'.
No latch inferred for signal `\axi4_crossbar_3m5s.\m0_arready_s[1]' from process `\axi4_crossbar_3m5s.$proc$/home/ngoduc202/Documents/Design_SoC_RISCV_ASCON/cpu/interconnect/PnR/rtl/axi4_crossbar_3m5s.v:0$972'.
No latch inferred for signal `\axi4_crossbar_3m5s.\m0_arready_s[2]' from process `\axi4_crossbar_3m5s.$proc$/home/ngoduc202/Documents/Design_SoC_RISCV_ASCON/cpu/interconnect/PnR/rtl/axi4_crossbar_3m5s.v:0$972'.
No latch inferred for signal `\axi4_crossbar_3m5s.\m0_arready_s[3]' from process `\axi4_crossbar_3m5s.$proc$/home/ngoduc202/Documents/Design_SoC_RISCV_ASCON/cpu/interconnect/PnR/rtl/axi4_crossbar_3m5s.v:0$972'.
No latch inferred for signal `\axi4_crossbar_3m5s.\m0_arready_s[4]' from process `\axi4_crossbar_3m5s.$proc$/home/ngoduc202/Documents/Design_SoC_RISCV_ASCON/cpu/interconnect/PnR/rtl/axi4_crossbar_3m5s.v:0$972'.
No latch inferred for signal `\axi4_crossbar_3m5s.\m0_arready_s[5]' from process `\axi4_crossbar_3m5s.$proc$/home/ngoduc202/Documents/Design_SoC_RISCV_ASCON/cpu/interconnect/PnR/rtl/axi4_crossbar_3m5s.v:0$972'.
No latch inferred for signal `\axi4_crossbar_3m5s.\m1_arready_s[0]' from process `\axi4_crossbar_3m5s.$proc$/home/ngoduc202/Documents/Design_SoC_RISCV_ASCON/cpu/interconnect/PnR/rtl/axi4_crossbar_3m5s.v:0$972'.
No latch inferred for signal `\axi4_crossbar_3m5s.\m1_arready_s[1]' from process `\axi4_crossbar_3m5s.$proc$/home/ngoduc202/Documents/Design_SoC_RISCV_ASCON/cpu/interconnect/PnR/rtl/axi4_crossbar_3m5s.v:0$972'.
No latch inferred for signal `\axi4_crossbar_3m5s.\m1_arready_s[2]' from process `\axi4_crossbar_3m5s.$proc$/home/ngoduc202/Documents/Design_SoC_RISCV_ASCON/cpu/interconnect/PnR/rtl/axi4_crossbar_3m5s.v:0$972'.
No latch inferred for signal `\axi4_crossbar_3m5s.\m1_arready_s[3]' from process `\axi4_crossbar_3m5s.$proc$/home/ngoduc202/Documents/Design_SoC_RISCV_ASCON/cpu/interconnect/PnR/rtl/axi4_crossbar_3m5s.v:0$972'.
No latch inferred for signal `\axi4_crossbar_3m5s.\m1_arready_s[4]' from process `\axi4_crossbar_3m5s.$proc$/home/ngoduc202/Documents/Design_SoC_RISCV_ASCON/cpu/interconnect/PnR/rtl/axi4_crossbar_3m5s.v:0$972'.
No latch inferred for signal `\axi4_crossbar_3m5s.\m1_arready_s[5]' from process `\axi4_crossbar_3m5s.$proc$/home/ngoduc202/Documents/Design_SoC_RISCV_ASCON/cpu/interconnect/PnR/rtl/axi4_crossbar_3m5s.v:0$972'.
No latch inferred for signal `\axi4_crossbar_3m5s.\m2_arready_s[0]' from process `\axi4_crossbar_3m5s.$proc$/home/ngoduc202/Documents/Design_SoC_RISCV_ASCON/cpu/interconnect/PnR/rtl/axi4_crossbar_3m5s.v:0$972'.
No latch inferred for signal `\axi4_crossbar_3m5s.\m2_arready_s[1]' from process `\axi4_crossbar_3m5s.$proc$/home/ngoduc202/Documents/Design_SoC_RISCV_ASCON/cpu/interconnect/PnR/rtl/axi4_crossbar_3m5s.v:0$972'.
No latch inferred for signal `\axi4_crossbar_3m5s.\m2_arready_s[2]' from process `\axi4_crossbar_3m5s.$proc$/home/ngoduc202/Documents/Design_SoC_RISCV_ASCON/cpu/interconnect/PnR/rtl/axi4_crossbar_3m5s.v:0$972'.
No latch inferred for signal `\axi4_crossbar_3m5s.\m2_arready_s[3]' from process `\axi4_crossbar_3m5s.$proc$/home/ngoduc202/Documents/Design_SoC_RISCV_ASCON/cpu/interconnect/PnR/rtl/axi4_crossbar_3m5s.v:0$972'.
No latch inferred for signal `\axi4_crossbar_3m5s.\m2_arready_s[4]' from process `\axi4_crossbar_3m5s.$proc$/home/ngoduc202/Documents/Design_SoC_RISCV_ASCON/cpu/interconnect/PnR/rtl/axi4_crossbar_3m5s.v:0$972'.
No latch inferred for signal `\axi4_crossbar_3m5s.\m2_arready_s[5]' from process `\axi4_crossbar_3m5s.$proc$/home/ngoduc202/Documents/Design_SoC_RISCV_ASCON/cpu/interconnect/PnR/rtl/axi4_crossbar_3m5s.v:0$972'.
No latch inferred for signal `\axi4_crossbar_3m5s.\m0_awready_s[0]' from process `\axi4_crossbar_3m5s.$proc$/home/ngoduc202/Documents/Design_SoC_RISCV_ASCON/cpu/interconnect/PnR/rtl/axi4_crossbar_3m5s.v:0$972'.
No latch inferred for signal `\axi4_crossbar_3m5s.\m0_awready_s[1]' from process `\axi4_crossbar_3m5s.$proc$/home/ngoduc202/Documents/Design_SoC_RISCV_ASCON/cpu/interconnect/PnR/rtl/axi4_crossbar_3m5s.v:0$972'.
No latch inferred for signal `\axi4_crossbar_3m5s.\m0_awready_s[2]' from process `\axi4_crossbar_3m5s.$proc$/home/ngoduc202/Documents/Design_SoC_RISCV_ASCON/cpu/interconnect/PnR/rtl/axi4_crossbar_3m5s.v:0$972'.
No latch inferred for signal `\axi4_crossbar_3m5s.\m0_awready_s[3]' from process `\axi4_crossbar_3m5s.$proc$/home/ngoduc202/Documents/Design_SoC_RISCV_ASCON/cpu/interconnect/PnR/rtl/axi4_crossbar_3m5s.v:0$972'.
No latch inferred for signal `\axi4_crossbar_3m5s.\m0_awready_s[4]' from process `\axi4_crossbar_3m5s.$proc$/home/ngoduc202/Documents/Design_SoC_RISCV_ASCON/cpu/interconnect/PnR/rtl/axi4_crossbar_3m5s.v:0$972'.
No latch inferred for signal `\axi4_crossbar_3m5s.\m0_awready_s[5]' from process `\axi4_crossbar_3m5s.$proc$/home/ngoduc202/Documents/Design_SoC_RISCV_ASCON/cpu/interconnect/PnR/rtl/axi4_crossbar_3m5s.v:0$972'.
No latch inferred for signal `\axi4_crossbar_3m5s.\m1_awready_s[0]' from process `\axi4_crossbar_3m5s.$proc$/home/ngoduc202/Documents/Design_SoC_RISCV_ASCON/cpu/interconnect/PnR/rtl/axi4_crossbar_3m5s.v:0$972'.
No latch inferred for signal `\axi4_crossbar_3m5s.\m1_awready_s[1]' from process `\axi4_crossbar_3m5s.$proc$/home/ngoduc202/Documents/Design_SoC_RISCV_ASCON/cpu/interconnect/PnR/rtl/axi4_crossbar_3m5s.v:0$972'.
No latch inferred for signal `\axi4_crossbar_3m5s.\m1_awready_s[2]' from process `\axi4_crossbar_3m5s.$proc$/home/ngoduc202/Documents/Design_SoC_RISCV_ASCON/cpu/interconnect/PnR/rtl/axi4_crossbar_3m5s.v:0$972'.
No latch inferred for signal `\axi4_crossbar_3m5s.\m1_awready_s[3]' from process `\axi4_crossbar_3m5s.$proc$/home/ngoduc202/Documents/Design_SoC_RISCV_ASCON/cpu/interconnect/PnR/rtl/axi4_crossbar_3m5s.v:0$972'.
No latch inferred for signal `\axi4_crossbar_3m5s.\m1_awready_s[4]' from process `\axi4_crossbar_3m5s.$proc$/home/ngoduc202/Documents/Design_SoC_RISCV_ASCON/cpu/interconnect/PnR/rtl/axi4_crossbar_3m5s.v:0$972'.
No latch inferred for signal `\axi4_crossbar_3m5s.\m1_awready_s[5]' from process `\axi4_crossbar_3m5s.$proc$/home/ngoduc202/Documents/Design_SoC_RISCV_ASCON/cpu/interconnect/PnR/rtl/axi4_crossbar_3m5s.v:0$972'.
No latch inferred for signal `\axi4_crossbar_3m5s.\m2_awready_s[0]' from process `\axi4_crossbar_3m5s.$proc$/home/ngoduc202/Documents/Design_SoC_RISCV_ASCON/cpu/interconnect/PnR/rtl/axi4_crossbar_3m5s.v:0$972'.
No latch inferred for signal `\axi4_crossbar_3m5s.\m2_awready_s[1]' from process `\axi4_crossbar_3m5s.$proc$/home/ngoduc202/Documents/Design_SoC_RISCV_ASCON/cpu/interconnect/PnR/rtl/axi4_crossbar_3m5s.v:0$972'.
No latch inferred for signal `\axi4_crossbar_3m5s.\m2_awready_s[2]' from process `\axi4_crossbar_3m5s.$proc$/home/ngoduc202/Documents/Design_SoC_RISCV_ASCON/cpu/interconnect/PnR/rtl/axi4_crossbar_3m5s.v:0$972'.
No latch inferred for signal `\axi4_crossbar_3m5s.\m2_awready_s[3]' from process `\axi4_crossbar_3m5s.$proc$/home/ngoduc202/Documents/Design_SoC_RISCV_ASCON/cpu/interconnect/PnR/rtl/axi4_crossbar_3m5s.v:0$972'.
No latch inferred for signal `\axi4_crossbar_3m5s.\m2_awready_s[4]' from process `\axi4_crossbar_3m5s.$proc$/home/ngoduc202/Documents/Design_SoC_RISCV_ASCON/cpu/interconnect/PnR/rtl/axi4_crossbar_3m5s.v:0$972'.
No latch inferred for signal `\axi4_crossbar_3m5s.\m2_awready_s[5]' from process `\axi4_crossbar_3m5s.$proc$/home/ngoduc202/Documents/Design_SoC_RISCV_ASCON/cpu/interconnect/PnR/rtl/axi4_crossbar_3m5s.v:0$972'.
No latch inferred for signal `\axi4_crossbar_3m5s.\m0_wready_s[0]' from process `\axi4_crossbar_3m5s.$proc$/home/ngoduc202/Documents/Design_SoC_RISCV_ASCON/cpu/interconnect/PnR/rtl/axi4_crossbar_3m5s.v:0$972'.
No latch inferred for signal `\axi4_crossbar_3m5s.\m0_wready_s[1]' from process `\axi4_crossbar_3m5s.$proc$/home/ngoduc202/Documents/Design_SoC_RISCV_ASCON/cpu/interconnect/PnR/rtl/axi4_crossbar_3m5s.v:0$972'.
No latch inferred for signal `\axi4_crossbar_3m5s.\m0_wready_s[2]' from process `\axi4_crossbar_3m5s.$proc$/home/ngoduc202/Documents/Design_SoC_RISCV_ASCON/cpu/interconnect/PnR/rtl/axi4_crossbar_3m5s.v:0$972'.
No latch inferred for signal `\axi4_crossbar_3m5s.\m0_wready_s[3]' from process `\axi4_crossbar_3m5s.$proc$/home/ngoduc202/Documents/Design_SoC_RISCV_ASCON/cpu/interconnect/PnR/rtl/axi4_crossbar_3m5s.v:0$972'.
No latch inferred for signal `\axi4_crossbar_3m5s.\m0_wready_s[4]' from process `\axi4_crossbar_3m5s.$proc$/home/ngoduc202/Documents/Design_SoC_RISCV_ASCON/cpu/interconnect/PnR/rtl/axi4_crossbar_3m5s.v:0$972'.
No latch inferred for signal `\axi4_crossbar_3m5s.\m0_wready_s[5]' from process `\axi4_crossbar_3m5s.$proc$/home/ngoduc202/Documents/Design_SoC_RISCV_ASCON/cpu/interconnect/PnR/rtl/axi4_crossbar_3m5s.v:0$972'.
No latch inferred for signal `\axi4_crossbar_3m5s.\m1_wready_s[0]' from process `\axi4_crossbar_3m5s.$proc$/home/ngoduc202/Documents/Design_SoC_RISCV_ASCON/cpu/interconnect/PnR/rtl/axi4_crossbar_3m5s.v:0$972'.
No latch inferred for signal `\axi4_crossbar_3m5s.\m1_wready_s[1]' from process `\axi4_crossbar_3m5s.$proc$/home/ngoduc202/Documents/Design_SoC_RISCV_ASCON/cpu/interconnect/PnR/rtl/axi4_crossbar_3m5s.v:0$972'.
No latch inferred for signal `\axi4_crossbar_3m5s.\m1_wready_s[2]' from process `\axi4_crossbar_3m5s.$proc$/home/ngoduc202/Documents/Design_SoC_RISCV_ASCON/cpu/interconnect/PnR/rtl/axi4_crossbar_3m5s.v:0$972'.
No latch inferred for signal `\axi4_crossbar_3m5s.\m1_wready_s[3]' from process `\axi4_crossbar_3m5s.$proc$/home/ngoduc202/Documents/Design_SoC_RISCV_ASCON/cpu/interconnect/PnR/rtl/axi4_crossbar_3m5s.v:0$972'.
No latch inferred for signal `\axi4_crossbar_3m5s.\m1_wready_s[4]' from process `\axi4_crossbar_3m5s.$proc$/home/ngoduc202/Documents/Design_SoC_RISCV_ASCON/cpu/interconnect/PnR/rtl/axi4_crossbar_3m5s.v:0$972'.
No latch inferred for signal `\axi4_crossbar_3m5s.\m1_wready_s[5]' from process `\axi4_crossbar_3m5s.$proc$/home/ngoduc202/Documents/Design_SoC_RISCV_ASCON/cpu/interconnect/PnR/rtl/axi4_crossbar_3m5s.v:0$972'.
No latch inferred for signal `\axi4_crossbar_3m5s.\m2_wready_s[0]' from process `\axi4_crossbar_3m5s.$proc$/home/ngoduc202/Documents/Design_SoC_RISCV_ASCON/cpu/interconnect/PnR/rtl/axi4_crossbar_3m5s.v:0$972'.
No latch inferred for signal `\axi4_crossbar_3m5s.\m2_wready_s[1]' from process `\axi4_crossbar_3m5s.$proc$/home/ngoduc202/Documents/Design_SoC_RISCV_ASCON/cpu/interconnect/PnR/rtl/axi4_crossbar_3m5s.v:0$972'.
No latch inferred for signal `\axi4_crossbar_3m5s.\m2_wready_s[2]' from process `\axi4_crossbar_3m5s.$proc$/home/ngoduc202/Documents/Design_SoC_RISCV_ASCON/cpu/interconnect/PnR/rtl/axi4_crossbar_3m5s.v:0$972'.
No latch inferred for signal `\axi4_crossbar_3m5s.\m2_wready_s[3]' from process `\axi4_crossbar_3m5s.$proc$/home/ngoduc202/Documents/Design_SoC_RISCV_ASCON/cpu/interconnect/PnR/rtl/axi4_crossbar_3m5s.v:0$972'.
No latch inferred for signal `\axi4_crossbar_3m5s.\m2_wready_s[4]' from process `\axi4_crossbar_3m5s.$proc$/home/ngoduc202/Documents/Design_SoC_RISCV_ASCON/cpu/interconnect/PnR/rtl/axi4_crossbar_3m5s.v:0$972'.
No latch inferred for signal `\axi4_crossbar_3m5s.\m2_wready_s[5]' from process `\axi4_crossbar_3m5s.$proc$/home/ngoduc202/Documents/Design_SoC_RISCV_ASCON/cpu/interconnect/PnR/rtl/axi4_crossbar_3m5s.v:0$972'.
No latch inferred for signal `\axi4_crossbar_3m5s.\m0_rid_s[0]' from process `\axi4_crossbar_3m5s.$proc$/home/ngoduc202/Documents/Design_SoC_RISCV_ASCON/cpu/interconnect/PnR/rtl/axi4_crossbar_3m5s.v:0$972'.
No latch inferred for signal `\axi4_crossbar_3m5s.\m0_rid_s[1]' from process `\axi4_crossbar_3m5s.$proc$/home/ngoduc202/Documents/Design_SoC_RISCV_ASCON/cpu/interconnect/PnR/rtl/axi4_crossbar_3m5s.v:0$972'.
No latch inferred for signal `\axi4_crossbar_3m5s.\m0_rid_s[2]' from process `\axi4_crossbar_3m5s.$proc$/home/ngoduc202/Documents/Design_SoC_RISCV_ASCON/cpu/interconnect/PnR/rtl/axi4_crossbar_3m5s.v:0$972'.
No latch inferred for signal `\axi4_crossbar_3m5s.\m0_rid_s[3]' from process `\axi4_crossbar_3m5s.$proc$/home/ngoduc202/Documents/Design_SoC_RISCV_ASCON/cpu/interconnect/PnR/rtl/axi4_crossbar_3m5s.v:0$972'.
No latch inferred for signal `\axi4_crossbar_3m5s.\m0_rid_s[4]' from process `\axi4_crossbar_3m5s.$proc$/home/ngoduc202/Documents/Design_SoC_RISCV_ASCON/cpu/interconnect/PnR/rtl/axi4_crossbar_3m5s.v:0$972'.
No latch inferred for signal `\axi4_crossbar_3m5s.\m0_rid_s[5]' from process `\axi4_crossbar_3m5s.$proc$/home/ngoduc202/Documents/Design_SoC_RISCV_ASCON/cpu/interconnect/PnR/rtl/axi4_crossbar_3m5s.v:0$972'.
No latch inferred for signal `\axi4_crossbar_3m5s.\m1_rid_s[0]' from process `\axi4_crossbar_3m5s.$proc$/home/ngoduc202/Documents/Design_SoC_RISCV_ASCON/cpu/interconnect/PnR/rtl/axi4_crossbar_3m5s.v:0$972'.
No latch inferred for signal `\axi4_crossbar_3m5s.\m1_rid_s[1]' from process `\axi4_crossbar_3m5s.$proc$/home/ngoduc202/Documents/Design_SoC_RISCV_ASCON/cpu/interconnect/PnR/rtl/axi4_crossbar_3m5s.v:0$972'.
No latch inferred for signal `\axi4_crossbar_3m5s.\m1_rid_s[2]' from process `\axi4_crossbar_3m5s.$proc$/home/ngoduc202/Documents/Design_SoC_RISCV_ASCON/cpu/interconnect/PnR/rtl/axi4_crossbar_3m5s.v:0$972'.
No latch inferred for signal `\axi4_crossbar_3m5s.\m1_rid_s[3]' from process `\axi4_crossbar_3m5s.$proc$/home/ngoduc202/Documents/Design_SoC_RISCV_ASCON/cpu/interconnect/PnR/rtl/axi4_crossbar_3m5s.v:0$972'.
No latch inferred for signal `\axi4_crossbar_3m5s.\m1_rid_s[4]' from process `\axi4_crossbar_3m5s.$proc$/home/ngoduc202/Documents/Design_SoC_RISCV_ASCON/cpu/interconnect/PnR/rtl/axi4_crossbar_3m5s.v:0$972'.
No latch inferred for signal `\axi4_crossbar_3m5s.\m1_rid_s[5]' from process `\axi4_crossbar_3m5s.$proc$/home/ngoduc202/Documents/Design_SoC_RISCV_ASCON/cpu/interconnect/PnR/rtl/axi4_crossbar_3m5s.v:0$972'.
No latch inferred for signal `\axi4_crossbar_3m5s.\m2_rid_s[0]' from process `\axi4_crossbar_3m5s.$proc$/home/ngoduc202/Documents/Design_SoC_RISCV_ASCON/cpu/interconnect/PnR/rtl/axi4_crossbar_3m5s.v:0$972'.
No latch inferred for signal `\axi4_crossbar_3m5s.\m2_rid_s[1]' from process `\axi4_crossbar_3m5s.$proc$/home/ngoduc202/Documents/Design_SoC_RISCV_ASCON/cpu/interconnect/PnR/rtl/axi4_crossbar_3m5s.v:0$972'.
No latch inferred for signal `\axi4_crossbar_3m5s.\m2_rid_s[2]' from process `\axi4_crossbar_3m5s.$proc$/home/ngoduc202/Documents/Design_SoC_RISCV_ASCON/cpu/interconnect/PnR/rtl/axi4_crossbar_3m5s.v:0$972'.
No latch inferred for signal `\axi4_crossbar_3m5s.\m2_rid_s[3]' from process `\axi4_crossbar_3m5s.$proc$/home/ngoduc202/Documents/Design_SoC_RISCV_ASCON/cpu/interconnect/PnR/rtl/axi4_crossbar_3m5s.v:0$972'.
No latch inferred for signal `\axi4_crossbar_3m5s.\m2_rid_s[4]' from process `\axi4_crossbar_3m5s.$proc$/home/ngoduc202/Documents/Design_SoC_RISCV_ASCON/cpu/interconnect/PnR/rtl/axi4_crossbar_3m5s.v:0$972'.
No latch inferred for signal `\axi4_crossbar_3m5s.\m2_rid_s[5]' from process `\axi4_crossbar_3m5s.$proc$/home/ngoduc202/Documents/Design_SoC_RISCV_ASCON/cpu/interconnect/PnR/rtl/axi4_crossbar_3m5s.v:0$972'.
No latch inferred for signal `\axi4_crossbar_3m5s.\m0_rdata_s[0]' from process `\axi4_crossbar_3m5s.$proc$/home/ngoduc202/Documents/Design_SoC_RISCV_ASCON/cpu/interconnect/PnR/rtl/axi4_crossbar_3m5s.v:0$972'.
No latch inferred for signal `\axi4_crossbar_3m5s.\m0_rdata_s[1]' from process `\axi4_crossbar_3m5s.$proc$/home/ngoduc202/Documents/Design_SoC_RISCV_ASCON/cpu/interconnect/PnR/rtl/axi4_crossbar_3m5s.v:0$972'.
No latch inferred for signal `\axi4_crossbar_3m5s.\m0_rdata_s[2]' from process `\axi4_crossbar_3m5s.$proc$/home/ngoduc202/Documents/Design_SoC_RISCV_ASCON/cpu/interconnect/PnR/rtl/axi4_crossbar_3m5s.v:0$972'.
No latch inferred for signal `\axi4_crossbar_3m5s.\m0_rdata_s[3]' from process `\axi4_crossbar_3m5s.$proc$/home/ngoduc202/Documents/Design_SoC_RISCV_ASCON/cpu/interconnect/PnR/rtl/axi4_crossbar_3m5s.v:0$972'.
No latch inferred for signal `\axi4_crossbar_3m5s.\m0_rdata_s[4]' from process `\axi4_crossbar_3m5s.$proc$/home/ngoduc202/Documents/Design_SoC_RISCV_ASCON/cpu/interconnect/PnR/rtl/axi4_crossbar_3m5s.v:0$972'.
No latch inferred for signal `\axi4_crossbar_3m5s.\m0_rdata_s[5]' from process `\axi4_crossbar_3m5s.$proc$/home/ngoduc202/Documents/Design_SoC_RISCV_ASCON/cpu/interconnect/PnR/rtl/axi4_crossbar_3m5s.v:0$972'.
No latch inferred for signal `\axi4_crossbar_3m5s.\m1_rdata_s[0]' from process `\axi4_crossbar_3m5s.$proc$/home/ngoduc202/Documents/Design_SoC_RISCV_ASCON/cpu/interconnect/PnR/rtl/axi4_crossbar_3m5s.v:0$972'.
No latch inferred for signal `\axi4_crossbar_3m5s.\m1_rdata_s[1]' from process `\axi4_crossbar_3m5s.$proc$/home/ngoduc202/Documents/Design_SoC_RISCV_ASCON/cpu/interconnect/PnR/rtl/axi4_crossbar_3m5s.v:0$972'.
No latch inferred for signal `\axi4_crossbar_3m5s.\m1_rdata_s[2]' from process `\axi4_crossbar_3m5s.$proc$/home/ngoduc202/Documents/Design_SoC_RISCV_ASCON/cpu/interconnect/PnR/rtl/axi4_crossbar_3m5s.v:0$972'.
No latch inferred for signal `\axi4_crossbar_3m5s.\m1_rdata_s[3]' from process `\axi4_crossbar_3m5s.$proc$/home/ngoduc202/Documents/Design_SoC_RISCV_ASCON/cpu/interconnect/PnR/rtl/axi4_crossbar_3m5s.v:0$972'.
No latch inferred for signal `\axi4_crossbar_3m5s.\m1_rdata_s[4]' from process `\axi4_crossbar_3m5s.$proc$/home/ngoduc202/Documents/Design_SoC_RISCV_ASCON/cpu/interconnect/PnR/rtl/axi4_crossbar_3m5s.v:0$972'.
No latch inferred for signal `\axi4_crossbar_3m5s.\m1_rdata_s[5]' from process `\axi4_crossbar_3m5s.$proc$/home/ngoduc202/Documents/Design_SoC_RISCV_ASCON/cpu/interconnect/PnR/rtl/axi4_crossbar_3m5s.v:0$972'.
No latch inferred for signal `\axi4_crossbar_3m5s.\m2_rdata_s[0]' from process `\axi4_crossbar_3m5s.$proc$/home/ngoduc202/Documents/Design_SoC_RISCV_ASCON/cpu/interconnect/PnR/rtl/axi4_crossbar_3m5s.v:0$972'.
No latch inferred for signal `\axi4_crossbar_3m5s.\m2_rdata_s[1]' from process `\axi4_crossbar_3m5s.$proc$/home/ngoduc202/Documents/Design_SoC_RISCV_ASCON/cpu/interconnect/PnR/rtl/axi4_crossbar_3m5s.v:0$972'.
No latch inferred for signal `\axi4_crossbar_3m5s.\m2_rdata_s[2]' from process `\axi4_crossbar_3m5s.$proc$/home/ngoduc202/Documents/Design_SoC_RISCV_ASCON/cpu/interconnect/PnR/rtl/axi4_crossbar_3m5s.v:0$972'.
No latch inferred for signal `\axi4_crossbar_3m5s.\m2_rdata_s[3]' from process `\axi4_crossbar_3m5s.$proc$/home/ngoduc202/Documents/Design_SoC_RISCV_ASCON/cpu/interconnect/PnR/rtl/axi4_crossbar_3m5s.v:0$972'.
No latch inferred for signal `\axi4_crossbar_3m5s.\m2_rdata_s[4]' from process `\axi4_crossbar_3m5s.$proc$/home/ngoduc202/Documents/Design_SoC_RISCV_ASCON/cpu/interconnect/PnR/rtl/axi4_crossbar_3m5s.v:0$972'.
No latch inferred for signal `\axi4_crossbar_3m5s.\m2_rdata_s[5]' from process `\axi4_crossbar_3m5s.$proc$/home/ngoduc202/Documents/Design_SoC_RISCV_ASCON/cpu/interconnect/PnR/rtl/axi4_crossbar_3m5s.v:0$972'.
No latch inferred for signal `\axi4_crossbar_3m5s.\m0_rresp_s[0]' from process `\axi4_crossbar_3m5s.$proc$/home/ngoduc202/Documents/Design_SoC_RISCV_ASCON/cpu/interconnect/PnR/rtl/axi4_crossbar_3m5s.v:0$972'.
No latch inferred for signal `\axi4_crossbar_3m5s.\m0_rresp_s[1]' from process `\axi4_crossbar_3m5s.$proc$/home/ngoduc202/Documents/Design_SoC_RISCV_ASCON/cpu/interconnect/PnR/rtl/axi4_crossbar_3m5s.v:0$972'.
No latch inferred for signal `\axi4_crossbar_3m5s.\m0_rresp_s[2]' from process `\axi4_crossbar_3m5s.$proc$/home/ngoduc202/Documents/Design_SoC_RISCV_ASCON/cpu/interconnect/PnR/rtl/axi4_crossbar_3m5s.v:0$972'.
No latch inferred for signal `\axi4_crossbar_3m5s.\m0_rresp_s[3]' from process `\axi4_crossbar_3m5s.$proc$/home/ngoduc202/Documents/Design_SoC_RISCV_ASCON/cpu/interconnect/PnR/rtl/axi4_crossbar_3m5s.v:0$972'.
No latch inferred for signal `\axi4_crossbar_3m5s.\m0_rresp_s[4]' from process `\axi4_crossbar_3m5s.$proc$/home/ngoduc202/Documents/Design_SoC_RISCV_ASCON/cpu/interconnect/PnR/rtl/axi4_crossbar_3m5s.v:0$972'.
No latch inferred for signal `\axi4_crossbar_3m5s.\m0_rresp_s[5]' from process `\axi4_crossbar_3m5s.$proc$/home/ngoduc202/Documents/Design_SoC_RISCV_ASCON/cpu/interconnect/PnR/rtl/axi4_crossbar_3m5s.v:0$972'.
No latch inferred for signal `\axi4_crossbar_3m5s.\m1_rresp_s[0]' from process `\axi4_crossbar_3m5s.$proc$/home/ngoduc202/Documents/Design_SoC_RISCV_ASCON/cpu/interconnect/PnR/rtl/axi4_crossbar_3m5s.v:0$972'.
No latch inferred for signal `\axi4_crossbar_3m5s.\m1_rresp_s[1]' from process `\axi4_crossbar_3m5s.$proc$/home/ngoduc202/Documents/Design_SoC_RISCV_ASCON/cpu/interconnect/PnR/rtl/axi4_crossbar_3m5s.v:0$972'.
No latch inferred for signal `\axi4_crossbar_3m5s.\m1_rresp_s[2]' from process `\axi4_crossbar_3m5s.$proc$/home/ngoduc202/Documents/Design_SoC_RISCV_ASCON/cpu/interconnect/PnR/rtl/axi4_crossbar_3m5s.v:0$972'.
No latch inferred for signal `\axi4_crossbar_3m5s.\m1_rresp_s[3]' from process `\axi4_crossbar_3m5s.$proc$/home/ngoduc202/Documents/Design_SoC_RISCV_ASCON/cpu/interconnect/PnR/rtl/axi4_crossbar_3m5s.v:0$972'.
No latch inferred for signal `\axi4_crossbar_3m5s.\m1_rresp_s[4]' from process `\axi4_crossbar_3m5s.$proc$/home/ngoduc202/Documents/Design_SoC_RISCV_ASCON/cpu/interconnect/PnR/rtl/axi4_crossbar_3m5s.v:0$972'.
No latch inferred for signal `\axi4_crossbar_3m5s.\m1_rresp_s[5]' from process `\axi4_crossbar_3m5s.$proc$/home/ngoduc202/Documents/Design_SoC_RISCV_ASCON/cpu/interconnect/PnR/rtl/axi4_crossbar_3m5s.v:0$972'.
No latch inferred for signal `\axi4_crossbar_3m5s.\m2_rresp_s[0]' from process `\axi4_crossbar_3m5s.$proc$/home/ngoduc202/Documents/Design_SoC_RISCV_ASCON/cpu/interconnect/PnR/rtl/axi4_crossbar_3m5s.v:0$972'.
No latch inferred for signal `\axi4_crossbar_3m5s.\m2_rresp_s[1]' from process `\axi4_crossbar_3m5s.$proc$/home/ngoduc202/Documents/Design_SoC_RISCV_ASCON/cpu/interconnect/PnR/rtl/axi4_crossbar_3m5s.v:0$972'.
No latch inferred for signal `\axi4_crossbar_3m5s.\m2_rresp_s[2]' from process `\axi4_crossbar_3m5s.$proc$/home/ngoduc202/Documents/Design_SoC_RISCV_ASCON/cpu/interconnect/PnR/rtl/axi4_crossbar_3m5s.v:0$972'.
No latch inferred for signal `\axi4_crossbar_3m5s.\m2_rresp_s[3]' from process `\axi4_crossbar_3m5s.$proc$/home/ngoduc202/Documents/Design_SoC_RISCV_ASCON/cpu/interconnect/PnR/rtl/axi4_crossbar_3m5s.v:0$972'.
No latch inferred for signal `\axi4_crossbar_3m5s.\m2_rresp_s[4]' from process `\axi4_crossbar_3m5s.$proc$/home/ngoduc202/Documents/Design_SoC_RISCV_ASCON/cpu/interconnect/PnR/rtl/axi4_crossbar_3m5s.v:0$972'.
No latch inferred for signal `\axi4_crossbar_3m5s.\m2_rresp_s[5]' from process `\axi4_crossbar_3m5s.$proc$/home/ngoduc202/Documents/Design_SoC_RISCV_ASCON/cpu/interconnect/PnR/rtl/axi4_crossbar_3m5s.v:0$972'.
No latch inferred for signal `\axi4_crossbar_3m5s.\m0_rlast_s[0]' from process `\axi4_crossbar_3m5s.$proc$/home/ngoduc202/Documents/Design_SoC_RISCV_ASCON/cpu/interconnect/PnR/rtl/axi4_crossbar_3m5s.v:0$972'.
No latch inferred for signal `\axi4_crossbar_3m5s.\m0_rlast_s[1]' from process `\axi4_crossbar_3m5s.$proc$/home/ngoduc202/Documents/Design_SoC_RISCV_ASCON/cpu/interconnect/PnR/rtl/axi4_crossbar_3m5s.v:0$972'.
No latch inferred for signal `\axi4_crossbar_3m5s.\m0_rlast_s[2]' from process `\axi4_crossbar_3m5s.$proc$/home/ngoduc202/Documents/Design_SoC_RISCV_ASCON/cpu/interconnect/PnR/rtl/axi4_crossbar_3m5s.v:0$972'.
No latch inferred for signal `\axi4_crossbar_3m5s.\m0_rlast_s[3]' from process `\axi4_crossbar_3m5s.$proc$/home/ngoduc202/Documents/Design_SoC_RISCV_ASCON/cpu/interconnect/PnR/rtl/axi4_crossbar_3m5s.v:0$972'.
No latch inferred for signal `\axi4_crossbar_3m5s.\m0_rlast_s[4]' from process `\axi4_crossbar_3m5s.$proc$/home/ngoduc202/Documents/Design_SoC_RISCV_ASCON/cpu/interconnect/PnR/rtl/axi4_crossbar_3m5s.v:0$972'.
No latch inferred for signal `\axi4_crossbar_3m5s.\m0_rlast_s[5]' from process `\axi4_crossbar_3m5s.$proc$/home/ngoduc202/Documents/Design_SoC_RISCV_ASCON/cpu/interconnect/PnR/rtl/axi4_crossbar_3m5s.v:0$972'.
No latch inferred for signal `\axi4_crossbar_3m5s.\m1_rlast_s[0]' from process `\axi4_crossbar_3m5s.$proc$/home/ngoduc202/Documents/Design_SoC_RISCV_ASCON/cpu/interconnect/PnR/rtl/axi4_crossbar_3m5s.v:0$972'.
No latch inferred for signal `\axi4_crossbar_3m5s.\m1_rlast_s[1]' from process `\axi4_crossbar_3m5s.$proc$/home/ngoduc202/Documents/Design_SoC_RISCV_ASCON/cpu/interconnect/PnR/rtl/axi4_crossbar_3m5s.v:0$972'.
No latch inferred for signal `\axi4_crossbar_3m5s.\m1_rlast_s[2]' from process `\axi4_crossbar_3m5s.$proc$/home/ngoduc202/Documents/Design_SoC_RISCV_ASCON/cpu/interconnect/PnR/rtl/axi4_crossbar_3m5s.v:0$972'.
No latch inferred for signal `\axi4_crossbar_3m5s.\m1_rlast_s[3]' from process `\axi4_crossbar_3m5s.$proc$/home/ngoduc202/Documents/Design_SoC_RISCV_ASCON/cpu/interconnect/PnR/rtl/axi4_crossbar_3m5s.v:0$972'.
No latch inferred for signal `\axi4_crossbar_3m5s.\m1_rlast_s[4]' from process `\axi4_crossbar_3m5s.$proc$/home/ngoduc202/Documents/Design_SoC_RISCV_ASCON/cpu/interconnect/PnR/rtl/axi4_crossbar_3m5s.v:0$972'.
No latch inferred for signal `\axi4_crossbar_3m5s.\m1_rlast_s[5]' from process `\axi4_crossbar_3m5s.$proc$/home/ngoduc202/Documents/Design_SoC_RISCV_ASCON/cpu/interconnect/PnR/rtl/axi4_crossbar_3m5s.v:0$972'.
No latch inferred for signal `\axi4_crossbar_3m5s.\m2_rlast_s[0]' from process `\axi4_crossbar_3m5s.$proc$/home/ngoduc202/Documents/Design_SoC_RISCV_ASCON/cpu/interconnect/PnR/rtl/axi4_crossbar_3m5s.v:0$972'.
No latch inferred for signal `\axi4_crossbar_3m5s.\m2_rlast_s[1]' from process `\axi4_crossbar_3m5s.$proc$/home/ngoduc202/Documents/Design_SoC_RISCV_ASCON/cpu/interconnect/PnR/rtl/axi4_crossbar_3m5s.v:0$972'.
No latch inferred for signal `\axi4_crossbar_3m5s.\m2_rlast_s[2]' from process `\axi4_crossbar_3m5s.$proc$/home/ngoduc202/Documents/Design_SoC_RISCV_ASCON/cpu/interconnect/PnR/rtl/axi4_crossbar_3m5s.v:0$972'.
No latch inferred for signal `\axi4_crossbar_3m5s.\m2_rlast_s[3]' from process `\axi4_crossbar_3m5s.$proc$/home/ngoduc202/Documents/Design_SoC_RISCV_ASCON/cpu/interconnect/PnR/rtl/axi4_crossbar_3m5s.v:0$972'.
No latch inferred for signal `\axi4_crossbar_3m5s.\m2_rlast_s[4]' from process `\axi4_crossbar_3m5s.$proc$/home/ngoduc202/Documents/Design_SoC_RISCV_ASCON/cpu/interconnect/PnR/rtl/axi4_crossbar_3m5s.v:0$972'.
No latch inferred for signal `\axi4_crossbar_3m5s.\m2_rlast_s[5]' from process `\axi4_crossbar_3m5s.$proc$/home/ngoduc202/Documents/Design_SoC_RISCV_ASCON/cpu/interconnect/PnR/rtl/axi4_crossbar_3m5s.v:0$972'.
No latch inferred for signal `\axi4_crossbar_3m5s.\m0_rvalid_s[0]' from process `\axi4_crossbar_3m5s.$proc$/home/ngoduc202/Documents/Design_SoC_RISCV_ASCON/cpu/interconnect/PnR/rtl/axi4_crossbar_3m5s.v:0$972'.
No latch inferred for signal `\axi4_crossbar_3m5s.\m0_rvalid_s[1]' from process `\axi4_crossbar_3m5s.$proc$/home/ngoduc202/Documents/Design_SoC_RISCV_ASCON/cpu/interconnect/PnR/rtl/axi4_crossbar_3m5s.v:0$972'.
No latch inferred for signal `\axi4_crossbar_3m5s.\m0_rvalid_s[2]' from process `\axi4_crossbar_3m5s.$proc$/home/ngoduc202/Documents/Design_SoC_RISCV_ASCON/cpu/interconnect/PnR/rtl/axi4_crossbar_3m5s.v:0$972'.
No latch inferred for signal `\axi4_crossbar_3m5s.\m0_rvalid_s[3]' from process `\axi4_crossbar_3m5s.$proc$/home/ngoduc202/Documents/Design_SoC_RISCV_ASCON/cpu/interconnect/PnR/rtl/axi4_crossbar_3m5s.v:0$972'.
No latch inferred for signal `\axi4_crossbar_3m5s.\m0_rvalid_s[4]' from process `\axi4_crossbar_3m5s.$proc$/home/ngoduc202/Documents/Design_SoC_RISCV_ASCON/cpu/interconnect/PnR/rtl/axi4_crossbar_3m5s.v:0$972'.
No latch inferred for signal `\axi4_crossbar_3m5s.\m0_rvalid_s[5]' from process `\axi4_crossbar_3m5s.$proc$/home/ngoduc202/Documents/Design_SoC_RISCV_ASCON/cpu/interconnect/PnR/rtl/axi4_crossbar_3m5s.v:0$972'.
No latch inferred for signal `\axi4_crossbar_3m5s.\m1_rvalid_s[0]' from process `\axi4_crossbar_3m5s.$proc$/home/ngoduc202/Documents/Design_SoC_RISCV_ASCON/cpu/interconnect/PnR/rtl/axi4_crossbar_3m5s.v:0$972'.
No latch inferred for signal `\axi4_crossbar_3m5s.\m1_rvalid_s[1]' from process `\axi4_crossbar_3m5s.$proc$/home/ngoduc202/Documents/Design_SoC_RISCV_ASCON/cpu/interconnect/PnR/rtl/axi4_crossbar_3m5s.v:0$972'.
No latch inferred for signal `\axi4_crossbar_3m5s.\m1_rvalid_s[2]' from process `\axi4_crossbar_3m5s.$proc$/home/ngoduc202/Documents/Design_SoC_RISCV_ASCON/cpu/interconnect/PnR/rtl/axi4_crossbar_3m5s.v:0$972'.
No latch inferred for signal `\axi4_crossbar_3m5s.\m1_rvalid_s[3]' from process `\axi4_crossbar_3m5s.$proc$/home/ngoduc202/Documents/Design_SoC_RISCV_ASCON/cpu/interconnect/PnR/rtl/axi4_crossbar_3m5s.v:0$972'.
No latch inferred for signal `\axi4_crossbar_3m5s.\m1_rvalid_s[4]' from process `\axi4_crossbar_3m5s.$proc$/home/ngoduc202/Documents/Design_SoC_RISCV_ASCON/cpu/interconnect/PnR/rtl/axi4_crossbar_3m5s.v:0$972'.
No latch inferred for signal `\axi4_crossbar_3m5s.\m1_rvalid_s[5]' from process `\axi4_crossbar_3m5s.$proc$/home/ngoduc202/Documents/Design_SoC_RISCV_ASCON/cpu/interconnect/PnR/rtl/axi4_crossbar_3m5s.v:0$972'.
No latch inferred for signal `\axi4_crossbar_3m5s.\m2_rvalid_s[0]' from process `\axi4_crossbar_3m5s.$proc$/home/ngoduc202/Documents/Design_SoC_RISCV_ASCON/cpu/interconnect/PnR/rtl/axi4_crossbar_3m5s.v:0$972'.
No latch inferred for signal `\axi4_crossbar_3m5s.\m2_rvalid_s[1]' from process `\axi4_crossbar_3m5s.$proc$/home/ngoduc202/Documents/Design_SoC_RISCV_ASCON/cpu/interconnect/PnR/rtl/axi4_crossbar_3m5s.v:0$972'.
No latch inferred for signal `\axi4_crossbar_3m5s.\m2_rvalid_s[2]' from process `\axi4_crossbar_3m5s.$proc$/home/ngoduc202/Documents/Design_SoC_RISCV_ASCON/cpu/interconnect/PnR/rtl/axi4_crossbar_3m5s.v:0$972'.
No latch inferred for signal `\axi4_crossbar_3m5s.\m2_rvalid_s[3]' from process `\axi4_crossbar_3m5s.$proc$/home/ngoduc202/Documents/Design_SoC_RISCV_ASCON/cpu/interconnect/PnR/rtl/axi4_crossbar_3m5s.v:0$972'.
No latch inferred for signal `\axi4_crossbar_3m5s.\m2_rvalid_s[4]' from process `\axi4_crossbar_3m5s.$proc$/home/ngoduc202/Documents/Design_SoC_RISCV_ASCON/cpu/interconnect/PnR/rtl/axi4_crossbar_3m5s.v:0$972'.
No latch inferred for signal `\axi4_crossbar_3m5s.\m2_rvalid_s[5]' from process `\axi4_crossbar_3m5s.$proc$/home/ngoduc202/Documents/Design_SoC_RISCV_ASCON/cpu/interconnect/PnR/rtl/axi4_crossbar_3m5s.v:0$972'.
No latch inferred for signal `\axi4_crossbar_3m5s.\m0_bid_s[0]' from process `\axi4_crossbar_3m5s.$proc$/home/ngoduc202/Documents/Design_SoC_RISCV_ASCON/cpu/interconnect/PnR/rtl/axi4_crossbar_3m5s.v:0$972'.
No latch inferred for signal `\axi4_crossbar_3m5s.\m0_bid_s[1]' from process `\axi4_crossbar_3m5s.$proc$/home/ngoduc202/Documents/Design_SoC_RISCV_ASCON/cpu/interconnect/PnR/rtl/axi4_crossbar_3m5s.v:0$972'.
No latch inferred for signal `\axi4_crossbar_3m5s.\m0_bid_s[2]' from process `\axi4_crossbar_3m5s.$proc$/home/ngoduc202/Documents/Design_SoC_RISCV_ASCON/cpu/interconnect/PnR/rtl/axi4_crossbar_3m5s.v:0$972'.
No latch inferred for signal `\axi4_crossbar_3m5s.\m0_bid_s[3]' from process `\axi4_crossbar_3m5s.$proc$/home/ngoduc202/Documents/Design_SoC_RISCV_ASCON/cpu/interconnect/PnR/rtl/axi4_crossbar_3m5s.v:0$972'.
No latch inferred for signal `\axi4_crossbar_3m5s.\m0_bid_s[4]' from process `\axi4_crossbar_3m5s.$proc$/home/ngoduc202/Documents/Design_SoC_RISCV_ASCON/cpu/interconnect/PnR/rtl/axi4_crossbar_3m5s.v:0$972'.
No latch inferred for signal `\axi4_crossbar_3m5s.\m0_bid_s[5]' from process `\axi4_crossbar_3m5s.$proc$/home/ngoduc202/Documents/Design_SoC_RISCV_ASCON/cpu/interconnect/PnR/rtl/axi4_crossbar_3m5s.v:0$972'.
No latch inferred for signal `\axi4_crossbar_3m5s.\m1_bid_s[0]' from process `\axi4_crossbar_3m5s.$proc$/home/ngoduc202/Documents/Design_SoC_RISCV_ASCON/cpu/interconnect/PnR/rtl/axi4_crossbar_3m5s.v:0$972'.
No latch inferred for signal `\axi4_crossbar_3m5s.\m1_bid_s[1]' from process `\axi4_crossbar_3m5s.$proc$/home/ngoduc202/Documents/Design_SoC_RISCV_ASCON/cpu/interconnect/PnR/rtl/axi4_crossbar_3m5s.v:0$972'.
No latch inferred for signal `\axi4_crossbar_3m5s.\m1_bid_s[2]' from process `\axi4_crossbar_3m5s.$proc$/home/ngoduc202/Documents/Design_SoC_RISCV_ASCON/cpu/interconnect/PnR/rtl/axi4_crossbar_3m5s.v:0$972'.
No latch inferred for signal `\axi4_crossbar_3m5s.\m1_bid_s[3]' from process `\axi4_crossbar_3m5s.$proc$/home/ngoduc202/Documents/Design_SoC_RISCV_ASCON/cpu/interconnect/PnR/rtl/axi4_crossbar_3m5s.v:0$972'.
No latch inferred for signal `\axi4_crossbar_3m5s.\m1_bid_s[4]' from process `\axi4_crossbar_3m5s.$proc$/home/ngoduc202/Documents/Design_SoC_RISCV_ASCON/cpu/interconnect/PnR/rtl/axi4_crossbar_3m5s.v:0$972'.
No latch inferred for signal `\axi4_crossbar_3m5s.\m1_bid_s[5]' from process `\axi4_crossbar_3m5s.$proc$/home/ngoduc202/Documents/Design_SoC_RISCV_ASCON/cpu/interconnect/PnR/rtl/axi4_crossbar_3m5s.v:0$972'.
No latch inferred for signal `\axi4_crossbar_3m5s.\m2_bid_s[0]' from process `\axi4_crossbar_3m5s.$proc$/home/ngoduc202/Documents/Design_SoC_RISCV_ASCON/cpu/interconnect/PnR/rtl/axi4_crossbar_3m5s.v:0$972'.
No latch inferred for signal `\axi4_crossbar_3m5s.\m2_bid_s[1]' from process `\axi4_crossbar_3m5s.$proc$/home/ngoduc202/Documents/Design_SoC_RISCV_ASCON/cpu/interconnect/PnR/rtl/axi4_crossbar_3m5s.v:0$972'.
No latch inferred for signal `\axi4_crossbar_3m5s.\m2_bid_s[2]' from process `\axi4_crossbar_3m5s.$proc$/home/ngoduc202/Documents/Design_SoC_RISCV_ASCON/cpu/interconnect/PnR/rtl/axi4_crossbar_3m5s.v:0$972'.
No latch inferred for signal `\axi4_crossbar_3m5s.\m2_bid_s[3]' from process `\axi4_crossbar_3m5s.$proc$/home/ngoduc202/Documents/Design_SoC_RISCV_ASCON/cpu/interconnect/PnR/rtl/axi4_crossbar_3m5s.v:0$972'.
No latch inferred for signal `\axi4_crossbar_3m5s.\m2_bid_s[4]' from process `\axi4_crossbar_3m5s.$proc$/home/ngoduc202/Documents/Design_SoC_RISCV_ASCON/cpu/interconnect/PnR/rtl/axi4_crossbar_3m5s.v:0$972'.
No latch inferred for signal `\axi4_crossbar_3m5s.\m2_bid_s[5]' from process `\axi4_crossbar_3m5s.$proc$/home/ngoduc202/Documents/Design_SoC_RISCV_ASCON/cpu/interconnect/PnR/rtl/axi4_crossbar_3m5s.v:0$972'.
No latch inferred for signal `\axi4_crossbar_3m5s.\m0_bresp_s[0]' from process `\axi4_crossbar_3m5s.$proc$/home/ngoduc202/Documents/Design_SoC_RISCV_ASCON/cpu/interconnect/PnR/rtl/axi4_crossbar_3m5s.v:0$972'.
No latch inferred for signal `\axi4_crossbar_3m5s.\m0_bresp_s[1]' from process `\axi4_crossbar_3m5s.$proc$/home/ngoduc202/Documents/Design_SoC_RISCV_ASCON/cpu/interconnect/PnR/rtl/axi4_crossbar_3m5s.v:0$972'.
No latch inferred for signal `\axi4_crossbar_3m5s.\m0_bresp_s[2]' from process `\axi4_crossbar_3m5s.$proc$/home/ngoduc202/Documents/Design_SoC_RISCV_ASCON/cpu/interconnect/PnR/rtl/axi4_crossbar_3m5s.v:0$972'.
No latch inferred for signal `\axi4_crossbar_3m5s.\m0_bresp_s[3]' from process `\axi4_crossbar_3m5s.$proc$/home/ngoduc202/Documents/Design_SoC_RISCV_ASCON/cpu/interconnect/PnR/rtl/axi4_crossbar_3m5s.v:0$972'.
No latch inferred for signal `\axi4_crossbar_3m5s.\m0_bresp_s[4]' from process `\axi4_crossbar_3m5s.$proc$/home/ngoduc202/Documents/Design_SoC_RISCV_ASCON/cpu/interconnect/PnR/rtl/axi4_crossbar_3m5s.v:0$972'.
No latch inferred for signal `\axi4_crossbar_3m5s.\m0_bresp_s[5]' from process `\axi4_crossbar_3m5s.$proc$/home/ngoduc202/Documents/Design_SoC_RISCV_ASCON/cpu/interconnect/PnR/rtl/axi4_crossbar_3m5s.v:0$972'.
No latch inferred for signal `\axi4_crossbar_3m5s.\m1_bresp_s[0]' from process `\axi4_crossbar_3m5s.$proc$/home/ngoduc202/Documents/Design_SoC_RISCV_ASCON/cpu/interconnect/PnR/rtl/axi4_crossbar_3m5s.v:0$972'.
No latch inferred for signal `\axi4_crossbar_3m5s.\m1_bresp_s[1]' from process `\axi4_crossbar_3m5s.$proc$/home/ngoduc202/Documents/Design_SoC_RISCV_ASCON/cpu/interconnect/PnR/rtl/axi4_crossbar_3m5s.v:0$972'.
No latch inferred for signal `\axi4_crossbar_3m5s.\m1_bresp_s[2]' from process `\axi4_crossbar_3m5s.$proc$/home/ngoduc202/Documents/Design_SoC_RISCV_ASCON/cpu/interconnect/PnR/rtl/axi4_crossbar_3m5s.v:0$972'.
No latch inferred for signal `\axi4_crossbar_3m5s.\m1_bresp_s[3]' from process `\axi4_crossbar_3m5s.$proc$/home/ngoduc202/Documents/Design_SoC_RISCV_ASCON/cpu/interconnect/PnR/rtl/axi4_crossbar_3m5s.v:0$972'.
No latch inferred for signal `\axi4_crossbar_3m5s.\m1_bresp_s[4]' from process `\axi4_crossbar_3m5s.$proc$/home/ngoduc202/Documents/Design_SoC_RISCV_ASCON/cpu/interconnect/PnR/rtl/axi4_crossbar_3m5s.v:0$972'.
No latch inferred for signal `\axi4_crossbar_3m5s.\m1_bresp_s[5]' from process `\axi4_crossbar_3m5s.$proc$/home/ngoduc202/Documents/Design_SoC_RISCV_ASCON/cpu/interconnect/PnR/rtl/axi4_crossbar_3m5s.v:0$972'.
No latch inferred for signal `\axi4_crossbar_3m5s.\m2_bresp_s[0]' from process `\axi4_crossbar_3m5s.$proc$/home/ngoduc202/Documents/Design_SoC_RISCV_ASCON/cpu/interconnect/PnR/rtl/axi4_crossbar_3m5s.v:0$972'.
No latch inferred for signal `\axi4_crossbar_3m5s.\m2_bresp_s[1]' from process `\axi4_crossbar_3m5s.$proc$/home/ngoduc202/Documents/Design_SoC_RISCV_ASCON/cpu/interconnect/PnR/rtl/axi4_crossbar_3m5s.v:0$972'.
No latch inferred for signal `\axi4_crossbar_3m5s.\m2_bresp_s[2]' from process `\axi4_crossbar_3m5s.$proc$/home/ngoduc202/Documents/Design_SoC_RISCV_ASCON/cpu/interconnect/PnR/rtl/axi4_crossbar_3m5s.v:0$972'.
No latch inferred for signal `\axi4_crossbar_3m5s.\m2_bresp_s[3]' from process `\axi4_crossbar_3m5s.$proc$/home/ngoduc202/Documents/Design_SoC_RISCV_ASCON/cpu/interconnect/PnR/rtl/axi4_crossbar_3m5s.v:0$972'.
No latch inferred for signal `\axi4_crossbar_3m5s.\m2_bresp_s[4]' from process `\axi4_crossbar_3m5s.$proc$/home/ngoduc202/Documents/Design_SoC_RISCV_ASCON/cpu/interconnect/PnR/rtl/axi4_crossbar_3m5s.v:0$972'.
No latch inferred for signal `\axi4_crossbar_3m5s.\m2_bresp_s[5]' from process `\axi4_crossbar_3m5s.$proc$/home/ngoduc202/Documents/Design_SoC_RISCV_ASCON/cpu/interconnect/PnR/rtl/axi4_crossbar_3m5s.v:0$972'.
No latch inferred for signal `\axi4_crossbar_3m5s.\m0_bvalid_s[0]' from process `\axi4_crossbar_3m5s.$proc$/home/ngoduc202/Documents/Design_SoC_RISCV_ASCON/cpu/interconnect/PnR/rtl/axi4_crossbar_3m5s.v:0$972'.
No latch inferred for signal `\axi4_crossbar_3m5s.\m0_bvalid_s[1]' from process `\axi4_crossbar_3m5s.$proc$/home/ngoduc202/Documents/Design_SoC_RISCV_ASCON/cpu/interconnect/PnR/rtl/axi4_crossbar_3m5s.v:0$972'.
No latch inferred for signal `\axi4_crossbar_3m5s.\m0_bvalid_s[2]' from process `\axi4_crossbar_3m5s.$proc$/home/ngoduc202/Documents/Design_SoC_RISCV_ASCON/cpu/interconnect/PnR/rtl/axi4_crossbar_3m5s.v:0$972'.
No latch inferred for signal `\axi4_crossbar_3m5s.\m0_bvalid_s[3]' from process `\axi4_crossbar_3m5s.$proc$/home/ngoduc202/Documents/Design_SoC_RISCV_ASCON/cpu/interconnect/PnR/rtl/axi4_crossbar_3m5s.v:0$972'.
No latch inferred for signal `\axi4_crossbar_3m5s.\m0_bvalid_s[4]' from process `\axi4_crossbar_3m5s.$proc$/home/ngoduc202/Documents/Design_SoC_RISCV_ASCON/cpu/interconnect/PnR/rtl/axi4_crossbar_3m5s.v:0$972'.
No latch inferred for signal `\axi4_crossbar_3m5s.\m0_bvalid_s[5]' from process `\axi4_crossbar_3m5s.$proc$/home/ngoduc202/Documents/Design_SoC_RISCV_ASCON/cpu/interconnect/PnR/rtl/axi4_crossbar_3m5s.v:0$972'.
No latch inferred for signal `\axi4_crossbar_3m5s.\m1_bvalid_s[0]' from process `\axi4_crossbar_3m5s.$proc$/home/ngoduc202/Documents/Design_SoC_RISCV_ASCON/cpu/interconnect/PnR/rtl/axi4_crossbar_3m5s.v:0$972'.
No latch inferred for signal `\axi4_crossbar_3m5s.\m1_bvalid_s[1]' from process `\axi4_crossbar_3m5s.$proc$/home/ngoduc202/Documents/Design_SoC_RISCV_ASCON/cpu/interconnect/PnR/rtl/axi4_crossbar_3m5s.v:0$972'.
No latch inferred for signal `\axi4_crossbar_3m5s.\m1_bvalid_s[2]' from process `\axi4_crossbar_3m5s.$proc$/home/ngoduc202/Documents/Design_SoC_RISCV_ASCON/cpu/interconnect/PnR/rtl/axi4_crossbar_3m5s.v:0$972'.
No latch inferred for signal `\axi4_crossbar_3m5s.\m1_bvalid_s[3]' from process `\axi4_crossbar_3m5s.$proc$/home/ngoduc202/Documents/Design_SoC_RISCV_ASCON/cpu/interconnect/PnR/rtl/axi4_crossbar_3m5s.v:0$972'.
No latch inferred for signal `\axi4_crossbar_3m5s.\m1_bvalid_s[4]' from process `\axi4_crossbar_3m5s.$proc$/home/ngoduc202/Documents/Design_SoC_RISCV_ASCON/cpu/interconnect/PnR/rtl/axi4_crossbar_3m5s.v:0$972'.
No latch inferred for signal `\axi4_crossbar_3m5s.\m1_bvalid_s[5]' from process `\axi4_crossbar_3m5s.$proc$/home/ngoduc202/Documents/Design_SoC_RISCV_ASCON/cpu/interconnect/PnR/rtl/axi4_crossbar_3m5s.v:0$972'.
No latch inferred for signal `\axi4_crossbar_3m5s.\m2_bvalid_s[0]' from process `\axi4_crossbar_3m5s.$proc$/home/ngoduc202/Documents/Design_SoC_RISCV_ASCON/cpu/interconnect/PnR/rtl/axi4_crossbar_3m5s.v:0$972'.
No latch inferred for signal `\axi4_crossbar_3m5s.\m2_bvalid_s[1]' from process `\axi4_crossbar_3m5s.$proc$/home/ngoduc202/Documents/Design_SoC_RISCV_ASCON/cpu/interconnect/PnR/rtl/axi4_crossbar_3m5s.v:0$972'.
No latch inferred for signal `\axi4_crossbar_3m5s.\m2_bvalid_s[2]' from process `\axi4_crossbar_3m5s.$proc$/home/ngoduc202/Documents/Design_SoC_RISCV_ASCON/cpu/interconnect/PnR/rtl/axi4_crossbar_3m5s.v:0$972'.
No latch inferred for signal `\axi4_crossbar_3m5s.\m2_bvalid_s[3]' from process `\axi4_crossbar_3m5s.$proc$/home/ngoduc202/Documents/Design_SoC_RISCV_ASCON/cpu/interconnect/PnR/rtl/axi4_crossbar_3m5s.v:0$972'.
No latch inferred for signal `\axi4_crossbar_3m5s.\m2_bvalid_s[4]' from process `\axi4_crossbar_3m5s.$proc$/home/ngoduc202/Documents/Design_SoC_RISCV_ASCON/cpu/interconnect/PnR/rtl/axi4_crossbar_3m5s.v:0$972'.
No latch inferred for signal `\axi4_crossbar_3m5s.\m2_bvalid_s[5]' from process `\axi4_crossbar_3m5s.$proc$/home/ngoduc202/Documents/Design_SoC_RISCV_ASCON/cpu/interconnect/PnR/rtl/axi4_crossbar_3m5s.v:0$972'.
No latch inferred for signal `$paramod$b51704cdadd1edbf098e18b7fb2f32c7801f6a7c\axi4_addr_decoder.\slave_sel' from process `$paramod$b51704cdadd1edbf098e18b7fb2f32c7801f6a7c\axi4_addr_decoder.$proc$/home/ngoduc202/Documents/Design_SoC_RISCV_ASCON/cpu/interconnect/PnR/rtl/axi4_addr_decoder.v:30$454'.
