141. Printing statistics.

=== axi4_crossbar_3m5s ===

   Number of wires:               3625
   Number of wire bits:           4945
   Number of public wires:         401
   Number of public wire bits:    1721
   Number of ports:                250
   Number of port bits:           1570
   Number of memories:               0
   Number of memory bits:            0
   Number of processes:              0
   Number of cells:               4255
     sky130_fd_sc_hd__a211o_2      152
     sky130_fd_sc_hd__a211oi_2       6
     sky130_fd_sc_hd__a21bo_2       11
     sky130_fd_sc_hd__a21boi_2       8
     sky130_fd_sc_hd__a21o_2       267
     sky130_fd_sc_hd__a21oi_2      303
     sky130_fd_sc_hd__a21oi_4        2
     sky130_fd_sc_hd__a221o_2       96
     sky130_fd_sc_hd__a221oi_2       4
     sky130_fd_sc_hd__a22o_2       313
     sky130_fd_sc_hd__a22o_4        27
     sky130_fd_sc_hd__a22oi_2       11
     sky130_fd_sc_hd__a2bb2o_2      28
     sky130_fd_sc_hd__a2bb2oi_2      4
     sky130_fd_sc_hd__a311o_2        5
     sky130_fd_sc_hd__a31o_2       117
     sky130_fd_sc_hd__a31oi_2       15
     sky130_fd_sc_hd__a31oi_4        1
     sky130_fd_sc_hd__a32o_2        53
     sky130_fd_sc_hd__a32oi_2        2
     sky130_fd_sc_hd__a41o_2        12
     sky130_fd_sc_hd__a41oi_2        8
     sky130_fd_sc_hd__and2_2       125
     sky130_fd_sc_hd__and2b_2       15
     sky130_fd_sc_hd__and3_2       141
     sky130_fd_sc_hd__and3b_2       36
     sky130_fd_sc_hd__and4_2        27
     sky130_fd_sc_hd__and4b_2       30
     sky130_fd_sc_hd__and4bb_2       7
     sky130_fd_sc_hd__buf_4        510
     sky130_fd_sc_hd__buf_6         31
     sky130_fd_sc_hd__dfrtp_2      145
     sky130_fd_sc_hd__dfstp_2        6
     sky130_fd_sc_hd__inv_4         47
     sky130_fd_sc_hd__inv_6          1
     sky130_fd_sc_hd__mux2_1         4
     sky130_fd_sc_hd__mux2_2        70
     sky130_fd_sc_hd__nand2_2      280
     sky130_fd_sc_hd__nand2_4        3
     sky130_fd_sc_hd__nand2b_2       2
     sky130_fd_sc_hd__nand3_2       39
     sky130_fd_sc_hd__nand3_4        1
     sky130_fd_sc_hd__nand3b_2       6
     sky130_fd_sc_hd__nand3b_4       1
     sky130_fd_sc_hd__nand4_2       68
     sky130_fd_sc_hd__nand4_4        2
     sky130_fd_sc_hd__nand4b_2       4
     sky130_fd_sc_hd__nand4b_4       1
     sky130_fd_sc_hd__nand4bb_2      1
     sky130_fd_sc_hd__nor2_2       126
     sky130_fd_sc_hd__nor2_4        25
     sky130_fd_sc_hd__nor2_8         3
     sky130_fd_sc_hd__nor2b_2        5
     sky130_fd_sc_hd__nor3_2        17
     sky130_fd_sc_hd__nor3_4         1
     sky130_fd_sc_hd__nor3b_2        6
     sky130_fd_sc_hd__nor4_2        14
     sky130_fd_sc_hd__nor4_4         5
     sky130_fd_sc_hd__o2111a_2       6
     sky130_fd_sc_hd__o2111ai_2      4
     sky130_fd_sc_hd__o211a_2       15
     sky130_fd_sc_hd__o211ai_2      16
     sky130_fd_sc_hd__o21a_2       229
     sky130_fd_sc_hd__o21ai_2      111
     sky130_fd_sc_hd__o21ai_4        2
     sky130_fd_sc_hd__o21ba_2        1
     sky130_fd_sc_hd__o21bai_2       4
     sky130_fd_sc_hd__o21bai_4       1
     sky130_fd_sc_hd__o221a_2        7
     sky130_fd_sc_hd__o221ai_2       4
     sky130_fd_sc_hd__o22a_2       107
     sky130_fd_sc_hd__o22ai_2       10
     sky130_fd_sc_hd__o2bb2a_2     109
     sky130_fd_sc_hd__o2bb2a_4     105
     sky130_fd_sc_hd__o2bb2ai_2     17
     sky130_fd_sc_hd__o2bb2ai_4     30
     sky130_fd_sc_hd__o311a_2        3
     sky130_fd_sc_hd__o311ai_2       2
     sky130_fd_sc_hd__o31a_2        12
     sky130_fd_sc_hd__o31ai_2       10
     sky130_fd_sc_hd__o31ai_4        4
     sky130_fd_sc_hd__o32a_2        86
     sky130_fd_sc_hd__o41a_2         2
     sky130_fd_sc_hd__o41ai_2        1
     sky130_fd_sc_hd__o41ai_4        1
     sky130_fd_sc_hd__or2_2         11
     sky130_fd_sc_hd__or2_4          1
     sky130_fd_sc_hd__or2b_2        18
     sky130_fd_sc_hd__or3_2         42
     sky130_fd_sc_hd__or3b_2         6
     sky130_fd_sc_hd__or4_2          7
     sky130_fd_sc_hd__or4_4          2
     sky130_fd_sc_hd__or4b_2         3
     sky130_fd_sc_hd__or4bb_2        1
     sky130_fd_sc_hd__xnor2_2       11
     sky130_fd_sc_hd__xor2_2         4

   Chip area for module '\axi4_crossbar_3m5s': 43462.934400
     of which used for sequential elements: 3967.555200 (9.13%)

