Command: report datapath reports/map/inst_mem_datapath.rpt
Warning: '-sort' is not specified. By default, 'report datapath' orders the components based on instance name
============================================================
  Generated by:           Genus(TM) Synthesis Solution 23.10-p004_1
  Generated on:           Feb 13 2026  07:34:17 pm
  Module:                 inst_mem
  Library domain:         slow
    Domain index:         0
    Technology libraries: RM_IHPSG13_2P_1024x32_c2_bm_bist_slow_1p08V_125C 1.0.0
                          sg13g2_io_slow_1p08V_3p0V_125C $Revision: 0.0.1 $
                          sg13g2_io_slow_1p35V_3p0V_125C $Revision: 0.0.1 $
                          sg13g2_stdcell_slow_1p08V_125C $Revision: 0.1.3 $
                          sg13g2_stdcell_slow_1p35V_125C $Revision: 0.1.3 $
  Library domain:         typ
    Domain index:         1
    Technology libraries: RM_IHPSG13_2P_1024x32_c2_bm_bist_typ_1p20V_25C 1.0.0
                          sg13g2_io_typ_1p2V_3p3V_25C $Revision: 0.0.1 $
                          sg13g2_io_typ_1p5V_3p3V_25C $Revision: 0.0.1 $
                          sg13g2_stdcell_typ_1p20V_25C $Revision: 0.1.3 $
                          sg13g2_stdcell_typ_1p50V_25C $Revision: 0.1.3 $
  Library domain:         fast
    Domain index:         2
    Technology libraries: RM_IHPSG13_2P_1024x32_c2_bm_bist_fast_1p32V_m55C 1.0.0
                          sg13g2_io_fast_1p32V_3p6V_m40C $Revision: 0.0.1 $
                          sg13g2_io_fast_1p65V_3p6V_m40C $Revision: 0.0.1 $
                          sg13g2_stdcell_fast_1p32V_m40C $Revision: 0.1.3 $
                          sg13g2_stdcell_fast_1p65V_m40C $Revision: 0.1.3 $
  Operating conditions:   slow_1p08V_125C 
  Operating conditions:   typ_1p20V_25C 
  Operating conditions:   fast_1p32V_m55C 
  Interconnect mode:      global
  Area mode:              physical library
============================================================


      Type        CellArea Percentage 
--------------------------------------
datapath modules      0.00       0.00 
external muxes        0.00       0.00 
others           269106.08     100.00 
--------------------------------------
total            269106.08     100.00 

