============================================================
  Generated by:           Genus(TM) Synthesis Solution 23.10-p004_1
  Generated on:           Feb 13 2026  07:56:05 pm
  Module:                 inst_mem
  Library domain:         slow
    Domain index:         0
    Technology libraries: RM_IHPSG13_2P_1024x32_c2_bm_bist_slow_1p08V_125C 1.0.0
                          sg13g2_io_slow_1p08V_3p0V_125C $Revision: 0.0.1 $
                          sg13g2_io_slow_1p35V_3p0V_125C $Revision: 0.0.1 $
                          sg13g2_stdcell_slow_1p08V_125C $Revision: 0.1.3 $
                          sg13g2_stdcell_slow_1p35V_125C $Revision: 0.1.3 $
                          physical_cells 
  Library domain:         typ
    Domain index:         1
    Technology libraries: RM_IHPSG13_2P_1024x32_c2_bm_bist_typ_1p20V_25C 1.0.0
                          sg13g2_io_typ_1p2V_3p3V_25C $Revision: 0.0.1 $
                          sg13g2_io_typ_1p5V_3p3V_25C $Revision: 0.0.1 $
                          sg13g2_stdcell_typ_1p20V_25C $Revision: 0.1.3 $
                          sg13g2_stdcell_typ_1p50V_25C $Revision: 0.1.3 $
                          physical_cells 
  Library domain:         fast
    Domain index:         2
    Technology libraries: RM_IHPSG13_2P_1024x32_c2_bm_bist_fast_1p32V_m55C 1.0.0
                          sg13g2_io_fast_1p32V_3p6V_m40C $Revision: 0.0.1 $
                          sg13g2_io_fast_1p65V_3p6V_m40C $Revision: 0.0.1 $
                          sg13g2_stdcell_fast_1p32V_m40C $Revision: 0.1.3 $
                          sg13g2_stdcell_fast_1p65V_m40C $Revision: 0.1.3 $
                          physical_cells 
  Operating conditions:   slow_1p08V_125C 
  Operating conditions:   typ_1p20V_25C 
  Operating conditions:   fast_1p32V_m55C 
  Interconnect mode:      global
  Area mode:              physical library
============================================================

path   1:

             Pin                                  Type                    Fanout Load Slew Delay Arrival   Location    
                                                 (Domain)                        (fF) (ps)  (ps)   (ps)       (x,   y) 
-----------------------------------------------------------------------------------------------------------------------
(clock VCLK)                      launch                                                               0 R             
u_ram_macro/A_CLK                                                                        0    +0       0 R             
u_ram_macro/A_DOUT[0]             RM_IHPSG13_2P_1024x32_c2_bm_bist(slow)       1  1.9   60 +7407    7407 R             
Instruction_Code[0]               interconnect                                          60    +0    7407 R             
                                  out port                                                    +0    7407 R             
(constraints.sdc_line_19_175_1)   ext delay                                                +2000    9407 R             
- - - - - - - - - - - - - - - - - - - - - - - - - - - - - - - - - - - - - - - - - - - - - - - - - - - - - - - - - - - -
(clock VCLK)                      capture                                                          10000 R             
                                  uncertainty                                               -100    9900 R             
-----------------------------------------------------------------------------------------------------------------------
Cost Group   : 'VCLK' (path_group 'VCLK')
Timing slack :     493ps 
Start-point  : u_ram_macro/A_CLK
End-point    : Instruction_Code[0]

path   2:

             Pin                                  Type                    Fanout Load Slew Delay Arrival   Location    
                                                 (Domain)                        (fF) (ps)  (ps)   (ps)       (x,   y) 
-----------------------------------------------------------------------------------------------------------------------
(clock VCLK)                      launch                                                               0 R             
u_ram_macro/A_CLK                                                                        0    +0       0 R             
u_ram_macro/A_DOUT[1]             RM_IHPSG13_2P_1024x32_c2_bm_bist(slow)       1  1.9   60 +7407    7407 R             
Instruction_Code[1]               interconnect                                          60    +0    7407 R             
                                  out port                                                    +0    7407 R             
(constraints.sdc_line_19_174_1)   ext delay                                                +2000    9407 R             
- - - - - - - - - - - - - - - - - - - - - - - - - - - - - - - - - - - - - - - - - - - - - - - - - - - - - - - - - - - -
(clock VCLK)                      capture                                                          10000 R             
                                  uncertainty                                               -100    9900 R             
-----------------------------------------------------------------------------------------------------------------------
Cost Group   : 'VCLK' (path_group 'VCLK')
Timing slack :     493ps 
Start-point  : u_ram_macro/A_CLK
End-point    : Instruction_Code[1]

path   3:

             Pin                                  Type                    Fanout Load Slew Delay Arrival   Location    
                                                 (Domain)                        (fF) (ps)  (ps)   (ps)       (x,   y) 
-----------------------------------------------------------------------------------------------------------------------
(clock VCLK)                      launch                                                               0 R             
u_ram_macro/A_CLK                                                                        0    +0       0 R             
u_ram_macro/A_DOUT[2]             RM_IHPSG13_2P_1024x32_c2_bm_bist(slow)       1  1.9   60 +7407    7407 R             
Instruction_Code[2]               interconnect                                          60    +0    7407 R             
                                  out port                                                    +0    7407 R             
(constraints.sdc_line_19_173_1)   ext delay                                                +2000    9407 R             
- - - - - - - - - - - - - - - - - - - - - - - - - - - - - - - - - - - - - - - - - - - - - - - - - - - - - - - - - - - -
(clock VCLK)                      capture                                                          10000 R             
                                  uncertainty                                               -100    9900 R             
-----------------------------------------------------------------------------------------------------------------------
Cost Group   : 'VCLK' (path_group 'VCLK')
Timing slack :     493ps 
Start-point  : u_ram_macro/A_CLK
End-point    : Instruction_Code[2]

path   4:

             Pin                                  Type                    Fanout Load Slew Delay Arrival   Location    
                                                 (Domain)                        (fF) (ps)  (ps)   (ps)       (x,   y) 
-----------------------------------------------------------------------------------------------------------------------
(clock VCLK)                      launch                                                               0 R             
u_ram_macro/A_CLK                                                                        0    +0       0 R             
u_ram_macro/A_DOUT[3]             RM_IHPSG13_2P_1024x32_c2_bm_bist(slow)       1  1.9   60 +7407    7407 R             
Instruction_Code[3]               interconnect                                          60    +0    7407 R             
                                  out port                                                    +0    7407 R             
(constraints.sdc_line_19_172_1)   ext delay                                                +2000    9407 R             
- - - - - - - - - - - - - - - - - - - - - - - - - - - - - - - - - - - - - - - - - - - - - - - - - - - - - - - - - - - -
(clock VCLK)                      capture                                                          10000 R             
                                  uncertainty                                               -100    9900 R             
-----------------------------------------------------------------------------------------------------------------------
Cost Group   : 'VCLK' (path_group 'VCLK')
Timing slack :     493ps 
Start-point  : u_ram_macro/A_CLK
End-point    : Instruction_Code[3]

path   5:

             Pin                                  Type                    Fanout Load Slew Delay Arrival   Location    
                                                 (Domain)                        (fF) (ps)  (ps)   (ps)       (x,   y) 
-----------------------------------------------------------------------------------------------------------------------
(clock VCLK)                      launch                                                               0 R             
u_ram_macro/A_CLK                                                                        0    +0       0 R             
u_ram_macro/A_DOUT[4]             RM_IHPSG13_2P_1024x32_c2_bm_bist(slow)       1  1.9   60 +7407    7407 R             
Instruction_Code[4]               interconnect                                          60    +0    7407 R             
                                  out port                                                    +0    7407 R             
(constraints.sdc_line_19_171_1)   ext delay                                                +2000    9407 R             
- - - - - - - - - - - - - - - - - - - - - - - - - - - - - - - - - - - - - - - - - - - - - - - - - - - - - - - - - - - -
(clock VCLK)                      capture                                                          10000 R             
                                  uncertainty                                               -100    9900 R             
-----------------------------------------------------------------------------------------------------------------------
Cost Group   : 'VCLK' (path_group 'VCLK')
Timing slack :     493ps 
Start-point  : u_ram_macro/A_CLK
End-point    : Instruction_Code[4]

path   6:

             Pin                                  Type                    Fanout Load Slew Delay Arrival   Location    
                                                 (Domain)                        (fF) (ps)  (ps)   (ps)       (x,   y) 
-----------------------------------------------------------------------------------------------------------------------
(clock VCLK)                      launch                                                               0 R             
u_ram_macro/A_CLK                                                                        0    +0       0 R             
u_ram_macro/A_DOUT[5]             RM_IHPSG13_2P_1024x32_c2_bm_bist(slow)       1  1.9   60 +7407    7407 R             
Instruction_Code[5]               interconnect                                          60    +0    7407 R             
                                  out port                                                    +0    7407 R             
(constraints.sdc_line_19_170_1)   ext delay                                                +2000    9407 R             
- - - - - - - - - - - - - - - - - - - - - - - - - - - - - - - - - - - - - - - - - - - - - - - - - - - - - - - - - - - -
(clock VCLK)                      capture                                                          10000 R             
                                  uncertainty                                               -100    9900 R             
-----------------------------------------------------------------------------------------------------------------------
Cost Group   : 'VCLK' (path_group 'VCLK')
Timing slack :     493ps 
Start-point  : u_ram_macro/A_CLK
End-point    : Instruction_Code[5]

path   7:

             Pin                                  Type                    Fanout Load Slew Delay Arrival   Location    
                                                 (Domain)                        (fF) (ps)  (ps)   (ps)       (x,   y) 
-----------------------------------------------------------------------------------------------------------------------
(clock VCLK)                      launch                                                               0 R             
u_ram_macro/A_CLK                                                                        0    +0       0 R             
u_ram_macro/A_DOUT[6]             RM_IHPSG13_2P_1024x32_c2_bm_bist(slow)       1  1.9   60 +7407    7407 R             
Instruction_Code[6]               interconnect                                          60    +0    7407 R             
                                  out port                                                    +0    7407 R             
(constraints.sdc_line_19_169_1)   ext delay                                                +2000    9407 R             
- - - - - - - - - - - - - - - - - - - - - - - - - - - - - - - - - - - - - - - - - - - - - - - - - - - - - - - - - - - -
(clock VCLK)                      capture                                                          10000 R             
                                  uncertainty                                               -100    9900 R             
-----------------------------------------------------------------------------------------------------------------------
Cost Group   : 'VCLK' (path_group 'VCLK')
Timing slack :     493ps 
Start-point  : u_ram_macro/A_CLK
End-point    : Instruction_Code[6]

path   8:

             Pin                                  Type                    Fanout Load Slew Delay Arrival   Location    
                                                 (Domain)                        (fF) (ps)  (ps)   (ps)       (x,   y) 
-----------------------------------------------------------------------------------------------------------------------
(clock VCLK)                      launch                                                               0 R             
u_ram_macro/A_CLK                                                                        0    +0       0 R             
u_ram_macro/A_DOUT[7]             RM_IHPSG13_2P_1024x32_c2_bm_bist(slow)       1  1.9   60 +7407    7407 R             
Instruction_Code[7]               interconnect                                          60    +0    7407 R             
                                  out port                                                    +0    7407 R             
(constraints.sdc_line_19_168_1)   ext delay                                                +2000    9407 R             
- - - - - - - - - - - - - - - - - - - - - - - - - - - - - - - - - - - - - - - - - - - - - - - - - - - - - - - - - - - -
(clock VCLK)                      capture                                                          10000 R             
                                  uncertainty                                               -100    9900 R             
-----------------------------------------------------------------------------------------------------------------------
Cost Group   : 'VCLK' (path_group 'VCLK')
Timing slack :     493ps 
Start-point  : u_ram_macro/A_CLK
End-point    : Instruction_Code[7]

path   9:

             Pin                                  Type                    Fanout Load Slew Delay Arrival   Location    
                                                 (Domain)                        (fF) (ps)  (ps)   (ps)       (x,   y) 
-----------------------------------------------------------------------------------------------------------------------
(clock VCLK)                      launch                                                               0 R             
u_ram_macro/A_CLK                                                                        0    +0       0 R             
u_ram_macro/A_DOUT[8]             RM_IHPSG13_2P_1024x32_c2_bm_bist(slow)       1  1.9   60 +7407    7407 R             
Instruction_Code[8]               interconnect                                          60    +0    7407 R             
                                  out port                                                    +0    7407 R             
(constraints.sdc_line_19_167_1)   ext delay                                                +2000    9407 R             
- - - - - - - - - - - - - - - - - - - - - - - - - - - - - - - - - - - - - - - - - - - - - - - - - - - - - - - - - - - -
(clock VCLK)                      capture                                                          10000 R             
                                  uncertainty                                               -100    9900 R             
-----------------------------------------------------------------------------------------------------------------------
Cost Group   : 'VCLK' (path_group 'VCLK')
Timing slack :     493ps 
Start-point  : u_ram_macro/A_CLK
End-point    : Instruction_Code[8]

path  10:

             Pin                                  Type                    Fanout Load Slew Delay Arrival   Location    
                                                 (Domain)                        (fF) (ps)  (ps)   (ps)       (x,   y) 
-----------------------------------------------------------------------------------------------------------------------
(clock VCLK)                      launch                                                               0 R             
u_ram_macro/A_CLK                                                                        0    +0       0 R             
u_ram_macro/A_DOUT[9]             RM_IHPSG13_2P_1024x32_c2_bm_bist(slow)       1  1.9   60 +7407    7407 R             
Instruction_Code[9]               interconnect                                          60    +0    7407 R             
                                  out port                                                    +0    7407 R             
(constraints.sdc_line_19_166_1)   ext delay                                                +2000    9407 R             
- - - - - - - - - - - - - - - - - - - - - - - - - - - - - - - - - - - - - - - - - - - - - - - - - - - - - - - - - - - -
(clock VCLK)                      capture                                                          10000 R             
                                  uncertainty                                               -100    9900 R             
-----------------------------------------------------------------------------------------------------------------------
Cost Group   : 'VCLK' (path_group 'VCLK')
Timing slack :     493ps 
Start-point  : u_ram_macro/A_CLK
End-point    : Instruction_Code[9]

path  11:

             Pin                                  Type                    Fanout Load Slew Delay Arrival   Location    
                                                 (Domain)                        (fF) (ps)  (ps)   (ps)       (x,   y) 
-----------------------------------------------------------------------------------------------------------------------
(clock VCLK)                      launch                                                               0 R             
u_ram_macro/A_CLK                                                                        0    +0       0 R             
u_ram_macro/A_DOUT[10]            RM_IHPSG13_2P_1024x32_c2_bm_bist(slow)       1  1.9   60 +7407    7407 R             
Instruction_Code[10]              interconnect                                          60    +0    7407 R             
                                  out port                                                    +0    7407 R             
(constraints.sdc_line_19_165_1)   ext delay                                                +2000    9407 R             
- - - - - - - - - - - - - - - - - - - - - - - - - - - - - - - - - - - - - - - - - - - - - - - - - - - - - - - - - - - -
(clock VCLK)                      capture                                                          10000 R             
                                  uncertainty                                               -100    9900 R             
-----------------------------------------------------------------------------------------------------------------------
Cost Group   : 'VCLK' (path_group 'VCLK')
Timing slack :     493ps 
Start-point  : u_ram_macro/A_CLK
End-point    : Instruction_Code[10]

path  12:

             Pin                                  Type                    Fanout Load Slew Delay Arrival   Location    
                                                 (Domain)                        (fF) (ps)  (ps)   (ps)       (x,   y) 
-----------------------------------------------------------------------------------------------------------------------
(clock VCLK)                      launch                                                               0 R             
u_ram_macro/A_CLK                                                                        0    +0       0 R             
u_ram_macro/A_DOUT[11]            RM_IHPSG13_2P_1024x32_c2_bm_bist(slow)       1  1.9   60 +7407    7407 R             
Instruction_Code[11]              interconnect                                          60    +0    7407 R             
                                  out port                                                    +0    7407 R             
(constraints.sdc_line_19_164_1)   ext delay                                                +2000    9407 R             
- - - - - - - - - - - - - - - - - - - - - - - - - - - - - - - - - - - - - - - - - - - - - - - - - - - - - - - - - - - -
(clock VCLK)                      capture                                                          10000 R             
                                  uncertainty                                               -100    9900 R             
-----------------------------------------------------------------------------------------------------------------------
Cost Group   : 'VCLK' (path_group 'VCLK')
Timing slack :     493ps 
Start-point  : u_ram_macro/A_CLK
End-point    : Instruction_Code[11]

path  13:

             Pin                                  Type                    Fanout Load Slew Delay Arrival   Location    
                                                 (Domain)                        (fF) (ps)  (ps)   (ps)       (x,   y) 
-----------------------------------------------------------------------------------------------------------------------
(clock VCLK)                      launch                                                               0 R             
u_ram_macro/A_CLK                                                                        0    +0       0 R             
u_ram_macro/A_DOUT[12]            RM_IHPSG13_2P_1024x32_c2_bm_bist(slow)       1  1.9   60 +7407    7407 R             
Instruction_Code[12]              interconnect                                          60    +0    7407 R             
                                  out port                                                    +0    7407 R             
(constraints.sdc_line_19_163_1)   ext delay                                                +2000    9407 R             
- - - - - - - - - - - - - - - - - - - - - - - - - - - - - - - - - - - - - - - - - - - - - - - - - - - - - - - - - - - -
(clock VCLK)                      capture                                                          10000 R             
                                  uncertainty                                               -100    9900 R             
-----------------------------------------------------------------------------------------------------------------------
Cost Group   : 'VCLK' (path_group 'VCLK')
Timing slack :     493ps 
Start-point  : u_ram_macro/A_CLK
End-point    : Instruction_Code[12]

path  14:

             Pin                                  Type                    Fanout Load Slew Delay Arrival   Location    
                                                 (Domain)                        (fF) (ps)  (ps)   (ps)       (x,   y) 
-----------------------------------------------------------------------------------------------------------------------
(clock VCLK)                      launch                                                               0 R             
u_ram_macro/A_CLK                                                                        0    +0       0 R             
u_ram_macro/A_DOUT[13]            RM_IHPSG13_2P_1024x32_c2_bm_bist(slow)       1  1.9   60 +7407    7407 R             
Instruction_Code[13]              interconnect                                          60    +0    7407 R             
                                  out port                                                    +0    7407 R             
(constraints.sdc_line_19_162_1)   ext delay                                                +2000    9407 R             
- - - - - - - - - - - - - - - - - - - - - - - - - - - - - - - - - - - - - - - - - - - - - - - - - - - - - - - - - - - -
(clock VCLK)                      capture                                                          10000 R             
                                  uncertainty                                               -100    9900 R             
-----------------------------------------------------------------------------------------------------------------------
Cost Group   : 'VCLK' (path_group 'VCLK')
Timing slack :     493ps 
Start-point  : u_ram_macro/A_CLK
End-point    : Instruction_Code[13]

path  15:

             Pin                                  Type                    Fanout Load Slew Delay Arrival   Location    
                                                 (Domain)                        (fF) (ps)  (ps)   (ps)       (x,   y) 
-----------------------------------------------------------------------------------------------------------------------
(clock VCLK)                      launch                                                               0 R             
u_ram_macro/A_CLK                                                                        0    +0       0 R             
u_ram_macro/A_DOUT[14]            RM_IHPSG13_2P_1024x32_c2_bm_bist(slow)       1  1.9   60 +7407    7407 R             
Instruction_Code[14]              interconnect                                          60    +0    7407 R             
                                  out port                                                    +0    7407 R             
(constraints.sdc_line_19_161_1)   ext delay                                                +2000    9407 R             
- - - - - - - - - - - - - - - - - - - - - - - - - - - - - - - - - - - - - - - - - - - - - - - - - - - - - - - - - - - -
(clock VCLK)                      capture                                                          10000 R             
                                  uncertainty                                               -100    9900 R             
-----------------------------------------------------------------------------------------------------------------------
Cost Group   : 'VCLK' (path_group 'VCLK')
Timing slack :     493ps 
Start-point  : u_ram_macro/A_CLK
End-point    : Instruction_Code[14]

path  16:

             Pin                                  Type                    Fanout Load Slew Delay Arrival   Location    
                                                 (Domain)                        (fF) (ps)  (ps)   (ps)       (x,   y) 
-----------------------------------------------------------------------------------------------------------------------
(clock VCLK)                      launch                                                               0 R             
u_ram_macro/A_CLK                                                                        0    +0       0 R             
u_ram_macro/A_DOUT[15]            RM_IHPSG13_2P_1024x32_c2_bm_bist(slow)       1  1.9   60 +7407    7407 R             
Instruction_Code[15]              interconnect                                          60    +0    7407 R             
                                  out port                                                    +0    7407 R             
(constraints.sdc_line_19_160_1)   ext delay                                                +2000    9407 R             
- - - - - - - - - - - - - - - - - - - - - - - - - - - - - - - - - - - - - - - - - - - - - - - - - - - - - - - - - - - -
(clock VCLK)                      capture                                                          10000 R             
                                  uncertainty                                               -100    9900 R             
-----------------------------------------------------------------------------------------------------------------------
Cost Group   : 'VCLK' (path_group 'VCLK')
Timing slack :     493ps 
Start-point  : u_ram_macro/A_CLK
End-point    : Instruction_Code[15]

path  17:

             Pin                                  Type                    Fanout Load Slew Delay Arrival   Location    
                                                 (Domain)                        (fF) (ps)  (ps)   (ps)       (x,   y) 
-----------------------------------------------------------------------------------------------------------------------
(clock VCLK)                      launch                                                               0 R             
u_ram_macro/A_CLK                                                                        0    +0       0 R             
u_ram_macro/A_DOUT[16]            RM_IHPSG13_2P_1024x32_c2_bm_bist(slow)       1  1.9   60 +7407    7407 R             
Instruction_Code[16]              interconnect                                          60    +0    7407 R             
                                  out port                                                    +0    7407 R             
(constraints.sdc_line_19_159_1)   ext delay                                                +2000    9407 R             
- - - - - - - - - - - - - - - - - - - - - - - - - - - - - - - - - - - - - - - - - - - - - - - - - - - - - - - - - - - -
(clock VCLK)                      capture                                                          10000 R             
                                  uncertainty                                               -100    9900 R             
-----------------------------------------------------------------------------------------------------------------------
Cost Group   : 'VCLK' (path_group 'VCLK')
Timing slack :     493ps 
Start-point  : u_ram_macro/A_CLK
End-point    : Instruction_Code[16]

path  18:

             Pin                                  Type                    Fanout Load Slew Delay Arrival   Location    
                                                 (Domain)                        (fF) (ps)  (ps)   (ps)       (x,   y) 
-----------------------------------------------------------------------------------------------------------------------
(clock VCLK)                      launch                                                               0 R             
u_ram_macro/A_CLK                                                                        0    +0       0 R             
u_ram_macro/A_DOUT[17]            RM_IHPSG13_2P_1024x32_c2_bm_bist(slow)       1  1.9   60 +7407    7407 R             
Instruction_Code[17]              interconnect                                          60    +0    7407 R             
                                  out port                                                    +0    7407 R             
(constraints.sdc_line_19_158_1)   ext delay                                                +2000    9407 R             
- - - - - - - - - - - - - - - - - - - - - - - - - - - - - - - - - - - - - - - - - - - - - - - - - - - - - - - - - - - -
(clock VCLK)                      capture                                                          10000 R             
                                  uncertainty                                               -100    9900 R             
-----------------------------------------------------------------------------------------------------------------------
Cost Group   : 'VCLK' (path_group 'VCLK')
Timing slack :     493ps 
Start-point  : u_ram_macro/A_CLK
End-point    : Instruction_Code[17]

path  19:

             Pin                                  Type                    Fanout Load Slew Delay Arrival   Location    
                                                 (Domain)                        (fF) (ps)  (ps)   (ps)       (x,   y) 
-----------------------------------------------------------------------------------------------------------------------
(clock VCLK)                      launch                                                               0 R             
u_ram_macro/A_CLK                                                                        0    +0       0 R             
u_ram_macro/A_DOUT[18]            RM_IHPSG13_2P_1024x32_c2_bm_bist(slow)       1  1.9   60 +7407    7407 R             
Instruction_Code[18]              interconnect                                          60    +0    7407 R             
                                  out port                                                    +0    7407 R             
(constraints.sdc_line_19_157_1)   ext delay                                                +2000    9407 R             
- - - - - - - - - - - - - - - - - - - - - - - - - - - - - - - - - - - - - - - - - - - - - - - - - - - - - - - - - - - -
(clock VCLK)                      capture                                                          10000 R             
                                  uncertainty                                               -100    9900 R             
-----------------------------------------------------------------------------------------------------------------------
Cost Group   : 'VCLK' (path_group 'VCLK')
Timing slack :     493ps 
Start-point  : u_ram_macro/A_CLK
End-point    : Instruction_Code[18]

path  20:

             Pin                                  Type                    Fanout Load Slew Delay Arrival   Location    
                                                 (Domain)                        (fF) (ps)  (ps)   (ps)       (x,   y) 
-----------------------------------------------------------------------------------------------------------------------
(clock VCLK)                      launch                                                               0 R             
u_ram_macro/A_CLK                                                                        0    +0       0 R             
u_ram_macro/A_DOUT[19]            RM_IHPSG13_2P_1024x32_c2_bm_bist(slow)       1  1.9   60 +7407    7407 R             
Instruction_Code[19]              interconnect                                          60    +0    7407 R             
                                  out port                                                    +0    7407 R             
(constraints.sdc_line_19_156_1)   ext delay                                                +2000    9407 R             
- - - - - - - - - - - - - - - - - - - - - - - - - - - - - - - - - - - - - - - - - - - - - - - - - - - - - - - - - - - -
(clock VCLK)                      capture                                                          10000 R             
                                  uncertainty                                               -100    9900 R             
-----------------------------------------------------------------------------------------------------------------------
Cost Group   : 'VCLK' (path_group 'VCLK')
Timing slack :     493ps 
Start-point  : u_ram_macro/A_CLK
End-point    : Instruction_Code[19]

path  21:

             Pin                                  Type                    Fanout Load Slew Delay Arrival   Location    
                                                 (Domain)                        (fF) (ps)  (ps)   (ps)       (x,   y) 
-----------------------------------------------------------------------------------------------------------------------
(clock VCLK)                      launch                                                               0 R             
u_ram_macro/A_CLK                                                                        0    +0       0 R             
u_ram_macro/A_DOUT[20]            RM_IHPSG13_2P_1024x32_c2_bm_bist(slow)       1  1.9   60 +7407    7407 R             
Instruction_Code[20]              interconnect                                          60    +0    7407 R             
                                  out port                                                    +0    7407 R             
(constraints.sdc_line_19_155_1)   ext delay                                                +2000    9407 R             
- - - - - - - - - - - - - - - - - - - - - - - - - - - - - - - - - - - - - - - - - - - - - - - - - - - - - - - - - - - -
(clock VCLK)                      capture                                                          10000 R             
                                  uncertainty                                               -100    9900 R             
-----------------------------------------------------------------------------------------------------------------------
Cost Group   : 'VCLK' (path_group 'VCLK')
Timing slack :     493ps 
Start-point  : u_ram_macro/A_CLK
End-point    : Instruction_Code[20]

path  22:

             Pin                                  Type                    Fanout Load Slew Delay Arrival   Location    
                                                 (Domain)                        (fF) (ps)  (ps)   (ps)       (x,   y) 
-----------------------------------------------------------------------------------------------------------------------
(clock VCLK)                      launch                                                               0 R             
u_ram_macro/A_CLK                                                                        0    +0       0 R             
u_ram_macro/A_DOUT[21]            RM_IHPSG13_2P_1024x32_c2_bm_bist(slow)       1  1.9   60 +7407    7407 R             
Instruction_Code[21]              interconnect                                          60    +0    7407 R             
                                  out port                                                    +0    7407 R             
(constraints.sdc_line_19_154_1)   ext delay                                                +2000    9407 R             
- - - - - - - - - - - - - - - - - - - - - - - - - - - - - - - - - - - - - - - - - - - - - - - - - - - - - - - - - - - -
(clock VCLK)                      capture                                                          10000 R             
                                  uncertainty                                               -100    9900 R             
-----------------------------------------------------------------------------------------------------------------------
Cost Group   : 'VCLK' (path_group 'VCLK')
Timing slack :     493ps 
Start-point  : u_ram_macro/A_CLK
End-point    : Instruction_Code[21]

path  23:

             Pin                                  Type                    Fanout Load Slew Delay Arrival   Location    
                                                 (Domain)                        (fF) (ps)  (ps)   (ps)       (x,   y) 
-----------------------------------------------------------------------------------------------------------------------
(clock VCLK)                      launch                                                               0 R             
u_ram_macro/A_CLK                                                                        0    +0       0 R             
u_ram_macro/A_DOUT[22]            RM_IHPSG13_2P_1024x32_c2_bm_bist(slow)       1  1.9   60 +7407    7407 R             
Instruction_Code[22]              interconnect                                          60    +0    7407 R             
                                  out port                                                    +0    7407 R             
(constraints.sdc_line_19_153_1)   ext delay                                                +2000    9407 R             
- - - - - - - - - - - - - - - - - - - - - - - - - - - - - - - - - - - - - - - - - - - - - - - - - - - - - - - - - - - -
(clock VCLK)                      capture                                                          10000 R             
                                  uncertainty                                               -100    9900 R             
-----------------------------------------------------------------------------------------------------------------------
Cost Group   : 'VCLK' (path_group 'VCLK')
Timing slack :     493ps 
Start-point  : u_ram_macro/A_CLK
End-point    : Instruction_Code[22]

path  24:

             Pin                                  Type                    Fanout Load Slew Delay Arrival   Location    
                                                 (Domain)                        (fF) (ps)  (ps)   (ps)       (x,   y) 
-----------------------------------------------------------------------------------------------------------------------
(clock VCLK)                      launch                                                               0 R             
u_ram_macro/A_CLK                                                                        0    +0       0 R             
u_ram_macro/A_DOUT[23]            RM_IHPSG13_2P_1024x32_c2_bm_bist(slow)       1  1.9   60 +7407    7407 R             
Instruction_Code[23]              interconnect                                          60    +0    7407 R             
                                  out port                                                    +0    7407 R             
(constraints.sdc_line_19_152_1)   ext delay                                                +2000    9407 R             
- - - - - - - - - - - - - - - - - - - - - - - - - - - - - - - - - - - - - - - - - - - - - - - - - - - - - - - - - - - -
(clock VCLK)                      capture                                                          10000 R             
                                  uncertainty                                               -100    9900 R             
-----------------------------------------------------------------------------------------------------------------------
Cost Group   : 'VCLK' (path_group 'VCLK')
Timing slack :     493ps 
Start-point  : u_ram_macro/A_CLK
End-point    : Instruction_Code[23]

path  25:

             Pin                                  Type                    Fanout Load Slew Delay Arrival   Location    
                                                 (Domain)                        (fF) (ps)  (ps)   (ps)       (x,   y) 
-----------------------------------------------------------------------------------------------------------------------
(clock VCLK)                      launch                                                               0 R             
u_ram_macro/A_CLK                                                                        0    +0       0 R             
u_ram_macro/A_DOUT[24]            RM_IHPSG13_2P_1024x32_c2_bm_bist(slow)       1  1.9   60 +7407    7407 R             
Instruction_Code[24]              interconnect                                          60    +0    7407 R             
                                  out port                                                    +0    7407 R             
(constraints.sdc_line_19_151_1)   ext delay                                                +2000    9407 R             
- - - - - - - - - - - - - - - - - - - - - - - - - - - - - - - - - - - - - - - - - - - - - - - - - - - - - - - - - - - -
(clock VCLK)                      capture                                                          10000 R             
                                  uncertainty                                               -100    9900 R             
-----------------------------------------------------------------------------------------------------------------------
Cost Group   : 'VCLK' (path_group 'VCLK')
Timing slack :     493ps 
Start-point  : u_ram_macro/A_CLK
End-point    : Instruction_Code[24]

path  26:

             Pin                                  Type                    Fanout Load Slew Delay Arrival   Location    
                                                 (Domain)                        (fF) (ps)  (ps)   (ps)       (x,   y) 
-----------------------------------------------------------------------------------------------------------------------
(clock VCLK)                      launch                                                               0 R             
u_ram_macro/A_CLK                                                                        0    +0       0 R             
u_ram_macro/A_DOUT[25]            RM_IHPSG13_2P_1024x32_c2_bm_bist(slow)       1  1.9   60 +7407    7407 R             
Instruction_Code[25]              interconnect                                          60    +0    7407 R             
                                  out port                                                    +0    7407 R             
(constraints.sdc_line_19_150_1)   ext delay                                                +2000    9407 R             
- - - - - - - - - - - - - - - - - - - - - - - - - - - - - - - - - - - - - - - - - - - - - - - - - - - - - - - - - - - -
(clock VCLK)                      capture                                                          10000 R             
                                  uncertainty                                               -100    9900 R             
-----------------------------------------------------------------------------------------------------------------------
Cost Group   : 'VCLK' (path_group 'VCLK')
Timing slack :     493ps 
Start-point  : u_ram_macro/A_CLK
End-point    : Instruction_Code[25]

path  27:

             Pin                                  Type                    Fanout Load Slew Delay Arrival   Location    
                                                 (Domain)                        (fF) (ps)  (ps)   (ps)       (x,   y) 
-----------------------------------------------------------------------------------------------------------------------
(clock VCLK)                      launch                                                               0 R             
u_ram_macro/A_CLK                                                                        0    +0       0 R             
u_ram_macro/A_DOUT[26]            RM_IHPSG13_2P_1024x32_c2_bm_bist(slow)       1  1.9   60 +7407    7407 R             
Instruction_Code[26]              interconnect                                          60    +0    7407 R             
                                  out port                                                    +0    7407 R             
(constraints.sdc_line_19_149_1)   ext delay                                                +2000    9407 R             
- - - - - - - - - - - - - - - - - - - - - - - - - - - - - - - - - - - - - - - - - - - - - - - - - - - - - - - - - - - -
(clock VCLK)                      capture                                                          10000 R             
                                  uncertainty                                               -100    9900 R             
-----------------------------------------------------------------------------------------------------------------------
Cost Group   : 'VCLK' (path_group 'VCLK')
Timing slack :     493ps 
Start-point  : u_ram_macro/A_CLK
End-point    : Instruction_Code[26]

path  28:

             Pin                                  Type                    Fanout Load Slew Delay Arrival   Location    
                                                 (Domain)                        (fF) (ps)  (ps)   (ps)       (x,   y) 
-----------------------------------------------------------------------------------------------------------------------
(clock VCLK)                      launch                                                               0 R             
u_ram_macro/A_CLK                                                                        0    +0       0 R             
u_ram_macro/A_DOUT[27]            RM_IHPSG13_2P_1024x32_c2_bm_bist(slow)       1  1.9   60 +7407    7407 R             
Instruction_Code[27]              interconnect                                          60    +0    7407 R             
                                  out port                                                    +0    7407 R             
(constraints.sdc_line_19_148_1)   ext delay                                                +2000    9407 R             
- - - - - - - - - - - - - - - - - - - - - - - - - - - - - - - - - - - - - - - - - - - - - - - - - - - - - - - - - - - -
(clock VCLK)                      capture                                                          10000 R             
                                  uncertainty                                               -100    9900 R             
-----------------------------------------------------------------------------------------------------------------------
Cost Group   : 'VCLK' (path_group 'VCLK')
Timing slack :     493ps 
Start-point  : u_ram_macro/A_CLK
End-point    : Instruction_Code[27]

path  29:

             Pin                                  Type                    Fanout Load Slew Delay Arrival   Location    
                                                 (Domain)                        (fF) (ps)  (ps)   (ps)       (x,   y) 
-----------------------------------------------------------------------------------------------------------------------
(clock VCLK)                      launch                                                               0 R             
u_ram_macro/A_CLK                                                                        0    +0       0 R             
u_ram_macro/A_DOUT[28]            RM_IHPSG13_2P_1024x32_c2_bm_bist(slow)       1  1.9   60 +7407    7407 R             
Instruction_Code[28]              interconnect                                          60    +0    7407 R             
                                  out port                                                    +0    7407 R             
(constraints.sdc_line_19_147_1)   ext delay                                                +2000    9407 R             
- - - - - - - - - - - - - - - - - - - - - - - - - - - - - - - - - - - - - - - - - - - - - - - - - - - - - - - - - - - -
(clock VCLK)                      capture                                                          10000 R             
                                  uncertainty                                               -100    9900 R             
-----------------------------------------------------------------------------------------------------------------------
Cost Group   : 'VCLK' (path_group 'VCLK')
Timing slack :     493ps 
Start-point  : u_ram_macro/A_CLK
End-point    : Instruction_Code[28]

path  30:

             Pin                                  Type                    Fanout Load Slew Delay Arrival   Location    
                                                 (Domain)                        (fF) (ps)  (ps)   (ps)       (x,   y) 
-----------------------------------------------------------------------------------------------------------------------
(clock VCLK)                      launch                                                               0 R             
u_ram_macro/A_CLK                                                                        0    +0       0 R             
u_ram_macro/A_DOUT[29]            RM_IHPSG13_2P_1024x32_c2_bm_bist(slow)       1  1.9   60 +7407    7407 R             
Instruction_Code[29]              interconnect                                          60    +0    7407 R             
                                  out port                                                    +0    7407 R             
(constraints.sdc_line_19_146_1)   ext delay                                                +2000    9407 R             
- - - - - - - - - - - - - - - - - - - - - - - - - - - - - - - - - - - - - - - - - - - - - - - - - - - - - - - - - - - -
(clock VCLK)                      capture                                                          10000 R             
                                  uncertainty                                               -100    9900 R             
-----------------------------------------------------------------------------------------------------------------------
Cost Group   : 'VCLK' (path_group 'VCLK')
Timing slack :     493ps 
Start-point  : u_ram_macro/A_CLK
End-point    : Instruction_Code[29]

path  31:

             Pin                                  Type                    Fanout Load Slew Delay Arrival   Location    
                                                 (Domain)                        (fF) (ps)  (ps)   (ps)       (x,   y) 
-----------------------------------------------------------------------------------------------------------------------
(clock VCLK)                      launch                                                               0 R             
u_ram_macro/A_CLK                                                                        0    +0       0 R             
u_ram_macro/A_DOUT[30]            RM_IHPSG13_2P_1024x32_c2_bm_bist(slow)       1  1.9   60 +7407    7407 R             
Instruction_Code[30]              interconnect                                          60    +0    7407 R             
                                  out port                                                    +0    7407 R             
(constraints.sdc_line_19_145_1)   ext delay                                                +2000    9407 R             
- - - - - - - - - - - - - - - - - - - - - - - - - - - - - - - - - - - - - - - - - - - - - - - - - - - - - - - - - - - -
(clock VCLK)                      capture                                                          10000 R             
                                  uncertainty                                               -100    9900 R             
-----------------------------------------------------------------------------------------------------------------------
Cost Group   : 'VCLK' (path_group 'VCLK')
Timing slack :     493ps 
Start-point  : u_ram_macro/A_CLK
End-point    : Instruction_Code[30]

path  32:

          Pin                               Type                    Fanout Load Slew Delay Arrival   Location    
                                           (Domain)                        (fF) (ps)  (ps)   (ps)       (x,   y) 
-----------------------------------------------------------------------------------------------------------------
(clock VCLK)                launch                                                               0 R             
u_ram_macro/A_CLK                                                                  0    +0       0 R             
u_ram_macro/A_DOUT[31]      RM_IHPSG13_2P_1024x32_c2_bm_bist(slow)       1  1.9   60 +7407    7407 R             
Instruction_Code[31]        interconnect                                          60    +0    7407 R             
                            out port                                                    +0    7407 R             
(constraints.sdc_line_19)   ext delay                                                +2000    9407 R             
- - - - - - - - - - - - - - - - - - - - - - - - - - - - - - - - - - - - - - - - - - - - - - - - - - - - - - - - -
(clock VCLK)                capture                                                          10000 R             
                            uncertainty                                               -100    9900 R             
-----------------------------------------------------------------------------------------------------------------
Cost Group   : 'VCLK' (path_group 'VCLK')
Timing slack :     493ps 
Start-point  : u_ram_macro/A_CLK
End-point    : Instruction_Code[31]

path  33:

         Pin                                Type                    Fanout Load Slew Delay Arrival   Location    
                                           (Domain)                        (fF) (ps)  (ps)   (ps)       (x,   y) 
-----------------------------------------------------------------------------------------------------------------
(clock VCLK)                launch                                                               0 R             
u_ram_macro/B_CLK                                                                  0    +0       0 R             
u_ram_macro/B_DOUT[31] (u)  RM_IHPSG13_2P_1024x32_c2_bm_bist(slow)       1  4.8   69 +7417    7417 R             
burst_data_reg[31]/d        unmapped_d_flop                                             +0    7417               
burst_data_reg[31]/clk      setup                                                  0  +362    7779 R             
- - - - - - - - - - - - - - - - - - - - - - - - - - - - - - - - - - - - - - - - - - - - - - - - - - - - - - - - -
(clock VCLK)                capture                                                          10000 R             
                            uncertainty                                               -100    9900 R             
-----------------------------------------------------------------------------------------------------------------
Cost Group   : 'VCLK' (path_group 'VCLK')
Timing slack :    2121ps 
Start-point  : u_ram_macro/B_CLK
End-point    : burst_data_reg[31]/d

(u) : Net has unmapped pin(s).

path  34:

         Pin                                Type                    Fanout Load Slew Delay Arrival   Location    
                                           (Domain)                        (fF) (ps)  (ps)   (ps)       (x,   y) 
-----------------------------------------------------------------------------------------------------------------
(clock VCLK)                launch                                                               0 R             
u_ram_macro/B_CLK                                                                  0    +0       0 R             
u_ram_macro/B_DOUT[30] (u)  RM_IHPSG13_2P_1024x32_c2_bm_bist(slow)       1  4.8   69 +7417    7417 R             
burst_data_reg[30]/d        unmapped_d_flop                                             +0    7417               
burst_data_reg[30]/clk      setup                                                  0  +362    7779 R             
- - - - - - - - - - - - - - - - - - - - - - - - - - - - - - - - - - - - - - - - - - - - - - - - - - - - - - - - -
(clock VCLK)                capture                                                          10000 R             
                            uncertainty                                               -100    9900 R             
-----------------------------------------------------------------------------------------------------------------
Cost Group   : 'VCLK' (path_group 'VCLK')
Timing slack :    2121ps 
Start-point  : u_ram_macro/B_CLK
End-point    : burst_data_reg[30]/d

(u) : Net has unmapped pin(s).

path  35:

         Pin                                Type                    Fanout Load Slew Delay Arrival   Location    
                                           (Domain)                        (fF) (ps)  (ps)   (ps)       (x,   y) 
-----------------------------------------------------------------------------------------------------------------
(clock VCLK)                launch                                                               0 R             
u_ram_macro/B_CLK                                                                  0    +0       0 R             
u_ram_macro/B_DOUT[29] (u)  RM_IHPSG13_2P_1024x32_c2_bm_bist(slow)       1  4.8   69 +7417    7417 R             
burst_data_reg[29]/d        unmapped_d_flop                                             +0    7417               
burst_data_reg[29]/clk      setup                                                  0  +362    7779 R             
- - - - - - - - - - - - - - - - - - - - - - - - - - - - - - - - - - - - - - - - - - - - - - - - - - - - - - - - -
(clock VCLK)                capture                                                          10000 R             
                            uncertainty                                               -100    9900 R             
-----------------------------------------------------------------------------------------------------------------
Cost Group   : 'VCLK' (path_group 'VCLK')
Timing slack :    2121ps 
Start-point  : u_ram_macro/B_CLK
End-point    : burst_data_reg[29]/d

(u) : Net has unmapped pin(s).

path  36:

         Pin                                Type                    Fanout Load Slew Delay Arrival   Location    
                                           (Domain)                        (fF) (ps)  (ps)   (ps)       (x,   y) 
-----------------------------------------------------------------------------------------------------------------
(clock VCLK)                launch                                                               0 R             
u_ram_macro/B_CLK                                                                  0    +0       0 R             
u_ram_macro/B_DOUT[28] (u)  RM_IHPSG13_2P_1024x32_c2_bm_bist(slow)       1  4.8   69 +7417    7417 R             
burst_data_reg[28]/d        unmapped_d_flop                                             +0    7417               
burst_data_reg[28]/clk      setup                                                  0  +362    7779 R             
- - - - - - - - - - - - - - - - - - - - - - - - - - - - - - - - - - - - - - - - - - - - - - - - - - - - - - - - -
(clock VCLK)                capture                                                          10000 R             
                            uncertainty                                               -100    9900 R             
-----------------------------------------------------------------------------------------------------------------
Cost Group   : 'VCLK' (path_group 'VCLK')
Timing slack :    2121ps 
Start-point  : u_ram_macro/B_CLK
End-point    : burst_data_reg[28]/d

(u) : Net has unmapped pin(s).

path  37:

         Pin                                Type                    Fanout Load Slew Delay Arrival   Location    
                                           (Domain)                        (fF) (ps)  (ps)   (ps)       (x,   y) 
-----------------------------------------------------------------------------------------------------------------
(clock VCLK)                launch                                                               0 R             
u_ram_macro/B_CLK                                                                  0    +0       0 R             
u_ram_macro/B_DOUT[27] (u)  RM_IHPSG13_2P_1024x32_c2_bm_bist(slow)       1  4.8   69 +7417    7417 R             
burst_data_reg[27]/d        unmapped_d_flop                                             +0    7417               
burst_data_reg[27]/clk      setup                                                  0  +362    7779 R             
- - - - - - - - - - - - - - - - - - - - - - - - - - - - - - - - - - - - - - - - - - - - - - - - - - - - - - - - -
(clock VCLK)                capture                                                          10000 R             
                            uncertainty                                               -100    9900 R             
-----------------------------------------------------------------------------------------------------------------
Cost Group   : 'VCLK' (path_group 'VCLK')
Timing slack :    2121ps 
Start-point  : u_ram_macro/B_CLK
End-point    : burst_data_reg[27]/d

(u) : Net has unmapped pin(s).

path  38:

         Pin                                Type                    Fanout Load Slew Delay Arrival   Location    
                                           (Domain)                        (fF) (ps)  (ps)   (ps)       (x,   y) 
-----------------------------------------------------------------------------------------------------------------
(clock VCLK)                launch                                                               0 R             
u_ram_macro/B_CLK                                                                  0    +0       0 R             
u_ram_macro/B_DOUT[26] (u)  RM_IHPSG13_2P_1024x32_c2_bm_bist(slow)       1  4.8   69 +7417    7417 R             
burst_data_reg[26]/d        unmapped_d_flop                                             +0    7417               
burst_data_reg[26]/clk      setup                                                  0  +362    7779 R             
- - - - - - - - - - - - - - - - - - - - - - - - - - - - - - - - - - - - - - - - - - - - - - - - - - - - - - - - -
(clock VCLK)                capture                                                          10000 R             
                            uncertainty                                               -100    9900 R             
-----------------------------------------------------------------------------------------------------------------
Cost Group   : 'VCLK' (path_group 'VCLK')
Timing slack :    2121ps 
Start-point  : u_ram_macro/B_CLK
End-point    : burst_data_reg[26]/d

(u) : Net has unmapped pin(s).

path  39:

         Pin                                Type                    Fanout Load Slew Delay Arrival   Location    
                                           (Domain)                        (fF) (ps)  (ps)   (ps)       (x,   y) 
-----------------------------------------------------------------------------------------------------------------
(clock VCLK)                launch                                                               0 R             
u_ram_macro/B_CLK                                                                  0    +0       0 R             
u_ram_macro/B_DOUT[25] (u)  RM_IHPSG13_2P_1024x32_c2_bm_bist(slow)       1  4.8   69 +7417    7417 R             
burst_data_reg[25]/d        unmapped_d_flop                                             +0    7417               
burst_data_reg[25]/clk      setup                                                  0  +362    7779 R             
- - - - - - - - - - - - - - - - - - - - - - - - - - - - - - - - - - - - - - - - - - - - - - - - - - - - - - - - -
(clock VCLK)                capture                                                          10000 R             
                            uncertainty                                               -100    9900 R             
-----------------------------------------------------------------------------------------------------------------
Cost Group   : 'VCLK' (path_group 'VCLK')
Timing slack :    2121ps 
Start-point  : u_ram_macro/B_CLK
End-point    : burst_data_reg[25]/d

(u) : Net has unmapped pin(s).

path  40:

         Pin                                Type                    Fanout Load Slew Delay Arrival   Location    
                                           (Domain)                        (fF) (ps)  (ps)   (ps)       (x,   y) 
-----------------------------------------------------------------------------------------------------------------
(clock VCLK)                launch                                                               0 R             
u_ram_macro/B_CLK                                                                  0    +0       0 R             
u_ram_macro/B_DOUT[24] (u)  RM_IHPSG13_2P_1024x32_c2_bm_bist(slow)       1  4.8   69 +7417    7417 R             
burst_data_reg[24]/d        unmapped_d_flop                                             +0    7417               
burst_data_reg[24]/clk      setup                                                  0  +362    7779 R             
- - - - - - - - - - - - - - - - - - - - - - - - - - - - - - - - - - - - - - - - - - - - - - - - - - - - - - - - -
(clock VCLK)                capture                                                          10000 R             
                            uncertainty                                               -100    9900 R             
-----------------------------------------------------------------------------------------------------------------
Cost Group   : 'VCLK' (path_group 'VCLK')
Timing slack :    2121ps 
Start-point  : u_ram_macro/B_CLK
End-point    : burst_data_reg[24]/d

(u) : Net has unmapped pin(s).

path  41:

         Pin                                Type                    Fanout Load Slew Delay Arrival   Location    
                                           (Domain)                        (fF) (ps)  (ps)   (ps)       (x,   y) 
-----------------------------------------------------------------------------------------------------------------
(clock VCLK)                launch                                                               0 R             
u_ram_macro/B_CLK                                                                  0    +0       0 R             
u_ram_macro/B_DOUT[23] (u)  RM_IHPSG13_2P_1024x32_c2_bm_bist(slow)       1  4.8   69 +7417    7417 R             
burst_data_reg[23]/d        unmapped_d_flop                                             +0    7417               
burst_data_reg[23]/clk      setup                                                  0  +362    7779 R             
- - - - - - - - - - - - - - - - - - - - - - - - - - - - - - - - - - - - - - - - - - - - - - - - - - - - - - - - -
(clock VCLK)                capture                                                          10000 R             
                            uncertainty                                               -100    9900 R             
-----------------------------------------------------------------------------------------------------------------
Cost Group   : 'VCLK' (path_group 'VCLK')
Timing slack :    2121ps 
Start-point  : u_ram_macro/B_CLK
End-point    : burst_data_reg[23]/d

(u) : Net has unmapped pin(s).

path  42:

         Pin                                Type                    Fanout Load Slew Delay Arrival   Location    
                                           (Domain)                        (fF) (ps)  (ps)   (ps)       (x,   y) 
-----------------------------------------------------------------------------------------------------------------
(clock VCLK)                launch                                                               0 R             
u_ram_macro/B_CLK                                                                  0    +0       0 R             
u_ram_macro/B_DOUT[22] (u)  RM_IHPSG13_2P_1024x32_c2_bm_bist(slow)       1  4.8   69 +7417    7417 R             
burst_data_reg[22]/d        unmapped_d_flop                                             +0    7417               
burst_data_reg[22]/clk      setup                                                  0  +362    7779 R             
- - - - - - - - - - - - - - - - - - - - - - - - - - - - - - - - - - - - - - - - - - - - - - - - - - - - - - - - -
(clock VCLK)                capture                                                          10000 R             
                            uncertainty                                               -100    9900 R             
-----------------------------------------------------------------------------------------------------------------
Cost Group   : 'VCLK' (path_group 'VCLK')
Timing slack :    2121ps 
Start-point  : u_ram_macro/B_CLK
End-point    : burst_data_reg[22]/d

(u) : Net has unmapped pin(s).

path  43:

         Pin                                Type                    Fanout Load Slew Delay Arrival   Location    
                                           (Domain)                        (fF) (ps)  (ps)   (ps)       (x,   y) 
-----------------------------------------------------------------------------------------------------------------
(clock VCLK)                launch                                                               0 R             
u_ram_macro/B_CLK                                                                  0    +0       0 R             
u_ram_macro/B_DOUT[21] (u)  RM_IHPSG13_2P_1024x32_c2_bm_bist(slow)       1  4.8   69 +7417    7417 R             
burst_data_reg[21]/d        unmapped_d_flop                                             +0    7417               
burst_data_reg[21]/clk      setup                                                  0  +362    7779 R             
- - - - - - - - - - - - - - - - - - - - - - - - - - - - - - - - - - - - - - - - - - - - - - - - - - - - - - - - -
(clock VCLK)                capture                                                          10000 R             
                            uncertainty                                               -100    9900 R             
-----------------------------------------------------------------------------------------------------------------
Cost Group   : 'VCLK' (path_group 'VCLK')
Timing slack :    2121ps 
Start-point  : u_ram_macro/B_CLK
End-point    : burst_data_reg[21]/d

(u) : Net has unmapped pin(s).

path  44:

         Pin                                Type                    Fanout Load Slew Delay Arrival   Location    
                                           (Domain)                        (fF) (ps)  (ps)   (ps)       (x,   y) 
-----------------------------------------------------------------------------------------------------------------
(clock VCLK)                launch                                                               0 R             
u_ram_macro/B_CLK                                                                  0    +0       0 R             
u_ram_macro/B_DOUT[20] (u)  RM_IHPSG13_2P_1024x32_c2_bm_bist(slow)       1  4.8   69 +7417    7417 R             
burst_data_reg[20]/d        unmapped_d_flop                                             +0    7417               
burst_data_reg[20]/clk      setup                                                  0  +362    7779 R             
- - - - - - - - - - - - - - - - - - - - - - - - - - - - - - - - - - - - - - - - - - - - - - - - - - - - - - - - -
(clock VCLK)                capture                                                          10000 R             
                            uncertainty                                               -100    9900 R             
-----------------------------------------------------------------------------------------------------------------
Cost Group   : 'VCLK' (path_group 'VCLK')
Timing slack :    2121ps 
Start-point  : u_ram_macro/B_CLK
End-point    : burst_data_reg[20]/d

(u) : Net has unmapped pin(s).

path  45:

         Pin                                Type                    Fanout Load Slew Delay Arrival   Location    
                                           (Domain)                        (fF) (ps)  (ps)   (ps)       (x,   y) 
-----------------------------------------------------------------------------------------------------------------
(clock VCLK)                launch                                                               0 R             
u_ram_macro/B_CLK                                                                  0    +0       0 R             
u_ram_macro/B_DOUT[19] (u)  RM_IHPSG13_2P_1024x32_c2_bm_bist(slow)       1  4.8   69 +7417    7417 R             
burst_data_reg[19]/d        unmapped_d_flop                                             +0    7417               
burst_data_reg[19]/clk      setup                                                  0  +362    7779 R             
- - - - - - - - - - - - - - - - - - - - - - - - - - - - - - - - - - - - - - - - - - - - - - - - - - - - - - - - -
(clock VCLK)                capture                                                          10000 R             
                            uncertainty                                               -100    9900 R             
-----------------------------------------------------------------------------------------------------------------
Cost Group   : 'VCLK' (path_group 'VCLK')
Timing slack :    2121ps 
Start-point  : u_ram_macro/B_CLK
End-point    : burst_data_reg[19]/d

(u) : Net has unmapped pin(s).

path  46:

         Pin                                Type                    Fanout Load Slew Delay Arrival   Location    
                                           (Domain)                        (fF) (ps)  (ps)   (ps)       (x,   y) 
-----------------------------------------------------------------------------------------------------------------
(clock VCLK)                launch                                                               0 R             
u_ram_macro/B_CLK                                                                  0    +0       0 R             
u_ram_macro/B_DOUT[18] (u)  RM_IHPSG13_2P_1024x32_c2_bm_bist(slow)       1  4.8   69 +7417    7417 R             
burst_data_reg[18]/d        unmapped_d_flop                                             +0    7417               
burst_data_reg[18]/clk      setup                                                  0  +362    7779 R             
- - - - - - - - - - - - - - - - - - - - - - - - - - - - - - - - - - - - - - - - - - - - - - - - - - - - - - - - -
(clock VCLK)                capture                                                          10000 R             
                            uncertainty                                               -100    9900 R             
-----------------------------------------------------------------------------------------------------------------
Cost Group   : 'VCLK' (path_group 'VCLK')
Timing slack :    2121ps 
Start-point  : u_ram_macro/B_CLK
End-point    : burst_data_reg[18]/d

(u) : Net has unmapped pin(s).

path  47:

         Pin                                Type                    Fanout Load Slew Delay Arrival   Location    
                                           (Domain)                        (fF) (ps)  (ps)   (ps)       (x,   y) 
-----------------------------------------------------------------------------------------------------------------
(clock VCLK)                launch                                                               0 R             
u_ram_macro/B_CLK                                                                  0    +0       0 R             
u_ram_macro/B_DOUT[17] (u)  RM_IHPSG13_2P_1024x32_c2_bm_bist(slow)       1  4.8   69 +7417    7417 R             
burst_data_reg[17]/d        unmapped_d_flop                                             +0    7417               
burst_data_reg[17]/clk      setup                                                  0  +362    7779 R             
- - - - - - - - - - - - - - - - - - - - - - - - - - - - - - - - - - - - - - - - - - - - - - - - - - - - - - - - -
(clock VCLK)                capture                                                          10000 R             
                            uncertainty                                               -100    9900 R             
-----------------------------------------------------------------------------------------------------------------
Cost Group   : 'VCLK' (path_group 'VCLK')
Timing slack :    2121ps 
Start-point  : u_ram_macro/B_CLK
End-point    : burst_data_reg[17]/d

(u) : Net has unmapped pin(s).

path  48:

         Pin                                Type                    Fanout Load Slew Delay Arrival   Location    
                                           (Domain)                        (fF) (ps)  (ps)   (ps)       (x,   y) 
-----------------------------------------------------------------------------------------------------------------
(clock VCLK)                launch                                                               0 R             
u_ram_macro/B_CLK                                                                  0    +0       0 R             
u_ram_macro/B_DOUT[16] (u)  RM_IHPSG13_2P_1024x32_c2_bm_bist(slow)       1  4.8   69 +7417    7417 R             
burst_data_reg[16]/d        unmapped_d_flop                                             +0    7417               
burst_data_reg[16]/clk      setup                                                  0  +362    7779 R             
- - - - - - - - - - - - - - - - - - - - - - - - - - - - - - - - - - - - - - - - - - - - - - - - - - - - - - - - -
(clock VCLK)                capture                                                          10000 R             
                            uncertainty                                               -100    9900 R             
-----------------------------------------------------------------------------------------------------------------
Cost Group   : 'VCLK' (path_group 'VCLK')
Timing slack :    2121ps 
Start-point  : u_ram_macro/B_CLK
End-point    : burst_data_reg[16]/d

(u) : Net has unmapped pin(s).

path  49:

         Pin                                Type                    Fanout Load Slew Delay Arrival   Location    
                                           (Domain)                        (fF) (ps)  (ps)   (ps)       (x,   y) 
-----------------------------------------------------------------------------------------------------------------
(clock VCLK)                launch                                                               0 R             
u_ram_macro/B_CLK                                                                  0    +0       0 R             
u_ram_macro/B_DOUT[15] (u)  RM_IHPSG13_2P_1024x32_c2_bm_bist(slow)       1  4.8   69 +7417    7417 R             
burst_data_reg[15]/d        unmapped_d_flop                                             +0    7417               
burst_data_reg[15]/clk      setup                                                  0  +362    7779 R             
- - - - - - - - - - - - - - - - - - - - - - - - - - - - - - - - - - - - - - - - - - - - - - - - - - - - - - - - -
(clock VCLK)                capture                                                          10000 R             
                            uncertainty                                               -100    9900 R             
-----------------------------------------------------------------------------------------------------------------
Cost Group   : 'VCLK' (path_group 'VCLK')
Timing slack :    2121ps 
Start-point  : u_ram_macro/B_CLK
End-point    : burst_data_reg[15]/d

(u) : Net has unmapped pin(s).

path  50:

         Pin                                Type                    Fanout Load Slew Delay Arrival   Location    
                                           (Domain)                        (fF) (ps)  (ps)   (ps)       (x,   y) 
-----------------------------------------------------------------------------------------------------------------
(clock VCLK)                launch                                                               0 R             
u_ram_macro/B_CLK                                                                  0    +0       0 R             
u_ram_macro/B_DOUT[14] (u)  RM_IHPSG13_2P_1024x32_c2_bm_bist(slow)       1  4.8   69 +7417    7417 R             
burst_data_reg[14]/d        unmapped_d_flop                                             +0    7417               
burst_data_reg[14]/clk      setup                                                  0  +362    7779 R             
- - - - - - - - - - - - - - - - - - - - - - - - - - - - - - - - - - - - - - - - - - - - - - - - - - - - - - - - -
(clock VCLK)                capture                                                          10000 R             
                            uncertainty                                               -100    9900 R             
-----------------------------------------------------------------------------------------------------------------
Cost Group   : 'VCLK' (path_group 'VCLK')
Timing slack :    2121ps 
Start-point  : u_ram_macro/B_CLK
End-point    : burst_data_reg[14]/d

(u) : Net has unmapped pin(s).

