============================================================
  Generated by:           Genus(TM) Synthesis Solution 23.10-p004_1
  Generated on:           Feb 13 2026  07:33:55 pm
  Module:                 inst_mem
  Library domain:         slow
    Domain index:         0
    Technology libraries: RM_IHPSG13_2P_1024x32_c2_bm_bist_slow_1p08V_125C 1.0.0
                          sg13g2_io_slow_1p08V_3p0V_125C $Revision: 0.0.1 $
                          sg13g2_io_slow_1p35V_3p0V_125C $Revision: 0.0.1 $
                          sg13g2_stdcell_slow_1p08V_125C $Revision: 0.1.3 $
                          sg13g2_stdcell_slow_1p35V_125C $Revision: 0.1.3 $
                          physical_cells 
  Library domain:         typ
    Domain index:         1
    Technology libraries: RM_IHPSG13_2P_1024x32_c2_bm_bist_typ_1p20V_25C 1.0.0
                          sg13g2_io_typ_1p2V_3p3V_25C $Revision: 0.0.1 $
                          sg13g2_io_typ_1p5V_3p3V_25C $Revision: 0.0.1 $
                          sg13g2_stdcell_typ_1p20V_25C $Revision: 0.1.3 $
                          sg13g2_stdcell_typ_1p50V_25C $Revision: 0.1.3 $
                          physical_cells 
  Library domain:         fast
    Domain index:         2
    Technology libraries: RM_IHPSG13_2P_1024x32_c2_bm_bist_fast_1p32V_m55C 1.0.0
                          sg13g2_io_fast_1p32V_3p6V_m40C $Revision: 0.0.1 $
                          sg13g2_io_fast_1p65V_3p6V_m40C $Revision: 0.0.1 $
                          sg13g2_stdcell_fast_1p32V_m40C $Revision: 0.1.3 $
                          sg13g2_stdcell_fast_1p65V_m40C $Revision: 0.1.3 $
                          physical_cells 
  Operating conditions:   slow_1p08V_125C 
  Operating conditions:   typ_1p20V_25C 
  Operating conditions:   fast_1p32V_m55C 
  Interconnect mode:      global
  Area mode:              physical library
============================================================

                                                          Leakage                                                      Library 
              Gate                Instances     Area    Power (nW)                       Library                        Domain 
-------------------------------------------------------------------------------------------------------------------------------
RM_IHPSG13_2P_1024x32_c2_bm_bist          1  264167.281   1806.828    RM_IHPSG13_2P_1024x32_c2_bm_bist_fast_1p32V_m55C    fast 
sg13g2_a21oi_1                            1       9.072      0.224    sg13g2_stdcell_fast_1p32V_m40C                      fast 
sg13g2_and2_1                             1       9.072      0.289    sg13g2_stdcell_fast_1p32V_m40C                      fast 
sg13g2_and2_2                             1      10.886      0.423    sg13g2_stdcell_fast_1p32V_m40C                      fast 
sg13g2_buf_1                              2      14.515      0.400    sg13g2_stdcell_fast_1p32V_m40C                      fast 
sg13g2_dfrbpq_1                          59    2890.339     65.141    sg13g2_stdcell_fast_1p32V_m40C                      fast 
sg13g2_dfrbpq_2                           1      50.803      1.209    sg13g2_stdcell_fast_1p32V_m40C                      fast 
sg13g2_inv_1                             11      59.875      1.304    sg13g2_stdcell_fast_1p32V_m40C                      fast 
sg13g2_inv_2                              7      50.803      1.637    sg13g2_stdcell_fast_1p32V_m40C                      fast 
sg13g2_mux2_1                            61    1106.784     34.126    sg13g2_stdcell_fast_1p32V_m40C                      fast 
sg13g2_nand2_1                           13      94.349      2.090    sg13g2_stdcell_fast_1p32V_m40C                      fast 
sg13g2_nand2_2                            2      21.773      0.720    sg13g2_stdcell_fast_1p32V_m40C                      fast 
sg13g2_nand2b_1                           5      45.360      1.330    sg13g2_stdcell_fast_1p32V_m40C                      fast 
sg13g2_nand3_1                            2      18.144      0.687    sg13g2_stdcell_fast_1p32V_m40C                      fast 
sg13g2_nand4_1                            2      21.773      0.555    sg13g2_stdcell_fast_1p32V_m40C                      fast 
sg13g2_nor2_1                             1       7.258      0.157    sg13g2_stdcell_fast_1p32V_m40C                      fast 
sg13g2_nor2b_1                            6      54.432      1.839    sg13g2_stdcell_fast_1p32V_m40C                      fast 
sg13g2_nor3_1                             1       9.072      0.335    sg13g2_stdcell_fast_1p32V_m40C                      fast 
sg13g2_nor4_2                             2      43.546      1.321    sg13g2_stdcell_fast_1p32V_m40C                      fast 
sg13g2_o21ai_1                            7      63.504      3.313    sg13g2_stdcell_fast_1p32V_m40C                      fast 
sg13g2_or2_1                              1       9.072      0.238    sg13g2_stdcell_fast_1p32V_m40C                      fast 
sg13g2_xnor2_1                           14     203.213      6.452    sg13g2_stdcell_fast_1p32V_m40C                      fast 
sg13g2_xor2_1                            10     145.152      4.025    sg13g2_stdcell_fast_1p32V_m40C                      fast 
-------------------------------------------------------------------------------------------------------------------------------
total                                   211  269106.078   1934.644                                                     


                                                                                    Leakage  Leakage 
                     Library                     Instances Instances %    Area    Power (nW) Power % 
-----------------------------------------------------------------------------------------------------
RM_IHPSG13_2P_1024x32_c2_bm_bist_fast_1p32V_m55C         1         0.5 264167.281   1806.828    93.4 
sg13g2_stdcell_fast_1p32V_m40C                         210        99.5   4938.797    127.816     6.6 

                                             Leakage  Leakage 
     Type      Instances    Area    Area % Power (nW) Power % 
--------------------------------------------------------------
timing_model           1 264167.281   98.2   1806.828    93.4 
sequential            60   2941.142    1.1     66.350     3.4 
inverter              18    110.678    0.0      2.940     0.2 
buffer                 2     14.515    0.0      0.400     0.0 
logic                130   1872.461    0.7     58.126     3.0 
physical_cells         0      0.000    0.0      0.000     0.0 
--------------------------------------------------------------
total                211 269106.078  100.0   1934.644   100.0 

