============================================================
  Generated by:           Genus(TM) Synthesis Solution 23.10-p004_1
  Generated on:           Feb 13 2026  07:35:05 pm
  Module:                 inst_mem
  Library domain:         slow
    Domain index:         0
    Technology libraries: RM_IHPSG13_2P_1024x32_c2_bm_bist_slow_1p08V_125C 1.0.0
                          sg13g2_io_slow_1p08V_3p0V_125C $Revision: 0.0.1 $
                          sg13g2_io_slow_1p35V_3p0V_125C $Revision: 0.0.1 $
                          sg13g2_stdcell_slow_1p08V_125C $Revision: 0.1.3 $
                          sg13g2_stdcell_slow_1p35V_125C $Revision: 0.1.3 $
                          physical_cells 
  Library domain:         typ
    Domain index:         1
    Technology libraries: RM_IHPSG13_2P_1024x32_c2_bm_bist_typ_1p20V_25C 1.0.0
                          sg13g2_io_typ_1p2V_3p3V_25C $Revision: 0.0.1 $
                          sg13g2_io_typ_1p5V_3p3V_25C $Revision: 0.0.1 $
                          sg13g2_stdcell_typ_1p20V_25C $Revision: 0.1.3 $
                          sg13g2_stdcell_typ_1p50V_25C $Revision: 0.1.3 $
                          physical_cells 
  Library domain:         fast
    Domain index:         2
    Technology libraries: RM_IHPSG13_2P_1024x32_c2_bm_bist_fast_1p32V_m55C 1.0.0
                          sg13g2_io_fast_1p32V_3p6V_m40C $Revision: 0.0.1 $
                          sg13g2_io_fast_1p65V_3p6V_m40C $Revision: 0.0.1 $
                          sg13g2_stdcell_fast_1p32V_m40C $Revision: 0.1.3 $
                          sg13g2_stdcell_fast_1p65V_m40C $Revision: 0.1.3 $
                          physical_cells 
  Operating conditions:   slow_1p08V_125C 
  Operating conditions:   typ_1p20V_25C 
  Operating conditions:   fast_1p32V_m55C 
  Interconnect mode:      global
  Area mode:              physical library
============================================================

                                                          Leakage                                                      Library 
              Gate                Instances     Area    Power (nW)                       Library                        Domain 
-------------------------------------------------------------------------------------------------------------------------------
RM_IHPSG13_2P_1024x32_c2_bm_bist          1  264167.281   1806.828    RM_IHPSG13_2P_1024x32_c2_bm_bist_fast_1p32V_m55C    fast 
sg13g2_a21o_1                             3      38.102      1.007    sg13g2_stdcell_fast_1p32V_m40C                      fast 
sg13g2_a21oi_1                            1       9.072      0.224    sg13g2_stdcell_fast_1p32V_m40C                      fast 
sg13g2_and2_1                             1       9.072      0.289    sg13g2_stdcell_fast_1p32V_m40C                      fast 
sg13g2_and2_2                             1      10.886      0.423    sg13g2_stdcell_fast_1p32V_m40C                      fast 
sg13g2_buf_1                              1       7.258      0.197    sg13g2_stdcell_fast_1p32V_m40C                      fast 
sg13g2_dfrbp_1                            1      52.618      1.193    sg13g2_stdcell_fast_1p32V_m40C                      fast 
sg13g2_dfrbp_2                            1      54.432      1.415    sg13g2_stdcell_fast_1p32V_m40C                      fast 
sg13g2_dfrbpq_1                          58    2841.350     64.034    sg13g2_stdcell_fast_1p32V_m40C                      fast 
sg13g2_dlygate4sd1_1                     32     464.486     10.395    sg13g2_stdcell_fast_1p32V_m40C                      fast 
sg13g2_inv_1                              4      21.773      0.525    sg13g2_stdcell_fast_1p32V_m40C                      fast 
sg13g2_inv_2                              7      50.803      1.637    sg13g2_stdcell_fast_1p32V_m40C                      fast 
sg13g2_mux2_1                            61    1106.784     34.126    sg13g2_stdcell_fast_1p32V_m40C                      fast 
sg13g2_nand2_1                           10      72.576      1.635    sg13g2_stdcell_fast_1p32V_m40C                      fast 
sg13g2_nand2_2                            2      21.773      0.720    sg13g2_stdcell_fast_1p32V_m40C                      fast 
sg13g2_nand2b_1                           5      45.360      1.330    sg13g2_stdcell_fast_1p32V_m40C                      fast 
sg13g2_nand3_1                            2      18.144      0.687    sg13g2_stdcell_fast_1p32V_m40C                      fast 
sg13g2_nand4_1                            2      21.773      0.555    sg13g2_stdcell_fast_1p32V_m40C                      fast 
sg13g2_nor2_1                             1       7.258      0.157    sg13g2_stdcell_fast_1p32V_m40C                      fast 
sg13g2_nor2b_1                            9      81.648      2.735    sg13g2_stdcell_fast_1p32V_m40C                      fast 
sg13g2_nor3_1                             1       9.072      0.335    sg13g2_stdcell_fast_1p32V_m40C                      fast 
sg13g2_nor4_2                             2      43.546      1.321    sg13g2_stdcell_fast_1p32V_m40C                      fast 
sg13g2_o21ai_1                            4      36.288      1.881    sg13g2_stdcell_fast_1p32V_m40C                      fast 
sg13g2_or2_1                              1       9.072      0.238    sg13g2_stdcell_fast_1p32V_m40C                      fast 
sg13g2_xnor2_1                           14     203.213      6.452    sg13g2_stdcell_fast_1p32V_m40C                      fast 
sg13g2_xor2_1                            10     145.152      4.025    sg13g2_stdcell_fast_1p32V_m40C                      fast 
-------------------------------------------------------------------------------------------------------------------------------
total                                   235  269548.792   1944.365                                                     


                                                                                    Leakage  Leakage 
                     Library                     Instances Instances %    Area    Power (nW) Power % 
-----------------------------------------------------------------------------------------------------
RM_IHPSG13_2P_1024x32_c2_bm_bist_fast_1p32V_m55C         1         0.4 264167.281   1806.828    92.9 
sg13g2_stdcell_fast_1p32V_m40C                         234        99.6   5381.510    137.537     7.1 

                                             Leakage  Leakage 
     Type      Instances    Area    Area % Power (nW) Power % 
--------------------------------------------------------------
timing_model           1 264167.281   98.0   1806.828    92.9 
sequential            60   2948.400    1.1     66.642     3.4 
inverter              11     72.576    0.0      2.162     0.1 
buffer                33    471.744    0.2     10.591     0.5 
logic                130   1888.790    0.7     58.142     3.0 
physical_cells         0      0.000    0.0      0.000     0.0 
--------------------------------------------------------------
total                235 269548.792  100.0   1944.365   100.0 

