============================================================
  Generated by:           Genus(TM) Synthesis Solution 23.10-p004_1
  Generated on:           Feb 13 2026  07:56:25 pm
  Module:                 inst_mem
  Library domain:         slow
    Domain index:         0
    Technology libraries: RM_IHPSG13_2P_1024x32_c2_bm_bist_slow_1p08V_125C 1.0.0
                          sg13g2_io_slow_1p08V_3p0V_125C $Revision: 0.0.1 $
                          sg13g2_io_slow_1p35V_3p0V_125C $Revision: 0.0.1 $
                          sg13g2_stdcell_slow_1p08V_125C $Revision: 0.1.3 $
                          sg13g2_stdcell_slow_1p35V_125C $Revision: 0.1.3 $
                          physical_cells 
  Library domain:         typ
    Domain index:         1
    Technology libraries: RM_IHPSG13_2P_1024x32_c2_bm_bist_typ_1p20V_25C 1.0.0
                          sg13g2_io_typ_1p2V_3p3V_25C $Revision: 0.0.1 $
                          sg13g2_io_typ_1p5V_3p3V_25C $Revision: 0.0.1 $
                          sg13g2_stdcell_typ_1p20V_25C $Revision: 0.1.3 $
                          sg13g2_stdcell_typ_1p50V_25C $Revision: 0.1.3 $
                          physical_cells 
  Library domain:         fast
    Domain index:         2
    Technology libraries: RM_IHPSG13_2P_1024x32_c2_bm_bist_fast_1p32V_m55C 1.0.0
                          sg13g2_io_fast_1p32V_3p6V_m40C $Revision: 0.0.1 $
                          sg13g2_io_fast_1p65V_3p6V_m40C $Revision: 0.0.1 $
                          sg13g2_stdcell_fast_1p32V_m40C $Revision: 0.1.3 $
                          sg13g2_stdcell_fast_1p65V_m40C $Revision: 0.1.3 $
                          physical_cells 
  Operating conditions:   slow_1p08V_125C 
  Operating conditions:   typ_1p20V_25C 
  Operating conditions:   fast_1p32V_m55C 
  Interconnect mode:      global
  Area mode:              physical library
============================================================

             Pin                                     Type                    Fanout Load Slew Delay Arrival   
                                                    (Domain)                        (fF) (ps)  (ps)   (ps)    
--------------------------------------------------------------------------------------------------------------
(clock VCLK)                         launch                                                               0 R 
u_ram_macro/A_CLK                                                                           0    +0       0 R 
u_ram_macro/A_DOUT[0]                RM_IHPSG13_2P_1024x32_c2_bm_bist(slow)       1  1.9   60 +7407    7407 R 
Instruction_Code[0]             <<<  interconnect                                          60    +0    7407 R 
                                     out port                                                    +0    7407 R 
(constraints.sdc_line_19_175_1)      ext delay                                                +2000    9407 R 
- - - - - - - - - - - - - - - - - - - - - - - - - - - - - - - - - - - - - - - - - - - - - - - - - - - - - - - 
(clock VCLK)                         capture                                                          10000 R 
                                     uncertainty                                               -100    9900 R 
--------------------------------------------------------------------------------------------------------------
Cost Group   : 'VCLK' (path_group 'VCLK')
Timing slack :     493ps 
Start-point  : u_ram_macro/A_CLK
End-point    : Instruction_Code[0]

