123. Printing statistics.

=== soc_ctrl_slave ===

   Number of wires:                775
   Number of wire bits:           1278
   Number of public wires:          60
   Number of public wire bits:     527
   Number of ports:                 46
   Number of port bits:            366
   Number of memories:               0
   Number of memory bits:            0
   Number of processes:              0
   Number of cells:                917
     $_ANDNOT_                     370
     $_AND_                         10
     $_MUX_                         85
     $_NAND_                        27
     $_NOR_                          5
     $_NOT_                         24
     $_ORNOT_                       22
     $_OR_                         215
     $_XNOR_                         1
     $_XOR_                         30
     sky130_fd_sc_hd__dfrtp_2      128

   Area for cell type $_NOT_ is unknown!
   Area for cell type $_AND_ is unknown!
   Area for cell type $_NAND_ is unknown!
   Area for cell type $_OR_ is unknown!
   Area for cell type $_NOR_ is unknown!
   Area for cell type $_XOR_ is unknown!
   Area for cell type $_XNOR_ is unknown!
   Area for cell type $_ANDNOT_ is unknown!
   Area for cell type $_ORNOT_ is unknown!
   Area for cell type $_MUX_ is unknown!

   Chip area for module '\soc_ctrl_slave': 3363.225600
     of which used for sequential elements: 3363.225600 (100.00%)

