
 /----------------------------------------------------------------------------\
 |  yosys -- Yosys Open SYnthesis Suite                                       |
 |  Copyright (C) 2012 - 2024  Claire Xenia Wolf <claire@yosyshq.com>         |
 |  Distributed under an ISC-like license, type "license" to see terms        |
 \----------------------------------------------------------------------------/
 Yosys 0.46 (git sha1 e97731b9dda91fa5fa53ed87df7c34163ba59a41, clang++ 17.0.6 -fPIC -O3)
Loaded SDC plugin

1. Executing Verilog-2005 frontend: /home/chithang/pdop2/jtag/runs/run1/tmp/0352e23f80db4cff90eb5be1a0df9c9c.bb.v
Parsing SystemVerilog input from `/home/chithang/pdop2/jtag/runs/run1/tmp/0352e23f80db4cff90eb5be1a0df9c9c.bb.v' to AST representation.
Generating RTLIL representation for module `\sky130_ef_sc_hd__decap_12'.
Generating RTLIL representation for module `\sky130_ef_sc_hd__fill_12'.
Generating RTLIL representation for module `\sky130_ef_sc_hd__fill_4'.
Generating RTLIL representation for module `\sky130_ef_sc_hd__fill_8'.
Generating RTLIL representation for module `\sky130_fd_sc_hd__a2111o_1'.
Generating RTLIL representation for module `\sky130_fd_sc_hd__a2111o_2'.
Generating RTLIL representation for module `\sky130_fd_sc_hd__a2111o_4'.
Generating RTLIL representation for module `\sky130_fd_sc_hd__a2111oi_0'.
Generating RTLIL representation for module `\sky130_fd_sc_hd__a2111oi_1'.
Generating RTLIL representation for module `\sky130_fd_sc_hd__a2111oi_2'.
Generating RTLIL representation for module `\sky130_fd_sc_hd__a2111oi_4'.
Generating RTLIL representation for module `\sky130_fd_sc_hd__a211o_1'.
Generating RTLIL representation for module `\sky130_fd_sc_hd__a211o_2'.
Generating RTLIL representation for module `\sky130_fd_sc_hd__a211o_4'.
Generating RTLIL representation for module `\sky130_fd_sc_hd__a211oi_1'.
Generating RTLIL representation for module `\sky130_fd_sc_hd__a211oi_2'.
Generating RTLIL representation for module `\sky130_fd_sc_hd__a211oi_4'.
Generating RTLIL representation for module `\sky130_fd_sc_hd__a21bo_1'.
Generating RTLIL representation for module `\sky130_fd_sc_hd__a21bo_2'.
Generating RTLIL representation for module `\sky130_fd_sc_hd__a21bo_4'.
Generating RTLIL representation for module `\sky130_fd_sc_hd__a21boi_0'.
Generating RTLIL representation for module `\sky130_fd_sc_hd__a21boi_1'.
Generating RTLIL representation for module `\sky130_fd_sc_hd__a21boi_2'.
Generating RTLIL representation for module `\sky130_fd_sc_hd__a21boi_4'.
Generating RTLIL representation for module `\sky130_fd_sc_hd__a21o_1'.
Generating RTLIL representation for module `\sky130_fd_sc_hd__a21o_2'.
Generating RTLIL representation for module `\sky130_fd_sc_hd__a21o_4'.
Generating RTLIL representation for module `\sky130_fd_sc_hd__a21oi_1'.
Generating RTLIL representation for module `\sky130_fd_sc_hd__a21oi_2'.
Generating RTLIL representation for module `\sky130_fd_sc_hd__a21oi_4'.
Generating RTLIL representation for module `\sky130_fd_sc_hd__a221o_1'.
Generating RTLIL representation for module `\sky130_fd_sc_hd__a221o_2'.
Generating RTLIL representation for module `\sky130_fd_sc_hd__a221o_4'.
Generating RTLIL representation for module `\sky130_fd_sc_hd__a221oi_1'.
Generating RTLIL representation for module `\sky130_fd_sc_hd__a221oi_2'.
Generating RTLIL representation for module `\sky130_fd_sc_hd__a221oi_4'.
Generating RTLIL representation for module `\sky130_fd_sc_hd__a222oi_1'.
Generating RTLIL representation for module `\sky130_fd_sc_hd__a22o_1'.
Generating RTLIL representation for module `\sky130_fd_sc_hd__a22o_2'.
Generating RTLIL representation for module `\sky130_fd_sc_hd__a22o_4'.
Generating RTLIL representation for module `\sky130_fd_sc_hd__a22oi_1'.
Generating RTLIL representation for module `\sky130_fd_sc_hd__a22oi_2'.
Generating RTLIL representation for module `\sky130_fd_sc_hd__a22oi_4'.
Generating RTLIL representation for module `\sky130_fd_sc_hd__a2bb2o_1'.
Generating RTLIL representation for module `\sky130_fd_sc_hd__a2bb2o_2'.
Generating RTLIL representation for module `\sky130_fd_sc_hd__a2bb2o_4'.
Generating RTLIL representation for module `\sky130_fd_sc_hd__a2bb2oi_1'.
Generating RTLIL representation for module `\sky130_fd_sc_hd__a2bb2oi_2'.
Generating RTLIL representation for module `\sky130_fd_sc_hd__a2bb2oi_4'.
Generating RTLIL representation for module `\sky130_fd_sc_hd__a311o_1'.
Generating RTLIL representation for module `\sky130_fd_sc_hd__a311o_2'.
Generating RTLIL representation for module `\sky130_fd_sc_hd__a311o_4'.
Generating RTLIL representation for module `\sky130_fd_sc_hd__a311oi_1'.
Generating RTLIL representation for module `\sky130_fd_sc_hd__a311oi_2'.
Generating RTLIL representation for module `\sky130_fd_sc_hd__a311oi_4'.
Generating RTLIL representation for module `\sky130_fd_sc_hd__a31o_1'.
Generating RTLIL representation for module `\sky130_fd_sc_hd__a31o_2'.
Generating RTLIL representation for module `\sky130_fd_sc_hd__a31o_4'.
Generating RTLIL representation for module `\sky130_fd_sc_hd__a31oi_1'.
Generating RTLIL representation for module `\sky130_fd_sc_hd__a31oi_2'.
Generating RTLIL representation for module `\sky130_fd_sc_hd__a31oi_4'.
Generating RTLIL representation for module `\sky130_fd_sc_hd__a32o_1'.
Generating RTLIL representation for module `\sky130_fd_sc_hd__a32o_2'.
Generating RTLIL representation for module `\sky130_fd_sc_hd__a32o_4'.
Generating RTLIL representation for module `\sky130_fd_sc_hd__a32oi_1'.
Generating RTLIL representation for module `\sky130_fd_sc_hd__a32oi_2'.
Generating RTLIL representation for module `\sky130_fd_sc_hd__a32oi_4'.
Generating RTLIL representation for module `\sky130_fd_sc_hd__a41o_1'.
Generating RTLIL representation for module `\sky130_fd_sc_hd__a41o_2'.
Generating RTLIL representation for module `\sky130_fd_sc_hd__a41o_4'.
Generating RTLIL representation for module `\sky130_fd_sc_hd__a41oi_1'.
Generating RTLIL representation for module `\sky130_fd_sc_hd__a41oi_2'.
Generating RTLIL representation for module `\sky130_fd_sc_hd__a41oi_4'.
Generating RTLIL representation for module `\sky130_fd_sc_hd__and2_0'.
Generating RTLIL representation for module `\sky130_fd_sc_hd__and2_1'.
Generating RTLIL representation for module `\sky130_fd_sc_hd__and2_2'.
Generating RTLIL representation for module `\sky130_fd_sc_hd__and2_4'.
Generating RTLIL representation for module `\sky130_fd_sc_hd__and2b_1'.
Generating RTLIL representation for module `\sky130_fd_sc_hd__and2b_2'.
Generating RTLIL representation for module `\sky130_fd_sc_hd__and2b_4'.
Generating RTLIL representation for module `\sky130_fd_sc_hd__and3_1'.
Generating RTLIL representation for module `\sky130_fd_sc_hd__and3_2'.
Generating RTLIL representation for module `\sky130_fd_sc_hd__and3_4'.
Generating RTLIL representation for module `\sky130_fd_sc_hd__and3b_1'.
Generating RTLIL representation for module `\sky130_fd_sc_hd__and3b_2'.
Generating RTLIL representation for module `\sky130_fd_sc_hd__and3b_4'.
Generating RTLIL representation for module `\sky130_fd_sc_hd__and4_1'.
Generating RTLIL representation for module `\sky130_fd_sc_hd__and4_2'.
Generating RTLIL representation for module `\sky130_fd_sc_hd__and4_4'.
Generating RTLIL representation for module `\sky130_fd_sc_hd__and4b_1'.
Generating RTLIL representation for module `\sky130_fd_sc_hd__and4b_2'.
Generating RTLIL representation for module `\sky130_fd_sc_hd__and4b_4'.
Generating RTLIL representation for module `\sky130_fd_sc_hd__and4bb_1'.
Generating RTLIL representation for module `\sky130_fd_sc_hd__and4bb_2'.
Generating RTLIL representation for module `\sky130_fd_sc_hd__and4bb_4'.
Generating RTLIL representation for module `\sky130_fd_sc_hd__buf_1'.
Generating RTLIL representation for module `\sky130_fd_sc_hd__buf_12'.
Generating RTLIL representation for module `\sky130_fd_sc_hd__buf_16'.
Generating RTLIL representation for module `\sky130_fd_sc_hd__buf_2'.
Generating RTLIL representation for module `\sky130_fd_sc_hd__buf_4'.
Generating RTLIL representation for module `\sky130_fd_sc_hd__buf_6'.
Generating RTLIL representation for module `\sky130_fd_sc_hd__buf_8'.
Generating RTLIL representation for module `\sky130_fd_sc_hd__bufbuf_16'.
Generating RTLIL representation for module `\sky130_fd_sc_hd__bufbuf_8'.
Generating RTLIL representation for module `\sky130_fd_sc_hd__bufinv_16'.
Generating RTLIL representation for module `\sky130_fd_sc_hd__bufinv_8'.
Generating RTLIL representation for module `\sky130_fd_sc_hd__clkbuf_1'.
Generating RTLIL representation for module `\sky130_fd_sc_hd__clkbuf_16'.
Generating RTLIL representation for module `\sky130_fd_sc_hd__clkbuf_2'.
Generating RTLIL representation for module `\sky130_fd_sc_hd__clkbuf_4'.
Generating RTLIL representation for module `\sky130_fd_sc_hd__clkbuf_8'.
Generating RTLIL representation for module `\sky130_fd_sc_hd__clkdlybuf4s15_1'.
Generating RTLIL representation for module `\sky130_fd_sc_hd__clkdlybuf4s15_2'.
Generating RTLIL representation for module `\sky130_fd_sc_hd__clkdlybuf4s18_1'.
Generating RTLIL representation for module `\sky130_fd_sc_hd__clkdlybuf4s18_2'.
Generating RTLIL representation for module `\sky130_fd_sc_hd__clkdlybuf4s25_1'.
Generating RTLIL representation for module `\sky130_fd_sc_hd__clkdlybuf4s25_2'.
Generating RTLIL representation for module `\sky130_fd_sc_hd__clkdlybuf4s50_1'.
Generating RTLIL representation for module `\sky130_fd_sc_hd__clkdlybuf4s50_2'.
Generating RTLIL representation for module `\sky130_fd_sc_hd__clkinv_1'.
Generating RTLIL representation for module `\sky130_fd_sc_hd__clkinv_16'.
Generating RTLIL representation for module `\sky130_fd_sc_hd__clkinv_2'.
Generating RTLIL representation for module `\sky130_fd_sc_hd__clkinv_4'.
Generating RTLIL representation for module `\sky130_fd_sc_hd__clkinv_8'.
Generating RTLIL representation for module `\sky130_fd_sc_hd__clkinvlp_2'.
Generating RTLIL representation for module `\sky130_fd_sc_hd__clkinvlp_4'.
Generating RTLIL representation for module `\sky130_fd_sc_hd__conb_1'.
Generating RTLIL representation for module `\sky130_fd_sc_hd__decap_12'.
Generating RTLIL representation for module `\sky130_fd_sc_hd__decap_3'.
Generating RTLIL representation for module `\sky130_fd_sc_hd__decap_4'.
Generating RTLIL representation for module `\sky130_fd_sc_hd__decap_6'.
Generating RTLIL representation for module `\sky130_fd_sc_hd__decap_8'.
Generating RTLIL representation for module `\sky130_fd_sc_hd__dfbbn_1'.
Generating RTLIL representation for module `\sky130_fd_sc_hd__dfbbn_2'.
Generating RTLIL representation for module `\sky130_fd_sc_hd__dfbbp_1'.
Generating RTLIL representation for module `\sky130_fd_sc_hd__dfrbp_1'.
Generating RTLIL representation for module `\sky130_fd_sc_hd__dfrbp_2'.
Generating RTLIL representation for module `\sky130_fd_sc_hd__dfrtn_1'.
Generating RTLIL representation for module `\sky130_fd_sc_hd__dfrtp_1'.
Generating RTLIL representation for module `\sky130_fd_sc_hd__dfrtp_2'.
Generating RTLIL representation for module `\sky130_fd_sc_hd__dfrtp_4'.
Generating RTLIL representation for module `\sky130_fd_sc_hd__dfsbp_1'.
Generating RTLIL representation for module `\sky130_fd_sc_hd__dfsbp_2'.
Generating RTLIL representation for module `\sky130_fd_sc_hd__dfstp_1'.
Generating RTLIL representation for module `\sky130_fd_sc_hd__dfstp_2'.
Generating RTLIL representation for module `\sky130_fd_sc_hd__dfstp_4'.
Generating RTLIL representation for module `\sky130_fd_sc_hd__dfxbp_1'.
Generating RTLIL representation for module `\sky130_fd_sc_hd__dfxbp_2'.
Generating RTLIL representation for module `\sky130_fd_sc_hd__dfxtp_1'.
Generating RTLIL representation for module `\sky130_fd_sc_hd__dfxtp_2'.
Generating RTLIL representation for module `\sky130_fd_sc_hd__dfxtp_4'.
Generating RTLIL representation for module `\sky130_fd_sc_hd__diode_2'.
Generating RTLIL representation for module `\sky130_fd_sc_hd__dlclkp_1'.
Generating RTLIL representation for module `\sky130_fd_sc_hd__dlclkp_2'.
Generating RTLIL representation for module `\sky130_fd_sc_hd__dlclkp_4'.
Generating RTLIL representation for module `\sky130_fd_sc_hd__dlrbn_1'.
Generating RTLIL representation for module `\sky130_fd_sc_hd__dlrbn_2'.
Generating RTLIL representation for module `\sky130_fd_sc_hd__dlrbp_1'.
Generating RTLIL representation for module `\sky130_fd_sc_hd__dlrbp_2'.
Generating RTLIL representation for module `\sky130_fd_sc_hd__dlrtn_1'.
Generating RTLIL representation for module `\sky130_fd_sc_hd__dlrtn_2'.
Generating RTLIL representation for module `\sky130_fd_sc_hd__dlrtn_4'.
Generating RTLIL representation for module `\sky130_fd_sc_hd__dlrtp_1'.
Generating RTLIL representation for module `\sky130_fd_sc_hd__dlrtp_2'.
Generating RTLIL representation for module `\sky130_fd_sc_hd__dlrtp_4'.
Generating RTLIL representation for module `\sky130_fd_sc_hd__dlxbn_1'.
Generating RTLIL representation for module `\sky130_fd_sc_hd__dlxbn_2'.
Generating RTLIL representation for module `\sky130_fd_sc_hd__dlxbp_1'.
Generating RTLIL representation for module `\sky130_fd_sc_hd__dlxtn_1'.
Generating RTLIL representation for module `\sky130_fd_sc_hd__dlxtn_2'.
Generating RTLIL representation for module `\sky130_fd_sc_hd__dlxtn_4'.
Generating RTLIL representation for module `\sky130_fd_sc_hd__dlxtp_1'.
Generating RTLIL representation for module `\sky130_fd_sc_hd__dlygate4sd1_1'.
Generating RTLIL representation for module `\sky130_fd_sc_hd__dlygate4sd2_1'.
Generating RTLIL representation for module `\sky130_fd_sc_hd__dlygate4sd3_1'.
Generating RTLIL representation for module `\sky130_fd_sc_hd__dlymetal6s2s_1'.
Generating RTLIL representation for module `\sky130_fd_sc_hd__dlymetal6s4s_1'.
Generating RTLIL representation for module `\sky130_fd_sc_hd__dlymetal6s6s_1'.
Generating RTLIL representation for module `\sky130_fd_sc_hd__ebufn_1'.
Generating RTLIL representation for module `\sky130_fd_sc_hd__ebufn_2'.
Generating RTLIL representation for module `\sky130_fd_sc_hd__ebufn_4'.
Generating RTLIL representation for module `\sky130_fd_sc_hd__ebufn_8'.
Generating RTLIL representation for module `\sky130_fd_sc_hd__edfxbp_1'.
Generating RTLIL representation for module `\sky130_fd_sc_hd__edfxtp_1'.
Generating RTLIL representation for module `\sky130_fd_sc_hd__einvn_0'.
Generating RTLIL representation for module `\sky130_fd_sc_hd__einvn_1'.
Generating RTLIL representation for module `\sky130_fd_sc_hd__einvn_2'.
Generating RTLIL representation for module `\sky130_fd_sc_hd__einvn_4'.
Generating RTLIL representation for module `\sky130_fd_sc_hd__einvn_8'.
Generating RTLIL representation for module `\sky130_fd_sc_hd__einvp_1'.
Generating RTLIL representation for module `\sky130_fd_sc_hd__einvp_2'.
Generating RTLIL representation for module `\sky130_fd_sc_hd__einvp_4'.
Generating RTLIL representation for module `\sky130_fd_sc_hd__einvp_8'.
Generating RTLIL representation for module `\sky130_fd_sc_hd__fa_1'.
Generating RTLIL representation for module `\sky130_fd_sc_hd__fa_2'.
Generating RTLIL representation for module `\sky130_fd_sc_hd__fa_4'.
Generating RTLIL representation for module `\sky130_fd_sc_hd__fah_1'.
Generating RTLIL representation for module `\sky130_fd_sc_hd__fahcin_1'.
Generating RTLIL representation for module `\sky130_fd_sc_hd__fahcon_1'.
Generating RTLIL representation for module `\sky130_fd_sc_hd__fill_1'.
Generating RTLIL representation for module `\sky130_fd_sc_hd__fill_2'.
Generating RTLIL representation for module `\sky130_fd_sc_hd__fill_4'.
Generating RTLIL representation for module `\sky130_fd_sc_hd__fill_8'.
Generating RTLIL representation for module `\sky130_fd_sc_hd__ha_1'.
Generating RTLIL representation for module `\sky130_fd_sc_hd__ha_2'.
Generating RTLIL representation for module `\sky130_fd_sc_hd__ha_4'.
Generating RTLIL representation for module `\sky130_fd_sc_hd__inv_1'.
Generating RTLIL representation for module `\sky130_fd_sc_hd__inv_12'.
Generating RTLIL representation for module `\sky130_fd_sc_hd__inv_16'.
Generating RTLIL representation for module `\sky130_fd_sc_hd__inv_2'.
Generating RTLIL representation for module `\sky130_fd_sc_hd__inv_4'.
Generating RTLIL representation for module `\sky130_fd_sc_hd__inv_6'.
Generating RTLIL representation for module `\sky130_fd_sc_hd__inv_8'.
Generating RTLIL representation for module `\sky130_fd_sc_hd__lpflow_bleeder_1'.
Generating RTLIL representation for module `\sky130_fd_sc_hd__lpflow_clkbufkapwr_1'.
Generating RTLIL representation for module `\sky130_fd_sc_hd__lpflow_clkbufkapwr_16'.
Generating RTLIL representation for module `\sky130_fd_sc_hd__lpflow_clkbufkapwr_2'.
Generating RTLIL representation for module `\sky130_fd_sc_hd__lpflow_clkbufkapwr_4'.
Generating RTLIL representation for module `\sky130_fd_sc_hd__lpflow_clkbufkapwr_8'.
Generating RTLIL representation for module `\sky130_fd_sc_hd__lpflow_clkinvkapwr_1'.
Generating RTLIL representation for module `\sky130_fd_sc_hd__lpflow_clkinvkapwr_16'.
Generating RTLIL representation for module `\sky130_fd_sc_hd__lpflow_clkinvkapwr_2'.
Generating RTLIL representation for module `\sky130_fd_sc_hd__lpflow_clkinvkapwr_4'.
Generating RTLIL representation for module `\sky130_fd_sc_hd__lpflow_clkinvkapwr_8'.
Generating RTLIL representation for module `\sky130_fd_sc_hd__lpflow_decapkapwr_12'.
Generating RTLIL representation for module `\sky130_fd_sc_hd__lpflow_decapkapwr_3'.
Generating RTLIL representation for module `\sky130_fd_sc_hd__lpflow_decapkapwr_4'.
Generating RTLIL representation for module `\sky130_fd_sc_hd__lpflow_decapkapwr_6'.
Generating RTLIL representation for module `\sky130_fd_sc_hd__lpflow_decapkapwr_8'.
Generating RTLIL representation for module `\sky130_fd_sc_hd__lpflow_inputiso0n_1'.
Generating RTLIL representation for module `\sky130_fd_sc_hd__lpflow_inputiso0p_1'.
Generating RTLIL representation for module `\sky130_fd_sc_hd__lpflow_inputiso1n_1'.
Generating RTLIL representation for module `\sky130_fd_sc_hd__lpflow_inputiso1p_1'.
Generating RTLIL representation for module `\sky130_fd_sc_hd__lpflow_inputisolatch_1'.
Generating RTLIL representation for module `\sky130_fd_sc_hd__lpflow_isobufsrc_1'.
Generating RTLIL representation for module `\sky130_fd_sc_hd__lpflow_isobufsrc_16'.
Generating RTLIL representation for module `\sky130_fd_sc_hd__lpflow_isobufsrc_2'.
Generating RTLIL representation for module `\sky130_fd_sc_hd__lpflow_isobufsrc_4'.
Generating RTLIL representation for module `\sky130_fd_sc_hd__lpflow_isobufsrc_8'.
Generating RTLIL representation for module `\sky130_fd_sc_hd__lpflow_isobufsrckapwr_16'.
Generating RTLIL representation for module `\sky130_fd_sc_hd__lpflow_lsbuf_lh_hl_isowell_tap_1'.
Generating RTLIL representation for module `\sky130_fd_sc_hd__lpflow_lsbuf_lh_hl_isowell_tap_2'.
Generating RTLIL representation for module `\sky130_fd_sc_hd__lpflow_lsbuf_lh_hl_isowell_tap_4'.
Generating RTLIL representation for module `\sky130_fd_sc_hd__lpflow_lsbuf_lh_isowell_4'.
Generating RTLIL representation for module `\sky130_fd_sc_hd__lpflow_lsbuf_lh_isowell_tap_1'.
Generating RTLIL representation for module `\sky130_fd_sc_hd__lpflow_lsbuf_lh_isowell_tap_2'.
Generating RTLIL representation for module `\sky130_fd_sc_hd__lpflow_lsbuf_lh_isowell_tap_4'.
Generating RTLIL representation for module `\sky130_fd_sc_hd__macro_sparecell'.
Generating RTLIL representation for module `\sky130_fd_sc_hd__maj3_1'.
Generating RTLIL representation for module `\sky130_fd_sc_hd__maj3_2'.
Generating RTLIL representation for module `\sky130_fd_sc_hd__maj3_4'.
Generating RTLIL representation for module `\sky130_fd_sc_hd__mux2_1'.
Generating RTLIL representation for module `\sky130_fd_sc_hd__mux2_2'.
Generating RTLIL representation for module `\sky130_fd_sc_hd__mux2_4'.
Generating RTLIL representation for module `\sky130_fd_sc_hd__mux2_8'.
Generating RTLIL representation for module `\sky130_fd_sc_hd__mux2i_1'.
Generating RTLIL representation for module `\sky130_fd_sc_hd__mux2i_2'.
Generating RTLIL representation for module `\sky130_fd_sc_hd__mux2i_4'.
Generating RTLIL representation for module `\sky130_fd_sc_hd__mux4_1'.
Generating RTLIL representation for module `\sky130_fd_sc_hd__mux4_2'.
Generating RTLIL representation for module `\sky130_fd_sc_hd__mux4_4'.
Generating RTLIL representation for module `\sky130_fd_sc_hd__nand2_1'.
Generating RTLIL representation for module `\sky130_fd_sc_hd__nand2_2'.
Generating RTLIL representation for module `\sky130_fd_sc_hd__nand2_4'.
Generating RTLIL representation for module `\sky130_fd_sc_hd__nand2_8'.
Generating RTLIL representation for module `\sky130_fd_sc_hd__nand2b_1'.
Generating RTLIL representation for module `\sky130_fd_sc_hd__nand2b_2'.
Generating RTLIL representation for module `\sky130_fd_sc_hd__nand2b_4'.
Generating RTLIL representation for module `\sky130_fd_sc_hd__nand3_1'.
Generating RTLIL representation for module `\sky130_fd_sc_hd__nand3_2'.
Generating RTLIL representation for module `\sky130_fd_sc_hd__nand3_4'.
Generating RTLIL representation for module `\sky130_fd_sc_hd__nand3b_1'.
Generating RTLIL representation for module `\sky130_fd_sc_hd__nand3b_2'.
Generating RTLIL representation for module `\sky130_fd_sc_hd__nand3b_4'.
Generating RTLIL representation for module `\sky130_fd_sc_hd__nand4_1'.
Generating RTLIL representation for module `\sky130_fd_sc_hd__nand4_2'.
Generating RTLIL representation for module `\sky130_fd_sc_hd__nand4_4'.
Generating RTLIL representation for module `\sky130_fd_sc_hd__nand4b_1'.
Generating RTLIL representation for module `\sky130_fd_sc_hd__nand4b_2'.
Generating RTLIL representation for module `\sky130_fd_sc_hd__nand4b_4'.
Generating RTLIL representation for module `\sky130_fd_sc_hd__nand4bb_1'.
Generating RTLIL representation for module `\sky130_fd_sc_hd__nand4bb_2'.
Generating RTLIL representation for module `\sky130_fd_sc_hd__nand4bb_4'.
Generating RTLIL representation for module `\sky130_fd_sc_hd__nor2_1'.
Generating RTLIL representation for module `\sky130_fd_sc_hd__nor2_2'.
Generating RTLIL representation for module `\sky130_fd_sc_hd__nor2_4'.
Generating RTLIL representation for module `\sky130_fd_sc_hd__nor2_8'.
Generating RTLIL representation for module `\sky130_fd_sc_hd__nor2b_1'.
Generating RTLIL representation for module `\sky130_fd_sc_hd__nor2b_2'.
Generating RTLIL representation for module `\sky130_fd_sc_hd__nor2b_4'.
Generating RTLIL representation for module `\sky130_fd_sc_hd__nor3_1'.
Generating RTLIL representation for module `\sky130_fd_sc_hd__nor3_2'.
Generating RTLIL representation for module `\sky130_fd_sc_hd__nor3_4'.
Generating RTLIL representation for module `\sky130_fd_sc_hd__nor3b_1'.
Generating RTLIL representation for module `\sky130_fd_sc_hd__nor3b_2'.
Generating RTLIL representation for module `\sky130_fd_sc_hd__nor3b_4'.
Generating RTLIL representation for module `\sky130_fd_sc_hd__nor4_1'.
Generating RTLIL representation for module `\sky130_fd_sc_hd__nor4_2'.
Generating RTLIL representation for module `\sky130_fd_sc_hd__nor4_4'.
Generating RTLIL representation for module `\sky130_fd_sc_hd__nor4b_1'.
Generating RTLIL representation for module `\sky130_fd_sc_hd__nor4b_2'.
Generating RTLIL representation for module `\sky130_fd_sc_hd__nor4b_4'.
Generating RTLIL representation for module `\sky130_fd_sc_hd__nor4bb_1'.
Generating RTLIL representation for module `\sky130_fd_sc_hd__nor4bb_2'.
Generating RTLIL representation for module `\sky130_fd_sc_hd__nor4bb_4'.
Generating RTLIL representation for module `\sky130_fd_sc_hd__o2111a_1'.
Generating RTLIL representation for module `\sky130_fd_sc_hd__o2111a_2'.
Generating RTLIL representation for module `\sky130_fd_sc_hd__o2111a_4'.
Generating RTLIL representation for module `\sky130_fd_sc_hd__o2111ai_1'.
Generating RTLIL representation for module `\sky130_fd_sc_hd__o2111ai_2'.
Generating RTLIL representation for module `\sky130_fd_sc_hd__o2111ai_4'.
Generating RTLIL representation for module `\sky130_fd_sc_hd__o211a_1'.
Generating RTLIL representation for module `\sky130_fd_sc_hd__o211a_2'.
Generating RTLIL representation for module `\sky130_fd_sc_hd__o211a_4'.
Generating RTLIL representation for module `\sky130_fd_sc_hd__o211ai_1'.
Generating RTLIL representation for module `\sky130_fd_sc_hd__o211ai_2'.
Generating RTLIL representation for module `\sky130_fd_sc_hd__o211ai_4'.
Generating RTLIL representation for module `\sky130_fd_sc_hd__o21a_1'.
Generating RTLIL representation for module `\sky130_fd_sc_hd__o21a_2'.
Generating RTLIL representation for module `\sky130_fd_sc_hd__o21a_4'.
Generating RTLIL representation for module `\sky130_fd_sc_hd__o21ai_0'.
Generating RTLIL representation for module `\sky130_fd_sc_hd__o21ai_1'.
Generating RTLIL representation for module `\sky130_fd_sc_hd__o21ai_2'.
Generating RTLIL representation for module `\sky130_fd_sc_hd__o21ai_4'.
Generating RTLIL representation for module `\sky130_fd_sc_hd__o21ba_1'.
Generating RTLIL representation for module `\sky130_fd_sc_hd__o21ba_2'.
Generating RTLIL representation for module `\sky130_fd_sc_hd__o21ba_4'.
Generating RTLIL representation for module `\sky130_fd_sc_hd__o21bai_1'.
Generating RTLIL representation for module `\sky130_fd_sc_hd__o21bai_2'.
Generating RTLIL representation for module `\sky130_fd_sc_hd__o21bai_4'.
Generating RTLIL representation for module `\sky130_fd_sc_hd__o221a_1'.
Generating RTLIL representation for module `\sky130_fd_sc_hd__o221a_2'.
Generating RTLIL representation for module `\sky130_fd_sc_hd__o221a_4'.
Generating RTLIL representation for module `\sky130_fd_sc_hd__o221ai_1'.
Generating RTLIL representation for module `\sky130_fd_sc_hd__o221ai_2'.
Generating RTLIL representation for module `\sky130_fd_sc_hd__o221ai_4'.
Generating RTLIL representation for module `\sky130_fd_sc_hd__o22a_1'.
Generating RTLIL representation for module `\sky130_fd_sc_hd__o22a_2'.
Generating RTLIL representation for module `\sky130_fd_sc_hd__o22a_4'.
Generating RTLIL representation for module `\sky130_fd_sc_hd__o22ai_1'.
Generating RTLIL representation for module `\sky130_fd_sc_hd__o22ai_2'.
Generating RTLIL representation for module `\sky130_fd_sc_hd__o22ai_4'.
Generating RTLIL representation for module `\sky130_fd_sc_hd__o2bb2a_1'.
Generating RTLIL representation for module `\sky130_fd_sc_hd__o2bb2a_2'.
Generating RTLIL representation for module `\sky130_fd_sc_hd__o2bb2a_4'.
Generating RTLIL representation for module `\sky130_fd_sc_hd__o2bb2ai_1'.
Generating RTLIL representation for module `\sky130_fd_sc_hd__o2bb2ai_2'.
Generating RTLIL representation for module `\sky130_fd_sc_hd__o2bb2ai_4'.
Generating RTLIL representation for module `\sky130_fd_sc_hd__o311a_1'.
Generating RTLIL representation for module `\sky130_fd_sc_hd__o311a_2'.
Generating RTLIL representation for module `\sky130_fd_sc_hd__o311a_4'.
Generating RTLIL representation for module `\sky130_fd_sc_hd__o311ai_0'.
Generating RTLIL representation for module `\sky130_fd_sc_hd__o311ai_1'.
Generating RTLIL representation for module `\sky130_fd_sc_hd__o311ai_2'.
Generating RTLIL representation for module `\sky130_fd_sc_hd__o311ai_4'.
Generating RTLIL representation for module `\sky130_fd_sc_hd__o31a_1'.
Generating RTLIL representation for module `\sky130_fd_sc_hd__o31a_2'.
Generating RTLIL representation for module `\sky130_fd_sc_hd__o31a_4'.
Generating RTLIL representation for module `\sky130_fd_sc_hd__o31ai_1'.
Generating RTLIL representation for module `\sky130_fd_sc_hd__o31ai_2'.
Generating RTLIL representation for module `\sky130_fd_sc_hd__o31ai_4'.
Generating RTLIL representation for module `\sky130_fd_sc_hd__o32a_1'.
Generating RTLIL representation for module `\sky130_fd_sc_hd__o32a_2'.
Generating RTLIL representation for module `\sky130_fd_sc_hd__o32a_4'.
Generating RTLIL representation for module `\sky130_fd_sc_hd__o32ai_1'.
Generating RTLIL representation for module `\sky130_fd_sc_hd__o32ai_2'.
Generating RTLIL representation for module `\sky130_fd_sc_hd__o32ai_4'.
Generating RTLIL representation for module `\sky130_fd_sc_hd__o41a_1'.
Generating RTLIL representation for module `\sky130_fd_sc_hd__o41a_2'.
Generating RTLIL representation for module `\sky130_fd_sc_hd__o41a_4'.
Generating RTLIL representation for module `\sky130_fd_sc_hd__o41ai_1'.
Generating RTLIL representation for module `\sky130_fd_sc_hd__o41ai_2'.
Generating RTLIL representation for module `\sky130_fd_sc_hd__o41ai_4'.
Generating RTLIL representation for module `\sky130_fd_sc_hd__or2_0'.
Generating RTLIL representation for module `\sky130_fd_sc_hd__or2_1'.
Generating RTLIL representation for module `\sky130_fd_sc_hd__or2_2'.
Generating RTLIL representation for module `\sky130_fd_sc_hd__or2_4'.
Generating RTLIL representation for module `\sky130_fd_sc_hd__or2b_1'.
Generating RTLIL representation for module `\sky130_fd_sc_hd__or2b_2'.
Generating RTLIL representation for module `\sky130_fd_sc_hd__or2b_4'.
Generating RTLIL representation for module `\sky130_fd_sc_hd__or3_1'.
Generating RTLIL representation for module `\sky130_fd_sc_hd__or3_2'.
Generating RTLIL representation for module `\sky130_fd_sc_hd__or3_4'.
Generating RTLIL representation for module `\sky130_fd_sc_hd__or3b_1'.
Generating RTLIL representation for module `\sky130_fd_sc_hd__or3b_2'.
Generating RTLIL representation for module `\sky130_fd_sc_hd__or3b_4'.
Generating RTLIL representation for module `\sky130_fd_sc_hd__or4_1'.
Generating RTLIL representation for module `\sky130_fd_sc_hd__or4_2'.
Generating RTLIL representation for module `\sky130_fd_sc_hd__or4_4'.
Generating RTLIL representation for module `\sky130_fd_sc_hd__or4b_1'.
Generating RTLIL representation for module `\sky130_fd_sc_hd__or4b_2'.
Generating RTLIL representation for module `\sky130_fd_sc_hd__or4b_4'.
Generating RTLIL representation for module `\sky130_fd_sc_hd__or4bb_1'.
Generating RTLIL representation for module `\sky130_fd_sc_hd__or4bb_2'.
Generating RTLIL representation for module `\sky130_fd_sc_hd__or4bb_4'.
Generating RTLIL representation for module `\sky130_fd_sc_hd__probe_p_8'.
Generating RTLIL representation for module `\sky130_fd_sc_hd__probec_p_8'.
Generating RTLIL representation for module `\sky130_fd_sc_hd__sdfbbn_1'.
Generating RTLIL representation for module `\sky130_fd_sc_hd__sdfbbn_2'.
Generating RTLIL representation for module `\sky130_fd_sc_hd__sdfbbp_1'.
Generating RTLIL representation for module `\sky130_fd_sc_hd__sdfrbp_1'.
Generating RTLIL representation for module `\sky130_fd_sc_hd__sdfrbp_2'.
Generating RTLIL representation for module `\sky130_fd_sc_hd__sdfrtn_1'.
Generating RTLIL representation for module `\sky130_fd_sc_hd__sdfrtp_1'.
Generating RTLIL representation for module `\sky130_fd_sc_hd__sdfrtp_2'.
Generating RTLIL representation for module `\sky130_fd_sc_hd__sdfrtp_4'.
Generating RTLIL representation for module `\sky130_fd_sc_hd__sdfsbp_1'.
Generating RTLIL representation for module `\sky130_fd_sc_hd__sdfsbp_2'.
Generating RTLIL representation for module `\sky130_fd_sc_hd__sdfstp_1'.
Generating RTLIL representation for module `\sky130_fd_sc_hd__sdfstp_2'.
Generating RTLIL representation for module `\sky130_fd_sc_hd__sdfstp_4'.
Generating RTLIL representation for module `\sky130_fd_sc_hd__sdfxbp_1'.
Generating RTLIL representation for module `\sky130_fd_sc_hd__sdfxbp_2'.
Generating RTLIL representation for module `\sky130_fd_sc_hd__sdfxtp_1'.
Generating RTLIL representation for module `\sky130_fd_sc_hd__sdfxtp_2'.
Generating RTLIL representation for module `\sky130_fd_sc_hd__sdfxtp_4'.
Generating RTLIL representation for module `\sky130_fd_sc_hd__sdlclkp_1'.
Generating RTLIL representation for module `\sky130_fd_sc_hd__sdlclkp_2'.
Generating RTLIL representation for module `\sky130_fd_sc_hd__sdlclkp_4'.
Generating RTLIL representation for module `\sky130_fd_sc_hd__sedfxbp_1'.
Generating RTLIL representation for module `\sky130_fd_sc_hd__sedfxbp_2'.
Generating RTLIL representation for module `\sky130_fd_sc_hd__sedfxtp_1'.
Generating RTLIL representation for module `\sky130_fd_sc_hd__sedfxtp_2'.
Generating RTLIL representation for module `\sky130_fd_sc_hd__sedfxtp_4'.
Generating RTLIL representation for module `\sky130_fd_sc_hd__tap_1'.
Generating RTLIL representation for module `\sky130_fd_sc_hd__tap_2'.
Generating RTLIL representation for module `\sky130_fd_sc_hd__tapvgnd2_1'.
Generating RTLIL representation for module `\sky130_fd_sc_hd__tapvgnd_1'.
Generating RTLIL representation for module `\sky130_fd_sc_hd__tapvpwrvgnd_1'.
Generating RTLIL representation for module `\sky130_fd_sc_hd__xnor2_1'.
Generating RTLIL representation for module `\sky130_fd_sc_hd__xnor2_2'.
Generating RTLIL representation for module `\sky130_fd_sc_hd__xnor2_4'.
Generating RTLIL representation for module `\sky130_fd_sc_hd__xnor3_1'.
Generating RTLIL representation for module `\sky130_fd_sc_hd__xnor3_2'.
Generating RTLIL representation for module `\sky130_fd_sc_hd__xnor3_4'.
Generating RTLIL representation for module `\sky130_fd_sc_hd__xor2_1'.
Generating RTLIL representation for module `\sky130_fd_sc_hd__xor2_2'.
Generating RTLIL representation for module `\sky130_fd_sc_hd__xor2_4'.
Generating RTLIL representation for module `\sky130_fd_sc_hd__xor3_1'.
Generating RTLIL representation for module `\sky130_fd_sc_hd__xor3_2'.
Generating RTLIL representation for module `\sky130_fd_sc_hd__xor3_4'.
Successfully finished Verilog frontend.

2. Executing Verilog-2005 frontend: /home/chithang/pdop2/jtag/src/jtag_tap.v
Parsing SystemVerilog input from `/home/chithang/pdop2/jtag/src/jtag_tap.v' to AST representation.
Storing AST representation for module `$abstract\jtag_tap'.
Successfully finished Verilog frontend.

3. Executing Verilog-2005 frontend: /home/chithang/pdop2/jtag/src/jtag_dtm.v
Parsing SystemVerilog input from `/home/chithang/pdop2/jtag/src/jtag_dtm.v' to AST representation.
Storing AST representation for module `$abstract\jtag_dtm'.
Successfully finished Verilog frontend.

4. Executing Verilog-2005 frontend: /home/chithang/pdop2/jtag/src/riscv_dm.v
Parsing SystemVerilog input from `/home/chithang/pdop2/jtag/src/riscv_dm.v' to AST representation.
Storing AST representation for module `$abstract\riscv_dm'.
Successfully finished Verilog frontend.

5. Executing Verilog-2005 frontend: /home/chithang/pdop2/jtag/src/jtag_debug_top.v
Parsing SystemVerilog input from `/home/chithang/pdop2/jtag/src/jtag_debug_top.v' to AST representation.
Storing AST representation for module `$abstract\jtag_debug_top'.
Successfully finished Verilog frontend.

6. Executing HIERARCHY pass (managing design hierarchy).

7. Executing AST frontend in derive mode using pre-parsed AST for module `\jtag_debug_top'.
Generating RTLIL representation for module `\jtag_debug_top'.

7.1. Analyzing design hierarchy..
Top module:  \jtag_debug_top
Parameter \ADDR_WIDTH = 32
Parameter \DATA_WIDTH = 32
Parameter \ID_WIDTH = 4
Parameter \ABITS = 7

7.2. Executing AST frontend in derive mode using pre-parsed AST for module `\riscv_dm'.
Parameter \ADDR_WIDTH = 32
Parameter \DATA_WIDTH = 32
Parameter \ID_WIDTH = 4
Parameter \ABITS = 7
Generating RTLIL representation for module `$paramod$41749710e50f90686946fefb8a9826a9afab44e0\riscv_dm'.
Parameter \IDCODE_VAL = 32'11011110101011010000000000000001
Parameter \ABITS = 7

7.3. Executing AST frontend in derive mode using pre-parsed AST for module `\jtag_dtm'.
Parameter \IDCODE_VAL = 32'11011110101011010000000000000001
Parameter \ABITS = 7
Generating RTLIL representation for module `$paramod$dbadc8f742082e46e20ccd5d4561fe7267138b06\jtag_dtm'.

7.4. Analyzing design hierarchy..
Top module:  \jtag_debug_top
Used module:     $paramod$41749710e50f90686946fefb8a9826a9afab44e0\riscv_dm
Used module:     $paramod$dbadc8f742082e46e20ccd5d4561fe7267138b06\jtag_dtm
Parameter \IR_LEN = 5
Parameter \IDCODE = 32'11011110101011010000000000000001

7.5. Executing AST frontend in derive mode using pre-parsed AST for module `\jtag_tap'.
Parameter \IR_LEN = 5
Parameter \IDCODE = 32'11011110101011010000000000000001
Generating RTLIL representation for module `$paramod$30688eff6c5661142fa1787c9dbc02399534d95a\jtag_tap'.

7.6. Analyzing design hierarchy..
Top module:  \jtag_debug_top
Used module:     $paramod$41749710e50f90686946fefb8a9826a9afab44e0\riscv_dm
Used module:     $paramod$dbadc8f742082e46e20ccd5d4561fe7267138b06\jtag_dtm
Used module:         $paramod$30688eff6c5661142fa1787c9dbc02399534d95a\jtag_tap

7.7. Analyzing design hierarchy..
Top module:  \jtag_debug_top
Used module:     $paramod$41749710e50f90686946fefb8a9826a9afab44e0\riscv_dm
Used module:     $paramod$dbadc8f742082e46e20ccd5d4561fe7267138b06\jtag_dtm
Used module:         $paramod$30688eff6c5661142fa1787c9dbc02399534d95a\jtag_tap
Removing unused module `$abstract\jtag_debug_top'.
Removing unused module `$abstract\riscv_dm'.
Removing unused module `$abstract\jtag_dtm'.
Removing unused module `$abstract\jtag_tap'.
Removed 4 unused modules.
Renaming module jtag_debug_top to jtag_debug_top.

8. Executing PROC pass (convert processes to netlists).

8.1. Executing PROC_CLEAN pass (remove empty switches from decision trees).
Cleaned up 0 empty switches.

8.2. Executing PROC_RMDEAD pass (remove dead branches from decision trees).
Marked 2 switch rules as full_case in process $proc$/home/chithang/pdop2/jtag/src/jtag_dtm.v:144$32 in module $paramod$dbadc8f742082e46e20ccd5d4561fe7267138b06\jtag_dtm.
Marked 1 switch rules as full_case in process $proc$/home/chithang/pdop2/jtag/src/jtag_dtm.v:118$27 in module $paramod$dbadc8f742082e46e20ccd5d4561fe7267138b06\jtag_dtm.
Marked 1 switch rules as full_case in process $proc$/home/chithang/pdop2/jtag/src/jtag_dtm.v:67$23 in module $paramod$dbadc8f742082e46e20ccd5d4561fe7267138b06\jtag_dtm.
Marked 4 switch rules as full_case in process $proc$/home/chithang/pdop2/jtag/src/riscv_dm.v:155$3 in module $paramod$41749710e50f90686946fefb8a9826a9afab44e0\riscv_dm.
Marked 2 switch rules as full_case in process $proc$/home/chithang/pdop2/jtag/src/jtag_tap.v:119$63 in module $paramod$30688eff6c5661142fa1787c9dbc02399534d95a\jtag_tap.
Removed 1 dead cases from process $proc$/home/chithang/pdop2/jtag/src/jtag_tap.v:62$40 in module $paramod$30688eff6c5661142fa1787c9dbc02399534d95a\jtag_tap.
Marked 1 switch rules as full_case in process $proc$/home/chithang/pdop2/jtag/src/jtag_tap.v:62$40 in module $paramod$30688eff6c5661142fa1787c9dbc02399534d95a\jtag_tap.
Removed a total of 1 dead cases.

8.3. Executing PROC_PRUNE pass (remove redundant assignments in processes).
Removed 4 redundant assignments.
Promoted 5 assignments to connections.

8.4. Executing PROC_INIT pass (extract init attributes).

8.5. Executing PROC_ARST pass (detect async resets in processes).
Found async reset \rst_n in `$paramod$dbadc8f742082e46e20ccd5d4561fe7267138b06\jtag_dtm.$proc$/home/chithang/pdop2/jtag/src/jtag_dtm.v:144$32'.
Found async reset \rst_n in `$paramod$dbadc8f742082e46e20ccd5d4561fe7267138b06\jtag_dtm.$proc$/home/chithang/pdop2/jtag/src/jtag_dtm.v:118$27'.
Found async reset \rst_n in `$paramod$41749710e50f90686946fefb8a9826a9afab44e0\riscv_dm.$proc$/home/chithang/pdop2/jtag/src/riscv_dm.v:155$3'.

8.6. Executing PROC_ROM pass (convert switches to ROMs).
Converted 0 switches.
<suppressed ~26 debug messages>

8.7. Executing PROC_MUX pass (convert decision trees to multiplexers).
Creating decoders for process `$paramod$dbadc8f742082e46e20ccd5d4561fe7267138b06\jtag_dtm.$proc$/home/chithang/pdop2/jtag/src/jtag_dtm.v:144$32'.
     1/5: $0\dmi_pending[0:0]
     2/5: $0\dmi_req_valid[0:0]
     3/5: $0\dmi_op[1:0]
     4/5: $0\dmi_data_wr[31:0]
     5/5: $0\dmi_addr[6:0]
Creating decoders for process `$paramod$dbadc8f742082e46e20ccd5d4561fe7267138b06\jtag_dtm.$proc$/home/chithang/pdop2/jtag/src/jtag_dtm.v:132$29'.
     1/3: $0\dmi_op_lat[1:0]
     2/3: $0\dmi_data_lat[31:0]
     3/3: $0\dmi_addr_lat[6:0]
Creating decoders for process `$paramod$dbadc8f742082e46e20ccd5d4561fe7267138b06\jtag_dtm.$proc$/home/chithang/pdop2/jtag/src/jtag_dtm.v:118$27'.
     1/1: $0\dmi_update_sync[1:0]
Creating decoders for process `$paramod$dbadc8f742082e46e20ccd5d4561fe7267138b06\jtag_dtm.$proc$/home/chithang/pdop2/jtag/src/jtag_dtm.v:115$24'.
Creating decoders for process `$paramod$dbadc8f742082e46e20ccd5d4561fe7267138b06\jtag_dtm.$proc$/home/chithang/pdop2/jtag/src/jtag_dtm.v:67$23'.
     1/2: $1\dr_cap[40:0]
     2/2: $1\dr_len[5:0]
Creating decoders for process `$paramod$41749710e50f90686946fefb8a9826a9afab44e0\riscv_dm.$proc$/home/chithang/pdop2/jtag/src/riscv_dm.v:155$3'.
     1/27: $0\dmi_rsp_valid[0:0]
     2/27: $0\resumereq_r[0:0]
     3/27: $0\sba_state[2:0]
     4/27: $0\abs_cmd_r[31:0]
     5/27: $0\abs_state[1:0]
     6/27: $0\sberror[2:0]
     7/27: $0\sb_busy[0:0]
     8/27: $0\sb_readonaddr[0:0]
     9/27: $0\sbdata0[31:0]
    10/27: $0\sbaddress0[31:0]
    11/27: $0\abstract_busy[0:0]
    12/27: $0\cmderr[2:0]
    13/27: $0\data0[31:0]
    14/27: $0\haltreq_r[0:0]
    15/27: $0\ndmreset_r[0:0]
    16/27: $0\dm_active[0:0]
    17/27: $0\m_axi_wvalid[0:0]
    18/27: $0\m_axi_wdata[31:0]
    19/27: $0\m_axi_awvalid[0:0]
    20/27: $0\m_axi_awaddr[31:0]
    21/27: $0\m_axi_awid[3:0]
    22/27: $0\m_axi_arvalid[0:0]
    23/27: $0\m_axi_araddr[31:0]
    24/27: $0\m_axi_arid[3:0]
    25/27: $0\dmi_rsp_op[1:0]
    26/27: $0\dmi_data_rd[31:0]
    27/27: $0\dmi_req_ready[0:0]
Creating decoders for process `$paramod$30688eff6c5661142fa1787c9dbc02399534d95a\jtag_tap.$proc$/home/chithang/pdop2/jtag/src/jtag_tap.v:119$63'.
     1/1: $0\tdo[0:0]
Creating decoders for process `$paramod$30688eff6c5661142fa1787c9dbc02399534d95a\jtag_tap.$proc$/home/chithang/pdop2/jtag/src/jtag_tap.v:104$59'.
     1/2: $0\dr_update_reg[40:0]
     2/2: $0\dr_shift[40:0]
Creating decoders for process `$paramod$30688eff6c5661142fa1787c9dbc02399534d95a\jtag_tap.$proc$/home/chithang/pdop2/jtag/src/jtag_tap.v:91$58'.
     1/2: $0\ir_shift[4:0]
     2/2: $0\ir_reg[4:0]
Creating decoders for process `$paramod$30688eff6c5661142fa1787c9dbc02399534d95a\jtag_tap.$proc$/home/chithang/pdop2/jtag/src/jtag_tap.v:85$57'.
Creating decoders for process `$paramod$30688eff6c5661142fa1787c9dbc02399534d95a\jtag_tap.$proc$/home/chithang/pdop2/jtag/src/jtag_tap.v:62$40'.
     1/1: $1\next_state[3:0]

8.8. Executing PROC_DLATCH pass (convert process syncs to latches).
No latch inferred for signal `$paramod$dbadc8f742082e46e20ccd5d4561fe7267138b06\jtag_dtm.\dr_len' from process `$paramod$dbadc8f742082e46e20ccd5d4561fe7267138b06\jtag_dtm.$proc$/home/chithang/pdop2/jtag/src/jtag_dtm.v:67$23'.
No latch inferred for signal `$paramod$dbadc8f742082e46e20ccd5d4561fe7267138b06\jtag_dtm.\dr_cap' from process `$paramod$dbadc8f742082e46e20ccd5d4561fe7267138b06\jtag_dtm.$proc$/home/chithang/pdop2/jtag/src/jtag_dtm.v:67$23'.
No latch inferred for signal `$paramod$30688eff6c5661142fa1787c9dbc02399534d95a\jtag_tap.\next_state' from process `$paramod$30688eff6c5661142fa1787c9dbc02399534d95a\jtag_tap.$proc$/home/chithang/pdop2/jtag/src/jtag_tap.v:62$40'.

8.9. Executing PROC_DFF pass (convert process syncs to FFs).
Creating register for signal `$paramod$dbadc8f742082e46e20ccd5d4561fe7267138b06\jtag_dtm.\dmi_addr' using process `$paramod$dbadc8f742082e46e20ccd5d4561fe7267138b06\jtag_dtm.$proc$/home/chithang/pdop2/jtag/src/jtag_dtm.v:144$32'.
  created $dff cell `$procdff$449' with positive edge clock.
Creating register for signal `$paramod$dbadc8f742082e46e20ccd5d4561fe7267138b06\jtag_dtm.\dmi_data_wr' using process `$paramod$dbadc8f742082e46e20ccd5d4561fe7267138b06\jtag_dtm.$proc$/home/chithang/pdop2/jtag/src/jtag_dtm.v:144$32'.
  created $dff cell `$procdff$456' with positive edge clock.
Creating register for signal `$paramod$dbadc8f742082e46e20ccd5d4561fe7267138b06\jtag_dtm.\dmi_op' using process `$paramod$dbadc8f742082e46e20ccd5d4561fe7267138b06\jtag_dtm.$proc$/home/chithang/pdop2/jtag/src/jtag_dtm.v:144$32'.
  created $dff cell `$procdff$463' with positive edge clock.
Creating register for signal `$paramod$dbadc8f742082e46e20ccd5d4561fe7267138b06\jtag_dtm.\dmi_req_valid' using process `$paramod$dbadc8f742082e46e20ccd5d4561fe7267138b06\jtag_dtm.$proc$/home/chithang/pdop2/jtag/src/jtag_dtm.v:144$32'.
  created $adff cell `$procdff$468' with positive edge clock and positive level reset.
Creating register for signal `$paramod$dbadc8f742082e46e20ccd5d4561fe7267138b06\jtag_dtm.\dmi_pending' using process `$paramod$dbadc8f742082e46e20ccd5d4561fe7267138b06\jtag_dtm.$proc$/home/chithang/pdop2/jtag/src/jtag_dtm.v:144$32'.
  created $adff cell `$procdff$473' with positive edge clock and positive level reset.
Creating register for signal `$paramod$dbadc8f742082e46e20ccd5d4561fe7267138b06\jtag_dtm.\dmi_addr_lat' using process `$paramod$dbadc8f742082e46e20ccd5d4561fe7267138b06\jtag_dtm.$proc$/home/chithang/pdop2/jtag/src/jtag_dtm.v:132$29'.
  created $dff cell `$procdff$474' with positive edge clock.
Creating register for signal `$paramod$dbadc8f742082e46e20ccd5d4561fe7267138b06\jtag_dtm.\dmi_data_lat' using process `$paramod$dbadc8f742082e46e20ccd5d4561fe7267138b06\jtag_dtm.$proc$/home/chithang/pdop2/jtag/src/jtag_dtm.v:132$29'.
  created $dff cell `$procdff$475' with positive edge clock.
Creating register for signal `$paramod$dbadc8f742082e46e20ccd5d4561fe7267138b06\jtag_dtm.\dmi_op_lat' using process `$paramod$dbadc8f742082e46e20ccd5d4561fe7267138b06\jtag_dtm.$proc$/home/chithang/pdop2/jtag/src/jtag_dtm.v:132$29'.
  created $dff cell `$procdff$476' with positive edge clock.
Creating register for signal `$paramod$dbadc8f742082e46e20ccd5d4561fe7267138b06\jtag_dtm.\dmi_update_sync' using process `$paramod$dbadc8f742082e46e20ccd5d4561fe7267138b06\jtag_dtm.$proc$/home/chithang/pdop2/jtag/src/jtag_dtm.v:118$27'.
  created $adff cell `$procdff$481' with positive edge clock and positive level reset.
Creating register for signal `$paramod$dbadc8f742082e46e20ccd5d4561fe7267138b06\jtag_dtm.\dmi_update_tck' using process `$paramod$dbadc8f742082e46e20ccd5d4561fe7267138b06\jtag_dtm.$proc$/home/chithang/pdop2/jtag/src/jtag_dtm.v:115$24'.
  created $dff cell `$procdff$482' with positive edge clock.
Creating register for signal `$paramod$41749710e50f90686946fefb8a9826a9afab44e0\riscv_dm.\dmi_req_ready' using process `$paramod$41749710e50f90686946fefb8a9826a9afab44e0\riscv_dm.$proc$/home/chithang/pdop2/jtag/src/riscv_dm.v:155$3'.
  created $adff cell `$procdff$487' with positive edge clock and positive level reset.
Creating register for signal `$paramod$41749710e50f90686946fefb8a9826a9afab44e0\riscv_dm.\dmi_data_rd' using process `$paramod$41749710e50f90686946fefb8a9826a9afab44e0\riscv_dm.$proc$/home/chithang/pdop2/jtag/src/riscv_dm.v:155$3'.
  created $adff cell `$procdff$492' with positive edge clock and positive level reset.
Creating register for signal `$paramod$41749710e50f90686946fefb8a9826a9afab44e0\riscv_dm.\dmi_rsp_op' using process `$paramod$41749710e50f90686946fefb8a9826a9afab44e0\riscv_dm.$proc$/home/chithang/pdop2/jtag/src/riscv_dm.v:155$3'.
  created $adff cell `$procdff$497' with positive edge clock and positive level reset.
Creating register for signal `$paramod$41749710e50f90686946fefb8a9826a9afab44e0\riscv_dm.\dmi_rsp_valid' using process `$paramod$41749710e50f90686946fefb8a9826a9afab44e0\riscv_dm.$proc$/home/chithang/pdop2/jtag/src/riscv_dm.v:155$3'.
  created $adff cell `$procdff$502' with positive edge clock and positive level reset.
Creating register for signal `$paramod$41749710e50f90686946fefb8a9826a9afab44e0\riscv_dm.\m_axi_arid' using process `$paramod$41749710e50f90686946fefb8a9826a9afab44e0\riscv_dm.$proc$/home/chithang/pdop2/jtag/src/riscv_dm.v:155$3'.
  created $dff cell `$procdff$509' with positive edge clock.
Creating register for signal `$paramod$41749710e50f90686946fefb8a9826a9afab44e0\riscv_dm.\m_axi_araddr' using process `$paramod$41749710e50f90686946fefb8a9826a9afab44e0\riscv_dm.$proc$/home/chithang/pdop2/jtag/src/riscv_dm.v:155$3'.
  created $dff cell `$procdff$516' with positive edge clock.
Creating register for signal `$paramod$41749710e50f90686946fefb8a9826a9afab44e0\riscv_dm.\m_axi_arvalid' using process `$paramod$41749710e50f90686946fefb8a9826a9afab44e0\riscv_dm.$proc$/home/chithang/pdop2/jtag/src/riscv_dm.v:155$3'.
  created $adff cell `$procdff$521' with positive edge clock and positive level reset.
Creating register for signal `$paramod$41749710e50f90686946fefb8a9826a9afab44e0\riscv_dm.\m_axi_awid' using process `$paramod$41749710e50f90686946fefb8a9826a9afab44e0\riscv_dm.$proc$/home/chithang/pdop2/jtag/src/riscv_dm.v:155$3'.
  created $dff cell `$procdff$528' with positive edge clock.
Creating register for signal `$paramod$41749710e50f90686946fefb8a9826a9afab44e0\riscv_dm.\m_axi_awaddr' using process `$paramod$41749710e50f90686946fefb8a9826a9afab44e0\riscv_dm.$proc$/home/chithang/pdop2/jtag/src/riscv_dm.v:155$3'.
  created $dff cell `$procdff$535' with positive edge clock.
Creating register for signal `$paramod$41749710e50f90686946fefb8a9826a9afab44e0\riscv_dm.\m_axi_awvalid' using process `$paramod$41749710e50f90686946fefb8a9826a9afab44e0\riscv_dm.$proc$/home/chithang/pdop2/jtag/src/riscv_dm.v:155$3'.
  created $adff cell `$procdff$540' with positive edge clock and positive level reset.
Creating register for signal `$paramod$41749710e50f90686946fefb8a9826a9afab44e0\riscv_dm.\m_axi_wdata' using process `$paramod$41749710e50f90686946fefb8a9826a9afab44e0\riscv_dm.$proc$/home/chithang/pdop2/jtag/src/riscv_dm.v:155$3'.
  created $dff cell `$procdff$547' with positive edge clock.
Creating register for signal `$paramod$41749710e50f90686946fefb8a9826a9afab44e0\riscv_dm.\m_axi_wvalid' using process `$paramod$41749710e50f90686946fefb8a9826a9afab44e0\riscv_dm.$proc$/home/chithang/pdop2/jtag/src/riscv_dm.v:155$3'.
  created $adff cell `$procdff$552' with positive edge clock and positive level reset.
Creating register for signal `$paramod$41749710e50f90686946fefb8a9826a9afab44e0\riscv_dm.\dm_active' using process `$paramod$41749710e50f90686946fefb8a9826a9afab44e0\riscv_dm.$proc$/home/chithang/pdop2/jtag/src/riscv_dm.v:155$3'.
  created $adff cell `$procdff$557' with positive edge clock and positive level reset.
Creating register for signal `$paramod$41749710e50f90686946fefb8a9826a9afab44e0\riscv_dm.\ndmreset_r' using process `$paramod$41749710e50f90686946fefb8a9826a9afab44e0\riscv_dm.$proc$/home/chithang/pdop2/jtag/src/riscv_dm.v:155$3'.
  created $adff cell `$procdff$562' with positive edge clock and positive level reset.
Creating register for signal `$paramod$41749710e50f90686946fefb8a9826a9afab44e0\riscv_dm.\haltreq_r' using process `$paramod$41749710e50f90686946fefb8a9826a9afab44e0\riscv_dm.$proc$/home/chithang/pdop2/jtag/src/riscv_dm.v:155$3'.
  created $adff cell `$procdff$567' with positive edge clock and positive level reset.
Creating register for signal `$paramod$41749710e50f90686946fefb8a9826a9afab44e0\riscv_dm.\resumereq_r' using process `$paramod$41749710e50f90686946fefb8a9826a9afab44e0\riscv_dm.$proc$/home/chithang/pdop2/jtag/src/riscv_dm.v:155$3'.
  created $adff cell `$procdff$572' with positive edge clock and positive level reset.
Creating register for signal `$paramod$41749710e50f90686946fefb8a9826a9afab44e0\riscv_dm.\data0' using process `$paramod$41749710e50f90686946fefb8a9826a9afab44e0\riscv_dm.$proc$/home/chithang/pdop2/jtag/src/riscv_dm.v:155$3'.
  created $adff cell `$procdff$577' with positive edge clock and positive level reset.
Creating register for signal `$paramod$41749710e50f90686946fefb8a9826a9afab44e0\riscv_dm.\cmderr' using process `$paramod$41749710e50f90686946fefb8a9826a9afab44e0\riscv_dm.$proc$/home/chithang/pdop2/jtag/src/riscv_dm.v:155$3'.
  created $adff cell `$procdff$582' with positive edge clock and positive level reset.
Creating register for signal `$paramod$41749710e50f90686946fefb8a9826a9afab44e0\riscv_dm.\abstract_busy' using process `$paramod$41749710e50f90686946fefb8a9826a9afab44e0\riscv_dm.$proc$/home/chithang/pdop2/jtag/src/riscv_dm.v:155$3'.
  created $adff cell `$procdff$587' with positive edge clock and positive level reset.
Creating register for signal `$paramod$41749710e50f90686946fefb8a9826a9afab44e0\riscv_dm.\sbaddress0' using process `$paramod$41749710e50f90686946fefb8a9826a9afab44e0\riscv_dm.$proc$/home/chithang/pdop2/jtag/src/riscv_dm.v:155$3'.
  created $adff cell `$procdff$592' with positive edge clock and positive level reset.
Creating register for signal `$paramod$41749710e50f90686946fefb8a9826a9afab44e0\riscv_dm.\sbdata0' using process `$paramod$41749710e50f90686946fefb8a9826a9afab44e0\riscv_dm.$proc$/home/chithang/pdop2/jtag/src/riscv_dm.v:155$3'.
  created $adff cell `$procdff$597' with positive edge clock and positive level reset.
Creating register for signal `$paramod$41749710e50f90686946fefb8a9826a9afab44e0\riscv_dm.\sb_readonaddr' using process `$paramod$41749710e50f90686946fefb8a9826a9afab44e0\riscv_dm.$proc$/home/chithang/pdop2/jtag/src/riscv_dm.v:155$3'.
  created $adff cell `$procdff$602' with positive edge clock and positive level reset.
Creating register for signal `$paramod$41749710e50f90686946fefb8a9826a9afab44e0\riscv_dm.\sb_busy' using process `$paramod$41749710e50f90686946fefb8a9826a9afab44e0\riscv_dm.$proc$/home/chithang/pdop2/jtag/src/riscv_dm.v:155$3'.
  created $adff cell `$procdff$607' with positive edge clock and positive level reset.
Creating register for signal `$paramod$41749710e50f90686946fefb8a9826a9afab44e0\riscv_dm.\sberror' using process `$paramod$41749710e50f90686946fefb8a9826a9afab44e0\riscv_dm.$proc$/home/chithang/pdop2/jtag/src/riscv_dm.v:155$3'.
  created $adff cell `$procdff$612' with positive edge clock and positive level reset.
Creating register for signal `$paramod$41749710e50f90686946fefb8a9826a9afab44e0\riscv_dm.\abs_state' using process `$paramod$41749710e50f90686946fefb8a9826a9afab44e0\riscv_dm.$proc$/home/chithang/pdop2/jtag/src/riscv_dm.v:155$3'.
  created $adff cell `$procdff$617' with positive edge clock and positive level reset.
Creating register for signal `$paramod$41749710e50f90686946fefb8a9826a9afab44e0\riscv_dm.\abs_cmd_r' using process `$paramod$41749710e50f90686946fefb8a9826a9afab44e0\riscv_dm.$proc$/home/chithang/pdop2/jtag/src/riscv_dm.v:155$3'.
  created $dff cell `$procdff$624' with positive edge clock.
Creating register for signal `$paramod$41749710e50f90686946fefb8a9826a9afab44e0\riscv_dm.\sba_state' using process `$paramod$41749710e50f90686946fefb8a9826a9afab44e0\riscv_dm.$proc$/home/chithang/pdop2/jtag/src/riscv_dm.v:155$3'.
  created $adff cell `$procdff$629' with positive edge clock and positive level reset.
Creating register for signal `$paramod$30688eff6c5661142fa1787c9dbc02399534d95a\jtag_tap.\tdo' using process `$paramod$30688eff6c5661142fa1787c9dbc02399534d95a\jtag_tap.$proc$/home/chithang/pdop2/jtag/src/jtag_tap.v:119$63'.
  created $dff cell `$procdff$630' with negative edge clock.
Creating register for signal `$paramod$30688eff6c5661142fa1787c9dbc02399534d95a\jtag_tap.\dr_shift' using process `$paramod$30688eff6c5661142fa1787c9dbc02399534d95a\jtag_tap.$proc$/home/chithang/pdop2/jtag/src/jtag_tap.v:104$59'.
  created $dff cell `$procdff$631' with positive edge clock.
Creating register for signal `$paramod$30688eff6c5661142fa1787c9dbc02399534d95a\jtag_tap.\dr_update_reg' using process `$paramod$30688eff6c5661142fa1787c9dbc02399534d95a\jtag_tap.$proc$/home/chithang/pdop2/jtag/src/jtag_tap.v:104$59'.
  created $dff cell `$procdff$632' with positive edge clock.
Creating register for signal `$paramod$30688eff6c5661142fa1787c9dbc02399534d95a\jtag_tap.\ir_reg' using process `$paramod$30688eff6c5661142fa1787c9dbc02399534d95a\jtag_tap.$proc$/home/chithang/pdop2/jtag/src/jtag_tap.v:91$58'.
  created $dff cell `$procdff$633' with positive edge clock.
Creating register for signal `$paramod$30688eff6c5661142fa1787c9dbc02399534d95a\jtag_tap.\ir_shift' using process `$paramod$30688eff6c5661142fa1787c9dbc02399534d95a\jtag_tap.$proc$/home/chithang/pdop2/jtag/src/jtag_tap.v:91$58'.
  created $dff cell `$procdff$634' with positive edge clock.
Creating register for signal `$paramod$30688eff6c5661142fa1787c9dbc02399534d95a\jtag_tap.\state' using process `$paramod$30688eff6c5661142fa1787c9dbc02399534d95a\jtag_tap.$proc$/home/chithang/pdop2/jtag/src/jtag_tap.v:85$57'.
  created $dff cell `$procdff$635' with positive edge clock.

8.10. Executing PROC_MEMWR pass (convert process memory writes to cells).

8.11. Executing PROC_CLEAN pass (remove empty switches from decision trees).
Found and cleaned up 3 empty switches in `$paramod$dbadc8f742082e46e20ccd5d4561fe7267138b06\jtag_dtm.$proc$/home/chithang/pdop2/jtag/src/jtag_dtm.v:144$32'.
Removing empty process `$paramod$dbadc8f742082e46e20ccd5d4561fe7267138b06\jtag_dtm.$proc$/home/chithang/pdop2/jtag/src/jtag_dtm.v:144$32'.
Found and cleaned up 1 empty switch in `$paramod$dbadc8f742082e46e20ccd5d4561fe7267138b06\jtag_dtm.$proc$/home/chithang/pdop2/jtag/src/jtag_dtm.v:132$29'.
Removing empty process `$paramod$dbadc8f742082e46e20ccd5d4561fe7267138b06\jtag_dtm.$proc$/home/chithang/pdop2/jtag/src/jtag_dtm.v:132$29'.
Removing empty process `$paramod$dbadc8f742082e46e20ccd5d4561fe7267138b06\jtag_dtm.$proc$/home/chithang/pdop2/jtag/src/jtag_dtm.v:118$27'.
Removing empty process `$paramod$dbadc8f742082e46e20ccd5d4561fe7267138b06\jtag_dtm.$proc$/home/chithang/pdop2/jtag/src/jtag_dtm.v:115$24'.
Found and cleaned up 1 empty switch in `$paramod$dbadc8f742082e46e20ccd5d4561fe7267138b06\jtag_dtm.$proc$/home/chithang/pdop2/jtag/src/jtag_dtm.v:67$23'.
Removing empty process `$paramod$dbadc8f742082e46e20ccd5d4561fe7267138b06\jtag_dtm.$proc$/home/chithang/pdop2/jtag/src/jtag_dtm.v:67$23'.
Found and cleaned up 16 empty switches in `$paramod$41749710e50f90686946fefb8a9826a9afab44e0\riscv_dm.$proc$/home/chithang/pdop2/jtag/src/riscv_dm.v:155$3'.
Removing empty process `$paramod$41749710e50f90686946fefb8a9826a9afab44e0\riscv_dm.$proc$/home/chithang/pdop2/jtag/src/riscv_dm.v:155$3'.
Found and cleaned up 2 empty switches in `$paramod$30688eff6c5661142fa1787c9dbc02399534d95a\jtag_tap.$proc$/home/chithang/pdop2/jtag/src/jtag_tap.v:119$63'.
Removing empty process `$paramod$30688eff6c5661142fa1787c9dbc02399534d95a\jtag_tap.$proc$/home/chithang/pdop2/jtag/src/jtag_tap.v:119$63'.
Found and cleaned up 1 empty switch in `$paramod$30688eff6c5661142fa1787c9dbc02399534d95a\jtag_tap.$proc$/home/chithang/pdop2/jtag/src/jtag_tap.v:104$59'.
Removing empty process `$paramod$30688eff6c5661142fa1787c9dbc02399534d95a\jtag_tap.$proc$/home/chithang/pdop2/jtag/src/jtag_tap.v:104$59'.
Found and cleaned up 1 empty switch in `$paramod$30688eff6c5661142fa1787c9dbc02399534d95a\jtag_tap.$proc$/home/chithang/pdop2/jtag/src/jtag_tap.v:91$58'.
Removing empty process `$paramod$30688eff6c5661142fa1787c9dbc02399534d95a\jtag_tap.$proc$/home/chithang/pdop2/jtag/src/jtag_tap.v:91$58'.
Removing empty process `$paramod$30688eff6c5661142fa1787c9dbc02399534d95a\jtag_tap.$proc$/home/chithang/pdop2/jtag/src/jtag_tap.v:85$57'.
Found and cleaned up 1 empty switch in `$paramod$30688eff6c5661142fa1787c9dbc02399534d95a\jtag_tap.$proc$/home/chithang/pdop2/jtag/src/jtag_tap.v:62$40'.
Removing empty process `$paramod$30688eff6c5661142fa1787c9dbc02399534d95a\jtag_tap.$proc$/home/chithang/pdop2/jtag/src/jtag_tap.v:62$40'.
Cleaned up 26 empty switches.

8.12. Executing OPT_EXPR pass (perform const folding).
Optimizing module jtag_debug_top.
Optimizing module $paramod$dbadc8f742082e46e20ccd5d4561fe7267138b06\jtag_dtm.
<suppressed ~13 debug messages>
Optimizing module $paramod$41749710e50f90686946fefb8a9826a9afab44e0\riscv_dm.
<suppressed ~61 debug messages>
Optimizing module $paramod$30688eff6c5661142fa1787c9dbc02399534d95a\jtag_tap.
<suppressed ~1 debug messages>

9. Executing FLATTEN pass (flatten design).
Deleting now unused module $paramod$dbadc8f742082e46e20ccd5d4561fe7267138b06\jtag_dtm.
Deleting now unused module $paramod$41749710e50f90686946fefb8a9826a9afab44e0\riscv_dm.
Deleting now unused module $paramod$30688eff6c5661142fa1787c9dbc02399534d95a\jtag_tap.
<suppressed ~3 debug messages>

10. Executing OPT_CLEAN pass (remove unused cells and wires).
Finding unused cells or wires in module \jtag_debug_top..
Removed 93 unused cells and 343 unused wires.
<suppressed ~184 debug messages>
