Clock: clk
Sources: clk 
Generated: no
Virtual: yes
Propagated: no
Period: 8.000000

===========================================================================
report_clock_properties
============================================================================
Clock                   Period          Waveform
----------------------------------------------------
clk                   8.000000    0.000000  4.000000

===========================================================================
report_clock_latency
============================================================================
Clock clk
rise -> rise
    min     max
0.000000 0.000000 source latency
0.465344         network latency _8_/CLK
        0.466470 network latency _9_/CLK
---------------
0.465344 0.466470 latency
        0.001126 skew

fall -> fall
    min     max
0.000000 0.000000 source latency
0.493880         network latency _8_/CLK
        0.494866 network latency _9_/CLK
---------------
0.493880 0.494866 latency
        0.000986 skew



===========================================================================
report_clock_min_period
============================================================================
clk period_min = 0.00 fmax = inf
