
===========================================================================
report_checks -path_delay min (Hold)
============================================================================
======================= min_ss_100C_1v60 Corner ===================================

Startpoint: rst_n (input port clocked by clk)
Endpoint: _9_ (removal check against rising-edge clock clk)
Path Group: asynchronous
Path Type: min

Fanout         Cap        Slew       Delay        Time   Description
---------------------------------------------------------------------------------------------
                                  0.000000    0.000000   clock clk (rise edge)
                                  0.000000    0.000000   clock network delay (propagated)
                                  1.600000    1.600000 ^ input external delay
     1    0.002880    0.032782    0.016190    1.616190 ^ rst_n (in)
                                                         rst_n (net)
                      0.032782    0.000000    1.616190 ^ input4/A (sky130_fd_sc_hd__buf_1)
     2    0.007763    0.164763    0.198684    1.814874 ^ input4/X (sky130_fd_sc_hd__buf_1)
                                                         net4 (net)
                      0.164763    0.000070    1.814944 ^ _9_/RESET_B (sky130_fd_sc_hd__dfrtp_1)
                                              1.814944   data arrival time

                                  0.000000    0.000000   clock clk (rise edge)
                                  0.000000    0.000000   clock source latency
     1    0.009335    0.076576    0.049078    0.049078 ^ clk (in)
                                                         clk (net)
                      0.076576    0.000000    0.049078 ^ clkbuf_0_clk/A (sky130_fd_sc_hd__clkbuf_16)
     2    0.018736    0.065851    0.222769    0.271847 ^ clkbuf_0_clk/X (sky130_fd_sc_hd__clkbuf_16)
                                                         clknet_0_clk (net)
                      0.065851    0.000209    0.272056 ^ clkbuf_1_1__f_clk/A (sky130_fd_sc_hd__clkbuf_16)
     1    0.003999    0.046424    0.194350    0.466406 ^ clkbuf_1_1__f_clk/X (sky130_fd_sc_hd__clkbuf_16)
                                                         clknet_1_1__leaf_clk (net)
                      0.046424    0.000064    0.466470 ^ _9_/CLK (sky130_fd_sc_hd__dfrtp_1)
                                  0.250000    0.716470   clock uncertainty
                                  0.000000    0.716470   clock reconvergence pessimism
                                  0.679468    1.395938   library removal time
                                              1.395938   data required time
---------------------------------------------------------------------------------------------
                                              1.395938   data required time
                                             -1.814944   data arrival time
---------------------------------------------------------------------------------------------
                                              0.419006   slack (MET)


Startpoint: rst_n (input port clocked by clk)
Endpoint: _8_ (removal check against rising-edge clock clk)
Path Group: asynchronous
Path Type: min

Fanout         Cap        Slew       Delay        Time   Description
---------------------------------------------------------------------------------------------
                                  0.000000    0.000000   clock clk (rise edge)
                                  0.000000    0.000000   clock network delay (propagated)
                                  1.600000    1.600000 ^ input external delay
     1    0.002880    0.032782    0.016190    1.616190 ^ rst_n (in)
                                                         rst_n (net)
                      0.032782    0.000000    1.616190 ^ input4/A (sky130_fd_sc_hd__buf_1)
     2    0.007763    0.164763    0.198684    1.814874 ^ input4/X (sky130_fd_sc_hd__buf_1)
                                                         net4 (net)
                      0.164763    0.000053    1.814927 ^ _8_/RESET_B (sky130_fd_sc_hd__dfrtp_1)
                                              1.814927   data arrival time

                                  0.000000    0.000000   clock clk (rise edge)
                                  0.000000    0.000000   clock source latency
     1    0.009335    0.076576    0.049078    0.049078 ^ clk (in)
                                                         clk (net)
                      0.076576    0.000000    0.049078 ^ clkbuf_0_clk/A (sky130_fd_sc_hd__clkbuf_16)
     2    0.018736    0.065851    0.222769    0.271847 ^ clkbuf_0_clk/X (sky130_fd_sc_hd__clkbuf_16)
                                                         clknet_0_clk (net)
                      0.065851    0.000196    0.272043 ^ clkbuf_1_0__f_clk/A (sky130_fd_sc_hd__clkbuf_16)
     1    0.003421    0.045595    0.193253    0.465297 ^ clkbuf_1_0__f_clk/X (sky130_fd_sc_hd__clkbuf_16)
                                                         clknet_1_0__leaf_clk (net)
                      0.045595    0.000047    0.465344 ^ _8_/CLK (sky130_fd_sc_hd__dfrtp_1)
                                  0.250000    0.715344   clock uncertainty
                                  0.000000    0.715344   clock reconvergence pessimism
                                  0.679218    1.394562   library removal time
                                              1.394562   data required time
---------------------------------------------------------------------------------------------
                                              1.394562   data required time
                                             -1.814927   data arrival time
---------------------------------------------------------------------------------------------
                                              0.420365   slack (MET)


Startpoint: b (input port clocked by clk)
Endpoint: _9_ (rising edge-triggered flip-flop clocked by clk)
Path Group: clk
Path Type: min

Fanout         Cap        Slew       Delay        Time   Description
---------------------------------------------------------------------------------------------
                                  0.000000    0.000000   clock clk (rise edge)
                                  0.000000    0.000000   clock network delay (propagated)
                                  1.600000    1.600000 v input external delay
     1    0.002619    0.017776    0.008647    1.608647 v b (in)
                                                         b (net)
                      0.017776    0.000000    1.608647 v input2/A (sky130_fd_sc_hd__buf_1)
     2    0.007851    0.102181    0.180433    1.789080 v input2/X (sky130_fd_sc_hd__buf_1)
                                                         net2 (net)
                      0.102181    0.000065    1.789145 v _4_/A (sky130_fd_sc_hd__nand2_1)
     1    0.003151    0.068592    0.106729    1.895874 ^ _4_/Y (sky130_fd_sc_hd__nand2_1)
                                                         _1_ (net)
                      0.068592    0.000037    1.895911 ^ _6_/B1 (sky130_fd_sc_hd__o21ai_1)
     1    0.003315    0.077441    0.124293    2.020204 v _6_/Y (sky130_fd_sc_hd__o21ai_1)
                                                         cout_comb (net)
                      0.077441    0.000036    2.020240 v _9_/D (sky130_fd_sc_hd__dfrtp_1)
                                              2.020240   data arrival time

                                  0.000000    0.000000   clock clk (rise edge)
                                  0.000000    0.000000   clock source latency
     1    0.009335    0.076576    0.049078    0.049078 ^ clk (in)
                                                         clk (net)
                      0.076576    0.000000    0.049078 ^ clkbuf_0_clk/A (sky130_fd_sc_hd__clkbuf_16)
     2    0.018736    0.065851    0.222769    0.271847 ^ clkbuf_0_clk/X (sky130_fd_sc_hd__clkbuf_16)
                                                         clknet_0_clk (net)
                      0.065851    0.000209    0.272056 ^ clkbuf_1_1__f_clk/A (sky130_fd_sc_hd__clkbuf_16)
     1    0.003999    0.046424    0.194350    0.466406 ^ clkbuf_1_1__f_clk/X (sky130_fd_sc_hd__clkbuf_16)
                                                         clknet_1_1__leaf_clk (net)
                      0.046424    0.000064    0.466470 ^ _9_/CLK (sky130_fd_sc_hd__dfrtp_1)
                                  0.250000    0.716470   clock uncertainty
                                  0.000000    0.716470   clock reconvergence pessimism
                                 -0.105729    0.610741   library hold time
                                              0.610741   data required time
---------------------------------------------------------------------------------------------
                                              0.610741   data required time
                                             -2.020240   data arrival time
---------------------------------------------------------------------------------------------
                                              1.409499   slack (MET)


Startpoint: cin (input port clocked by clk)
Endpoint: _8_ (rising edge-triggered flip-flop clocked by clk)
Path Group: clk
Path Type: min

Fanout         Cap        Slew       Delay        Time   Description
---------------------------------------------------------------------------------------------
                                  0.000000    0.000000   clock clk (rise edge)
                                  0.000000    0.000000   clock network delay (propagated)
                                  1.600000    1.600000 ^ input external delay
     1    0.002625    0.031103    0.014847    1.614847 ^ cin (in)
                                                         cin (net)
                      0.031103    0.000000    1.614847 ^ input3/A (sky130_fd_sc_hd__buf_1)
     2    0.010767    0.214878    0.236718    1.851564 ^ input3/X (sky130_fd_sc_hd__buf_1)
                                                         net3 (net)
                      0.214878    0.000145    1.851709 ^ _7_/A (sky130_fd_sc_hd__xnor2_1)
     1    0.004631    0.100116    0.212591    2.064300 v _7_/Y (sky130_fd_sc_hd__xnor2_1)
                                                         sum_comb (net)
                      0.100116    0.000080    2.064380 v _8_/D (sky130_fd_sc_hd__dfrtp_1)
                                              2.064380   data arrival time

                                  0.000000    0.000000   clock clk (rise edge)
                                  0.000000    0.000000   clock source latency
     1    0.009335    0.076576    0.049078    0.049078 ^ clk (in)
                                                         clk (net)
                      0.076576    0.000000    0.049078 ^ clkbuf_0_clk/A (sky130_fd_sc_hd__clkbuf_16)
     2    0.018736    0.065851    0.222769    0.271847 ^ clkbuf_0_clk/X (sky130_fd_sc_hd__clkbuf_16)
                                                         clknet_0_clk (net)
                      0.065851    0.000196    0.272043 ^ clkbuf_1_0__f_clk/A (sky130_fd_sc_hd__clkbuf_16)
     1    0.003421    0.045595    0.193253    0.465297 ^ clkbuf_1_0__f_clk/X (sky130_fd_sc_hd__clkbuf_16)
                                                         clknet_1_0__leaf_clk (net)
                      0.045595    0.000047    0.465344 ^ _8_/CLK (sky130_fd_sc_hd__dfrtp_1)
                                  0.250000    0.715344   clock uncertainty
                                  0.000000    0.715344   clock reconvergence pessimism
                                 -0.114348    0.600996   library hold time
                                              0.600996   data required time
---------------------------------------------------------------------------------------------
                                              0.600996   data required time
                                             -2.064380   data arrival time
---------------------------------------------------------------------------------------------
                                              1.463384   slack (MET)


Startpoint: _9_ (rising edge-triggered flip-flop clocked by clk)
Endpoint: cout (output port clocked by clk)
Path Group: clk
Path Type: min

Fanout         Cap        Slew       Delay        Time   Description
---------------------------------------------------------------------------------------------
                                  0.000000    0.000000   clock clk (rise edge)
                                  0.000000    0.000000   clock source latency
     1    0.009335    0.076576    0.049078    0.049078 ^ clk (in)
                                                         clk (net)
                      0.076576    0.000000    0.049078 ^ clkbuf_0_clk/A (sky130_fd_sc_hd__clkbuf_16)
     2    0.018736    0.065851    0.222769    0.271847 ^ clkbuf_0_clk/X (sky130_fd_sc_hd__clkbuf_16)
                                                         clknet_0_clk (net)
                      0.065851    0.000209    0.272056 ^ clkbuf_1_1__f_clk/A (sky130_fd_sc_hd__clkbuf_16)
     1    0.003999    0.046424    0.194350    0.466406 ^ clkbuf_1_1__f_clk/X (sky130_fd_sc_hd__clkbuf_16)
                                                         clknet_1_1__leaf_clk (net)
                      0.046424    0.000064    0.466470 ^ _9_/CLK (sky130_fd_sc_hd__dfrtp_1)
     1    0.002115    0.072876    0.614555    1.081025 ^ _9_/Q (sky130_fd_sc_hd__dfrtp_1)
                                                         net5 (net)
                      0.072876    0.000018    1.081044 ^ output5/A (sky130_fd_sc_hd__buf_2)
     1    0.034055    0.270460    0.344032    1.425076 ^ output5/X (sky130_fd_sc_hd__buf_2)
                                                         cout (net)
                      0.270460    0.000179    1.425255 ^ cout (out)
                                              1.425255   data arrival time

                                  0.000000    0.000000   clock clk (rise edge)
                                  0.000000    0.000000   clock network delay (propagated)
                                  0.250000    0.250000   clock uncertainty
                                  0.000000    0.250000   clock reconvergence pessimism
                                 -1.600000   -1.350000   output external delay
                                             -1.350000   data required time
---------------------------------------------------------------------------------------------
                                             -1.350000   data required time
                                             -1.425255   data arrival time
---------------------------------------------------------------------------------------------
                                              2.775255   slack (MET)


Startpoint: _8_ (rising edge-triggered flip-flop clocked by clk)
Endpoint: sum (output port clocked by clk)
Path Group: clk
Path Type: min

Fanout         Cap        Slew       Delay        Time   Description
---------------------------------------------------------------------------------------------
                                  0.000000    0.000000   clock clk (rise edge)
                                  0.000000    0.000000   clock source latency
     1    0.009335    0.076576    0.049078    0.049078 ^ clk (in)
                                                         clk (net)
                      0.076576    0.000000    0.049078 ^ clkbuf_0_clk/A (sky130_fd_sc_hd__clkbuf_16)
     2    0.018736    0.065851    0.222769    0.271847 ^ clkbuf_0_clk/X (sky130_fd_sc_hd__clkbuf_16)
                                                         clknet_0_clk (net)
                      0.065851    0.000196    0.272043 ^ clkbuf_1_0__f_clk/A (sky130_fd_sc_hd__clkbuf_16)
     1    0.003421    0.045595    0.193253    0.465297 ^ clkbuf_1_0__f_clk/X (sky130_fd_sc_hd__clkbuf_16)
                                                         clknet_1_0__leaf_clk (net)
                      0.045595    0.000047    0.465344 ^ _8_/CLK (sky130_fd_sc_hd__dfrtp_1)
     1    0.003304    0.084517    0.630399    1.095743 ^ _8_/Q (sky130_fd_sc_hd__dfrtp_1)
                                                         net6 (net)
                      0.084517    0.000048    1.095791 ^ output6/A (sky130_fd_sc_hd__buf_2)
     1    0.034823    0.276227    0.353354    1.449145 ^ output6/X (sky130_fd_sc_hd__buf_2)
                                                         sum (net)
                      0.276227    0.000384    1.449529 ^ sum (out)
                                              1.449529   data arrival time

                                  0.000000    0.000000   clock clk (rise edge)
                                  0.000000    0.000000   clock network delay (propagated)
                                  0.250000    0.250000   clock uncertainty
                                  0.000000    0.250000   clock reconvergence pessimism
                                 -1.600000   -1.350000   output external delay
                                             -1.350000   data required time
---------------------------------------------------------------------------------------------
                                             -1.350000   data required time
                                             -1.449529   data arrival time
---------------------------------------------------------------------------------------------
                                              2.799529   slack (MET)



