Clock: clk
Sources: clk 
Generated: no
Virtual: yes
Propagated: no
Period: 8.000000

===========================================================================
report_clock_properties
============================================================================
Clock                   Period          Waveform
----------------------------------------------------
clk                   8.000000    0.000000  4.000000

===========================================================================
report_clock_latency
============================================================================
Clock clk
rise -> rise
    min     max
0.000000 0.000000 source latency
0.470583         network latency _8_/CLK
        0.472043 network latency _9_/CLK
---------------
0.470583 0.472043 latency
        0.001460 skew

fall -> fall
    min     max
0.000000 0.000000 source latency
0.497851         network latency _8_/CLK
        0.499134 network latency _9_/CLK
---------------
0.497851 0.499134 latency
        0.001283 skew



===========================================================================
report_clock_min_period
============================================================================
clk period_min = 0.00 fmax = inf
