
===========================================================================
report_checks -path_delay max (Setup)
============================================================================
======================= max_ss_100C_1v60 Corner ===================================

Startpoint: _8_ (rising edge-triggered flip-flop clocked by clk)
Endpoint: sum (output port clocked by clk)
Path Group: clk
Path Type: max

Fanout         Cap        Slew       Delay        Time   Description
---------------------------------------------------------------------------------------------
                                  0.000000    0.000000   clock clk (rise edge)
                                  0.000000    0.000000   clock source latency
     1    0.009630    0.078628    0.050714    0.050714 ^ clk (in)
                                                         clk (net)
                      0.078632    0.000000    0.050714 ^ clkbuf_0_clk/A (sky130_fd_sc_hd__clkbuf_16)
     2    0.019377    0.066666    0.224271    0.274985 ^ clkbuf_0_clk/X (sky130_fd_sc_hd__clkbuf_16)
                                                         clknet_0_clk (net)
                      0.066682    0.001180    0.276165 ^ clkbuf_1_0__f_clk/A (sky130_fd_sc_hd__clkbuf_16)
     1    0.003711    0.046025    0.194158    0.470323 ^ clkbuf_1_0__f_clk/X (sky130_fd_sc_hd__clkbuf_16)
                                                         clknet_1_0__leaf_clk (net)
                      0.046025    0.000259    0.470583 ^ _8_/CLK (sky130_fd_sc_hd__dfrtp_1)
     1    0.003543    0.082542    0.728369    1.198951 v _8_/Q (sky130_fd_sc_hd__dfrtp_1)
                                                         net6 (net)
                      0.082542    0.000230    1.199182 v output6/A (sky130_fd_sc_hd__buf_2)
     1    0.035092    0.169483    0.352165    1.551347 v output6/X (sky130_fd_sc_hd__buf_2)
                                                         sum (net)
                      0.169503    0.001922    1.553269 v sum (out)
                                              1.553269   data arrival time

                                  8.000000    8.000000   clock clk (rise edge)
                                  0.000000    8.000000   clock network delay (propagated)
                                 -0.250000    7.750000   clock uncertainty
                                  0.000000    7.750000   clock reconvergence pessimism
                                 -1.600000    6.150000   output external delay
                                              6.150000   data required time
---------------------------------------------------------------------------------------------
                                              6.150000   data required time
                                             -1.553269   data arrival time
---------------------------------------------------------------------------------------------
                                              4.596730   slack (MET)


Startpoint: _9_ (rising edge-triggered flip-flop clocked by clk)
Endpoint: cout (output port clocked by clk)
Path Group: clk
Path Type: max

Fanout         Cap        Slew       Delay        Time   Description
---------------------------------------------------------------------------------------------
                                  0.000000    0.000000   clock clk (rise edge)
                                  0.000000    0.000000   clock source latency
     1    0.009630    0.078628    0.050714    0.050714 ^ clk (in)
                                                         clk (net)
                      0.078632    0.000000    0.050714 ^ clkbuf_0_clk/A (sky130_fd_sc_hd__clkbuf_16)
     2    0.019377    0.066666    0.224271    0.274985 ^ clkbuf_0_clk/X (sky130_fd_sc_hd__clkbuf_16)
                                                         clknet_0_clk (net)
                      0.066683    0.001206    0.276191 ^ clkbuf_1_1__f_clk/A (sky130_fd_sc_hd__clkbuf_16)
     1    0.004440    0.047031    0.195534    0.471725 ^ clkbuf_1_1__f_clk/X (sky130_fd_sc_hd__clkbuf_16)
                                                         clknet_1_1__leaf_clk (net)
                      0.047032    0.000317    0.472043 ^ _9_/CLK (sky130_fd_sc_hd__dfrtp_1)
     1    0.002079    0.069288    0.709435    1.181478 v _9_/Q (sky130_fd_sc_hd__dfrtp_1)
                                                         net5 (net)
                      0.069288    0.000146    1.181623 v output5/A (sky130_fd_sc_hd__buf_2)
     1    0.034160    0.165754    0.343241    1.524865 v output5/X (sky130_fd_sc_hd__buf_2)
                                                         cout (net)
                      0.165768    0.001616    1.526481 v cout (out)
                                              1.526481   data arrival time

                                  8.000000    8.000000   clock clk (rise edge)
                                  0.000000    8.000000   clock network delay (propagated)
                                 -0.250000    7.750000   clock uncertainty
                                  0.000000    7.750000   clock reconvergence pessimism
                                 -1.600000    6.150000   output external delay
                                              6.150000   data required time
---------------------------------------------------------------------------------------------
                                              6.150000   data required time
                                             -1.526481   data arrival time
---------------------------------------------------------------------------------------------
                                              4.623519   slack (MET)


Startpoint: b (input port clocked by clk)
Endpoint: _8_ (rising edge-triggered flip-flop clocked by clk)
Path Group: clk
Path Type: max

Fanout         Cap        Slew       Delay        Time   Description
---------------------------------------------------------------------------------------------
                                  0.000000    0.000000   clock clk (rise edge)
                                  0.000000    0.000000   clock network delay (propagated)
                                  1.600000    1.600000 v input external delay
     1    0.002713    0.018123    0.009003    1.609003 v b (in)
                                                         b (net)
                      0.018124    0.000000    1.609003 v input2/A (sky130_fd_sc_hd__buf_1)
     2    0.008060    0.104446    0.182142    1.791145 v input2/X (sky130_fd_sc_hd__buf_1)
                                                         net2 (net)
                      0.104446    0.000320    1.791465 v _5_/A (sky130_fd_sc_hd__xnor2_1)
     2    0.008208    0.360415    0.391026    2.182491 ^ _5_/Y (sky130_fd_sc_hd__xnor2_1)
                                                         _2_ (net)
                      0.360415    0.000317    2.182808 ^ _7_/B (sky130_fd_sc_hd__xnor2_1)
     1    0.005103    0.124000    0.245378    2.428186 v _7_/Y (sky130_fd_sc_hd__xnor2_1)
                                                         sum_comb (net)
                      0.124000    0.000279    2.428465 v _8_/D (sky130_fd_sc_hd__dfrtp_1)
                                              2.428465   data arrival time

                                  8.000000    8.000000   clock clk (rise edge)
                                  0.000000    8.000000   clock source latency
     1    0.009630    0.078628    0.050714    8.050714 ^ clk (in)
                                                         clk (net)
                      0.078632    0.000000    8.050714 ^ clkbuf_0_clk/A (sky130_fd_sc_hd__clkbuf_16)
     2    0.019377    0.066666    0.224271    8.274985 ^ clkbuf_0_clk/X (sky130_fd_sc_hd__clkbuf_16)
                                                         clknet_0_clk (net)
                      0.066682    0.001180    8.276166 ^ clkbuf_1_0__f_clk/A (sky130_fd_sc_hd__clkbuf_16)
     1    0.003711    0.046025    0.194158    8.470324 ^ clkbuf_1_0__f_clk/X (sky130_fd_sc_hd__clkbuf_16)
                                                         clknet_1_0__leaf_clk (net)
                      0.046025    0.000259    8.470583 ^ _8_/CLK (sky130_fd_sc_hd__dfrtp_1)
                                 -0.250000    8.220583   clock uncertainty
                                  0.000000    8.220583   clock reconvergence pessimism
                                 -0.305485    7.915098   library setup time
                                              7.915098   data required time
---------------------------------------------------------------------------------------------
                                              7.915098   data required time
                                             -2.428465   data arrival time
---------------------------------------------------------------------------------------------
                                              5.486633   slack (MET)


Startpoint: b (input port clocked by clk)
Endpoint: _9_ (rising edge-triggered flip-flop clocked by clk)
Path Group: clk
Path Type: max

Fanout         Cap        Slew       Delay        Time   Description
---------------------------------------------------------------------------------------------
                                  0.000000    0.000000   clock clk (rise edge)
                                  0.000000    0.000000   clock network delay (propagated)
                                  1.600000    1.600000 v input external delay
     1    0.002713    0.018123    0.009003    1.609003 v b (in)
                                                         b (net)
                      0.018124    0.000000    1.609003 v input2/A (sky130_fd_sc_hd__buf_1)
     2    0.008060    0.104446    0.182142    1.791145 v input2/X (sky130_fd_sc_hd__buf_1)
                                                         net2 (net)
                      0.104446    0.000320    1.791465 v _5_/A (sky130_fd_sc_hd__xnor2_1)
     2    0.008208    0.360415    0.391026    2.182491 ^ _5_/Y (sky130_fd_sc_hd__xnor2_1)
                                                         _2_ (net)
                      0.360415    0.000293    2.182785 ^ _6_/A2 (sky130_fd_sc_hd__o21ai_1)
     1    0.003507    0.099574    0.216161    2.398945 v _6_/Y (sky130_fd_sc_hd__o21ai_1)
                                                         cout_comb (net)
                      0.099574    0.000146    2.399091 v _9_/D (sky130_fd_sc_hd__dfrtp_1)
                                              2.399091   data arrival time

                                  8.000000    8.000000   clock clk (rise edge)
                                  0.000000    8.000000   clock source latency
     1    0.009630    0.078628    0.050714    8.050714 ^ clk (in)
                                                         clk (net)
                      0.078632    0.000000    8.050714 ^ clkbuf_0_clk/A (sky130_fd_sc_hd__clkbuf_16)
     2    0.019377    0.066666    0.224271    8.274985 ^ clkbuf_0_clk/X (sky130_fd_sc_hd__clkbuf_16)
                                                         clknet_0_clk (net)
                      0.066683    0.001206    8.276192 ^ clkbuf_1_1__f_clk/A (sky130_fd_sc_hd__clkbuf_16)
     1    0.004440    0.047031    0.195533    8.471725 ^ clkbuf_1_1__f_clk/X (sky130_fd_sc_hd__clkbuf_16)
                                                         clknet_1_1__leaf_clk (net)
                      0.047032    0.000318    8.472043 ^ _9_/CLK (sky130_fd_sc_hd__dfrtp_1)
                                 -0.250000    8.222043   clock uncertainty
                                  0.000000    8.222043   clock reconvergence pessimism
                                 -0.295025    7.927018   library setup time
                                              7.927018   data required time
---------------------------------------------------------------------------------------------
                                              7.927018   data required time
                                             -2.399091   data arrival time
---------------------------------------------------------------------------------------------
                                              5.527927   slack (MET)


Startpoint: rst_n (input port clocked by clk)
Endpoint: _8_ (recovery check against rising-edge clock clk)
Path Group: asynchronous
Path Type: max

Fanout         Cap        Slew       Delay        Time   Description
---------------------------------------------------------------------------------------------
                                  0.000000    0.000000   clock clk (rise edge)
                                  0.000000    0.000000   clock network delay (propagated)
                                  1.600000    1.600000 ^ input external delay
     1    0.003009    0.033624    0.016938    1.616938 ^ rst_n (in)
                                                         rst_n (net)
                      0.033625    0.000000    1.616938 ^ input4/A (sky130_fd_sc_hd__buf_1)
     2    0.008028    0.165409    0.202249    1.819187 ^ input4/X (sky130_fd_sc_hd__buf_1)
                                                         net4 (net)
                      0.165409    0.000376    1.819563 ^ _8_/RESET_B (sky130_fd_sc_hd__dfrtp_1)
                                              1.819563   data arrival time

                                  8.000000    8.000000   clock clk (rise edge)
                                  0.000000    8.000000   clock source latency
     1    0.009630    0.078628    0.050714    8.050714 ^ clk (in)
                                                         clk (net)
                      0.078632    0.000000    8.050714 ^ clkbuf_0_clk/A (sky130_fd_sc_hd__clkbuf_16)
     2    0.019377    0.066666    0.224271    8.274985 ^ clkbuf_0_clk/X (sky130_fd_sc_hd__clkbuf_16)
                                                         clknet_0_clk (net)
                      0.066682    0.001180    8.276166 ^ clkbuf_1_0__f_clk/A (sky130_fd_sc_hd__clkbuf_16)
     1    0.003711    0.046025    0.194158    8.470324 ^ clkbuf_1_0__f_clk/X (sky130_fd_sc_hd__clkbuf_16)
                                                         clknet_1_0__leaf_clk (net)
                      0.046025    0.000259    8.470583 ^ _8_/CLK (sky130_fd_sc_hd__dfrtp_1)
                                 -0.250000    8.220583   clock uncertainty
                                  0.000000    8.220583   clock reconvergence pessimism
                                  0.419199    8.639782   library recovery time
                                              8.639782   data required time
---------------------------------------------------------------------------------------------
                                              8.639782   data required time
                                             -1.819563   data arrival time
---------------------------------------------------------------------------------------------
                                              6.820219   slack (MET)


Startpoint: rst_n (input port clocked by clk)
Endpoint: _9_ (recovery check against rising-edge clock clk)
Path Group: asynchronous
Path Type: max

Fanout         Cap        Slew       Delay        Time   Description
---------------------------------------------------------------------------------------------
                                  0.000000    0.000000   clock clk (rise edge)
                                  0.000000    0.000000   clock network delay (propagated)
                                  1.600000    1.600000 ^ input external delay
     1    0.003009    0.033624    0.016938    1.616938 ^ rst_n (in)
                                                         rst_n (net)
                      0.033625    0.000000    1.616938 ^ input4/A (sky130_fd_sc_hd__buf_1)
     2    0.008028    0.165409    0.202249    1.819187 ^ input4/X (sky130_fd_sc_hd__buf_1)
                                                         net4 (net)
                      0.165409    0.000408    1.819595 ^ _9_/RESET_B (sky130_fd_sc_hd__dfrtp_1)
                                              1.819595   data arrival time

                                  8.000000    8.000000   clock clk (rise edge)
                                  0.000000    8.000000   clock source latency
     1    0.009630    0.078628    0.050714    8.050714 ^ clk (in)
                                                         clk (net)
                      0.078632    0.000000    8.050714 ^ clkbuf_0_clk/A (sky130_fd_sc_hd__clkbuf_16)
     2    0.019377    0.066666    0.224271    8.274985 ^ clkbuf_0_clk/X (sky130_fd_sc_hd__clkbuf_16)
                                                         clknet_0_clk (net)
                      0.066683    0.001206    8.276192 ^ clkbuf_1_1__f_clk/A (sky130_fd_sc_hd__clkbuf_16)
     1    0.004440    0.047031    0.195533    8.471725 ^ clkbuf_1_1__f_clk/X (sky130_fd_sc_hd__clkbuf_16)
                                                         clknet_1_1__leaf_clk (net)
                      0.047032    0.000318    8.472043 ^ _9_/CLK (sky130_fd_sc_hd__dfrtp_1)
                                 -0.250000    8.222043   clock uncertainty
                                  0.000000    8.222043   clock reconvergence pessimism
                                  0.419536    8.641580   library recovery time
                                              8.641580   data required time
---------------------------------------------------------------------------------------------
                                              8.641580   data required time
                                             -1.819595   data arrival time
---------------------------------------------------------------------------------------------
                                              6.821984   slack (MET)



