
===========================================================================
report_checks -path_delay min (Hold)
============================================================================
======================= max_ss_100C_1v60 Corner ===================================

Startpoint: rst_n (input port clocked by clk)
Endpoint: _9_ (removal check against rising-edge clock clk)
Path Group: asynchronous
Path Type: min

Fanout         Cap        Slew       Delay        Time   Description
---------------------------------------------------------------------------------------------
                                  0.000000    0.000000   clock clk (rise edge)
                                  0.000000    0.000000   clock network delay (propagated)
                                  1.600000    1.600000 ^ input external delay
     1    0.003009    0.033624    0.016938    1.616938 ^ rst_n (in)
                                                         rst_n (net)
                      0.033625    0.000000    1.616938 ^ input4/A (sky130_fd_sc_hd__buf_1)
     2    0.008028    0.165409    0.202249    1.819187 ^ input4/X (sky130_fd_sc_hd__buf_1)
                                                         net4 (net)
                      0.165409    0.000408    1.819595 ^ _9_/RESET_B (sky130_fd_sc_hd__dfrtp_1)
                                              1.819595   data arrival time

                                  0.000000    0.000000   clock clk (rise edge)
                                  0.000000    0.000000   clock source latency
     1    0.009630    0.078628    0.050714    0.050714 ^ clk (in)
                                                         clk (net)
                      0.078632    0.000000    0.050714 ^ clkbuf_0_clk/A (sky130_fd_sc_hd__clkbuf_16)
     2    0.019377    0.066666    0.224271    0.274985 ^ clkbuf_0_clk/X (sky130_fd_sc_hd__clkbuf_16)
                                                         clknet_0_clk (net)
                      0.066683    0.001206    0.276191 ^ clkbuf_1_1__f_clk/A (sky130_fd_sc_hd__clkbuf_16)
     1    0.004440    0.047031    0.195534    0.471725 ^ clkbuf_1_1__f_clk/X (sky130_fd_sc_hd__clkbuf_16)
                                                         clknet_1_1__leaf_clk (net)
                      0.047032    0.000317    0.472043 ^ _9_/CLK (sky130_fd_sc_hd__dfrtp_1)
                                  0.250000    0.722043   clock uncertainty
                                  0.000000    0.722043   clock reconvergence pessimism
                                  0.679849    1.401892   library removal time
                                              1.401892   data required time
---------------------------------------------------------------------------------------------
                                              1.401892   data required time
                                             -1.819595   data arrival time
---------------------------------------------------------------------------------------------
                                              0.417703   slack (MET)


Startpoint: rst_n (input port clocked by clk)
Endpoint: _8_ (removal check against rising-edge clock clk)
Path Group: asynchronous
Path Type: min

Fanout         Cap        Slew       Delay        Time   Description
---------------------------------------------------------------------------------------------
                                  0.000000    0.000000   clock clk (rise edge)
                                  0.000000    0.000000   clock network delay (propagated)
                                  1.600000    1.600000 ^ input external delay
     1    0.003009    0.033624    0.016938    1.616938 ^ rst_n (in)
                                                         rst_n (net)
                      0.033625    0.000000    1.616938 ^ input4/A (sky130_fd_sc_hd__buf_1)
     2    0.008028    0.165409    0.202249    1.819187 ^ input4/X (sky130_fd_sc_hd__buf_1)
                                                         net4 (net)
                      0.165409    0.000376    1.819563 ^ _8_/RESET_B (sky130_fd_sc_hd__dfrtp_1)
                                              1.819563   data arrival time

                                  0.000000    0.000000   clock clk (rise edge)
                                  0.000000    0.000000   clock source latency
     1    0.009630    0.078628    0.050714    0.050714 ^ clk (in)
                                                         clk (net)
                      0.078632    0.000000    0.050714 ^ clkbuf_0_clk/A (sky130_fd_sc_hd__clkbuf_16)
     2    0.019377    0.066666    0.224271    0.274985 ^ clkbuf_0_clk/X (sky130_fd_sc_hd__clkbuf_16)
                                                         clknet_0_clk (net)
                      0.066682    0.001180    0.276165 ^ clkbuf_1_0__f_clk/A (sky130_fd_sc_hd__clkbuf_16)
     1    0.003711    0.046025    0.194158    0.470323 ^ clkbuf_1_0__f_clk/X (sky130_fd_sc_hd__clkbuf_16)
                                                         clknet_1_0__leaf_clk (net)
                      0.046025    0.000259    0.470583 ^ _8_/CLK (sky130_fd_sc_hd__dfrtp_1)
                                  0.250000    0.720583   clock uncertainty
                                  0.000000    0.720583   clock reconvergence pessimism
                                  0.679546    1.400129   library removal time
                                              1.400129   data required time
---------------------------------------------------------------------------------------------
                                              1.400129   data required time
                                             -1.819563   data arrival time
---------------------------------------------------------------------------------------------
                                              0.419434   slack (MET)


Startpoint: b (input port clocked by clk)
Endpoint: _9_ (rising edge-triggered flip-flop clocked by clk)
Path Group: clk
Path Type: min

Fanout         Cap        Slew       Delay        Time   Description
---------------------------------------------------------------------------------------------
                                  0.000000    0.000000   clock clk (rise edge)
                                  0.000000    0.000000   clock network delay (propagated)
                                  1.600000    1.600000 v input external delay
     1    0.002713    0.018123    0.009003    1.609003 v b (in)
                                                         b (net)
                      0.018124    0.000000    1.609003 v input2/A (sky130_fd_sc_hd__buf_1)
     2    0.008060    0.104446    0.182142    1.791145 v input2/X (sky130_fd_sc_hd__buf_1)
                                                         net2 (net)
                      0.104446    0.000366    1.791512 v _4_/A (sky130_fd_sc_hd__nand2_1)
     1    0.003361    0.071485    0.109957    1.901469 ^ _4_/Y (sky130_fd_sc_hd__nand2_1)
                                                         _1_ (net)
                      0.071485    0.000230    1.901699 ^ _6_/B1 (sky130_fd_sc_hd__o21ai_1)
     1    0.003507    0.079896    0.127956    2.029655 v _6_/Y (sky130_fd_sc_hd__o21ai_1)
                                                         cout_comb (net)
                      0.079896    0.000146    2.029801 v _9_/D (sky130_fd_sc_hd__dfrtp_1)
                                              2.029801   data arrival time

                                  0.000000    0.000000   clock clk (rise edge)
                                  0.000000    0.000000   clock source latency
     1    0.009630    0.078628    0.050714    0.050714 ^ clk (in)
                                                         clk (net)
                      0.078632    0.000000    0.050714 ^ clkbuf_0_clk/A (sky130_fd_sc_hd__clkbuf_16)
     2    0.019377    0.066666    0.224271    0.274985 ^ clkbuf_0_clk/X (sky130_fd_sc_hd__clkbuf_16)
                                                         clknet_0_clk (net)
                      0.066683    0.001206    0.276191 ^ clkbuf_1_1__f_clk/A (sky130_fd_sc_hd__clkbuf_16)
     1    0.004440    0.047031    0.195534    0.471725 ^ clkbuf_1_1__f_clk/X (sky130_fd_sc_hd__clkbuf_16)
                                                         clknet_1_1__leaf_clk (net)
                      0.047032    0.000317    0.472043 ^ _9_/CLK (sky130_fd_sc_hd__dfrtp_1)
                                  0.250000    0.722043   clock uncertainty
                                  0.000000    0.722043   clock reconvergence pessimism
                                 -0.106492    0.615550   library hold time
                                              0.615550   data required time
---------------------------------------------------------------------------------------------
                                              0.615550   data required time
                                             -2.029801   data arrival time
---------------------------------------------------------------------------------------------
                                              1.414250   slack (MET)


Startpoint: cin (input port clocked by clk)
Endpoint: _8_ (rising edge-triggered flip-flop clocked by clk)
Path Group: clk
Path Type: min

Fanout         Cap        Slew       Delay        Time   Description
---------------------------------------------------------------------------------------------
                                  0.000000    0.000000   clock clk (rise edge)
                                  0.000000    0.000000   clock network delay (propagated)
                                  1.600000    1.600000 ^ input external delay
     1    0.002690    0.031519    0.015252    1.615252 ^ cin (in)
                                                         cin (net)
                      0.031519    0.000000    1.615252 ^ input3/A (sky130_fd_sc_hd__buf_1)
     2    0.011018    0.219553    0.239778    1.855030 ^ input3/X (sky130_fd_sc_hd__buf_1)
                                                         net3 (net)
                      0.219557    0.000762    1.855792 ^ _7_/A (sky130_fd_sc_hd__xnor2_1)
     1    0.005103    0.106867    0.220052    2.075844 v _7_/Y (sky130_fd_sc_hd__xnor2_1)
                                                         sum_comb (net)
                      0.106867    0.000279    2.076123 v _8_/D (sky130_fd_sc_hd__dfrtp_1)
                                              2.076123   data arrival time

                                  0.000000    0.000000   clock clk (rise edge)
                                  0.000000    0.000000   clock source latency
     1    0.009630    0.078628    0.050714    0.050714 ^ clk (in)
                                                         clk (net)
                      0.078632    0.000000    0.050714 ^ clkbuf_0_clk/A (sky130_fd_sc_hd__clkbuf_16)
     2    0.019377    0.066666    0.224271    0.274985 ^ clkbuf_0_clk/X (sky130_fd_sc_hd__clkbuf_16)
                                                         clknet_0_clk (net)
                      0.066682    0.001180    0.276165 ^ clkbuf_1_0__f_clk/A (sky130_fd_sc_hd__clkbuf_16)
     1    0.003711    0.046025    0.194158    0.470323 ^ clkbuf_1_0__f_clk/X (sky130_fd_sc_hd__clkbuf_16)
                                                         clknet_1_0__leaf_clk (net)
                      0.046025    0.000259    0.470583 ^ _8_/CLK (sky130_fd_sc_hd__dfrtp_1)
                                  0.250000    0.720583   clock uncertainty
                                  0.000000    0.720583   clock reconvergence pessimism
                                 -0.116749    0.603834   library hold time
                                              0.603834   data required time
---------------------------------------------------------------------------------------------
                                              0.603834   data required time
                                             -2.076123   data arrival time
---------------------------------------------------------------------------------------------
                                              1.472289   slack (MET)


Startpoint: _9_ (rising edge-triggered flip-flop clocked by clk)
Endpoint: cout (output port clocked by clk)
Path Group: clk
Path Type: min

Fanout         Cap        Slew       Delay        Time   Description
---------------------------------------------------------------------------------------------
                                  0.000000    0.000000   clock clk (rise edge)
                                  0.000000    0.000000   clock source latency
     1    0.009630    0.078628    0.050714    0.050714 ^ clk (in)
                                                         clk (net)
                      0.078632    0.000000    0.050714 ^ clkbuf_0_clk/A (sky130_fd_sc_hd__clkbuf_16)
     2    0.019377    0.066666    0.224271    0.274985 ^ clkbuf_0_clk/X (sky130_fd_sc_hd__clkbuf_16)
                                                         clknet_0_clk (net)
                      0.066683    0.001206    0.276191 ^ clkbuf_1_1__f_clk/A (sky130_fd_sc_hd__clkbuf_16)
     1    0.004440    0.047031    0.195534    0.471725 ^ clkbuf_1_1__f_clk/X (sky130_fd_sc_hd__clkbuf_16)
                                                         clknet_1_1__leaf_clk (net)
                      0.047032    0.000317    0.472043 ^ _9_/CLK (sky130_fd_sc_hd__dfrtp_1)
     1    0.002207    0.071521    0.616042    1.088084 ^ _9_/Q (sky130_fd_sc_hd__dfrtp_1)
                                                         net5 (net)
                      0.071521    0.000156    1.088240 ^ output5/A (sky130_fd_sc_hd__buf_2)
     1    0.034160    0.271538    0.342955    1.431195 ^ output5/X (sky130_fd_sc_hd__buf_2)
                                                         cout (net)
                      0.271543    0.001617    1.432812 ^ cout (out)
                                              1.432812   data arrival time

                                  0.000000    0.000000   clock clk (rise edge)
                                  0.000000    0.000000   clock network delay (propagated)
                                  0.250000    0.250000   clock uncertainty
                                  0.000000    0.250000   clock reconvergence pessimism
                                 -1.600000   -1.350000   output external delay
                                             -1.350000   data required time
---------------------------------------------------------------------------------------------
                                             -1.350000   data required time
                                             -1.432812   data arrival time
---------------------------------------------------------------------------------------------
                                              2.782812   slack (MET)


Startpoint: _8_ (rising edge-triggered flip-flop clocked by clk)
Endpoint: sum (output port clocked by clk)
Path Group: clk
Path Type: min

Fanout         Cap        Slew       Delay        Time   Description
---------------------------------------------------------------------------------------------
                                  0.000000    0.000000   clock clk (rise edge)
                                  0.000000    0.000000   clock source latency
     1    0.009630    0.078628    0.050714    0.050714 ^ clk (in)
                                                         clk (net)
                      0.078632    0.000000    0.050714 ^ clkbuf_0_clk/A (sky130_fd_sc_hd__clkbuf_16)
     2    0.019377    0.066666    0.224271    0.274985 ^ clkbuf_0_clk/X (sky130_fd_sc_hd__clkbuf_16)
                                                         clknet_0_clk (net)
                      0.066682    0.001180    0.276165 ^ clkbuf_1_0__f_clk/A (sky130_fd_sc_hd__clkbuf_16)
     1    0.003711    0.046025    0.194158    0.470323 ^ clkbuf_1_0__f_clk/X (sky130_fd_sc_hd__clkbuf_16)
                                                         clknet_1_0__leaf_clk (net)
                      0.046025    0.000259    0.470583 ^ _8_/CLK (sky130_fd_sc_hd__dfrtp_1)
     1    0.003671    0.088998    0.635547    1.106129 ^ _8_/Q (sky130_fd_sc_hd__dfrtp_1)
                                                         net6 (net)
                      0.088998    0.000242    1.106371 ^ output6/A (sky130_fd_sc_hd__buf_2)
     1    0.035092    0.278541    0.355807    1.462179 ^ output6/X (sky130_fd_sc_hd__buf_2)
                                                         sum (net)
                      0.278550    0.001923    1.464102 ^ sum (out)
                                              1.464102   data arrival time

                                  0.000000    0.000000   clock clk (rise edge)
                                  0.000000    0.000000   clock network delay (propagated)
                                  0.250000    0.250000   clock uncertainty
                                  0.000000    0.250000   clock reconvergence pessimism
                                 -1.600000   -1.350000   output external delay
                                             -1.350000   data required time
---------------------------------------------------------------------------------------------
                                             -1.350000   data required time
                                             -1.464102   data arrival time
---------------------------------------------------------------------------------------------
                                              2.814102   slack (MET)



