Reading timing models for corner max_ss_100C_1v60…
Reading cell library for the 'max_ss_100C_1v60' corner at '/home/chithang/.volare/volare/sky130/versions/0fe599b2afb6708d281543108caf8310912f54af/sky130A/libs.ref/sky130_fd_sc_hd/lib/sky130_fd_sc_hd__ss_100C_1v60.lib'…
Reading top-level netlist at '/home/chithang/pdop2/FA_reg/runs/RUN_2026-03-28_14-30-24/51-openroad-fillinsertion/FA_Reg.nl.v'…
Linking design 'FA_Reg' from netlist…
Warning: /home/chithang/pdop2/FA_reg/runs/RUN_2026-03-28_14-30-24/51-openroad-fillinsertion/FA_Reg.nl.v line 74, module sky130_fd_sc_hd__tapvpwrvgnd_1 not found. Creating black box for TAP_TAPCELL_ROW_0_20.
Warning: /home/chithang/pdop2/FA_reg/runs/RUN_2026-03-28_14-30-24/51-openroad-fillinsertion/FA_Reg.nl.v line 104, module sky130_ef_sc_hd__decap_12 not found. Creating black box for FILLER_0_3.
Warning: /home/chithang/pdop2/FA_reg/runs/RUN_2026-03-28_14-30-24/51-openroad-fillinsertion/FA_Reg.nl.v line 106, module sky130_fd_sc_hd__fill_1 not found. Creating black box for FILLER_0_27.
Warning: /home/chithang/pdop2/FA_reg/runs/RUN_2026-03-28_14-30-24/51-openroad-fillinsertion/FA_Reg.nl.v line 134, module sky130_fd_sc_hd__fill_2 not found. Creating black box for FILLER_3_57.
Reading design constraints file at '/nix/store/h0ldzjka94yryiq8yxbxmwargpnmwhx6-python3-3.11.9-env/lib/python3.11/site-packages/openlane/scripts/base.sdc'…
[INFO] Using clock clk…
[INFO] Setting output delay to: 1.6
[INFO] Setting input delay to: 1.6
[INFO] Setting load to: 0.033442
[INFO] Setting clock uncertainty to: 0.25
[INFO] Setting clock transition to: 0.1499999999999999944488848768742172978818416595458984375
[INFO] Setting timing derate to: 5%
Reading top-level design parasitics for the 'max_ss_100C_1v60' corner at '/home/chithang/pdop2/FA_reg/runs/RUN_2026-03-28_14-30-24/53-openroad-rcx/max/FA_Reg.max.spef'…
%OL_CREATE_REPORT min.rpt

===========================================================================
report_checks -path_delay min (Hold)
============================================================================
======================= max_ss_100C_1v60 Corner ===================================

Startpoint: rst_n (input port clocked by clk)
Endpoint: _9_ (removal check against rising-edge clock clk)
Path Group: asynchronous
Path Type: min

Fanout         Cap        Slew       Delay        Time   Description
---------------------------------------------------------------------------------------------
                                  0.000000    0.000000   clock clk (rise edge)
                                  0.000000    0.000000   clock network delay (propagated)
                                  1.600000    1.600000 ^ input external delay
     1    0.003009    0.033624    0.016938    1.616938 ^ rst_n (in)
                                                         rst_n (net)
                      0.033625    0.000000    1.616938 ^ input4/A (sky130_fd_sc_hd__buf_1)
     2    0.008028    0.165409    0.202249    1.819187 ^ input4/X (sky130_fd_sc_hd__buf_1)
                                                         net4 (net)
                      0.165409    0.000408    1.819595 ^ _9_/RESET_B (sky130_fd_sc_hd__dfrtp_1)
                                              1.819595   data arrival time

                                  0.000000    0.000000   clock clk (rise edge)
                                  0.000000    0.000000   clock source latency
     1    0.009630    0.078628    0.050714    0.050714 ^ clk (in)
                                                         clk (net)
                      0.078632    0.000000    0.050714 ^ clkbuf_0_clk/A (sky130_fd_sc_hd__clkbuf_16)
     2    0.019377    0.066666    0.224271    0.274985 ^ clkbuf_0_clk/X (sky130_fd_sc_hd__clkbuf_16)
                                                         clknet_0_clk (net)
                      0.066683    0.001206    0.276191 ^ clkbuf_1_1__f_clk/A (sky130_fd_sc_hd__clkbuf_16)
     1    0.004440    0.047031    0.195534    0.471725 ^ clkbuf_1_1__f_clk/X (sky130_fd_sc_hd__clkbuf_16)
                                                         clknet_1_1__leaf_clk (net)
                      0.047032    0.000317    0.472043 ^ _9_/CLK (sky130_fd_sc_hd__dfrtp_1)
                                  0.250000    0.722043   clock uncertainty
                                  0.000000    0.722043   clock reconvergence pessimism
                                  0.679849    1.401892   library removal time
                                              1.401892   data required time
---------------------------------------------------------------------------------------------
                                              1.401892   data required time
                                             -1.819595   data arrival time
---------------------------------------------------------------------------------------------
                                              0.417703   slack (MET)


Startpoint: rst_n (input port clocked by clk)
Endpoint: _8_ (removal check against rising-edge clock clk)
Path Group: asynchronous
Path Type: min

Fanout         Cap        Slew       Delay        Time   Description
---------------------------------------------------------------------------------------------
                                  0.000000    0.000000   clock clk (rise edge)
                                  0.000000    0.000000   clock network delay (propagated)
                                  1.600000    1.600000 ^ input external delay
     1    0.003009    0.033624    0.016938    1.616938 ^ rst_n (in)
                                                         rst_n (net)
                      0.033625    0.000000    1.616938 ^ input4/A (sky130_fd_sc_hd__buf_1)
     2    0.008028    0.165409    0.202249    1.819187 ^ input4/X (sky130_fd_sc_hd__buf_1)
                                                         net4 (net)
                      0.165409    0.000376    1.819563 ^ _8_/RESET_B (sky130_fd_sc_hd__dfrtp_1)
                                              1.819563   data arrival time

                                  0.000000    0.000000   clock clk (rise edge)
                                  0.000000    0.000000   clock source latency
     1    0.009630    0.078628    0.050714    0.050714 ^ clk (in)
                                                         clk (net)
                      0.078632    0.000000    0.050714 ^ clkbuf_0_clk/A (sky130_fd_sc_hd__clkbuf_16)
     2    0.019377    0.066666    0.224271    0.274985 ^ clkbuf_0_clk/X (sky130_fd_sc_hd__clkbuf_16)
                                                         clknet_0_clk (net)
                      0.066682    0.001180    0.276165 ^ clkbuf_1_0__f_clk/A (sky130_fd_sc_hd__clkbuf_16)
     1    0.003711    0.046025    0.194158    0.470323 ^ clkbuf_1_0__f_clk/X (sky130_fd_sc_hd__clkbuf_16)
                                                         clknet_1_0__leaf_clk (net)
                      0.046025    0.000259    0.470583 ^ _8_/CLK (sky130_fd_sc_hd__dfrtp_1)
                                  0.250000    0.720583   clock uncertainty
                                  0.000000    0.720583   clock reconvergence pessimism
                                  0.679546    1.400129   library removal time
                                              1.400129   data required time
---------------------------------------------------------------------------------------------
                                              1.400129   data required time
                                             -1.819563   data arrival time
---------------------------------------------------------------------------------------------
                                              0.419434   slack (MET)


Startpoint: b (input port clocked by clk)
Endpoint: _9_ (rising edge-triggered flip-flop clocked by clk)
Path Group: clk
Path Type: min

Fanout         Cap        Slew       Delay        Time   Description
---------------------------------------------------------------------------------------------
                                  0.000000    0.000000   clock clk (rise edge)
                                  0.000000    0.000000   clock network delay (propagated)
                                  1.600000    1.600000 v input external delay
     1    0.002713    0.018123    0.009003    1.609003 v b (in)
                                                         b (net)
                      0.018124    0.000000    1.609003 v input2/A (sky130_fd_sc_hd__buf_1)
     2    0.008060    0.104446    0.182142    1.791145 v input2/X (sky130_fd_sc_hd__buf_1)
                                                         net2 (net)
                      0.104446    0.000366    1.791512 v _4_/A (sky130_fd_sc_hd__nand2_1)
     1    0.003361    0.071485    0.109957    1.901469 ^ _4_/Y (sky130_fd_sc_hd__nand2_1)
                                                         _1_ (net)
                      0.071485    0.000230    1.901699 ^ _6_/B1 (sky130_fd_sc_hd__o21ai_1)
     1    0.003507    0.079896    0.127956    2.029655 v _6_/Y (sky130_fd_sc_hd__o21ai_1)
                                                         cout_comb (net)
                      0.079896    0.000146    2.029801 v _9_/D (sky130_fd_sc_hd__dfrtp_1)
                                              2.029801   data arrival time

                                  0.000000    0.000000   clock clk (rise edge)
                                  0.000000    0.000000   clock source latency
     1    0.009630    0.078628    0.050714    0.050714 ^ clk (in)
                                                         clk (net)
                      0.078632    0.000000    0.050714 ^ clkbuf_0_clk/A (sky130_fd_sc_hd__clkbuf_16)
     2    0.019377    0.066666    0.224271    0.274985 ^ clkbuf_0_clk/X (sky130_fd_sc_hd__clkbuf_16)
                                                         clknet_0_clk (net)
                      0.066683    0.001206    0.276191 ^ clkbuf_1_1__f_clk/A (sky130_fd_sc_hd__clkbuf_16)
     1    0.004440    0.047031    0.195534    0.471725 ^ clkbuf_1_1__f_clk/X (sky130_fd_sc_hd__clkbuf_16)
                                                         clknet_1_1__leaf_clk (net)
                      0.047032    0.000317    0.472043 ^ _9_/CLK (sky130_fd_sc_hd__dfrtp_1)
                                  0.250000    0.722043   clock uncertainty
                                  0.000000    0.722043   clock reconvergence pessimism
                                 -0.106492    0.615550   library hold time
                                              0.615550   data required time
---------------------------------------------------------------------------------------------
                                              0.615550   data required time
                                             -2.029801   data arrival time
---------------------------------------------------------------------------------------------
                                              1.414250   slack (MET)


Startpoint: cin (input port clocked by clk)
Endpoint: _8_ (rising edge-triggered flip-flop clocked by clk)
Path Group: clk
Path Type: min

Fanout         Cap        Slew       Delay        Time   Description
---------------------------------------------------------------------------------------------
                                  0.000000    0.000000   clock clk (rise edge)
                                  0.000000    0.000000   clock network delay (propagated)
                                  1.600000    1.600000 ^ input external delay
     1    0.002690    0.031519    0.015252    1.615252 ^ cin (in)
                                                         cin (net)
                      0.031519    0.000000    1.615252 ^ input3/A (sky130_fd_sc_hd__buf_1)
     2    0.011018    0.219553    0.239778    1.855030 ^ input3/X (sky130_fd_sc_hd__buf_1)
                                                         net3 (net)
                      0.219557    0.000762    1.855792 ^ _7_/A (sky130_fd_sc_hd__xnor2_1)
     1    0.005103    0.106867    0.220052    2.075844 v _7_/Y (sky130_fd_sc_hd__xnor2_1)
                                                         sum_comb (net)
                      0.106867    0.000279    2.076123 v _8_/D (sky130_fd_sc_hd__dfrtp_1)
                                              2.076123   data arrival time

                                  0.000000    0.000000   clock clk (rise edge)
                                  0.000000    0.000000   clock source latency
     1    0.009630    0.078628    0.050714    0.050714 ^ clk (in)
                                                         clk (net)
                      0.078632    0.000000    0.050714 ^ clkbuf_0_clk/A (sky130_fd_sc_hd__clkbuf_16)
     2    0.019377    0.066666    0.224271    0.274985 ^ clkbuf_0_clk/X (sky130_fd_sc_hd__clkbuf_16)
                                                         clknet_0_clk (net)
                      0.066682    0.001180    0.276165 ^ clkbuf_1_0__f_clk/A (sky130_fd_sc_hd__clkbuf_16)
     1    0.003711    0.046025    0.194158    0.470323 ^ clkbuf_1_0__f_clk/X (sky130_fd_sc_hd__clkbuf_16)
                                                         clknet_1_0__leaf_clk (net)
                      0.046025    0.000259    0.470583 ^ _8_/CLK (sky130_fd_sc_hd__dfrtp_1)
                                  0.250000    0.720583   clock uncertainty
                                  0.000000    0.720583   clock reconvergence pessimism
                                 -0.116749    0.603834   library hold time
                                              0.603834   data required time
---------------------------------------------------------------------------------------------
                                              0.603834   data required time
                                             -2.076123   data arrival time
---------------------------------------------------------------------------------------------
                                              1.472289   slack (MET)


Startpoint: _9_ (rising edge-triggered flip-flop clocked by clk)
Endpoint: cout (output port clocked by clk)
Path Group: clk
Path Type: min

Fanout         Cap        Slew       Delay        Time   Description
---------------------------------------------------------------------------------------------
                                  0.000000    0.000000   clock clk (rise edge)
                                  0.000000    0.000000   clock source latency
     1    0.009630    0.078628    0.050714    0.050714 ^ clk (in)
                                                         clk (net)
                      0.078632    0.000000    0.050714 ^ clkbuf_0_clk/A (sky130_fd_sc_hd__clkbuf_16)
     2    0.019377    0.066666    0.224271    0.274985 ^ clkbuf_0_clk/X (sky130_fd_sc_hd__clkbuf_16)
                                                         clknet_0_clk (net)
                      0.066683    0.001206    0.276191 ^ clkbuf_1_1__f_clk/A (sky130_fd_sc_hd__clkbuf_16)
     1    0.004440    0.047031    0.195534    0.471725 ^ clkbuf_1_1__f_clk/X (sky130_fd_sc_hd__clkbuf_16)
                                                         clknet_1_1__leaf_clk (net)
                      0.047032    0.000317    0.472043 ^ _9_/CLK (sky130_fd_sc_hd__dfrtp_1)
     1    0.002207    0.071521    0.616042    1.088084 ^ _9_/Q (sky130_fd_sc_hd__dfrtp_1)
                                                         net5 (net)
                      0.071521    0.000156    1.088240 ^ output5/A (sky130_fd_sc_hd__buf_2)
     1    0.034160    0.271538    0.342955    1.431195 ^ output5/X (sky130_fd_sc_hd__buf_2)
                                                         cout (net)
                      0.271543    0.001617    1.432812 ^ cout (out)
                                              1.432812   data arrival time

                                  0.000000    0.000000   clock clk (rise edge)
                                  0.000000    0.000000   clock network delay (propagated)
                                  0.250000    0.250000   clock uncertainty
                                  0.000000    0.250000   clock reconvergence pessimism
                                 -1.600000   -1.350000   output external delay
                                             -1.350000   data required time
---------------------------------------------------------------------------------------------
                                             -1.350000   data required time
                                             -1.432812   data arrival time
---------------------------------------------------------------------------------------------
                                              2.782812   slack (MET)


Startpoint: _8_ (rising edge-triggered flip-flop clocked by clk)
Endpoint: sum (output port clocked by clk)
Path Group: clk
Path Type: min

Fanout         Cap        Slew       Delay        Time   Description
---------------------------------------------------------------------------------------------
                                  0.000000    0.000000   clock clk (rise edge)
                                  0.000000    0.000000   clock source latency
     1    0.009630    0.078628    0.050714    0.050714 ^ clk (in)
                                                         clk (net)
                      0.078632    0.000000    0.050714 ^ clkbuf_0_clk/A (sky130_fd_sc_hd__clkbuf_16)
     2    0.019377    0.066666    0.224271    0.274985 ^ clkbuf_0_clk/X (sky130_fd_sc_hd__clkbuf_16)
                                                         clknet_0_clk (net)
                      0.066682    0.001180    0.276165 ^ clkbuf_1_0__f_clk/A (sky130_fd_sc_hd__clkbuf_16)
     1    0.003711    0.046025    0.194158    0.470323 ^ clkbuf_1_0__f_clk/X (sky130_fd_sc_hd__clkbuf_16)
                                                         clknet_1_0__leaf_clk (net)
                      0.046025    0.000259    0.470583 ^ _8_/CLK (sky130_fd_sc_hd__dfrtp_1)
     1    0.003671    0.088998    0.635547    1.106129 ^ _8_/Q (sky130_fd_sc_hd__dfrtp_1)
                                                         net6 (net)
                      0.088998    0.000242    1.106371 ^ output6/A (sky130_fd_sc_hd__buf_2)
     1    0.035092    0.278541    0.355807    1.462179 ^ output6/X (sky130_fd_sc_hd__buf_2)
                                                         sum (net)
                      0.278550    0.001923    1.464102 ^ sum (out)
                                              1.464102   data arrival time

                                  0.000000    0.000000   clock clk (rise edge)
                                  0.000000    0.000000   clock network delay (propagated)
                                  0.250000    0.250000   clock uncertainty
                                  0.000000    0.250000   clock reconvergence pessimism
                                 -1.600000   -1.350000   output external delay
                                             -1.350000   data required time
---------------------------------------------------------------------------------------------
                                             -1.350000   data required time
                                             -1.464102   data arrival time
---------------------------------------------------------------------------------------------
                                              2.814102   slack (MET)



%OL_END_REPORT
%OL_CREATE_REPORT max.rpt

===========================================================================
report_checks -path_delay max (Setup)
============================================================================
======================= max_ss_100C_1v60 Corner ===================================

Startpoint: _8_ (rising edge-triggered flip-flop clocked by clk)
Endpoint: sum (output port clocked by clk)
Path Group: clk
Path Type: max

Fanout         Cap        Slew       Delay        Time   Description
---------------------------------------------------------------------------------------------
                                  0.000000    0.000000   clock clk (rise edge)
                                  0.000000    0.000000   clock source latency
     1    0.009630    0.078628    0.050714    0.050714 ^ clk (in)
                                                         clk (net)
                      0.078632    0.000000    0.050714 ^ clkbuf_0_clk/A (sky130_fd_sc_hd__clkbuf_16)
     2    0.019377    0.066666    0.224271    0.274985 ^ clkbuf_0_clk/X (sky130_fd_sc_hd__clkbuf_16)
                                                         clknet_0_clk (net)
                      0.066682    0.001180    0.276165 ^ clkbuf_1_0__f_clk/A (sky130_fd_sc_hd__clkbuf_16)
     1    0.003711    0.046025    0.194158    0.470323 ^ clkbuf_1_0__f_clk/X (sky130_fd_sc_hd__clkbuf_16)
                                                         clknet_1_0__leaf_clk (net)
                      0.046025    0.000259    0.470583 ^ _8_/CLK (sky130_fd_sc_hd__dfrtp_1)
     1    0.003543    0.082542    0.728369    1.198951 v _8_/Q (sky130_fd_sc_hd__dfrtp_1)
                                                         net6 (net)
                      0.082542    0.000230    1.199182 v output6/A (sky130_fd_sc_hd__buf_2)
     1    0.035092    0.169483    0.352165    1.551347 v output6/X (sky130_fd_sc_hd__buf_2)
                                                         sum (net)
                      0.169503    0.001922    1.553269 v sum (out)
                                              1.553269   data arrival time

                                  8.000000    8.000000   clock clk (rise edge)
                                  0.000000    8.000000   clock network delay (propagated)
                                 -0.250000    7.750000   clock uncertainty
                                  0.000000    7.750000   clock reconvergence pessimism
                                 -1.600000    6.150000   output external delay
                                              6.150000   data required time
---------------------------------------------------------------------------------------------
                                              6.150000   data required time
                                             -1.553269   data arrival time
---------------------------------------------------------------------------------------------
                                              4.596730   slack (MET)


Startpoint: _9_ (rising edge-triggered flip-flop clocked by clk)
Endpoint: cout (output port clocked by clk)
Path Group: clk
Path Type: max

Fanout         Cap        Slew       Delay        Time   Description
---------------------------------------------------------------------------------------------
                                  0.000000    0.000000   clock clk (rise edge)
                                  0.000000    0.000000   clock source latency
     1    0.009630    0.078628    0.050714    0.050714 ^ clk (in)
                                                         clk (net)
                      0.078632    0.000000    0.050714 ^ clkbuf_0_clk/A (sky130_fd_sc_hd__clkbuf_16)
     2    0.019377    0.066666    0.224271    0.274985 ^ clkbuf_0_clk/X (sky130_fd_sc_hd__clkbuf_16)
                                                         clknet_0_clk (net)
                      0.066683    0.001206    0.276191 ^ clkbuf_1_1__f_clk/A (sky130_fd_sc_hd__clkbuf_16)
     1    0.004440    0.047031    0.195534    0.471725 ^ clkbuf_1_1__f_clk/X (sky130_fd_sc_hd__clkbuf_16)
                                                         clknet_1_1__leaf_clk (net)
                      0.047032    0.000317    0.472043 ^ _9_/CLK (sky130_fd_sc_hd__dfrtp_1)
     1    0.002079    0.069288    0.709435    1.181478 v _9_/Q (sky130_fd_sc_hd__dfrtp_1)
                                                         net5 (net)
                      0.069288    0.000146    1.181623 v output5/A (sky130_fd_sc_hd__buf_2)
     1    0.034160    0.165754    0.343241    1.524865 v output5/X (sky130_fd_sc_hd__buf_2)
                                                         cout (net)
                      0.165768    0.001616    1.526481 v cout (out)
                                              1.526481   data arrival time

                                  8.000000    8.000000   clock clk (rise edge)
                                  0.000000    8.000000   clock network delay (propagated)
                                 -0.250000    7.750000   clock uncertainty
                                  0.000000    7.750000   clock reconvergence pessimism
                                 -1.600000    6.150000   output external delay
                                              6.150000   data required time
---------------------------------------------------------------------------------------------
                                              6.150000   data required time
                                             -1.526481   data arrival time
---------------------------------------------------------------------------------------------
                                              4.623519   slack (MET)


Startpoint: b (input port clocked by clk)
Endpoint: _8_ (rising edge-triggered flip-flop clocked by clk)
Path Group: clk
Path Type: max

Fanout         Cap        Slew       Delay        Time   Description
---------------------------------------------------------------------------------------------
                                  0.000000    0.000000   clock clk (rise edge)
                                  0.000000    0.000000   clock network delay (propagated)
                                  1.600000    1.600000 v input external delay
     1    0.002713    0.018123    0.009003    1.609003 v b (in)
                                                         b (net)
                      0.018124    0.000000    1.609003 v input2/A (sky130_fd_sc_hd__buf_1)
     2    0.008060    0.104446    0.182142    1.791145 v input2/X (sky130_fd_sc_hd__buf_1)
                                                         net2 (net)
                      0.104446    0.000320    1.791465 v _5_/A (sky130_fd_sc_hd__xnor2_1)
     2    0.008208    0.360415    0.391026    2.182491 ^ _5_/Y (sky130_fd_sc_hd__xnor2_1)
                                                         _2_ (net)
                      0.360415    0.000317    2.182808 ^ _7_/B (sky130_fd_sc_hd__xnor2_1)
     1    0.005103    0.124000    0.245378    2.428186 v _7_/Y (sky130_fd_sc_hd__xnor2_1)
                                                         sum_comb (net)
                      0.124000    0.000279    2.428465 v _8_/D (sky130_fd_sc_hd__dfrtp_1)
                                              2.428465   data arrival time

                                  8.000000    8.000000   clock clk (rise edge)
                                  0.000000    8.000000   clock source latency
     1    0.009630    0.078628    0.050714    8.050714 ^ clk (in)
                                                         clk (net)
                      0.078632    0.000000    8.050714 ^ clkbuf_0_clk/A (sky130_fd_sc_hd__clkbuf_16)
     2    0.019377    0.066666    0.224271    8.274985 ^ clkbuf_0_clk/X (sky130_fd_sc_hd__clkbuf_16)
                                                         clknet_0_clk (net)
                      0.066682    0.001180    8.276166 ^ clkbuf_1_0__f_clk/A (sky130_fd_sc_hd__clkbuf_16)
     1    0.003711    0.046025    0.194158    8.470324 ^ clkbuf_1_0__f_clk/X (sky130_fd_sc_hd__clkbuf_16)
                                                         clknet_1_0__leaf_clk (net)
                      0.046025    0.000259    8.470583 ^ _8_/CLK (sky130_fd_sc_hd__dfrtp_1)
                                 -0.250000    8.220583   clock uncertainty
                                  0.000000    8.220583   clock reconvergence pessimism
                                 -0.305485    7.915098   library setup time
                                              7.915098   data required time
---------------------------------------------------------------------------------------------
                                              7.915098   data required time
                                             -2.428465   data arrival time
---------------------------------------------------------------------------------------------
                                              5.486633   slack (MET)


Startpoint: b (input port clocked by clk)
Endpoint: _9_ (rising edge-triggered flip-flop clocked by clk)
Path Group: clk
Path Type: max

Fanout         Cap        Slew       Delay        Time   Description
---------------------------------------------------------------------------------------------
                                  0.000000    0.000000   clock clk (rise edge)
                                  0.000000    0.000000   clock network delay (propagated)
                                  1.600000    1.600000 v input external delay
     1    0.002713    0.018123    0.009003    1.609003 v b (in)
                                                         b (net)
                      0.018124    0.000000    1.609003 v input2/A (sky130_fd_sc_hd__buf_1)
     2    0.008060    0.104446    0.182142    1.791145 v input2/X (sky130_fd_sc_hd__buf_1)
                                                         net2 (net)
                      0.104446    0.000320    1.791465 v _5_/A (sky130_fd_sc_hd__xnor2_1)
     2    0.008208    0.360415    0.391026    2.182491 ^ _5_/Y (sky130_fd_sc_hd__xnor2_1)
                                                         _2_ (net)
                      0.360415    0.000293    2.182785 ^ _6_/A2 (sky130_fd_sc_hd__o21ai_1)
     1    0.003507    0.099574    0.216161    2.398945 v _6_/Y (sky130_fd_sc_hd__o21ai_1)
                                                         cout_comb (net)
                      0.099574    0.000146    2.399091 v _9_/D (sky130_fd_sc_hd__dfrtp_1)
                                              2.399091   data arrival time

                                  8.000000    8.000000   clock clk (rise edge)
                                  0.000000    8.000000   clock source latency
     1    0.009630    0.078628    0.050714    8.050714 ^ clk (in)
                                                         clk (net)
                      0.078632    0.000000    8.050714 ^ clkbuf_0_clk/A (sky130_fd_sc_hd__clkbuf_16)
     2    0.019377    0.066666    0.224271    8.274985 ^ clkbuf_0_clk/X (sky130_fd_sc_hd__clkbuf_16)
                                                         clknet_0_clk (net)
                      0.066683    0.001206    8.276192 ^ clkbuf_1_1__f_clk/A (sky130_fd_sc_hd__clkbuf_16)
     1    0.004440    0.047031    0.195533    8.471725 ^ clkbuf_1_1__f_clk/X (sky130_fd_sc_hd__clkbuf_16)
                                                         clknet_1_1__leaf_clk (net)
                      0.047032    0.000318    8.472043 ^ _9_/CLK (sky130_fd_sc_hd__dfrtp_1)
                                 -0.250000    8.222043   clock uncertainty
                                  0.000000    8.222043   clock reconvergence pessimism
                                 -0.295025    7.927018   library setup time
                                              7.927018   data required time
---------------------------------------------------------------------------------------------
                                              7.927018   data required time
                                             -2.399091   data arrival time
---------------------------------------------------------------------------------------------
                                              5.527927   slack (MET)


Startpoint: rst_n (input port clocked by clk)
Endpoint: _8_ (recovery check against rising-edge clock clk)
Path Group: asynchronous
Path Type: max

Fanout         Cap        Slew       Delay        Time   Description
---------------------------------------------------------------------------------------------
                                  0.000000    0.000000   clock clk (rise edge)
                                  0.000000    0.000000   clock network delay (propagated)
                                  1.600000    1.600000 ^ input external delay
     1    0.003009    0.033624    0.016938    1.616938 ^ rst_n (in)
                                                         rst_n (net)
                      0.033625    0.000000    1.616938 ^ input4/A (sky130_fd_sc_hd__buf_1)
     2    0.008028    0.165409    0.202249    1.819187 ^ input4/X (sky130_fd_sc_hd__buf_1)
                                                         net4 (net)
                      0.165409    0.000376    1.819563 ^ _8_/RESET_B (sky130_fd_sc_hd__dfrtp_1)
                                              1.819563   data arrival time

                                  8.000000    8.000000   clock clk (rise edge)
                                  0.000000    8.000000   clock source latency
     1    0.009630    0.078628    0.050714    8.050714 ^ clk (in)
                                                         clk (net)
                      0.078632    0.000000    8.050714 ^ clkbuf_0_clk/A (sky130_fd_sc_hd__clkbuf_16)
     2    0.019377    0.066666    0.224271    8.274985 ^ clkbuf_0_clk/X (sky130_fd_sc_hd__clkbuf_16)
                                                         clknet_0_clk (net)
                      0.066682    0.001180    8.276166 ^ clkbuf_1_0__f_clk/A (sky130_fd_sc_hd__clkbuf_16)
     1    0.003711    0.046025    0.194158    8.470324 ^ clkbuf_1_0__f_clk/X (sky130_fd_sc_hd__clkbuf_16)
                                                         clknet_1_0__leaf_clk (net)
                      0.046025    0.000259    8.470583 ^ _8_/CLK (sky130_fd_sc_hd__dfrtp_1)
                                 -0.250000    8.220583   clock uncertainty
                                  0.000000    8.220583   clock reconvergence pessimism
                                  0.419199    8.639782   library recovery time
                                              8.639782   data required time
---------------------------------------------------------------------------------------------
                                              8.639782   data required time
                                             -1.819563   data arrival time
---------------------------------------------------------------------------------------------
                                              6.820219   slack (MET)


Startpoint: rst_n (input port clocked by clk)
Endpoint: _9_ (recovery check against rising-edge clock clk)
Path Group: asynchronous
Path Type: max

Fanout         Cap        Slew       Delay        Time   Description
---------------------------------------------------------------------------------------------
                                  0.000000    0.000000   clock clk (rise edge)
                                  0.000000    0.000000   clock network delay (propagated)
                                  1.600000    1.600000 ^ input external delay
     1    0.003009    0.033624    0.016938    1.616938 ^ rst_n (in)
                                                         rst_n (net)
                      0.033625    0.000000    1.616938 ^ input4/A (sky130_fd_sc_hd__buf_1)
     2    0.008028    0.165409    0.202249    1.819187 ^ input4/X (sky130_fd_sc_hd__buf_1)
                                                         net4 (net)
                      0.165409    0.000408    1.819595 ^ _9_/RESET_B (sky130_fd_sc_hd__dfrtp_1)
                                              1.819595   data arrival time

                                  8.000000    8.000000   clock clk (rise edge)
                                  0.000000    8.000000   clock source latency
     1    0.009630    0.078628    0.050714    8.050714 ^ clk (in)
                                                         clk (net)
                      0.078632    0.000000    8.050714 ^ clkbuf_0_clk/A (sky130_fd_sc_hd__clkbuf_16)
     2    0.019377    0.066666    0.224271    8.274985 ^ clkbuf_0_clk/X (sky130_fd_sc_hd__clkbuf_16)
                                                         clknet_0_clk (net)
                      0.066683    0.001206    8.276192 ^ clkbuf_1_1__f_clk/A (sky130_fd_sc_hd__clkbuf_16)
     1    0.004440    0.047031    0.195533    8.471725 ^ clkbuf_1_1__f_clk/X (sky130_fd_sc_hd__clkbuf_16)
                                                         clknet_1_1__leaf_clk (net)
                      0.047032    0.000318    8.472043 ^ _9_/CLK (sky130_fd_sc_hd__dfrtp_1)
                                 -0.250000    8.222043   clock uncertainty
                                  0.000000    8.222043   clock reconvergence pessimism
                                  0.419536    8.641580   library recovery time
                                              8.641580   data required time
---------------------------------------------------------------------------------------------
                                              8.641580   data required time
                                             -1.819595   data arrival time
---------------------------------------------------------------------------------------------
                                              6.821984   slack (MET)



%OL_END_REPORT
%OL_CREATE_REPORT checks.rpt

===========================================================================
report_checks -unconstrained
===========================================================================
======================= max_ss_100C_1v60 Corner ===================================

Startpoint: rst_n (input port clocked by clk)
Endpoint: _8_ (recovery check against rising-edge clock clk)
Path Group: asynchronous
Path Type: max

Fanout         Cap        Slew       Delay        Time   Description
---------------------------------------------------------------------------------------------
                                  0.000000    0.000000   clock clk (rise edge)
                                  0.000000    0.000000   clock network delay (propagated)
                                  1.600000    1.600000 ^ input external delay
     1    0.003009    0.033624    0.016938    1.616938 ^ rst_n (in)
                                                         rst_n (net)
                      0.033625    0.000000    1.616938 ^ input4/A (sky130_fd_sc_hd__buf_1)
     2    0.008028    0.165409    0.202249    1.819187 ^ input4/X (sky130_fd_sc_hd__buf_1)
                                                         net4 (net)
                      0.165409    0.000376    1.819563 ^ _8_/RESET_B (sky130_fd_sc_hd__dfrtp_1)
                                              1.819563   data arrival time

                                  8.000000    8.000000   clock clk (rise edge)
                                  0.000000    8.000000   clock source latency
     1    0.009630    0.078628    0.050714    8.050714 ^ clk (in)
                                                         clk (net)
                      0.078632    0.000000    8.050714 ^ clkbuf_0_clk/A (sky130_fd_sc_hd__clkbuf_16)
     2    0.019377    0.066666    0.224271    8.274985 ^ clkbuf_0_clk/X (sky130_fd_sc_hd__clkbuf_16)
                                                         clknet_0_clk (net)
                      0.066682    0.001180    8.276166 ^ clkbuf_1_0__f_clk/A (sky130_fd_sc_hd__clkbuf_16)
     1    0.003711    0.046025    0.194158    8.470324 ^ clkbuf_1_0__f_clk/X (sky130_fd_sc_hd__clkbuf_16)
                                                         clknet_1_0__leaf_clk (net)
                      0.046025    0.000259    8.470583 ^ _8_/CLK (sky130_fd_sc_hd__dfrtp_1)
                                 -0.250000    8.220583   clock uncertainty
                                  0.000000    8.220583   clock reconvergence pessimism
                                  0.419199    8.639782   library recovery time
                                              8.639782   data required time
---------------------------------------------------------------------------------------------
                                              8.639782   data required time
                                             -1.819563   data arrival time
---------------------------------------------------------------------------------------------
                                              6.820219   slack (MET)


Startpoint: _8_ (rising edge-triggered flip-flop clocked by clk)
Endpoint: sum (output port clocked by clk)
Path Group: clk
Path Type: max

Fanout         Cap        Slew       Delay        Time   Description
---------------------------------------------------------------------------------------------
                                  0.000000    0.000000   clock clk (rise edge)
                                  0.000000    0.000000   clock source latency
     1    0.009630    0.078628    0.050714    0.050714 ^ clk (in)
                                                         clk (net)
                      0.078632    0.000000    0.050714 ^ clkbuf_0_clk/A (sky130_fd_sc_hd__clkbuf_16)
     2    0.019377    0.066666    0.224271    0.274985 ^ clkbuf_0_clk/X (sky130_fd_sc_hd__clkbuf_16)
                                                         clknet_0_clk (net)
                      0.066682    0.001180    0.276165 ^ clkbuf_1_0__f_clk/A (sky130_fd_sc_hd__clkbuf_16)
     1    0.003711    0.046025    0.194158    0.470323 ^ clkbuf_1_0__f_clk/X (sky130_fd_sc_hd__clkbuf_16)
                                                         clknet_1_0__leaf_clk (net)
                      0.046025    0.000259    0.470583 ^ _8_/CLK (sky130_fd_sc_hd__dfrtp_1)
     1    0.003543    0.082542    0.728369    1.198951 v _8_/Q (sky130_fd_sc_hd__dfrtp_1)
                                                         net6 (net)
                      0.082542    0.000230    1.199182 v output6/A (sky130_fd_sc_hd__buf_2)
     1    0.035092    0.169483    0.352165    1.551347 v output6/X (sky130_fd_sc_hd__buf_2)
                                                         sum (net)
                      0.169503    0.001922    1.553269 v sum (out)
                                              1.553269   data arrival time

                                  8.000000    8.000000   clock clk (rise edge)
                                  0.000000    8.000000   clock network delay (propagated)
                                 -0.250000    7.750000   clock uncertainty
                                  0.000000    7.750000   clock reconvergence pessimism
                                 -1.600000    6.150000   output external delay
                                              6.150000   data required time
---------------------------------------------------------------------------------------------
                                              6.150000   data required time
                                             -1.553269   data arrival time
---------------------------------------------------------------------------------------------
                                              4.596730   slack (MET)




===========================================================================
report_checks --slack_max -0.01
============================================================================
======================= max_ss_100C_1v60 Corner ===================================

No paths found.


===========================================================================
 report_check_types -max_slew -max_cap -max_fanout -violators
============================================================================
======================= max_ss_100C_1v60 Corner ===================================



===========================================================================
report_parasitic_annotation -report_unannotated
============================================================================
Found 0 unannotated drivers.
Found 0 partially unannotated drivers.

===========================================================================
max slew violation count 0
%OL_METRIC_I design__max_slew_violation__count__corner:max_ss_100C_1v60 0
max fanout violation count 0
%OL_METRIC_I design__max_fanout_violation__count__corner:max_ss_100C_1v60 0
max cap violation count 0
%OL_METRIC_I design__max_cap_violation__count__corner:max_ss_100C_1v60 0
============================================================================

===========================================================================
check_setup -verbose -unconstrained_endpoints -multiple_clock -no_clock -no_input_delay -loops -generated_clocks
===========================================================================
%OL_END_REPORT
%OL_CREATE_REPORT power.rpt

===========================================================================
 report_power
============================================================================
======================= max_ss_100C_1v60 Corner ===================================

Group                    Internal    Switching      Leakage        Total
                            Power        Power        Power        Power (Watts)
------------------------------------------------------------------------
Sequential           8.964279e-06 2.424324e-07 3.773559e-08 9.244447e-06  12.2%
Combinational        1.889199e-06 3.997874e-06 4.513307e-08 5.932205e-06   7.9%
Clock                5.143864e-05 8.808985e-06 5.715007e-08 6.030477e-05  79.9%
Macro                0.000000e+00 0.000000e+00 0.000000e+00 0.000000e+00   0.0%
Pad                  0.000000e+00 0.000000e+00 0.000000e+00 0.000000e+00   0.0%
------------------------------------------------------------------------
Total                6.229211e-05 1.304929e-05 1.400187e-07 7.548142e-05 100.0%
                            82.5%        17.3%         0.2%
%OL_METRIC_F power__internal__total 6.229211430763826e-5
%OL_METRIC_F power__switching__total 1.3049289918853901e-5
%OL_METRIC_F power__leakage__total 1.4001872727931186e-7
%OL_METRIC_F power__total 7.548142457380891e-5

%OL_END_REPORT
%OL_CREATE_REPORT skew.min.rpt

===========================================================================
Clock Skew (Hold)
============================================================================
%OL_METRIC_F clock__skew__worst_hold__corner:max_ss_100C_1v60 0.0
======================= max_ss_100C_1v60 Corner ===================================

Clock clk
No launch/capture paths found.

%OL_END_REPORT
%OL_CREATE_REPORT skew.max.rpt

===========================================================================
Clock Skew (Setup)
============================================================================
%OL_METRIC_F clock__skew__worst_setup__corner:max_ss_100C_1v60 0.0
======================= max_ss_100C_1v60 Corner ===================================

Clock clk
No launch/capture paths found.

%OL_END_REPORT
%OL_CREATE_REPORT ws.min.rpt

===========================================================================
Worst Slack (Hold)
============================================================================
%OL_METRIC_F timing__hold__ws__corner:max_ss_100C_1v60 0.41770321717106507
max_ss_100C_1v60: 0.41770321717106507
%OL_END_REPORT
%OL_CREATE_REPORT ws.max.rpt

===========================================================================
Worst Slack (Setup)
============================================================================
%OL_METRIC_F timing__setup__ws__corner:max_ss_100C_1v60 4.596730237668781
max_ss_100C_1v60: 4.596730237668781
%OL_END_REPORT
%OL_CREATE_REPORT tns.min.rpt

===========================================================================
Total Negative Slack (Hold)
============================================================================
%OL_METRIC_F timing__hold__tns__corner:max_ss_100C_1v60 0.0
max_ss_100C_1v60: 0.0
%OL_END_REPORT
%OL_CREATE_REPORT tns.max.rpt

===========================================================================
Total Negative Slack (Setup)
============================================================================
%OL_METRIC_F timing__setup__tns__corner:max_ss_100C_1v60 0.0
max_ss_100C_1v60: 0.0
%OL_END_REPORT
%OL_CREATE_REPORT wns.min.rpt

===========================================================================
Worst Negative Slack (Hold)
============================================================================
%OL_METRIC_F timing__hold__wns__corner:max_ss_100C_1v60 0
max_ss_100C_1v60: 0
%OL_END_REPORT
%OL_CREATE_REPORT wns.max.rpt

===========================================================================
Worst Negative Slack (Setup)
============================================================================
%OL_METRIC_F timing__setup__wns__corner:max_ss_100C_1v60 0.0
max_ss_100C_1v60: 0.0
%OL_END_REPORT
%OL_CREATE_REPORT violator_list.rpt

===========================================================================
Violator List
============================================================================
%OL_METRIC_I timing__hold_vio__count__corner:max_ss_100C_1v60 0
%OL_METRIC_F timing__hold_r2r__ws__corner:max_ss_100C_1v60 inf
%OL_METRIC_I timing__hold_r2r_vio__count__corner:max_ss_100C_1v60 0
%OL_METRIC_I timing__setup_vio__count__corner:max_ss_100C_1v60 0
%OL_METRIC_F timing__setup_r2r__ws__corner:max_ss_100C_1v60 inf
%OL_METRIC_I timing__setup_r2r_vio__count__corner:max_ss_100C_1v60 0
%OL_END_REPORT
%OL_CREATE_REPORT unpropagated.rpt
%OL_END_REPORT
%OL_CREATE_REPORT clock.rpt
Clock: clk
Sources: clk 
Generated: no
Virtual: yes
Propagated: no
Period: 8.000000

===========================================================================
report_clock_properties
============================================================================
Clock                   Period          Waveform
----------------------------------------------------
clk                   8.000000    0.000000  4.000000

===========================================================================
report_clock_latency
============================================================================
Clock clk
rise -> rise
    min     max
0.000000 0.000000 source latency
0.470583         network latency _8_/CLK
        0.472043 network latency _9_/CLK
---------------
0.470583 0.472043 latency
        0.001460 skew

fall -> fall
    min     max
0.000000 0.000000 source latency
0.497851         network latency _8_/CLK
        0.499134 network latency _9_/CLK
---------------
0.497851 0.499134 latency
        0.001283 skew



===========================================================================
report_clock_min_period
============================================================================
clk period_min = 0.00 fmax = inf
%OL_END_REPORT
Writing SDF files for all corners…
Removing Clock latencies before writing libs…
Writing timing models for all corners…
Writing timing models for the max_ss_100C_1v60 corner to /home/chithang/pdop2/FA_reg/runs/RUN_2026-03-28_14-30-24/54-openroad-stapostpnr/max_ss_100C_1v60/FA_Reg__max_ss_100C_1v60.lib…
