Reading OpenROAD database at '/home/chithang/pdop2/FA_reg/runs/RUN_2026-03-28_14-18-22/58-openroad-cts/FA_Reg.odb'…
Reading library file at '/home/chithang/.volare/volare/sky130/versions/0fe599b2afb6708d281543108caf8310912f54af/sky130A/libs.ref/sky130_fd_sc_hd/lib/sky130_fd_sc_hd__tt_025C_1v80.lib'…
Reading design constraints file at '/nix/store/h0ldzjka94yryiq8yxbxmwargpnmwhx6-python3-3.11.9-env/lib/python3.11/site-packages/openlane/scripts/base.sdc'…
[INFO] Using clock clk…
[INFO] Setting output delay to: 1.6
[INFO] Setting input delay to: 1.6
[INFO] Setting load to: 0.033442
[INFO] Setting clock uncertainty to: 0.25
[INFO] Setting clock transition to: 0.1499999999999999944488848768742172978818416595458984375
[INFO] Setting timing derate to: 5%
[INFO] Setting RC values…
[WARNING GRT-0097] No global routing found for nets.
%OL_CREATE_REPORT min.rpt

===========================================================================
report_checks -path_delay min (Hold)
============================================================================
======================= nom_tt_025C_1v80 Corner ===================================

Startpoint: rst_n (input port clocked by clk)
Endpoint: _9_ (removal check against rising-edge clock clk)
Path Group: asynchronous
Path Type: min

Fanout         Cap        Slew       Delay        Time   Description
---------------------------------------------------------------------------------------------
                                  0.000000    0.000000   clock clk (rise edge)
                                  0.000000    0.000000   clock network delay (propagated)
                                  1.600000    1.600000 ^ input external delay
     1    0.002914    0.020222    0.010692    1.610692 ^ rst_n (in)
                                                         rst_n (net)
                      0.020222    0.000000    1.610692 ^ input4/A (sky130_fd_sc_hd__buf_1)
     2    0.008193    0.106987    0.115028    1.725721 ^ input4/X (sky130_fd_sc_hd__buf_1)
                                                         net4 (net)
                      0.106987    0.000033    1.725754 ^ _9_/RESET_B (sky130_fd_sc_hd__dfrtp_1)
                                              1.725754   data arrival time

                                  0.000000    0.000000   clock clk (rise edge)
                                  0.000000    0.000000   clock source latency
     1    0.009029    0.047085    0.030849    0.030849 ^ clk (in)
                                                         clk (net)
                      0.047085    0.000000    0.030849 ^ clkbuf_0_clk/A (sky130_fd_sc_hd__clkbuf_16)
     2    0.018010    0.040151    0.124319    0.155168 ^ clkbuf_0_clk/X (sky130_fd_sc_hd__clkbuf_16)
                                                         clknet_0_clk (net)
                      0.040152    0.000083    0.155251 ^ clkbuf_1_1__f_clk/A (sky130_fd_sc_hd__clkbuf_16)
     1    0.003203    0.027092    0.106616    0.261867 ^ clkbuf_1_1__f_clk/X (sky130_fd_sc_hd__clkbuf_16)
                                                         clknet_1_1__leaf_clk (net)
                      0.027092    0.000020    0.261887 ^ _9_/CLK (sky130_fd_sc_hd__dfrtp_1)
                                  0.250000    0.511887   clock uncertainty
                                  0.000000    0.511887   clock reconvergence pessimism
                                  0.332426    0.844313   library removal time
                                              0.844313   data required time
---------------------------------------------------------------------------------------------
                                              0.844313   data required time
                                             -1.725754   data arrival time
---------------------------------------------------------------------------------------------
                                              0.881441   slack (MET)


Startpoint: rst_n (input port clocked by clk)
Endpoint: _8_ (removal check against rising-edge clock clk)
Path Group: asynchronous
Path Type: min

Fanout         Cap        Slew       Delay        Time   Description
---------------------------------------------------------------------------------------------
                                  0.000000    0.000000   clock clk (rise edge)
                                  0.000000    0.000000   clock network delay (propagated)
                                  1.600000    1.600000 ^ input external delay
     1    0.002914    0.020222    0.010692    1.610692 ^ rst_n (in)
                                                         rst_n (net)
                      0.020222    0.000000    1.610692 ^ input4/A (sky130_fd_sc_hd__buf_1)
     2    0.008193    0.106987    0.115028    1.725721 ^ input4/X (sky130_fd_sc_hd__buf_1)
                                                         net4 (net)
                      0.106987    0.000022    1.725743 ^ _8_/RESET_B (sky130_fd_sc_hd__dfrtp_1)
                                              1.725743   data arrival time

                                  0.000000    0.000000   clock clk (rise edge)
                                  0.000000    0.000000   clock source latency
     1    0.009029    0.047085    0.030849    0.030849 ^ clk (in)
                                                         clk (net)
                      0.047085    0.000000    0.030849 ^ clkbuf_0_clk/A (sky130_fd_sc_hd__clkbuf_16)
     2    0.018010    0.040151    0.124319    0.155168 ^ clkbuf_0_clk/X (sky130_fd_sc_hd__clkbuf_16)
                                                         clknet_0_clk (net)
                      0.040152    0.000070    0.155238 ^ clkbuf_1_0__f_clk/A (sky130_fd_sc_hd__clkbuf_16)
     1    0.003003    0.026899    0.106376    0.261615 ^ clkbuf_1_0__f_clk/X (sky130_fd_sc_hd__clkbuf_16)
                                                         clknet_1_0__leaf_clk (net)
                      0.026899    0.000016    0.261630 ^ _8_/CLK (sky130_fd_sc_hd__dfrtp_1)
                                  0.250000    0.511630   clock uncertainty
                                  0.000000    0.511630   clock reconvergence pessimism
                                  0.332374    0.844004   library removal time
                                              0.844004   data required time
---------------------------------------------------------------------------------------------
                                              0.844004   data required time
                                             -1.725743   data arrival time
---------------------------------------------------------------------------------------------
                                              0.881739   slack (MET)


Startpoint: b (input port clocked by clk)
Endpoint: _9_ (rising edge-triggered flip-flop clocked by clk)
Path Group: clk
Path Type: min

Fanout         Cap        Slew       Delay        Time   Description
---------------------------------------------------------------------------------------------
                                  0.000000    0.000000   clock clk (rise edge)
                                  0.000000    0.000000   clock network delay (propagated)
                                  1.600000    1.600000 v input external delay
     1    0.002606    0.008183    0.004085    1.604085 v b (in)
                                                         b (net)
                      0.008183    0.000000    1.604085 v input2/A (sky130_fd_sc_hd__buf_1)
     2    0.007456    0.051876    0.093868    1.697952 v input2/X (sky130_fd_sc_hd__buf_1)
                                                         net2 (net)
                      0.051876    0.000018    1.697971 v _4_/A (sky130_fd_sc_hd__nand2_1)
     1    0.002776    0.038794    0.056358    1.754329 ^ _4_/Y (sky130_fd_sc_hd__nand2_1)
                                                         _1_ (net)
                      0.038794    0.000009    1.754338 ^ _6_/B1 (sky130_fd_sc_hd__o21ai_1)
     1    0.003101    0.037666    0.055081    1.809419 v _6_/Y (sky130_fd_sc_hd__o21ai_1)
                                                         cout_comb (net)
                      0.037666    0.000012    1.809431 v _9_/D (sky130_fd_sc_hd__dfrtp_1)
                                              1.809431   data arrival time

                                  0.000000    0.000000   clock clk (rise edge)
                                  0.000000    0.000000   clock source latency
     1    0.009029    0.047085    0.030849    0.030849 ^ clk (in)
                                                         clk (net)
                      0.047085    0.000000    0.030849 ^ clkbuf_0_clk/A (sky130_fd_sc_hd__clkbuf_16)
     2    0.018010    0.040151    0.124319    0.155168 ^ clkbuf_0_clk/X (sky130_fd_sc_hd__clkbuf_16)
                                                         clknet_0_clk (net)
                      0.040152    0.000083    0.155251 ^ clkbuf_1_1__f_clk/A (sky130_fd_sc_hd__clkbuf_16)
     1    0.003203    0.027092    0.106616    0.261867 ^ clkbuf_1_1__f_clk/X (sky130_fd_sc_hd__clkbuf_16)
                                                         clknet_1_1__leaf_clk (net)
                      0.027092    0.000020    0.261887 ^ _9_/CLK (sky130_fd_sc_hd__dfrtp_1)
                                  0.250000    0.511887   clock uncertainty
                                  0.000000    0.511887   clock reconvergence pessimism
                                 -0.046874    0.465013   library hold time
                                              0.465013   data required time
---------------------------------------------------------------------------------------------
                                              0.465013   data required time
                                             -1.809431   data arrival time
---------------------------------------------------------------------------------------------
                                              1.344418   slack (MET)


Startpoint: cin (input port clocked by clk)
Endpoint: _8_ (rising edge-triggered flip-flop clocked by clk)
Path Group: clk
Path Type: min

Fanout         Cap        Slew       Delay        Time   Description
---------------------------------------------------------------------------------------------
                                  0.000000    0.000000   clock clk (rise edge)
                                  0.000000    0.000000   clock network delay (propagated)
                                  1.600000    1.600000 ^ input external delay
     1    0.002700    0.019997    0.009945    1.609945 ^ cin (in)
                                                         cin (net)
                      0.019997    0.000000    1.609945 ^ input3/A (sky130_fd_sc_hd__buf_1)
     2    0.010346    0.131657    0.131874    1.741819 ^ input3/X (sky130_fd_sc_hd__buf_1)
                                                         net3 (net)
                      0.131657    0.000043    1.741862 ^ _7_/A (sky130_fd_sc_hd__xnor2_1)
     1    0.003651    0.042276    0.091652    1.833514 v _7_/Y (sky130_fd_sc_hd__xnor2_1)
                                                         sum_comb (net)
                      0.042276    0.000023    1.833537 v _8_/D (sky130_fd_sc_hd__dfrtp_1)
                                              1.833537   data arrival time

                                  0.000000    0.000000   clock clk (rise edge)
                                  0.000000    0.000000   clock source latency
     1    0.009029    0.047085    0.030849    0.030849 ^ clk (in)
                                                         clk (net)
                      0.047085    0.000000    0.030849 ^ clkbuf_0_clk/A (sky130_fd_sc_hd__clkbuf_16)
     2    0.018010    0.040151    0.124319    0.155168 ^ clkbuf_0_clk/X (sky130_fd_sc_hd__clkbuf_16)
                                                         clknet_0_clk (net)
                      0.040152    0.000070    0.155238 ^ clkbuf_1_0__f_clk/A (sky130_fd_sc_hd__clkbuf_16)
     1    0.003003    0.026899    0.106376    0.261615 ^ clkbuf_1_0__f_clk/X (sky130_fd_sc_hd__clkbuf_16)
                                                         clknet_1_0__leaf_clk (net)
                      0.026899    0.000016    0.261630 ^ _8_/CLK (sky130_fd_sc_hd__dfrtp_1)
                                  0.250000    0.511630   clock uncertainty
                                  0.000000    0.511630   clock reconvergence pessimism
                                 -0.048796    0.462835   library hold time
                                              0.462835   data required time
---------------------------------------------------------------------------------------------
                                              0.462835   data required time
                                             -1.833537   data arrival time
---------------------------------------------------------------------------------------------
                                              1.370702   slack (MET)


Startpoint: _9_ (rising edge-triggered flip-flop clocked by clk)
Endpoint: cout (output port clocked by clk)
Path Group: clk
Path Type: min

Fanout         Cap        Slew       Delay        Time   Description
---------------------------------------------------------------------------------------------
                                  0.000000    0.000000   clock clk (rise edge)
                                  0.000000    0.000000   clock source latency
     1    0.009029    0.047085    0.030849    0.030849 ^ clk (in)
                                                         clk (net)
                      0.047085    0.000000    0.030849 ^ clkbuf_0_clk/A (sky130_fd_sc_hd__clkbuf_16)
     2    0.018010    0.040151    0.124319    0.155168 ^ clkbuf_0_clk/X (sky130_fd_sc_hd__clkbuf_16)
                                                         clknet_0_clk (net)
                      0.040152    0.000083    0.155251 ^ clkbuf_1_1__f_clk/A (sky130_fd_sc_hd__clkbuf_16)
     1    0.003203    0.027092    0.106616    0.261867 ^ clkbuf_1_1__f_clk/X (sky130_fd_sc_hd__clkbuf_16)
                                                         clknet_1_1__leaf_clk (net)
                      0.027092    0.000020    0.261887 ^ _9_/CLK (sky130_fd_sc_hd__dfrtp_1)
     1    0.002026    0.040622    0.300857    0.562744 ^ _9_/Q (sky130_fd_sc_hd__dfrtp_1)
                                                         net5 (net)
                      0.040622    0.000003    0.562746 ^ output5/A (sky130_fd_sc_hd__buf_2)
     1    0.034016    0.168929    0.195858    0.758604 ^ output5/X (sky130_fd_sc_hd__buf_2)
                                                         cout (net)
                      0.168929    0.000086    0.758690 ^ cout (out)
                                              0.758690   data arrival time

                                  0.000000    0.000000   clock clk (rise edge)
                                  0.000000    0.000000   clock network delay (propagated)
                                  0.250000    0.250000   clock uncertainty
                                  0.000000    0.250000   clock reconvergence pessimism
                                 -1.600000   -1.350000   output external delay
                                             -1.350000   data required time
---------------------------------------------------------------------------------------------
                                             -1.350000   data required time
                                             -0.758690   data arrival time
---------------------------------------------------------------------------------------------
                                              2.108691   slack (MET)


Startpoint: _8_ (rising edge-triggered flip-flop clocked by clk)
Endpoint: sum (output port clocked by clk)
Path Group: clk
Path Type: min

Fanout         Cap        Slew       Delay        Time   Description
---------------------------------------------------------------------------------------------
                                  0.000000    0.000000   clock clk (rise edge)
                                  0.000000    0.000000   clock source latency
     1    0.009029    0.047085    0.030849    0.030849 ^ clk (in)
                                                         clk (net)
                      0.047085    0.000000    0.030849 ^ clkbuf_0_clk/A (sky130_fd_sc_hd__clkbuf_16)
     2    0.018010    0.040151    0.124319    0.155168 ^ clkbuf_0_clk/X (sky130_fd_sc_hd__clkbuf_16)
                                                         clknet_0_clk (net)
                      0.040152    0.000070    0.155238 ^ clkbuf_1_0__f_clk/A (sky130_fd_sc_hd__clkbuf_16)
     1    0.003003    0.026899    0.106376    0.261615 ^ clkbuf_1_0__f_clk/X (sky130_fd_sc_hd__clkbuf_16)
                                                         clknet_1_0__leaf_clk (net)
                      0.026899    0.000016    0.261630 ^ _8_/CLK (sky130_fd_sc_hd__dfrtp_1)
     1    0.002490    0.044303    0.304627    0.566257 ^ _8_/Q (sky130_fd_sc_hd__dfrtp_1)
                                                         net6 (net)
                      0.044303    0.000010    0.566267 ^ output6/A (sky130_fd_sc_hd__buf_2)
     1    0.034485    0.171124    0.198759    0.765026 ^ output6/X (sky130_fd_sc_hd__buf_2)
                                                         sum (net)
                      0.171124    0.000177    0.765203 ^ sum (out)
                                              0.765203   data arrival time

                                  0.000000    0.000000   clock clk (rise edge)
                                  0.000000    0.000000   clock network delay (propagated)
                                  0.250000    0.250000   clock uncertainty
                                  0.000000    0.250000   clock reconvergence pessimism
                                 -1.600000   -1.350000   output external delay
                                             -1.350000   data required time
---------------------------------------------------------------------------------------------
                                             -1.350000   data required time
                                             -0.765203   data arrival time
---------------------------------------------------------------------------------------------
                                              2.115202   slack (MET)



%OL_END_REPORT
%OL_CREATE_REPORT max.rpt

===========================================================================
report_checks -path_delay max (Setup)
============================================================================
======================= nom_tt_025C_1v80 Corner ===================================

Startpoint: _8_ (rising edge-triggered flip-flop clocked by clk)
Endpoint: sum (output port clocked by clk)
Path Group: clk
Path Type: max

Fanout         Cap        Slew       Delay        Time   Description
---------------------------------------------------------------------------------------------
                                  0.000000    0.000000   clock clk (rise edge)
                                  0.000000    0.000000   clock source latency
     1    0.009029    0.047085    0.030849    0.030849 ^ clk (in)
                                                         clk (net)
                      0.047085    0.000000    0.030849 ^ clkbuf_0_clk/A (sky130_fd_sc_hd__clkbuf_16)
     2    0.018010    0.040151    0.124319    0.155168 ^ clkbuf_0_clk/X (sky130_fd_sc_hd__clkbuf_16)
                                                         clknet_0_clk (net)
                      0.040152    0.000070    0.155238 ^ clkbuf_1_0__f_clk/A (sky130_fd_sc_hd__clkbuf_16)
     1    0.003003    0.026899    0.106376    0.261615 ^ clkbuf_1_0__f_clk/X (sky130_fd_sc_hd__clkbuf_16)
                                                         clknet_1_0__leaf_clk (net)
                      0.026899    0.000016    0.261630 ^ _8_/CLK (sky130_fd_sc_hd__dfrtp_1)
     1    0.002330    0.038043    0.342127    0.603757 v _8_/Q (sky130_fd_sc_hd__dfrtp_1)
                                                         net6 (net)
                      0.038043    0.000009    0.603766 v output6/A (sky130_fd_sc_hd__buf_2)
     1    0.034485    0.089807    0.177896    0.781661 v output6/X (sky130_fd_sc_hd__buf_2)
                                                         sum (net)
                      0.089807    0.000177    0.781838 v sum (out)
                                              0.781838   data arrival time

                                  8.000000    8.000000   clock clk (rise edge)
                                  0.000000    8.000000   clock network delay (propagated)
                                 -0.250000    7.750000   clock uncertainty
                                  0.000000    7.750000   clock reconvergence pessimism
                                 -1.600000    6.150000   output external delay
                                              6.150000   data required time
---------------------------------------------------------------------------------------------
                                              6.150000   data required time
                                             -0.781838   data arrival time
---------------------------------------------------------------------------------------------
                                              5.368162   slack (MET)


Startpoint: _9_ (rising edge-triggered flip-flop clocked by clk)
Endpoint: cout (output port clocked by clk)
Path Group: clk
Path Type: max

Fanout         Cap        Slew       Delay        Time   Description
---------------------------------------------------------------------------------------------
                                  0.000000    0.000000   clock clk (rise edge)
                                  0.000000    0.000000   clock source latency
     1    0.009029    0.047085    0.030849    0.030849 ^ clk (in)
                                                         clk (net)
                      0.047085    0.000000    0.030849 ^ clkbuf_0_clk/A (sky130_fd_sc_hd__clkbuf_16)
     2    0.018010    0.040151    0.124319    0.155168 ^ clkbuf_0_clk/X (sky130_fd_sc_hd__clkbuf_16)
                                                         clknet_0_clk (net)
                      0.040152    0.000083    0.155251 ^ clkbuf_1_1__f_clk/A (sky130_fd_sc_hd__clkbuf_16)
     1    0.003203    0.027092    0.106616    0.261867 ^ clkbuf_1_1__f_clk/X (sky130_fd_sc_hd__clkbuf_16)
                                                         clknet_1_1__leaf_clk (net)
                      0.027092    0.000020    0.261887 ^ _9_/CLK (sky130_fd_sc_hd__dfrtp_1)
     1    0.001866    0.035585    0.338749    0.600635 v _9_/Q (sky130_fd_sc_hd__dfrtp_1)
                                                         net5 (net)
                      0.035585    0.000002    0.600638 v output5/A (sky130_fd_sc_hd__buf_2)
     1    0.034016    0.088777    0.176033    0.776671 v output5/X (sky130_fd_sc_hd__buf_2)
                                                         cout (net)
                      0.088777    0.000086    0.776758 v cout (out)
                                              0.776758   data arrival time

                                  8.000000    8.000000   clock clk (rise edge)
                                  0.000000    8.000000   clock network delay (propagated)
                                 -0.250000    7.750000   clock uncertainty
                                  0.000000    7.750000   clock reconvergence pessimism
                                 -1.600000    6.150000   output external delay
                                              6.150000   data required time
---------------------------------------------------------------------------------------------
                                              6.150000   data required time
                                             -0.776758   data arrival time
---------------------------------------------------------------------------------------------
                                              5.373242   slack (MET)


Startpoint: b (input port clocked by clk)
Endpoint: _8_ (rising edge-triggered flip-flop clocked by clk)
Path Group: clk
Path Type: max

Fanout         Cap        Slew       Delay        Time   Description
---------------------------------------------------------------------------------------------
                                  0.000000    0.000000   clock clk (rise edge)
                                  0.000000    0.000000   clock network delay (propagated)
                                  1.600000    1.600000 v input external delay
     1    0.002606    0.008183    0.004085    1.604085 v b (in)
                                                         b (net)
                      0.008183    0.000000    1.604085 v input2/A (sky130_fd_sc_hd__buf_1)
     2    0.007456    0.051876    0.093868    1.697952 v input2/X (sky130_fd_sc_hd__buf_1)
                                                         net2 (net)
                      0.051876    0.000012    1.697964 v _5_/A (sky130_fd_sc_hd__xnor2_1)
     2    0.007829    0.220537    0.223192    1.921157 ^ _5_/Y (sky130_fd_sc_hd__xnor2_1)
                                                         _2_ (net)
                      0.220537    0.000011    1.921168 ^ _7_/B (sky130_fd_sc_hd__xnor2_1)
     1    0.003708    0.136756    0.151740    2.072908 ^ _7_/Y (sky130_fd_sc_hd__xnor2_1)
                                                         sum_comb (net)
                      0.136756    0.000023    2.072932 ^ _8_/D (sky130_fd_sc_hd__dfrtp_1)
                                              2.072932   data arrival time

                                  8.000000    8.000000   clock clk (rise edge)
                                  0.000000    8.000000   clock source latency
     1    0.009029    0.047085    0.030848    8.030849 ^ clk (in)
                                                         clk (net)
                      0.047085    0.000000    8.030849 ^ clkbuf_0_clk/A (sky130_fd_sc_hd__clkbuf_16)
     2    0.018010    0.040151    0.124319    8.155168 ^ clkbuf_0_clk/X (sky130_fd_sc_hd__clkbuf_16)
                                                         clknet_0_clk (net)
                      0.040152    0.000071    8.155238 ^ clkbuf_1_0__f_clk/A (sky130_fd_sc_hd__clkbuf_16)
     1    0.003003    0.026899    0.106376    8.261615 ^ clkbuf_1_0__f_clk/X (sky130_fd_sc_hd__clkbuf_16)
                                                         clknet_1_0__leaf_clk (net)
                      0.026899    0.000015    8.261630 ^ _8_/CLK (sky130_fd_sc_hd__dfrtp_1)
                                 -0.250000    8.011630   clock uncertainty
                                  0.000000    8.011630   clock reconvergence pessimism
                                 -0.083830    7.927799   library setup time
                                              7.927799   data required time
---------------------------------------------------------------------------------------------
                                              7.927799   data required time
                                             -2.072932   data arrival time
---------------------------------------------------------------------------------------------
                                              5.854867   slack (MET)


Startpoint: b (input port clocked by clk)
Endpoint: _9_ (rising edge-triggered flip-flop clocked by clk)
Path Group: clk
Path Type: max

Fanout         Cap        Slew       Delay        Time   Description
---------------------------------------------------------------------------------------------
                                  0.000000    0.000000   clock clk (rise edge)
                                  0.000000    0.000000   clock network delay (propagated)
                                  1.600000    1.600000 v input external delay
     1    0.002606    0.008183    0.004085    1.604085 v b (in)
                                                         b (net)
                      0.008183    0.000000    1.604085 v input2/A (sky130_fd_sc_hd__buf_1)
     2    0.007456    0.051876    0.093868    1.697952 v input2/X (sky130_fd_sc_hd__buf_1)
                                                         net2 (net)
                      0.051876    0.000012    1.697964 v _5_/A (sky130_fd_sc_hd__xnor2_1)
     2    0.007829    0.220537    0.223192    1.921157 ^ _5_/Y (sky130_fd_sc_hd__xnor2_1)
                                                         _2_ (net)
                      0.220537    0.000013    1.921170 ^ _6_/A2 (sky130_fd_sc_hd__o21ai_1)
     1    0.003101    0.054616    0.087333    2.008503 v _6_/Y (sky130_fd_sc_hd__o21ai_1)
                                                         cout_comb (net)
                      0.054616    0.000012    2.008515 v _9_/D (sky130_fd_sc_hd__dfrtp_1)
                                              2.008515   data arrival time

                                  8.000000    8.000000   clock clk (rise edge)
                                  0.000000    8.000000   clock source latency
     1    0.009029    0.047085    0.030848    8.030849 ^ clk (in)
                                                         clk (net)
                      0.047085    0.000000    8.030849 ^ clkbuf_0_clk/A (sky130_fd_sc_hd__clkbuf_16)
     2    0.018010    0.040151    0.124319    8.155168 ^ clkbuf_0_clk/X (sky130_fd_sc_hd__clkbuf_16)
                                                         clknet_0_clk (net)
                      0.040152    0.000083    8.155251 ^ clkbuf_1_1__f_clk/A (sky130_fd_sc_hd__clkbuf_16)
     1    0.003203    0.027092    0.106616    8.261867 ^ clkbuf_1_1__f_clk/X (sky130_fd_sc_hd__clkbuf_16)
                                                         clknet_1_1__leaf_clk (net)
                      0.027092    0.000020    8.261887 ^ _9_/CLK (sky130_fd_sc_hd__dfrtp_1)
                                 -0.250000    8.011887   clock uncertainty
                                  0.000000    8.011887   clock reconvergence pessimism
                                 -0.122571    7.889315   library setup time
                                              7.889315   data required time
---------------------------------------------------------------------------------------------
                                              7.889315   data required time
                                             -2.008515   data arrival time
---------------------------------------------------------------------------------------------
                                              5.880800   slack (MET)


Startpoint: rst_n (input port clocked by clk)
Endpoint: _8_ (recovery check against rising-edge clock clk)
Path Group: asynchronous
Path Type: max

Fanout         Cap        Slew       Delay        Time   Description
---------------------------------------------------------------------------------------------
                                  0.000000    0.000000   clock clk (rise edge)
                                  0.000000    0.000000   clock network delay (propagated)
                                  1.600000    1.600000 ^ input external delay
     1    0.002914    0.020222    0.010692    1.610692 ^ rst_n (in)
                                                         rst_n (net)
                      0.020222    0.000000    1.610692 ^ input4/A (sky130_fd_sc_hd__buf_1)
     2    0.008193    0.106987    0.115028    1.725721 ^ input4/X (sky130_fd_sc_hd__buf_1)
                                                         net4 (net)
                      0.106987    0.000022    1.725743 ^ _8_/RESET_B (sky130_fd_sc_hd__dfrtp_1)
                                              1.725743   data arrival time

                                  8.000000    8.000000   clock clk (rise edge)
                                  0.000000    8.000000   clock source latency
     1    0.009029    0.047085    0.030848    8.030849 ^ clk (in)
                                                         clk (net)
                      0.047085    0.000000    8.030849 ^ clkbuf_0_clk/A (sky130_fd_sc_hd__clkbuf_16)
     2    0.018010    0.040151    0.124319    8.155168 ^ clkbuf_0_clk/X (sky130_fd_sc_hd__clkbuf_16)
                                                         clknet_0_clk (net)
                      0.040152    0.000071    8.155238 ^ clkbuf_1_0__f_clk/A (sky130_fd_sc_hd__clkbuf_16)
     1    0.003003    0.026899    0.106376    8.261615 ^ clkbuf_1_0__f_clk/X (sky130_fd_sc_hd__clkbuf_16)
                                                         clknet_1_0__leaf_clk (net)
                      0.026899    0.000015    8.261630 ^ _8_/CLK (sky130_fd_sc_hd__dfrtp_1)
                                 -0.250000    8.011630   clock uncertainty
                                  0.000000    8.011630   clock reconvergence pessimism
                                  0.208689    8.220319   library recovery time
                                              8.220319   data required time
---------------------------------------------------------------------------------------------
                                              8.220319   data required time
                                             -1.725743   data arrival time
---------------------------------------------------------------------------------------------
                                              6.494576   slack (MET)


Startpoint: rst_n (input port clocked by clk)
Endpoint: _9_ (recovery check against rising-edge clock clk)
Path Group: asynchronous
Path Type: max

Fanout         Cap        Slew       Delay        Time   Description
---------------------------------------------------------------------------------------------
                                  0.000000    0.000000   clock clk (rise edge)
                                  0.000000    0.000000   clock network delay (propagated)
                                  1.600000    1.600000 ^ input external delay
     1    0.002914    0.020222    0.010692    1.610692 ^ rst_n (in)
                                                         rst_n (net)
                      0.020222    0.000000    1.610692 ^ input4/A (sky130_fd_sc_hd__buf_1)
     2    0.008193    0.106987    0.115028    1.725721 ^ input4/X (sky130_fd_sc_hd__buf_1)
                                                         net4 (net)
                      0.106987    0.000033    1.725754 ^ _9_/RESET_B (sky130_fd_sc_hd__dfrtp_1)
                                              1.725754   data arrival time

                                  8.000000    8.000000   clock clk (rise edge)
                                  0.000000    8.000000   clock source latency
     1    0.009029    0.047085    0.030848    8.030849 ^ clk (in)
                                                         clk (net)
                      0.047085    0.000000    8.030849 ^ clkbuf_0_clk/A (sky130_fd_sc_hd__clkbuf_16)
     2    0.018010    0.040151    0.124319    8.155168 ^ clkbuf_0_clk/X (sky130_fd_sc_hd__clkbuf_16)
                                                         clknet_0_clk (net)
                      0.040152    0.000083    8.155251 ^ clkbuf_1_1__f_clk/A (sky130_fd_sc_hd__clkbuf_16)
     1    0.003203    0.027092    0.106616    8.261867 ^ clkbuf_1_1__f_clk/X (sky130_fd_sc_hd__clkbuf_16)
                                                         clknet_1_1__leaf_clk (net)
                      0.027092    0.000020    8.261887 ^ _9_/CLK (sky130_fd_sc_hd__dfrtp_1)
                                 -0.250000    8.011887   clock uncertainty
                                  0.000000    8.011887   clock reconvergence pessimism
                                  0.208749    8.220635   library recovery time
                                              8.220635   data required time
---------------------------------------------------------------------------------------------
                                              8.220635   data required time
                                             -1.725754   data arrival time
---------------------------------------------------------------------------------------------
                                              6.494881   slack (MET)



%OL_END_REPORT
%OL_CREATE_REPORT checks.rpt

===========================================================================
report_checks -unconstrained
===========================================================================
======================= nom_tt_025C_1v80 Corner ===================================

Startpoint: rst_n (input port clocked by clk)
Endpoint: _8_ (recovery check against rising-edge clock clk)
Path Group: asynchronous
Path Type: max

Fanout         Cap        Slew       Delay        Time   Description
---------------------------------------------------------------------------------------------
                                  0.000000    0.000000   clock clk (rise edge)
                                  0.000000    0.000000   clock network delay (propagated)
                                  1.600000    1.600000 ^ input external delay
     1    0.002914    0.020222    0.010692    1.610692 ^ rst_n (in)
                                                         rst_n (net)
                      0.020222    0.000000    1.610692 ^ input4/A (sky130_fd_sc_hd__buf_1)
     2    0.008193    0.106987    0.115028    1.725721 ^ input4/X (sky130_fd_sc_hd__buf_1)
                                                         net4 (net)
                      0.106987    0.000022    1.725743 ^ _8_/RESET_B (sky130_fd_sc_hd__dfrtp_1)
                                              1.725743   data arrival time

                                  8.000000    8.000000   clock clk (rise edge)
                                  0.000000    8.000000   clock source latency
     1    0.009029    0.047085    0.030848    8.030849 ^ clk (in)
                                                         clk (net)
                      0.047085    0.000000    8.030849 ^ clkbuf_0_clk/A (sky130_fd_sc_hd__clkbuf_16)
     2    0.018010    0.040151    0.124319    8.155168 ^ clkbuf_0_clk/X (sky130_fd_sc_hd__clkbuf_16)
                                                         clknet_0_clk (net)
                      0.040152    0.000071    8.155238 ^ clkbuf_1_0__f_clk/A (sky130_fd_sc_hd__clkbuf_16)
     1    0.003003    0.026899    0.106376    8.261615 ^ clkbuf_1_0__f_clk/X (sky130_fd_sc_hd__clkbuf_16)
                                                         clknet_1_0__leaf_clk (net)
                      0.026899    0.000015    8.261630 ^ _8_/CLK (sky130_fd_sc_hd__dfrtp_1)
                                 -0.250000    8.011630   clock uncertainty
                                  0.000000    8.011630   clock reconvergence pessimism
                                  0.208689    8.220319   library recovery time
                                              8.220319   data required time
---------------------------------------------------------------------------------------------
                                              8.220319   data required time
                                             -1.725743   data arrival time
---------------------------------------------------------------------------------------------
                                              6.494576   slack (MET)


Startpoint: _8_ (rising edge-triggered flip-flop clocked by clk)
Endpoint: sum (output port clocked by clk)
Path Group: clk
Path Type: max

Fanout         Cap        Slew       Delay        Time   Description
---------------------------------------------------------------------------------------------
                                  0.000000    0.000000   clock clk (rise edge)
                                  0.000000    0.000000   clock source latency
     1    0.009029    0.047085    0.030849    0.030849 ^ clk (in)
                                                         clk (net)
                      0.047085    0.000000    0.030849 ^ clkbuf_0_clk/A (sky130_fd_sc_hd__clkbuf_16)
     2    0.018010    0.040151    0.124319    0.155168 ^ clkbuf_0_clk/X (sky130_fd_sc_hd__clkbuf_16)
                                                         clknet_0_clk (net)
                      0.040152    0.000070    0.155238 ^ clkbuf_1_0__f_clk/A (sky130_fd_sc_hd__clkbuf_16)
     1    0.003003    0.026899    0.106376    0.261615 ^ clkbuf_1_0__f_clk/X (sky130_fd_sc_hd__clkbuf_16)
                                                         clknet_1_0__leaf_clk (net)
                      0.026899    0.000016    0.261630 ^ _8_/CLK (sky130_fd_sc_hd__dfrtp_1)
     1    0.002330    0.038043    0.342127    0.603757 v _8_/Q (sky130_fd_sc_hd__dfrtp_1)
                                                         net6 (net)
                      0.038043    0.000009    0.603766 v output6/A (sky130_fd_sc_hd__buf_2)
     1    0.034485    0.089807    0.177896    0.781661 v output6/X (sky130_fd_sc_hd__buf_2)
                                                         sum (net)
                      0.089807    0.000177    0.781838 v sum (out)
                                              0.781838   data arrival time

                                  8.000000    8.000000   clock clk (rise edge)
                                  0.000000    8.000000   clock network delay (propagated)
                                 -0.250000    7.750000   clock uncertainty
                                  0.000000    7.750000   clock reconvergence pessimism
                                 -1.600000    6.150000   output external delay
                                              6.150000   data required time
---------------------------------------------------------------------------------------------
                                              6.150000   data required time
                                             -0.781838   data arrival time
---------------------------------------------------------------------------------------------
                                              5.368162   slack (MET)




===========================================================================
report_checks --slack_max -0.01
============================================================================
======================= nom_tt_025C_1v80 Corner ===================================

No paths found.


===========================================================================
 report_check_types -max_slew -max_cap -max_fanout -violators
============================================================================
======================= nom_tt_025C_1v80 Corner ===================================



===========================================================================
report_parasitic_annotation -report_unannotated
============================================================================
Found 0 unannotated drivers.
Found 0 partially unannotated drivers.

===========================================================================
max slew violation count 0
Writing metric design__max_slew_violation__count__corner:nom_tt_025C_1v80: 0
max fanout violation count 0
Writing metric design__max_fanout_violation__count__corner:nom_tt_025C_1v80: 0
max cap violation count 0
Writing metric design__max_cap_violation__count__corner:nom_tt_025C_1v80: 0
============================================================================

===========================================================================
check_setup -verbose -unconstrained_endpoints -multiple_clock -no_clock -no_input_delay -loops -generated_clocks
===========================================================================
%OL_END_REPORT
%OL_CREATE_REPORT power.rpt

===========================================================================
 report_power
============================================================================
======================= nom_tt_025C_1v80 Corner ===================================

Group                    Internal    Switching      Leakage        Total
                            Power        Power        Power        Power (Watts)
------------------------------------------------------------------------
Sequential           1.144168e-05 2.281742e-07 2.362707e-11 1.166988e-05  12.7%
Combinational        2.312406e-06 4.856599e-06 2.474321e-11 7.169030e-06   7.8%
Clock                6.324499e-05 9.807478e-06 1.017701e-10 7.305256e-05  79.5%
Macro                0.000000e+00 0.000000e+00 0.000000e+00 0.000000e+00   0.0%
Pad                  0.000000e+00 0.000000e+00 0.000000e+00 0.000000e+00   0.0%
------------------------------------------------------------------------
Total                7.699908e-05 1.489225e-05 1.501403e-10 9.189148e-05 100.0%
                            83.8%        16.2%         0.0%
Writing metric power__internal__total: 7.699908019276336e-5
Writing metric power__switching__total: 1.4892251783749089e-5
Writing metric power__leakage__total: 1.5014033072358046e-10
Writing metric power__total: 9.189148113364354e-5

%OL_END_REPORT
%OL_CREATE_REPORT skew.min.rpt

===========================================================================
Clock Skew (Hold)
============================================================================
Writing metric clock__skew__worst_hold__corner:nom_tt_025C_1v80: 0.0
======================= nom_tt_025C_1v80 Corner ===================================

Clock clk
No launch/capture paths found.

%OL_END_REPORT
%OL_CREATE_REPORT skew.max.rpt

===========================================================================
Clock Skew (Setup)
============================================================================
Writing metric clock__skew__worst_setup__corner:nom_tt_025C_1v80: 0.0
======================= nom_tt_025C_1v80 Corner ===================================

Clock clk
No launch/capture paths found.

%OL_END_REPORT
%OL_CREATE_REPORT ws.min.rpt

===========================================================================
Worst Slack (Hold)
============================================================================
Writing metric timing__hold__ws__corner:nom_tt_025C_1v80: 0.8814406121148206
nom_tt_025C_1v80: 0.8814406121148206
%OL_END_REPORT
%OL_CREATE_REPORT ws.max.rpt

===========================================================================
Worst Slack (Setup)
============================================================================
Writing metric timing__setup__ws__corner:nom_tt_025C_1v80: 5.368162066809004
nom_tt_025C_1v80: 5.368162066809004
%OL_END_REPORT
%OL_CREATE_REPORT tns.min.rpt

===========================================================================
Total Negative Slack (Hold)
============================================================================
Writing metric timing__hold__tns__corner:nom_tt_025C_1v80: 0.0
nom_tt_025C_1v80: 0.0
%OL_END_REPORT
%OL_CREATE_REPORT tns.max.rpt

===========================================================================
Total Negative Slack (Setup)
============================================================================
Writing metric timing__setup__tns__corner:nom_tt_025C_1v80: 0.0
nom_tt_025C_1v80: 0.0
%OL_END_REPORT
%OL_CREATE_REPORT wns.min.rpt

===========================================================================
Worst Negative Slack (Hold)
============================================================================
Writing metric timing__hold__wns__corner:nom_tt_025C_1v80: 0
nom_tt_025C_1v80: 0
%OL_END_REPORT
%OL_CREATE_REPORT wns.max.rpt

===========================================================================
Worst Negative Slack (Setup)
============================================================================
Writing metric timing__setup__wns__corner:nom_tt_025C_1v80: 0.0
nom_tt_025C_1v80: 0.0
%OL_END_REPORT
%OL_CREATE_REPORT violator_list.rpt

===========================================================================
Violator List
============================================================================
Writing metric timing__hold_vio__count__corner:nom_tt_025C_1v80: 0
Writing metric timing__hold_r2r__ws__corner:nom_tt_025C_1v80: 1e30
Writing metric timing__hold_r2r_vio__count__corner:nom_tt_025C_1v80: 0
Writing metric timing__setup_vio__count__corner:nom_tt_025C_1v80: 0
Writing metric timing__setup_r2r__ws__corner:nom_tt_025C_1v80: 1e30
Writing metric timing__setup_r2r_vio__count__corner:nom_tt_025C_1v80: 0
%OL_END_REPORT
%OL_CREATE_REPORT unpropagated.rpt
%OL_END_REPORT
%OL_CREATE_REPORT clock.rpt
Clock: clk
Sources: clk 
Generated: no
Virtual: yes
Propagated: no
Period: 8.000000

===========================================================================
report_clock_properties
============================================================================
Clock                   Period          Waveform
----------------------------------------------------
clk                   8.000000    0.000000  4.000000

===========================================================================
report_clock_latency
============================================================================
Clock clk
rise -> rise
    min     max
0.000000 0.000000 source latency
0.261630         network latency _8_/CLK
        0.261887 network latency _9_/CLK
---------------
0.261630 0.261887 latency
        0.000257 skew

fall -> fall
    min     max
0.000000 0.000000 source latency
0.272288         network latency _8_/CLK
        0.272521 network latency _9_/CLK
---------------
0.272288 0.272521 latency
        0.000233 skew



===========================================================================
report_clock_min_period
============================================================================
clk period_min = 0.00 fmax = inf
%OL_END_REPORT
