Reading OpenROAD database at '/home/chithang/pdop2/FA_reg/runs/RUN_2026-03-28_14-18-22/66-openroad-repairantennas/1-diodeinsertion/FA_Reg.odb'…
Reading library file at '/home/chithang/.volare/volare/sky130/versions/0fe599b2afb6708d281543108caf8310912f54af/sky130A/libs.ref/sky130_fd_sc_hd/lib/sky130_fd_sc_hd__tt_025C_1v80.lib'…
Reading design constraints file at '/nix/store/h0ldzjka94yryiq8yxbxmwargpnmwhx6-python3-3.11.9-env/lib/python3.11/site-packages/openlane/scripts/base.sdc'…
[INFO] Using clock clk…
[INFO] Setting output delay to: 1.6
[INFO] Setting input delay to: 1.6
[INFO] Setting load to: 0.033442
[INFO] Setting clock uncertainty to: 0.25
[INFO] Setting clock transition to: 0.1499999999999999944488848768742172978818416595458984375
[INFO] Setting timing derate to: 5%
[INFO] Setting RC values…
%OL_CREATE_REPORT min.rpt

===========================================================================
report_checks -path_delay min (Hold)
============================================================================
======================= nom_tt_025C_1v80 Corner ===================================

Startpoint: rst_n (input port clocked by clk)
Endpoint: _9_ (removal check against rising-edge clock clk)
Path Group: asynchronous
Path Type: min

Fanout         Cap        Slew       Delay        Time   Description
---------------------------------------------------------------------------------------------
                                  0.000000    0.000000   clock clk (rise edge)
                                  0.000000    0.000000   clock network delay (propagated)
                                  1.600000    1.600000 ^ input external delay
     1    0.003363    0.022168    0.012297    1.612297 ^ rst_n (in)
                                                         rst_n (net)
                      0.022168    0.000000    1.612297 ^ input4/A (sky130_fd_sc_hd__buf_1)
     2    0.009538    0.119424    0.126073    1.738370 ^ input4/X (sky130_fd_sc_hd__buf_1)
                                                         net4 (net)
                      0.119425    0.000322    1.738692 ^ _9_/RESET_B (sky130_fd_sc_hd__dfrtp_1)
                                              1.738692   data arrival time

                                  0.000000    0.000000   clock clk (rise edge)
                                  0.000000    0.000000   clock source latency
     1    0.008951    0.046761    0.030670    0.030670 ^ clk (in)
                                                         clk (net)
                      0.046762    0.000000    0.030670 ^ clkbuf_0_clk/A (sky130_fd_sc_hd__clkbuf_16)
     2    0.019632    0.041525    0.125515    0.156184 ^ clkbuf_0_clk/X (sky130_fd_sc_hd__clkbuf_16)
                                                         clknet_0_clk (net)
                      0.041528    0.000730    0.156915 ^ clkbuf_1_1__f_clk/A (sky130_fd_sc_hd__clkbuf_16)
     1    0.004140    0.027968    0.108228    0.265143 ^ clkbuf_1_1__f_clk/X (sky130_fd_sc_hd__clkbuf_16)
                                                         clknet_1_1__leaf_clk (net)
                      0.027969    0.000154    0.265297 ^ _9_/CLK (sky130_fd_sc_hd__dfrtp_1)
                                  0.250000    0.515297   clock uncertainty
                                  0.000000    0.515297   clock reconvergence pessimism
                                  0.336088    0.851386   library removal time
                                              0.851386   data required time
---------------------------------------------------------------------------------------------
                                              0.851386   data required time
                                             -1.738692   data arrival time
---------------------------------------------------------------------------------------------
                                              0.887307   slack (MET)


Startpoint: rst_n (input port clocked by clk)
Endpoint: _8_ (removal check against rising-edge clock clk)
Path Group: asynchronous
Path Type: min

Fanout         Cap        Slew       Delay        Time   Description
---------------------------------------------------------------------------------------------
                                  0.000000    0.000000   clock clk (rise edge)
                                  0.000000    0.000000   clock network delay (propagated)
                                  1.600000    1.600000 ^ input external delay
     1    0.003363    0.022168    0.012297    1.612297 ^ rst_n (in)
                                                         rst_n (net)
                      0.022168    0.000000    1.612297 ^ input4/A (sky130_fd_sc_hd__buf_1)
     2    0.009538    0.119424    0.126073    1.738370 ^ input4/X (sky130_fd_sc_hd__buf_1)
                                                         net4 (net)
                      0.119425    0.000326    1.738696 ^ _8_/RESET_B (sky130_fd_sc_hd__dfrtp_1)
                                              1.738696   data arrival time

                                  0.000000    0.000000   clock clk (rise edge)
                                  0.000000    0.000000   clock source latency
     1    0.008951    0.046761    0.030670    0.030670 ^ clk (in)
                                                         clk (net)
                      0.046762    0.000000    0.030670 ^ clkbuf_0_clk/A (sky130_fd_sc_hd__clkbuf_16)
     2    0.019632    0.041525    0.125515    0.156184 ^ clkbuf_0_clk/X (sky130_fd_sc_hd__clkbuf_16)
                                                         clknet_0_clk (net)
                      0.041528    0.000731    0.156916 ^ clkbuf_1_0__f_clk/A (sky130_fd_sc_hd__clkbuf_16)
     1    0.003744    0.027596    0.107755    0.264670 ^ clkbuf_1_0__f_clk/X (sky130_fd_sc_hd__clkbuf_16)
                                                         clknet_1_0__leaf_clk (net)
                      0.027596    0.000137    0.264808 ^ _8_/CLK (sky130_fd_sc_hd__dfrtp_1)
                                  0.250000    0.514808   clock uncertainty
                                  0.000000    0.514808   clock reconvergence pessimism
                                  0.335987    0.850794   library removal time
                                              0.850794   data required time
---------------------------------------------------------------------------------------------
                                              0.850794   data required time
                                             -1.738696   data arrival time
---------------------------------------------------------------------------------------------
                                              0.887901   slack (MET)


Startpoint: b (input port clocked by clk)
Endpoint: _9_ (rising edge-triggered flip-flop clocked by clk)
Path Group: clk
Path Type: min

Fanout         Cap        Slew       Delay        Time   Description
---------------------------------------------------------------------------------------------
                                  0.000000    0.000000   clock clk (rise edge)
                                  0.000000    0.000000   clock network delay (propagated)
                                  1.600000    1.600000 v input external delay
     1    0.003349    0.009909    0.005372    1.605372 v b (in)
                                                         b (net)
                      0.009909    0.000000    1.605372 v input2/A (sky130_fd_sc_hd__buf_1)
     2    0.008188    0.054458    0.097758    1.703131 v input2/X (sky130_fd_sc_hd__buf_1)
                                                         net2 (net)
                      0.054458    0.000155    1.703286 v _4_/A (sky130_fd_sc_hd__nand2_1)
     1    0.003347    0.041955    0.061007    1.764293 ^ _4_/Y (sky130_fd_sc_hd__nand2_1)
                                                         _1_ (net)
                      0.041955    0.000087    1.764380 ^ _6_/B1 (sky130_fd_sc_hd__o21ai_1)
     1    0.003329    0.039216    0.057460    1.821840 v _6_/Y (sky130_fd_sc_hd__o21ai_1)
                                                         cout_comb (net)
                      0.039216    0.000087    1.821927 v _9_/D (sky130_fd_sc_hd__dfrtp_1)
                                              1.821927   data arrival time

                                  0.000000    0.000000   clock clk (rise edge)
                                  0.000000    0.000000   clock source latency
     1    0.008951    0.046761    0.030670    0.030670 ^ clk (in)
                                                         clk (net)
                      0.046762    0.000000    0.030670 ^ clkbuf_0_clk/A (sky130_fd_sc_hd__clkbuf_16)
     2    0.019632    0.041525    0.125515    0.156184 ^ clkbuf_0_clk/X (sky130_fd_sc_hd__clkbuf_16)
                                                         clknet_0_clk (net)
                      0.041528    0.000730    0.156915 ^ clkbuf_1_1__f_clk/A (sky130_fd_sc_hd__clkbuf_16)
     1    0.004140    0.027968    0.108228    0.265143 ^ clkbuf_1_1__f_clk/X (sky130_fd_sc_hd__clkbuf_16)
                                                         clknet_1_1__leaf_clk (net)
                      0.027969    0.000154    0.265297 ^ _9_/CLK (sky130_fd_sc_hd__dfrtp_1)
                                  0.250000    0.515297   clock uncertainty
                                  0.000000    0.515297   clock reconvergence pessimism
                                 -0.047305    0.467992   library hold time
                                              0.467992   data required time
---------------------------------------------------------------------------------------------
                                              0.467992   data required time
                                             -1.821927   data arrival time
---------------------------------------------------------------------------------------------
                                              1.353935   slack (MET)


Startpoint: cin (input port clocked by clk)
Endpoint: _8_ (rising edge-triggered flip-flop clocked by clk)
Path Group: clk
Path Type: min

Fanout         Cap        Slew       Delay        Time   Description
---------------------------------------------------------------------------------------------
                                  0.000000    0.000000   clock clk (rise edge)
                                  0.000000    0.000000   clock network delay (propagated)
                                  1.600000    1.600000 v input external delay
     1    0.004230    0.011948    0.006864    1.606863 v cin (in)
                                                         cin (net)
                      0.011949    0.000000    1.606863 v input3/A (sky130_fd_sc_hd__buf_1)
     2    0.010730    0.068516    0.109124    1.715987 v input3/X (sky130_fd_sc_hd__buf_1)
                                                         net3 (net)
                      0.068518    0.000406    1.716393 v _7_/A (sky130_fd_sc_hd__xnor2_1)
     1    0.004522    0.047927    0.139711    1.856104 v _7_/Y (sky130_fd_sc_hd__xnor2_1)
                                                         sum_comb (net)
                      0.047927    0.000174    1.856278 v _8_/D (sky130_fd_sc_hd__dfrtp_1)
                                              1.856278   data arrival time

                                  0.000000    0.000000   clock clk (rise edge)
                                  0.000000    0.000000   clock source latency
     1    0.008951    0.046761    0.030670    0.030670 ^ clk (in)
                                                         clk (net)
                      0.046762    0.000000    0.030670 ^ clkbuf_0_clk/A (sky130_fd_sc_hd__clkbuf_16)
     2    0.019632    0.041525    0.125515    0.156184 ^ clkbuf_0_clk/X (sky130_fd_sc_hd__clkbuf_16)
                                                         clknet_0_clk (net)
                      0.041528    0.000731    0.156916 ^ clkbuf_1_0__f_clk/A (sky130_fd_sc_hd__clkbuf_16)
     1    0.003744    0.027596    0.107755    0.264670 ^ clkbuf_1_0__f_clk/X (sky130_fd_sc_hd__clkbuf_16)
                                                         clknet_1_0__leaf_clk (net)
                      0.027596    0.000137    0.264808 ^ _8_/CLK (sky130_fd_sc_hd__dfrtp_1)
                                  0.250000    0.514808   clock uncertainty
                                  0.000000    0.514808   clock reconvergence pessimism
                                 -0.050937    0.463870   library hold time
                                              0.463870   data required time
---------------------------------------------------------------------------------------------
                                              0.463870   data required time
                                             -1.856278   data arrival time
---------------------------------------------------------------------------------------------
                                              1.392408   slack (MET)


Startpoint: _9_ (rising edge-triggered flip-flop clocked by clk)
Endpoint: cout (output port clocked by clk)
Path Group: clk
Path Type: min

Fanout         Cap        Slew       Delay        Time   Description
---------------------------------------------------------------------------------------------
                                  0.000000    0.000000   clock clk (rise edge)
                                  0.000000    0.000000   clock source latency
     1    0.008951    0.046761    0.030670    0.030670 ^ clk (in)
                                                         clk (net)
                      0.046762    0.000000    0.030670 ^ clkbuf_0_clk/A (sky130_fd_sc_hd__clkbuf_16)
     2    0.019632    0.041525    0.125515    0.156184 ^ clkbuf_0_clk/X (sky130_fd_sc_hd__clkbuf_16)
                                                         clknet_0_clk (net)
                      0.041528    0.000730    0.156915 ^ clkbuf_1_1__f_clk/A (sky130_fd_sc_hd__clkbuf_16)
     1    0.004140    0.027968    0.108228    0.265143 ^ clkbuf_1_1__f_clk/X (sky130_fd_sc_hd__clkbuf_16)
                                                         clknet_1_1__leaf_clk (net)
                      0.027969    0.000154    0.265297 ^ _9_/CLK (sky130_fd_sc_hd__dfrtp_1)
     1    0.003906    0.053533    0.316129    0.581426 ^ _9_/Q (sky130_fd_sc_hd__dfrtp_1)
                                                         net5 (net)
                      0.053533    0.000146    0.581573 ^ output5/A (sky130_fd_sc_hd__buf_2)
     1    0.034889    0.173085    0.203044    0.784617 ^ output5/X (sky130_fd_sc_hd__buf_2)
                                                         cout (net)
                      0.173142    0.001023    0.785640 ^ cout (out)
                                              0.785640   data arrival time

                                  0.000000    0.000000   clock clk (rise edge)
                                  0.000000    0.000000   clock network delay (propagated)
                                  0.250000    0.250000   clock uncertainty
                                  0.000000    0.250000   clock reconvergence pessimism
                                 -1.600000   -1.350000   output external delay
                                             -1.350000   data required time
---------------------------------------------------------------------------------------------
                                             -1.350000   data required time
                                             -0.785640   data arrival time
---------------------------------------------------------------------------------------------
                                              2.135639   slack (MET)


Startpoint: _8_ (rising edge-triggered flip-flop clocked by clk)
Endpoint: sum (output port clocked by clk)
Path Group: clk
Path Type: min

Fanout         Cap        Slew       Delay        Time   Description
---------------------------------------------------------------------------------------------
                                  0.000000    0.000000   clock clk (rise edge)
                                  0.000000    0.000000   clock source latency
     1    0.008951    0.046761    0.030670    0.030670 ^ clk (in)
                                                         clk (net)
                      0.046762    0.000000    0.030670 ^ clkbuf_0_clk/A (sky130_fd_sc_hd__clkbuf_16)
     2    0.019632    0.041525    0.125515    0.156184 ^ clkbuf_0_clk/X (sky130_fd_sc_hd__clkbuf_16)
                                                         clknet_0_clk (net)
                      0.041528    0.000731    0.156916 ^ clkbuf_1_0__f_clk/A (sky130_fd_sc_hd__clkbuf_16)
     1    0.003744    0.027596    0.107755    0.264670 ^ clkbuf_1_0__f_clk/X (sky130_fd_sc_hd__clkbuf_16)
                                                         clknet_1_0__leaf_clk (net)
                      0.027596    0.000137    0.264808 ^ _8_/CLK (sky130_fd_sc_hd__dfrtp_1)
     1    0.004523    0.058131    0.320133    0.584941 ^ _8_/Q (sky130_fd_sc_hd__dfrtp_1)
                                                         net6 (net)
                      0.058131    0.000183    0.585123 ^ output6/A (sky130_fd_sc_hd__buf_2)
     1    0.035136    0.174284    0.205450    0.790573 ^ output6/X (sky130_fd_sc_hd__buf_2)
                                                         sum (net)
                      0.174344    0.001184    0.791757 ^ sum (out)
                                              0.791757   data arrival time

                                  0.000000    0.000000   clock clk (rise edge)
                                  0.000000    0.000000   clock network delay (propagated)
                                  0.250000    0.250000   clock uncertainty
                                  0.000000    0.250000   clock reconvergence pessimism
                                 -1.600000   -1.350000   output external delay
                                             -1.350000   data required time
---------------------------------------------------------------------------------------------
                                             -1.350000   data required time
                                             -0.791757   data arrival time
---------------------------------------------------------------------------------------------
                                              2.141757   slack (MET)



%OL_END_REPORT
%OL_CREATE_REPORT max.rpt

===========================================================================
report_checks -path_delay max (Setup)
============================================================================
======================= nom_tt_025C_1v80 Corner ===================================

Startpoint: _8_ (rising edge-triggered flip-flop clocked by clk)
Endpoint: sum (output port clocked by clk)
Path Group: clk
Path Type: max

Fanout         Cap        Slew       Delay        Time   Description
---------------------------------------------------------------------------------------------
                                  0.000000    0.000000   clock clk (rise edge)
                                  0.000000    0.000000   clock source latency
     1    0.008951    0.046761    0.030670    0.030670 ^ clk (in)
                                                         clk (net)
                      0.046762    0.000000    0.030670 ^ clkbuf_0_clk/A (sky130_fd_sc_hd__clkbuf_16)
     2    0.019632    0.041525    0.125515    0.156184 ^ clkbuf_0_clk/X (sky130_fd_sc_hd__clkbuf_16)
                                                         clknet_0_clk (net)
                      0.041528    0.000731    0.156916 ^ clkbuf_1_0__f_clk/A (sky130_fd_sc_hd__clkbuf_16)
     1    0.003744    0.027596    0.107755    0.264670 ^ clkbuf_1_0__f_clk/X (sky130_fd_sc_hd__clkbuf_16)
                                                         clknet_1_0__leaf_clk (net)
                      0.027596    0.000137    0.264808 ^ _8_/CLK (sky130_fd_sc_hd__dfrtp_1)
     1    0.004363    0.046448    0.355744    0.620552 v _8_/Q (sky130_fd_sc_hd__dfrtp_1)
                                                         net6 (net)
                      0.046448    0.000173    0.620725 v output6/A (sky130_fd_sc_hd__buf_2)
     1    0.035136    0.091590    0.181931    0.802657 v output6/X (sky130_fd_sc_hd__buf_2)
                                                         sum (net)
                      0.091607    0.001183    0.803840 v sum (out)
                                              0.803840   data arrival time

                                  8.000000    8.000000   clock clk (rise edge)
                                  0.000000    8.000000   clock network delay (propagated)
                                 -0.250000    7.750000   clock uncertainty
                                  0.000000    7.750000   clock reconvergence pessimism
                                 -1.600000    6.150000   output external delay
                                              6.150000   data required time
---------------------------------------------------------------------------------------------
                                              6.150000   data required time
                                             -0.803840   data arrival time
---------------------------------------------------------------------------------------------
                                              5.346160   slack (MET)


Startpoint: _9_ (rising edge-triggered flip-flop clocked by clk)
Endpoint: cout (output port clocked by clk)
Path Group: clk
Path Type: max

Fanout         Cap        Slew       Delay        Time   Description
---------------------------------------------------------------------------------------------
                                  0.000000    0.000000   clock clk (rise edge)
                                  0.000000    0.000000   clock source latency
     1    0.008951    0.046761    0.030670    0.030670 ^ clk (in)
                                                         clk (net)
                      0.046762    0.000000    0.030670 ^ clkbuf_0_clk/A (sky130_fd_sc_hd__clkbuf_16)
     2    0.019632    0.041525    0.125515    0.156184 ^ clkbuf_0_clk/X (sky130_fd_sc_hd__clkbuf_16)
                                                         clknet_0_clk (net)
                      0.041528    0.000730    0.156915 ^ clkbuf_1_1__f_clk/A (sky130_fd_sc_hd__clkbuf_16)
     1    0.004140    0.027968    0.108228    0.265143 ^ clkbuf_1_1__f_clk/X (sky130_fd_sc_hd__clkbuf_16)
                                                         clknet_1_1__leaf_clk (net)
                      0.027969    0.000154    0.265297 ^ _9_/CLK (sky130_fd_sc_hd__dfrtp_1)
     1    0.003746    0.043921    0.352569    0.617867 v _9_/Q (sky130_fd_sc_hd__dfrtp_1)
                                                         net5 (net)
                      0.043921    0.000138    0.618005 v output5/A (sky130_fd_sc_hd__buf_2)
     1    0.034889    0.091014    0.180505    0.798510 v output5/X (sky130_fd_sc_hd__buf_2)
                                                         cout (net)
                      0.091026    0.001022    0.799532 v cout (out)
                                              0.799532   data arrival time

                                  8.000000    8.000000   clock clk (rise edge)
                                  0.000000    8.000000   clock network delay (propagated)
                                 -0.250000    7.750000   clock uncertainty
                                  0.000000    7.750000   clock reconvergence pessimism
                                 -1.600000    6.150000   output external delay
                                              6.150000   data required time
---------------------------------------------------------------------------------------------
                                              6.150000   data required time
                                             -0.799532   data arrival time
---------------------------------------------------------------------------------------------
                                              5.350467   slack (MET)


Startpoint: b (input port clocked by clk)
Endpoint: _8_ (rising edge-triggered flip-flop clocked by clk)
Path Group: clk
Path Type: max

Fanout         Cap        Slew       Delay        Time   Description
---------------------------------------------------------------------------------------------
                                  0.000000    0.000000   clock clk (rise edge)
                                  0.000000    0.000000   clock network delay (propagated)
                                  1.600000    1.600000 v input external delay
     1    0.003349    0.009909    0.005372    1.605372 v b (in)
                                                         b (net)
                      0.009909    0.000000    1.605372 v input2/A (sky130_fd_sc_hd__buf_1)
     2    0.008188    0.054458    0.097758    1.703131 v input2/X (sky130_fd_sc_hd__buf_1)
                                                         net2 (net)
                      0.054458    0.000165    1.703296 v _5_/A (sky130_fd_sc_hd__xnor2_1)
     2    0.008364    0.223584    0.232200    1.935496 ^ _5_/Y (sky130_fd_sc_hd__xnor2_1)
                                                         _2_ (net)
                      0.223584    0.000170    1.935666 ^ _7_/B (sky130_fd_sc_hd__xnor2_1)
     1    0.004579    0.149374    0.159151    2.094817 ^ _7_/Y (sky130_fd_sc_hd__xnor2_1)
                                                         sum_comb (net)
                      0.149374    0.000177    2.094995 ^ _8_/D (sky130_fd_sc_hd__dfrtp_1)
                                              2.094995   data arrival time

                                  8.000000    8.000000   clock clk (rise edge)
                                  0.000000    8.000000   clock source latency
     1    0.008951    0.046761    0.030670    8.030670 ^ clk (in)
                                                         clk (net)
                      0.046762    0.000000    8.030670 ^ clkbuf_0_clk/A (sky130_fd_sc_hd__clkbuf_16)
     2    0.019632    0.041525    0.125515    8.156184 ^ clkbuf_0_clk/X (sky130_fd_sc_hd__clkbuf_16)
                                                         clknet_0_clk (net)
                      0.041528    0.000731    8.156916 ^ clkbuf_1_0__f_clk/A (sky130_fd_sc_hd__clkbuf_16)
     1    0.003744    0.027596    0.107755    8.264670 ^ clkbuf_1_0__f_clk/X (sky130_fd_sc_hd__clkbuf_16)
                                                         clknet_1_0__leaf_clk (net)
                      0.027596    0.000138    8.264808 ^ _8_/CLK (sky130_fd_sc_hd__dfrtp_1)
                                 -0.250000    8.014808   clock uncertainty
                                  0.000000    8.014808   clock reconvergence pessimism
                                 -0.086649    7.928159   library setup time
                                              7.928159   data required time
---------------------------------------------------------------------------------------------
                                              7.928159   data required time
                                             -2.094995   data arrival time
---------------------------------------------------------------------------------------------
                                              5.833164   slack (MET)


Startpoint: b (input port clocked by clk)
Endpoint: _9_ (rising edge-triggered flip-flop clocked by clk)
Path Group: clk
Path Type: max

Fanout         Cap        Slew       Delay        Time   Description
---------------------------------------------------------------------------------------------
                                  0.000000    0.000000   clock clk (rise edge)
                                  0.000000    0.000000   clock network delay (propagated)
                                  1.600000    1.600000 v input external delay
     1    0.003349    0.009909    0.005372    1.605372 v b (in)
                                                         b (net)
                      0.009909    0.000000    1.605372 v input2/A (sky130_fd_sc_hd__buf_1)
     2    0.008188    0.054458    0.097758    1.703131 v input2/X (sky130_fd_sc_hd__buf_1)
                                                         net2 (net)
                      0.054458    0.000165    1.703296 v _5_/A (sky130_fd_sc_hd__xnor2_1)
     2    0.008364    0.223584    0.232200    1.935496 ^ _5_/Y (sky130_fd_sc_hd__xnor2_1)
                                                         _2_ (net)
                      0.223584    0.000152    1.935648 ^ _6_/A2 (sky130_fd_sc_hd__o21ai_1)
     1    0.003329    0.054484    0.089552    2.025200 v _6_/Y (sky130_fd_sc_hd__o21ai_1)
                                                         cout_comb (net)
                      0.054484    0.000087    2.025287 v _9_/D (sky130_fd_sc_hd__dfrtp_1)
                                              2.025287   data arrival time

                                  8.000000    8.000000   clock clk (rise edge)
                                  0.000000    8.000000   clock source latency
     1    0.008951    0.046761    0.030670    8.030670 ^ clk (in)
                                                         clk (net)
                      0.046762    0.000000    8.030670 ^ clkbuf_0_clk/A (sky130_fd_sc_hd__clkbuf_16)
     2    0.019632    0.041525    0.125515    8.156184 ^ clkbuf_0_clk/X (sky130_fd_sc_hd__clkbuf_16)
                                                         clknet_0_clk (net)
                      0.041528    0.000730    8.156915 ^ clkbuf_1_1__f_clk/A (sky130_fd_sc_hd__clkbuf_16)
     1    0.004140    0.027968    0.108229    8.265143 ^ clkbuf_1_1__f_clk/X (sky130_fd_sc_hd__clkbuf_16)
                                                         clknet_1_1__leaf_clk (net)
                      0.027969    0.000154    8.265297 ^ _9_/CLK (sky130_fd_sc_hd__dfrtp_1)
                                 -0.250000    8.015297   clock uncertainty
                                  0.000000    8.015297   clock reconvergence pessimism
                                 -0.122313    7.892984   library setup time
                                              7.892984   data required time
---------------------------------------------------------------------------------------------
                                              7.892984   data required time
                                             -2.025287   data arrival time
---------------------------------------------------------------------------------------------
                                              5.867697   slack (MET)


Startpoint: rst_n (input port clocked by clk)
Endpoint: _8_ (recovery check against rising-edge clock clk)
Path Group: asynchronous
Path Type: max

Fanout         Cap        Slew       Delay        Time   Description
---------------------------------------------------------------------------------------------
                                  0.000000    0.000000   clock clk (rise edge)
                                  0.000000    0.000000   clock network delay (propagated)
                                  1.600000    1.600000 ^ input external delay
     1    0.003363    0.022168    0.012297    1.612297 ^ rst_n (in)
                                                         rst_n (net)
                      0.022168    0.000000    1.612297 ^ input4/A (sky130_fd_sc_hd__buf_1)
     2    0.009538    0.119424    0.126073    1.738370 ^ input4/X (sky130_fd_sc_hd__buf_1)
                                                         net4 (net)
                      0.119425    0.000326    1.738696 ^ _8_/RESET_B (sky130_fd_sc_hd__dfrtp_1)
                                              1.738696   data arrival time

                                  8.000000    8.000000   clock clk (rise edge)
                                  0.000000    8.000000   clock source latency
     1    0.008951    0.046761    0.030670    8.030670 ^ clk (in)
                                                         clk (net)
                      0.046762    0.000000    8.030670 ^ clkbuf_0_clk/A (sky130_fd_sc_hd__clkbuf_16)
     2    0.019632    0.041525    0.125515    8.156184 ^ clkbuf_0_clk/X (sky130_fd_sc_hd__clkbuf_16)
                                                         clknet_0_clk (net)
                      0.041528    0.000731    8.156916 ^ clkbuf_1_0__f_clk/A (sky130_fd_sc_hd__clkbuf_16)
     1    0.003744    0.027596    0.107755    8.264670 ^ clkbuf_1_0__f_clk/X (sky130_fd_sc_hd__clkbuf_16)
                                                         clknet_1_0__leaf_clk (net)
                      0.027596    0.000138    8.264808 ^ _8_/CLK (sky130_fd_sc_hd__dfrtp_1)
                                 -0.250000    8.014808   clock uncertainty
                                  0.000000    8.014808   clock reconvergence pessimism
                                  0.205676    8.220483   library recovery time
                                              8.220483   data required time
---------------------------------------------------------------------------------------------
                                              8.220483   data required time
                                             -1.738696   data arrival time
---------------------------------------------------------------------------------------------
                                              6.481788   slack (MET)


Startpoint: rst_n (input port clocked by clk)
Endpoint: _9_ (recovery check against rising-edge clock clk)
Path Group: asynchronous
Path Type: max

Fanout         Cap        Slew       Delay        Time   Description
---------------------------------------------------------------------------------------------
                                  0.000000    0.000000   clock clk (rise edge)
                                  0.000000    0.000000   clock network delay (propagated)
                                  1.600000    1.600000 ^ input external delay
     1    0.003363    0.022168    0.012297    1.612297 ^ rst_n (in)
                                                         rst_n (net)
                      0.022168    0.000000    1.612297 ^ input4/A (sky130_fd_sc_hd__buf_1)
     2    0.009538    0.119424    0.126073    1.738370 ^ input4/X (sky130_fd_sc_hd__buf_1)
                                                         net4 (net)
                      0.119425    0.000322    1.738692 ^ _9_/RESET_B (sky130_fd_sc_hd__dfrtp_1)
                                              1.738692   data arrival time

                                  8.000000    8.000000   clock clk (rise edge)
                                  0.000000    8.000000   clock source latency
     1    0.008951    0.046761    0.030670    8.030670 ^ clk (in)
                                                         clk (net)
                      0.046762    0.000000    8.030670 ^ clkbuf_0_clk/A (sky130_fd_sc_hd__clkbuf_16)
     2    0.019632    0.041525    0.125515    8.156184 ^ clkbuf_0_clk/X (sky130_fd_sc_hd__clkbuf_16)
                                                         clknet_0_clk (net)
                      0.041528    0.000730    8.156915 ^ clkbuf_1_1__f_clk/A (sky130_fd_sc_hd__clkbuf_16)
     1    0.004140    0.027968    0.108229    8.265143 ^ clkbuf_1_1__f_clk/X (sky130_fd_sc_hd__clkbuf_16)
                                                         clknet_1_1__leaf_clk (net)
                      0.027969    0.000154    8.265297 ^ _9_/CLK (sky130_fd_sc_hd__dfrtp_1)
                                 -0.250000    8.015297   clock uncertainty
                                  0.000000    8.015297   clock reconvergence pessimism
                                  0.205791    8.221088   library recovery time
                                              8.221088   data required time
---------------------------------------------------------------------------------------------
                                              8.221088   data required time
                                             -1.738692   data arrival time
---------------------------------------------------------------------------------------------
                                              6.482396   slack (MET)



%OL_END_REPORT
%OL_CREATE_REPORT checks.rpt

===========================================================================
report_checks -unconstrained
===========================================================================
======================= nom_tt_025C_1v80 Corner ===================================

Startpoint: rst_n (input port clocked by clk)
Endpoint: _8_ (recovery check against rising-edge clock clk)
Path Group: asynchronous
Path Type: max

Fanout         Cap        Slew       Delay        Time   Description
---------------------------------------------------------------------------------------------
                                  0.000000    0.000000   clock clk (rise edge)
                                  0.000000    0.000000   clock network delay (propagated)
                                  1.600000    1.600000 ^ input external delay
     1    0.003363    0.022168    0.012297    1.612297 ^ rst_n (in)
                                                         rst_n (net)
                      0.022168    0.000000    1.612297 ^ input4/A (sky130_fd_sc_hd__buf_1)
     2    0.009538    0.119424    0.126073    1.738370 ^ input4/X (sky130_fd_sc_hd__buf_1)
                                                         net4 (net)
                      0.119425    0.000326    1.738696 ^ _8_/RESET_B (sky130_fd_sc_hd__dfrtp_1)
                                              1.738696   data arrival time

                                  8.000000    8.000000   clock clk (rise edge)
                                  0.000000    8.000000   clock source latency
     1    0.008951    0.046761    0.030670    8.030670 ^ clk (in)
                                                         clk (net)
                      0.046762    0.000000    8.030670 ^ clkbuf_0_clk/A (sky130_fd_sc_hd__clkbuf_16)
     2    0.019632    0.041525    0.125515    8.156184 ^ clkbuf_0_clk/X (sky130_fd_sc_hd__clkbuf_16)
                                                         clknet_0_clk (net)
                      0.041528    0.000731    8.156916 ^ clkbuf_1_0__f_clk/A (sky130_fd_sc_hd__clkbuf_16)
     1    0.003744    0.027596    0.107755    8.264670 ^ clkbuf_1_0__f_clk/X (sky130_fd_sc_hd__clkbuf_16)
                                                         clknet_1_0__leaf_clk (net)
                      0.027596    0.000138    8.264808 ^ _8_/CLK (sky130_fd_sc_hd__dfrtp_1)
                                 -0.250000    8.014808   clock uncertainty
                                  0.000000    8.014808   clock reconvergence pessimism
                                  0.205676    8.220483   library recovery time
                                              8.220483   data required time
---------------------------------------------------------------------------------------------
                                              8.220483   data required time
                                             -1.738696   data arrival time
---------------------------------------------------------------------------------------------
                                              6.481788   slack (MET)


Startpoint: _8_ (rising edge-triggered flip-flop clocked by clk)
Endpoint: sum (output port clocked by clk)
Path Group: clk
Path Type: max

Fanout         Cap        Slew       Delay        Time   Description
---------------------------------------------------------------------------------------------
                                  0.000000    0.000000   clock clk (rise edge)
                                  0.000000    0.000000   clock source latency
     1    0.008951    0.046761    0.030670    0.030670 ^ clk (in)
                                                         clk (net)
                      0.046762    0.000000    0.030670 ^ clkbuf_0_clk/A (sky130_fd_sc_hd__clkbuf_16)
     2    0.019632    0.041525    0.125515    0.156184 ^ clkbuf_0_clk/X (sky130_fd_sc_hd__clkbuf_16)
                                                         clknet_0_clk (net)
                      0.041528    0.000731    0.156916 ^ clkbuf_1_0__f_clk/A (sky130_fd_sc_hd__clkbuf_16)
     1    0.003744    0.027596    0.107755    0.264670 ^ clkbuf_1_0__f_clk/X (sky130_fd_sc_hd__clkbuf_16)
                                                         clknet_1_0__leaf_clk (net)
                      0.027596    0.000137    0.264808 ^ _8_/CLK (sky130_fd_sc_hd__dfrtp_1)
     1    0.004363    0.046448    0.355744    0.620552 v _8_/Q (sky130_fd_sc_hd__dfrtp_1)
                                                         net6 (net)
                      0.046448    0.000173    0.620725 v output6/A (sky130_fd_sc_hd__buf_2)
     1    0.035136    0.091590    0.181931    0.802657 v output6/X (sky130_fd_sc_hd__buf_2)
                                                         sum (net)
                      0.091607    0.001183    0.803840 v sum (out)
                                              0.803840   data arrival time

                                  8.000000    8.000000   clock clk (rise edge)
                                  0.000000    8.000000   clock network delay (propagated)
                                 -0.250000    7.750000   clock uncertainty
                                  0.000000    7.750000   clock reconvergence pessimism
                                 -1.600000    6.150000   output external delay
                                              6.150000   data required time
---------------------------------------------------------------------------------------------
                                              6.150000   data required time
                                             -0.803840   data arrival time
---------------------------------------------------------------------------------------------
                                              5.346160   slack (MET)




===========================================================================
report_checks --slack_max -0.01
============================================================================
======================= nom_tt_025C_1v80 Corner ===================================

No paths found.


===========================================================================
 report_check_types -max_slew -max_cap -max_fanout -violators
============================================================================
======================= nom_tt_025C_1v80 Corner ===================================



===========================================================================
report_parasitic_annotation -report_unannotated
============================================================================
Found 0 unannotated drivers.
Found 0 partially unannotated drivers.

===========================================================================
max slew violation count 0
Writing metric design__max_slew_violation__count__corner:nom_tt_025C_1v80: 0
max fanout violation count 0
Writing metric design__max_fanout_violation__count__corner:nom_tt_025C_1v80: 0
max cap violation count 0
Writing metric design__max_cap_violation__count__corner:nom_tt_025C_1v80: 0
============================================================================

===========================================================================
check_setup -verbose -unconstrained_endpoints -multiple_clock -no_clock -no_input_delay -loops -generated_clocks
===========================================================================
%OL_END_REPORT
%OL_CREATE_REPORT power.rpt

===========================================================================
 report_power
============================================================================
======================= nom_tt_025C_1v80 Corner ===================================

Group                    Internal    Switching      Leakage        Total
                            Power        Power        Power        Power (Watts)
------------------------------------------------------------------------
Sequential           1.146430e-05 4.230835e-07 2.362707e-11 1.188741e-05  12.7%
Combinational        2.307216e-06 5.113964e-06 2.474321e-11 7.421204e-06   7.9%
Clock                6.337481e-05 1.114419e-05 1.017701e-10 7.451911e-05  79.4%
Macro                0.000000e+00 0.000000e+00 0.000000e+00 0.000000e+00   0.0%
Pad                  0.000000e+00 0.000000e+00 0.000000e+00 0.000000e+00   0.0%
------------------------------------------------------------------------
Total                7.714632e-05 1.668124e-05 1.501403e-10 9.382772e-05 100.0%
                            82.2%        17.8%         0.0%
Writing metric power__internal__total: 7.714632374700159e-5
Writing metric power__switching__total: 1.668123877607286e-5
Writing metric power__leakage__total: 1.5014033072358046e-10
Writing metric power__total: 9.382771531818435e-5

%OL_END_REPORT
%OL_CREATE_REPORT skew.min.rpt

===========================================================================
Clock Skew (Hold)
============================================================================
Writing metric clock__skew__worst_hold__corner:nom_tt_025C_1v80: 0.0
======================= nom_tt_025C_1v80 Corner ===================================

Clock clk
No launch/capture paths found.

%OL_END_REPORT
%OL_CREATE_REPORT skew.max.rpt

===========================================================================
Clock Skew (Setup)
============================================================================
Writing metric clock__skew__worst_setup__corner:nom_tt_025C_1v80: 0.0
======================= nom_tt_025C_1v80 Corner ===================================

Clock clk
No launch/capture paths found.

%OL_END_REPORT
%OL_CREATE_REPORT ws.min.rpt

===========================================================================
Worst Slack (Hold)
============================================================================
Writing metric timing__hold__ws__corner:nom_tt_025C_1v80: 0.8873067531870896
nom_tt_025C_1v80: 0.8873067531870896
%OL_END_REPORT
%OL_CREATE_REPORT ws.max.rpt

===========================================================================
Worst Slack (Setup)
============================================================================
Writing metric timing__setup__ws__corner:nom_tt_025C_1v80: 5.346160110373935
nom_tt_025C_1v80: 5.346160110373935
%OL_END_REPORT
%OL_CREATE_REPORT tns.min.rpt

===========================================================================
Total Negative Slack (Hold)
============================================================================
Writing metric timing__hold__tns__corner:nom_tt_025C_1v80: 0.0
nom_tt_025C_1v80: 0.0
%OL_END_REPORT
%OL_CREATE_REPORT tns.max.rpt

===========================================================================
Total Negative Slack (Setup)
============================================================================
Writing metric timing__setup__tns__corner:nom_tt_025C_1v80: 0.0
nom_tt_025C_1v80: 0.0
%OL_END_REPORT
%OL_CREATE_REPORT wns.min.rpt

===========================================================================
Worst Negative Slack (Hold)
============================================================================
Writing metric timing__hold__wns__corner:nom_tt_025C_1v80: 0
nom_tt_025C_1v80: 0
%OL_END_REPORT
%OL_CREATE_REPORT wns.max.rpt

===========================================================================
Worst Negative Slack (Setup)
============================================================================
Writing metric timing__setup__wns__corner:nom_tt_025C_1v80: 0.0
nom_tt_025C_1v80: 0.0
%OL_END_REPORT
%OL_CREATE_REPORT violator_list.rpt

===========================================================================
Violator List
============================================================================
Writing metric timing__hold_vio__count__corner:nom_tt_025C_1v80: 0
Writing metric timing__hold_r2r__ws__corner:nom_tt_025C_1v80: 1e30
Writing metric timing__hold_r2r_vio__count__corner:nom_tt_025C_1v80: 0
Writing metric timing__setup_vio__count__corner:nom_tt_025C_1v80: 0
Writing metric timing__setup_r2r__ws__corner:nom_tt_025C_1v80: 1e30
Writing metric timing__setup_r2r_vio__count__corner:nom_tt_025C_1v80: 0
%OL_END_REPORT
%OL_CREATE_REPORT unpropagated.rpt
%OL_END_REPORT
%OL_CREATE_REPORT clock.rpt
Clock: clk
Sources: clk 
Generated: no
Virtual: yes
Propagated: no
Period: 8.000000

===========================================================================
report_clock_properties
============================================================================
Clock                   Period          Waveform
----------------------------------------------------
clk                   8.000000    0.000000  4.000000

===========================================================================
report_clock_latency
============================================================================
Clock clk
rise -> rise
    min     max
0.000000 0.000000 source latency
0.264808         network latency _8_/CLK
        0.265297 network latency _9_/CLK
---------------
0.264808 0.265297 latency
        0.000490 skew

fall -> fall
    min     max
0.000000 0.000000 source latency
0.275188         network latency _8_/CLK
        0.275636 network latency _9_/CLK
---------------
0.275188 0.275636 latency
        0.000448 skew



===========================================================================
report_clock_min_period
============================================================================
clk period_min = 0.00 fmax = inf
%OL_END_REPORT
