Reading OpenROAD database at '/home/chithang/pdop2/FA_reg/runs/RUN_2026-03-28_14-30-24/23-openroad-globalplacementskipio/FA_Reg.odb'…
Reading library file at '/home/chithang/.volare/volare/sky130/versions/0fe599b2afb6708d281543108caf8310912f54af/sky130A/libs.ref/sky130_fd_sc_hd/lib/sky130_fd_sc_hd__tt_025C_1v80.lib'…
Reading design constraints file at '/nix/store/h0ldzjka94yryiq8yxbxmwargpnmwhx6-python3-3.11.9-env/lib/python3.11/site-packages/openlane/scripts/base.sdc'…
[INFO] Using clock clk…
[INFO] Setting output delay to: 1.6
[INFO] Setting input delay to: 1.6
[INFO] Setting load to: 0.033442
[INFO] Setting clock uncertainty to: 0.25
[INFO] Setting clock transition to: 0.1499999999999999944488848768742172978818416595458984375
[INFO] Setting timing derate to: 5%
[INFO] place_pins args: -min_distance 3
Found 0 macro blocks.
[INFO PPL-0010] Tentative 0 to set up sections.
[INFO PPL-0001] Number of slots           62
[INFO PPL-0002] Number of I/O             7
[INFO PPL-0003] Number of I/O w/sink      7
[INFO PPL-0004] Number of I/O w/o sink    0
[INFO PPL-0005] Slots per section         200
[INFO PPL-0006] Slots increase factor     0.01
[INFO PPL-0008] Successfully assigned pins to sections.
[INFO PPL-0012] I/O nets HPWL: 152.54 um.
Setting global connections for newly added cells…
[INFO] Setting global connections...
Updating metrics…
Cell type report:                       Count       Area
  Fill cell                                20      75.07
  Tap cell                                 12      15.01
  Inverter                                  1       3.75
  Sequential cell                           2      52.55
  Multi-Input combinational cell            4      47.55
  Total                                    39     193.94
Writing OpenROAD database to '/home/chithang/pdop2/FA_reg/runs/RUN_2026-03-28_14-30-24/24-openroad-ioplacement/FA_Reg.odb'…
Writing netlist to '/home/chithang/pdop2/FA_reg/runs/RUN_2026-03-28_14-30-24/24-openroad-ioplacement/FA_Reg.nl.v'…
Writing powered netlist to '/home/chithang/pdop2/FA_reg/runs/RUN_2026-03-28_14-30-24/24-openroad-ioplacement/FA_Reg.pnl.v'…
Writing layout to '/home/chithang/pdop2/FA_reg/runs/RUN_2026-03-28_14-30-24/24-openroad-ioplacement/FA_Reg.def'…
Writing timing constraints to '/home/chithang/pdop2/FA_reg/runs/RUN_2026-03-28_14-30-24/24-openroad-ioplacement/FA_Reg.sdc'…
