
 /----------------------------------------------------------------------------\
 |  yosys -- Yosys Open SYnthesis Suite                                       |
 |  Copyright (C) 2012 - 2024  Claire Xenia Wolf <claire@yosyshq.com>         |
 |  Distributed under an ISC-like license, type "license" to see terms        |
 \----------------------------------------------------------------------------/
 Yosys 0.46 (git sha1 e97731b9dda91fa5fa53ed87df7c34163ba59a41, clang++ 17.0.6 -fPIC -O3)
Loaded SDC plugin

1. Executing Liberty frontend: /home/chithang/.volare/volare/sky130/versions/0fe599b2afb6708d281543108caf8310912f54af/sky130A/libs.ref/sky130_fd_sc_hd/lib/sky130_fd_sc_hd__tt_025C_1v80.lib
Imported 428 cell types from liberty file.
[INFO] Using SDC file '/home/chithang/pdop2/clk_reset_ctrl/runs/RUN_2026-03-29_15-29-31/02-yosys-synthesis/synthesis.abc.sdc' for ABC…

2. Executing Verilog-2005 frontend: /home/chithang/pdop2/clk_reset_ctrl/src/soft_rst_sync.v
Parsing SystemVerilog input from `/home/chithang/pdop2/clk_reset_ctrl/src/soft_rst_sync.v' to AST representation.
Storing AST representation for module `$abstract\soft_rst_sync'.
Successfully finished Verilog frontend.

3. Executing Verilog-2005 frontend: /home/chithang/pdop2/clk_reset_ctrl/src/clk_buf.v
Parsing SystemVerilog input from `/home/chithang/pdop2/clk_reset_ctrl/src/clk_buf.v' to AST representation.
Storing AST representation for module `$abstract\clk_buf'.
Storing AST representation for module `$abstract\latch_en'.
Successfully finished Verilog frontend.

4. Executing Verilog-2005 frontend: /home/chithang/pdop2/clk_reset_ctrl/src/clk_reset_ctrl.v
Parsing SystemVerilog input from `/home/chithang/pdop2/clk_reset_ctrl/src/clk_reset_ctrl.v' to AST representation.
Storing AST representation for module `$abstract\clk_reset_ctrl'.
Successfully finished Verilog frontend.

5. Executing Verilog-2005 frontend: /home/chithang/pdop2/clk_reset_ctrl/src/por_stretcher.v
Parsing SystemVerilog input from `/home/chithang/pdop2/clk_reset_ctrl/src/por_stretcher.v' to AST representation.
Storing AST representation for module `$abstract\por_stretcher'.
Successfully finished Verilog frontend.

6. Executing Verilog-2005 frontend: /home/chithang/pdop2/clk_reset_ctrl/src/reset_sync.v
Parsing SystemVerilog input from `/home/chithang/pdop2/clk_reset_ctrl/src/reset_sync.v' to AST representation.
Storing AST representation for module `$abstract\reset_sync'.
Successfully finished Verilog frontend.

7. Executing HIERARCHY pass (managing design hierarchy).

8. Executing AST frontend in derive mode using pre-parsed AST for module `\clk_reset_ctrl'.
Generating RTLIL representation for module `\clk_reset_ctrl'.

8.1. Analyzing design hierarchy..
Top module:  \clk_reset_ctrl

8.2. Executing AST frontend in derive mode using pre-parsed AST for module `\clk_buf'.
Generating RTLIL representation for module `\clk_buf'.

8.3. Executing AST frontend in derive mode using pre-parsed AST for module `\reset_sync'.
Generating RTLIL representation for module `\reset_sync'.
Parameter \STRETCH_CYCLES = 8

8.4. Executing AST frontend in derive mode using pre-parsed AST for module `\soft_rst_sync'.
Parameter \STRETCH_CYCLES = 8
Generating RTLIL representation for module `$paramod\soft_rst_sync\STRETCH_CYCLES=s32'00000000000000000000000000001000'.
Parameter \POR_CYCLES = 1000

8.5. Executing AST frontend in derive mode using pre-parsed AST for module `\por_stretcher'.
Parameter \POR_CYCLES = 1000
Generating RTLIL representation for module `$paramod\por_stretcher\POR_CYCLES=s32'00000000000000000000001111101000'.

8.6. Analyzing design hierarchy..
Top module:  \clk_reset_ctrl
Used module:     \clk_buf
Used module:     \reset_sync
Used module:     $paramod\soft_rst_sync\STRETCH_CYCLES=s32'00000000000000000000000000001000
Used module:     $paramod\por_stretcher\POR_CYCLES=s32'00000000000000000000001111101000

8.7. Executing AST frontend in derive mode using pre-parsed AST for module `\latch_en'.
Generating RTLIL representation for module `\latch_en'.

8.8. Analyzing design hierarchy..
Top module:  \clk_reset_ctrl
Used module:     \clk_buf
Used module:         \latch_en
Used module:     \reset_sync
Used module:     $paramod\soft_rst_sync\STRETCH_CYCLES=s32'00000000000000000000000000001000
Used module:     $paramod\por_stretcher\POR_CYCLES=s32'00000000000000000000001111101000

8.9. Analyzing design hierarchy..
Top module:  \clk_reset_ctrl
Used module:     \clk_buf
Used module:         \latch_en
Used module:     \reset_sync
Used module:     $paramod\soft_rst_sync\STRETCH_CYCLES=s32'00000000000000000000000000001000
Used module:     $paramod\por_stretcher\POR_CYCLES=s32'00000000000000000000001111101000
Removing unused module `$abstract\reset_sync'.
Removing unused module `$abstract\por_stretcher'.
Removing unused module `$abstract\clk_reset_ctrl'.
Removing unused module `$abstract\latch_en'.
Removing unused module `$abstract\clk_buf'.
Removing unused module `$abstract\soft_rst_sync'.
Removed 6 unused modules.
Renaming module clk_reset_ctrl to clk_reset_ctrl.

9. Generating Graphviz representation of design.
Writing dot description to `/home/chithang/pdop2/clk_reset_ctrl/runs/RUN_2026-03-29_15-29-31/02-yosys-synthesis/hierarchy.dot'.
Dumping module clk_reset_ctrl to page 1.

10. Executing TRIBUF pass.

11. Executing HIERARCHY pass (managing design hierarchy).

11.1. Analyzing design hierarchy..
Top module:  \clk_reset_ctrl
Used module:     \clk_buf
Used module:         \latch_en
Used module:     \reset_sync
Used module:     $paramod\soft_rst_sync\STRETCH_CYCLES=s32'00000000000000000000000000001000
Used module:     $paramod\por_stretcher\POR_CYCLES=s32'00000000000000000000001111101000

11.2. Analyzing design hierarchy..
Top module:  \clk_reset_ctrl
Used module:     \clk_buf
Used module:         \latch_en
Used module:     \reset_sync
Used module:     $paramod\soft_rst_sync\STRETCH_CYCLES=s32'00000000000000000000000000001000
Used module:     $paramod\por_stretcher\POR_CYCLES=s32'00000000000000000000001111101000
Removed 0 unused modules.

12. Executing PROC_CLEAN pass (remove empty switches from decision trees).
Cleaned up 0 empty switches.

13. Executing PROC_RMDEAD pass (remove dead branches from decision trees).
Marked 2 switch rules as full_case in process $proc$/home/chithang/pdop2/clk_reset_ctrl/src/por_stretcher.v:29$16 in module $paramod\por_stretcher\POR_CYCLES=s32'00000000000000000000001111101000.
Marked 3 switch rules as full_case in process $proc$/home/chithang/pdop2/clk_reset_ctrl/src/soft_rst_sync.v:35$9 in module $paramod\soft_rst_sync\STRETCH_CYCLES=s32'00000000000000000000000000001000.
Marked 1 switch rules as full_case in process $proc$/home/chithang/pdop2/clk_reset_ctrl/src/reset_sync.v:25$7 in module reset_sync.
Removed a total of 0 dead cases.

14. Executing PROC_PRUNE pass (remove redundant assignments in processes).
Removed 3 redundant assignments.
Promoted 0 assignments to connections.

15. Executing PROC_INIT pass (extract init attributes).

16. Executing PROC_ARST pass (detect async resets in processes).
Found async reset \por_n_raw in `$paramod\por_stretcher\POR_CYCLES=s32'00000000000000000000001111101000.$proc$/home/chithang/pdop2/clk_reset_ctrl/src/por_stretcher.v:29$16'.
Found async reset \por_rst_n in `$paramod\soft_rst_sync\STRETCH_CYCLES=s32'00000000000000000000000000001000.$proc$/home/chithang/pdop2/clk_reset_ctrl/src/soft_rst_sync.v:35$9'.
Found async reset \rst_async_n in `\reset_sync.$proc$/home/chithang/pdop2/clk_reset_ctrl/src/reset_sync.v:25$7'.

17. Executing PROC_ROM pass (convert switches to ROMs).
Converted 0 switches.
<suppressed ~5 debug messages>

18. Executing PROC_MUX pass (convert decision trees to multiplexers).
Creating decoders for process `$paramod\por_stretcher\POR_CYCLES=s32'00000000000000000000001111101000.$proc$/home/chithang/pdop2/clk_reset_ctrl/src/por_stretcher.v:29$16'.
     1/2: $0\stretched[0:0]
     2/2: $0\ctr[9:0]
Creating decoders for process `$paramod\soft_rst_sync\STRETCH_CYCLES=s32'00000000000000000000000000001000.$proc$/home/chithang/pdop2/clk_reset_ctrl/src/soft_rst_sync.v:35$9'.
     1/2: $0\rst_active[0:0]
     2/2: $0\ctr[3:0]
Creating decoders for process `\reset_sync.$proc$/home/chithang/pdop2/clk_reset_ctrl/src/reset_sync.v:25$7'.
     1/2: $0\ff2[0:0]
     2/2: $0\ff1[0:0]
Creating decoders for process `\latch_en.$proc$/home/chithang/pdop2/clk_reset_ctrl/src/clk_buf.v:69$20'.
     1/1: $0\q[0:0]

19. Executing PROC_DLATCH pass (convert process syncs to latches).
Latch inferred for signal `\latch_en.\q' from process `\latch_en.$proc$/home/chithang/pdop2/clk_reset_ctrl/src/clk_buf.v:69$20': $auto$proc_dlatch.cc:433:proc_dlatch$46

20. Executing PROC_DFF pass (convert process syncs to FFs).
Creating register for signal `$paramod\por_stretcher\POR_CYCLES=s32'00000000000000000000001111101000.\ctr' using process `$paramod\por_stretcher\POR_CYCLES=s32'00000000000000000000001111101000.$proc$/home/chithang/pdop2/clk_reset_ctrl/src/por_stretcher.v:29$16'.
  created $adff cell `$procdff$61' with positive edge clock and positive level reset.
Creating register for signal `$paramod\por_stretcher\POR_CYCLES=s32'00000000000000000000001111101000.\stretched' using process `$paramod\por_stretcher\POR_CYCLES=s32'00000000000000000000001111101000.$proc$/home/chithang/pdop2/clk_reset_ctrl/src/por_stretcher.v:29$16'.
  created $adff cell `$procdff$66' with positive edge clock and positive level reset.
Creating register for signal `$paramod\soft_rst_sync\STRETCH_CYCLES=s32'00000000000000000000000000001000.\ctr' using process `$paramod\soft_rst_sync\STRETCH_CYCLES=s32'00000000000000000000000000001000.$proc$/home/chithang/pdop2/clk_reset_ctrl/src/soft_rst_sync.v:35$9'.
  created $adff cell `$procdff$71' with positive edge clock and positive level reset.
Creating register for signal `$paramod\soft_rst_sync\STRETCH_CYCLES=s32'00000000000000000000000000001000.\rst_active' using process `$paramod\soft_rst_sync\STRETCH_CYCLES=s32'00000000000000000000000000001000.$proc$/home/chithang/pdop2/clk_reset_ctrl/src/soft_rst_sync.v:35$9'.
  created $adff cell `$procdff$76' with positive edge clock and positive level reset.
Creating register for signal `\reset_sync.\ff1' using process `\reset_sync.$proc$/home/chithang/pdop2/clk_reset_ctrl/src/reset_sync.v:25$7'.
  created $adff cell `$procdff$81' with positive edge clock and positive level reset.
Creating register for signal `\reset_sync.\ff2' using process `\reset_sync.$proc$/home/chithang/pdop2/clk_reset_ctrl/src/reset_sync.v:25$7'.
  created $adff cell `$procdff$86' with positive edge clock and positive level reset.

21. Executing PROC_MEMWR pass (convert process memory writes to cells).

22. Executing PROC_CLEAN pass (remove empty switches from decision trees).
Found and cleaned up 1 empty switch in `$paramod\por_stretcher\POR_CYCLES=s32'00000000000000000000001111101000.$proc$/home/chithang/pdop2/clk_reset_ctrl/src/por_stretcher.v:29$16'.
Removing empty process `$paramod\por_stretcher\POR_CYCLES=s32'00000000000000000000001111101000.$proc$/home/chithang/pdop2/clk_reset_ctrl/src/por_stretcher.v:29$16'.
Found and cleaned up 3 empty switches in `$paramod\soft_rst_sync\STRETCH_CYCLES=s32'00000000000000000000000000001000.$proc$/home/chithang/pdop2/clk_reset_ctrl/src/soft_rst_sync.v:35$9'.
Removing empty process `$paramod\soft_rst_sync\STRETCH_CYCLES=s32'00000000000000000000000000001000.$proc$/home/chithang/pdop2/clk_reset_ctrl/src/soft_rst_sync.v:35$9'.
Removing empty process `reset_sync.$proc$/home/chithang/pdop2/clk_reset_ctrl/src/reset_sync.v:25$7'.
Found and cleaned up 1 empty switch in `\latch_en.$proc$/home/chithang/pdop2/clk_reset_ctrl/src/clk_buf.v:69$20'.
Removing empty process `latch_en.$proc$/home/chithang/pdop2/clk_reset_ctrl/src/clk_buf.v:69$20'.
Cleaned up 5 empty switches.

23. Executing CHECK pass (checking for obvious problems).
Checking module clk_reset_ctrl...
Checking module $paramod\por_stretcher\POR_CYCLES=s32'00000000000000000000001111101000...
Checking module $paramod\soft_rst_sync\STRETCH_CYCLES=s32'00000000000000000000000000001000...
Checking module reset_sync...
Checking module clk_buf...
Checking module latch_en...
Found and reported 0 problems.

24. Executing OPT_EXPR pass (perform const folding).
Optimizing module clk_reset_ctrl.
Optimizing module $paramod\por_stretcher\POR_CYCLES=s32'00000000000000000000001111101000.
<suppressed ~4 debug messages>
Optimizing module $paramod\soft_rst_sync\STRETCH_CYCLES=s32'00000000000000000000000000001000.
<suppressed ~4 debug messages>
Optimizing module reset_sync.
<suppressed ~4 debug messages>
Optimizing module clk_buf.
Optimizing module latch_en.
<suppressed ~7 debug messages>

25. Executing FLATTEN pass (flatten design).
Deleting now unused module $paramod\por_stretcher\POR_CYCLES=s32'00000000000000000000001111101000.
Deleting now unused module $paramod\soft_rst_sync\STRETCH_CYCLES=s32'00000000000000000000000000001000.
Deleting now unused module reset_sync.
Deleting now unused module clk_buf.
Deleting now unused module latch_en.
<suppressed ~9 debug messages>

26. Executing OPT_EXPR pass (perform const folding).
Optimizing module clk_reset_ctrl.
<suppressed ~5 debug messages>

27. Executing OPT_CLEAN pass (remove unused cells and wires).
Finding unused cells or wires in module \clk_reset_ctrl..
Removed 20 unused cells and 77 unused wires.
<suppressed ~22 debug messages>

28. Executing OPT_EXPR pass (perform const folding).
Optimizing module clk_reset_ctrl.

29. Executing OPT_MERGE pass (detect identical cells).
Finding identical cells in module `\clk_reset_ctrl'.
<suppressed ~6 debug messages>
Removed a total of 2 cells.

30. Executing OPT_MUXTREE pass (detect dead branches in mux trees).
Running muxtree optimizer on module \clk_reset_ctrl..
  Creating internal representation of mux trees.
  Evaluating internal representation of mux trees.
      Replacing known input bits on port A of cell $flatten\u_soft.$procmux$31: \u_soft.rst_active -> 1'0
      Replacing known input bits on port B of cell $flatten\u_soft.$procmux$29: \u_soft.rst_active -> 1'1
  Analyzing evaluation results.
Removed 0 multiplexer ports.
<suppressed ~4 debug messages>

31. Executing OPT_REDUCE pass (consolidate $*mux and $reduce_* inputs).
  Optimizing cells in module \clk_reset_ctrl.
Performed a total of 0 changes.

32. Executing OPT_MERGE pass (detect identical cells).
Finding identical cells in module `\clk_reset_ctrl'.
Removed a total of 0 cells.

33. Executing OPT_DFF pass (perform DFF optimizations).

34. Executing OPT_CLEAN pass (remove unused cells and wires).
Finding unused cells or wires in module \clk_reset_ctrl..

35. Executing OPT_EXPR pass (perform const folding).
Optimizing module clk_reset_ctrl.

36. Executing FSM pass (extract and optimize FSM).

36.1. Executing FSM_DETECT pass (finding FSMs in design).

36.2. Executing FSM_EXTRACT pass (extracting FSM from design).

36.3. Executing FSM_OPT pass (simple optimizations of FSMs).

36.4. Executing OPT_CLEAN pass (remove unused cells and wires).
Finding unused cells or wires in module \clk_reset_ctrl..

36.5. Executing FSM_OPT pass (simple optimizations of FSMs).

36.6. Executing FSM_RECODE pass (re-assigning FSM state encoding).

36.7. Executing FSM_INFO pass (dumping all available information on FSM cells).

36.8. Executing FSM_MAP pass (mapping FSMs to basic logic).

37. Executing OPT_EXPR pass (perform const folding).
Optimizing module clk_reset_ctrl.

38. Executing OPT_MERGE pass (detect identical cells).
Finding identical cells in module `\clk_reset_ctrl'.
Removed a total of 0 cells.

39. Executing OPT_MUXTREE pass (detect dead branches in mux trees).
Running muxtree optimizer on module \clk_reset_ctrl..
  Creating internal representation of mux trees.
  Evaluating internal representation of mux trees.
  Analyzing evaluation results.
Removed 0 multiplexer ports.
<suppressed ~4 debug messages>

40. Executing OPT_REDUCE pass (consolidate $*mux and $reduce_* inputs).
  Optimizing cells in module \clk_reset_ctrl.
Performed a total of 0 changes.

41. Executing OPT_MERGE pass (detect identical cells).
Finding identical cells in module `\clk_reset_ctrl'.
Removed a total of 0 cells.

42. Executing OPT_DFF pass (perform DFF optimizations).
Adding EN signal on $flatten\u_soft.$procdff$71 ($adff) from module clk_reset_ctrl (D = $flatten\u_soft.$0\ctr[3:0], Q = \u_soft.ctr).
Adding EN signal on $flatten\u_por.$procdff$61 ($adff) from module clk_reset_ctrl (D = $flatten\u_por.$add$/home/chithang/pdop2/clk_reset_ctrl/src/por_stretcher.v:37$19_Y, Q = \u_por.ctr).

43. Executing OPT_CLEAN pass (remove unused cells and wires).
Finding unused cells or wires in module \clk_reset_ctrl..
Removed 1 unused cells and 1 unused wires.
<suppressed ~2 debug messages>

44. Executing OPT_EXPR pass (perform const folding).
Optimizing module clk_reset_ctrl.
<suppressed ~1 debug messages>

45. Rerunning OPT passes. (Maybe there is more to do…)

46. Executing OPT_MUXTREE pass (detect dead branches in mux trees).
Running muxtree optimizer on module \clk_reset_ctrl..
  Creating internal representation of mux trees.
  Evaluating internal representation of mux trees.
  Analyzing evaluation results.
Removed 0 multiplexer ports.
<suppressed ~3 debug messages>

47. Executing OPT_REDUCE pass (consolidate $*mux and $reduce_* inputs).
  Optimizing cells in module \clk_reset_ctrl.
Performed a total of 0 changes.

48. Executing OPT_MERGE pass (detect identical cells).
Finding identical cells in module `\clk_reset_ctrl'.
Removed a total of 0 cells.

49. Executing OPT_DFF pass (perform DFF optimizations).

50. Executing OPT_CLEAN pass (remove unused cells and wires).
Finding unused cells or wires in module \clk_reset_ctrl..

51. Executing OPT_EXPR pass (perform const folding).
Optimizing module clk_reset_ctrl.

52. Executing WREDUCE pass (reducing word size of cells).
Removed top 29 bits (of 32) from port B of cell clk_reset_ctrl.$flatten\u_soft.$lt$/home/chithang/pdop2/clk_reset_ctrl/src/soft_rst_sync.v:45$13 ($lt).

53. Executing PEEPOPT pass (run peephole optimizers).

54. Executing OPT_CLEAN pass (remove unused cells and wires).
Finding unused cells or wires in module \clk_reset_ctrl..

55. Executing ALUMACC pass (create $alu and $macc cells).
Extracting $alu and $macc cells in module clk_reset_ctrl:
  creating $macc model for $flatten\u_por.$add$/home/chithang/pdop2/clk_reset_ctrl/src/por_stretcher.v:37$19 ($add).
  creating $macc model for $flatten\u_soft.$add$/home/chithang/pdop2/clk_reset_ctrl/src/soft_rst_sync.v:46$14 ($add).
  creating $alu model for $macc $flatten\u_soft.$add$/home/chithang/pdop2/clk_reset_ctrl/src/soft_rst_sync.v:46$14.
  creating $alu model for $macc $flatten\u_por.$add$/home/chithang/pdop2/clk_reset_ctrl/src/por_stretcher.v:37$19.
  creating $alu model for $flatten\u_por.$lt$/home/chithang/pdop2/clk_reset_ctrl/src/por_stretcher.v:35$18 ($lt): new $alu
  creating $alu model for $flatten\u_soft.$lt$/home/chithang/pdop2/clk_reset_ctrl/src/soft_rst_sync.v:45$13 ($lt): new $alu
  creating $alu cell for $flatten\u_soft.$lt$/home/chithang/pdop2/clk_reset_ctrl/src/soft_rst_sync.v:45$13: $auto$alumacc.cc:485:replace_alu$102
  creating $alu cell for $flatten\u_por.$lt$/home/chithang/pdop2/clk_reset_ctrl/src/por_stretcher.v:35$18: $auto$alumacc.cc:485:replace_alu$113
  creating $alu cell for $flatten\u_por.$add$/home/chithang/pdop2/clk_reset_ctrl/src/por_stretcher.v:37$19: $auto$alumacc.cc:485:replace_alu$118
  creating $alu cell for $flatten\u_soft.$add$/home/chithang/pdop2/clk_reset_ctrl/src/soft_rst_sync.v:46$14: $auto$alumacc.cc:485:replace_alu$121
  created 4 $alu and 0 $macc cells.

56. Executing SHARE pass (SAT-based resource sharing).

57. Executing OPT_EXPR pass (perform const folding).
Optimizing module clk_reset_ctrl.
<suppressed ~4 debug messages>

58. Executing OPT_MERGE pass (detect identical cells).
Finding identical cells in module `\clk_reset_ctrl'.
Removed a total of 0 cells.

59. Executing OPT_MUXTREE pass (detect dead branches in mux trees).
Running muxtree optimizer on module \clk_reset_ctrl..
  Creating internal representation of mux trees.
  Evaluating internal representation of mux trees.
  Analyzing evaluation results.
Removed 0 multiplexer ports.
<suppressed ~3 debug messages>

60. Executing OPT_REDUCE pass (consolidate $*mux and $reduce_* inputs).
  Optimizing cells in module \clk_reset_ctrl.
Performed a total of 0 changes.

61. Executing OPT_MERGE pass (detect identical cells).
Finding identical cells in module `\clk_reset_ctrl'.
Removed a total of 0 cells.

62. Executing OPT_DFF pass (perform DFF optimizations).

63. Executing OPT_CLEAN pass (remove unused cells and wires).
Finding unused cells or wires in module \clk_reset_ctrl..
Removed 2 unused cells and 4 unused wires.
<suppressed ~3 debug messages>

64. Executing OPT_EXPR pass (perform const folding).
Optimizing module clk_reset_ctrl.

65. Rerunning OPT passes. (Maybe there is more to do…)

66. Executing OPT_MUXTREE pass (detect dead branches in mux trees).
Running muxtree optimizer on module \clk_reset_ctrl..
  Creating internal representation of mux trees.
  Evaluating internal representation of mux trees.
  Analyzing evaluation results.
Removed 0 multiplexer ports.
<suppressed ~3 debug messages>

67. Executing OPT_REDUCE pass (consolidate $*mux and $reduce_* inputs).
  Optimizing cells in module \clk_reset_ctrl.
Performed a total of 0 changes.

68. Executing OPT_MERGE pass (detect identical cells).
Finding identical cells in module `\clk_reset_ctrl'.
Removed a total of 0 cells.

69. Executing OPT_DFF pass (perform DFF optimizations).

70. Executing OPT_CLEAN pass (remove unused cells and wires).
Finding unused cells or wires in module \clk_reset_ctrl..

71. Executing OPT_EXPR pass (perform const folding).
Optimizing module clk_reset_ctrl.

72. Executing MEMORY pass.

72.1. Executing OPT_MEM pass (optimize memories).
Performed a total of 0 transformations.

72.2. Executing OPT_MEM_PRIORITY pass (removing unnecessary memory write priority relations).
Performed a total of 0 transformations.

72.3. Executing OPT_MEM_FEEDBACK pass (finding memory read-to-write feedback paths).

72.4. Executing MEMORY_BMUX2ROM pass (converting muxes to ROMs).

72.5. Executing MEMORY_DFF pass (merging $dff cells to $memrd).

72.6. Executing OPT_CLEAN pass (remove unused cells and wires).
Finding unused cells or wires in module \clk_reset_ctrl..

72.7. Executing MEMORY_SHARE pass (consolidating $memrd/$memwr cells).

72.8. Executing OPT_MEM_WIDEN pass (optimize memories where all ports are wide).
Performed a total of 0 transformations.

72.9. Executing OPT_CLEAN pass (remove unused cells and wires).
Finding unused cells or wires in module \clk_reset_ctrl..

72.10. Executing MEMORY_COLLECT pass (generating $mem cells).

73. Executing OPT_CLEAN pass (remove unused cells and wires).
Finding unused cells or wires in module \clk_reset_ctrl..

74. Executing OPT_EXPR pass (perform const folding).
Optimizing module clk_reset_ctrl.
<suppressed ~7 debug messages>

75. Executing OPT_MERGE pass (detect identical cells).
Finding identical cells in module `\clk_reset_ctrl'.
Removed a total of 0 cells.

76. Executing OPT_DFF pass (perform DFF optimizations).

77. Executing OPT_CLEAN pass (remove unused cells and wires).
Finding unused cells or wires in module \clk_reset_ctrl..
Removed 6 unused cells and 8 unused wires.
<suppressed ~7 debug messages>

78. Executing MEMORY_MAP pass (converting memories to logic and flip-flops).

79. Executing OPT_EXPR pass (perform const folding).
Optimizing module clk_reset_ctrl.

80. Executing OPT_MERGE pass (detect identical cells).
Finding identical cells in module `\clk_reset_ctrl'.
Removed a total of 0 cells.

81. Executing OPT_MUXTREE pass (detect dead branches in mux trees).
Running muxtree optimizer on module \clk_reset_ctrl..
  Creating internal representation of mux trees.
  Evaluating internal representation of mux trees.
  Analyzing evaluation results.
Removed 0 multiplexer ports.
<suppressed ~1 debug messages>

82. Executing OPT_REDUCE pass (consolidate $*mux and $reduce_* inputs).
  Optimizing cells in module \clk_reset_ctrl.
Performed a total of 0 changes.

83. Executing OPT_MERGE pass (detect identical cells).
Finding identical cells in module `\clk_reset_ctrl'.
Removed a total of 0 cells.

84. Executing OPT_SHARE pass.

85. Executing OPT_DFF pass (perform DFF optimizations).

86. Executing OPT_CLEAN pass (remove unused cells and wires).
Finding unused cells or wires in module \clk_reset_ctrl..

87. Executing OPT_EXPR pass (perform const folding).
Optimizing module clk_reset_ctrl.

88. Executing TECHMAP pass (map to technology primitives).

88.1. Executing Verilog-2005 frontend: /nix/store/9r0bh7sp051dpm8km8bqlb028anpd3v3-yosys/bin/../share/yosys/techmap.v
Parsing Verilog input from `/nix/store/9r0bh7sp051dpm8km8bqlb028anpd3v3-yosys/bin/../share/yosys/techmap.v' to AST representation.
Generating RTLIL representation for module `\_90_simplemap_bool_ops'.
Generating RTLIL representation for module `\_90_simplemap_reduce_ops'.
Generating RTLIL representation for module `\_90_simplemap_logic_ops'.
Generating RTLIL representation for module `\_90_simplemap_compare_ops'.
Generating RTLIL representation for module `\_90_simplemap_various'.
Generating RTLIL representation for module `\_90_simplemap_registers'.
Generating RTLIL representation for module `\_90_shift_ops_shr_shl_sshl_sshr'.
Generating RTLIL representation for module `\_90_shift_shiftx'.
Generating RTLIL representation for module `\_90_fa'.
Generating RTLIL representation for module `\_90_lcu_brent_kung'.
Generating RTLIL representation for module `\_90_alu'.
Generating RTLIL representation for module `\_90_macc'.
Generating RTLIL representation for module `\_90_alumacc'.
Generating RTLIL representation for module `\$__div_mod_u'.
Generating RTLIL representation for module `\$__div_mod_trunc'.
Generating RTLIL representation for module `\_90_div'.
Generating RTLIL representation for module `\_90_mod'.
Generating RTLIL representation for module `\$__div_mod_floor'.
Generating RTLIL representation for module `\_90_divfloor'.
Generating RTLIL representation for module `\_90_modfloor'.
Generating RTLIL representation for module `\_90_pow'.
Generating RTLIL representation for module `\_90_pmux'.
Generating RTLIL representation for module `\_90_demux'.
Generating RTLIL representation for module `\_90_lut'.
Successfully finished Verilog frontend.

88.2. Continuing TECHMAP pass.
Using extmapper simplemap for cells of type $and.
Using template $paramod$adbaf76fa5a3091a329503792521395f8ff4d1a4\_90_alu for cells of type $alu.
Using extmapper simplemap for cells of type $adff.
Using template $paramod$32a7b7b86c07519b7537abc18e96f0331f97914d\_90_alu for cells of type $alu.
Using template $paramod$754650b284649a026620fc6856e5b6886cbfe794\_90_alu for cells of type $alu.
Using extmapper simplemap for cells of type $adffe.
Using extmapper simplemap for cells of type $mux.
Using extmapper simplemap for cells of type $or.
Using extmapper simplemap for cells of type $not.
Using template $paramod$dbcdc7e8aa1a4080cea2deda6fdc8772064f4d90\_90_alu for cells of type $alu.
Using extmapper simplemap for cells of type $logic_and.
Using extmapper simplemap for cells of type $logic_not.
Using extmapper simplemap for cells of type $dlatch.
Using extmapper simplemap for cells of type $reduce_and.
Using extmapper simplemap for cells of type $reduce_bool.
Using extmapper simplemap for cells of type $xor.
Using template $paramod\_90_lcu_brent_kung\WIDTH=32'00000000000000000000000000000001 for cells of type $lcu.
Using extmapper simplemap for cells of type $pos.
Using template $paramod\_90_lcu_brent_kung\WIDTH=32'00000000000000000000000000000100 for cells of type $lcu.
Using template $paramod\_90_lcu_brent_kung\WIDTH=32'00000000000000000000000000001010 for cells of type $lcu.
Using template $paramod\_90_lcu_brent_kung\WIDTH=32'00000000000000000000000000000111 for cells of type $lcu.
No more expansions possible.
<suppressed ~726 debug messages>

89. Executing OPT_EXPR pass (perform const folding).
Optimizing module clk_reset_ctrl.
<suppressed ~124 debug messages>

90. Executing OPT_MERGE pass (detect identical cells).
Finding identical cells in module `\clk_reset_ctrl'.
<suppressed ~21 debug messages>
Removed a total of 7 cells.

91. Executing OPT_DFF pass (perform DFF optimizations).

92. Executing OPT_CLEAN pass (remove unused cells and wires).
Finding unused cells or wires in module \clk_reset_ctrl..
Removed 22 unused cells and 150 unused wires.
<suppressed ~23 debug messages>

93. Executing OPT_EXPR pass (perform const folding).
Optimizing module clk_reset_ctrl.

94. Executing OPT_MERGE pass (detect identical cells).
Finding identical cells in module `\clk_reset_ctrl'.
Removed a total of 0 cells.

95. Executing OPT_DFF pass (perform DFF optimizations).

96. Executing OPT_CLEAN pass (remove unused cells and wires).
Finding unused cells or wires in module \clk_reset_ctrl..

97. Executing ABC pass (technology mapping using ABC).

97.1. Extracting gate netlist of module `\clk_reset_ctrl' to `<abc-temp-dir>/input.blif'..
Extracted 61 gates and 87 wires to a netlist network with 25 inputs and 23 outputs.

97.1.1. Executing ABC.
Running ABC command: "/nix/store/6l3aj1gi4lja8z5s4lan2k2cfz9mqkrz-yosys-abc/bin/abc" -s -f <abc-temp-dir>/abc.script 2>&1
ABC: ABC command line: "source <abc-temp-dir>/abc.script".
ABC: 
ABC: + read_blif <abc-temp-dir>/input.blif 
ABC: + read_library <abc-temp-dir>/stdcells.genlib 
ABC: Entered genlib library with 13 gates from file "<abc-temp-dir>/stdcells.genlib".
ABC: + strash 
ABC: + dretime 
ABC: + map 
ABC: + write_blif <abc-temp-dir>/output.blif 

97.1.2. Re-integrating ABC results.
ABC RESULTS:             ORNOT cells:        1
ABC RESULTS:               NOT cells:        3
ABC RESULTS:               MUX cells:        1
ABC RESULTS:               AND cells:        3
ABC RESULTS:              XNOR cells:        5
ABC RESULTS:               XOR cells:        7
ABC RESULTS:              NAND cells:        8
ABC RESULTS:               NOR cells:        1
ABC RESULTS:                OR cells:       14
ABC RESULTS:            ANDNOT cells:       14
ABC RESULTS:        internal signals:       39
ABC RESULTS:           input signals:       25
ABC RESULTS:          output signals:       23
Removing temp directory.

98. Executing OPT pass (performing simple optimizations).

98.1. Executing OPT_EXPR pass (perform const folding).
Optimizing module clk_reset_ctrl.
<suppressed ~1 debug messages>

98.2. Executing OPT_MERGE pass (detect identical cells).
Finding identical cells in module `\clk_reset_ctrl'.
Removed a total of 0 cells.

98.3. Executing OPT_DFF pass (perform DFF optimizations).

98.4. Executing OPT_CLEAN pass (remove unused cells and wires).
Finding unused cells or wires in module \clk_reset_ctrl..
Removed 0 unused cells and 68 unused wires.
<suppressed ~3 debug messages>

98.5. Finished fast OPT passes.

99. Executing HIERARCHY pass (managing design hierarchy).

99.1. Analyzing design hierarchy..
Top module:  \clk_reset_ctrl

99.2. Analyzing design hierarchy..
Top module:  \clk_reset_ctrl
Removed 0 unused modules.

100. Executing CHECK pass (checking for obvious problems).
Checking module clk_reset_ctrl...
Found and reported 0 problems.

101. Printing statistics.

=== clk_reset_ctrl ===

   Number of wires:                105
   Number of wire bits:            141
   Number of public wires:          62
   Number of public wire bits:      74
   Number of ports:                 13
   Number of port bits:             13
   Number of memories:               0
   Number of memory bits:            0
   Number of processes:              0
   Number of cells:                 91
     $_ANDNOT_                      14
     $_AND_                          3
     $_DFFE_PN0N_                   10
     $_DFFE_PN0P_                    4
     $_DFF_PN0_                      6
     $_DFF_PP0_                      2
     $_DLATCH_N_                     2
     $_MUX_                          1
     $_NAND_                         8
     $_NOR_                          1
     $_NOT_                          3
     $_ORNOT_                        1
     $_OR_                          14
     $_XNOR_                         5
     $_XOR_                          7
     $scopeinfo                     10

102. Generating Graphviz representation of design.
Writing dot description to `/home/chithang/pdop2/clk_reset_ctrl/runs/RUN_2026-03-29_15-29-31/02-yosys-synthesis/primitive_techmap.dot'.
Dumping module clk_reset_ctrl to page 1.

103. Executing OPT pass (performing simple optimizations).

103.1. Executing OPT_EXPR pass (perform const folding).
Optimizing module clk_reset_ctrl.

103.2. Executing OPT_MERGE pass (detect identical cells).
Finding identical cells in module `\clk_reset_ctrl'.
Removed a total of 0 cells.

103.3. Executing OPT_MUXTREE pass (detect dead branches in mux trees).
Running muxtree optimizer on module \clk_reset_ctrl..
  Creating internal representation of mux trees.
  No muxes found in this module.
Removed 0 multiplexer ports.

103.4. Executing OPT_REDUCE pass (consolidate $*mux and $reduce_* inputs).
  Optimizing cells in module \clk_reset_ctrl.
Performed a total of 0 changes.

103.5. Executing OPT_MERGE pass (detect identical cells).
Finding identical cells in module `\clk_reset_ctrl'.
Removed a total of 0 cells.

103.6. Executing OPT_DFF pass (perform DFF optimizations).

103.7. Executing OPT_CLEAN pass (remove unused cells and wires).
Finding unused cells or wires in module \clk_reset_ctrl..

103.8. Executing OPT_EXPR pass (perform const folding).
Optimizing module clk_reset_ctrl.

103.9. Finished OPT passes. (There is nothing left to do.)

104. Executing OPT_CLEAN pass (remove unused cells and wires).
Finding unused cells or wires in module \clk_reset_ctrl..
Removed 10 unused cells and 35 unused wires.
<suppressed ~45 debug messages>
{
   "creator": "Yosys 0.46 (git sha1 e97731b9dda91fa5fa53ed87df7c34163ba59a41, clang++ 17.0.6 -fPIC -O3)",
   "invocation": "stat -json -liberty /home/chithang/pdop2/clk_reset_ctrl/runs/RUN_2026-03-29_15-29-31/tmp/f861a9d3ff6e4b1490bf0369fb4be242.lib ",
   "modules": {
      "\\clk_reset_ctrl": {
         "num_wires":         70,
         "num_wire_bits":     106,
         "num_pub_wires":     27,
         "num_pub_wire_bits": 39,
         "num_ports":         13,
         "num_port_bits":     13,
         "num_memories":      0,
         "num_memory_bits":   0,
         "num_processes":     0,
         "num_cells":         81,
         "num_cells_by_type": {
            "$_ANDNOT_": 14,
            "$_AND_": 3,
            "$_DFFE_PN0N_": 10,
            "$_DFFE_PN0P_": 4,
            "$_DFF_PN0_": 6,
            "$_DFF_PP0_": 2,
            "$_DLATCH_N_": 2,
            "$_MUX_": 1,
            "$_NAND_": 8,
            "$_NOR_": 1,
            "$_NOT_": 3,
            "$_ORNOT_": 1,
            "$_OR_": 14,
            "$_XNOR_": 5,
            "$_XOR_": 7
         }
      }
   },
      "design": {
         "num_wires":         70,
         "num_wire_bits":     106,
         "num_pub_wires":     27,
         "num_pub_wire_bits": 39,
         "num_ports":         13,
         "num_port_bits":     13,
         "num_memories":      0,
         "num_memory_bits":   0,
         "num_processes":     0,
         "num_cells":         81,
         "num_cells_by_type": {
            "$_ANDNOT_": 14,
            "$_AND_": 3,
            "$_DFFE_PN0N_": 10,
            "$_DFFE_PN0P_": 4,
            "$_DFF_PN0_": 6,
            "$_DFF_PP0_": 2,
            "$_DLATCH_N_": 2,
            "$_MUX_": 1,
            "$_NAND_": 8,
            "$_NOR_": 1,
            "$_NOT_": 3,
            "$_ORNOT_": 1,
            "$_OR_": 14,
            "$_XNOR_": 5,
            "$_XOR_": 7
         }
      }
}

105. Printing statistics.

=== clk_reset_ctrl ===

   Number of wires:                 70
   Number of wire bits:            106
   Number of public wires:          27
   Number of public wire bits:      39
   Number of ports:                 13
   Number of port bits:             13
   Number of memories:               0
   Number of memory bits:            0
   Number of processes:              0
   Number of cells:                 81
     $_ANDNOT_                      14
     $_AND_                          3
     $_DFFE_PN0N_                   10
     $_DFFE_PN0P_                    4
     $_DFF_PN0_                      6
     $_DFF_PP0_                      2
     $_DLATCH_N_                     2
     $_MUX_                          1
     $_NAND_                         8
     $_NOR_                          1
     $_NOT_                          3
     $_ORNOT_                        1
     $_OR_                          14
     $_XNOR_                         5
     $_XOR_                          7

   Area for cell type $_NOT_ is unknown!
   Area for cell type $_AND_ is unknown!
   Area for cell type $_NAND_ is unknown!
   Area for cell type $_OR_ is unknown!
   Area for cell type $_NOR_ is unknown!
   Area for cell type $_XOR_ is unknown!
   Area for cell type $_XNOR_ is unknown!
   Area for cell type $_ANDNOT_ is unknown!
   Area for cell type $_ORNOT_ is unknown!
   Area for cell type $_MUX_ is unknown!
   Area for cell type $_DFF_PN0_ is unknown!
   Area for cell type $_DFF_PP0_ is unknown!
   Area for cell type $_DFFE_PN0N_ is unknown!
   Area for cell type $_DFFE_PN0P_ is unknown!
   Area for cell type $_DLATCH_N_ is unknown!

[INFO] Applying tri-state buffer mapping from '/home/chithang/.volare/volare/sky130/versions/0fe599b2afb6708d281543108caf8310912f54af/sky130A/libs.tech/openlane/sky130_fd_sc_hd/tribuff_map.v'…

106. Executing TECHMAP pass (map to technology primitives).

106.1. Executing Verilog-2005 frontend: /home/chithang/.volare/volare/sky130/versions/0fe599b2afb6708d281543108caf8310912f54af/sky130A/libs.tech/openlane/sky130_fd_sc_hd/tribuff_map.v
Parsing Verilog input from `/home/chithang/.volare/volare/sky130/versions/0fe599b2afb6708d281543108caf8310912f54af/sky130A/libs.tech/openlane/sky130_fd_sc_hd/tribuff_map.v' to AST representation.
Generating RTLIL representation for module `\$_TBUF_'.
Successfully finished Verilog frontend.

106.2. Continuing TECHMAP pass.
No more expansions possible.
<suppressed ~3 debug messages>

107. Executing SIMPLEMAP pass (map simple cells to gate primitives).
[INFO] Applying latch mapping from '/home/chithang/.volare/volare/sky130/versions/0fe599b2afb6708d281543108caf8310912f54af/sky130A/libs.tech/openlane/sky130_fd_sc_hd/latch_map.v'…

108. Executing TECHMAP pass (map to technology primitives).

108.1. Executing Verilog-2005 frontend: /home/chithang/.volare/volare/sky130/versions/0fe599b2afb6708d281543108caf8310912f54af/sky130A/libs.tech/openlane/sky130_fd_sc_hd/latch_map.v
Parsing Verilog input from `/home/chithang/.volare/volare/sky130/versions/0fe599b2afb6708d281543108caf8310912f54af/sky130A/libs.tech/openlane/sky130_fd_sc_hd/latch_map.v' to AST representation.
Generating RTLIL representation for module `\$_DLATCH_P_'.
Generating RTLIL representation for module `\$_DLATCH_N_'.
Successfully finished Verilog frontend.

108.2. Continuing TECHMAP pass.
Using template \$_DLATCH_N_ for cells of type $_DLATCH_N_.
No more expansions possible.
<suppressed ~6 debug messages>

109. Executing SIMPLEMAP pass (map simple cells to gate primitives).

110. Executing DFFLIBMAP pass (mapping DFF cells to sequential cells from liberty file).
  cell sky130_fd_sc_hd__dfxtp_2 (noninv, pins=3, area=21.27) is a direct match for cell type $_DFF_P_.
  cell sky130_fd_sc_hd__dfrtp_2 (noninv, pins=4, area=26.28) is a direct match for cell type $_DFF_PN0_.
  cell sky130_fd_sc_hd__dfstp_2 (noninv, pins=4, area=26.28) is a direct match for cell type $_DFF_PN1_.
  cell sky130_fd_sc_hd__dfbbn_2 (noninv, pins=6, area=35.03) is a direct match for cell type $_DFFSR_NNN_.
  final dff cell mappings:
    unmapped dff cell: $_DFF_N_
    \sky130_fd_sc_hd__dfxtp_2 _DFF_P_ (.CLK( C), .D( D), .Q( Q));
    unmapped dff cell: $_DFF_NN0_
    unmapped dff cell: $_DFF_NN1_
    unmapped dff cell: $_DFF_NP0_
    unmapped dff cell: $_DFF_NP1_
    \sky130_fd_sc_hd__dfrtp_2 _DFF_PN0_ (.CLK( C), .D( D), .Q( Q), .RESET_B( R));
    \sky130_fd_sc_hd__dfstp_2 _DFF_PN1_ (.CLK( C), .D( D), .Q( Q), .SET_B( R));
    unmapped dff cell: $_DFF_PP0_
    unmapped dff cell: $_DFF_PP1_
    \sky130_fd_sc_hd__dfbbn_2 _DFFSR_NNN_ (.CLK_N( C), .D( D), .Q( Q), .Q_N(~Q), .RESET_B( R), .SET_B( S));
    unmapped dff cell: $_DFFSR_NNP_
    unmapped dff cell: $_DFFSR_NPN_
    unmapped dff cell: $_DFFSR_NPP_
    unmapped dff cell: $_DFFSR_PNN_
    unmapped dff cell: $_DFFSR_PNP_
    unmapped dff cell: $_DFFSR_PPN_
    unmapped dff cell: $_DFFSR_PPP_

110.1. Executing DFFLEGALIZE pass (convert FFs to types supported by the target).
Mapping DFF cells in module `\clk_reset_ctrl':
  mapped 22 $_DFF_PN0_ cells to \sky130_fd_sc_hd__dfrtp_2 cells.
{
   "creator": "Yosys 0.46 (git sha1 e97731b9dda91fa5fa53ed87df7c34163ba59a41, clang++ 17.0.6 -fPIC -O3)",
   "invocation": "stat -json -liberty /home/chithang/pdop2/clk_reset_ctrl/runs/RUN_2026-03-29_15-29-31/tmp/f861a9d3ff6e4b1490bf0369fb4be242.lib ",
   "modules": {
      "\\clk_reset_ctrl": {
         "num_wires":         92,
         "num_wire_bits":     128,
         "num_pub_wires":     27,
         "num_pub_wire_bits": 39,
         "num_ports":         13,
         "num_port_bits":     13,
         "num_memories":      0,
         "num_memory_bits":   0,
         "num_processes":     0,
         "num_cells":         97,
         "area":              608.083200,
         "num_cells_by_type": {
            "$_ANDNOT_": 14,
            "$_AND_": 3,
            "$_MUX_": 15,
            "$_NAND_": 8,
            "$_NOR_": 1,
            "$_NOT_": 5,
            "$_ORNOT_": 1,
            "$_OR_": 14,
            "$_XNOR_": 5,
            "$_XOR_": 7,
            "sky130_fd_sc_hd__dfrtp_2": 22,
            "sky130_fd_sc_hd__dlxtn_1": 2
         }
      }
   },
      "design": {
         "num_wires":         92,
         "num_wire_bits":     128,
         "num_pub_wires":     27,
         "num_pub_wire_bits": 39,
         "num_ports":         13,
         "num_port_bits":     13,
         "num_memories":      0,
         "num_memory_bits":   0,
         "num_processes":     0,
         "num_cells":         97,
         "area":              608.083200,
         "num_cells_by_type": {
            "$_ANDNOT_": 14,
            "$_AND_": 3,
            "$_MUX_": 15,
            "$_NAND_": 8,
            "$_NOR_": 1,
            "$_NOT_": 5,
            "$_ORNOT_": 1,
            "$_OR_": 14,
            "$_XNOR_": 5,
            "$_XOR_": 7,
            "sky130_fd_sc_hd__dfrtp_2": 22,
            "sky130_fd_sc_hd__dlxtn_1": 2
         }
      }
}

111. Printing statistics.

=== clk_reset_ctrl ===

   Number of wires:                 92
   Number of wire bits:            128
   Number of public wires:          27
   Number of public wire bits:      39
   Number of ports:                 13
   Number of port bits:             13
   Number of memories:               0
   Number of memory bits:            0
   Number of processes:              0
   Number of cells:                 97
     $_ANDNOT_                      14
     $_AND_                          3
     $_MUX_                         15
     $_NAND_                         8
     $_NOR_                          1
     $_NOT_                          5
     $_ORNOT_                        1
     $_OR_                          14
     $_XNOR_                         5
     $_XOR_                          7
     sky130_fd_sc_hd__dfrtp_2       22
     sky130_fd_sc_hd__dlxtn_1        2

   Area for cell type $_NOT_ is unknown!
   Area for cell type $_AND_ is unknown!
   Area for cell type $_NAND_ is unknown!
   Area for cell type $_OR_ is unknown!
   Area for cell type $_NOR_ is unknown!
   Area for cell type $_XOR_ is unknown!
   Area for cell type $_XNOR_ is unknown!
   Area for cell type $_ANDNOT_ is unknown!
   Area for cell type $_ORNOT_ is unknown!
   Area for cell type $_MUX_ is unknown!

   Chip area for module '\clk_reset_ctrl': 608.083200
     of which used for sequential elements: 578.054400 (95.06%)

[INFO] Using generated ABC script '/home/chithang/pdop2/clk_reset_ctrl/runs/RUN_2026-03-29_15-29-31/02-yosys-synthesis/DELAY_1.abc'…

112. Executing ABC pass (technology mapping using ABC).

112.1. Extracting gate netlist of module `\clk_reset_ctrl' to `/tmp/yosys-abc-Phpy9l/input.blif'..
Extracted 73 gates and 99 wires to a netlist network with 26 inputs and 24 outputs.

112.1.1. Executing ABC.
Running ABC command: "/nix/store/6l3aj1gi4lja8z5s4lan2k2cfz9mqkrz-yosys-abc/bin/abc" -s -f /tmp/yosys-abc-Phpy9l/abc.script 2>&1
ABC: ABC command line: "source /tmp/yosys-abc-Phpy9l/abc.script".
ABC: 
ABC: + read_blif /tmp/yosys-abc-Phpy9l/input.blif 
ABC: + read_lib -w /home/chithang/pdop2/clk_reset_ctrl/runs/RUN_2026-03-29_15-29-31/tmp/f861a9d3ff6e4b1490bf0369fb4be242.lib 
ABC: Parsing finished successfully.  Parsing time =     0.02 sec
ABC: Scl_LibertyReadGenlib() skipped sequential cell "sky130_fd_sc_hd__dfbbn_2".
ABC: Scl_LibertyReadGenlib() skipped sequential cell "sky130_fd_sc_hd__dfrbp_2".
ABC: Scl_LibertyReadGenlib() skipped sequential cell "sky130_fd_sc_hd__dfrtp_2".
ABC: Scl_LibertyReadGenlib() skipped sequential cell "sky130_fd_sc_hd__dfrtp_4".
ABC: Scl_LibertyReadGenlib() skipped sequential cell "sky130_fd_sc_hd__dfsbp_2".
ABC: Scl_LibertyReadGenlib() skipped sequential cell "sky130_fd_sc_hd__dfstp_2".
ABC: Scl_LibertyReadGenlib() skipped sequential cell "sky130_fd_sc_hd__dfstp_4".
ABC: Scl_LibertyReadGenlib() skipped sequential cell "sky130_fd_sc_hd__dfxbp_2".
ABC: Scl_LibertyReadGenlib() skipped sequential cell "sky130_fd_sc_hd__dfxtp_2".
ABC: Scl_LibertyReadGenlib() skipped sequential cell "sky130_fd_sc_hd__dfxtp_4".
ABC: Scl_LibertyReadGenlib() skipped sequential cell "sky130_fd_sc_hd__dlxtn_1".
ABC: Scl_LibertyReadGenlib() skipped sequential cell "sky130_fd_sc_hd__dlxtn_2".
ABC: Scl_LibertyReadGenlib() skipped sequential cell "sky130_fd_sc_hd__dlxtn_4".
ABC: Scl_LibertyReadGenlib() skipped sequential cell "sky130_fd_sc_hd__dlxtp_1".
ABC: Scl_LibertyReadGenlib() skipped three-state cell "sky130_fd_sc_hd__ebufn_2".
ABC: Scl_LibertyReadGenlib() skipped three-state cell "sky130_fd_sc_hd__ebufn_4".
ABC: Scl_LibertyReadGenlib() skipped three-state cell "sky130_fd_sc_hd__ebufn_8".
ABC: Library "sky130_fd_sc_hd__tt_025C_1v80" from "/home/chithang/pdop2/clk_reset_ctrl/runs/RUN_2026-03-29_15-29-31/tmp/f861a9d3ff6e4b1490bf0369fb4be242.lib" has 175 cells (17 skipped: 14 seq; 3 tri-state; 0 no func; 0 dont_use).  Time =     0.04 sec
ABC: Memory =    9.54 MB. Time =     0.04 sec
ABC: Warning: Detected 2 multi-output gates (for example, "sky130_fd_sc_hd__fa_1").
ABC: + read_constr -v /home/chithang/pdop2/clk_reset_ctrl/runs/RUN_2026-03-29_15-29-31/02-yosys-synthesis/synthesis.abc.sdc 
ABC: Setting driving cell to be "sky130_fd_sc_hd__inv_2/Y".
ABC: Setting output load to be 33.442001.
ABC: + source /home/chithang/pdop2/clk_reset_ctrl/runs/RUN_2026-03-29_15-29-31/02-yosys-synthesis/DELAY_1.abc 
ABC: Error: The network is combinational.
ABC: The cell areas are multiplied by the factor: <num_fanins> ^ (0.90).
ABC: The cell delays are multiplied by the factor: <num_fanins> ^ (0.20).
ABC: Cannot find the default PI driving cell (sky130_fd_sc_hd__inv_2/Y) in the library.
ABC: WireLoad = "none"  Gates =     62 (  9.7 %)   Cap = 15.5 ff (  2.0 %)   Area =      524.25 ( 88.7 %)   Delay =   836.71 ps  (  8.1 %)               
ABC: Path  0 --      25 : 0    3 pi                        A =   0.00  Df =   0.0   -0.0 ps  S =   0.0 ps  Cin =  0.0 ff  Cout =   8.9 ff  Cmax =   0.0 ff  G =    0  
ABC: Path  1 --      64 : 3    4 sky130_fd_sc_hd__and3_2   A =   7.51  Df = 217.6  -17.0 ps  S =  90.0 ps  Cin =  1.5 ff  Cout =  12.9 ff  Cmax = 309.5 ff  G =  851  
ABC: Path  2 --      69 : 3    4 sky130_fd_sc_hd__nand3_2  A =  10.01  Df = 329.5   -8.6 ps  S = 119.7 ps  Cin =  4.4 ff  Cout =  18.3 ff  Cmax = 260.0 ff  G =  397  
ABC: Path  3 --      70 : 1    5 sky130_fd_sc_hd__inv_2    A =   3.75  Df = 528.2  -75.6 ps  S = 209.5 ps  Cin =  4.5 ff  Cout =  45.2 ff  Cmax = 331.4 ff  G =  997  
ABC: Path  4 --      83 : 4    1 sky130_fd_sc_hd__o2bb2a_2 A =  11.26  Df = 836.7  -30.6 ps  S = 186.6 ps  Cin =  1.8 ff  Cout =  33.4 ff  Cmax = 294.8 ff  G = 1904  
ABC: Start-point = pi24 (\u_por.ctr [9]).  End-point = po11 ($auto$rtlil.cc:2739:MuxGate$635).
ABC: netlist                       : i/o =   26/   24  lat =    0  nd =    62  edge =    173  area =212.45  delay =553.53  lev = 6
ABC: + write_blif /tmp/yosys-abc-Phpy9l/output.blif 

112.1.2. Re-integrating ABC results.
ABC RESULTS:   sky130_fd_sc_hd__nand2b_2 cells:        1
ABC RESULTS:   sky130_fd_sc_hd__a2bb2o_2 cells:        1
ABC RESULTS:   sky130_fd_sc_hd__or2_2 cells:        2
ABC RESULTS:   sky130_fd_sc_hd__and2_2 cells:        3
ABC RESULTS:   sky130_fd_sc_hd__and4b_2 cells:        1
ABC RESULTS:   sky130_fd_sc_hd__a31oi_2 cells:        1
ABC RESULTS:   sky130_fd_sc_hd__nand3_2 cells:        3
ABC RESULTS:   sky130_fd_sc_hd__o22a_2 cells:        1
ABC RESULTS:   sky130_fd_sc_hd__and4_2 cells:        2
ABC RESULTS:   sky130_fd_sc_hd__o2bb2a_2 cells:        1
ABC RESULTS:   sky130_fd_sc_hd__o211ai_2 cells:        2
ABC RESULTS:   sky130_fd_sc_hd__and3_2 cells:        4
ABC RESULTS:   sky130_fd_sc_hd__a32o_2 cells:        1
ABC RESULTS:   sky130_fd_sc_hd__nand4_2 cells:        2
ABC RESULTS:   sky130_fd_sc_hd__nor2_2 cells:        4
ABC RESULTS:   sky130_fd_sc_hd__o21bai_2 cells:        3
ABC RESULTS:   sky130_fd_sc_hd__nand2_2 cells:        6
ABC RESULTS:   sky130_fd_sc_hd__a21o_2 cells:        2
ABC RESULTS:   sky130_fd_sc_hd__or3b_2 cells:        1
ABC RESULTS:   sky130_fd_sc_hd__o22ai_2 cells:        1
ABC RESULTS:   sky130_fd_sc_hd__o211a_2 cells:        1
ABC RESULTS:   sky130_fd_sc_hd__o21ai_2 cells:        5
ABC RESULTS:   sky130_fd_sc_hd__a21oi_2 cells:        4
ABC RESULTS:   sky130_fd_sc_hd__o21a_2 cells:        3
ABC RESULTS:   sky130_fd_sc_hd__and3b_2 cells:        1
ABC RESULTS:   sky130_fd_sc_hd__inv_2 cells:        6
ABC RESULTS:        internal signals:       49
ABC RESULTS:           input signals:       26
ABC RESULTS:          output signals:       24
Removing temp directory.

113. Executing SETUNDEF pass (replace undef values with defined constants).

114. Executing HILOMAP pass (mapping to constant drivers).

115. Executing SPLITNETS pass (splitting up multi-bit signals).

116. Executing OPT_CLEAN pass (remove unused cells and wires).
Finding unused cells or wires in module \clk_reset_ctrl..
Removed 0 unused cells and 121 unused wires.
<suppressed ~1 debug messages>

117. Executing INSBUF pass (insert buffer cells for connected wires).
Add clk_reset_ctrl/$auto$insbuf.cc:97:execute$729: \cpu_rst_n -> \periph_rst_n

118. Executing CHECK pass (checking for obvious problems).
Checking module clk_reset_ctrl...
Found and reported 0 problems.
{
   "creator": "Yosys 0.46 (git sha1 e97731b9dda91fa5fa53ed87df7c34163ba59a41, clang++ 17.0.6 -fPIC -O3)",
   "invocation": "stat -json -liberty /home/chithang/pdop2/clk_reset_ctrl/runs/RUN_2026-03-29_15-29-31/tmp/f861a9d3ff6e4b1490bf0369fb4be242.lib ",
   "modules": {
      "\\clk_reset_ctrl": {
         "num_wires":         98,
         "num_wire_bits":     98,
         "num_pub_wires":     39,
         "num_pub_wire_bits": 39,
         "num_ports":         13,
         "num_port_bits":     13,
         "num_memories":      0,
         "num_memory_bits":   0,
         "num_processes":     0,
         "num_cells":         90,
         "area":              1148.601600,
         "num_cells_by_type": {
            "sky130_fd_sc_hd__a21o_2": 2,
            "sky130_fd_sc_hd__a21oi_2": 4,
            "sky130_fd_sc_hd__a2bb2o_2": 1,
            "sky130_fd_sc_hd__a31oi_2": 1,
            "sky130_fd_sc_hd__a32o_2": 1,
            "sky130_fd_sc_hd__and2_2": 3,
            "sky130_fd_sc_hd__and3_2": 4,
            "sky130_fd_sc_hd__and3b_2": 1,
            "sky130_fd_sc_hd__and4_2": 2,
            "sky130_fd_sc_hd__and4b_2": 1,
            "sky130_fd_sc_hd__buf_2": 1,
            "sky130_fd_sc_hd__conb_1": 3,
            "sky130_fd_sc_hd__dfrtp_2": 22,
            "sky130_fd_sc_hd__dlxtn_1": 2,
            "sky130_fd_sc_hd__inv_2": 6,
            "sky130_fd_sc_hd__nand2_2": 6,
            "sky130_fd_sc_hd__nand2b_2": 1,
            "sky130_fd_sc_hd__nand3_2": 3,
            "sky130_fd_sc_hd__nand4_2": 2,
            "sky130_fd_sc_hd__nor2_2": 4,
            "sky130_fd_sc_hd__o211a_2": 1,
            "sky130_fd_sc_hd__o211ai_2": 2,
            "sky130_fd_sc_hd__o21a_2": 3,
            "sky130_fd_sc_hd__o21ai_2": 5,
            "sky130_fd_sc_hd__o21bai_2": 3,
            "sky130_fd_sc_hd__o22a_2": 1,
            "sky130_fd_sc_hd__o22ai_2": 1,
            "sky130_fd_sc_hd__o2bb2a_2": 1,
            "sky130_fd_sc_hd__or2_2": 2,
            "sky130_fd_sc_hd__or3b_2": 1
         }
      }
   },
      "design": {
         "num_wires":         98,
         "num_wire_bits":     98,
         "num_pub_wires":     39,
         "num_pub_wire_bits": 39,
         "num_ports":         13,
         "num_port_bits":     13,
         "num_memories":      0,
         "num_memory_bits":   0,
         "num_processes":     0,
         "num_cells":         90,
         "area":              1148.601600,
         "num_cells_by_type": {
            "sky130_fd_sc_hd__a21o_2": 2,
            "sky130_fd_sc_hd__a21oi_2": 4,
            "sky130_fd_sc_hd__a2bb2o_2": 1,
            "sky130_fd_sc_hd__a31oi_2": 1,
            "sky130_fd_sc_hd__a32o_2": 1,
            "sky130_fd_sc_hd__and2_2": 3,
            "sky130_fd_sc_hd__and3_2": 4,
            "sky130_fd_sc_hd__and3b_2": 1,
            "sky130_fd_sc_hd__and4_2": 2,
            "sky130_fd_sc_hd__and4b_2": 1,
            "sky130_fd_sc_hd__buf_2": 1,
            "sky130_fd_sc_hd__conb_1": 3,
            "sky130_fd_sc_hd__dfrtp_2": 22,
            "sky130_fd_sc_hd__dlxtn_1": 2,
            "sky130_fd_sc_hd__inv_2": 6,
            "sky130_fd_sc_hd__nand2_2": 6,
            "sky130_fd_sc_hd__nand2b_2": 1,
            "sky130_fd_sc_hd__nand3_2": 3,
            "sky130_fd_sc_hd__nand4_2": 2,
            "sky130_fd_sc_hd__nor2_2": 4,
            "sky130_fd_sc_hd__o211a_2": 1,
            "sky130_fd_sc_hd__o211ai_2": 2,
            "sky130_fd_sc_hd__o21a_2": 3,
            "sky130_fd_sc_hd__o21ai_2": 5,
            "sky130_fd_sc_hd__o21bai_2": 3,
            "sky130_fd_sc_hd__o22a_2": 1,
            "sky130_fd_sc_hd__o22ai_2": 1,
            "sky130_fd_sc_hd__o2bb2a_2": 1,
            "sky130_fd_sc_hd__or2_2": 2,
            "sky130_fd_sc_hd__or3b_2": 1
         }
      }
}

119. Printing statistics.

=== clk_reset_ctrl ===

   Number of wires:                 98
   Number of wire bits:             98
   Number of public wires:          39
   Number of public wire bits:      39
   Number of ports:                 13
   Number of port bits:             13
   Number of memories:               0
   Number of memory bits:            0
   Number of processes:              0
   Number of cells:                 90
     sky130_fd_sc_hd__a21o_2         2
     sky130_fd_sc_hd__a21oi_2        4
     sky130_fd_sc_hd__a2bb2o_2       1
     sky130_fd_sc_hd__a31oi_2        1
     sky130_fd_sc_hd__a32o_2         1
     sky130_fd_sc_hd__and2_2         3
     sky130_fd_sc_hd__and3_2         4
     sky130_fd_sc_hd__and3b_2        1
     sky130_fd_sc_hd__and4_2         2
     sky130_fd_sc_hd__and4b_2        1
     sky130_fd_sc_hd__buf_2          1
     sky130_fd_sc_hd__conb_1         3
     sky130_fd_sc_hd__dfrtp_2       22
     sky130_fd_sc_hd__dlxtn_1        2
     sky130_fd_sc_hd__inv_2          6
     sky130_fd_sc_hd__nand2_2        6
     sky130_fd_sc_hd__nand2b_2       1
     sky130_fd_sc_hd__nand3_2        3
     sky130_fd_sc_hd__nand4_2        2
     sky130_fd_sc_hd__nor2_2         4
     sky130_fd_sc_hd__o211a_2        1
     sky130_fd_sc_hd__o211ai_2       2
     sky130_fd_sc_hd__o21a_2         3
     sky130_fd_sc_hd__o21ai_2        5
     sky130_fd_sc_hd__o21bai_2       3
     sky130_fd_sc_hd__o22a_2         1
     sky130_fd_sc_hd__o22ai_2        1
     sky130_fd_sc_hd__o2bb2a_2       1
     sky130_fd_sc_hd__or2_2          2
     sky130_fd_sc_hd__or3b_2         1

   Chip area for module '\clk_reset_ctrl': 1148.601600
     of which used for sequential elements: 578.054400 (50.33%)

120. Executing Verilog backend.
Dumping module `\clk_reset_ctrl'.

121. Executing JSON backend.
