Clock: clk
Sources: clk 
Generated: no
Virtual: no
Propagated: no
Period: 10.000000

===========================================================================
report_clock_properties
============================================================================
Clock                   Period          Waveform
----------------------------------------------------
clk                  10.000000    0.000000  5.000000

===========================================================================
report_clock_latency
============================================================================
Clock clk
rise -> rise
    min     max
0.000000 0.000000 source latency
1.927379         network latency _1261_/CLK
        3.211487 network latency _1194_/CLK
---------------
1.927379 3.211487 latency
        1.284107 skew

rise -> fall
    min     max
0.000000 0.000000 source latency
2.682447         network latency _1194_/CLK
        3.456586 network latency _1211_/CLK
---------------
2.682447 3.456586 latency
        0.774139 skew

fall -> fall
    min     max
0.000000 0.000000 source latency
1.076691         network latency _1261_/CLK
        1.076691 network latency _1261_/CLK
---------------
1.076691 1.076691 latency
        0.000000 skew



===========================================================================
report_clock_min_period
============================================================================
clk period_min = 6.18 fmax = 161.92
