171. Printing statistics.

=== ascon_ip_top ===

   Number of wires:              21436
   Number of wire bits:          30432
   Number of public wires:         260
   Number of public wire bits:    9073
   Number of ports:                 78
   Number of port bits:            735
   Number of memories:               0
   Number of memory bits:            0
   Number of processes:              0
   Number of cells:              29080
     $_ANDNOT_                    2094
     $_AND_                        221
     $_MUX_                      12446
     $_NAND_                       112
     $_NOR_                        340
     $_NOT_                       2181
     $_ORNOT_                      330
     $_OR_                        1013
     $_XNOR_                      1344
     $_XOR_                       2781
     sky130_fd_sc_hd__dfrtp_2     5696
     sky130_fd_sc_hd__dfstp_2       10
     sky130_fd_sc_hd__dfxtp_2      512

   Area for cell type $_NOT_ is unknown!
   Area for cell type $_AND_ is unknown!
   Area for cell type $_NAND_ is unknown!
   Area for cell type $_OR_ is unknown!
   Area for cell type $_NOR_ is unknown!
   Area for cell type $_XOR_ is unknown!
   Area for cell type $_XNOR_ is unknown!
   Area for cell type $_ANDNOT_ is unknown!
   Area for cell type $_ORNOT_ is unknown!
   Area for cell type $_MUX_ is unknown!

   Chip area for module '\ascon_ip_top': 160816.736000
     of which used for sequential elements: 160816.736000 (100.00%)

