Reading timing models for corner nom_tt_025C_1v80…
Reading cell library for the 'nom_tt_025C_1v80' corner at '/home/chithang/.volare/volare/sky130/versions/0fe599b2afb6708d281543108caf8310912f54af/sky130A/libs.ref/sky130_fd_sc_hd/lib/sky130_fd_sc_hd__tt_025C_1v80.lib'…
Reading top-level netlist at '/home/chithang/pdop2/FA_reg/runs/RUN_2026-03-28_14-18-22/07-yosys-synthesis/FA_Reg.nl.v'…
Linking design 'FA_Reg' from netlist…
Reading design constraints file at '/nix/store/h0ldzjka94yryiq8yxbxmwargpnmwhx6-python3-3.11.9-env/lib/python3.11/site-packages/openlane/scripts/base.sdc'…
[INFO] Using clock clk…
[INFO] Setting output delay to: 1.6
[INFO] Setting input delay to: 1.6
[INFO] Setting load to: 0.033442
[INFO] Setting clock uncertainty to: 0.25
[INFO] Setting clock transition to: 0.1499999999999999944488848768742172978818416595458984375
[INFO] Setting timing derate to: 5%
%OL_CREATE_REPORT min.rpt

===========================================================================
report_checks -path_delay min (Hold)
============================================================================
======================= nom_tt_025C_1v80 Corner ===================================

Startpoint: rst_n (input port clocked by clk)
Endpoint: _8_ (removal check against rising-edge clock clk)
Path Group: asynchronous
Path Type: min

Fanout         Cap        Slew       Delay        Time   Description
---------------------------------------------------------------------------------------------
                      0.150000    0.000000    0.000000   clock clk (rise edge)
                                  0.000000    0.000000   clock network delay (ideal)
                                  1.600000    1.600000 ^ input external delay
     2    0.007224    0.040279    0.024994    1.624994 ^ rst_n (in)
                                                         rst_n (net)
                      0.040279    0.000000    1.624994 ^ _8_/RESET_B (sky130_fd_sc_hd__dfrtp_2)
                                              1.624994   data arrival time

                      0.150000    0.000000    0.000000   clock clk (rise edge)
                                  0.000000    0.000000   clock network delay (ideal)
                                  0.250000    0.250000   clock uncertainty
                                  0.000000    0.250000   clock reconvergence pessimism
                                              0.250000 ^ _8_/CLK (sky130_fd_sc_hd__dfrtp_2)
                                  0.347848    0.597848   library removal time
                                              0.597848   data required time
---------------------------------------------------------------------------------------------
                                              0.597848   data required time
                                             -1.624994   data arrival time
---------------------------------------------------------------------------------------------
                                              1.027146   slack (MET)


Startpoint: rst_n (input port clocked by clk)
Endpoint: _9_ (removal check against rising-edge clock clk)
Path Group: asynchronous
Path Type: min

Fanout         Cap        Slew       Delay        Time   Description
---------------------------------------------------------------------------------------------
                      0.150000    0.000000    0.000000   clock clk (rise edge)
                                  0.000000    0.000000   clock network delay (ideal)
                                  1.600000    1.600000 ^ input external delay
     2    0.007224    0.040279    0.024994    1.624994 ^ rst_n (in)
                                                         rst_n (net)
                      0.040279    0.000000    1.624994 ^ _9_/RESET_B (sky130_fd_sc_hd__dfrtp_2)
                                              1.624994   data arrival time

                      0.150000    0.000000    0.000000   clock clk (rise edge)
                                  0.000000    0.000000   clock network delay (ideal)
                                  0.250000    0.250000   clock uncertainty
                                  0.000000    0.250000   clock reconvergence pessimism
                                              0.250000 ^ _9_/CLK (sky130_fd_sc_hd__dfrtp_2)
                                  0.347848    0.597848   library removal time
                                              0.597848   data required time
---------------------------------------------------------------------------------------------
                                              0.597848   data required time
                                             -1.624994   data arrival time
---------------------------------------------------------------------------------------------
                                              1.027146   slack (MET)


Startpoint: b (input port clocked by clk)
Endpoint: _9_ (rising edge-triggered flip-flop clocked by clk)
Path Group: clk
Path Type: min

Fanout         Cap        Slew       Delay        Time   Description
---------------------------------------------------------------------------------------------
                      0.150000    0.000000    0.000000   clock clk (rise edge)
                                  0.000000    0.000000   clock network delay (ideal)
                                  1.600000    1.600000 v input external delay
     2    0.012622    0.030573    0.020407    1.620407 v b (in)
                                                         b (net)
                      0.030573    0.000000    1.620407 v _4_/A (sky130_fd_sc_hd__nand2_2)
     1    0.004522    0.036349    0.047279    1.667686 ^ _4_/Y (sky130_fd_sc_hd__nand2_2)
                                                         _1_ (net)
                      0.036349    0.000000    1.667686 ^ _6_/B1 (sky130_fd_sc_hd__o21ai_2)
     1    0.001949    0.023516    0.037825    1.705512 v _6_/Y (sky130_fd_sc_hd__o21ai_2)
                                                         cout_comb (net)
                      0.023516    0.000000    1.705512 v _9_/D (sky130_fd_sc_hd__dfrtp_2)
                                              1.705512   data arrival time

                      0.150000    0.000000    0.000000   clock clk (rise edge)
                                  0.000000    0.000000   clock network delay (ideal)
                                  0.250000    0.250000   clock uncertainty
                                  0.000000    0.250000   clock reconvergence pessimism
                                              0.250000 ^ _9_/CLK (sky130_fd_sc_hd__dfrtp_2)
                                 -0.009427    0.240573   library hold time
                                              0.240573   data required time
---------------------------------------------------------------------------------------------
                                              0.240573   data required time
                                             -1.705512   data arrival time
---------------------------------------------------------------------------------------------
                                              1.464939   slack (MET)


Startpoint: cin (input port clocked by clk)
Endpoint: _8_ (rising edge-triggered flip-flop clocked by clk)
Path Group: clk
Path Type: min

Fanout         Cap        Slew       Delay        Time   Description
---------------------------------------------------------------------------------------------
                      0.150000    0.000000    0.000000   clock clk (rise edge)
                                  0.000000    0.000000   clock network delay (ideal)
                                  1.600000    1.600000 ^ input external delay
     2    0.013682    0.069159    0.045768    1.645768 ^ cin (in)
                                                         cin (net)
                      0.069159    0.000000    1.645768 ^ _7_/A (sky130_fd_sc_hd__xnor2_2)
     1    0.001949    0.027493    0.061244    1.707011 v _7_/Y (sky130_fd_sc_hd__xnor2_2)
                                                         sum_comb (net)
                      0.027493    0.000000    1.707011 v _8_/D (sky130_fd_sc_hd__dfrtp_2)
                                              1.707011   data arrival time

                      0.150000    0.000000    0.000000   clock clk (rise edge)
                                  0.000000    0.000000   clock network delay (ideal)
                                  0.250000    0.250000   clock uncertainty
                                  0.000000    0.250000   clock reconvergence pessimism
                                              0.250000 ^ _8_/CLK (sky130_fd_sc_hd__dfrtp_2)
                                 -0.011044    0.238956   library hold time
                                              0.238956   data required time
---------------------------------------------------------------------------------------------
                                              0.238956   data required time
                                             -1.707011   data arrival time
---------------------------------------------------------------------------------------------
                                              1.468055   slack (MET)


Startpoint: _9_ (rising edge-triggered flip-flop clocked by clk)
Endpoint: cout (output port clocked by clk)
Path Group: clk
Path Type: min

Fanout         Cap        Slew       Delay        Time   Description
---------------------------------------------------------------------------------------------
                      0.150000    0.000000    0.000000   clock clk (rise edge)
                                  0.000000    0.000000   clock network delay (ideal)
                      0.150000    0.000000    0.000000 ^ _9_/CLK (sky130_fd_sc_hd__dfrtp_2)
     1    0.033442    0.171856    0.484006    0.484006 ^ _9_/Q (sky130_fd_sc_hd__dfrtp_2)
                                                         cout (net)
                      0.171856    0.000000    0.484006 ^ cout (out)
                                              0.484006   data arrival time

                      0.150000    0.000000    0.000000   clock clk (rise edge)
                                  0.000000    0.000000   clock network delay (ideal)
                                  0.250000    0.250000   clock uncertainty
                                  0.000000    0.250000   clock reconvergence pessimism
                                 -1.600000   -1.350000   output external delay
                                             -1.350000   data required time
---------------------------------------------------------------------------------------------
                                             -1.350000   data required time
                                             -0.484006   data arrival time
---------------------------------------------------------------------------------------------
                                              1.834006   slack (MET)


Startpoint: _8_ (rising edge-triggered flip-flop clocked by clk)
Endpoint: sum (output port clocked by clk)
Path Group: clk
Path Type: min

Fanout         Cap        Slew       Delay        Time   Description
---------------------------------------------------------------------------------------------
                      0.150000    0.000000    0.000000   clock clk (rise edge)
                                  0.000000    0.000000   clock network delay (ideal)
                      0.150000    0.000000    0.000000 ^ _8_/CLK (sky130_fd_sc_hd__dfrtp_2)
     1    0.033442    0.171856    0.484006    0.484006 ^ _8_/Q (sky130_fd_sc_hd__dfrtp_2)
                                                         sum (net)
                      0.171856    0.000000    0.484006 ^ sum (out)
                                              0.484006   data arrival time

                      0.150000    0.000000    0.000000   clock clk (rise edge)
                                  0.000000    0.000000   clock network delay (ideal)
                                  0.250000    0.250000   clock uncertainty
                                  0.000000    0.250000   clock reconvergence pessimism
                                 -1.600000   -1.350000   output external delay
                                             -1.350000   data required time
---------------------------------------------------------------------------------------------
                                             -1.350000   data required time
                                             -0.484006   data arrival time
---------------------------------------------------------------------------------------------
                                              1.834006   slack (MET)



%OL_END_REPORT
%OL_CREATE_REPORT max.rpt

===========================================================================
report_checks -path_delay max (Setup)
============================================================================
======================= nom_tt_025C_1v80 Corner ===================================

Startpoint: _9_ (rising edge-triggered flip-flop clocked by clk)
Endpoint: cout (output port clocked by clk)
Path Group: clk
Path Type: max

Fanout         Cap        Slew       Delay        Time   Description
---------------------------------------------------------------------------------------------
                      0.150000    0.000000    0.000000   clock clk (rise edge)
                                  0.000000    0.000000   clock network delay (ideal)
                      0.150000    0.000000    0.000000 ^ _9_/CLK (sky130_fd_sc_hd__dfrtp_2)
     1    0.033442    0.110070    0.504914    0.504914 v _9_/Q (sky130_fd_sc_hd__dfrtp_2)
                                                         cout (net)
                      0.110070    0.000000    0.504914 v cout (out)
                                              0.504914   data arrival time

                      0.150000    8.000000    8.000000   clock clk (rise edge)
                                  0.000000    8.000000   clock network delay (ideal)
                                 -0.250000    7.750000   clock uncertainty
                                  0.000000    7.750000   clock reconvergence pessimism
                                 -1.600000    6.150000   output external delay
                                              6.150000   data required time
---------------------------------------------------------------------------------------------
                                              6.150000   data required time
                                             -0.504914   data arrival time
---------------------------------------------------------------------------------------------
                                              5.645086   slack (MET)


Startpoint: _8_ (rising edge-triggered flip-flop clocked by clk)
Endpoint: sum (output port clocked by clk)
Path Group: clk
Path Type: max

Fanout         Cap        Slew       Delay        Time   Description
---------------------------------------------------------------------------------------------
                      0.150000    0.000000    0.000000   clock clk (rise edge)
                                  0.000000    0.000000   clock network delay (ideal)
                      0.150000    0.000000    0.000000 ^ _8_/CLK (sky130_fd_sc_hd__dfrtp_2)
     1    0.033442    0.110070    0.504914    0.504914 v _8_/Q (sky130_fd_sc_hd__dfrtp_2)
                                                         sum (net)
                      0.110070    0.000000    0.504914 v sum (out)
                                              0.504914   data arrival time

                      0.150000    8.000000    8.000000   clock clk (rise edge)
                                  0.000000    8.000000   clock network delay (ideal)
                                 -0.250000    7.750000   clock uncertainty
                                  0.000000    7.750000   clock reconvergence pessimism
                                 -1.600000    6.150000   output external delay
                                              6.150000   data required time
---------------------------------------------------------------------------------------------
                                              6.150000   data required time
                                             -0.504914   data arrival time
---------------------------------------------------------------------------------------------
                                              5.645086   slack (MET)


Startpoint: b (input port clocked by clk)
Endpoint: _8_ (rising edge-triggered flip-flop clocked by clk)
Path Group: clk
Path Type: max

Fanout         Cap        Slew       Delay        Time   Description
---------------------------------------------------------------------------------------------
                      0.150000    0.000000    0.000000   clock clk (rise edge)
                                  0.000000    0.000000   clock network delay (ideal)
                                  1.600000    1.600000 v input external delay
     2    0.012622    0.030573    0.020407    1.620407 v b (in)
                                                         b (net)
                      0.030573    0.000000    1.620407 v _5_/A (sky130_fd_sc_hd__xnor2_2)
     2    0.013162    0.219905    0.215027    1.835434 ^ _5_/Y (sky130_fd_sc_hd__xnor2_2)
                                                         _2_ (net)
                      0.219905    0.000000    1.835434 ^ _7_/B (sky130_fd_sc_hd__xnor2_2)
     1    0.002005    0.091272    0.127065    1.962499 ^ _7_/Y (sky130_fd_sc_hd__xnor2_2)
                                                         sum_comb (net)
                      0.091272    0.000000    1.962499 ^ _8_/D (sky130_fd_sc_hd__dfrtp_2)
                                              1.962499   data arrival time

                      0.150000    8.000000    8.000000   clock clk (rise edge)
                                  0.000000    8.000000   clock network delay (ideal)
                                 -0.250000    7.750000   clock uncertainty
                                  0.000000    7.750000   clock reconvergence pessimism
                                              7.750000 ^ _8_/CLK (sky130_fd_sc_hd__dfrtp_2)
                                 -0.058049    7.691951   library setup time
                                              7.691951   data required time
---------------------------------------------------------------------------------------------
                                              7.691951   data required time
                                             -1.962499   data arrival time
---------------------------------------------------------------------------------------------
                                              5.729452   slack (MET)


Startpoint: b (input port clocked by clk)
Endpoint: _9_ (rising edge-triggered flip-flop clocked by clk)
Path Group: clk
Path Type: max

Fanout         Cap        Slew       Delay        Time   Description
---------------------------------------------------------------------------------------------
                      0.150000    0.000000    0.000000   clock clk (rise edge)
                                  0.000000    0.000000   clock network delay (ideal)
                                  1.600000    1.600000 v input external delay
     2    0.012622    0.030573    0.020407    1.620407 v b (in)
                                                         b (net)
                      0.030573    0.000000    1.620407 v _5_/A (sky130_fd_sc_hd__xnor2_2)
     2    0.013162    0.219905    0.215027    1.835434 ^ _5_/Y (sky130_fd_sc_hd__xnor2_2)
                                                         _2_ (net)
                      0.219905    0.000000    1.835434 ^ _6_/A2 (sky130_fd_sc_hd__o21ai_2)
     1    0.001949    0.039314    0.062815    1.898249 v _6_/Y (sky130_fd_sc_hd__o21ai_2)
                                                         cout_comb (net)
                      0.039314    0.000000    1.898249 v _9_/D (sky130_fd_sc_hd__dfrtp_2)
                                              1.898249   data arrival time

                      0.150000    8.000000    8.000000   clock clk (rise edge)
                                  0.000000    8.000000   clock network delay (ideal)
                                 -0.250000    7.750000   clock uncertainty
                                  0.000000    7.750000   clock reconvergence pessimism
                                              7.750000 ^ _9_/CLK (sky130_fd_sc_hd__dfrtp_2)
                                 -0.088727    7.661273   library setup time
                                              7.661273   data required time
---------------------------------------------------------------------------------------------
                                              7.661273   data required time
                                             -1.898249   data arrival time
---------------------------------------------------------------------------------------------
                                              5.763025   slack (MET)


Startpoint: rst_n (input port clocked by clk)
Endpoint: _8_ (recovery check against rising-edge clock clk)
Path Group: asynchronous
Path Type: max

Fanout         Cap        Slew       Delay        Time   Description
---------------------------------------------------------------------------------------------
                      0.150000    0.000000    0.000000   clock clk (rise edge)
                                  0.000000    0.000000   clock network delay (ideal)
                                  1.600000    1.600000 ^ input external delay
     2    0.007224    0.040279    0.024994    1.624994 ^ rst_n (in)
                                                         rst_n (net)
                      0.040279    0.000000    1.624994 ^ _8_/RESET_B (sky130_fd_sc_hd__dfrtp_2)
                                              1.624994   data arrival time

                      0.150000    8.000000    8.000000   clock clk (rise edge)
                                  0.000000    8.000000   clock network delay (ideal)
                                 -0.250000    7.750000   clock uncertainty
                                  0.000000    7.750000   clock reconvergence pessimism
                                              7.750000 ^ _8_/CLK (sky130_fd_sc_hd__dfrtp_2)
                                  0.252796    8.002796   library recovery time
                                              8.002796   data required time
---------------------------------------------------------------------------------------------
                                              8.002796   data required time
                                             -1.624994   data arrival time
---------------------------------------------------------------------------------------------
                                              6.377801   slack (MET)


Startpoint: rst_n (input port clocked by clk)
Endpoint: _9_ (recovery check against rising-edge clock clk)
Path Group: asynchronous
Path Type: max

Fanout         Cap        Slew       Delay        Time   Description
---------------------------------------------------------------------------------------------
                      0.150000    0.000000    0.000000   clock clk (rise edge)
                                  0.000000    0.000000   clock network delay (ideal)
                                  1.600000    1.600000 ^ input external delay
     2    0.007224    0.040279    0.024994    1.624994 ^ rst_n (in)
                                                         rst_n (net)
                      0.040279    0.000000    1.624994 ^ _9_/RESET_B (sky130_fd_sc_hd__dfrtp_2)
                                              1.624994   data arrival time

                      0.150000    8.000000    8.000000   clock clk (rise edge)
                                  0.000000    8.000000   clock network delay (ideal)
                                 -0.250000    7.750000   clock uncertainty
                                  0.000000    7.750000   clock reconvergence pessimism
                                              7.750000 ^ _9_/CLK (sky130_fd_sc_hd__dfrtp_2)
                                  0.252796    8.002796   library recovery time
                                              8.002796   data required time
---------------------------------------------------------------------------------------------
                                              8.002796   data required time
                                             -1.624994   data arrival time
---------------------------------------------------------------------------------------------
                                              6.377801   slack (MET)



%OL_END_REPORT
%OL_CREATE_REPORT checks.rpt

===========================================================================
report_checks -unconstrained
===========================================================================
======================= nom_tt_025C_1v80 Corner ===================================

Startpoint: rst_n (input port clocked by clk)
Endpoint: _8_ (recovery check against rising-edge clock clk)
Path Group: asynchronous
Path Type: max

Fanout         Cap        Slew       Delay        Time   Description
---------------------------------------------------------------------------------------------
                      0.150000    0.000000    0.000000   clock clk (rise edge)
                                  0.000000    0.000000   clock network delay (ideal)
                                  1.600000    1.600000 ^ input external delay
     2    0.007224    0.040279    0.024994    1.624994 ^ rst_n (in)
                                                         rst_n (net)
                      0.040279    0.000000    1.624994 ^ _8_/RESET_B (sky130_fd_sc_hd__dfrtp_2)
                                              1.624994   data arrival time

                      0.150000    8.000000    8.000000   clock clk (rise edge)
                                  0.000000    8.000000   clock network delay (ideal)
                                 -0.250000    7.750000   clock uncertainty
                                  0.000000    7.750000   clock reconvergence pessimism
                                              7.750000 ^ _8_/CLK (sky130_fd_sc_hd__dfrtp_2)
                                  0.252796    8.002796   library recovery time
                                              8.002796   data required time
---------------------------------------------------------------------------------------------
                                              8.002796   data required time
                                             -1.624994   data arrival time
---------------------------------------------------------------------------------------------
                                              6.377801   slack (MET)


Startpoint: _9_ (rising edge-triggered flip-flop clocked by clk)
Endpoint: cout (output port clocked by clk)
Path Group: clk
Path Type: max

Fanout         Cap        Slew       Delay        Time   Description
---------------------------------------------------------------------------------------------
                      0.150000    0.000000    0.000000   clock clk (rise edge)
                                  0.000000    0.000000   clock network delay (ideal)
                      0.150000    0.000000    0.000000 ^ _9_/CLK (sky130_fd_sc_hd__dfrtp_2)
     1    0.033442    0.110070    0.504914    0.504914 v _9_/Q (sky130_fd_sc_hd__dfrtp_2)
                                                         cout (net)
                      0.110070    0.000000    0.504914 v cout (out)
                                              0.504914   data arrival time

                      0.150000    8.000000    8.000000   clock clk (rise edge)
                                  0.000000    8.000000   clock network delay (ideal)
                                 -0.250000    7.750000   clock uncertainty
                                  0.000000    7.750000   clock reconvergence pessimism
                                 -1.600000    6.150000   output external delay
                                              6.150000   data required time
---------------------------------------------------------------------------------------------
                                              6.150000   data required time
                                             -0.504914   data arrival time
---------------------------------------------------------------------------------------------
                                              5.645086   slack (MET)




===========================================================================
report_checks --slack_max -0.01
============================================================================
======================= nom_tt_025C_1v80 Corner ===================================

No paths found.


===========================================================================
 report_check_types -max_slew -max_cap -max_fanout -violators
============================================================================
======================= nom_tt_025C_1v80 Corner ===================================



===========================================================================
report_parasitic_annotation -report_unannotated
============================================================================
Found 12 unannotated drivers.
 a
 b
 cin
 clk
 rst_n
 _3_/Y
 _4_/Y
 _5_/Y
 _6_/Y
 _7_/Y
 _8_/Q
 _9_/Q
Found 0 partially unannotated drivers.

===========================================================================
max slew violation count 0
%OL_METRIC_I design__max_slew_violation__count__corner:nom_tt_025C_1v80 0
max fanout violation count 0
%OL_METRIC_I design__max_fanout_violation__count__corner:nom_tt_025C_1v80 0
max cap violation count 0
%OL_METRIC_I design__max_cap_violation__count__corner:nom_tt_025C_1v80 0
============================================================================

===========================================================================
check_setup -verbose -unconstrained_endpoints -multiple_clock -no_clock -no_input_delay -loops -generated_clocks
===========================================================================
%OL_END_REPORT
%OL_CREATE_REPORT power.rpt

===========================================================================
 report_power
============================================================================
======================= nom_tt_025C_1v80 Corner ===================================

Group                    Internal    Switching      Leakage        Total
                            Power        Power        Power        Power (Watts)
------------------------------------------------------------------------
Sequential           1.167140e-05 3.301352e-06 2.155413e-11 1.497277e-05  83.8%
Combinational        1.961289e-06 9.252300e-07 2.492269e-11 2.886545e-06  16.2%
Clock                0.000000e+00 0.000000e+00 0.000000e+00 0.000000e+00   0.0%
Macro                0.000000e+00 0.000000e+00 0.000000e+00 0.000000e+00   0.0%
Pad                  0.000000e+00 0.000000e+00 0.000000e+00 0.000000e+00   0.0%
------------------------------------------------------------------------
Total                1.363269e-05 4.226582e-06 4.647682e-11 1.785932e-05 100.0%
                            76.3%        23.7%         0.0%
%OL_METRIC_F power__internal__total 1.3632688023790251e-5
%OL_METRIC_F power__switching__total 4.2265824049536604e-6
%OL_METRIC_F power__leakage__total 4.647682239067308e-11
%OL_METRIC_F power__total 1.7859318177215755e-5

%OL_END_REPORT
%OL_CREATE_REPORT skew.min.rpt

===========================================================================
Clock Skew (Hold)
============================================================================
%OL_METRIC_F clock__skew__worst_hold__corner:nom_tt_025C_1v80 0.0
======================= nom_tt_025C_1v80 Corner ===================================

Clock clk
No launch/capture paths found.

%OL_END_REPORT
%OL_CREATE_REPORT skew.max.rpt

===========================================================================
Clock Skew (Setup)
============================================================================
%OL_METRIC_F clock__skew__worst_setup__corner:nom_tt_025C_1v80 0.0
======================= nom_tt_025C_1v80 Corner ===================================

Clock clk
No launch/capture paths found.

%OL_END_REPORT
%OL_CREATE_REPORT ws.min.rpt

===========================================================================
Worst Slack (Hold)
============================================================================
%OL_METRIC_F timing__hold__ws__corner:nom_tt_025C_1v80 1.0271461749651585
nom_tt_025C_1v80: 1.0271461749651585
%OL_END_REPORT
%OL_CREATE_REPORT ws.max.rpt

===========================================================================
Worst Slack (Setup)
============================================================================
%OL_METRIC_F timing__setup__ws__corner:nom_tt_025C_1v80 5.645085891851618
nom_tt_025C_1v80: 5.645085891851618
%OL_END_REPORT
%OL_CREATE_REPORT tns.min.rpt

===========================================================================
Total Negative Slack (Hold)
============================================================================
%OL_METRIC_F timing__hold__tns__corner:nom_tt_025C_1v80 0.0
nom_tt_025C_1v80: 0.0
%OL_END_REPORT
%OL_CREATE_REPORT tns.max.rpt

===========================================================================
Total Negative Slack (Setup)
============================================================================
%OL_METRIC_F timing__setup__tns__corner:nom_tt_025C_1v80 0.0
nom_tt_025C_1v80: 0.0
%OL_END_REPORT
%OL_CREATE_REPORT wns.min.rpt

===========================================================================
Worst Negative Slack (Hold)
============================================================================
%OL_METRIC_F timing__hold__wns__corner:nom_tt_025C_1v80 0
nom_tt_025C_1v80: 0
%OL_END_REPORT
%OL_CREATE_REPORT wns.max.rpt

===========================================================================
Worst Negative Slack (Setup)
============================================================================
%OL_METRIC_F timing__setup__wns__corner:nom_tt_025C_1v80 0.0
nom_tt_025C_1v80: 0.0
%OL_END_REPORT
%OL_CREATE_REPORT violator_list.rpt

===========================================================================
Violator List
============================================================================
%OL_METRIC_I timing__hold_vio__count__corner:nom_tt_025C_1v80 0
%OL_METRIC_F timing__hold_r2r__ws__corner:nom_tt_025C_1v80 inf
%OL_METRIC_I timing__hold_r2r_vio__count__corner:nom_tt_025C_1v80 0
%OL_METRIC_I timing__setup_vio__count__corner:nom_tt_025C_1v80 0
%OL_METRIC_F timing__setup_r2r__ws__corner:nom_tt_025C_1v80 inf
%OL_METRIC_I timing__setup_r2r_vio__count__corner:nom_tt_025C_1v80 0
%OL_END_REPORT
%OL_CREATE_REPORT unpropagated.rpt
clk
%OL_END_REPORT
%OL_CREATE_REPORT clock.rpt
Clock: clk
Sources: clk 
Generated: no
Virtual: no
Propagated: no
Period: 8.000000

===========================================================================
report_clock_properties
============================================================================
Clock                   Period          Waveform
----------------------------------------------------
clk                   8.000000    0.000000  4.000000

===========================================================================
report_clock_latency
============================================================================
Clock clk
rise -> rise
    min     max
0.000000 0.000000 source latency
0.013575         network latency _8_/CLK
        0.013575 network latency _8_/CLK
---------------
0.013575 0.013575 latency
        0.000000 skew

fall -> fall
    min     max
0.000000 0.000000 source latency
0.005487         network latency _8_/CLK
        0.005487 network latency _8_/CLK
---------------
0.005487 0.005487 latency
        0.000000 skew



===========================================================================
report_clock_min_period
============================================================================
clk period_min = 0.00 fmax = inf
%OL_END_REPORT
Writing SDF files for all corners…
