105. Printing statistics.

=== clk_reset_ctrl ===

   Number of wires:                 70
   Number of wire bits:            106
   Number of public wires:          27
   Number of public wire bits:      39
   Number of ports:                 13
   Number of port bits:             13
   Number of memories:               0
   Number of memory bits:            0
   Number of processes:              0
   Number of cells:                 81
     $_ANDNOT_                      14
     $_AND_                          3
     $_DFFE_PN0N_                   10
     $_DFFE_PN0P_                    4
     $_DFF_PN0_                      6
     $_DFF_PP0_                      2
     $_DLATCH_N_                     2
     $_MUX_                          1
     $_NAND_                         8
     $_NOR_                          1
     $_NOT_                          3
     $_ORNOT_                        1
     $_OR_                          14
     $_XNOR_                         5
     $_XOR_                          7

   Area for cell type $_NOT_ is unknown!
   Area for cell type $_AND_ is unknown!
   Area for cell type $_NAND_ is unknown!
   Area for cell type $_OR_ is unknown!
   Area for cell type $_NOR_ is unknown!
   Area for cell type $_XOR_ is unknown!
   Area for cell type $_XNOR_ is unknown!
   Area for cell type $_ANDNOT_ is unknown!
   Area for cell type $_ORNOT_ is unknown!
   Area for cell type $_MUX_ is unknown!
   Area for cell type $_DFF_PN0_ is unknown!
   Area for cell type $_DFF_PP0_ is unknown!
   Area for cell type $_DFFE_PN0N_ is unknown!
   Area for cell type $_DFFE_PN0P_ is unknown!
   Area for cell type $_DLATCH_N_ is unknown!

