
===========================================================================
report_checks -unconstrained
===========================================================================
======================= nom_tt_025C_1v80 Corner ===================================

Startpoint: M1_AXI_AWADDR[27] (input port clocked by sys_clk)
Endpoint: _7400_ (rising edge-triggered flip-flop clocked by sys_clk)
Path Group: in2reg
Path Type: max

Fanout         Cap        Slew       Delay        Time   Description
---------------------------------------------------------------------------------------------
                      0.150000    0.000000    0.000000   clock sys_clk (rise edge)
                                  0.000000    0.000000   clock network delay (ideal)
                                  3.000000    3.000000 v input external delay
     7    0.025205    0.000000    0.000000    3.000000 v M1_AXI_AWADDR[27] (in)
                                                         M1_AXI_AWADDR[27] (net)
                      0.000000    0.000000    3.000000 v _3404_/A (sky130_fd_sc_hd__nor2_4)
     3    0.015045    0.124031    0.121967    3.121967 ^ _3404_/Y (sky130_fd_sc_hd__nor2_4)
                                                         _0325_ (net)
                      0.124031    0.000000    3.121967 ^ _3406_/B (sky130_fd_sc_hd__nand3_4)
     4    0.023143    0.101665    0.121014    3.242980 v _3406_/Y (sky130_fd_sc_hd__nand3_4)
                                                         _0327_ (net)
                      0.101665    0.000000    3.242980 v _7042_/A (sky130_fd_sc_hd__or3_2)
     1    0.004051    0.082498    0.492194    3.735174 v _7042_/X (sky130_fd_sc_hd__or3_2)
                                                         _3017_ (net)
                      0.082498    0.000000    3.735174 v _7045_/A2 (sky130_fd_sc_hd__o211ai_2)
     7    0.022513    0.318775    0.290643    4.025817 ^ _7045_/Y (sky130_fd_sc_hd__o211ai_2)
                                                         _3020_ (net)
                      0.318775    0.000000    4.025817 ^ _7046_/S (sky130_fd_sc_hd__mux2_1)
     1    0.002276    0.053601    0.350505    4.376322 v _7046_/X (sky130_fd_sc_hd__mux2_1)
                                                         _3021_ (net)
                      0.053601    0.000000    4.376322 v _7047_/A (sky130_fd_sc_hd__buf_4)
     1    0.001949    0.022614    0.125538    4.501860 v _7047_/X (sky130_fd_sc_hd__buf_4)
                                                         _0072_ (net)
                      0.022614    0.000000    4.501860 v _7400_/D (sky130_fd_sc_hd__dfrtp_2)
                                              4.501860   data arrival time

                      0.150000   10.000000   10.000000   clock sys_clk (rise edge)
                                  0.000000   10.000000   clock network delay (ideal)
                                 -0.250000    9.750000   clock uncertainty
                                  0.000000    9.750000   clock reconvergence pessimism
                                              9.750000 ^ _7400_/CLK (sky130_fd_sc_hd__dfrtp_2)
                                 -0.081444    9.668557   library setup time
                                              9.668557   data required time
---------------------------------------------------------------------------------------------
                                              9.668557   data required time
                                             -4.501860   data arrival time
---------------------------------------------------------------------------------------------
                                              5.166698   slack (MET)


Startpoint: _7347_ (rising edge-triggered flip-flop clocked by sys_clk)
Endpoint: S2_AXI_AWVALID (output port clocked by sys_clk)
Path Group: reg2out
Path Type: max

Fanout         Cap        Slew       Delay        Time   Description
---------------------------------------------------------------------------------------------
                      0.150000    0.000000    0.000000   clock sys_clk (rise edge)
                                  0.000000    0.000000   clock network delay (ideal)
                      0.150000    0.000000    0.000000 ^ _7347_/CLK (sky130_fd_sc_hd__dfrtp_2)
    87    0.237858    1.109232    1.138653    1.138653 ^ _7347_/Q (sky130_fd_sc_hd__dfrtp_2)
                                                         mux_s2.wr_arb[1] (net)
                      1.109232    0.000000    1.138653 ^ _3431_/A (sky130_fd_sc_hd__inv_4)
     9    0.030378    0.192917    0.132730    1.271383 v _3431_/Y (sky130_fd_sc_hd__inv_4)
                                                         _0351_ (net)
                      0.192917    0.000000    1.271383 v _3432_/A3 (sky130_fd_sc_hd__a31oi_2)
     8    0.022225    0.345774    0.393508    1.664891 ^ _3432_/Y (sky130_fd_sc_hd__a31oi_2)
                                                         _0352_ (net)
                      0.345774    0.000000    1.664891 ^ _3441_/A (sky130_fd_sc_hd__nand2_2)
     8    0.020312    0.136703    0.161614    1.826504 v _3441_/Y (sky130_fd_sc_hd__nand2_2)
                                                         _0361_ (net)
                      0.136703    0.000000    1.826504 v _3442_/A (sky130_fd_sc_hd__buf_6)
    10    0.024204    0.037884    0.171158    1.997662 v _3442_/X (sky130_fd_sc_hd__buf_6)
                                                         _0362_ (net)
                      0.037884    0.000000    1.997662 v _4633_/A (sky130_fd_sc_hd__buf_6)
    10    0.020899    0.035131    0.123783    2.121446 v _4633_/X (sky130_fd_sc_hd__buf_6)
                                                         _1250_ (net)
                      0.035131    0.000000    2.121446 v _4936_/B1 (sky130_fd_sc_hd__a221o_2)
     1    0.008391    0.070477    0.348739    2.470185 v _4936_/X (sky130_fd_sc_hd__a221o_2)
                                                         _1466_ (net)
                      0.070477    0.000000    2.470185 v _4937_/B1 (sky130_fd_sc_hd__o21ai_4)
     1    0.050000    0.398995    0.161099    2.631284 ^ _4937_/Y (sky130_fd_sc_hd__o21ai_4)
                                                         S2_AXI_AWVALID (net)
                      0.398995    0.000000    2.631284 ^ S2_AXI_AWVALID (out)
                                              2.631284   data arrival time

                      0.150000   10.000000   10.000000   clock sys_clk (rise edge)
                                  0.000000   10.000000   clock network delay (ideal)
                                 -0.250000    9.750000   clock uncertainty
                                  0.000000    9.750000   clock reconvergence pessimism
                                 -3.000000    6.750000   output external delay
                                              6.750000   data required time
---------------------------------------------------------------------------------------------
                                              6.750000   data required time
                                             -2.631284   data arrival time
---------------------------------------------------------------------------------------------
                                              4.118717   slack (MET)


Startpoint: _7347_ (rising edge-triggered flip-flop clocked by sys_clk)
Endpoint: _7347_ (rising edge-triggered flip-flop clocked by sys_clk)
Path Group: reg2reg
Path Type: max

Fanout         Cap        Slew       Delay        Time   Description
---------------------------------------------------------------------------------------------
                      0.150000    0.000000    0.000000   clock sys_clk (rise edge)
                                  0.000000    0.000000   clock network delay (ideal)
                      0.150000    0.000000    0.000000 ^ _7347_/CLK (sky130_fd_sc_hd__dfrtp_2)
    87    0.237858    1.109232    1.138653    1.138653 ^ _7347_/Q (sky130_fd_sc_hd__dfrtp_2)
                                                         mux_s2.wr_arb[1] (net)
                      1.109232    0.000000    1.138653 ^ _3583_/A (sky130_fd_sc_hd__nand2_2)
     3    0.012635    0.217893    0.170127    1.308780 v _3583_/Y (sky130_fd_sc_hd__nand2_2)
                                                         _0496_ (net)
                      0.217893    0.000000    1.308780 v _6801_/B1 (sky130_fd_sc_hd__a21oi_2)
     1    0.004707    0.116236    0.176298    1.485078 ^ _6801_/Y (sky130_fd_sc_hd__a21oi_2)
                                                         _2830_ (net)
                      0.116236    0.000000    1.485078 ^ _6802_/B1 (sky130_fd_sc_hd__a21oi_2)
     3    0.008159    0.056516    0.056935    1.542013 v _6802_/Y (sky130_fd_sc_hd__a21oi_2)
                                                         _2831_ (net)
                      0.056516    0.000000    1.542013 v _6804_/B1 (sky130_fd_sc_hd__o211a_2)
     2    0.010491    0.063295    0.156238    1.698250 v _6804_/X (sky130_fd_sc_hd__o211a_2)
                                                         _2833_ (net)
                      0.063295    0.000000    1.698250 v _6810_/A1 (sky130_fd_sc_hd__a21bo_2)
     1    0.001949    0.032570    0.188103    1.886353 v _6810_/X (sky130_fd_sc_hd__a21bo_2)
                                                         _0019_ (net)
                      0.032570    0.000000    1.886353 v _7347_/D (sky130_fd_sc_hd__dfrtp_2)
                                              1.886353   data arrival time

                      0.150000   10.000000   10.000000   clock sys_clk (rise edge)
                                  0.000000   10.000000   clock network delay (ideal)
                                 -0.250000    9.750000   clock uncertainty
                                  0.000000    9.750000   clock reconvergence pessimism
                                              9.750000 ^ _7347_/CLK (sky130_fd_sc_hd__dfrtp_2)
                                 -0.085785    9.664214   library setup time
                                              9.664214   data required time
---------------------------------------------------------------------------------------------
                                              9.664214   data required time
                                             -1.886353   data arrival time
---------------------------------------------------------------------------------------------
                                              7.777861   slack (MET)


Startpoint: M0_AXI_AWADDR[19] (input port clocked by sys_clk)
Endpoint: S4_AXI_WVALID (output port clocked by sys_clk)
Path Group: sys_clk
Path Type: max

Fanout         Cap        Slew       Delay        Time   Description
---------------------------------------------------------------------------------------------
                      0.150000    0.000000    0.000000   clock sys_clk (rise edge)
                                  0.000000    0.000000   clock network delay (ideal)
                                  3.000000    3.000000 ^ input external delay
     6    0.020094    0.000000    0.000000    3.000000 ^ M0_AXI_AWADDR[19] (in)
                                                         M0_AXI_AWADDR[19] (net)
                      0.000000    0.000000    3.000000 ^ _3280_/A (sky130_fd_sc_hd__nor2_4)
     2    0.012462    0.027056    0.025510    3.025510 v _3280_/Y (sky130_fd_sc_hd__nor2_4)
                                                         _0206_ (net)
                      0.027056    0.000000    3.025510 v _3282_/C (sky130_fd_sc_hd__nand4_4)
     6    0.028194    0.138912    0.130239    3.155749 ^ _3282_/Y (sky130_fd_sc_hd__nand4_4)
                                                         _0208_ (net)
                      0.138912    0.000000    3.155749 ^ _3283_/A (sky130_fd_sc_hd__buf_4)
    10    0.048479    0.141836    0.216110    3.371859 ^ _3283_/X (sky130_fd_sc_hd__buf_4)
                                                         _0209_ (net)
                      0.141836    0.000000    3.371859 ^ _3591_/A2 (sky130_fd_sc_hd__o31ai_2)
     4    0.011230    0.079537    0.106575    3.478434 v _3591_/Y (sky130_fd_sc_hd__o31ai_2)
                                                         _0503_ (net)
                      0.079537    0.000000    3.478434 v _3593_/A1 (sky130_fd_sc_hd__o21ai_2)
     4    0.063597    0.707090    0.585930    4.064364 ^ _3593_/Y (sky130_fd_sc_hd__o21ai_2)
                                                         S4_AXI_AWID[3] (net)
                      0.707090    0.000000    4.064364 ^ _5636_/A (sky130_fd_sc_hd__nand3_2)
     1    0.004572    0.145151    0.123826    4.188190 v _5636_/Y (sky130_fd_sc_hd__nand3_2)
                                                         _1967_ (net)
                      0.145151    0.000000    4.188190 v _5638_/B1 (sky130_fd_sc_hd__a2bb2oi_2)
     1    0.050000    0.597469    0.519735    4.707925 ^ _5638_/Y (sky130_fd_sc_hd__a2bb2oi_2)
                                                         S4_AXI_WVALID (net)
                      0.597469    0.000000    4.707925 ^ S4_AXI_WVALID (out)
                                              4.707925   data arrival time

                      0.150000   10.000000   10.000000   clock sys_clk (rise edge)
                                  0.000000   10.000000   clock network delay (ideal)
                                 -0.250000    9.750000   clock uncertainty
                                  0.000000    9.750000   clock reconvergence pessimism
                                 -3.000000    6.750000   output external delay
                                              6.750000   data required time
---------------------------------------------------------------------------------------------
                                              6.750000   data required time
                                             -4.707925   data arrival time
---------------------------------------------------------------------------------------------
                                              2.042075   slack (MET)




===========================================================================
report_checks --slack_max -0.01
============================================================================
======================= nom_tt_025C_1v80 Corner ===================================

No paths found.


===========================================================================
 report_check_types -max_slew -max_cap -max_fanout -violators
============================================================================
======================= nom_tt_025C_1v80 Corner ===================================

max slew

Pin                                        Limit        Slew       Slack
------------------------------------------------------------------------
S3_AXI_AWVALID                          0.500000    1.205305   -0.705305 (VIOLATED)
_5441_/Y                                0.500000    1.205305   -0.705305 (VIOLATED)
_3307_/A                                0.500000    1.109232   -0.609232 (VIOLATED)
_3431_/A                                0.500000    1.109232   -0.609232 (VIOLATED)
_3439_/B1                               0.500000    1.109232   -0.609232 (VIOLATED)
_3583_/A                                0.500000    1.109232   -0.609232 (VIOLATED)
_4635_/A2                               0.500000    1.109232   -0.609232 (VIOLATED)
_4638_/A1                               0.500000    1.109232   -0.609232 (VIOLATED)
_4641_/A1                               0.500000    1.109232   -0.609232 (VIOLATED)
_4647_/A1                               0.500000    1.109232   -0.609232 (VIOLATED)
_4652_/A1                               0.500000    1.109232   -0.609232 (VIOLATED)
_4655_/A1                               0.500000    1.109232   -0.609232 (VIOLATED)
_4658_/A1                               0.500000    1.109232   -0.609232 (VIOLATED)
_4663_/A1                               0.500000    1.109232   -0.609232 (VIOLATED)
_4666_/A1                               0.500000    1.109232   -0.609232 (VIOLATED)
_4669_/A1                               0.500000    1.109232   -0.609232 (VIOLATED)
_4673_/A1                               0.500000    1.109232   -0.609232 (VIOLATED)
_4676_/A1                               0.500000    1.109232   -0.609232 (VIOLATED)
_4679_/A1                               0.500000    1.109232   -0.609232 (VIOLATED)
_4684_/A1                               0.500000    1.109232   -0.609232 (VIOLATED)
_4688_/A1                               0.500000    1.109232   -0.609232 (VIOLATED)
_4691_/A1                               0.500000    1.109232   -0.609232 (VIOLATED)
_4694_/A1                               0.500000    1.109232   -0.609232 (VIOLATED)
_4698_/A1                               0.500000    1.109232   -0.609232 (VIOLATED)
_4701_/A1                               0.500000    1.109232   -0.609232 (VIOLATED)
_4704_/A1                               0.500000    1.109232   -0.609232 (VIOLATED)
_4708_/A1                               0.500000    1.109232   -0.609232 (VIOLATED)
_4711_/A1                               0.500000    1.109232   -0.609232 (VIOLATED)
_4714_/A1                               0.500000    1.109232   -0.609232 (VIOLATED)
_4719_/A1                               0.500000    1.109232   -0.609232 (VIOLATED)
_4723_/A1                               0.500000    1.109232   -0.609232 (VIOLATED)
_4726_/A1                               0.500000    1.109232   -0.609232 (VIOLATED)
_4729_/A1                               0.500000    1.109232   -0.609232 (VIOLATED)
_4733_/A1                               0.500000    1.109232   -0.609232 (VIOLATED)
_4736_/A1                               0.500000    1.109232   -0.609232 (VIOLATED)
_4739_/A1                               0.500000    1.109232   -0.609232 (VIOLATED)
_4743_/A1                               0.500000    1.109232   -0.609232 (VIOLATED)
_4746_/A1                               0.500000    1.109232   -0.609232 (VIOLATED)
_4749_/A1                               0.500000    1.109232   -0.609232 (VIOLATED)
_4754_/A1                               0.500000    1.109232   -0.609232 (VIOLATED)
_4758_/A1                               0.500000    1.109232   -0.609232 (VIOLATED)
_4761_/A1                               0.500000    1.109232   -0.609232 (VIOLATED)
_4764_/A1                               0.500000    1.109232   -0.609232 (VIOLATED)
_4768_/A1                               0.500000    1.109232   -0.609232 (VIOLATED)
_4771_/A1                               0.500000    1.109232   -0.609232 (VIOLATED)
_4774_/A1                               0.500000    1.109232   -0.609232 (VIOLATED)
_4778_/A1                               0.500000    1.109232   -0.609232 (VIOLATED)
_4781_/A1                               0.500000    1.109232   -0.609232 (VIOLATED)
_4784_/A1                               0.500000    1.109232   -0.609232 (VIOLATED)
_4789_/A1                               0.500000    1.109232   -0.609232 (VIOLATED)
_4793_/A1                               0.500000    1.109232   -0.609232 (VIOLATED)
_4796_/A1                               0.500000    1.109232   -0.609232 (VIOLATED)
_4799_/A1                               0.500000    1.109232   -0.609232 (VIOLATED)
_4803_/A1                               0.500000    1.109232   -0.609232 (VIOLATED)
_4806_/A1                               0.500000    1.109232   -0.609232 (VIOLATED)
_4809_/A1                               0.500000    1.109232   -0.609232 (VIOLATED)
_4813_/A1                               0.500000    1.109232   -0.609232 (VIOLATED)
_4816_/A1                               0.500000    1.109232   -0.609232 (VIOLATED)
_4819_/A1                               0.500000    1.109232   -0.609232 (VIOLATED)
_4824_/A1                               0.500000    1.109232   -0.609232 (VIOLATED)
_4828_/A1                               0.500000    1.109232   -0.609232 (VIOLATED)
_4831_/A1                               0.500000    1.109232   -0.609232 (VIOLATED)
_4834_/A1                               0.500000    1.109232   -0.609232 (VIOLATED)
_4838_/A1                               0.500000    1.109232   -0.609232 (VIOLATED)
_4841_/A1                               0.500000    1.109232   -0.609232 (VIOLATED)
_4844_/A1                               0.500000    1.109232   -0.609232 (VIOLATED)
_4848_/A1                               0.500000    1.109232   -0.609232 (VIOLATED)
_4851_/A1                               0.500000    1.109232   -0.609232 (VIOLATED)
_4854_/A1                               0.500000    1.109232   -0.609232 (VIOLATED)
_4859_/A1                               0.500000    1.109232   -0.609232 (VIOLATED)
_4863_/A1                               0.500000    1.109232   -0.609232 (VIOLATED)
_4866_/A1                               0.500000    1.109232   -0.609232 (VIOLATED)
_4869_/A1                               0.500000    1.109232   -0.609232 (VIOLATED)
_4873_/A2                               0.500000    1.109232   -0.609232 (VIOLATED)
_4876_/A2                               0.500000    1.109232   -0.609232 (VIOLATED)
_4879_/A2                               0.500000    1.109232   -0.609232 (VIOLATED)
_4883_/A2                               0.500000    1.109232   -0.609232 (VIOLATED)
_4886_/A2                               0.500000    1.109232   -0.609232 (VIOLATED)
_4889_/A2                               0.500000    1.109232   -0.609232 (VIOLATED)
_4898_/A2                               0.500000    1.109232   -0.609232 (VIOLATED)
_4901_/A2                               0.500000    1.109232   -0.609232 (VIOLATED)
_4904_/A2                               0.500000    1.109232   -0.609232 (VIOLATED)
_4907_/A2                               0.500000    1.109232   -0.609232 (VIOLATED)
_4910_/A2                               0.500000    1.109232   -0.609232 (VIOLATED)
_4913_/A2                               0.500000    1.109232   -0.609232 (VIOLATED)
_4916_/A2                               0.500000    1.109232   -0.609232 (VIOLATED)
_4919_/A2                               0.500000    1.109232   -0.609232 (VIOLATED)
_4937_/A1                               0.500000    1.109232   -0.609232 (VIOLATED)
_6804_/A1                               0.500000    1.109232   -0.609232 (VIOLATED)
_7347_/Q                                0.500000    1.109232   -0.609232 (VIOLATED)
S3_AXI_ARVALID                          0.500000    0.958891   -0.458891 (VIOLATED)
_5627_/Y                                0.500000    0.958891   -0.458891 (VIOLATED)
S0_AXI_AWVALID                          0.500000    0.955174   -0.455174 (VIOLATED)
_3936_/Y                                0.500000    0.955174   -0.455174 (VIOLATED)
S1_AXI_AWVALID                          0.500000    0.955134   -0.455134 (VIOLATED)
_4435_/Y                                0.500000    0.955134   -0.455134 (VIOLATED)
S4_AXI_AWID[3]                          0.500000    0.707090   -0.207090 (VIOLATED)
_3593_/Y                                0.500000    0.707090   -0.207090 (VIOLATED)
_3597_/A1                               0.500000    0.707090   -0.207090 (VIOLATED)
_3615_/B2                               0.500000    0.707090   -0.207090 (VIOLATED)
_5636_/A                                0.500000    0.707090   -0.207090 (VIOLATED)
S2_AXI_AWID[3]                          0.500000    0.705660   -0.205660 (VIOLATED)
_3584_/Y                                0.500000    0.705660   -0.205660 (VIOLATED)
_3588_/B1                               0.500000    0.705660   -0.205660 (VIOLATED)
_3611_/A1                               0.500000    0.705660   -0.205660 (VIOLATED)
_4627_/A                                0.500000    0.705660   -0.205660 (VIOLATED)
S3_AXI_AWID[3]                          0.500000    0.682985   -0.182985 (VIOLATED)
_3574_/Y                                0.500000    0.682985   -0.182985 (VIOLATED)
_3588_/A1                               0.500000    0.682985   -0.182985 (VIOLATED)
_3609_/A2                               0.500000    0.682985   -0.182985 (VIOLATED)
S0_AXI_ARADDR[29]                       0.500000    0.605663   -0.105663 (VIOLATED)
_4109_/Y                                0.500000    0.605663   -0.105663 (VIOLATED)
S1_AXI_AWID[3]                          0.500000    0.604475   -0.104475 (VIOLATED)
_4272_/Y                                0.500000    0.604475   -0.104475 (VIOLATED)
S4_AXI_WVALID                           0.500000    0.597469   -0.097469 (VIOLATED)
_5638_/Y                                0.500000    0.597469   -0.097469 (VIOLATED)
S2_AXI_ARVALID                          0.500000    0.595307   -0.095306 (VIOLATED)
_5123_/Y                                0.500000    0.595307   -0.095306 (VIOLATED)
S1_AXI_BREADY                           0.500000    0.592451   -0.092451 (VIOLATED)
S2_AXI_BREADY                           0.500000    0.592451   -0.092451 (VIOLATED)
S4_AXI_BREADY                           0.500000    0.592451   -0.092451 (VIOLATED)
_4123_/Y                                0.500000    0.592451   -0.092451 (VIOLATED)
_4623_/Y                                0.500000    0.592451   -0.092451 (VIOLATED)
_5631_/Y                                0.500000    0.592451   -0.092451 (VIOLATED)
S3_AXI_ARADDR[22]                       0.500000    0.592369   -0.092369 (VIOLATED)
_5598_/Y                                0.500000    0.592369   -0.092369 (VIOLATED)
S3_AXI_ARADDR[31]                       0.500000    0.592189   -0.092189 (VIOLATED)
_5625_/Y                                0.500000    0.592189   -0.092189 (VIOLATED)
S3_AXI_ARADDR[29]                       0.500000    0.592188   -0.092188 (VIOLATED)
_5619_/Y                                0.500000    0.592188   -0.092188 (VIOLATED)
S3_AXI_ARADDR[30]                       0.500000    0.584766   -0.084766 (VIOLATED)
_5622_/Y                                0.500000    0.584766   -0.084766 (VIOLATED)
S3_AXI_ARPROT[1]                        0.500000    0.584352   -0.084352 (VIOLATED)
_5472_/Y                                0.500000    0.584352   -0.084352 (VIOLATED)
S3_AXI_ARADDR[10]                       0.500000    0.584352   -0.084352 (VIOLATED)
S3_AXI_ARADDR[11]                       0.500000    0.584352   -0.084352 (VIOLATED)
S3_AXI_ARADDR[5]                        0.500000    0.584352   -0.084352 (VIOLATED)
S3_AXI_ARADDR[6]                        0.500000    0.584352   -0.084352 (VIOLATED)
S3_AXI_ARADDR[7]                        0.500000    0.584352   -0.084352 (VIOLATED)
S3_AXI_ARADDR[8]                        0.500000    0.584352   -0.084352 (VIOLATED)
S3_AXI_ARADDR[9]                        0.500000    0.584352   -0.084352 (VIOLATED)
_5540_/Y                                0.500000    0.584352   -0.084352 (VIOLATED)
_5543_/Y                                0.500000    0.584352   -0.084352 (VIOLATED)
_5546_/Y                                0.500000    0.584352   -0.084352 (VIOLATED)
_5549_/Y                                0.500000    0.584352   -0.084352 (VIOLATED)
_5552_/Y                                0.500000    0.584352   -0.084352 (VIOLATED)
_5555_/Y                                0.500000    0.584352   -0.084352 (VIOLATED)
_5558_/Y                                0.500000    0.584352   -0.084352 (VIOLATED)
S3_AXI_ARADDR[12]                       0.500000    0.584089   -0.084089 (VIOLATED)
S3_AXI_ARADDR[13]                       0.500000    0.584089   -0.084089 (VIOLATED)
S3_AXI_ARADDR[14]                       0.500000    0.584089   -0.084089 (VIOLATED)
S3_AXI_ARADDR[15]                       0.500000    0.584089   -0.084089 (VIOLATED)
S3_AXI_ARADDR[16]                       0.500000    0.584089   -0.084089 (VIOLATED)
S3_AXI_ARADDR[17]                       0.500000    0.584089   -0.084089 (VIOLATED)
S3_AXI_ARADDR[19]                       0.500000    0.584089   -0.084089 (VIOLATED)
S3_AXI_ARADDR[20]                       0.500000    0.584089   -0.084089 (VIOLATED)
_5565_/Y                                0.500000    0.584089   -0.084089 (VIOLATED)
_5568_/Y                                0.500000    0.584089   -0.084089 (VIOLATED)
_5571_/Y                                0.500000    0.584089   -0.084089 (VIOLATED)
_5574_/Y                                0.500000    0.584089   -0.084089 (VIOLATED)
_5577_/Y                                0.500000    0.584089   -0.084089 (VIOLATED)
_5580_/Y                                0.500000    0.584089   -0.084089 (VIOLATED)
_5586_/Y                                0.500000    0.584089   -0.084089 (VIOLATED)
_5589_/Y                                0.500000    0.584089   -0.084089 (VIOLATED)
S4_AXI_ARVALID                          0.500000    0.568195   -0.068195 (VIOLATED)
_6134_/Y                                0.500000    0.568195   -0.068195 (VIOLATED)
S4_AXI_AWVALID                          0.500000    0.568188   -0.068188 (VIOLATED)
_5942_/Y                                0.500000    0.568188   -0.068188 (VIOLATED)
S3_AXI_AWADDR[28]                       0.500000    0.567733   -0.067733 (VIOLATED)
_5426_/Y                                0.500000    0.567733   -0.067733 (VIOLATED)
S2_AXI_ARID[3]                          0.500000    0.541980   -0.041980 (VIOLATED)
_4954_/Y                                0.500000    0.541980   -0.041980 (VIOLATED)

max fanout

Pin                                   Limit Fanout  Slack
---------------------------------------------------------
rst_n                                    20    151   -131 (VIOLATED)
_7347_/Q                                 20     87    -67 (VIOLATED)
S1_AXI_RVALID                            20     38    -18 (VIOLATED)
_7370_/Q                                 20     38    -18 (VIOLATED)
_7404_/Q                                 20     37    -17 (VIOLATED)
_7446_/Q                                 20     37    -17 (VIOLATED)
S4_AXI_RVALID                            20     24     -4 (VIOLATED)
S2_AXI_RVALID                            20     23     -3 (VIOLATED)



===========================================================================
report_parasitic_annotation -report_unannotated
============================================================================
Found 4945 unannotated drivers.
 M0_AXI_ARADDR[0]
 M0_AXI_ARADDR[10]
 M0_AXI_ARADDR[11]
 M0_AXI_ARADDR[12]
 M0_AXI_ARADDR[13]
 M0_AXI_ARADDR[14]
 M0_AXI_ARADDR[15]
 M0_AXI_ARADDR[16]
 M0_AXI_ARADDR[17]
 M0_AXI_ARADDR[18]
 M0_AXI_ARADDR[19]
 M0_AXI_ARADDR[1]
 M0_AXI_ARADDR[20]
 M0_AXI_ARADDR[21]
 M0_AXI_ARADDR[22]
 M0_AXI_ARADDR[23]
 M0_AXI_ARADDR[24]
 M0_AXI_ARADDR[25]
 M0_AXI_ARADDR[26]
 M0_AXI_ARADDR[27]
 M0_AXI_ARADDR[28]
 M0_AXI_ARADDR[29]
 M0_AXI_ARADDR[2]
 M0_AXI_ARADDR[30]
 M0_AXI_ARADDR[31]
 M0_AXI_ARADDR[3]
 M0_AXI_ARADDR[4]
 M0_AXI_ARADDR[5]
 M0_AXI_ARADDR[6]
 M0_AXI_ARADDR[7]
 M0_AXI_ARADDR[8]
 M0_AXI_ARADDR[9]
 M0_AXI_ARBURST[0]
 M0_AXI_ARBURST[1]
 M0_AXI_ARID[0]
 M0_AXI_ARID[1]
 M0_AXI_ARID[2]
 M0_AXI_ARID[3]
 M0_AXI_ARLEN[0]
 M0_AXI_ARLEN[1]
 M0_AXI_ARLEN[2]
 M0_AXI_ARLEN[3]
 M0_AXI_ARLEN[4]
 M0_AXI_ARLEN[5]
 M0_AXI_ARLEN[6]
 M0_AXI_ARLEN[7]
 M0_AXI_ARPROT[0]
 M0_AXI_ARPROT[1]
 M0_AXI_ARPROT[2]
 M0_AXI_ARSIZE[0]
 M0_AXI_ARSIZE[1]
 M0_AXI_ARSIZE[2]
 M0_AXI_ARVALID
 M0_AXI_AWADDR[0]
 M0_AXI_AWADDR[10]
 M0_AXI_AWADDR[11]
 M0_AXI_AWADDR[12]
 M0_AXI_AWADDR[13]
 M0_AXI_AWADDR[14]
 M0_AXI_AWADDR[15]
 M0_AXI_AWADDR[16]
 M0_AXI_AWADDR[17]
 M0_AXI_AWADDR[18]
 M0_AXI_AWADDR[19]
 M0_AXI_AWADDR[1]
 M0_AXI_AWADDR[20]
 M0_AXI_AWADDR[21]
 M0_AXI_AWADDR[22]
 M0_AXI_AWADDR[23]
 M0_AXI_AWADDR[24]
 M0_AXI_AWADDR[25]
 M0_AXI_AWADDR[26]
 M0_AXI_AWADDR[27]
 M0_AXI_AWADDR[28]
 M0_AXI_AWADDR[29]
 M0_AXI_AWADDR[2]
 M0_AXI_AWADDR[30]
 M0_AXI_AWADDR[31]
 M0_AXI_AWADDR[3]
 M0_AXI_AWADDR[4]
 M0_AXI_AWADDR[5]
 M0_AXI_AWADDR[6]
 M0_AXI_AWADDR[7]
 M0_AXI_AWADDR[8]
 M0_AXI_AWADDR[9]
 M0_AXI_AWBURST[0]
 M0_AXI_AWBURST[1]
 M0_AXI_AWID[0]
 M0_AXI_AWID[1]
 M0_AXI_AWID[2]
 M0_AXI_AWID[3]
 M0_AXI_AWLEN[0]
 M0_AXI_AWLEN[1]
 M0_AXI_AWLEN[2]
 M0_AXI_AWLEN[3]
 M0_AXI_AWLEN[4]
 M0_AXI_AWLEN[5]
 M0_AXI_AWLEN[6]
 M0_AXI_AWLEN[7]
 M0_AXI_AWPROT[0]
 M0_AXI_AWPROT[1]
 M0_AXI_AWPROT[2]
 M0_AXI_AWSIZE[0]
 M0_AXI_AWSIZE[1]
 M0_AXI_AWSIZE[2]
 M0_AXI_AWVALID
 M0_AXI_BREADY
 M0_AXI_RREADY
 M0_AXI_WDATA[0]
 M0_AXI_WDATA[10]
 M0_AXI_WDATA[11]
 M0_AXI_WDATA[12]
 M0_AXI_WDATA[13]
 M0_AXI_WDATA[14]
 M0_AXI_WDATA[15]
 M0_AXI_WDATA[16]
 M0_AXI_WDATA[17]
 M0_AXI_WDATA[18]
 M0_AXI_WDATA[19]
 M0_AXI_WDATA[1]
 M0_AXI_WDATA[20]
 M0_AXI_WDATA[21]
 M0_AXI_WDATA[22]
 M0_AXI_WDATA[23]
 M0_AXI_WDATA[24]
 M0_AXI_WDATA[25]
 M0_AXI_WDATA[26]
 M0_AXI_WDATA[27]
 M0_AXI_WDATA[28]
 M0_AXI_WDATA[29]
 M0_AXI_WDATA[2]
 M0_AXI_WDATA[30]
 M0_AXI_WDATA[31]
 M0_AXI_WDATA[3]
 M0_AXI_WDATA[4]
 M0_AXI_WDATA[5]
 M0_AXI_WDATA[6]
 M0_AXI_WDATA[7]
 M0_AXI_WDATA[8]
 M0_AXI_WDATA[9]
 M0_AXI_WLAST
 M0_AXI_WSTRB[0]
 M0_AXI_WSTRB[1]
 M0_AXI_WSTRB[2]
 M0_AXI_WSTRB[3]
 M0_AXI_WVALID
 M1_AXI_ARADDR[0]
 M1_AXI_ARADDR[10]
 M1_AXI_ARADDR[11]
 M1_AXI_ARADDR[12]
 M1_AXI_ARADDR[13]
 M1_AXI_ARADDR[14]
 M1_AXI_ARADDR[15]
 M1_AXI_ARADDR[16]
 M1_AXI_ARADDR[17]
 M1_AXI_ARADDR[18]
 M1_AXI_ARADDR[19]
 M1_AXI_ARADDR[1]
 M1_AXI_ARADDR[20]
 M1_AXI_ARADDR[21]
 M1_AXI_ARADDR[22]
 M1_AXI_ARADDR[23]
 M1_AXI_ARADDR[24]
 M1_AXI_ARADDR[25]
 M1_AXI_ARADDR[26]
 M1_AXI_ARADDR[27]
 M1_AXI_ARADDR[28]
 M1_AXI_ARADDR[29]
 M1_AXI_ARADDR[2]
 M1_AXI_ARADDR[30]
 M1_AXI_ARADDR[31]
 M1_AXI_ARADDR[3]
 M1_AXI_ARADDR[4]
 M1_AXI_ARADDR[5]
 M1_AXI_ARADDR[6]
 M1_AXI_ARADDR[7]
 M1_AXI_ARADDR[8]
 M1_AXI_ARADDR[9]
 M1_AXI_ARBURST[0]
 M1_AXI_ARBURST[1]
 M1_AXI_ARID[0]
 M1_AXI_ARID[1]
 M1_AXI_ARID[2]
 M1_AXI_ARID[3]
 M1_AXI_ARLEN[0]
 M1_AXI_ARLEN[1]
 M1_AXI_ARLEN[2]
 M1_AXI_ARLEN[3]
 M1_AXI_ARLEN[4]
 M1_AXI_ARLEN[5]
 M1_AXI_ARLEN[6]
 M1_AXI_ARLEN[7]
 M1_AXI_ARPROT[0]
 M1_AXI_ARPROT[1]
 M1_AXI_ARPROT[2]
 M1_AXI_ARSIZE[0]
 M1_AXI_ARSIZE[1]
 M1_AXI_ARSIZE[2]
 M1_AXI_ARVALID
 M1_AXI_AWADDR[0]
 M1_AXI_AWADDR[10]
 M1_AXI_AWADDR[11]
 M1_AXI_AWADDR[12]
 M1_AXI_AWADDR[13]
 M1_AXI_AWADDR[14]
 M1_AXI_AWADDR[15]
 M1_AXI_AWADDR[16]
 M1_AXI_AWADDR[17]
 M1_AXI_AWADDR[18]
 M1_AXI_AWADDR[19]
 M1_AXI_AWADDR[1]
 M1_AXI_AWADDR[20]
 M1_AXI_AWADDR[21]
 M1_AXI_AWADDR[22]
 M1_AXI_AWADDR[23]
 M1_AXI_AWADDR[24]
 M1_AXI_AWADDR[25]
 M1_AXI_AWADDR[26]
 M1_AXI_AWADDR[27]
 M1_AXI_AWADDR[28]
 M1_AXI_AWADDR[29]
 M1_AXI_AWADDR[2]
 M1_AXI_AWADDR[30]
 M1_AXI_AWADDR[31]
 M1_AXI_AWADDR[3]
 M1_AXI_AWADDR[4]
 M1_AXI_AWADDR[5]
 M1_AXI_AWADDR[6]
 M1_AXI_AWADDR[7]
 M1_AXI_AWADDR[8]
 M1_AXI_AWADDR[9]
 M1_AXI_AWBURST[0]
 M1_AXI_AWBURST[1]
 M1_AXI_AWID[0]
 M1_AXI_AWID[1]
 M1_AXI_AWID[2]
 M1_AXI_AWID[3]
 M1_AXI_AWLEN[0]
 M1_AXI_AWLEN[1]
 M1_AXI_AWLEN[2]
 M1_AXI_AWLEN[3]
 M1_AXI_AWLEN[4]
 M1_AXI_AWLEN[5]
 M1_AXI_AWLEN[6]
 M1_AXI_AWLEN[7]
 M1_AXI_AWPROT[0]
 M1_AXI_AWPROT[1]
 M1_AXI_AWPROT[2]
 M1_AXI_AWSIZE[0]
 M1_AXI_AWSIZE[1]
 M1_AXI_AWSIZE[2]
 M1_AXI_AWVALID
 M1_AXI_BREADY
 M1_AXI_RREADY
 M1_AXI_WDATA[0]
 M1_AXI_WDATA[10]
 M1_AXI_WDATA[11]
 M1_AXI_WDATA[12]
 M1_AXI_WDATA[13]
 M1_AXI_WDATA[14]
 M1_AXI_WDATA[15]
 M1_AXI_WDATA[16]
 M1_AXI_WDATA[17]
 M1_AXI_WDATA[18]
 M1_AXI_WDATA[19]
 M1_AXI_WDATA[1]
 M1_AXI_WDATA[20]
 M1_AXI_WDATA[21]
 M1_AXI_WDATA[22]
 M1_AXI_WDATA[23]
 M1_AXI_WDATA[24]
 M1_AXI_WDATA[25]
 M1_AXI_WDATA[26]
 M1_AXI_WDATA[27]
 M1_AXI_WDATA[28]
 M1_AXI_WDATA[29]
 M1_AXI_WDATA[2]
 M1_AXI_WDATA[30]
 M1_AXI_WDATA[31]
 M1_AXI_WDATA[3]
 M1_AXI_WDATA[4]
 M1_AXI_WDATA[5]
 M1_AXI_WDATA[6]
 M1_AXI_WDATA[7]
 M1_AXI_WDATA[8]
 M1_AXI_WDATA[9]
 M1_AXI_WLAST
 M1_AXI_WSTRB[0]
 M1_AXI_WSTRB[1]
 M1_AXI_WSTRB[2]
 M1_AXI_WSTRB[3]
 M1_AXI_WVALID
 M2_AXI_ARADDR[0]
 M2_AXI_ARADDR[10]
 M2_AXI_ARADDR[11]
 M2_AXI_ARADDR[12]
 M2_AXI_ARADDR[13]
 M2_AXI_ARADDR[14]
 M2_AXI_ARADDR[15]
 M2_AXI_ARADDR[16]
 M2_AXI_ARADDR[17]
 M2_AXI_ARADDR[18]
 M2_AXI_ARADDR[19]
 M2_AXI_ARADDR[1]
 M2_AXI_ARADDR[20]
 M2_AXI_ARADDR[21]
 M2_AXI_ARADDR[22]
 M2_AXI_ARADDR[23]
 M2_AXI_ARADDR[24]
 M2_AXI_ARADDR[25]
 M2_AXI_ARADDR[26]
 M2_AXI_ARADDR[27]
 M2_AXI_ARADDR[28]
 M2_AXI_ARADDR[29]
 M2_AXI_ARADDR[2]
 M2_AXI_ARADDR[30]
 M2_AXI_ARADDR[31]
 M2_AXI_ARADDR[3]
 M2_AXI_ARADDR[4]
 M2_AXI_ARADDR[5]
 M2_AXI_ARADDR[6]
 M2_AXI_ARADDR[7]
 M2_AXI_ARADDR[8]
 M2_AXI_ARADDR[9]
 M2_AXI_ARBURST[0]
 M2_AXI_ARBURST[1]
 M2_AXI_ARID[0]
 M2_AXI_ARID[1]
 M2_AXI_ARID[2]
 M2_AXI_ARID[3]
 M2_AXI_ARLEN[0]
 M2_AXI_ARLEN[1]
 M2_AXI_ARLEN[2]
 M2_AXI_ARLEN[3]
 M2_AXI_ARLEN[4]
 M2_AXI_ARLEN[5]
 M2_AXI_ARLEN[6]
 M2_AXI_ARLEN[7]
 M2_AXI_ARPROT[0]
 M2_AXI_ARPROT[1]
 M2_AXI_ARPROT[2]
 M2_AXI_ARSIZE[0]
 M2_AXI_ARSIZE[1]
 M2_AXI_ARSIZE[2]
 M2_AXI_ARVALID
 M2_AXI_AWADDR[0]
 M2_AXI_AWADDR[10]
 M2_AXI_AWADDR[11]
 M2_AXI_AWADDR[12]
 M2_AXI_AWADDR[13]
 M2_AXI_AWADDR[14]
 M2_AXI_AWADDR[15]
 M2_AXI_AWADDR[16]
 M2_AXI_AWADDR[17]
 M2_AXI_AWADDR[18]
 M2_AXI_AWADDR[19]
 M2_AXI_AWADDR[1]
 M2_AXI_AWADDR[20]
 M2_AXI_AWADDR[21]
 M2_AXI_AWADDR[22]
 M2_AXI_AWADDR[23]
 M2_AXI_AWADDR[24]
 M2_AXI_AWADDR[25]
 M2_AXI_AWADDR[26]
 M2_AXI_AWADDR[27]
 M2_AXI_AWADDR[28]
 M2_AXI_AWADDR[29]
 M2_AXI_AWADDR[2]
 M2_AXI_AWADDR[30]
 M2_AXI_AWADDR[31]
 M2_AXI_AWADDR[3]
 M2_AXI_AWADDR[4]
 M2_AXI_AWADDR[5]
 M2_AXI_AWADDR[6]
 M2_AXI_AWADDR[7]
 M2_AXI_AWADDR[8]
 M2_AXI_AWADDR[9]
 M2_AXI_AWBURST[0]
 M2_AXI_AWBURST[1]
 M2_AXI_AWID[0]
 M2_AXI_AWID[1]
 M2_AXI_AWID[2]
 M2_AXI_AWID[3]
 M2_AXI_AWLEN[0]
 M2_AXI_AWLEN[1]
 M2_AXI_AWLEN[2]
 M2_AXI_AWLEN[3]
 M2_AXI_AWLEN[4]
 M2_AXI_AWLEN[5]
 M2_AXI_AWLEN[6]
 M2_AXI_AWLEN[7]
 M2_AXI_AWPROT[0]
 M2_AXI_AWPROT[1]
 M2_AXI_AWPROT[2]
 M2_AXI_AWSIZE[0]
 M2_AXI_AWSIZE[1]
 M2_AXI_AWSIZE[2]
 M2_AXI_AWVALID
 M2_AXI_BREADY
 M2_AXI_RREADY
 M2_AXI_WDATA[0]
 M2_AXI_WDATA[10]
 M2_AXI_WDATA[11]
 M2_AXI_WDATA[12]
 M2_AXI_WDATA[13]
 M2_AXI_WDATA[14]
 M2_AXI_WDATA[15]
 M2_AXI_WDATA[16]
 M2_AXI_WDATA[17]
 M2_AXI_WDATA[18]
 M2_AXI_WDATA[19]
 M2_AXI_WDATA[1]
 M2_AXI_WDATA[20]
 M2_AXI_WDATA[21]
 M2_AXI_WDATA[22]
 M2_AXI_WDATA[23]
 M2_AXI_WDATA[24]
 M2_AXI_WDATA[25]
 M2_AXI_WDATA[26]
 M2_AXI_WDATA[27]
 M2_AXI_WDATA[28]
 M2_AXI_WDATA[29]
 M2_AXI_WDATA[2]
 M2_AXI_WDATA[30]
 M2_AXI_WDATA[31]
 M2_AXI_WDATA[3]
 M2_AXI_WDATA[4]
 M2_AXI_WDATA[5]
 M2_AXI_WDATA[6]
 M2_AXI_WDATA[7]
 M2_AXI_WDATA[8]
 M2_AXI_WDATA[9]
 M2_AXI_WLAST
 M2_AXI_WSTRB[0]
 M2_AXI_WSTRB[1]
 M2_AXI_WSTRB[2]
 M2_AXI_WSTRB[3]
 M2_AXI_WVALID
 S0_AXI_ARREADY
 S0_AXI_AWREADY
 S0_AXI_BID[0]
 S0_AXI_BID[1]
 S0_AXI_BID[2]
 S0_AXI_BID[3]
 S0_AXI_BRESP[0]
 S0_AXI_BRESP[1]
 S0_AXI_BVALID
 S0_AXI_RDATA[0]
 S0_AXI_RDATA[10]
 S0_AXI_RDATA[11]
 S0_AXI_RDATA[12]
 S0_AXI_RDATA[13]
 S0_AXI_RDATA[14]
 S0_AXI_RDATA[15]
 S0_AXI_RDATA[16]
 S0_AXI_RDATA[17]
 S0_AXI_RDATA[18]
 S0_AXI_RDATA[19]
 S0_AXI_RDATA[1]
 S0_AXI_RDATA[20]
 S0_AXI_RDATA[21]
 S0_AXI_RDATA[22]
 S0_AXI_RDATA[23]
 S0_AXI_RDATA[24]
 S0_AXI_RDATA[25]
 S0_AXI_RDATA[26]
 S0_AXI_RDATA[27]
 S0_AXI_RDATA[28]
 S0_AXI_RDATA[29]
 S0_AXI_RDATA[2]
 S0_AXI_RDATA[30]
 S0_AXI_RDATA[31]
 S0_AXI_RDATA[3]
 S0_AXI_RDATA[4]
 S0_AXI_RDATA[5]
 S0_AXI_RDATA[6]
 S0_AXI_RDATA[7]
 S0_AXI_RDATA[8]
 S0_AXI_RDATA[9]
 S0_AXI_RID[0]
 S0_AXI_RID[1]
 S0_AXI_RID[2]
 S0_AXI_RID[3]
 S0_AXI_RLAST
 S0_AXI_RRESP[0]
 S0_AXI_RRESP[1]
 S0_AXI_RVALID
 S0_AXI_WREADY
 S1_AXI_ARREADY
 S1_AXI_AWREADY
 S1_AXI_BID[0]
 S1_AXI_BID[1]
 S1_AXI_BID[2]
 S1_AXI_BID[3]
 S1_AXI_BRESP[0]
 S1_AXI_BRESP[1]
 S1_AXI_BVALID
 S1_AXI_RDATA[0]
 S1_AXI_RDATA[10]
 S1_AXI_RDATA[11]
 S1_AXI_RDATA[12]
 S1_AXI_RDATA[13]
 S1_AXI_RDATA[14]
 S1_AXI_RDATA[15]
 S1_AXI_RDATA[16]
 S1_AXI_RDATA[17]
 S1_AXI_RDATA[18]
 S1_AXI_RDATA[19]
 S1_AXI_RDATA[1]
 S1_AXI_RDATA[20]
 S1_AXI_RDATA[21]
 S1_AXI_RDATA[22]
 S1_AXI_RDATA[23]
 S1_AXI_RDATA[24]
 S1_AXI_RDATA[25]
 S1_AXI_RDATA[26]
 S1_AXI_RDATA[27]
 S1_AXI_RDATA[28]
 S1_AXI_RDATA[29]
 S1_AXI_RDATA[2]
 S1_AXI_RDATA[30]
 S1_AXI_RDATA[31]
 S1_AXI_RDATA[3]
 S1_AXI_RDATA[4]
 S1_AXI_RDATA[5]
 S1_AXI_RDATA[6]
 S1_AXI_RDATA[7]
 S1_AXI_RDATA[8]
 S1_AXI_RDATA[9]
 S1_AXI_RID[0]
 S1_AXI_RID[1]
 S1_AXI_RID[2]
 S1_AXI_RID[3]
 S1_AXI_RLAST
 S1_AXI_RRESP[0]
 S1_AXI_RRESP[1]
 S1_AXI_RVALID
 S1_AXI_WREADY
 S2_AXI_ARREADY
 S2_AXI_AWREADY
 S2_AXI_BID[0]
 S2_AXI_BID[1]
 S2_AXI_BID[2]
 S2_AXI_BID[3]
 S2_AXI_BRESP[0]
 S2_AXI_BRESP[1]
 S2_AXI_BVALID
 S2_AXI_RDATA[0]
 S2_AXI_RDATA[10]
 S2_AXI_RDATA[11]
 S2_AXI_RDATA[12]
 S2_AXI_RDATA[13]
 S2_AXI_RDATA[14]
 S2_AXI_RDATA[15]
 S2_AXI_RDATA[16]
 S2_AXI_RDATA[17]
 S2_AXI_RDATA[18]
 S2_AXI_RDATA[19]
 S2_AXI_RDATA[1]
 S2_AXI_RDATA[20]
 S2_AXI_RDATA[21]
 S2_AXI_RDATA[22]
 S2_AXI_RDATA[23]
 S2_AXI_RDATA[24]
 S2_AXI_RDATA[25]
 S2_AXI_RDATA[26]
 S2_AXI_RDATA[27]
 S2_AXI_RDATA[28]
 S2_AXI_RDATA[29]
 S2_AXI_RDATA[2]
 S2_AXI_RDATA[30]
 S2_AXI_RDATA[31]
 S2_AXI_RDATA[3]
 S2_AXI_RDATA[4]
 S2_AXI_RDATA[5]
 S2_AXI_RDATA[6]
 S2_AXI_RDATA[7]
 S2_AXI_RDATA[8]
 S2_AXI_RDATA[9]
 S2_AXI_RID[0]
 S2_AXI_RID[1]
 S2_AXI_RID[2]
 S2_AXI_RID[3]
 S2_AXI_RLAST
 S2_AXI_RRESP[0]
 S2_AXI_RRESP[1]
 S2_AXI_RVALID
 S2_AXI_WREADY
 S3_AXI_ARREADY
 S3_AXI_AWREADY
 S3_AXI_BID[0]
 S3_AXI_BID[1]
 S3_AXI_BID[2]
 S3_AXI_BID[3]
 S3_AXI_BRESP[0]
 S3_AXI_BRESP[1]
 S3_AXI_BVALID
 S3_AXI_RDATA[0]
 S3_AXI_RDATA[10]
 S3_AXI_RDATA[11]
 S3_AXI_RDATA[12]
 S3_AXI_RDATA[13]
 S3_AXI_RDATA[14]
 S3_AXI_RDATA[15]
 S3_AXI_RDATA[16]
 S3_AXI_RDATA[17]
 S3_AXI_RDATA[18]
 S3_AXI_RDATA[19]
 S3_AXI_RDATA[1]
 S3_AXI_RDATA[20]
 S3_AXI_RDATA[21]
 S3_AXI_RDATA[22]
 S3_AXI_RDATA[23]
 S3_AXI_RDATA[24]
 S3_AXI_RDATA[25]
 S3_AXI_RDATA[26]
 S3_AXI_RDATA[27]
 S3_AXI_RDATA[28]
 S3_AXI_RDATA[29]
 S3_AXI_RDATA[2]
 S3_AXI_RDATA[30]
 S3_AXI_RDATA[31]
 S3_AXI_RDATA[3]
 S3_AXI_RDATA[4]
 S3_AXI_RDATA[5]
 S3_AXI_RDATA[6]
 S3_AXI_RDATA[7]
 S3_AXI_RDATA[8]
 S3_AXI_RDATA[9]
 S3_AXI_RID[0]
 S3_AXI_RID[1]
 S3_AXI_RID[2]
 S3_AXI_RID[3]
 S3_AXI_RLAST
 S3_AXI_RRESP[0]
 S3_AXI_RRESP[1]
 S3_AXI_RVALID
 S3_AXI_WREADY
 S4_AXI_ARREADY
 S4_AXI_AWREADY
 S4_AXI_BID[0]
 S4_AXI_BID[1]
 S4_AXI_BID[2]
 S4_AXI_BID[3]
 S4_AXI_BRESP[0]
 S4_AXI_BRESP[1]
 S4_AXI_BVALID
 S4_AXI_RDATA[0]
 S4_AXI_RDATA[10]
 S4_AXI_RDATA[11]
 S4_AXI_RDATA[12]
 S4_AXI_RDATA[13]
 S4_AXI_RDATA[14]
 S4_AXI_RDATA[15]
 S4_AXI_RDATA[16]
 S4_AXI_RDATA[17]
 S4_AXI_RDATA[18]
 S4_AXI_RDATA[19]
 S4_AXI_RDATA[1]
 S4_AXI_RDATA[20]
 S4_AXI_RDATA[21]
 S4_AXI_RDATA[22]
 S4_AXI_RDATA[23]
 S4_AXI_RDATA[24]
 S4_AXI_RDATA[25]
 S4_AXI_RDATA[26]
 S4_AXI_RDATA[27]
 S4_AXI_RDATA[28]
 S4_AXI_RDATA[29]
 S4_AXI_RDATA[2]
 S4_AXI_RDATA[30]
 S4_AXI_RDATA[31]
 S4_AXI_RDATA[3]
 S4_AXI_RDATA[4]
 S4_AXI_RDATA[5]
 S4_AXI_RDATA[6]
 S4_AXI_RDATA[7]
 S4_AXI_RDATA[8]
 S4_AXI_RDATA[9]
 S4_AXI_RID[0]
 S4_AXI_RID[1]
 S4_AXI_RID[2]
 S4_AXI_RID[3]
 S4_AXI_RLAST
 S4_AXI_RRESP[0]
 S4_AXI_RRESP[1]
 S4_AXI_RVALID
 S4_AXI_WREADY
 clk
 rst_n
 _3224_/Y
 _3225_/Y
 _3226_/Y
 _3227_/Y
 _3228_/Y
 _3229_/Y
 _3230_/Y
 _3231_/Y
 _3232_/Y
 _3233_/Y
 _3234_/Y
 _3235_/Y
 _3236_/Y
 _3237_/Y
 _3238_/Y
 _3239_/Y
 _3240_/Y
 _3241_/X
 _3242_/Y
 _3243_/Y
 _3244_/Y
 _3245_/X
 _3246_/X
 _3247_/Y
 _3248_/Y
 _3249_/Y
 _3250_/X
 _3251_/Y
 _3252_/Y
 _3253_/Y
 _3254_/Y
 _3255_/X
 _3256_/Y
 _3257_/X
 _3258_/Y
 _3259_/Y
 _3260_/Y
 _3261_/Y
 _3262_/Y
 _3263_/Y
 _3264_/Y
 _3265_/X
 _3266_/X
 _3267_/Y
 _3268_/Y
 _3269_/X
 _3270_/X
 _3271_/Y
 _3272_/Y
 _3273_/Y
 _3274_/X
 _3275_/X
 _3276_/Y
 _3277_/Y
 _3278_/Y
 _3279_/Y
 _3280_/Y
 _3281_/Y
 _3282_/Y
 _3283_/X
 _3284_/Y
 _3285_/Y
 _3286_/Y
 _3287_/Y
 _3288_/Y
 _3289_/Y
 _3290_/Y
 _3291_/X
 _3292_/X
 _3293_/X
 _3294_/Y
 _3295_/Y
 _3296_/Y
 _3297_/Y
 _3298_/Y
 _3299_/Y
 _3300_/Y
 _3301_/X
 _3302_/X
 _3303_/Y
 _3304_/Y
 _3305_/Y
 _3306_/X
 _3307_/Y
 _3308_/X
 _3309_/Y
 _3310_/Y
 _3311_/Y
 _3312_/X
 _3313_/Y
 _3314_/Y
 _3315_/Y
 _3316_/Y
 _3317_/Y
 _3318_/X
 _3319_/Y
 _3320_/Y
 _3321_/X
 _3322_/Y
 _3323_/Y
 _3324_/X
 _3325_/Y
 _3326_/X
 _3327_/Y
 _3328_/Y
 _3329_/Y
 _3330_/Y
 _3331_/Y
 _3332_/Y
 _3333_/Y
 _3334_/Y
 _3335_/Y
 _3336_/Y
 _3337_/Y
 _3338_/Y
 _3339_/Y
 _3340_/Y
 _3341_/Y
 _3342_/Y
 _3343_/Y
 _3344_/X
 _3345_/Y
 _3346_/Y
 _3347_/Y
 _3348_/X
 _3349_/X
 _3350_/Y
 _3351_/Y
 _3352_/Y
 _3353_/Y
 _3354_/Y
 _3355_/X
 _3356_/X
 _3357_/Y
 _3358_/Y
 _3359_/Y
 _3360_/Y
 _3361_/Y
 _3362_/Y
 _3363_/Y
 _3364_/Y
 _3365_/X
 _3366_/X
 _3367_/Y
 _3368_/X
 _3369_/X
 _3370_/Y
 _3371_/Y
 _3372_/Y
 _3373_/Y
 _3374_/Y
 _3375_/X
 _3376_/Y
 _3377_/X
 _3378_/Y
 _3379_/Y
 _3380_/Y
 _3381_/Y
 _3382_/Y
 _3383_/Y
 _3384_/Y
 _3385_/Y
 _3386_/X
 _3387_/Y
 _3388_/Y
 _3389_/Y
 _3390_/Y
 _3391_/Y
 _3392_/X
 _3393_/X
 _3394_/Y
 _3395_/Y
 _3396_/Y
 _3397_/Y
 _3398_/Y
 _3399_/X
 _3400_/X
 _3401_/Y
 _3402_/X
 _3403_/Y
 _3404_/Y
 _3405_/Y
 _3406_/Y
 _3407_/Y
 _3408_/Y
 _3409_/X
 _3410_/Y
 _3411_/Y
 _3412_/X
 _3413_/Y
 _3414_/Y
 _3415_/Y
 _3416_/Y
 _3417_/Y
 _3418_/Y
 _3419_/Y
 _3420_/Y
 _3421_/Y
 _3422_/Y
 _3423_/X
 _3424_/Y
 _3425_/X
 _3426_/X
 _3427_/Y
 _3428_/X
 _3429_/Y
 _3430_/X
 _3431_/Y
 _3432_/Y
 _3433_/Y
 _3434_/Y
 _3435_/Y
 _3436_/Y
 _3437_/Y
 _3438_/Y
 _3439_/X
 _3440_/X
 _3441_/Y
 _3442_/X
 _3443_/Y
 _3444_/X
 _3445_/X
 _3446_/X
 _3447_/X
 _3448_/X
 _3449_/Y
 _3450_/X
 _3451_/X
 _3452_/Y
 _3453_/Y
 _3454_/Y
 _3455_/Y
 _3456_/Y
 _3457_/Y
 _3458_/Y
 _3459_/X
 _3460_/Y
 _3461_/Y
 _3462_/Y
 _3463_/X
 _3464_/Y
 _3465_/Y
 _3466_/Y
 _3467_/Y
 _3468_/Y
 _3469_/Y
 _3470_/Y
 _3471_/Y
 _3472_/Y
 _3473_/Y
 _3474_/Y
 _3475_/Y
 _3476_/Y
 _3477_/Y
 _3478_/Y
 _3479_/Y
 _3480_/Y
 _3481_/Y
 _3482_/Y
 _3483_/Y
 _3484_/Y
 _3485_/Y
 _3486_/Y
 _3487_/Y
 _3488_/Y
 _3489_/Y
 _3490_/X
 _3491_/X
 _3492_/Y
 _3493_/Y
 _3494_/Y
 _3495_/Y
 _3496_/Y
 _3497_/Y
 _3498_/Y
 _3499_/Y
 _3500_/Y
 _3501_/Y
 _3502_/X
 _3503_/Y
 _3504_/Y
 _3505_/Y
 _3506_/Y
 _3507_/X
 _3508_/Y
 _3509_/X
 _3510_/X
 _3511_/Y
 _3512_/Y
 _3513_/Y
 _3514_/Y
 _3515_/Y
 _3516_/Y
 _3517_/Y
 _3518_/Y
 _3519_/Y
 _3520_/Y
 _3521_/X
 _3522_/Y
 _3523_/Y
 _3524_/Y
 _3525_/Y
 _3526_/Y
 _3527_/Y
 _3528_/X
 _3529_/Y
 _3530_/X
 _3531_/Y
 _3532_/Y
 _3533_/Y
 _3534_/Y
 _3535_/X
 _3536_/X
 _3537_/X
 _3538_/Y
 _3539_/X
 _3540_/Y
 _3541_/Y
 _3542_/Y
 _3543_/Y
 _3544_/Y
 _3545_/Y
 _3546_/Y
 _3547_/X
 _3548_/Y
 _3549_/Y
 _3550_/Y
 _3551_/X
 _3552_/Y
 _3553_/Y
 _3554_/Y
 _3555_/Y
 _3556_/Y
 _3557_/Y
 _3558_/Y
 _3559_/Y
 _3560_/Y
 _3561_/Y
 _3562_/Y
 _3563_/Y
 _3564_/X
 _3565_/X
 _3566_/X
 _3567_/X
 _3568_/Y
 _3569_/X
 _3570_/X
 _3571_/Y
 _3572_/Y
 _3573_/Y
 _3574_/Y
 _3575_/Y
 _3576_/Y
 _3577_/X
 _3578_/Y
 _3579_/X
 _3580_/Y
 _3581_/Y
 _3582_/Y
 _3583_/Y
 _3584_/Y
 _3585_/X
 _3586_/Y
 _3587_/Y
 _3588_/Y
 _3589_/Y
 _3590_/Y
 _3591_/Y
 _3592_/Y
 _3593_/Y
 _3594_/Y
 _3595_/X
 _3596_/X
 _3597_/Y
 _3598_/X
 _3599_/X
 _3600_/X
 _3601_/X
 _3602_/X
 _3603_/X
 _3604_/X
 _3605_/Y
 _3606_/Y
 _3607_/Y
 _3608_/Y
 _3609_/Y
 _3610_/Y
 _3611_/Y
 _3612_/X
 _3613_/Y
 _3614_/Y
 _3615_/Y
 _3616_/Y
 _3617_/Y
 _3618_/X
 _3619_/X
 _3620_/X
 _3621_/Y
 _3622_/Y
 _3623_/X
 _3624_/X
 _3625_/X
 _3626_/X
 _3627_/Y
 _3628_/Y
 _3629_/X
 _3630_/X
 _3631_/X
 _3632_/X
 _3633_/X
 _3634_/X
 _3635_/X
 _3636_/X
 _3637_/X
 _3638_/X
 _3639_/X
 _3640_/X
 _3641_/X
 _3642_/X
 _3643_/X
 _3644_/X
 _3645_/X
 _3646_/X
 _3647_/X
 _3648_/X
 _3649_/X
 _3650_/X
 _3651_/X
 _3652_/X
 _3653_/X
 _3654_/X
 _3655_/X
 _3656_/X
 _3657_/X
 _3658_/X
 _3659_/X
 _3660_/X
 _3661_/X
 _3662_/X
 _3663_/X
 _3664_/X
 _3665_/X
 _3666_/X
 _3667_/X
 _3668_/X
 _3669_/X
 _3670_/X
 _3671_/X
 _3672_/X
 _3673_/X
 _3674_/X
 _3675_/X
 _3676_/X
 _3677_/X
 _3678_/X
 _3679_/X
 _3680_/X
 _3681_/X
 _3682_/X
 _3683_/X
 _3684_/X
 _3685_/X
 _3686_/X
 _3687_/X
 _3688_/X
 _3689_/X
 _3690_/X
 _3691_/X
 _3692_/X
 _3693_/X
 _3694_/X
 _3695_/X
 _3696_/X
 _3697_/X
 _3698_/X
 _3699_/X
 _3700_/X
 _3701_/X
 _3702_/X
 _3703_/X
 _3704_/X
 _3705_/X
 _3706_/X
 _3707_/X
 _3708_/X
 _3709_/X
 _3710_/X
 _3711_/X
 _3712_/X
 _3713_/X
 _3714_/X
 _3715_/X
 _3716_/X
 _3717_/X
 _3718_/X
 _3719_/X
 _3720_/X
 _3721_/X
 _3722_/X
 _3723_/X
 _3724_/X
 _3725_/X
 _3726_/X
 _3727_/X
 _3728_/X
 _3729_/X
 _3730_/X
 _3731_/X
 _3732_/X
 _3733_/X
 _3734_/X
 _3735_/X
 _3736_/X
 _3737_/X
 _3738_/X
 _3739_/X
 _3740_/X
 _3741_/X
 _3742_/X
 _3743_/X
 _3744_/X
 _3745_/X
 _3746_/X
 _3747_/X
 _3748_/X
 _3749_/X
 _3750_/X
 _3751_/X
 _3752_/X
 _3753_/X
 _3754_/X
 _3755_/X
 _3756_/X
 _3757_/X
 _3758_/X
 _3759_/X
 _3760_/X
 _3761_/X
 _3762_/X
 _3763_/X
 _3764_/X
 _3765_/X
 _3766_/X
 _3767_/X
 _3768_/X
 _3769_/X
 _3770_/X
 _3771_/X
 _3772_/X
 _3773_/X
 _3774_/X
 _3775_/X
 _3776_/X
 _3777_/X
 _3778_/X
 _3779_/X
 _3780_/X
 _3781_/X
 _3782_/X
 _3783_/X
 _3784_/X
 _3785_/X
 _3786_/X
 _3787_/X
 _3788_/X
 _3789_/X
 _3790_/X
 _3791_/X
 _3792_/X
 _3793_/X
 _3794_/X
 _3795_/X
 _3796_/X
 _3797_/X
 _3798_/X
 _3799_/X
 _3800_/X
 _3801_/X
 _3802_/X
 _3803_/X
 _3804_/X
 _3805_/X
 _3806_/X
 _3807_/X
 _3808_/X
 _3809_/X
 _3810_/X
 _3811_/X
 _3812_/X
 _3813_/X
 _3814_/X
 _3815_/X
 _3816_/X
 _3817_/X
 _3818_/X
 _3819_/X
 _3820_/X
 _3821_/X
 _3822_/X
 _3823_/X
 _3824_/X
 _3825_/X
 _3826_/X
 _3827_/X
 _3828_/X
 _3829_/X
 _3830_/X
 _3831_/X
 _3832_/X
 _3833_/X
 _3834_/X
 _3835_/X
 _3836_/X
 _3837_/X
 _3838_/X
 _3839_/X
 _3840_/X
 _3841_/X
 _3842_/X
 _3843_/X
 _3844_/X
 _3845_/X
 _3846_/X
 _3847_/X
 _3848_/X
 _3849_/X
 _3850_/X
 _3851_/X
 _3852_/X
 _3853_/X
 _3854_/X
 _3855_/X
 _3856_/X
 _3857_/X
 _3858_/X
 _3859_/X
 _3860_/X
 _3861_/X
 _3862_/X
 _3863_/X
 _3864_/X
 _3865_/X
 _3866_/X
 _3867_/X
 _3868_/X
 _3869_/X
 _3870_/X
 _3871_/X
 _3872_/X
 _3873_/X
 _3874_/X
 _3875_/X
 _3876_/X
 _3877_/X
 _3878_/X
 _3879_/X
 _3880_/X
 _3881_/X
 _3882_/X
 _3883_/X
 _3884_/X
 _3885_/X
 _3886_/X
 _3887_/X
 _3888_/X
 _3889_/X
 _3890_/X
 _3891_/Y
 _3892_/X
 _3893_/X
 _3894_/Y
 _3895_/X
 _3896_/X
 _3897_/X
 _3898_/X
 _3899_/X
 _3900_/X
 _3901_/X
 _3902_/X
 _3903_/X
 _3904_/X
 _3905_/X
 _3906_/X
 _3907_/X
 _3908_/X
 _3909_/X
 _3910_/X
 _3911_/X
 _3912_/X
 _3913_/X
 _3914_/X
 _3915_/X
 _3916_/X
 _3917_/X
 _3918_/X
 _3919_/X
 _3920_/X
 _3921_/X
 _3922_/X
 _3923_/X
 _3924_/Y
 _3925_/X
 _3926_/X
 _3927_/X
 _3928_/X
 _3929_/X
 _3930_/X
 _3931_/X
 _3932_/Y
 _3933_/Y
 _3934_/X
 _3935_/Y
 _3936_/Y
 _3937_/Y
 _3938_/X
 _3939_/X
 _3940_/X
 _3941_/X
 _3942_/Y
 _3943_/X
 _3944_/X
 _3945_/Y
 _3946_/X
 _3947_/X
 _3948_/X
 _3949_/Y
 _3950_/Y
 _3951_/X
 _3952_/Y
 _3953_/X
 _3954_/X
 _3955_/Y
 _3956_/Y
 _3957_/X
 _3958_/Y
 _3959_/Y
 _3960_/X
 _3961_/Y
 _3962_/Y
 _3963_/X
 _3964_/Y
 _3965_/Y
 _3966_/X
 _3967_/Y
 _3968_/Y
 _3969_/X
 _3970_/Y
 _3971_/Y
 _3972_/X
 _3973_/Y
 _3974_/X
 _3975_/Y
 _3976_/X
 _3977_/X
 _3978_/Y
 _3979_/X
 _3980_/Y
 _3981_/X
 _3982_/Y
 _3983_/Y
 _3984_/X
 _3985_/X
 _3986_/Y
 _3987_/Y
 _3988_/X
 _3989_/Y
 _3990_/Y
 _3991_/X
 _3992_/Y
 _3993_/Y
 _3994_/X
 _3995_/Y
 _3996_/Y
 _3997_/X
 _3998_/Y
 _3999_/Y
 _4000_/X
 _4001_/Y
 _4002_/Y
 _4003_/X
 _4004_/Y
 _4005_/Y
 _4006_/X
 _4007_/Y
 _4008_/X
 _4009_/Y
 _4010_/X
 _4011_/X
 _4012_/Y
 _4013_/X
 _4014_/Y
 _4015_/X
 _4016_/Y
 _4017_/Y
 _4018_/X
 _4019_/X
 _4020_/Y
 _4021_/Y
 _4022_/X
 _4023_/Y
 _4024_/Y
 _4025_/X
 _4026_/Y
 _4027_/Y
 _4028_/X
 _4029_/Y
 _4030_/Y
 _4031_/X
 _4032_/Y
 _4033_/Y
 _4034_/X
 _4035_/Y
 _4036_/Y
 _4037_/X
 _4038_/Y
 _4039_/Y
 _4040_/X
 _4041_/Y
 _4042_/X
 _4043_/Y
 _4044_/X
 _4045_/X
 _4046_/Y
 _4047_/X
 _4048_/Y
 _4049_/X
 _4050_/Y
 _4051_/Y
 _4052_/X
 _4053_/X
 _4054_/Y
 _4055_/Y
 _4056_/X
 _4057_/Y
 _4058_/Y
 _4059_/X
 _4060_/Y
 _4061_/Y
 _4062_/X
 _4063_/X
 _4064_/X
 _4065_/X
 _4066_/X
 _4067_/Y
 _4068_/Y
 _4069_/X
 _4070_/X
 _4071_/Y
 _4072_/X
 _4073_/X
 _4074_/Y
 _4075_/X
 _4076_/X
 _4077_/Y
 _4078_/Y
 _4079_/X
 _4080_/Y
 _4081_/Y
 _4082_/X
 _4083_/Y
 _4084_/Y
 _4085_/X
 _4086_/X
 _4087_/X
 _4088_/X
 _4089_/Y
 _4090_/Y
 _4091_/X
 _4092_/Y
 _4093_/Y
 _4094_/X
 _4095_/Y
 _4096_/Y
 _4097_/X
 _4098_/Y
 _4099_/Y
 _4100_/X
 _4101_/Y
 _4102_/Y
 _4103_/X
 _4104_/Y
 _4105_/Y
 _4106_/X
 _4107_/X
 _4108_/X
 _4109_/Y
 _4110_/Y
 _4111_/X
 _4112_/X
 _4113_/X
 _4114_/X
 _4115_/X
 _4116_/Y
 _4117_/X
 _4118_/X
 _4119_/X
 _4120_/Y
 _4121_/X
 _4122_/Y
 _4123_/Y
 _4124_/X
 _4125_/X
 _4126_/X
 _4127_/X
 _4128_/X
 _4129_/X
 _4130_/X
 _4131_/X
 _4132_/X
 _4133_/X
 _4134_/X
 _4135_/X
 _4136_/X
 _4137_/X
 _4138_/X
 _4139_/X
 _4140_/X
 _4141_/X
 _4142_/X
 _4143_/X
 _4144_/X
 _4145_/X
 _4146_/X
 _4147_/X
 _4148_/X
 _4149_/X
 _4150_/X
 _4151_/X
 _4152_/X
 _4153_/X
 _4154_/X
 _4155_/X
 _4156_/X
 _4157_/X
 _4158_/X
 _4159_/X
 _4160_/X
 _4161_/X
 _4162_/X
 _4163_/X
 _4164_/X
 _4165_/X
 _4166_/X
 _4167_/X
 _4168_/X
 _4169_/X
 _4170_/X
 _4171_/X
 _4172_/X
 _4173_/X
 _4174_/X
 _4175_/X
 _4176_/X
 _4177_/X
 _4178_/X
 _4179_/X
 _4180_/X
 _4181_/X
 _4182_/X
 _4183_/X
 _4184_/X
 _4185_/X
 _4186_/X
 _4187_/X
 _4188_/X
 _4189_/X
 _4190_/X
 _4191_/X
 _4192_/X
 _4193_/X
 _4194_/X
 _4195_/X
 _4196_/X
 _4197_/X
 _4198_/X
 _4199_/X
 _4200_/X
 _4201_/X
 _4202_/X
 _4203_/X
 _4204_/X
 _4205_/X
 _4206_/X
 _4207_/X
 _4208_/X
 _4209_/X
 _4210_/X
 _4211_/X
 _4212_/X
 _4213_/X
 _4214_/X
 _4215_/X
 _4216_/X
 _4217_/X
 _4218_/X
 _4219_/X
 _4220_/X
 _4221_/X
 _4222_/X
 _4223_/X
 _4224_/X
 _4225_/X
 _4226_/X
 _4227_/X
 _4228_/X
 _4229_/X
 _4230_/X
 _4231_/X
 _4232_/X
 _4233_/X
 _4234_/X
 _4235_/X
 _4236_/X
 _4237_/X
 _4238_/X
 _4239_/X
 _4240_/X
 _4241_/X
 _4242_/X
 _4243_/X
 _4244_/X
 _4245_/X
 _4246_/X
 _4247_/X
 _4248_/X
 _4249_/X
 _4250_/X
 _4251_/X
 _4252_/X
 _4253_/X
 _4254_/X
 _4255_/X
 _4256_/X
 _4257_/X
 _4258_/X
 _4259_/X
 _4260_/X
 _4261_/X
 _4262_/X
 _4263_/X
 _4264_/X
 _4265_/X
 _4266_/X
 _4267_/X
 _4268_/X
 _4269_/X
 _4270_/X
 _4271_/Y
 _4272_/Y
 _4273_/X
 _4274_/X
 _4275_/X
 _4276_/X
 _4277_/X
 _4278_/X
 _4279_/X
 _4280_/X
 _4281_/X
 _4282_/X
 _4283_/X
 _4284_/X
 _4285_/X
 _4286_/X
 _4287_/X
 _4288_/X
 _4289_/X
 _4290_/X
 _4291_/X
 _4292_/X
 _4293_/X
 _4294_/X
 _4295_/X
 _4296_/X
 _4297_/X
 _4298_/X
 _4299_/X
 _4300_/X
 _4301_/X
 _4302_/X
 _4303_/X
 _4304_/X
 _4305_/X
 _4306_/X
 _4307_/X
 _4308_/X
 _4309_/X
 _4310_/X
 _4311_/X
 _4312_/X
 _4313_/X
 _4314_/X
 _4315_/X
 _4316_/X
 _4317_/X
 _4318_/X
 _4319_/X
 _4320_/X
 _4321_/X
 _4322_/X
 _4323_/X
 _4324_/X
 _4325_/X
 _4326_/X
 _4327_/X
 _4328_/X
 _4329_/X
 _4330_/X
 _4331_/X
 _4332_/X
 _4333_/X
 _4334_/X
 _4335_/X
 _4336_/X
 _4337_/X
 _4338_/X
 _4339_/X
 _4340_/X
 _4341_/X
 _4342_/X
 _4343_/X
 _4344_/X
 _4345_/X
 _4346_/X
 _4347_/X
 _4348_/X
 _4349_/X
 _4350_/X
 _4351_/X
 _4352_/X
 _4353_/X
 _4354_/X
 _4355_/X
 _4356_/X
 _4357_/X
 _4358_/X
 _4359_/X
 _4360_/X
 _4361_/X
 _4362_/X
 _4363_/X
 _4364_/X
 _4365_/X
 _4366_/X
 _4367_/X
 _4368_/X
 _4369_/X
 _4370_/X
 _4371_/X
 _4372_/X
 _4373_/X
 _4374_/X
 _4375_/Y
 _4376_/Y
 _4377_/X
 _4378_/X
 _4379_/X
 _4380_/X
 _4381_/X
 _4382_/X
 _4383_/X
 _4384_/X
 _4385_/X
 _4386_/X
 _4387_/Y
 _4388_/Y
 _4389_/X
 _4390_/X
 _4391_/X
 _4392_/Y
 _4393_/X
 _4394_/X
 _4395_/Y
 _4396_/X
 _4397_/X
 _4398_/X
 _4399_/X
 _4400_/X
 _4401_/X
 _4402_/X
 _4403_/X
 _4404_/X
 _4405_/X
 _4406_/X
 _4407_/X
 _4408_/X
 _4409_/X
 _4410_/X
 _4411_/X
 _4412_/X
 _4413_/X
 _4414_/X
 _4415_/X
 _4416_/X
 _4417_/X
 _4418_/X
 _4419_/X
 _4420_/X
 _4421_/X
 _4422_/X
 _4423_/X
 _4424_/Y
 _4425_/X
 _4426_/Y
 _4427_/Y
 _4428_/X
 _4429_/Y
 _4430_/Y
 _4431_/X
 _4432_/Y
 _4433_/X
 _4434_/Y
 _4435_/Y
 _4436_/Y
 _4437_/X
 _4438_/X
 _4439_/X
 _4440_/X
 _4441_/X
 _4442_/X
 _4443_/X
 _4444_/Y
 _4445_/X
 _4446_/X
 _4447_/Y
 _4448_/Y
 _4449_/X
 _4450_/X
 _4451_/X
 _4452_/Y
 _4453_/Y
 _4454_/X
 _4455_/X
 _4456_/X
 _4457_/Y
 _4458_/Y
 _4459_/X
 _4460_/Y
 _4461_/Y
 _4462_/X
 _4463_/Y
 _4464_/Y
 _4465_/X
 _4466_/Y
 _4467_/Y
 _4468_/X
 _4469_/Y
 _4470_/Y
 _4471_/X
 _4472_/Y
 _4473_/Y
 _4474_/X
 _4475_/X
 _4476_/Y
 _4477_/Y
 _4478_/X
 _4479_/X
 _4480_/Y
 _4481_/X
 _4482_/Y
 _4483_/X
 _4484_/Y
 _4485_/Y
 _4486_/X
 _4487_/X
 _4488_/Y
 _4489_/Y
 _4490_/X
 _4491_/Y
 _4492_/Y
 _4493_/X
 _4494_/Y
 _4495_/Y
 _4496_/X
 _4497_/Y
 _4498_/Y
 _4499_/X
 _4500_/Y
 _4501_/Y
 _4502_/X
 _4503_/Y
 _4504_/Y
 _4505_/X
 _4506_/Y
 _4507_/Y
 _4508_/X
 _4509_/X
 _4510_/Y
 _4511_/Y
 _4512_/X
 _4513_/X
 _4514_/Y
 _4515_/X
 _4516_/Y
 _4517_/X
 _4518_/Y
 _4519_/Y
 _4520_/X
 _4521_/X
 _4522_/Y
 _4523_/Y
 _4524_/X
 _4525_/Y
 _4526_/Y
 _4527_/X
 _4528_/Y
 _4529_/Y
 _4530_/X
 _4531_/Y
 _4532_/Y
 _4533_/X
 _4534_/Y
 _4535_/Y
 _4536_/X
 _4537_/Y
 _4538_/Y
 _4539_/X
 _4540_/Y
 _4541_/Y
 _4542_/X
 _4543_/X
 _4544_/Y
 _4545_/Y
 _4546_/X
 _4547_/X
 _4548_/Y
 _4549_/X
 _4550_/Y
 _4551_/X
 _4552_/Y
 _4553_/Y
 _4554_/X
 _4555_/X
 _4556_/Y
 _4557_/Y
 _4558_/X
 _4559_/Y
 _4560_/Y
 _4561_/X
 _4562_/Y
 _4563_/Y
 _4564_/X
 _4565_/X
 _4566_/Y
 _4567_/X
 _4568_/Y
 _4569_/Y
 _4570_/X
 _4571_/Y
 _4572_/Y
 _4573_/Y
 _4574_/Y
 _4575_/X
 _4576_/X
 _4577_/Y
 _4578_/Y
 _4579_/X
 _4580_/Y
 _4581_/Y
 _4582_/X
 _4583_/Y
 _4584_/Y
 _4585_/X
 _4586_/X
 _4587_/X
 _4588_/X
 _4589_/X
 _4590_/Y
 _4591_/Y
 _4592_/X
 _4593_/Y
 _4594_/Y
 _4595_/X
 _4596_/Y
 _4597_/Y
 _4598_/X
 _4599_/Y
 _4600_/Y
 _4601_/X
 _4602_/Y
 _4603_/Y
 _4604_/X
 _4605_/Y
 _4606_/Y
 _4607_/X
 _4608_/X
 _4609_/X
 _4610_/X
 _4611_/Y
 _4612_/X
 _4613_/X
 _4614_/X
 _4615_/X
 _4616_/X
 _4617_/X
 _4618_/X
 _4619_/X
 _4620_/Y
 _4621_/X
 _4622_/Y
 _4623_/Y
 _4624_/X
 _4625_/X
 _4626_/Y
 _4627_/Y
 _4628_/Y
 _4629_/X
 _4630_/X
 _4631_/X
 _4632_/X
 _4633_/X
 _4634_/X
 _4635_/X
 _4636_/X
 _4637_/X
 _4638_/X
 _4639_/X
 _4640_/X
 _4641_/X
 _4642_/X
 _4643_/X
 _4644_/X
 _4645_/X
 _4646_/X
 _4647_/X
 _4648_/X
 _4649_/X
 _4650_/X
 _4651_/X
 _4652_/X
 _4653_/X
 _4654_/X
 _4655_/X
 _4656_/X
 _4657_/X
 _4658_/X
 _4659_/X
 _4660_/X
 _4661_/X
 _4662_/X
 _4663_/X
 _4664_/X
 _4665_/X
 _4666_/X
 _4667_/X
 _4668_/X
 _4669_/X
 _4670_/X
 _4671_/X
 _4672_/X
 _4673_/X
 _4674_/X
 _4675_/X
 _4676_/X
 _4677_/X
 _4678_/X
 _4679_/X
 _4680_/X
 _4681_/X
 _4682_/X
 _4683_/X
 _4684_/X
 _4685_/X
 _4686_/X
 _4687_/X
 _4688_/X
 _4689_/X
 _4690_/X
 _4691_/X
 _4692_/X
 _4693_/X
 _4694_/X
 _4695_/X
 _4696_/X
 _4697_/X
 _4698_/X
 _4699_/X
 _4700_/X
 _4701_/X
 _4702_/X
 _4703_/X
 _4704_/X
 _4705_/X
 _4706_/X
 _4707_/X
 _4708_/X
 _4709_/X
 _4710_/X
 _4711_/X
 _4712_/X
 _4713_/X
 _4714_/X
 _4715_/X
 _4716_/X
 _4717_/X
 _4718_/X
 _4719_/X
 _4720_/X
 _4721_/X
 _4722_/X
 _4723_/X
 _4724_/X
 _4725_/X
 _4726_/X
 _4727_/X
 _4728_/X
 _4729_/X
 _4730_/X
 _4731_/X
 _4732_/X
 _4733_/X
 _4734_/X
 _4735_/X
 _4736_/X
 _4737_/X
 _4738_/X
 _4739_/X
 _4740_/X
 _4741_/X
 _4742_/X
 _4743_/X
 _4744_/X
 _4745_/X
 _4746_/X
 _4747_/X
 _4748_/X
 _4749_/X
 _4750_/X
 _4751_/X
 _4752_/X
 _4753_/X
 _4754_/X
 _4755_/X
 _4756_/X
 _4757_/X
 _4758_/X
 _4759_/X
 _4760_/X
 _4761_/X
 _4762_/X
 _4763_/X
 _4764_/X
 _4765_/X
 _4766_/X
 _4767_/X
 _4768_/X
 _4769_/X
 _4770_/X
 _4771_/X
 _4772_/X
 _4773_/X
 _4774_/X
 _4775_/X
 _4776_/X
 _4777_/X
 _4778_/X
 _4779_/X
 _4780_/X
 _4781_/X
 _4782_/X
 _4783_/X
 _4784_/X
 _4785_/X
 _4786_/X
 _4787_/X
 _4788_/X
 _4789_/X
 _4790_/X
 _4791_/X
 _4792_/X
 _4793_/X
 _4794_/X
 _4795_/X
 _4796_/X
 _4797_/X
 _4798_/X
 _4799_/X
 _4800_/X
 _4801_/X
 _4802_/X
 _4803_/X
 _4804_/X
 _4805_/X
 _4806_/X
 _4807_/X
 _4808_/X
 _4809_/X
 _4810_/X
 _4811_/X
 _4812_/X
 _4813_/X
 _4814_/X
 _4815_/X
 _4816_/X
 _4817_/X
 _4818_/X
 _4819_/X
 _4820_/X
 _4821_/X
 _4822_/X
 _4823_/X
 _4824_/X
 _4825_/X
 _4826_/X
 _4827_/X
 _4828_/X
 _4829_/X
 _4830_/X
 _4831_/X
 _4832_/X
 _4833_/X
 _4834_/X
 _4835_/X
 _4836_/X
 _4837_/X
 _4838_/X
 _4839_/X
 _4840_/X
 _4841_/X
 _4842_/X
 _4843_/X
 _4844_/X
 _4845_/X
 _4846_/X
 _4847_/X
 _4848_/X
 _4849_/X
 _4850_/X
 _4851_/X
 _4852_/X
 _4853_/X
 _4854_/X
 _4855_/X
 _4856_/X
 _4857_/X
 _4858_/X
 _4859_/X
 _4860_/X
 _4861_/X
 _4862_/X
 _4863_/X
 _4864_/X
 _4865_/X
 _4866_/X
 _4867_/X
 _4868_/X
 _4869_/X
 _4870_/X
 _4871_/X
 _4872_/X
 _4873_/X
 _4874_/X
 _4875_/X
 _4876_/X
 _4877_/X
 _4878_/X
 _4879_/X
 _4880_/X
 _4881_/X
 _4882_/X
 _4883_/X
 _4884_/X
 _4885_/X
 _4886_/X
 _4887_/X
 _4888_/X
 _4889_/X
 _4890_/X
 _4891_/X
 _4892_/X
 _4893_/X
 _4894_/X
 _4895_/X
 _4896_/X
 _4897_/X
 _4898_/X
 _4899_/X
 _4900_/X
 _4901_/X
 _4902_/X
 _4903_/X
 _4904_/X
 _4905_/X
 _4906_/X
 _4907_/X
 _4908_/X
 _4909_/X
 _4910_/X
 _4911_/X
 _4912_/X
 _4913_/X
 _4914_/X
 _4915_/X
 _4916_/X
 _4917_/X
 _4918_/X
 _4919_/X
 _4920_/X
 _4921_/X
 _4922_/X
 _4923_/X
 _4924_/X
 _4925_/X
 _4926_/Y
 _4927_/Y
 _4928_/X
 _4929_/X
 _4930_/X
 _4931_/X
 _4932_/Y
 _4933_/X
 _4934_/Y
 _4935_/Y
 _4936_/X
 _4937_/Y
 _4938_/Y
 _4939_/X
 _4940_/X
 _4941_/X
 _4942_/X
 _4943_/X
 _4944_/Y
 _4945_/X
 _4946_/X
 _4947_/Y
 _4948_/X
 _4949_/X
 _4950_/X
 _4951_/Y
 _4952_/Y
 _4953_/X
 _4954_/Y
 _4955_/Y
 _4956_/Y
 _4957_/X
 _4958_/Y
 _4959_/Y
 _4960_/X
 _4961_/Y
 _4962_/Y
 _4963_/X
 _4964_/Y
 _4965_/Y
 _4966_/X
 _4967_/Y
 _4968_/Y
 _4969_/X
 _4970_/Y
 _4971_/X
 _4972_/Y
 _4973_/X
 _4974_/Y
 _4975_/X
 _4976_/Y
 _4977_/X
 _4978_/Y
 _4979_/Y
 _4980_/X
 _4981_/X
 _4982_/Y
 _4983_/Y
 _4984_/X
 _4985_/X
 _4986_/Y
 _4987_/Y
 _4988_/X
 _4989_/Y
 _4990_/Y
 _4991_/X
 _4992_/Y
 _4993_/Y
 _4994_/X
 _4995_/Y
 _4996_/Y
 _4997_/X
 _4998_/Y
 _4999_/Y
 _5000_/X
 _5001_/Y
 _5002_/Y
 _5003_/X
 _5004_/Y
 _5005_/X
 _5006_/Y
 _5007_/X
 _5008_/Y
 _5009_/X
 _5010_/Y
 _5011_/X
 _5012_/Y
 _5013_/Y
 _5014_/X
 _5015_/X
 _5016_/Y
 _5017_/Y
 _5018_/X
 _5019_/X
 _5020_/Y
 _5021_/Y
 _5022_/X
 _5023_/Y
 _5024_/Y
 _5025_/X
 _5026_/Y
 _5027_/Y
 _5028_/X
 _5029_/Y
 _5030_/Y
 _5031_/X
 _5032_/Y
 _5033_/Y
 _5034_/X
 _5035_/Y
 _5036_/Y
 _5037_/X
 _5038_/Y
 _5039_/X
 _5040_/Y
 _5041_/X
 _5042_/Y
 _5043_/X
 _5044_/Y
 _5045_/X
 _5046_/Y
 _5047_/Y
 _5048_/X
 _5049_/X
 _5050_/Y
 _5051_/Y
 _5052_/X
 _5053_/X
 _5054_/Y
 _5055_/Y
 _5056_/X
 _5057_/Y
 _5058_/Y
 _5059_/X
 _5060_/Y
 _5061_/Y
 _5062_/X
 _5063_/X
 _5064_/Y
 _5065_/X
 _5066_/Y
 _5067_/Y
 _5068_/X
 _5069_/Y
 _5070_/Y
 _5071_/Y
 _5072_/Y
 _5073_/X
 _5074_/Y
 _5075_/X
 _5076_/Y
 _5077_/Y
 _5078_/X
 _5079_/Y
 _5080_/X
 _5081_/Y
 _5082_/X
 _5083_/Y
 _5084_/X
 _5085_/Y
 _5086_/X
 _5087_/Y
 _5088_/X
 _5089_/X
 _5090_/Y
 _5091_/Y
 _5092_/X
 _5093_/Y
 _5094_/Y
 _5095_/X
 _5096_/Y
 _5097_/Y
 _5098_/X
 _5099_/Y
 _5100_/Y
 _5101_/X
 _5102_/Y
 _5103_/Y
 _5104_/X
 _5105_/Y
 _5106_/Y
 _5107_/X
 _5108_/Y
 _5109_/X
 _5110_/X
 _5111_/X
 _5112_/Y
 _5113_/X
 _5114_/X
 _5115_/Y
 _5116_/X
 _5117_/Y
 _5118_/X
 _5119_/X
 _5120_/X
 _5121_/Y
 _5122_/X
 _5123_/Y
 _5124_/Y
 _5125_/X
 _5126_/X
 _5127_/X
 _5128_/Y
 _5129_/X
 _5130_/X
 _5131_/Y
 _5132_/X
 _5133_/X
 _5134_/X
 _5135_/X
 _5136_/X
 _5137_/X
 _5138_/X
 _5139_/X
 _5140_/X
 _5141_/X
 _5142_/X
 _5143_/X
 _5144_/X
 _5145_/X
 _5146_/X
 _5147_/X
 _5148_/X
 _5149_/X
 _5150_/X
 _5151_/X
 _5152_/X
 _5153_/X
 _5154_/X
 _5155_/X
 _5156_/X
 _5157_/X
 _5158_/X
 _5159_/X
 _5160_/X
 _5161_/X
 _5162_/X
 _5163_/X
 _5164_/X
 _5165_/X
 _5166_/X
 _5167_/X
 _5168_/X
 _5169_/X
 _5170_/X
 _5171_/X
 _5172_/X
 _5173_/X
 _5174_/X
 _5175_/X
 _5176_/X
 _5177_/X
 _5178_/X
 _5179_/X
 _5180_/X
 _5181_/X
 _5182_/X
 _5183_/X
 _5184_/X
 _5185_/X
 _5186_/X
 _5187_/X
 _5188_/X
 _5189_/X
 _5190_/X
 _5191_/X
 _5192_/X
 _5193_/X
 _5194_/X
 _5195_/X
 _5196_/X
 _5197_/X
 _5198_/X
 _5199_/X
 _5200_/X
 _5201_/X
 _5202_/X
 _5203_/X
 _5204_/X
 _5205_/X
 _5206_/X
 _5207_/X
 _5208_/X
 _5209_/X
 _5210_/X
 _5211_/X
 _5212_/X
 _5213_/X
 _5214_/X
 _5215_/X
 _5216_/X
 _5217_/X
 _5218_/X
 _5219_/X
 _5220_/X
 _5221_/X
 _5222_/X
 _5223_/X
 _5224_/X
 _5225_/X
 _5226_/X
 _5227_/X
 _5228_/X
 _5229_/X
 _5230_/X
 _5231_/X
 _5232_/X
 _5233_/X
 _5234_/X
 _5235_/X
 _5236_/X
 _5237_/X
 _5238_/X
 _5239_/X
 _5240_/X
 _5241_/X
 _5242_/X
 _5243_/X
 _5244_/X
 _5245_/X
 _5246_/X
 _5247_/X
 _5248_/X
 _5249_/X
 _5250_/X
 _5251_/X
 _5252_/X
 _5253_/X
 _5254_/X
 _5255_/X
 _5256_/X
 _5257_/X
 _5258_/X
 _5259_/X
 _5260_/X
 _5261_/X
 _5262_/X
 _5263_/X
 _5264_/X
 _5265_/X
 _5266_/X
 _5267_/X
 _5268_/X
 _5269_/X
 _5270_/X
 _5271_/X
 _5272_/X
 _5273_/X
 _5274_/X
 _5275_/X
 _5276_/X
 _5277_/X
 _5278_/X
 _5279_/X
 _5280_/X
 _5281_/X
 _5282_/X
 _5283_/X
 _5284_/X
 _5285_/X
 _5286_/X
 _5287_/X
 _5288_/X
 _5289_/X
 _5290_/X
 _5291_/X
 _5292_/X
 _5293_/X
 _5294_/X
 _5295_/X
 _5296_/X
 _5297_/X
 _5298_/X
 _5299_/X
 _5300_/X
 _5301_/X
 _5302_/X
 _5303_/X
 _5304_/X
 _5305_/X
 _5306_/X
 _5307_/X
 _5308_/X
 _5309_/X
 _5310_/X
 _5311_/X
 _5312_/X
 _5313_/X
 _5314_/X
 _5315_/X
 _5316_/X
 _5317_/X
 _5318_/X
 _5319_/X
 _5320_/X
 _5321_/X
 _5322_/X
 _5323_/X
 _5324_/X
 _5325_/X
 _5326_/X
 _5327_/X
 _5328_/X
 _5329_/X
 _5330_/X
 _5331_/X
 _5332_/X
 _5333_/X
 _5334_/X
 _5335_/X
 _5336_/X
 _5337_/X
 _5338_/X
 _5339_/X
 _5340_/X
 _5341_/X
 _5342_/X
 _5343_/X
 _5344_/X
 _5345_/X
 _5346_/X
 _5347_/X
 _5348_/X
 _5349_/X
 _5350_/X
 _5351_/X
 _5352_/X
 _5353_/X
 _5354_/X
 _5355_/X
 _5356_/X
 _5357_/X
 _5358_/X
 _5359_/X
 _5360_/X
 _5361_/X
 _5362_/X
 _5363_/X
 _5364_/X
 _5365_/X
 _5366_/X
 _5367_/X
 _5368_/X
 _5369_/X
 _5370_/X
 _5371_/X
 _5372_/X
 _5373_/X
 _5374_/X
 _5375_/X
 _5376_/X
 _5377_/X
 _5378_/X
 _5379_/X
 _5380_/X
 _5381_/X
 _5382_/X
 _5383_/X
 _5384_/X
 _5385_/X
 _5386_/X
 _5387_/X
 _5388_/X
 _5389_/X
 _5390_/X
 _5391_/X
 _5392_/X
 _5393_/X
 _5394_/X
 _5395_/X
 _5396_/X
 _5397_/X
 _5398_/X
 _5399_/X
 _5400_/X
 _5401_/X
 _5402_/X
 _5403_/X
 _5404_/X
 _5405_/X
 _5406_/X
 _5407_/X
 _5408_/X
 _5409_/X
 _5410_/X
 _5411_/X
 _5412_/X
 _5413_/X
 _5414_/X
 _5415_/X
 _5416_/X
 _5417_/X
 _5418_/X
 _5419_/X
 _5420_/X
 _5421_/X
 _5422_/X
 _5423_/Y
 _5424_/Y
 _5425_/Y
 _5426_/Y
 _5427_/X
 _5428_/X
 _5429_/X
 _5430_/X
 _5431_/X
 _5432_/X
 _5433_/X
 _5434_/X
 _5435_/X
 _5436_/Y
 _5437_/X
 _5438_/Y
 _5439_/X
 _5440_/Y
 _5441_/Y
 _5442_/Y
 _5443_/X
 _5444_/X
 _5445_/X
 _5446_/X
 _5447_/X
 _5448_/X
 _5449_/X
 _5450_/X
 _5451_/X
 _5452_/Y
 _5453_/X
 _5454_/X
 _5455_/X
 _5456_/X
 _5457_/Y
 _5458_/Y
 _5459_/Y
 _5460_/Y
 _5461_/Y
 _5462_/X
 _5463_/X
 _5464_/X
 _5465_/X
 _5466_/Y
 _5467_/Y
 _5468_/Y
 _5469_/X
 _5470_/Y
 _5471_/Y
 _5472_/Y
 _5473_/Y
 _5474_/Y
 _5475_/Y
 _5476_/Y
 _5477_/Y
 _5478_/Y
 _5479_/Y
 _5480_/Y
 _5481_/Y
 _5482_/Y
 _5483_/Y
 _5484_/Y
 _5485_/Y
 _5486_/Y
 _5487_/Y
 _5488_/Y
 _5489_/Y
 _5490_/Y
 _5491_/X
 _5492_/Y
 _5493_/X
 _5494_/X
 _5495_/Y
 _5496_/Y
 _5497_/Y
 _5498_/Y
 _5499_/Y
 _5500_/X
 _5501_/Y
 _5502_/Y
 _5503_/Y
 _5504_/X
 _5505_/Y
 _5506_/Y
 _5507_/Y
 _5508_/Y
 _5509_/Y
 _5510_/Y
 _5511_/Y
 _5512_/Y
 _5513_/Y
 _5514_/Y
 _5515_/Y
 _5516_/Y
 _5517_/Y
 _5518_/Y
 _5519_/Y
 _5520_/Y
 _5521_/Y
 _5522_/Y
 _5523_/Y
 _5524_/Y
 _5525_/Y
 _5526_/X
 _5527_/Y
 _5528_/X
 _5529_/X
 _5530_/Y
 _5531_/Y
 _5532_/Y
 _5533_/Y
 _5534_/Y
 _5535_/Y
 _5536_/Y
 _5537_/Y
 _5538_/Y
 _5539_/Y
 _5540_/Y
 _5541_/Y
 _5542_/Y
 _5543_/Y
 _5544_/Y
 _5545_/Y
 _5546_/Y
 _5547_/Y
 _5548_/Y
 _5549_/Y
 _5550_/Y
 _5551_/Y
 _5552_/Y
 _5553_/Y
 _5554_/Y
 _5555_/Y
 _5556_/Y
 _5557_/Y
 _5558_/Y
 _5559_/X
 _5560_/X
 _5561_/X
 _5562_/Y
 _5563_/X
 _5564_/Y
 _5565_/Y
 _5566_/Y
 _5567_/Y
 _5568_/Y
 _5569_/Y
 _5570_/Y
 _5571_/Y
 _5572_/Y
 _5573_/Y
 _5574_/Y
 _5575_/Y
 _5576_/Y
 _5577_/Y
 _5578_/Y
 _5579_/Y
 _5580_/Y
 _5581_/Y
 _5582_/X
 _5583_/Y
 _5584_/Y
 _5585_/Y
 _5586_/Y
 _5587_/Y
 _5588_/Y
 _5589_/Y
 _5590_/Y
 _5591_/Y
 _5592_/Y
 _5593_/Y
 _5594_/X
 _5595_/X
 _5596_/Y
 _5597_/X
 _5598_/Y
 _5599_/Y
 _5600_/Y
 _5601_/Y
 _5602_/Y
 _5603_/Y
 _5604_/Y
 _5605_/Y
 _5606_/Y
 _5607_/Y
 _5608_/Y
 _5609_/Y
 _5610_/Y
 _5611_/Y
 _5612_/Y
 _5613_/Y
 _5614_/Y
 _5615_/Y
 _5616_/Y
 _5617_/Y
 _5618_/X
 _5619_/Y
 _5620_/Y
 _5621_/X
 _5622_/Y
 _5623_/Y
 _5624_/X
 _5625_/Y
 _5626_/Y
 _5627_/Y
 _5628_/Y
 _5629_/X
 _5630_/Y
 _5631_/Y
 _5632_/X
 _5633_/X
 _5634_/X
 _5635_/X
 _5636_/Y
 _5637_/Y
 _5638_/Y
 _5639_/X
 _5640_/X
 _5641_/Y
 _5642_/X
 _5643_/Y
 _5644_/X
 _5645_/X
 _5646_/X
 _5647_/X
 _5648_/X
 _5649_/Y
 _5650_/X
 _5651_/Y
 _5652_/X
 _5653_/Y
 _5654_/Y
 _5655_/X
 _5656_/Y
 _5657_/Y
 _5658_/X
 _5659_/Y
 _5660_/Y
 _5661_/X
 _5662_/Y
 _5663_/Y
 _5664_/X
 _5665_/Y
 _5666_/Y
 _5667_/X
 _5668_/Y
 _5669_/Y
 _5670_/X
 _5671_/X
 _5672_/Y
 _5673_/Y
 _5674_/X
 _5675_/Y
 _5676_/Y
 _5677_/X
 _5678_/X
 _5679_/Y
 _5680_/X
 _5681_/Y
 _5682_/X
 _5683_/X
 _5684_/Y
 _5685_/Y
 _5686_/X
 _5687_/Y
 _5688_/Y
 _5689_/X
 _5690_/Y
 _5691_/Y
 _5692_/X
 _5693_/Y
 _5694_/Y
 _5695_/X
 _5696_/Y
 _5697_/Y
 _5698_/X
 _5699_/Y
 _5700_/Y
 _5701_/X
 _5702_/Y
 _5703_/Y
 _5704_/X
 _5705_/X
 _5706_/Y
 _5707_/Y
 _5708_/X
 _5709_/Y
 _5710_/Y
 _5711_/X
 _5712_/X
 _5713_/Y
 _5714_/X
 _5715_/Y
 _5716_/X
 _5717_/X
 _5718_/Y
 _5719_/Y
 _5720_/X
 _5721_/Y
 _5722_/Y
 _5723_/X
 _5724_/Y
 _5725_/Y
 _5726_/X
 _5727_/Y
 _5728_/Y
 _5729_/X
 _5730_/Y
 _5731_/Y
 _5732_/X
 _5733_/Y
 _5734_/Y
 _5735_/X
 _5736_/Y
 _5737_/Y
 _5738_/X
 _5739_/X
 _5740_/Y
 _5741_/Y
 _5742_/X
 _5743_/Y
 _5744_/Y
 _5745_/X
 _5746_/X
 _5747_/Y
 _5748_/X
 _5749_/Y
 _5750_/X
 _5751_/X
 _5752_/Y
 _5753_/Y
 _5754_/X
 _5755_/Y
 _5756_/Y
 _5757_/X
 _5758_/Y
 _5759_/Y
 _5760_/X
 _5761_/Y
 _5762_/Y
 _5763_/X
 _5764_/Y
 _5765_/Y
 _5766_/X
 _5767_/Y
 _5768_/Y
 _5769_/X
 _5770_/Y
 _5771_/Y
 _5772_/X
 _5773_/X
 _5774_/Y
 _5775_/Y
 _5776_/X
 _5777_/Y
 _5778_/Y
 _5779_/X
 _5780_/X
 _5781_/Y
 _5782_/X
 _5783_/Y
 _5784_/X
 _5785_/X
 _5786_/Y
 _5787_/Y
 _5788_/X
 _5789_/Y
 _5790_/Y
 _5791_/X
 _5792_/Y
 _5793_/Y
 _5794_/X
 _5795_/Y
 _5796_/Y
 _5797_/X
 _5798_/Y
 _5799_/Y
 _5800_/X
 _5801_/Y
 _5802_/Y
 _5803_/X
 _5804_/Y
 _5805_/Y
 _5806_/X
 _5807_/X
 _5808_/Y
 _5809_/Y
 _5810_/X
 _5811_/Y
 _5812_/Y
 _5813_/X
 _5814_/X
 _5815_/Y
 _5816_/X
 _5817_/Y
 _5818_/X
 _5819_/X
 _5820_/Y
 _5821_/Y
 _5822_/X
 _5823_/Y
 _5824_/Y
 _5825_/X
 _5826_/Y
 _5827_/Y
 _5828_/X
 _5829_/Y
 _5830_/Y
 _5831_/X
 _5832_/Y
 _5833_/Y
 _5834_/X
 _5835_/Y
 _5836_/Y
 _5837_/X
 _5838_/Y
 _5839_/Y
 _5840_/X
 _5841_/Y
 _5842_/Y
 _5843_/X
 _5844_/Y
 _5845_/Y
 _5846_/X
 _5847_/Y
 _5848_/Y
 _5849_/X
 _5850_/X
 _5851_/Y
 _5852_/Y
 _5853_/X
 _5854_/Y
 _5855_/Y
 _5856_/X
 _5857_/Y
 _5858_/Y
 _5859_/X
 _5860_/Y
 _5861_/Y
 _5862_/X
 _5863_/Y
 _5864_/Y
 _5865_/X
 _5866_/Y
 _5867_/Y
 _5868_/X
 _5869_/X
 _5870_/Y
 _5871_/Y
 _5872_/X
 _5873_/Y
 _5874_/Y
 _5875_/X
 _5876_/Y
 _5877_/X
 _5878_/Y
 _5879_/X
 _5880_/Y
 _5881_/Y
 _5882_/X
 _5883_/Y
 _5884_/Y
 _5885_/X
 _5886_/Y
 _5887_/Y
 _5888_/X
 _5889_/Y
 _5890_/Y
 _5891_/Y
 _5892_/Y
 _5893_/Y
 _5894_/X
 _5895_/Y
 _5896_/X
 _5897_/X
 _5898_/Y
 _5899_/X
 _5900_/Y
 _5901_/Y
 _5902_/X
 _5903_/X
 _5904_/Y
 _5905_/Y
 _5906_/X
 _5907_/Y
 _5908_/Y
 _5909_/X
 _5910_/Y
 _5911_/Y
 _5912_/X
 _5913_/Y
 _5914_/Y
 _5915_/X
 _5916_/Y
 _5917_/Y
 _5918_/X
 _5919_/Y
 _5920_/Y
 _5921_/X
 _5922_/Y
 _5923_/Y
 _5924_/X
 _5925_/Y
 _5926_/Y
 _5927_/X
 _5928_/X
 _5929_/Y
 _5930_/X
 _5931_/Y
 _5932_/Y
 _5933_/X
 _5934_/Y
 _5935_/Y
 _5936_/X
 _5937_/Y
 _5938_/X
 _5939_/Y
 _5940_/X
 _5941_/X
 _5942_/Y
 _5943_/Y
 _5944_/X
 _5945_/X
 _5946_/X
 _5947_/X
 _5948_/X
 _5949_/X
 _5950_/X
 _5951_/X
 _5952_/X
 _5953_/X
 _5954_/X
 _5955_/X
 _5956_/X
 _5957_/X
 _5958_/X
 _5959_/X
 _5960_/X
 _5961_/X
 _5962_/X
 _5963_/X
 _5964_/X
 _5965_/X
 _5966_/X
 _5967_/X
 _5968_/X
 _5969_/X
 _5970_/X
 _5971_/X
 _5972_/X
 _5973_/X
 _5974_/X
 _5975_/X
 _5976_/X
 _5977_/X
 _5978_/X
 _5979_/X
 _5980_/X
 _5981_/X
 _5982_/X
 _5983_/X
 _5984_/X
 _5985_/X
 _5986_/X
 _5987_/X
 _5988_/X
 _5989_/X
 _5990_/X
 _5991_/X
 _5992_/X
 _5993_/X
 _5994_/X
 _5995_/X
 _5996_/X
 _5997_/X
 _5998_/X
 _5999_/X
 _6000_/X
 _6001_/X
 _6002_/X
 _6003_/X
 _6004_/X
 _6005_/X
 _6006_/X
 _6007_/X
 _6008_/X
 _6009_/X
 _6010_/X
 _6011_/X
 _6012_/X
 _6013_/X
 _6014_/X
 _6015_/X
 _6016_/X
 _6017_/X
 _6018_/X
 _6019_/X
 _6020_/X
 _6021_/X
 _6022_/X
 _6023_/X
 _6024_/X
 _6025_/X
 _6026_/X
 _6027_/X
 _6028_/X
 _6029_/X
 _6030_/X
 _6031_/X
 _6032_/X
 _6033_/X
 _6034_/X
 _6035_/X
 _6036_/X
 _6037_/X
 _6038_/X
 _6039_/X
 _6040_/X
 _6041_/X
 _6042_/X
 _6043_/X
 _6044_/X
 _6045_/X
 _6046_/X
 _6047_/X
 _6048_/X
 _6049_/X
 _6050_/X
 _6051_/X
 _6052_/X
 _6053_/X
 _6054_/X
 _6055_/X
 _6056_/X
 _6057_/X
 _6058_/X
 _6059_/X
 _6060_/X
 _6061_/X
 _6062_/X
 _6063_/X
 _6064_/X
 _6065_/X
 _6066_/X
 _6067_/X
 _6068_/X
 _6069_/X
 _6070_/X
 _6071_/X
 _6072_/X
 _6073_/X
 _6074_/X
 _6075_/X
 _6076_/X
 _6077_/X
 _6078_/X
 _6079_/X
 _6080_/X
 _6081_/X
 _6082_/X
 _6083_/X
 _6084_/X
 _6085_/X
 _6086_/X
 _6087_/X
 _6088_/X
 _6089_/X
 _6090_/X
 _6091_/X
 _6092_/X
 _6093_/X
 _6094_/X
 _6095_/X
 _6096_/X
 _6097_/X
 _6098_/X
 _6099_/X
 _6100_/X
 _6101_/X
 _6102_/X
 _6103_/X
 _6104_/X
 _6105_/X
 _6106_/X
 _6107_/X
 _6108_/X
 _6109_/X
 _6110_/X
 _6111_/X
 _6112_/X
 _6113_/X
 _6114_/X
 _6115_/X
 _6116_/X
 _6117_/X
 _6118_/X
 _6119_/X
 _6120_/X
 _6121_/X
 _6122_/Y
 _6123_/X
 _6124_/X
 _6125_/X
 _6126_/X
 _6127_/X
 _6128_/X
 _6129_/X
 _6130_/X
 _6131_/Y
 _6132_/Y
 _6133_/X
 _6134_/Y
 _6135_/X
 _6136_/X
 _6137_/X
 _6138_/X
 _6139_/X
 _6140_/X
 _6141_/X
 _6142_/X
 _6143_/X
 _6144_/X
 _6145_/X
 _6146_/X
 _6147_/X
 _6148_/X
 _6149_/X
 _6150_/X
 _6151_/X
 _6152_/X
 _6153_/X
 _6154_/X
 _6155_/X
 _6156_/X
 _6157_/X
 _6158_/X
 _6159_/X
 _6160_/X
 _6161_/X
 _6162_/X
 _6163_/X
 _6164_/X
 _6165_/X
 _6166_/X
 _6167_/X
 _6168_/X
 _6169_/X
 _6170_/X
 _6171_/X
 _6172_/X
 _6173_/X
 _6174_/X
 _6175_/X
 _6176_/X
 _6177_/X
 _6178_/X
 _6179_/X
 _6180_/X
 _6181_/X
 _6182_/X
 _6183_/X
 _6184_/X
 _6185_/X
 _6186_/X
 _6187_/X
 _6188_/X
 _6189_/X
 _6190_/X
 _6191_/X
 _6192_/X
 _6193_/X
 _6194_/X
 _6195_/X
 _6196_/X
 _6197_/X
 _6198_/X
 _6199_/X
 _6200_/X
 _6201_/X
 _6202_/X
 _6203_/X
 _6204_/X
 _6205_/X
 _6206_/X
 _6207_/X
 _6208_/X
 _6209_/X
 _6210_/X
 _6211_/Y
 _6212_/X
 _6213_/X
 _6214_/X
 _6215_/X
 _6216_/X
 _6217_/X
 _6218_/X
 _6219_/X
 _6220_/X
 _6221_/X
 _6222_/X
 _6223_/X
 _6224_/X
 _6225_/X
 _6226_/X
 _6227_/X
 _6228_/X
 _6229_/X
 _6230_/X
 _6231_/X
 _6232_/X
 _6233_/X
 _6234_/X
 _6235_/X
 _6236_/X
 _6237_/X
 _6238_/X
 _6239_/X
 _6240_/X
 _6241_/X
 _6242_/X
 _6243_/X
 _6244_/X
 _6245_/X
 _6246_/X
 _6247_/X
 _6248_/X
 _6249_/X
 _6250_/X
 _6251_/X
 _6252_/X
 _6253_/X
 _6254_/X
 _6255_/X
 _6256_/X
 _6257_/X
 _6258_/X
 _6259_/X
 _6260_/X
 _6261_/X
 _6262_/X
 _6263_/X
 _6264_/X
 _6265_/X
 _6266_/X
 _6267_/X
 _6268_/X
 _6269_/X
 _6270_/X
 _6271_/X
 _6272_/X
 _6273_/X
 _6274_/X
 _6275_/X
 _6276_/X
 _6277_/X
 _6278_/X
 _6279_/X
 _6280_/X
 _6281_/X
 _6282_/X
 _6283_/X
 _6284_/X
 _6285_/X
 _6286_/X
 _6287_/X
 _6288_/X
 _6289_/X
 _6290_/X
 _6291_/X
 _6292_/X
 _6293_/X
 _6294_/X
 _6295_/X
 _6296_/X
 _6297_/X
 _6298_/X
 _6299_/X
 _6300_/X
 _6301_/X
 _6302_/X
 _6303_/X
 _6304_/X
 _6305_/X
 _6306_/X
 _6307_/X
 _6308_/X
 _6309_/X
 _6310_/X
 _6311_/X
 _6312_/X
 _6313_/X
 _6314_/X
 _6315_/X
 _6316_/X
 _6317_/X
 _6318_/X
 _6319_/X
 _6320_/X
 _6321_/X
 _6322_/X
 _6323_/X
 _6324_/X
 _6325_/Y
 _6326_/X
 _6327_/Y
 _6328_/X
 _6329_/Y
 _6330_/X
 _6331_/X
 _6332_/X
 _6333_/X
 _6334_/X
 _6335_/X
 _6336_/X
 _6337_/X
 _6338_/X
 _6339_/X
 _6340_/X
 _6341_/X
 _6342_/X
 _6343_/X
 _6344_/X
 _6345_/X
 _6346_/X
 _6347_/X
 _6348_/X
 _6349_/X
 _6350_/X
 _6351_/X
 _6352_/X
 _6353_/X
 _6354_/X
 _6355_/X
 _6356_/X
 _6357_/X
 _6358_/X
 _6359_/X
 _6360_/X
 _6361_/X
 _6362_/X
 _6363_/X
 _6364_/X
 _6365_/X
 _6366_/X
 _6367_/X
 _6368_/X
 _6369_/X
 _6370_/X
 _6371_/X
 _6372_/X
 _6373_/X
 _6374_/X
 _6375_/X
 _6376_/X
 _6377_/X
 _6378_/X
 _6379_/X
 _6380_/X
 _6381_/X
 _6382_/X
 _6383_/X
 _6384_/X
 _6385_/X
 _6386_/X
 _6387_/X
 _6388_/X
 _6389_/X
 _6390_/X
 _6391_/X
 _6392_/X
 _6393_/X
 _6394_/X
 _6395_/X
 _6396_/X
 _6397_/X
 _6398_/X
 _6399_/X
 _6400_/X
 _6401_/X
 _6402_/X
 _6403_/X
 _6404_/X
 _6405_/X
 _6406_/X
 _6407_/X
 _6408_/X
 _6409_/X
 _6410_/X
 _6411_/X
 _6412_/X
 _6413_/X
 _6414_/X
 _6415_/X
 _6416_/X
 _6417_/X
 _6418_/X
 _6419_/X
 _6420_/X
 _6421_/X
 _6422_/X
 _6423_/X
 _6424_/X
 _6425_/X
 _6426_/X
 _6427_/X
 _6428_/X
 _6429_/X
 _6430_/X
 _6431_/X
 _6432_/X
 _6433_/X
 _6434_/X
 _6435_/X
 _6436_/X
 _6437_/X
 _6438_/X
 _6439_/X
 _6440_/X
 _6441_/X
 _6442_/X
 _6443_/X
 _6444_/X
 _6445_/X
 _6446_/X
 _6447_/X
 _6448_/X
 _6449_/X
 _6450_/X
 _6451_/X
 _6452_/X
 _6453_/X
 _6454_/X
 _6455_/X
 _6456_/X
 _6457_/X
 _6458_/X
 _6459_/X
 _6460_/X
 _6461_/X
 _6462_/X
 _6463_/X
 _6464_/X
 _6465_/X
 _6466_/X
 _6467_/X
 _6468_/X
 _6469_/X
 _6470_/X
 _6471_/X
 _6472_/X
 _6473_/X
 _6474_/X
 _6475_/X
 _6476_/X
 _6477_/X
 _6478_/X
 _6479_/X
 _6480_/X
 _6481_/X
 _6482_/X
 _6483_/X
 _6484_/X
 _6485_/X
 _6486_/X
 _6487_/X
 _6488_/X
 _6489_/X
 _6490_/X
 _6491_/X
 _6492_/X
 _6493_/X
 _6494_/X
 _6495_/X
 _6496_/X
 _6497_/X
 _6498_/X
 _6499_/X
 _6500_/X
 _6501_/X
 _6502_/X
 _6503_/X
 _6504_/X
 _6505_/X
 _6506_/X
 _6507_/X
 _6508_/X
 _6509_/X
 _6510_/X
 _6511_/X
 _6512_/X
 _6513_/X
 _6514_/X
 _6515_/X
 _6516_/X
 _6517_/X
 _6518_/X
 _6519_/X
 _6520_/X
 _6521_/X
 _6522_/X
 _6523_/X
 _6524_/X
 _6525_/X
 _6526_/X
 _6527_/X
 _6528_/X
 _6529_/X
 _6530_/X
 _6531_/X
 _6532_/X
 _6533_/X
 _6534_/X
 _6535_/X
 _6536_/X
 _6537_/X
 _6538_/X
 _6539_/X
 _6540_/X
 _6541_/X
 _6542_/X
 _6543_/X
 _6544_/X
 _6545_/X
 _6546_/X
 _6547_/X
 _6548_/X
 _6549_/X
 _6550_/X
 _6551_/X
 _6552_/X
 _6553_/X
 _6554_/X
 _6555_/X
 _6556_/X
 _6557_/X
 _6558_/X
 _6559_/X
 _6560_/X
 _6561_/X
 _6562_/X
 _6563_/X
 _6564_/X
 _6565_/X
 _6566_/X
 _6567_/X
 _6568_/X
 _6569_/X
 _6570_/X
 _6571_/X
 _6572_/X
 _6573_/X
 _6574_/X
 _6575_/X
 _6576_/X
 _6577_/X
 _6578_/X
 _6579_/X
 _6580_/X
 _6581_/X
 _6582_/X
 _6583_/X
 _6584_/X
 _6585_/X
 _6586_/X
 _6587_/X
 _6588_/X
 _6589_/X
 _6590_/X
 _6591_/X
 _6592_/X
 _6593_/X
 _6594_/X
 _6595_/X
 _6596_/X
 _6597_/X
 _6598_/X
 _6599_/X
 _6600_/X
 _6601_/X
 _6602_/X
 _6603_/X
 _6604_/X
 _6605_/X
 _6606_/X
 _6607_/X
 _6608_/X
 _6609_/X
 _6610_/X
 _6611_/X
 _6612_/X
 _6613_/X
 _6614_/X
 _6615_/X
 _6616_/X
 _6617_/X
 _6618_/X
 _6619_/X
 _6620_/X
 _6621_/X
 _6622_/X
 _6623_/X
 _6624_/X
 _6625_/X
 _6626_/X
 _6627_/X
 _6628_/X
 _6629_/X
 _6630_/X
 _6631_/X
 _6632_/X
 _6633_/X
 _6634_/X
 _6635_/X
 _6636_/X
 _6637_/X
 _6638_/X
 _6639_/X
 _6640_/X
 _6641_/X
 _6642_/X
 _6643_/X
 _6644_/X
 _6645_/X
 _6646_/X
 _6647_/X
 _6648_/X
 _6649_/X
 _6650_/X
 _6651_/X
 _6652_/X
 _6653_/X
 _6654_/X
 _6655_/X
 _6656_/X
 _6657_/X
 _6658_/X
 _6659_/X
 _6660_/X
 _6661_/X
 _6662_/X
 _6663_/X
 _6664_/X
 _6665_/X
 _6666_/X
 _6667_/X
 _6668_/X
 _6669_/X
 _6670_/X
 _6671_/X
 _6672_/X
 _6673_/X
 _6674_/X
 _6675_/X
 _6676_/X
 _6677_/X
 _6678_/X
 _6679_/X
 _6680_/X
 _6681_/X
 _6682_/X
 _6683_/X
 _6684_/X
 _6685_/X
 _6686_/X
 _6687_/X
 _6688_/X
 _6689_/X
 _6690_/X
 _6691_/X
 _6692_/X
 _6693_/X
 _6694_/X
 _6695_/X
 _6696_/X
 _6697_/X
 _6698_/X
 _6699_/X
 _6700_/X
 _6701_/X
 _6702_/Y
 _6703_/Y
 _6704_/X
 _6705_/Y
 _6706_/Y
 _6707_/Y
 _6708_/X
 _6709_/Y
 _6710_/Y
 _6711_/Y
 _6712_/Y
 _6713_/Y
 _6714_/X
 _6715_/X
 _6716_/X
 _6717_/Y
 _6718_/Y
 _6719_/Y
 _6720_/X
 _6721_/Y
 _6722_/Y
 _6723_/X
 _6724_/X
 _6725_/X
 _6726_/X
 _6727_/Y
 _6728_/Y
 _6729_/Y
 _6730_/Y
 _6731_/X
 _6732_/Y
 _6733_/X
 _6734_/X
 _6735_/X
 _6736_/X
 _6737_/X
 _6738_/X
 _6739_/X
 _6740_/X
 _6741_/X
 _6742_/X
 _6743_/X
 _6744_/X
 _6745_/X
 _6746_/X
 _6747_/X
 _6748_/X
 _6749_/X
 _6750_/X
 _6751_/X
 _6752_/Y
 _6753_/Y
 _6754_/X
 _6755_/Y
 _6756_/X
 _6757_/Y
 _6758_/X
 _6759_/X
 _6760_/Y
 _6761_/X
 _6762_/X
 _6763_/X
 _6764_/X
 _6765_/X
 _6766_/Y
 _6767_/Y
 _6768_/X
 _6769_/X
 _6770_/X
 _6771_/X
 _6772_/X
 _6773_/Y
 _6774_/Y
 _6775_/X
 _6776_/X
 _6777_/Y
 _6778_/Y
 _6779_/Y
 _6780_/Y
 _6781_/X
 _6782_/X
 _6783_/Y
 _6784_/Y
 _6785_/Y
 _6786_/X
 _6787_/Y
 _6788_/Y
 _6789_/Y
 _6790_/X
 _6791_/X
 _6792_/Y
 _6793_/Y
 _6794_/Y
 _6795_/X
 _6796_/X
 _6797_/X
 _6798_/X
 _6799_/X
 _6800_/Y
 _6801_/Y
 _6802_/Y
 _6803_/Y
 _6804_/X
 _6805_/X
 _6806_/Y
 _6807_/Y
 _6808_/Y
 _6809_/X
 _6810_/X
 _6811_/X
 _6812_/Y
 _6813_/Y
 _6814_/X
 _6815_/Y
 _6816_/Y
 _6817_/X
 _6818_/Y
 _6819_/Y
 _6820_/X
 _6821_/Y
 _6822_/Y
 _6823_/X
 _6824_/X
 _6825_/X
 _6826_/Y
 _6827_/Y
 _6828_/X
 _6829_/Y
 _6830_/Y
 _6831_/X
 _6832_/Y
 _6833_/Y
 _6834_/Y
 _6835_/Y
 _6836_/X
 _6837_/X
 _6838_/X
 _6839_/Y
 _6840_/Y
 _6841_/X
 _6842_/Y
 _6843_/Y
 _6844_/Y
 _6845_/Y
 _6846_/X
 _6847_/X
 _6848_/X
 _6849_/Y
 _6850_/Y
 _6851_/X
 _6852_/Y
 _6853_/Y
 _6854_/Y
 _6855_/Y
 _6856_/Y
 _6857_/X
 _6858_/X
 _6859_/Y
 _6860_/Y
 _6861_/Y
 _6862_/X
 _6863_/X
 _6864_/Y
 _6865_/X
 _6866_/X
 _6867_/X
 _6868_/Y
 _6869_/X
 _6870_/X
 _6871_/X
 _6872_/Y
 _6873_/Y
 _6874_/X
 _6875_/X
 _6876_/Y
 _6877_/Y
 _6878_/Y
 _6879_/Y
 _6880_/Y
 _6881_/Y
 _6882_/X
 _6883_/Y
 _6884_/X
 _6885_/Y
 _6886_/Y
 _6887_/X
 _6888_/Y
 _6889_/Y
 _6890_/X
 _6891_/X
 _6892_/X
 _6893_/X
 _6894_/X
 _6895_/X
 _6896_/X
 _6897_/X
 _6898_/X
 _6899_/X
 _6900_/Y
 _6901_/Y
 _6902_/X
 _6903_/X
 _6904_/X
 _6905_/Y
 _6906_/X
 _6907_/X
 _6908_/X
 _6909_/X
 _6910_/X
 _6911_/X
 _6912_/X
 _6913_/X
 _6914_/X
 _6915_/Y
 _6916_/X
 _6917_/X
 _6918_/Y
 _6919_/X
 _6920_/Y
 _6921_/Y
 _6922_/X
 _6923_/X
 _6924_/X
 _6925_/X
 _6926_/X
 _6927_/X
 _6928_/X
 _6929_/X
 _6930_/Y
 _6931_/Y
 _6932_/Y
 _6933_/X
 _6934_/X
 _6935_/Y
 _6936_/Y
 _6937_/X
 _6938_/Y
 _6939_/X
 _6940_/Y
 _6941_/X
 _6942_/Y
 _6943_/X
 _6944_/X
 _6945_/X
 _6946_/Y
 _6947_/X
 _6948_/X
 _6949_/X
 _6950_/X
 _6951_/X
 _6952_/Y
 _6953_/Y
 _6954_/X
 _6955_/X
 _6956_/X
 _6957_/X
 _6958_/Y
 _6959_/X
 _6960_/Y
 _6961_/X
 _6962_/Y
 _6963_/Y
 _6964_/Y
 _6965_/X
 _6966_/Y
 _6967_/Y
 _6968_/X
 _6969_/Y
 _6970_/X
 _6971_/Y
 _6972_/X
 _6973_/X
 _6974_/X
 _6975_/Y
 _6976_/Y
 _6977_/Y
 _6978_/X
 _6979_/X
 _6980_/X
 _6981_/X
 _6982_/X
 _6983_/X
 _6984_/X
 _6985_/X
 _6986_/X
 _6987_/X
 _6988_/X
 _6989_/X
 _6990_/X
 _6991_/X
 _6992_/Y
 _6993_/Y
 _6994_/X
 _6995_/Y
 _6996_/Y
 _6997_/Y
 _6998_/X
 _6999_/Y
 _7000_/Y
 _7001_/Y
 _7002_/Y
 _7003_/X
 _7004_/Y
 _7005_/Y
 _7006_/Y
 _7007_/X
 _7008_/X
 _7009_/X
 _7010_/Y
 _7011_/Y
 _7012_/Y
 _7013_/Y
 _7014_/Y
 _7015_/X
 _7016_/Y
 _7017_/X
 _7018_/Y
 _7019_/Y
 _7020_/X
 _7021_/Y
 _7022_/X
 _7023_/X
 _7024_/Y
 _7025_/X
 _7026_/Y
 _7027_/Y
 _7028_/X
 _7029_/X
 _7030_/X
 _7031_/X
 _7032_/X
 _7033_/X
 _7034_/X
 _7035_/X
 _7036_/X
 _7037_/X
 _7038_/X
 _7039_/X
 _7040_/X
 _7041_/X
 _7042_/X
 _7043_/X
 _7044_/Y
 _7045_/Y
 _7046_/X
 _7047_/X
 _7048_/X
 _7049_/X
 _7050_/X
 _7051_/X
 _7052_/X
 _7053_/X
 _7054_/X
 _7055_/Y
 _7056_/Y
 _7057_/X
 _7058_/X
 _7059_/Y
 _7060_/X
 _7061_/Y
 _7062_/X
 _7063_/X
 _7064_/X
 _7065_/X
 _7066_/X
 _7067_/X
 _7068_/X
 _7069_/X
 _7070_/Y
 _7071_/Y
 _7072_/Y
 _7073_/X
 _7074_/X
 _7075_/X
 _7076_/X
 _7077_/X
 _7078_/X
 _7079_/X
 _7080_/X
 _7081_/X
 _7082_/Y
 _7083_/Y
 _7084_/Y
 _7085_/Y
 _7086_/X
 _7087_/Y
 _7088_/X
 _7089_/X
 _7090_/Y
 _7091_/Y
 _7092_/X
 _7093_/Y
 _7094_/X
 _7095_/Y
 _7096_/X
 _7097_/X
 _7098_/X
 _7099_/Y
 _7100_/X
 _7101_/Y
 _7102_/X
 _7103_/X
 _7104_/Y
 _7105_/X
 _7106_/Y
 _7107_/X
 _7108_/Y
 _7109_/Y
 _7110_/Y
 _7111_/Y
 _7112_/X
 _7113_/Y
 _7114_/Y
 _7115_/Y
 _7116_/X
 _7117_/Y
 _7118_/X
 _7119_/Y
 _7120_/Y
 _7121_/Y
 _7122_/Y
 _7123_/X
 _7124_/Y
 _7125_/Y
 _7126_/X
 _7127_/Y
 _7128_/Y
 _7129_/Y
 _7130_/Y
 _7131_/X
 _7132_/X
 _7133_/X
 _7134_/X
 _7135_/X
 _7136_/Y
 _7137_/X
 _7138_/Y
 _7139_/Y
 _7140_/X
 _7141_/X
 _7142_/Y
 _7143_/X
 _7144_/X
 _7145_/Y
 _7146_/X
 _7147_/X
 _7148_/Y
 _7149_/X
 _7150_/Y
 _7151_/X
 _7152_/X
 _7153_/Y
 _7154_/Y
 _7155_/Y
 _7156_/X
 _7157_/X
 _7158_/X
 _7159_/X
 _7160_/X
 _7161_/X
 _7162_/X
 _7163_/X
 _7164_/X
 _7165_/X
 _7166_/X
 _7167_/X
 _7168_/X
 _7169_/X
 _7170_/X
 _7171_/X
 _7172_/X
 _7173_/X
 _7174_/Y
 _7175_/Y
 _7176_/X
 _7177_/Y
 _7178_/Y
 _7179_/X
 _7180_/X
 _7181_/X
 _7182_/X
 _7183_/X
 _7184_/X
 _7185_/X
 _7186_/X
 _7187_/X
 _7188_/X
 _7189_/Y
 _7190_/Y
 _7191_/X
 _7192_/Y
 _7193_/X
 _7194_/Y
 _7195_/Y
 _7196_/Y
 _7197_/X
 _7198_/X
 _7199_/X
 _7200_/X
 _7201_/X
 _7202_/X
 _7203_/X
 _7204_/X
 _7205_/X
 _7206_/Y
 _7207_/X
 _7208_/X
 _7209_/Y
 _7210_/X
 _7211_/Y
 _7212_/Y
 _7213_/X
 _7214_/X
 _7215_/X
 _7216_/X
 _7217_/X
 _7218_/X
 _7219_/X
 _7220_/X
 _7221_/Y
 _7222_/Y
 _7223_/Y
 _7224_/X
 _7225_/X
 _7226_/Y
 _7227_/Y
 _7228_/Y
 _7229_/Y
 _7230_/X
 _7231_/Y
 _7232_/Y
 _7233_/X
 _7234_/Y
 _7235_/X
 _7236_/Y
 _7237_/Y
 _7238_/X
 _7239_/Y
 _7240_/Y
 _7241_/X
 _7242_/X
 _7243_/X
 _7244_/X
 _7245_/Y
 _7246_/Y
 _7247_/X
 _7248_/Y
 _7249_/Y
 _7250_/Y
 _7251_/X
 _7252_/Y
 _7253_/X
 _7254_/Y
 _7255_/X
 _7256_/Y
 _7257_/Y
 _7258_/X
 _7259_/Y
 _7260_/X
 _7261_/Y
 _7262_/X
 _7263_/X
 _7264_/X
 _7265_/X
 _7266_/Y
 _7267_/Y
 _7268_/X
 _7269_/X
 _7270_/X
 _7271_/X
 _7272_/X
 _7273_/X
 _7274_/X
 _7275_/X
 _7276_/X
 _7277_/Y
 _7278_/Y
 _7279_/Y
 _7280_/X
 _7281_/Y
 _7282_/Y
 _7283_/Y
 _7284_/Y
 _7285_/Y
 _7286_/X
 _7287_/Y
 _7288_/X
 _7289_/X
 _7290_/Y
 _7291_/X
 _7292_/Y
 _7293_/X
 _7294_/X
 _7295_/X
 _7296_/X
 _7297_/Y
 _7298_/Y
 _7299_/Y
 _7300_/Y
 _7301_/Y
 _7302_/X
 _7303_/X
 _7304_/X
 _7305_/X
 _7306_/X
 _7307_/X
 _7308_/X
 _7309_/X
 _7310_/X
 _7311_/X
 _7312_/X
 _7313_/X
 _7314_/X
 _7315_/X
 _7316_/X
 _7317_/X
 _7318_/X
 _7319_/X
 _7320_/Y
 _7321_/Y
 _7322_/X
 _7323_/X
 _7324_/Y
 _7325_/X
 _7326_/X
 _7327_/Y
 _7328_/Q
 _7329_/Q
 _7330_/Q
 _7331_/Q
 _7332_/Q
 _7333_/Q
 _7334_/Q
 _7335_/Q
 _7336_/Q
 _7337_/Q
 _7338_/Q
 _7339_/Q
 _7340_/Q
 _7341_/Q
 _7342_/Q
 _7343_/Q
 _7344_/Q
 _7345_/Q
 _7346_/Q
 _7347_/Q
 _7348_/Q
 _7349_/Q
 _7350_/Q
 _7351_/Q
 _7352_/Q
 _7353_/Q
 _7354_/Q
 _7355_/Q
 _7356_/Q
 _7357_/Q
 _7358_/Q
 _7359_/Q
 _7360_/Q
 _7361_/Q
 _7362_/Q
 _7363_/Q
 _7364_/Q
 _7365_/Q
 _7366_/Q
 _7367_/Q
 _7368_/Q
 _7369_/Q
 _7370_/Q
 _7371_/Q
 _7372_/Q
 _7373_/Q
 _7374_/Q
 _7375_/Q
 _7376_/Q
 _7377_/Q
 _7378_/Q
 _7379_/Q
 _7380_/Q
 _7381_/Q
 _7382_/Q
 _7383_/Q
 _7384_/Q
 _7385_/Q
 _7386_/Q
 _7387_/Q
 _7388_/Q
 _7389_/Q
 _7390_/Q
 _7391_/Q
 _7392_/Q
 _7393_/Q
 _7394_/Q
 _7395_/Q
 _7396_/Q
 _7397_/Q
 _7398_/Q
 _7399_/Q
 _7400_/Q
 _7401_/Q
 _7402_/Q
 _7403_/Q
 _7404_/Q
 _7405_/Q
 _7406_/Q
 _7407_/Q
 _7408_/Q
 _7409_/Q
 _7410_/Q
 _7411_/Q
 _7412_/Q
 _7413_/Q
 _7414_/Q
 _7415_/Q
 _7416_/Q
 _7417_/Q
 _7418_/Q
 _7419_/Q
 _7420_/Q
 _7421_/Q
 _7422_/Q
 _7423_/Q
 _7424_/Q
 _7425_/Q
 _7426_/Q
 _7427_/Q
 _7428_/Q
 _7429_/Q
 _7430_/Q
 _7431_/Q
 _7432_/Q
 _7433_/Q
 _7434_/Q
 _7435_/Q
 _7436_/Q
 _7437_/Q
 _7438_/Q
 _7439_/Q
 _7440_/Q
 _7441_/Q
 _7442_/Q
 _7443_/Q
 _7444_/Q
 _7445_/Q
 _7446_/Q
 _7447_/Q
 _7448_/Q
 _7449_/Q
 _7450_/Q
 _7451_/Q
 _7452_/Q
 _7453_/Q
 _7454_/Q
 _7455_/Q
 _7456_/Q
 _7457_/Q
 _7458_/Q
 _7459_/Q
 _7460_/Q
 _7461_/Q
 _7462_/Q
 _7463_/Q
 _7464_/Q
 _7465_/Q
 _7466_/Q
 _7467_/Q
 _7468_/Q
 _7469_/Q
 _7470_/Q
 _7471_/Q
 _7472_/Q
 _7473_/Q
 _7474_/Q
 _7475_/Q
 _7476_/Q
 _7477_/Q
 _7478_/Q
Found 0 partially unannotated drivers.

===========================================================================
max slew violation count 172
max fanout violation count 8
max cap violation count 0
============================================================================

===========================================================================
check_setup -verbose -unconstrained_endpoints -multiple_clock -no_clock -no_input_delay -loops -generated_clocks
===========================================================================
