Clock: clk
Sources: clk 
Generated: no
Virtual: no
Propagated: no
Period: 10.000000

===========================================================================
report_clock_properties
============================================================================
Clock                   Period          Waveform
----------------------------------------------------
clk                  10.000000    0.000000  5.000000

===========================================================================
report_clock_latency
============================================================================
Clock clk
rise -> rise
    min     max
0.000000 0.000000 source latency
0.582743         network latency _1148_/CLK
        0.582743 network latency _1148_/CLK
---------------
0.582743 0.582743 latency
        0.000000 skew

fall -> fall
    min     max
0.000000 0.000000 source latency
0.256400         network latency _1148_/CLK
        0.256400 network latency _1148_/CLK
---------------
0.256400 0.256400 latency
        0.000000 skew



===========================================================================
report_clock_min_period
============================================================================
clk period_min = 3.65 fmax = 274.24
