157. Printing statistics.

=== jtag_debug_top ===

   Number of wires:               1190
   Number of wire bits:           1640
   Number of public wires:          70
   Number of public wire bits:     474
   Number of ports:                 43
   Number of port bits:            208
   Number of memories:               0
   Number of memory bits:            0
   Number of processes:              0
   Number of cells:               1488
     $_ANDNOT_                     144
     $_AND_                          7
     $_MUX_                        561
     $_NAND_                        36
     $_NOR_                         18
     $_NOT_                         13
     $_ORNOT_                       29
     $_OR_                         319
     sky130_fd_sc_hd__dfrtp_2       83
     sky130_fd_sc_hd__dfstp_2        2
     sky130_fd_sc_hd__dfxtp_2      276

   Area for cell type $_NOT_ is unknown!
   Area for cell type $_AND_ is unknown!
   Area for cell type $_NAND_ is unknown!
   Area for cell type $_OR_ is unknown!
   Area for cell type $_NOR_ is unknown!
   Area for cell type $_ANDNOT_ is unknown!
   Area for cell type $_ORNOT_ is unknown!
   Area for cell type $_MUX_ is unknown!

   Chip area for module '\jtag_debug_top': 8104.022400
     of which used for sequential elements: 8104.022400 (100.00%)

