165. Printing statistics.

=== jtag_debug_top ===

   Number of wires:                899
   Number of wire bits:           1064
   Number of public wires:         304
   Number of public wire bits:     469
   Number of ports:                 43
   Number of port bits:            208
   Number of memories:               0
   Number of memory bits:            0
   Number of processes:              0
   Number of cells:               1007
     sky130_fd_sc_hd__a211o_2        3
     sky130_fd_sc_hd__a21o_2        32
     sky130_fd_sc_hd__a21oi_2        7
     sky130_fd_sc_hd__a221o_2       14
     sky130_fd_sc_hd__a22o_2         6
     sky130_fd_sc_hd__a22oi_2        1
     sky130_fd_sc_hd__a31o_2        43
     sky130_fd_sc_hd__a32o_2        27
     sky130_fd_sc_hd__a41o_2        35
     sky130_fd_sc_hd__a41oi_2        1
     sky130_fd_sc_hd__and2_2         4
     sky130_fd_sc_hd__and2b_2        1
     sky130_fd_sc_hd__and3_2         1
     sky130_fd_sc_hd__and3b_2        1
     sky130_fd_sc_hd__and4_2        33
     sky130_fd_sc_hd__and4b_2        1
     sky130_fd_sc_hd__conb_1        47
     sky130_fd_sc_hd__dfrtp_2       83
     sky130_fd_sc_hd__dfstp_2        2
     sky130_fd_sc_hd__dfxtp_2      276
     sky130_fd_sc_hd__inv_2          8
     sky130_fd_sc_hd__mux2_1       215
     sky130_fd_sc_hd__nand2_2       21
     sky130_fd_sc_hd__nand2b_2       7
     sky130_fd_sc_hd__nand3_2        6
     sky130_fd_sc_hd__nand3b_2       2
     sky130_fd_sc_hd__nand4_2        4
     sky130_fd_sc_hd__nand4b_2       2
     sky130_fd_sc_hd__nor2_2         8
     sky130_fd_sc_hd__nor3_2         5
     sky130_fd_sc_hd__nor3b_2        2
     sky130_fd_sc_hd__nor4_2         1
     sky130_fd_sc_hd__nor4b_2        3
     sky130_fd_sc_hd__o2111a_2       1
     sky130_fd_sc_hd__o2111ai_2      1
     sky130_fd_sc_hd__o211a_2        2
     sky130_fd_sc_hd__o21a_2        45
     sky130_fd_sc_hd__o21ai_2        5
     sky130_fd_sc_hd__o21bai_2       1
     sky130_fd_sc_hd__o22a_2         1
     sky130_fd_sc_hd__o22ai_2        3
     sky130_fd_sc_hd__o2bb2a_2       1
     sky130_fd_sc_hd__o2bb2ai_2      1
     sky130_fd_sc_hd__o311ai_2       1
     sky130_fd_sc_hd__o31a_2        35
     sky130_fd_sc_hd__o31ai_2        2
     sky130_fd_sc_hd__o32a_2         4
     sky130_fd_sc_hd__or2_2          1
     sky130_fd_sc_hd__or4bb_2        1

   Chip area for module '\jtag_debug_top': 14386.297600
     of which used for sequential elements: 8104.022400 (56.33%)

