Clock: clk
Sources: clk 
Generated: no
Virtual: no
Propagated: no
Period: 10.000000

===========================================================================
report_clock_properties
============================================================================
Clock                   Period          Waveform
----------------------------------------------------
clk                  10.000000    0.000000  5.000000

===========================================================================
report_clock_latency
============================================================================
Clock clk
rise -> rise
    min     max
0.000000 0.000000 source latency
16.424812         network latency _17168_/CLK
        16.424812 network latency _17168_/CLK
---------------
16.424812 16.424812 latency
        0.000000 skew

fall -> fall
    min     max
0.000000 0.000000 source latency
7.029593         network latency _17168_/CLK
        7.029593 network latency _17168_/CLK
---------------
7.029593 7.029593 latency
        0.000000 skew



===========================================================================
report_clock_min_period
============================================================================
clk period_min = 4.95 fmax = 201.97
