
===========================================================================
report_checks -path_delay max (Setup)
============================================================================
======================= nom_tt_025C_1v80 Corner ===================================

Startpoint: _9_ (rising edge-triggered flip-flop clocked by clk)
Endpoint: cout (output port clocked by clk)
Path Group: clk
Path Type: max

Fanout         Cap        Slew       Delay        Time   Description
---------------------------------------------------------------------------------------------
                      0.150000    0.000000    0.000000   clock clk (rise edge)
                                  0.000000    0.000000   clock network delay (ideal)
                      0.150000    0.000000    0.000000 ^ _9_/CLK (sky130_fd_sc_hd__dfrtp_2)
     1    0.033442    0.110070    0.504914    0.504914 v _9_/Q (sky130_fd_sc_hd__dfrtp_2)
                                                         cout (net)
                      0.110070    0.000000    0.504914 v cout (out)
                                              0.504914   data arrival time

                      0.150000    8.000000    8.000000   clock clk (rise edge)
                                  0.000000    8.000000   clock network delay (ideal)
                                 -0.250000    7.750000   clock uncertainty
                                  0.000000    7.750000   clock reconvergence pessimism
                                 -1.600000    6.150000   output external delay
                                              6.150000   data required time
---------------------------------------------------------------------------------------------
                                              6.150000   data required time
                                             -0.504914   data arrival time
---------------------------------------------------------------------------------------------
                                              5.645086   slack (MET)


Startpoint: _8_ (rising edge-triggered flip-flop clocked by clk)
Endpoint: sum (output port clocked by clk)
Path Group: clk
Path Type: max

Fanout         Cap        Slew       Delay        Time   Description
---------------------------------------------------------------------------------------------
                      0.150000    0.000000    0.000000   clock clk (rise edge)
                                  0.000000    0.000000   clock network delay (ideal)
                      0.150000    0.000000    0.000000 ^ _8_/CLK (sky130_fd_sc_hd__dfrtp_2)
     1    0.033442    0.110070    0.504914    0.504914 v _8_/Q (sky130_fd_sc_hd__dfrtp_2)
                                                         sum (net)
                      0.110070    0.000000    0.504914 v sum (out)
                                              0.504914   data arrival time

                      0.150000    8.000000    8.000000   clock clk (rise edge)
                                  0.000000    8.000000   clock network delay (ideal)
                                 -0.250000    7.750000   clock uncertainty
                                  0.000000    7.750000   clock reconvergence pessimism
                                 -1.600000    6.150000   output external delay
                                              6.150000   data required time
---------------------------------------------------------------------------------------------
                                              6.150000   data required time
                                             -0.504914   data arrival time
---------------------------------------------------------------------------------------------
                                              5.645086   slack (MET)


Startpoint: b (input port clocked by clk)
Endpoint: _8_ (rising edge-triggered flip-flop clocked by clk)
Path Group: clk
Path Type: max

Fanout         Cap        Slew       Delay        Time   Description
---------------------------------------------------------------------------------------------
                      0.150000    0.000000    0.000000   clock clk (rise edge)
                                  0.000000    0.000000   clock network delay (ideal)
                                  1.600000    1.600000 v input external delay
     2    0.012622    0.030573    0.020407    1.620407 v b (in)
                                                         b (net)
                      0.030573    0.000000    1.620407 v _5_/A (sky130_fd_sc_hd__xnor2_2)
     2    0.013162    0.219905    0.215027    1.835434 ^ _5_/Y (sky130_fd_sc_hd__xnor2_2)
                                                         _2_ (net)
                      0.219905    0.000000    1.835434 ^ _7_/B (sky130_fd_sc_hd__xnor2_2)
     1    0.002005    0.091272    0.127065    1.962499 ^ _7_/Y (sky130_fd_sc_hd__xnor2_2)
                                                         sum_comb (net)
                      0.091272    0.000000    1.962499 ^ _8_/D (sky130_fd_sc_hd__dfrtp_2)
                                              1.962499   data arrival time

                      0.150000    8.000000    8.000000   clock clk (rise edge)
                                  0.000000    8.000000   clock network delay (ideal)
                                 -0.250000    7.750000   clock uncertainty
                                  0.000000    7.750000   clock reconvergence pessimism
                                              7.750000 ^ _8_/CLK (sky130_fd_sc_hd__dfrtp_2)
                                 -0.058049    7.691951   library setup time
                                              7.691951   data required time
---------------------------------------------------------------------------------------------
                                              7.691951   data required time
                                             -1.962499   data arrival time
---------------------------------------------------------------------------------------------
                                              5.729452   slack (MET)


Startpoint: b (input port clocked by clk)
Endpoint: _9_ (rising edge-triggered flip-flop clocked by clk)
Path Group: clk
Path Type: max

Fanout         Cap        Slew       Delay        Time   Description
---------------------------------------------------------------------------------------------
                      0.150000    0.000000    0.000000   clock clk (rise edge)
                                  0.000000    0.000000   clock network delay (ideal)
                                  1.600000    1.600000 v input external delay
     2    0.012622    0.030573    0.020407    1.620407 v b (in)
                                                         b (net)
                      0.030573    0.000000    1.620407 v _5_/A (sky130_fd_sc_hd__xnor2_2)
     2    0.013162    0.219905    0.215027    1.835434 ^ _5_/Y (sky130_fd_sc_hd__xnor2_2)
                                                         _2_ (net)
                      0.219905    0.000000    1.835434 ^ _6_/A2 (sky130_fd_sc_hd__o21ai_2)
     1    0.001949    0.039314    0.062815    1.898249 v _6_/Y (sky130_fd_sc_hd__o21ai_2)
                                                         cout_comb (net)
                      0.039314    0.000000    1.898249 v _9_/D (sky130_fd_sc_hd__dfrtp_2)
                                              1.898249   data arrival time

                      0.150000    8.000000    8.000000   clock clk (rise edge)
                                  0.000000    8.000000   clock network delay (ideal)
                                 -0.250000    7.750000   clock uncertainty
                                  0.000000    7.750000   clock reconvergence pessimism
                                              7.750000 ^ _9_/CLK (sky130_fd_sc_hd__dfrtp_2)
                                 -0.088727    7.661273   library setup time
                                              7.661273   data required time
---------------------------------------------------------------------------------------------
                                              7.661273   data required time
                                             -1.898249   data arrival time
---------------------------------------------------------------------------------------------
                                              5.763025   slack (MET)


Startpoint: rst_n (input port clocked by clk)
Endpoint: _8_ (recovery check against rising-edge clock clk)
Path Group: asynchronous
Path Type: max

Fanout         Cap        Slew       Delay        Time   Description
---------------------------------------------------------------------------------------------
                      0.150000    0.000000    0.000000   clock clk (rise edge)
                                  0.000000    0.000000   clock network delay (ideal)
                                  1.600000    1.600000 ^ input external delay
     2    0.007224    0.040279    0.024994    1.624994 ^ rst_n (in)
                                                         rst_n (net)
                      0.040279    0.000000    1.624994 ^ _8_/RESET_B (sky130_fd_sc_hd__dfrtp_2)
                                              1.624994   data arrival time

                      0.150000    8.000000    8.000000   clock clk (rise edge)
                                  0.000000    8.000000   clock network delay (ideal)
                                 -0.250000    7.750000   clock uncertainty
                                  0.000000    7.750000   clock reconvergence pessimism
                                              7.750000 ^ _8_/CLK (sky130_fd_sc_hd__dfrtp_2)
                                  0.252796    8.002796   library recovery time
                                              8.002796   data required time
---------------------------------------------------------------------------------------------
                                              8.002796   data required time
                                             -1.624994   data arrival time
---------------------------------------------------------------------------------------------
                                              6.377801   slack (MET)


Startpoint: rst_n (input port clocked by clk)
Endpoint: _9_ (recovery check against rising-edge clock clk)
Path Group: asynchronous
Path Type: max

Fanout         Cap        Slew       Delay        Time   Description
---------------------------------------------------------------------------------------------
                      0.150000    0.000000    0.000000   clock clk (rise edge)
                                  0.000000    0.000000   clock network delay (ideal)
                                  1.600000    1.600000 ^ input external delay
     2    0.007224    0.040279    0.024994    1.624994 ^ rst_n (in)
                                                         rst_n (net)
                      0.040279    0.000000    1.624994 ^ _9_/RESET_B (sky130_fd_sc_hd__dfrtp_2)
                                              1.624994   data arrival time

                      0.150000    8.000000    8.000000   clock clk (rise edge)
                                  0.000000    8.000000   clock network delay (ideal)
                                 -0.250000    7.750000   clock uncertainty
                                  0.000000    7.750000   clock reconvergence pessimism
                                              7.750000 ^ _9_/CLK (sky130_fd_sc_hd__dfrtp_2)
                                  0.252796    8.002796   library recovery time
                                              8.002796   data required time
---------------------------------------------------------------------------------------------
                                              8.002796   data required time
                                             -1.624994   data arrival time
---------------------------------------------------------------------------------------------
                                              6.377801   slack (MET)



