
===========================================================================
report_checks -path_delay min (Hold)
============================================================================
======================= nom_tt_025C_1v80 Corner ===================================

Startpoint: rst_n (input port clocked by clk)
Endpoint: _8_ (removal check against rising-edge clock clk)
Path Group: asynchronous
Path Type: min

Fanout         Cap        Slew       Delay        Time   Description
---------------------------------------------------------------------------------------------
                      0.150000    0.000000    0.000000   clock clk (rise edge)
                                  0.000000    0.000000   clock network delay (ideal)
                                  1.600000    1.600000 ^ input external delay
     2    0.007224    0.040279    0.024994    1.624994 ^ rst_n (in)
                                                         rst_n (net)
                      0.040279    0.000000    1.624994 ^ _8_/RESET_B (sky130_fd_sc_hd__dfrtp_2)
                                              1.624994   data arrival time

                      0.150000    0.000000    0.000000   clock clk (rise edge)
                                  0.000000    0.000000   clock network delay (ideal)
                                  0.250000    0.250000   clock uncertainty
                                  0.000000    0.250000   clock reconvergence pessimism
                                              0.250000 ^ _8_/CLK (sky130_fd_sc_hd__dfrtp_2)
                                  0.347848    0.597848   library removal time
                                              0.597848   data required time
---------------------------------------------------------------------------------------------
                                              0.597848   data required time
                                             -1.624994   data arrival time
---------------------------------------------------------------------------------------------
                                              1.027146   slack (MET)


Startpoint: rst_n (input port clocked by clk)
Endpoint: _9_ (removal check against rising-edge clock clk)
Path Group: asynchronous
Path Type: min

Fanout         Cap        Slew       Delay        Time   Description
---------------------------------------------------------------------------------------------
                      0.150000    0.000000    0.000000   clock clk (rise edge)
                                  0.000000    0.000000   clock network delay (ideal)
                                  1.600000    1.600000 ^ input external delay
     2    0.007224    0.040279    0.024994    1.624994 ^ rst_n (in)
                                                         rst_n (net)
                      0.040279    0.000000    1.624994 ^ _9_/RESET_B (sky130_fd_sc_hd__dfrtp_2)
                                              1.624994   data arrival time

                      0.150000    0.000000    0.000000   clock clk (rise edge)
                                  0.000000    0.000000   clock network delay (ideal)
                                  0.250000    0.250000   clock uncertainty
                                  0.000000    0.250000   clock reconvergence pessimism
                                              0.250000 ^ _9_/CLK (sky130_fd_sc_hd__dfrtp_2)
                                  0.347848    0.597848   library removal time
                                              0.597848   data required time
---------------------------------------------------------------------------------------------
                                              0.597848   data required time
                                             -1.624994   data arrival time
---------------------------------------------------------------------------------------------
                                              1.027146   slack (MET)


Startpoint: b (input port clocked by clk)
Endpoint: _9_ (rising edge-triggered flip-flop clocked by clk)
Path Group: clk
Path Type: min

Fanout         Cap        Slew       Delay        Time   Description
---------------------------------------------------------------------------------------------
                      0.150000    0.000000    0.000000   clock clk (rise edge)
                                  0.000000    0.000000   clock network delay (ideal)
                                  1.600000    1.600000 v input external delay
     2    0.012622    0.030573    0.020407    1.620407 v b (in)
                                                         b (net)
                      0.030573    0.000000    1.620407 v _4_/A (sky130_fd_sc_hd__nand2_2)
     1    0.004522    0.036349    0.047279    1.667686 ^ _4_/Y (sky130_fd_sc_hd__nand2_2)
                                                         _1_ (net)
                      0.036349    0.000000    1.667686 ^ _6_/B1 (sky130_fd_sc_hd__o21ai_2)
     1    0.001949    0.023516    0.037825    1.705512 v _6_/Y (sky130_fd_sc_hd__o21ai_2)
                                                         cout_comb (net)
                      0.023516    0.000000    1.705512 v _9_/D (sky130_fd_sc_hd__dfrtp_2)
                                              1.705512   data arrival time

                      0.150000    0.000000    0.000000   clock clk (rise edge)
                                  0.000000    0.000000   clock network delay (ideal)
                                  0.250000    0.250000   clock uncertainty
                                  0.000000    0.250000   clock reconvergence pessimism
                                              0.250000 ^ _9_/CLK (sky130_fd_sc_hd__dfrtp_2)
                                 -0.009427    0.240573   library hold time
                                              0.240573   data required time
---------------------------------------------------------------------------------------------
                                              0.240573   data required time
                                             -1.705512   data arrival time
---------------------------------------------------------------------------------------------
                                              1.464939   slack (MET)


Startpoint: cin (input port clocked by clk)
Endpoint: _8_ (rising edge-triggered flip-flop clocked by clk)
Path Group: clk
Path Type: min

Fanout         Cap        Slew       Delay        Time   Description
---------------------------------------------------------------------------------------------
                      0.150000    0.000000    0.000000   clock clk (rise edge)
                                  0.000000    0.000000   clock network delay (ideal)
                                  1.600000    1.600000 ^ input external delay
     2    0.013682    0.069159    0.045768    1.645768 ^ cin (in)
                                                         cin (net)
                      0.069159    0.000000    1.645768 ^ _7_/A (sky130_fd_sc_hd__xnor2_2)
     1    0.001949    0.027493    0.061244    1.707011 v _7_/Y (sky130_fd_sc_hd__xnor2_2)
                                                         sum_comb (net)
                      0.027493    0.000000    1.707011 v _8_/D (sky130_fd_sc_hd__dfrtp_2)
                                              1.707011   data arrival time

                      0.150000    0.000000    0.000000   clock clk (rise edge)
                                  0.000000    0.000000   clock network delay (ideal)
                                  0.250000    0.250000   clock uncertainty
                                  0.000000    0.250000   clock reconvergence pessimism
                                              0.250000 ^ _8_/CLK (sky130_fd_sc_hd__dfrtp_2)
                                 -0.011044    0.238956   library hold time
                                              0.238956   data required time
---------------------------------------------------------------------------------------------
                                              0.238956   data required time
                                             -1.707011   data arrival time
---------------------------------------------------------------------------------------------
                                              1.468055   slack (MET)


Startpoint: _9_ (rising edge-triggered flip-flop clocked by clk)
Endpoint: cout (output port clocked by clk)
Path Group: clk
Path Type: min

Fanout         Cap        Slew       Delay        Time   Description
---------------------------------------------------------------------------------------------
                      0.150000    0.000000    0.000000   clock clk (rise edge)
                                  0.000000    0.000000   clock network delay (ideal)
                      0.150000    0.000000    0.000000 ^ _9_/CLK (sky130_fd_sc_hd__dfrtp_2)
     1    0.033442    0.171856    0.484006    0.484006 ^ _9_/Q (sky130_fd_sc_hd__dfrtp_2)
                                                         cout (net)
                      0.171856    0.000000    0.484006 ^ cout (out)
                                              0.484006   data arrival time

                      0.150000    0.000000    0.000000   clock clk (rise edge)
                                  0.000000    0.000000   clock network delay (ideal)
                                  0.250000    0.250000   clock uncertainty
                                  0.000000    0.250000   clock reconvergence pessimism
                                 -1.600000   -1.350000   output external delay
                                             -1.350000   data required time
---------------------------------------------------------------------------------------------
                                             -1.350000   data required time
                                             -0.484006   data arrival time
---------------------------------------------------------------------------------------------
                                              1.834006   slack (MET)


Startpoint: _8_ (rising edge-triggered flip-flop clocked by clk)
Endpoint: sum (output port clocked by clk)
Path Group: clk
Path Type: min

Fanout         Cap        Slew       Delay        Time   Description
---------------------------------------------------------------------------------------------
                      0.150000    0.000000    0.000000   clock clk (rise edge)
                                  0.000000    0.000000   clock network delay (ideal)
                      0.150000    0.000000    0.000000 ^ _8_/CLK (sky130_fd_sc_hd__dfrtp_2)
     1    0.033442    0.171856    0.484006    0.484006 ^ _8_/Q (sky130_fd_sc_hd__dfrtp_2)
                                                         sum (net)
                      0.171856    0.000000    0.484006 ^ sum (out)
                                              0.484006   data arrival time

                      0.150000    0.000000    0.000000   clock clk (rise edge)
                                  0.000000    0.000000   clock network delay (ideal)
                                  0.250000    0.250000   clock uncertainty
                                  0.000000    0.250000   clock reconvergence pessimism
                                 -1.600000   -1.350000   output external delay
                                             -1.350000   data required time
---------------------------------------------------------------------------------------------
                                             -1.350000   data required time
                                             -0.484006   data arrival time
---------------------------------------------------------------------------------------------
                                              1.834006   slack (MET)



