Clock: clk
Sources: clk 
Generated: no
Virtual: yes
Propagated: no
Period: 8.000000

===========================================================================
report_clock_properties
============================================================================
Clock                   Period          Waveform
----------------------------------------------------
clk                   8.000000    0.000000  4.000000

===========================================================================
report_clock_latency
============================================================================
Clock clk
rise -> rise
    min     max
0.000000 0.000000 source latency
0.467570         network latency _8_/CLK
        0.468826 network latency _9_/CLK
---------------
0.467570 0.468826 latency
        0.001256 skew

fall -> fall
    min     max
0.000000 0.000000 source latency
0.495559         network latency _8_/CLK
        0.496661 network latency _9_/CLK
---------------
0.495559 0.496661 latency
        0.001102 skew



===========================================================================
report_clock_min_period
============================================================================
clk period_min = 0.00 fmax = inf
