Reading timing models for corner nom_ss_100C_1v60…
Reading cell library for the 'nom_ss_100C_1v60' corner at '/home/chithang/.volare/volare/sky130/versions/0fe599b2afb6708d281543108caf8310912f54af/sky130A/libs.ref/sky130_fd_sc_hd/lib/sky130_fd_sc_hd__ss_100C_1v60.lib'…
Reading top-level netlist at '/home/chithang/pdop2/FA_reg/runs/RUN_2026-03-28_14-30-24/51-openroad-fillinsertion/FA_Reg.nl.v'…
Linking design 'FA_Reg' from netlist…
Warning: /home/chithang/pdop2/FA_reg/runs/RUN_2026-03-28_14-30-24/51-openroad-fillinsertion/FA_Reg.nl.v line 74, module sky130_fd_sc_hd__tapvpwrvgnd_1 not found. Creating black box for TAP_TAPCELL_ROW_0_20.
Warning: /home/chithang/pdop2/FA_reg/runs/RUN_2026-03-28_14-30-24/51-openroad-fillinsertion/FA_Reg.nl.v line 104, module sky130_ef_sc_hd__decap_12 not found. Creating black box for FILLER_0_3.
Warning: /home/chithang/pdop2/FA_reg/runs/RUN_2026-03-28_14-30-24/51-openroad-fillinsertion/FA_Reg.nl.v line 106, module sky130_fd_sc_hd__fill_1 not found. Creating black box for FILLER_0_27.
Warning: /home/chithang/pdop2/FA_reg/runs/RUN_2026-03-28_14-30-24/51-openroad-fillinsertion/FA_Reg.nl.v line 134, module sky130_fd_sc_hd__fill_2 not found. Creating black box for FILLER_3_57.
Reading design constraints file at '/nix/store/h0ldzjka94yryiq8yxbxmwargpnmwhx6-python3-3.11.9-env/lib/python3.11/site-packages/openlane/scripts/base.sdc'…
[INFO] Using clock clk…
[INFO] Setting output delay to: 1.6
[INFO] Setting input delay to: 1.6
[INFO] Setting load to: 0.033442
[INFO] Setting clock uncertainty to: 0.25
[INFO] Setting clock transition to: 0.1499999999999999944488848768742172978818416595458984375
[INFO] Setting timing derate to: 5%
Reading top-level design parasitics for the 'nom_ss_100C_1v60' corner at '/home/chithang/pdop2/FA_reg/runs/RUN_2026-03-28_14-30-24/53-openroad-rcx/nom/FA_Reg.nom.spef'…
%OL_CREATE_REPORT min.rpt

===========================================================================
report_checks -path_delay min (Hold)
============================================================================
======================= nom_ss_100C_1v60 Corner ===================================

Startpoint: rst_n (input port clocked by clk)
Endpoint: _9_ (removal check against rising-edge clock clk)
Path Group: asynchronous
Path Type: min

Fanout         Cap        Slew       Delay        Time   Description
---------------------------------------------------------------------------------------------
                                  0.000000    0.000000   clock clk (rise edge)
                                  0.000000    0.000000   clock network delay (propagated)
                                  1.600000    1.600000 ^ input external delay
     1    0.002938    0.033165    0.016521    1.616521 ^ rst_n (in)
                                                         rst_n (net)
                      0.033165    0.000000    1.616521 ^ input4/A (sky130_fd_sc_hd__buf_1)
     2    0.007876    0.162621    0.200214    1.816734 ^ input4/X (sky130_fd_sc_hd__buf_1)
                                                         net4 (net)
                      0.162621    0.000167    1.816901 ^ _9_/RESET_B (sky130_fd_sc_hd__dfrtp_1)
                                              1.816901   data arrival time

                                  0.000000    0.000000   clock clk (rise edge)
                                  0.000000    0.000000   clock source latency
     1    0.009459    0.077440    0.049750    0.049750 ^ clk (in)
                                                         clk (net)
                      0.077441    0.000000    0.049750 ^ clkbuf_0_clk/A (sky130_fd_sc_hd__clkbuf_16)
     2    0.019019    0.066209    0.223459    0.273209 ^ clkbuf_0_clk/X (sky130_fd_sc_hd__clkbuf_16)
                                                         clknet_0_clk (net)
                      0.066209    0.000518    0.273727 ^ clkbuf_1_1__f_clk/A (sky130_fd_sc_hd__clkbuf_16)
     1    0.004238    0.046768    0.194955    0.468682 ^ clkbuf_1_1__f_clk/X (sky130_fd_sc_hd__clkbuf_16)
                                                         clknet_1_1__leaf_clk (net)
                      0.046768    0.000144    0.468826 ^ _9_/CLK (sky130_fd_sc_hd__dfrtp_1)
                                  0.250000    0.718826   clock uncertainty
                                  0.000000    0.718826   clock reconvergence pessimism
                                  0.678913    1.397739   library removal time
                                              1.397739   data required time
---------------------------------------------------------------------------------------------
                                              1.397739   data required time
                                             -1.816901   data arrival time
---------------------------------------------------------------------------------------------
                                              0.419161   slack (MET)


Startpoint: rst_n (input port clocked by clk)
Endpoint: _8_ (removal check against rising-edge clock clk)
Path Group: asynchronous
Path Type: min

Fanout         Cap        Slew       Delay        Time   Description
---------------------------------------------------------------------------------------------
                                  0.000000    0.000000   clock clk (rise edge)
                                  0.000000    0.000000   clock network delay (propagated)
                                  1.600000    1.600000 ^ input external delay
     1    0.002938    0.033165    0.016521    1.616521 ^ rst_n (in)
                                                         rst_n (net)
                      0.033165    0.000000    1.616521 ^ input4/A (sky130_fd_sc_hd__buf_1)
     2    0.007876    0.162621    0.200214    1.816734 ^ input4/X (sky130_fd_sc_hd__buf_1)
                                                         net4 (net)
                      0.162621    0.000144    1.816878 ^ _8_/RESET_B (sky130_fd_sc_hd__dfrtp_1)
                                              1.816878   data arrival time

                                  0.000000    0.000000   clock clk (rise edge)
                                  0.000000    0.000000   clock source latency
     1    0.009459    0.077440    0.049750    0.049750 ^ clk (in)
                                                         clk (net)
                      0.077441    0.000000    0.049750 ^ clkbuf_0_clk/A (sky130_fd_sc_hd__clkbuf_16)
     2    0.019019    0.066209    0.223459    0.273209 ^ clkbuf_0_clk/X (sky130_fd_sc_hd__clkbuf_16)
                                                         clknet_0_clk (net)
                      0.066209    0.000497    0.273706 ^ clkbuf_1_0__f_clk/A (sky130_fd_sc_hd__clkbuf_16)
     1    0.003603    0.045860    0.193755    0.467461 ^ clkbuf_1_0__f_clk/X (sky130_fd_sc_hd__clkbuf_16)
                                                         clknet_1_0__leaf_clk (net)
                      0.045860    0.000109    0.467570 ^ _8_/CLK (sky130_fd_sc_hd__dfrtp_1)
                                  0.250000    0.717570   clock uncertainty
                                  0.000000    0.717570   clock reconvergence pessimism
                                  0.678639    1.396209   library removal time
                                              1.396209   data required time
---------------------------------------------------------------------------------------------
                                              1.396209   data required time
                                             -1.816878   data arrival time
---------------------------------------------------------------------------------------------
                                              0.420669   slack (MET)


Startpoint: b (input port clocked by clk)
Endpoint: _9_ (rising edge-triggered flip-flop clocked by clk)
Path Group: clk
Path Type: min

Fanout         Cap        Slew       Delay        Time   Description
---------------------------------------------------------------------------------------------
                                  0.000000    0.000000   clock clk (rise edge)
                                  0.000000    0.000000   clock network delay (propagated)
                                  1.600000    1.600000 v input external delay
     1    0.002666    0.017951    0.008815    1.608815 v b (in)
                                                         b (net)
                      0.017951    0.000000    1.608815 v input2/A (sky130_fd_sc_hd__buf_1)
     2    0.007980    0.103568    0.181519    1.790333 v input2/X (sky130_fd_sc_hd__buf_1)
                                                         net2 (net)
                      0.103568    0.000167    1.790501 v _4_/A (sky130_fd_sc_hd__nand2_1)
     1    0.003289    0.070488    0.108821    1.899321 ^ _4_/Y (sky130_fd_sc_hd__nand2_1)
                                                         _1_ (net)
                      0.070488    0.000100    1.899421 ^ _6_/B1 (sky130_fd_sc_hd__o21ai_1)
     1    0.003415    0.078633    0.126386    2.025806 v _6_/Y (sky130_fd_sc_hd__o21ai_1)
                                                         cout_comb (net)
                      0.078633    0.000085    2.025891 v _9_/D (sky130_fd_sc_hd__dfrtp_1)
                                              2.025891   data arrival time

                                  0.000000    0.000000   clock clk (rise edge)
                                  0.000000    0.000000   clock source latency
     1    0.009459    0.077440    0.049750    0.049750 ^ clk (in)
                                                         clk (net)
                      0.077441    0.000000    0.049750 ^ clkbuf_0_clk/A (sky130_fd_sc_hd__clkbuf_16)
     2    0.019019    0.066209    0.223459    0.273209 ^ clkbuf_0_clk/X (sky130_fd_sc_hd__clkbuf_16)
                                                         clknet_0_clk (net)
                      0.066209    0.000518    0.273727 ^ clkbuf_1_1__f_clk/A (sky130_fd_sc_hd__clkbuf_16)
     1    0.004238    0.046768    0.194955    0.468682 ^ clkbuf_1_1__f_clk/X (sky130_fd_sc_hd__clkbuf_16)
                                                         clknet_1_1__leaf_clk (net)
                      0.046768    0.000144    0.468826 ^ _9_/CLK (sky130_fd_sc_hd__dfrtp_1)
                                  0.250000    0.718826   clock uncertainty
                                  0.000000    0.718826   clock reconvergence pessimism
                                 -0.106087    0.612739   library hold time
                                              0.612739   data required time
---------------------------------------------------------------------------------------------
                                              0.612739   data required time
                                             -2.025891   data arrival time
---------------------------------------------------------------------------------------------
                                              1.413152   slack (MET)


Startpoint: cin (input port clocked by clk)
Endpoint: _8_ (rising edge-triggered flip-flop clocked by clk)
Path Group: clk
Path Type: min

Fanout         Cap        Slew       Delay        Time   Description
---------------------------------------------------------------------------------------------
                                  0.000000    0.000000   clock clk (rise edge)
                                  0.000000    0.000000   clock network delay (propagated)
                                  1.600000    1.600000 ^ input external delay
     1    0.002656    0.031302    0.015029    1.615029 ^ cin (in)
                                                         cin (net)
                      0.031302    0.000000    1.615029 ^ input3/A (sky130_fd_sc_hd__buf_1)
     2    0.010952    0.218297    0.239089    1.854118 ^ input3/X (sky130_fd_sc_hd__buf_1)
                                                         net3 (net)
                      0.218298    0.000330    1.854449 ^ _7_/A (sky130_fd_sc_hd__xnor2_1)
     1    0.004946    0.104580    0.217694    2.072143 v _7_/Y (sky130_fd_sc_hd__xnor2_1)
                                                         sum_comb (net)
                      0.104580    0.000171    2.072314 v _8_/D (sky130_fd_sc_hd__dfrtp_1)
                                              2.072314   data arrival time

                                  0.000000    0.000000   clock clk (rise edge)
                                  0.000000    0.000000   clock source latency
     1    0.009459    0.077440    0.049750    0.049750 ^ clk (in)
                                                         clk (net)
                      0.077441    0.000000    0.049750 ^ clkbuf_0_clk/A (sky130_fd_sc_hd__clkbuf_16)
     2    0.019019    0.066209    0.223459    0.273209 ^ clkbuf_0_clk/X (sky130_fd_sc_hd__clkbuf_16)
                                                         clknet_0_clk (net)
                      0.066209    0.000497    0.273706 ^ clkbuf_1_0__f_clk/A (sky130_fd_sc_hd__clkbuf_16)
     1    0.003603    0.045860    0.193755    0.467461 ^ clkbuf_1_0__f_clk/X (sky130_fd_sc_hd__clkbuf_16)
                                                         clknet_1_0__leaf_clk (net)
                      0.045860    0.000109    0.467570 ^ _8_/CLK (sky130_fd_sc_hd__dfrtp_1)
                                  0.250000    0.717570   clock uncertainty
                                  0.000000    0.717570   clock reconvergence pessimism
                                 -0.115940    0.601629   library hold time
                                              0.601629   data required time
---------------------------------------------------------------------------------------------
                                              0.601629   data required time
                                             -2.072314   data arrival time
---------------------------------------------------------------------------------------------
                                              1.470685   slack (MET)


Startpoint: _9_ (rising edge-triggered flip-flop clocked by clk)
Endpoint: cout (output port clocked by clk)
Path Group: clk
Path Type: min

Fanout         Cap        Slew       Delay        Time   Description
---------------------------------------------------------------------------------------------
                                  0.000000    0.000000   clock clk (rise edge)
                                  0.000000    0.000000   clock source latency
     1    0.009459    0.077440    0.049750    0.049750 ^ clk (in)
                                                         clk (net)
                      0.077441    0.000000    0.049750 ^ clkbuf_0_clk/A (sky130_fd_sc_hd__clkbuf_16)
     2    0.019019    0.066209    0.223459    0.273209 ^ clkbuf_0_clk/X (sky130_fd_sc_hd__clkbuf_16)
                                                         clknet_0_clk (net)
                      0.066209    0.000518    0.273727 ^ clkbuf_1_1__f_clk/A (sky130_fd_sc_hd__clkbuf_16)
     1    0.004238    0.046768    0.194955    0.468682 ^ clkbuf_1_1__f_clk/X (sky130_fd_sc_hd__clkbuf_16)
                                                         clknet_1_1__leaf_clk (net)
                      0.046768    0.000144    0.468826 ^ _9_/CLK (sky130_fd_sc_hd__dfrtp_1)
     1    0.002159    0.071098    0.615299    1.084125 ^ _9_/Q (sky130_fd_sc_hd__dfrtp_1)
                                                         net5 (net)
                      0.071098    0.000061    1.084186 ^ output5/A (sky130_fd_sc_hd__buf_2)
     1    0.034109    0.270962    0.343185    1.427371 ^ output5/X (sky130_fd_sc_hd__buf_2)
                                                         cout (net)
                      0.270962    0.000632    1.428003 ^ cout (out)
                                              1.428003   data arrival time

                                  0.000000    0.000000   clock clk (rise edge)
                                  0.000000    0.000000   clock network delay (propagated)
                                  0.250000    0.250000   clock uncertainty
                                  0.000000    0.250000   clock reconvergence pessimism
                                 -1.600000   -1.350000   output external delay
                                             -1.350000   data required time
---------------------------------------------------------------------------------------------
                                             -1.350000   data required time
                                             -1.428003   data arrival time
---------------------------------------------------------------------------------------------
                                              2.778003   slack (MET)


Startpoint: _8_ (rising edge-triggered flip-flop clocked by clk)
Endpoint: sum (output port clocked by clk)
Path Group: clk
Path Type: min

Fanout         Cap        Slew       Delay        Time   Description
---------------------------------------------------------------------------------------------
                                  0.000000    0.000000   clock clk (rise edge)
                                  0.000000    0.000000   clock source latency
     1    0.009459    0.077440    0.049750    0.049750 ^ clk (in)
                                                         clk (net)
                      0.077441    0.000000    0.049750 ^ clkbuf_0_clk/A (sky130_fd_sc_hd__clkbuf_16)
     2    0.019019    0.066209    0.223459    0.273209 ^ clkbuf_0_clk/X (sky130_fd_sc_hd__clkbuf_16)
                                                         clknet_0_clk (net)
                      0.066209    0.000497    0.273706 ^ clkbuf_1_0__f_clk/A (sky130_fd_sc_hd__clkbuf_16)
     1    0.003603    0.045860    0.193755    0.467461 ^ clkbuf_1_0__f_clk/X (sky130_fd_sc_hd__clkbuf_16)
                                                         clknet_1_0__leaf_clk (net)
                      0.045860    0.000109    0.467570 ^ _8_/CLK (sky130_fd_sc_hd__dfrtp_1)
     1    0.003462    0.086467    0.632660    1.100230 ^ _8_/Q (sky130_fd_sc_hd__dfrtp_1)
                                                         net6 (net)
                      0.086467    0.000116    1.100345 ^ output6/A (sky130_fd_sc_hd__buf_2)
     1    0.034944    0.277234    0.354558    1.454903 ^ output6/X (sky130_fd_sc_hd__buf_2)
                                                         sum (net)
                      0.277234    0.000883    1.455786 ^ sum (out)
                                              1.455786   data arrival time

                                  0.000000    0.000000   clock clk (rise edge)
                                  0.000000    0.000000   clock network delay (propagated)
                                  0.250000    0.250000   clock uncertainty
                                  0.000000    0.250000   clock reconvergence pessimism
                                 -1.600000   -1.350000   output external delay
                                             -1.350000   data required time
---------------------------------------------------------------------------------------------
                                             -1.350000   data required time
                                             -1.455786   data arrival time
---------------------------------------------------------------------------------------------
                                              2.805786   slack (MET)



%OL_END_REPORT
%OL_CREATE_REPORT max.rpt

===========================================================================
report_checks -path_delay max (Setup)
============================================================================
======================= nom_ss_100C_1v60 Corner ===================================

Startpoint: _8_ (rising edge-triggered flip-flop clocked by clk)
Endpoint: sum (output port clocked by clk)
Path Group: clk
Path Type: max

Fanout         Cap        Slew       Delay        Time   Description
---------------------------------------------------------------------------------------------
                                  0.000000    0.000000   clock clk (rise edge)
                                  0.000000    0.000000   clock source latency
     1    0.009459    0.077440    0.049750    0.049750 ^ clk (in)
                                                         clk (net)
                      0.077441    0.000000    0.049750 ^ clkbuf_0_clk/A (sky130_fd_sc_hd__clkbuf_16)
     2    0.019019    0.066209    0.223459    0.273209 ^ clkbuf_0_clk/X (sky130_fd_sc_hd__clkbuf_16)
                                                         clknet_0_clk (net)
                      0.066209    0.000497    0.273706 ^ clkbuf_1_0__f_clk/A (sky130_fd_sc_hd__clkbuf_16)
     1    0.003603    0.045860    0.193755    0.467461 ^ clkbuf_1_0__f_clk/X (sky130_fd_sc_hd__clkbuf_16)
                                                         clknet_1_0__leaf_clk (net)
                      0.045860    0.000109    0.467570 ^ _8_/CLK (sky130_fd_sc_hd__dfrtp_1)
     1    0.003334    0.080447    0.725562    1.193131 v _8_/Q (sky130_fd_sc_hd__dfrtp_1)
                                                         net6 (net)
                      0.080447    0.000111    1.193242 v output6/A (sky130_fd_sc_hd__buf_2)
     1    0.034944    0.168606    0.351394    1.544636 v output6/X (sky130_fd_sc_hd__buf_2)
                                                         sum (net)
                      0.168608    0.000883    1.545519 v sum (out)
                                              1.545519   data arrival time

                                  8.000000    8.000000   clock clk (rise edge)
                                  0.000000    8.000000   clock network delay (propagated)
                                 -0.250000    7.750000   clock uncertainty
                                  0.000000    7.750000   clock reconvergence pessimism
                                 -1.600000    6.150000   output external delay
                                              6.150000   data required time
---------------------------------------------------------------------------------------------
                                              6.150000   data required time
                                             -1.545519   data arrival time
---------------------------------------------------------------------------------------------
                                              4.604480   slack (MET)


Startpoint: _9_ (rising edge-triggered flip-flop clocked by clk)
Endpoint: cout (output port clocked by clk)
Path Group: clk
Path Type: max

Fanout         Cap        Slew       Delay        Time   Description
---------------------------------------------------------------------------------------------
                                  0.000000    0.000000   clock clk (rise edge)
                                  0.000000    0.000000   clock source latency
     1    0.009459    0.077440    0.049750    0.049750 ^ clk (in)
                                                         clk (net)
                      0.077441    0.000000    0.049750 ^ clkbuf_0_clk/A (sky130_fd_sc_hd__clkbuf_16)
     2    0.019019    0.066209    0.223459    0.273209 ^ clkbuf_0_clk/X (sky130_fd_sc_hd__clkbuf_16)
                                                         clknet_0_clk (net)
                      0.066209    0.000518    0.273727 ^ clkbuf_1_1__f_clk/A (sky130_fd_sc_hd__clkbuf_16)
     1    0.004238    0.046768    0.194955    0.468682 ^ clkbuf_1_1__f_clk/X (sky130_fd_sc_hd__clkbuf_16)
                                                         clknet_1_1__leaf_clk (net)
                      0.046768    0.000144    0.468826 ^ _9_/CLK (sky130_fd_sc_hd__dfrtp_1)
     1    0.002031    0.069017    0.708705    1.177531 v _9_/Q (sky130_fd_sc_hd__dfrtp_1)
                                                         net5 (net)
                      0.069017    0.000058    1.177589 v output5/A (sky130_fd_sc_hd__buf_2)
     1    0.034109    0.165279    0.343633    1.521222 v output5/X (sky130_fd_sc_hd__buf_2)
                                                         cout (net)
                      0.165279    0.000632    1.521854 v cout (out)
                                              1.521854   data arrival time

                                  8.000000    8.000000   clock clk (rise edge)
                                  0.000000    8.000000   clock network delay (propagated)
                                 -0.250000    7.750000   clock uncertainty
                                  0.000000    7.750000   clock reconvergence pessimism
                                 -1.600000    6.150000   output external delay
                                              6.150000   data required time
---------------------------------------------------------------------------------------------
                                              6.150000   data required time
                                             -1.521854   data arrival time
---------------------------------------------------------------------------------------------
                                              4.628146   slack (MET)


Startpoint: b (input port clocked by clk)
Endpoint: _8_ (rising edge-triggered flip-flop clocked by clk)
Path Group: clk
Path Type: max

Fanout         Cap        Slew       Delay        Time   Description
---------------------------------------------------------------------------------------------
                                  0.000000    0.000000   clock clk (rise edge)
                                  0.000000    0.000000   clock network delay (propagated)
                                  1.600000    1.600000 v input external delay
     1    0.002666    0.017951    0.008815    1.608815 v b (in)
                                                         b (net)
                      0.017951    0.000000    1.608815 v input2/A (sky130_fd_sc_hd__buf_1)
     2    0.007980    0.103568    0.181519    1.790333 v input2/X (sky130_fd_sc_hd__buf_1)
                                                         net2 (net)
                      0.103568    0.000148    1.790481 v _5_/A (sky130_fd_sc_hd__xnor2_1)
     2    0.008171    0.371562    0.389872    2.180353 ^ _5_/Y (sky130_fd_sc_hd__xnor2_1)
                                                         _2_ (net)
                      0.371562    0.000140    2.180493 ^ _7_/B (sky130_fd_sc_hd__xnor2_1)
     1    0.004946    0.122074    0.246772    2.427265 v _7_/Y (sky130_fd_sc_hd__xnor2_1)
                                                         sum_comb (net)
                      0.122074    0.000171    2.427437 v _8_/D (sky130_fd_sc_hd__dfrtp_1)
                                              2.427437   data arrival time

                                  8.000000    8.000000   clock clk (rise edge)
                                  0.000000    8.000000   clock source latency
     1    0.009459    0.077440    0.049750    8.049750 ^ clk (in)
                                                         clk (net)
                      0.077441    0.000000    8.049750 ^ clkbuf_0_clk/A (sky130_fd_sc_hd__clkbuf_16)
     2    0.019019    0.066209    0.223459    8.273209 ^ clkbuf_0_clk/X (sky130_fd_sc_hd__clkbuf_16)
                                                         clknet_0_clk (net)
                      0.066209    0.000497    8.273706 ^ clkbuf_1_0__f_clk/A (sky130_fd_sc_hd__clkbuf_16)
     1    0.003603    0.045860    0.193754    8.467461 ^ clkbuf_1_0__f_clk/X (sky130_fd_sc_hd__clkbuf_16)
                                                         clknet_1_0__leaf_clk (net)
                      0.045860    0.000109    8.467570 ^ _8_/CLK (sky130_fd_sc_hd__dfrtp_1)
                                 -0.250000    8.217570   clock uncertainty
                                  0.000000    8.217570   clock reconvergence pessimism
                                 -0.304725    7.912845   library setup time
                                              7.912845   data required time
---------------------------------------------------------------------------------------------
                                              7.912845   data required time
                                             -2.427437   data arrival time
---------------------------------------------------------------------------------------------
                                              5.485408   slack (MET)


Startpoint: b (input port clocked by clk)
Endpoint: _9_ (rising edge-triggered flip-flop clocked by clk)
Path Group: clk
Path Type: max

Fanout         Cap        Slew       Delay        Time   Description
---------------------------------------------------------------------------------------------
                                  0.000000    0.000000   clock clk (rise edge)
                                  0.000000    0.000000   clock network delay (propagated)
                                  1.600000    1.600000 v input external delay
     1    0.002666    0.017951    0.008815    1.608815 v b (in)
                                                         b (net)
                      0.017951    0.000000    1.608815 v input2/A (sky130_fd_sc_hd__buf_1)
     2    0.007980    0.103568    0.181519    1.790333 v input2/X (sky130_fd_sc_hd__buf_1)
                                                         net2 (net)
                      0.103568    0.000148    1.790481 v _5_/A (sky130_fd_sc_hd__xnor2_1)
     2    0.008171    0.371562    0.389872    2.180353 ^ _5_/Y (sky130_fd_sc_hd__xnor2_1)
                                                         _2_ (net)
                      0.371562    0.000134    2.180488 ^ _6_/A2 (sky130_fd_sc_hd__o21ai_1)
     1    0.003415    0.098583    0.217891    2.398378 v _6_/Y (sky130_fd_sc_hd__o21ai_1)
                                                         cout_comb (net)
                      0.098583    0.000085    2.398463 v _9_/D (sky130_fd_sc_hd__dfrtp_1)
                                              2.398463   data arrival time

                                  8.000000    8.000000   clock clk (rise edge)
                                  0.000000    8.000000   clock source latency
     1    0.009459    0.077440    0.049750    8.049750 ^ clk (in)
                                                         clk (net)
                      0.077441    0.000000    8.049750 ^ clkbuf_0_clk/A (sky130_fd_sc_hd__clkbuf_16)
     2    0.019019    0.066209    0.223459    8.273209 ^ clkbuf_0_clk/X (sky130_fd_sc_hd__clkbuf_16)
                                                         clknet_0_clk (net)
                      0.066209    0.000518    8.273726 ^ clkbuf_1_1__f_clk/A (sky130_fd_sc_hd__clkbuf_16)
     1    0.004238    0.046768    0.194955    8.468682 ^ clkbuf_1_1__f_clk/X (sky130_fd_sc_hd__clkbuf_16)
                                                         clknet_1_1__leaf_clk (net)
                      0.046768    0.000144    8.468826 ^ _9_/CLK (sky130_fd_sc_hd__dfrtp_1)
                                 -0.250000    8.218826   clock uncertainty
                                  0.000000    8.218826   clock reconvergence pessimism
                                 -0.294681    7.924144   library setup time
                                              7.924144   data required time
---------------------------------------------------------------------------------------------
                                              7.924144   data required time
                                             -2.398463   data arrival time
---------------------------------------------------------------------------------------------
                                              5.525681   slack (MET)


Startpoint: rst_n (input port clocked by clk)
Endpoint: _8_ (recovery check against rising-edge clock clk)
Path Group: asynchronous
Path Type: max

Fanout         Cap        Slew       Delay        Time   Description
---------------------------------------------------------------------------------------------
                                  0.000000    0.000000   clock clk (rise edge)
                                  0.000000    0.000000   clock network delay (propagated)
                                  1.600000    1.600000 ^ input external delay
     1    0.002938    0.033165    0.016521    1.616521 ^ rst_n (in)
                                                         rst_n (net)
                      0.033165    0.000000    1.616521 ^ input4/A (sky130_fd_sc_hd__buf_1)
     2    0.007876    0.162621    0.200214    1.816734 ^ input4/X (sky130_fd_sc_hd__buf_1)
                                                         net4 (net)
                      0.162621    0.000144    1.816878 ^ _8_/RESET_B (sky130_fd_sc_hd__dfrtp_1)
                                              1.816878   data arrival time

                                  8.000000    8.000000   clock clk (rise edge)
                                  0.000000    8.000000   clock source latency
     1    0.009459    0.077440    0.049750    8.049750 ^ clk (in)
                                                         clk (net)
                      0.077441    0.000000    8.049750 ^ clkbuf_0_clk/A (sky130_fd_sc_hd__clkbuf_16)
     2    0.019019    0.066209    0.223459    8.273209 ^ clkbuf_0_clk/X (sky130_fd_sc_hd__clkbuf_16)
                                                         clknet_0_clk (net)
                      0.066209    0.000497    8.273706 ^ clkbuf_1_0__f_clk/A (sky130_fd_sc_hd__clkbuf_16)
     1    0.003603    0.045860    0.193754    8.467461 ^ clkbuf_1_0__f_clk/X (sky130_fd_sc_hd__clkbuf_16)
                                                         clknet_1_0__leaf_clk (net)
                      0.045860    0.000109    8.467570 ^ _8_/CLK (sky130_fd_sc_hd__dfrtp_1)
                                 -0.250000    8.217570   clock uncertainty
                                  0.000000    8.217570   clock reconvergence pessimism
                                  0.420178    8.637748   library recovery time
                                              8.637748   data required time
---------------------------------------------------------------------------------------------
                                              8.637748   data required time
                                             -1.816878   data arrival time
---------------------------------------------------------------------------------------------
                                              6.820869   slack (MET)


Startpoint: rst_n (input port clocked by clk)
Endpoint: _9_ (recovery check against rising-edge clock clk)
Path Group: asynchronous
Path Type: max

Fanout         Cap        Slew       Delay        Time   Description
---------------------------------------------------------------------------------------------
                                  0.000000    0.000000   clock clk (rise edge)
                                  0.000000    0.000000   clock network delay (propagated)
                                  1.600000    1.600000 ^ input external delay
     1    0.002938    0.033165    0.016521    1.616521 ^ rst_n (in)
                                                         rst_n (net)
                      0.033165    0.000000    1.616521 ^ input4/A (sky130_fd_sc_hd__buf_1)
     2    0.007876    0.162621    0.200214    1.816734 ^ input4/X (sky130_fd_sc_hd__buf_1)
                                                         net4 (net)
                      0.162621    0.000167    1.816901 ^ _9_/RESET_B (sky130_fd_sc_hd__dfrtp_1)
                                              1.816901   data arrival time

                                  8.000000    8.000000   clock clk (rise edge)
                                  0.000000    8.000000   clock source latency
     1    0.009459    0.077440    0.049750    8.049750 ^ clk (in)
                                                         clk (net)
                      0.077441    0.000000    8.049750 ^ clkbuf_0_clk/A (sky130_fd_sc_hd__clkbuf_16)
     2    0.019019    0.066209    0.223459    8.273209 ^ clkbuf_0_clk/X (sky130_fd_sc_hd__clkbuf_16)
                                                         clknet_0_clk (net)
                      0.066209    0.000518    8.273726 ^ clkbuf_1_1__f_clk/A (sky130_fd_sc_hd__clkbuf_16)
     1    0.004238    0.046768    0.194955    8.468682 ^ clkbuf_1_1__f_clk/X (sky130_fd_sc_hd__clkbuf_16)
                                                         clknet_1_1__leaf_clk (net)
                      0.046768    0.000144    8.468826 ^ _9_/CLK (sky130_fd_sc_hd__dfrtp_1)
                                 -0.250000    8.218826   clock uncertainty
                                  0.000000    8.218826   clock reconvergence pessimism
                                  0.420482    8.639308   library recovery time
                                              8.639308   data required time
---------------------------------------------------------------------------------------------
                                              8.639308   data required time
                                             -1.816901   data arrival time
---------------------------------------------------------------------------------------------
                                              6.822408   slack (MET)



%OL_END_REPORT
%OL_CREATE_REPORT checks.rpt

===========================================================================
report_checks -unconstrained
===========================================================================
======================= nom_ss_100C_1v60 Corner ===================================

Startpoint: rst_n (input port clocked by clk)
Endpoint: _8_ (recovery check against rising-edge clock clk)
Path Group: asynchronous
Path Type: max

Fanout         Cap        Slew       Delay        Time   Description
---------------------------------------------------------------------------------------------
                                  0.000000    0.000000   clock clk (rise edge)
                                  0.000000    0.000000   clock network delay (propagated)
                                  1.600000    1.600000 ^ input external delay
     1    0.002938    0.033165    0.016521    1.616521 ^ rst_n (in)
                                                         rst_n (net)
                      0.033165    0.000000    1.616521 ^ input4/A (sky130_fd_sc_hd__buf_1)
     2    0.007876    0.162621    0.200214    1.816734 ^ input4/X (sky130_fd_sc_hd__buf_1)
                                                         net4 (net)
                      0.162621    0.000144    1.816878 ^ _8_/RESET_B (sky130_fd_sc_hd__dfrtp_1)
                                              1.816878   data arrival time

                                  8.000000    8.000000   clock clk (rise edge)
                                  0.000000    8.000000   clock source latency
     1    0.009459    0.077440    0.049750    8.049750 ^ clk (in)
                                                         clk (net)
                      0.077441    0.000000    8.049750 ^ clkbuf_0_clk/A (sky130_fd_sc_hd__clkbuf_16)
     2    0.019019    0.066209    0.223459    8.273209 ^ clkbuf_0_clk/X (sky130_fd_sc_hd__clkbuf_16)
                                                         clknet_0_clk (net)
                      0.066209    0.000497    8.273706 ^ clkbuf_1_0__f_clk/A (sky130_fd_sc_hd__clkbuf_16)
     1    0.003603    0.045860    0.193754    8.467461 ^ clkbuf_1_0__f_clk/X (sky130_fd_sc_hd__clkbuf_16)
                                                         clknet_1_0__leaf_clk (net)
                      0.045860    0.000109    8.467570 ^ _8_/CLK (sky130_fd_sc_hd__dfrtp_1)
                                 -0.250000    8.217570   clock uncertainty
                                  0.000000    8.217570   clock reconvergence pessimism
                                  0.420178    8.637748   library recovery time
                                              8.637748   data required time
---------------------------------------------------------------------------------------------
                                              8.637748   data required time
                                             -1.816878   data arrival time
---------------------------------------------------------------------------------------------
                                              6.820869   slack (MET)


Startpoint: _8_ (rising edge-triggered flip-flop clocked by clk)
Endpoint: sum (output port clocked by clk)
Path Group: clk
Path Type: max

Fanout         Cap        Slew       Delay        Time   Description
---------------------------------------------------------------------------------------------
                                  0.000000    0.000000   clock clk (rise edge)
                                  0.000000    0.000000   clock source latency
     1    0.009459    0.077440    0.049750    0.049750 ^ clk (in)
                                                         clk (net)
                      0.077441    0.000000    0.049750 ^ clkbuf_0_clk/A (sky130_fd_sc_hd__clkbuf_16)
     2    0.019019    0.066209    0.223459    0.273209 ^ clkbuf_0_clk/X (sky130_fd_sc_hd__clkbuf_16)
                                                         clknet_0_clk (net)
                      0.066209    0.000497    0.273706 ^ clkbuf_1_0__f_clk/A (sky130_fd_sc_hd__clkbuf_16)
     1    0.003603    0.045860    0.193755    0.467461 ^ clkbuf_1_0__f_clk/X (sky130_fd_sc_hd__clkbuf_16)
                                                         clknet_1_0__leaf_clk (net)
                      0.045860    0.000109    0.467570 ^ _8_/CLK (sky130_fd_sc_hd__dfrtp_1)
     1    0.003334    0.080447    0.725562    1.193131 v _8_/Q (sky130_fd_sc_hd__dfrtp_1)
                                                         net6 (net)
                      0.080447    0.000111    1.193242 v output6/A (sky130_fd_sc_hd__buf_2)
     1    0.034944    0.168606    0.351394    1.544636 v output6/X (sky130_fd_sc_hd__buf_2)
                                                         sum (net)
                      0.168608    0.000883    1.545519 v sum (out)
                                              1.545519   data arrival time

                                  8.000000    8.000000   clock clk (rise edge)
                                  0.000000    8.000000   clock network delay (propagated)
                                 -0.250000    7.750000   clock uncertainty
                                  0.000000    7.750000   clock reconvergence pessimism
                                 -1.600000    6.150000   output external delay
                                              6.150000   data required time
---------------------------------------------------------------------------------------------
                                              6.150000   data required time
                                             -1.545519   data arrival time
---------------------------------------------------------------------------------------------
                                              4.604480   slack (MET)




===========================================================================
report_checks --slack_max -0.01
============================================================================
======================= nom_ss_100C_1v60 Corner ===================================

No paths found.


===========================================================================
 report_check_types -max_slew -max_cap -max_fanout -violators
============================================================================
======================= nom_ss_100C_1v60 Corner ===================================



===========================================================================
report_parasitic_annotation -report_unannotated
============================================================================
Found 0 unannotated drivers.
Found 0 partially unannotated drivers.

===========================================================================
max slew violation count 0
%OL_METRIC_I design__max_slew_violation__count__corner:nom_ss_100C_1v60 0
max fanout violation count 0
%OL_METRIC_I design__max_fanout_violation__count__corner:nom_ss_100C_1v60 0
max cap violation count 0
%OL_METRIC_I design__max_cap_violation__count__corner:nom_ss_100C_1v60 0
============================================================================

===========================================================================
check_setup -verbose -unconstrained_endpoints -multiple_clock -no_clock -no_input_delay -loops -generated_clocks
===========================================================================
%OL_END_REPORT
%OL_CREATE_REPORT power.rpt

===========================================================================
 report_power
============================================================================
======================= nom_ss_100C_1v60 Corner ===================================

Group                    Internal    Switching      Leakage        Total
                            Power        Power        Power        Power (Watts)
------------------------------------------------------------------------
Sequential           8.964056e-06 2.309685e-07 3.773559e-08 9.232761e-06  12.3%
Combinational        1.889316e-06 3.969949e-06 4.513307e-08 5.904399e-06   7.9%
Clock                5.141839e-05 8.595312e-06 5.715007e-08 6.007085e-05  79.9%
Macro                0.000000e+00 0.000000e+00 0.000000e+00 0.000000e+00   0.0%
Pad                  0.000000e+00 0.000000e+00 0.000000e+00 0.000000e+00   0.0%
------------------------------------------------------------------------
Total                6.227177e-05 1.279623e-05 1.400187e-07 7.520802e-05 100.0%
                            82.8%        17.0%         0.2%
%OL_METRIC_F power__internal__total 6.2271770730149e-5
%OL_METRIC_F power__switching__total 1.2796229384548496e-5
%OL_METRIC_F power__leakage__total 1.4001872727931186e-7
%OL_METRIC_F power__total 7.520801591454074e-5

%OL_END_REPORT
%OL_CREATE_REPORT skew.min.rpt

===========================================================================
Clock Skew (Hold)
============================================================================
%OL_METRIC_F clock__skew__worst_hold__corner:nom_ss_100C_1v60 0.0
======================= nom_ss_100C_1v60 Corner ===================================

Clock clk
No launch/capture paths found.

%OL_END_REPORT
%OL_CREATE_REPORT skew.max.rpt

===========================================================================
Clock Skew (Setup)
============================================================================
%OL_METRIC_F clock__skew__worst_setup__corner:nom_ss_100C_1v60 0.0
======================= nom_ss_100C_1v60 Corner ===================================

Clock clk
No launch/capture paths found.

%OL_END_REPORT
%OL_CREATE_REPORT ws.min.rpt

===========================================================================
Worst Slack (Hold)
============================================================================
%OL_METRIC_F timing__hold__ws__corner:nom_ss_100C_1v60 0.41916138413284754
nom_ss_100C_1v60: 0.41916138413284754
%OL_END_REPORT
%OL_CREATE_REPORT ws.max.rpt

===========================================================================
Worst Slack (Setup)
============================================================================
%OL_METRIC_F timing__setup__ws__corner:nom_ss_100C_1v60 4.604480482778276
nom_ss_100C_1v60: 4.604480482778276
%OL_END_REPORT
%OL_CREATE_REPORT tns.min.rpt

===========================================================================
Total Negative Slack (Hold)
============================================================================
%OL_METRIC_F timing__hold__tns__corner:nom_ss_100C_1v60 0.0
nom_ss_100C_1v60: 0.0
%OL_END_REPORT
%OL_CREATE_REPORT tns.max.rpt

===========================================================================
Total Negative Slack (Setup)
============================================================================
%OL_METRIC_F timing__setup__tns__corner:nom_ss_100C_1v60 0.0
nom_ss_100C_1v60: 0.0
%OL_END_REPORT
%OL_CREATE_REPORT wns.min.rpt

===========================================================================
Worst Negative Slack (Hold)
============================================================================
%OL_METRIC_F timing__hold__wns__corner:nom_ss_100C_1v60 0
nom_ss_100C_1v60: 0
%OL_END_REPORT
%OL_CREATE_REPORT wns.max.rpt

===========================================================================
Worst Negative Slack (Setup)
============================================================================
%OL_METRIC_F timing__setup__wns__corner:nom_ss_100C_1v60 0.0
nom_ss_100C_1v60: 0.0
%OL_END_REPORT
%OL_CREATE_REPORT violator_list.rpt

===========================================================================
Violator List
============================================================================
%OL_METRIC_I timing__hold_vio__count__corner:nom_ss_100C_1v60 0
%OL_METRIC_F timing__hold_r2r__ws__corner:nom_ss_100C_1v60 inf
%OL_METRIC_I timing__hold_r2r_vio__count__corner:nom_ss_100C_1v60 0
%OL_METRIC_I timing__setup_vio__count__corner:nom_ss_100C_1v60 0
%OL_METRIC_F timing__setup_r2r__ws__corner:nom_ss_100C_1v60 inf
%OL_METRIC_I timing__setup_r2r_vio__count__corner:nom_ss_100C_1v60 0
%OL_END_REPORT
%OL_CREATE_REPORT unpropagated.rpt
%OL_END_REPORT
%OL_CREATE_REPORT clock.rpt
Clock: clk
Sources: clk 
Generated: no
Virtual: yes
Propagated: no
Period: 8.000000

===========================================================================
report_clock_properties
============================================================================
Clock                   Period          Waveform
----------------------------------------------------
clk                   8.000000    0.000000  4.000000

===========================================================================
report_clock_latency
============================================================================
Clock clk
rise -> rise
    min     max
0.000000 0.000000 source latency
0.467570         network latency _8_/CLK
        0.468826 network latency _9_/CLK
---------------
0.467570 0.468826 latency
        0.001256 skew

fall -> fall
    min     max
0.000000 0.000000 source latency
0.495559         network latency _8_/CLK
        0.496661 network latency _9_/CLK
---------------
0.495559 0.496661 latency
        0.001102 skew



===========================================================================
report_clock_min_period
============================================================================
clk period_min = 0.00 fmax = inf
%OL_END_REPORT
Writing SDF files for all corners…
Removing Clock latencies before writing libs…
Writing timing models for all corners…
Writing timing models for the nom_ss_100C_1v60 corner to /home/chithang/pdop2/FA_reg/runs/RUN_2026-03-28_14-30-24/54-openroad-stapostpnr/nom_ss_100C_1v60/FA_Reg__nom_ss_100C_1v60.lib…
