Clock: clk
Sources: clk 
Generated: no
Virtual: yes
Propagated: no
Period: 8.000000

===========================================================================
report_clock_properties
============================================================================
Clock                   Period          Waveform
----------------------------------------------------
clk                   8.000000    0.000000  4.000000

===========================================================================
report_clock_latency
============================================================================
Clock clk
rise -> rise
    min     max
0.000000 0.000000 source latency
0.266270         network latency _8_/CLK
        0.267083 network latency _9_/CLK
---------------
0.266270 0.267083 latency
        0.000813 skew

fall -> fall
    min     max
0.000000 0.000000 source latency
0.275615         network latency _8_/CLK
        0.276358 network latency _9_/CLK
---------------
0.275615 0.276358 latency
        0.000744 skew



===========================================================================
report_clock_min_period
============================================================================
clk period_min = 0.00 fmax = inf
