Reading timing models for corner nom_tt_025C_1v80…
Reading cell library for the 'nom_tt_025C_1v80' corner at '/home/chithang/.volare/volare/sky130/versions/0fe599b2afb6708d281543108caf8310912f54af/sky130A/libs.ref/sky130_fd_sc_hd/lib/sky130_fd_sc_hd__tt_025C_1v80.lib'…
Reading top-level netlist at '/home/chithang/pdop2/FA_reg/runs/RUN_2026-03-28_14-30-24/51-openroad-fillinsertion/FA_Reg.nl.v'…
Linking design 'FA_Reg' from netlist…
Warning: /home/chithang/pdop2/FA_reg/runs/RUN_2026-03-28_14-30-24/51-openroad-fillinsertion/FA_Reg.nl.v line 74, module sky130_fd_sc_hd__tapvpwrvgnd_1 not found. Creating black box for TAP_TAPCELL_ROW_0_20.
Warning: /home/chithang/pdop2/FA_reg/runs/RUN_2026-03-28_14-30-24/51-openroad-fillinsertion/FA_Reg.nl.v line 104, module sky130_ef_sc_hd__decap_12 not found. Creating black box for FILLER_0_3.
Warning: /home/chithang/pdop2/FA_reg/runs/RUN_2026-03-28_14-30-24/51-openroad-fillinsertion/FA_Reg.nl.v line 106, module sky130_fd_sc_hd__fill_1 not found. Creating black box for FILLER_0_27.
Warning: /home/chithang/pdop2/FA_reg/runs/RUN_2026-03-28_14-30-24/51-openroad-fillinsertion/FA_Reg.nl.v line 134, module sky130_fd_sc_hd__fill_2 not found. Creating black box for FILLER_3_57.
Reading design constraints file at '/nix/store/h0ldzjka94yryiq8yxbxmwargpnmwhx6-python3-3.11.9-env/lib/python3.11/site-packages/openlane/scripts/base.sdc'…
[INFO] Using clock clk…
[INFO] Setting output delay to: 1.6
[INFO] Setting input delay to: 1.6
[INFO] Setting load to: 0.033442
[INFO] Setting clock uncertainty to: 0.25
[INFO] Setting clock transition to: 0.1499999999999999944488848768742172978818416595458984375
[INFO] Setting timing derate to: 5%
Reading top-level design parasitics for the 'nom_tt_025C_1v80' corner at '/home/chithang/pdop2/FA_reg/runs/RUN_2026-03-28_14-30-24/53-openroad-rcx/nom/FA_Reg.nom.spef'…
%OL_CREATE_REPORT min.rpt

===========================================================================
report_checks -path_delay min (Hold)
============================================================================
======================= nom_tt_025C_1v80 Corner ===================================

Startpoint: rst_n (input port clocked by clk)
Endpoint: _9_ (removal check against rising-edge clock clk)
Path Group: asynchronous
Path Type: min

Fanout         Cap        Slew       Delay        Time   Description
---------------------------------------------------------------------------------------------
                                  0.000000    0.000000   clock clk (rise edge)
                                  0.000000    0.000000   clock network delay (propagated)
                                  1.600000    1.600000 ^ input external delay
     1    0.003004    0.020610    0.011034    1.611034 ^ rst_n (in)
                                                         rst_n (net)
                      0.020610    0.000000    1.611034 ^ input4/A (sky130_fd_sc_hd__buf_1)
     2    0.008610    0.108883    0.118333    1.729367 ^ input4/X (sky130_fd_sc_hd__buf_1)
                                                         net4 (net)
                      0.108883    0.000182    1.729549 ^ _9_/RESET_B (sky130_fd_sc_hd__dfrtp_1)
                                              1.729549   data arrival time

                                  0.000000    0.000000   clock clk (rise edge)
                                  0.000000    0.000000   clock source latency
     1    0.009459    0.049023    0.032305    0.032305 ^ clk (in)
                                                         clk (net)
                      0.049025    0.000000    0.032305 ^ clkbuf_0_clk/A (sky130_fd_sc_hd__clkbuf_16)
     2    0.019019    0.041007    0.125829    0.158134 ^ clkbuf_0_clk/X (sky130_fd_sc_hd__clkbuf_16)
                                                         clknet_0_clk (net)
                      0.041009    0.000518    0.158652 ^ clkbuf_1_1__f_clk/A (sky130_fd_sc_hd__clkbuf_16)
     1    0.004343    0.028159    0.108282    0.266935 ^ clkbuf_1_1__f_clk/X (sky130_fd_sc_hd__clkbuf_16)
                                                         clknet_1_1__leaf_clk (net)
                      0.028159    0.000148    0.267083 ^ _9_/CLK (sky130_fd_sc_hd__dfrtp_1)
                                  0.250000    0.517083   clock uncertainty
                                  0.000000    0.517083   clock reconvergence pessimism
                                  0.333239    0.850322   library removal time
                                              0.850322   data required time
---------------------------------------------------------------------------------------------
                                              0.850322   data required time
                                             -1.729549   data arrival time
---------------------------------------------------------------------------------------------
                                              0.879227   slack (MET)


Startpoint: rst_n (input port clocked by clk)
Endpoint: _8_ (removal check against rising-edge clock clk)
Path Group: asynchronous
Path Type: min

Fanout         Cap        Slew       Delay        Time   Description
---------------------------------------------------------------------------------------------
                                  0.000000    0.000000   clock clk (rise edge)
                                  0.000000    0.000000   clock network delay (propagated)
                                  1.600000    1.600000 ^ input external delay
     1    0.003004    0.020610    0.011034    1.611034 ^ rst_n (in)
                                                         rst_n (net)
                      0.020610    0.000000    1.611034 ^ input4/A (sky130_fd_sc_hd__buf_1)
     2    0.008610    0.108883    0.118333    1.729367 ^ input4/X (sky130_fd_sc_hd__buf_1)
                                                         net4 (net)
                      0.108883    0.000158    1.729525 ^ _8_/RESET_B (sky130_fd_sc_hd__dfrtp_1)
                                              1.729525   data arrival time

                                  0.000000    0.000000   clock clk (rise edge)
                                  0.000000    0.000000   clock source latency
     1    0.009459    0.049023    0.032305    0.032305 ^ clk (in)
                                                         clk (net)
                      0.049025    0.000000    0.032305 ^ clkbuf_0_clk/A (sky130_fd_sc_hd__clkbuf_16)
     2    0.019019    0.041007    0.125829    0.158134 ^ clkbuf_0_clk/X (sky130_fd_sc_hd__clkbuf_16)
                                                         clknet_0_clk (net)
                      0.041009    0.000497    0.158631 ^ clkbuf_1_0__f_clk/A (sky130_fd_sc_hd__clkbuf_16)
     1    0.003708    0.027563    0.107526    0.266157 ^ clkbuf_1_0__f_clk/X (sky130_fd_sc_hd__clkbuf_16)
                                                         clknet_1_0__leaf_clk (net)
                      0.027563    0.000113    0.266270 ^ _8_/CLK (sky130_fd_sc_hd__dfrtp_1)
                                  0.250000    0.516270   clock uncertainty
                                  0.000000    0.516270   clock reconvergence pessimism
                                  0.333077    0.849347   library removal time
                                              0.849347   data required time
---------------------------------------------------------------------------------------------
                                              0.849347   data required time
                                             -1.729525   data arrival time
---------------------------------------------------------------------------------------------
                                              0.880178   slack (MET)


Startpoint: b (input port clocked by clk)
Endpoint: _9_ (rising edge-triggered flip-flop clocked by clk)
Path Group: clk
Path Type: min

Fanout         Cap        Slew       Delay        Time   Description
---------------------------------------------------------------------------------------------
                                  0.000000    0.000000   clock clk (rise edge)
                                  0.000000    0.000000   clock network delay (propagated)
                                  1.600000    1.600000 v input external delay
     1    0.002685    0.008358    0.004243    1.604243 v b (in)
                                                         b (net)
                      0.008358    0.000000    1.604243 v input2/A (sky130_fd_sc_hd__buf_1)
     2    0.008007    0.053512    0.096362    1.700605 v input2/X (sky130_fd_sc_hd__buf_1)
                                                         net2 (net)
                      0.053512    0.000167    1.700773 v _4_/A (sky130_fd_sc_hd__nand2_1)
     1    0.003320    0.041593    0.060421    1.761194 ^ _4_/Y (sky130_fd_sc_hd__nand2_1)
                                                         _1_ (net)
                      0.041593    0.000101    1.761294 ^ _6_/B1 (sky130_fd_sc_hd__o21ai_1)
     1    0.003526    0.040318    0.058483    1.819778 v _6_/Y (sky130_fd_sc_hd__o21ai_1)
                                                         cout_comb (net)
                      0.040318    0.000088    1.819866 v _9_/D (sky130_fd_sc_hd__dfrtp_1)
                                              1.819866   data arrival time

                                  0.000000    0.000000   clock clk (rise edge)
                                  0.000000    0.000000   clock source latency
     1    0.009459    0.049023    0.032305    0.032305 ^ clk (in)
                                                         clk (net)
                      0.049025    0.000000    0.032305 ^ clkbuf_0_clk/A (sky130_fd_sc_hd__clkbuf_16)
     2    0.019019    0.041007    0.125829    0.158134 ^ clkbuf_0_clk/X (sky130_fd_sc_hd__clkbuf_16)
                                                         clknet_0_clk (net)
                      0.041009    0.000518    0.158652 ^ clkbuf_1_1__f_clk/A (sky130_fd_sc_hd__clkbuf_16)
     1    0.004343    0.028159    0.108282    0.266935 ^ clkbuf_1_1__f_clk/X (sky130_fd_sc_hd__clkbuf_16)
                                                         clknet_1_1__leaf_clk (net)
                      0.028159    0.000148    0.267083 ^ _9_/CLK (sky130_fd_sc_hd__dfrtp_1)
                                  0.250000    0.517083   clock uncertainty
                                  0.000000    0.517083   clock reconvergence pessimism
                                 -0.047710    0.469372   library hold time
                                              0.469372   data required time
---------------------------------------------------------------------------------------------
                                              0.469372   data required time
                                             -1.819866   data arrival time
---------------------------------------------------------------------------------------------
                                              1.350493   slack (MET)


Startpoint: cin (input port clocked by clk)
Endpoint: _8_ (rising edge-triggered flip-flop clocked by clk)
Path Group: clk
Path Type: min

Fanout         Cap        Slew       Delay        Time   Description
---------------------------------------------------------------------------------------------
                                  0.000000    0.000000   clock clk (rise edge)
                                  0.000000    0.000000   clock network delay (propagated)
                                  1.600000    1.600000 ^ input external delay
     1    0.002722    0.019398    0.010043    1.610043 ^ cin (in)
                                                         cin (net)
                      0.019398    0.000000    1.610043 ^ input3/A (sky130_fd_sc_hd__buf_1)
     2    0.011092    0.137052    0.137340    1.747383 ^ input3/X (sky130_fd_sc_hd__buf_1)
                                                         net3 (net)
                      0.137053    0.000335    1.747719 ^ _7_/A (sky130_fd_sc_hd__xnor2_1)
     1    0.005057    0.051423    0.101635    1.849354 v _7_/Y (sky130_fd_sc_hd__xnor2_1)
                                                         sum_comb (net)
                      0.051423    0.000176    1.849530 v _8_/D (sky130_fd_sc_hd__dfrtp_1)
                                              1.849530   data arrival time

                                  0.000000    0.000000   clock clk (rise edge)
                                  0.000000    0.000000   clock source latency
     1    0.009459    0.049023    0.032305    0.032305 ^ clk (in)
                                                         clk (net)
                      0.049025    0.000000    0.032305 ^ clkbuf_0_clk/A (sky130_fd_sc_hd__clkbuf_16)
     2    0.019019    0.041007    0.125829    0.158134 ^ clkbuf_0_clk/X (sky130_fd_sc_hd__clkbuf_16)
                                                         clknet_0_clk (net)
                      0.041009    0.000497    0.158631 ^ clkbuf_1_0__f_clk/A (sky130_fd_sc_hd__clkbuf_16)
     1    0.003708    0.027563    0.107526    0.266157 ^ clkbuf_1_0__f_clk/X (sky130_fd_sc_hd__clkbuf_16)
                                                         clknet_1_0__leaf_clk (net)
                      0.027563    0.000113    0.266270 ^ _8_/CLK (sky130_fd_sc_hd__dfrtp_1)
                                  0.250000    0.516270   clock uncertainty
                                  0.000000    0.516270   clock reconvergence pessimism
                                 -0.052369    0.463901   library hold time
                                              0.463901   data required time
---------------------------------------------------------------------------------------------
                                              0.463901   data required time
                                             -1.849530   data arrival time
---------------------------------------------------------------------------------------------
                                              1.385629   slack (MET)


Startpoint: _9_ (rising edge-triggered flip-flop clocked by clk)
Endpoint: cout (output port clocked by clk)
Path Group: clk
Path Type: min

Fanout         Cap        Slew       Delay        Time   Description
---------------------------------------------------------------------------------------------
                                  0.000000    0.000000   clock clk (rise edge)
                                  0.000000    0.000000   clock source latency
     1    0.009459    0.049023    0.032305    0.032305 ^ clk (in)
                                                         clk (net)
                      0.049025    0.000000    0.032305 ^ clkbuf_0_clk/A (sky130_fd_sc_hd__clkbuf_16)
     2    0.019019    0.041007    0.125829    0.158134 ^ clkbuf_0_clk/X (sky130_fd_sc_hd__clkbuf_16)
                                                         clknet_0_clk (net)
                      0.041009    0.000518    0.158652 ^ clkbuf_1_1__f_clk/A (sky130_fd_sc_hd__clkbuf_16)
     1    0.004343    0.028159    0.108282    0.266935 ^ clkbuf_1_1__f_clk/X (sky130_fd_sc_hd__clkbuf_16)
                                                         clknet_1_1__leaf_clk (net)
                      0.028159    0.000148    0.267083 ^ _9_/CLK (sky130_fd_sc_hd__dfrtp_1)
     1    0.002213    0.040801    0.302784    0.569867 ^ _9_/Q (sky130_fd_sc_hd__dfrtp_1)
                                                         net5 (net)
                      0.040801    0.000063    0.569930 ^ output5/A (sky130_fd_sc_hd__buf_2)
     1    0.034109    0.169420    0.195851    0.765781 ^ output5/X (sky130_fd_sc_hd__buf_2)
                                                         cout (net)
                      0.169420    0.000632    0.766414 ^ cout (out)
                                              0.766414   data arrival time

                                  0.000000    0.000000   clock clk (rise edge)
                                  0.000000    0.000000   clock network delay (propagated)
                                  0.250000    0.250000   clock uncertainty
                                  0.000000    0.250000   clock reconvergence pessimism
                                 -1.600000   -1.350000   output external delay
                                             -1.350000   data required time
---------------------------------------------------------------------------------------------
                                             -1.350000   data required time
                                             -0.766414   data arrival time
---------------------------------------------------------------------------------------------
                                              2.116414   slack (MET)


Startpoint: _8_ (rising edge-triggered flip-flop clocked by clk)
Endpoint: sum (output port clocked by clk)
Path Group: clk
Path Type: min

Fanout         Cap        Slew       Delay        Time   Description
---------------------------------------------------------------------------------------------
                                  0.000000    0.000000   clock clk (rise edge)
                                  0.000000    0.000000   clock source latency
     1    0.009459    0.049023    0.032305    0.032305 ^ clk (in)
                                                         clk (net)
                      0.049025    0.000000    0.032305 ^ clkbuf_0_clk/A (sky130_fd_sc_hd__clkbuf_16)
     2    0.019019    0.041007    0.125829    0.158134 ^ clkbuf_0_clk/X (sky130_fd_sc_hd__clkbuf_16)
                                                         clknet_0_clk (net)
                      0.041009    0.000497    0.158631 ^ clkbuf_1_0__f_clk/A (sky130_fd_sc_hd__clkbuf_16)
     1    0.003708    0.027563    0.107526    0.266157 ^ clkbuf_1_0__f_clk/X (sky130_fd_sc_hd__clkbuf_16)
                                                         clknet_1_0__leaf_clk (net)
                      0.027563    0.000113    0.266270 ^ _8_/CLK (sky130_fd_sc_hd__dfrtp_1)
     1    0.003516    0.050703    0.313334    0.579605 ^ _8_/Q (sky130_fd_sc_hd__dfrtp_1)
                                                         net6 (net)
                      0.050703    0.000118    0.579722 ^ output6/A (sky130_fd_sc_hd__buf_2)
     1    0.034944    0.173323    0.202244    0.781966 ^ output6/X (sky130_fd_sc_hd__buf_2)
                                                         sum (net)
                      0.173378    0.000883    0.782849 ^ sum (out)
                                              0.782849   data arrival time

                                  0.000000    0.000000   clock clk (rise edge)
                                  0.000000    0.000000   clock network delay (propagated)
                                  0.250000    0.250000   clock uncertainty
                                  0.000000    0.250000   clock reconvergence pessimism
                                 -1.600000   -1.350000   output external delay
                                             -1.350000   data required time
---------------------------------------------------------------------------------------------
                                             -1.350000   data required time
                                             -0.782849   data arrival time
---------------------------------------------------------------------------------------------
                                              2.132849   slack (MET)



%OL_END_REPORT
%OL_CREATE_REPORT max.rpt

===========================================================================
report_checks -path_delay max (Setup)
============================================================================
======================= nom_tt_025C_1v80 Corner ===================================

Startpoint: _8_ (rising edge-triggered flip-flop clocked by clk)
Endpoint: sum (output port clocked by clk)
Path Group: clk
Path Type: max

Fanout         Cap        Slew       Delay        Time   Description
---------------------------------------------------------------------------------------------
                                  0.000000    0.000000   clock clk (rise edge)
                                  0.000000    0.000000   clock source latency
     1    0.009459    0.049023    0.032305    0.032305 ^ clk (in)
                                                         clk (net)
                      0.049025    0.000000    0.032305 ^ clkbuf_0_clk/A (sky130_fd_sc_hd__clkbuf_16)
     2    0.019019    0.041007    0.125829    0.158134 ^ clkbuf_0_clk/X (sky130_fd_sc_hd__clkbuf_16)
                                                         clknet_0_clk (net)
                      0.041009    0.000497    0.158631 ^ clkbuf_1_0__f_clk/A (sky130_fd_sc_hd__clkbuf_16)
     1    0.003708    0.027563    0.107526    0.266157 ^ clkbuf_1_0__f_clk/X (sky130_fd_sc_hd__clkbuf_16)
                                                         clknet_1_0__leaf_clk (net)
                      0.027563    0.000113    0.266270 ^ _8_/CLK (sky130_fd_sc_hd__dfrtp_1)
     1    0.003356    0.042100    0.349965    0.616235 v _8_/Q (sky130_fd_sc_hd__dfrtp_1)
                                                         net6 (net)
                      0.042100    0.000111    0.616347 v output6/A (sky130_fd_sc_hd__buf_2)
     1    0.034944    0.091086    0.179933    0.796279 v output6/X (sky130_fd_sc_hd__buf_2)
                                                         sum (net)
                      0.091094    0.000882    0.797162 v sum (out)
                                              0.797162   data arrival time

                                  8.000000    8.000000   clock clk (rise edge)
                                  0.000000    8.000000   clock network delay (propagated)
                                 -0.250000    7.750000   clock uncertainty
                                  0.000000    7.750000   clock reconvergence pessimism
                                 -1.600000    6.150000   output external delay
                                              6.150000   data required time
---------------------------------------------------------------------------------------------
                                              6.150000   data required time
                                             -0.797162   data arrival time
---------------------------------------------------------------------------------------------
                                              5.352838   slack (MET)


Startpoint: _9_ (rising edge-triggered flip-flop clocked by clk)
Endpoint: cout (output port clocked by clk)
Path Group: clk
Path Type: max

Fanout         Cap        Slew       Delay        Time   Description
---------------------------------------------------------------------------------------------
                                  0.000000    0.000000   clock clk (rise edge)
                                  0.000000    0.000000   clock source latency
     1    0.009459    0.049023    0.032305    0.032305 ^ clk (in)
                                                         clk (net)
                      0.049025    0.000000    0.032305 ^ clkbuf_0_clk/A (sky130_fd_sc_hd__clkbuf_16)
     2    0.019019    0.041007    0.125829    0.158134 ^ clkbuf_0_clk/X (sky130_fd_sc_hd__clkbuf_16)
                                                         clknet_0_clk (net)
                      0.041009    0.000518    0.158652 ^ clkbuf_1_1__f_clk/A (sky130_fd_sc_hd__clkbuf_16)
     1    0.004343    0.028159    0.108282    0.266935 ^ clkbuf_1_1__f_clk/X (sky130_fd_sc_hd__clkbuf_16)
                                                         clknet_1_1__leaf_clk (net)
                      0.028159    0.000148    0.267083 ^ _9_/CLK (sky130_fd_sc_hd__dfrtp_1)
     1    0.002053    0.035260    0.340517    0.607600 v _9_/Q (sky130_fd_sc_hd__dfrtp_1)
                                                         net5 (net)
                      0.035260    0.000058    0.607658 v output5/A (sky130_fd_sc_hd__buf_2)
     1    0.034109    0.089234    0.175625    0.783283 v output5/X (sky130_fd_sc_hd__buf_2)
                                                         cout (net)
                      0.089238    0.000632    0.783915 v cout (out)
                                              0.783915   data arrival time

                                  8.000000    8.000000   clock clk (rise edge)
                                  0.000000    8.000000   clock network delay (propagated)
                                 -0.250000    7.750000   clock uncertainty
                                  0.000000    7.750000   clock reconvergence pessimism
                                 -1.600000    6.150000   output external delay
                                              6.150000   data required time
---------------------------------------------------------------------------------------------
                                              6.150000   data required time
                                             -0.783915   data arrival time
---------------------------------------------------------------------------------------------
                                              5.366085   slack (MET)


Startpoint: b (input port clocked by clk)
Endpoint: _8_ (rising edge-triggered flip-flop clocked by clk)
Path Group: clk
Path Type: max

Fanout         Cap        Slew       Delay        Time   Description
---------------------------------------------------------------------------------------------
                                  0.000000    0.000000   clock clk (rise edge)
                                  0.000000    0.000000   clock network delay (propagated)
                                  1.600000    1.600000 v input external delay
     1    0.002685    0.008358    0.004243    1.604243 v b (in)
                                                         b (net)
                      0.008358    0.000000    1.604243 v input2/A (sky130_fd_sc_hd__buf_1)
     2    0.008007    0.053512    0.096362    1.700605 v input2/X (sky130_fd_sc_hd__buf_1)
                                                         net2 (net)
                      0.053512    0.000148    1.700754 v _5_/A (sky130_fd_sc_hd__xnor2_1)
     2    0.008344    0.223181    0.231522    1.932276 ^ _5_/Y (sky130_fd_sc_hd__xnor2_1)
                                                         _2_ (net)
                      0.223181    0.000143    1.932419 ^ _7_/B (sky130_fd_sc_hd__xnor2_1)
     1    0.005114    0.159631    0.163334    2.095753 ^ _7_/Y (sky130_fd_sc_hd__xnor2_1)
                                                         sum_comb (net)
                      0.159631    0.000179    2.095932 ^ _8_/D (sky130_fd_sc_hd__dfrtp_1)
                                              2.095932   data arrival time

                                  8.000000    8.000000   clock clk (rise edge)
                                  0.000000    8.000000   clock source latency
     1    0.009459    0.049023    0.032306    8.032306 ^ clk (in)
                                                         clk (net)
                      0.049025    0.000000    8.032306 ^ clkbuf_0_clk/A (sky130_fd_sc_hd__clkbuf_16)
     2    0.019019    0.041007    0.125828    8.158134 ^ clkbuf_0_clk/X (sky130_fd_sc_hd__clkbuf_16)
                                                         clknet_0_clk (net)
                      0.041009    0.000497    8.158631 ^ clkbuf_1_0__f_clk/A (sky130_fd_sc_hd__clkbuf_16)
     1    0.003708    0.027563    0.107526    8.266157 ^ clkbuf_1_0__f_clk/X (sky130_fd_sc_hd__clkbuf_16)
                                                         clknet_1_0__leaf_clk (net)
                      0.027563    0.000113    8.266270 ^ _8_/CLK (sky130_fd_sc_hd__dfrtp_1)
                                 -0.250000    8.016270   clock uncertainty
                                  0.000000    8.016270   clock reconvergence pessimism
                                 -0.089033    7.927237   library setup time
                                              7.927237   data required time
---------------------------------------------------------------------------------------------
                                              7.927237   data required time
                                             -2.095932   data arrival time
---------------------------------------------------------------------------------------------
                                              5.831305   slack (MET)


Startpoint: b (input port clocked by clk)
Endpoint: _9_ (rising edge-triggered flip-flop clocked by clk)
Path Group: clk
Path Type: max

Fanout         Cap        Slew       Delay        Time   Description
---------------------------------------------------------------------------------------------
                                  0.000000    0.000000   clock clk (rise edge)
                                  0.000000    0.000000   clock network delay (propagated)
                                  1.600000    1.600000 v input external delay
     1    0.002685    0.008358    0.004243    1.604243 v b (in)
                                                         b (net)
                      0.008358    0.000000    1.604243 v input2/A (sky130_fd_sc_hd__buf_1)
     2    0.008007    0.053512    0.096362    1.700605 v input2/X (sky130_fd_sc_hd__buf_1)
                                                         net2 (net)
                      0.053512    0.000148    1.700754 v _5_/A (sky130_fd_sc_hd__xnor2_1)
     2    0.008344    0.223181    0.231522    1.932276 ^ _5_/Y (sky130_fd_sc_hd__xnor2_1)
                                                         _2_ (net)
                      0.223181    0.000136    1.932412 ^ _6_/A2 (sky130_fd_sc_hd__o21ai_1)
     1    0.003526    0.055536    0.091060    2.023472 v _6_/Y (sky130_fd_sc_hd__o21ai_1)
                                                         cout_comb (net)
                      0.055536    0.000088    2.023560 v _9_/D (sky130_fd_sc_hd__dfrtp_1)
                                              2.023560   data arrival time

                                  8.000000    8.000000   clock clk (rise edge)
                                  0.000000    8.000000   clock source latency
     1    0.009459    0.049023    0.032306    8.032306 ^ clk (in)
                                                         clk (net)
                      0.049025    0.000000    8.032306 ^ clkbuf_0_clk/A (sky130_fd_sc_hd__clkbuf_16)
     2    0.019019    0.041007    0.125828    8.158134 ^ clkbuf_0_clk/X (sky130_fd_sc_hd__clkbuf_16)
                                                         clknet_0_clk (net)
                      0.041009    0.000519    8.158652 ^ clkbuf_1_1__f_clk/A (sky130_fd_sc_hd__clkbuf_16)
     1    0.004343    0.028159    0.108282    8.266935 ^ clkbuf_1_1__f_clk/X (sky130_fd_sc_hd__clkbuf_16)
                                                         clknet_1_1__leaf_clk (net)
                      0.028159    0.000147    8.267082 ^ _9_/CLK (sky130_fd_sc_hd__dfrtp_1)
                                 -0.250000    8.017082   clock uncertainty
                                  0.000000    8.017082   clock reconvergence pessimism
                                 -0.122728    7.894354   library setup time
                                              7.894354   data required time
---------------------------------------------------------------------------------------------
                                              7.894354   data required time
                                             -2.023560   data arrival time
---------------------------------------------------------------------------------------------
                                              5.870794   slack (MET)


Startpoint: rst_n (input port clocked by clk)
Endpoint: _8_ (recovery check against rising-edge clock clk)
Path Group: asynchronous
Path Type: max

Fanout         Cap        Slew       Delay        Time   Description
---------------------------------------------------------------------------------------------
                                  0.000000    0.000000   clock clk (rise edge)
                                  0.000000    0.000000   clock network delay (propagated)
                                  1.600000    1.600000 ^ input external delay
     1    0.003004    0.020610    0.011034    1.611034 ^ rst_n (in)
                                                         rst_n (net)
                      0.020610    0.000000    1.611034 ^ input4/A (sky130_fd_sc_hd__buf_1)
     2    0.008610    0.108883    0.118333    1.729367 ^ input4/X (sky130_fd_sc_hd__buf_1)
                                                         net4 (net)
                      0.108883    0.000158    1.729525 ^ _8_/RESET_B (sky130_fd_sc_hd__dfrtp_1)
                                              1.729525   data arrival time

                                  8.000000    8.000000   clock clk (rise edge)
                                  0.000000    8.000000   clock source latency
     1    0.009459    0.049023    0.032306    8.032306 ^ clk (in)
                                                         clk (net)
                      0.049025    0.000000    8.032306 ^ clkbuf_0_clk/A (sky130_fd_sc_hd__clkbuf_16)
     2    0.019019    0.041007    0.125828    8.158134 ^ clkbuf_0_clk/X (sky130_fd_sc_hd__clkbuf_16)
                                                         clknet_0_clk (net)
                      0.041009    0.000497    8.158631 ^ clkbuf_1_0__f_clk/A (sky130_fd_sc_hd__clkbuf_16)
     1    0.003708    0.027563    0.107526    8.266157 ^ clkbuf_1_0__f_clk/X (sky130_fd_sc_hd__clkbuf_16)
                                                         clknet_1_0__leaf_clk (net)
                      0.027563    0.000113    8.266270 ^ _8_/CLK (sky130_fd_sc_hd__dfrtp_1)
                                 -0.250000    8.016270   clock uncertainty
                                  0.000000    8.016270   clock reconvergence pessimism
                                  0.208402    8.224672   library recovery time
                                              8.224672   data required time
---------------------------------------------------------------------------------------------
                                              8.224672   data required time
                                             -1.729525   data arrival time
---------------------------------------------------------------------------------------------
                                              6.495147   slack (MET)


Startpoint: rst_n (input port clocked by clk)
Endpoint: _9_ (recovery check against rising-edge clock clk)
Path Group: asynchronous
Path Type: max

Fanout         Cap        Slew       Delay        Time   Description
---------------------------------------------------------------------------------------------
                                  0.000000    0.000000   clock clk (rise edge)
                                  0.000000    0.000000   clock network delay (propagated)
                                  1.600000    1.600000 ^ input external delay
     1    0.003004    0.020610    0.011034    1.611034 ^ rst_n (in)
                                                         rst_n (net)
                      0.020610    0.000000    1.611034 ^ input4/A (sky130_fd_sc_hd__buf_1)
     2    0.008610    0.108883    0.118333    1.729367 ^ input4/X (sky130_fd_sc_hd__buf_1)
                                                         net4 (net)
                      0.108883    0.000182    1.729549 ^ _9_/RESET_B (sky130_fd_sc_hd__dfrtp_1)
                                              1.729549   data arrival time

                                  8.000000    8.000000   clock clk (rise edge)
                                  0.000000    8.000000   clock source latency
     1    0.009459    0.049023    0.032306    8.032306 ^ clk (in)
                                                         clk (net)
                      0.049025    0.000000    8.032306 ^ clkbuf_0_clk/A (sky130_fd_sc_hd__clkbuf_16)
     2    0.019019    0.041007    0.125828    8.158134 ^ clkbuf_0_clk/X (sky130_fd_sc_hd__clkbuf_16)
                                                         clknet_0_clk (net)
                      0.041009    0.000519    8.158652 ^ clkbuf_1_1__f_clk/A (sky130_fd_sc_hd__clkbuf_16)
     1    0.004343    0.028159    0.108282    8.266935 ^ clkbuf_1_1__f_clk/X (sky130_fd_sc_hd__clkbuf_16)
                                                         clknet_1_1__leaf_clk (net)
                      0.028159    0.000147    8.267082 ^ _9_/CLK (sky130_fd_sc_hd__dfrtp_1)
                                 -0.250000    8.017082   clock uncertainty
                                  0.000000    8.017082   clock reconvergence pessimism
                                  0.208586    8.225668   library recovery time
                                              8.225668   data required time
---------------------------------------------------------------------------------------------
                                              8.225668   data required time
                                             -1.729549   data arrival time
---------------------------------------------------------------------------------------------
                                              6.496119   slack (MET)



%OL_END_REPORT
%OL_CREATE_REPORT checks.rpt

===========================================================================
report_checks -unconstrained
===========================================================================
======================= nom_tt_025C_1v80 Corner ===================================

Startpoint: rst_n (input port clocked by clk)
Endpoint: _8_ (recovery check against rising-edge clock clk)
Path Group: asynchronous
Path Type: max

Fanout         Cap        Slew       Delay        Time   Description
---------------------------------------------------------------------------------------------
                                  0.000000    0.000000   clock clk (rise edge)
                                  0.000000    0.000000   clock network delay (propagated)
                                  1.600000    1.600000 ^ input external delay
     1    0.003004    0.020610    0.011034    1.611034 ^ rst_n (in)
                                                         rst_n (net)
                      0.020610    0.000000    1.611034 ^ input4/A (sky130_fd_sc_hd__buf_1)
     2    0.008610    0.108883    0.118333    1.729367 ^ input4/X (sky130_fd_sc_hd__buf_1)
                                                         net4 (net)
                      0.108883    0.000158    1.729525 ^ _8_/RESET_B (sky130_fd_sc_hd__dfrtp_1)
                                              1.729525   data arrival time

                                  8.000000    8.000000   clock clk (rise edge)
                                  0.000000    8.000000   clock source latency
     1    0.009459    0.049023    0.032306    8.032306 ^ clk (in)
                                                         clk (net)
                      0.049025    0.000000    8.032306 ^ clkbuf_0_clk/A (sky130_fd_sc_hd__clkbuf_16)
     2    0.019019    0.041007    0.125828    8.158134 ^ clkbuf_0_clk/X (sky130_fd_sc_hd__clkbuf_16)
                                                         clknet_0_clk (net)
                      0.041009    0.000497    8.158631 ^ clkbuf_1_0__f_clk/A (sky130_fd_sc_hd__clkbuf_16)
     1    0.003708    0.027563    0.107526    8.266157 ^ clkbuf_1_0__f_clk/X (sky130_fd_sc_hd__clkbuf_16)
                                                         clknet_1_0__leaf_clk (net)
                      0.027563    0.000113    8.266270 ^ _8_/CLK (sky130_fd_sc_hd__dfrtp_1)
                                 -0.250000    8.016270   clock uncertainty
                                  0.000000    8.016270   clock reconvergence pessimism
                                  0.208402    8.224672   library recovery time
                                              8.224672   data required time
---------------------------------------------------------------------------------------------
                                              8.224672   data required time
                                             -1.729525   data arrival time
---------------------------------------------------------------------------------------------
                                              6.495147   slack (MET)


Startpoint: _8_ (rising edge-triggered flip-flop clocked by clk)
Endpoint: sum (output port clocked by clk)
Path Group: clk
Path Type: max

Fanout         Cap        Slew       Delay        Time   Description
---------------------------------------------------------------------------------------------
                                  0.000000    0.000000   clock clk (rise edge)
                                  0.000000    0.000000   clock source latency
     1    0.009459    0.049023    0.032305    0.032305 ^ clk (in)
                                                         clk (net)
                      0.049025    0.000000    0.032305 ^ clkbuf_0_clk/A (sky130_fd_sc_hd__clkbuf_16)
     2    0.019019    0.041007    0.125829    0.158134 ^ clkbuf_0_clk/X (sky130_fd_sc_hd__clkbuf_16)
                                                         clknet_0_clk (net)
                      0.041009    0.000497    0.158631 ^ clkbuf_1_0__f_clk/A (sky130_fd_sc_hd__clkbuf_16)
     1    0.003708    0.027563    0.107526    0.266157 ^ clkbuf_1_0__f_clk/X (sky130_fd_sc_hd__clkbuf_16)
                                                         clknet_1_0__leaf_clk (net)
                      0.027563    0.000113    0.266270 ^ _8_/CLK (sky130_fd_sc_hd__dfrtp_1)
     1    0.003356    0.042100    0.349965    0.616235 v _8_/Q (sky130_fd_sc_hd__dfrtp_1)
                                                         net6 (net)
                      0.042100    0.000111    0.616347 v output6/A (sky130_fd_sc_hd__buf_2)
     1    0.034944    0.091086    0.179933    0.796279 v output6/X (sky130_fd_sc_hd__buf_2)
                                                         sum (net)
                      0.091094    0.000882    0.797162 v sum (out)
                                              0.797162   data arrival time

                                  8.000000    8.000000   clock clk (rise edge)
                                  0.000000    8.000000   clock network delay (propagated)
                                 -0.250000    7.750000   clock uncertainty
                                  0.000000    7.750000   clock reconvergence pessimism
                                 -1.600000    6.150000   output external delay
                                              6.150000   data required time
---------------------------------------------------------------------------------------------
                                              6.150000   data required time
                                             -0.797162   data arrival time
---------------------------------------------------------------------------------------------
                                              5.352838   slack (MET)




===========================================================================
report_checks --slack_max -0.01
============================================================================
======================= nom_tt_025C_1v80 Corner ===================================

No paths found.


===========================================================================
 report_check_types -max_slew -max_cap -max_fanout -violators
============================================================================
======================= nom_tt_025C_1v80 Corner ===================================



===========================================================================
report_parasitic_annotation -report_unannotated
============================================================================
Found 0 unannotated drivers.
Found 0 partially unannotated drivers.

===========================================================================
max slew violation count 0
%OL_METRIC_I design__max_slew_violation__count__corner:nom_tt_025C_1v80 0
max fanout violation count 0
%OL_METRIC_I design__max_fanout_violation__count__corner:nom_tt_025C_1v80 0
max cap violation count 0
%OL_METRIC_I design__max_cap_violation__count__corner:nom_tt_025C_1v80 0
============================================================================

===========================================================================
check_setup -verbose -unconstrained_endpoints -multiple_clock -no_clock -no_input_delay -loops -generated_clocks
===========================================================================
%OL_END_REPORT
%OL_CREATE_REPORT power.rpt

===========================================================================
 report_power
============================================================================
======================= nom_tt_025C_1v80 Corner ===================================

Group                    Internal    Switching      Leakage        Total
                            Power        Power        Power        Power (Watts)
------------------------------------------------------------------------
Sequential           1.145120e-05 2.976503e-07 2.362707e-11 1.174888e-05  12.6%
Combinational        2.312769e-06 5.070573e-06 2.474321e-11 7.383367e-06   7.9%
Clock                6.335069e-05 1.096349e-05 1.471308e-10 7.431432e-05  79.5%
Macro                0.000000e+00 0.000000e+00 0.000000e+00 0.000000e+00   0.0%
Pad                  0.000000e+00 0.000000e+00 0.000000e+00 0.000000e+00   0.0%
------------------------------------------------------------------------
Total                7.711467e-05 1.633171e-05 1.955011e-10 9.344658e-05 100.0%
                            82.5%        17.5%         0.0%
%OL_METRIC_F power__internal__total 7.711466605542228e-5
%OL_METRIC_F power__switching__total 1.6331714505213313e-5
%OL_METRIC_F power__leakage__total 1.9550107366317349e-10
%OL_METRIC_F power__total 9.344657883048058e-5

%OL_END_REPORT
%OL_CREATE_REPORT skew.min.rpt

===========================================================================
Clock Skew (Hold)
============================================================================
%OL_METRIC_F clock__skew__worst_hold__corner:nom_tt_025C_1v80 0.0
======================= nom_tt_025C_1v80 Corner ===================================

Clock clk
No launch/capture paths found.

%OL_END_REPORT
%OL_CREATE_REPORT skew.max.rpt

===========================================================================
Clock Skew (Setup)
============================================================================
%OL_METRIC_F clock__skew__worst_setup__corner:nom_tt_025C_1v80 0.0
======================= nom_tt_025C_1v80 Corner ===================================

Clock clk
No launch/capture paths found.

%OL_END_REPORT
%OL_CREATE_REPORT ws.min.rpt

===========================================================================
Worst Slack (Hold)
============================================================================
%OL_METRIC_F timing__hold__ws__corner:nom_tt_025C_1v80 0.8792272714303303
nom_tt_025C_1v80: 0.8792272714303303
%OL_END_REPORT
%OL_CREATE_REPORT ws.max.rpt

===========================================================================
Worst Slack (Setup)
============================================================================
%OL_METRIC_F timing__setup__ws__corner:nom_tt_025C_1v80 5.352837880011311
nom_tt_025C_1v80: 5.352837880011311
%OL_END_REPORT
%OL_CREATE_REPORT tns.min.rpt

===========================================================================
Total Negative Slack (Hold)
============================================================================
%OL_METRIC_F timing__hold__tns__corner:nom_tt_025C_1v80 0.0
nom_tt_025C_1v80: 0.0
%OL_END_REPORT
%OL_CREATE_REPORT tns.max.rpt

===========================================================================
Total Negative Slack (Setup)
============================================================================
%OL_METRIC_F timing__setup__tns__corner:nom_tt_025C_1v80 0.0
nom_tt_025C_1v80: 0.0
%OL_END_REPORT
%OL_CREATE_REPORT wns.min.rpt

===========================================================================
Worst Negative Slack (Hold)
============================================================================
%OL_METRIC_F timing__hold__wns__corner:nom_tt_025C_1v80 0
nom_tt_025C_1v80: 0
%OL_END_REPORT
%OL_CREATE_REPORT wns.max.rpt

===========================================================================
Worst Negative Slack (Setup)
============================================================================
%OL_METRIC_F timing__setup__wns__corner:nom_tt_025C_1v80 0.0
nom_tt_025C_1v80: 0.0
%OL_END_REPORT
%OL_CREATE_REPORT violator_list.rpt

===========================================================================
Violator List
============================================================================
%OL_METRIC_I timing__hold_vio__count__corner:nom_tt_025C_1v80 0
%OL_METRIC_F timing__hold_r2r__ws__corner:nom_tt_025C_1v80 inf
%OL_METRIC_I timing__hold_r2r_vio__count__corner:nom_tt_025C_1v80 0
%OL_METRIC_I timing__setup_vio__count__corner:nom_tt_025C_1v80 0
%OL_METRIC_F timing__setup_r2r__ws__corner:nom_tt_025C_1v80 inf
%OL_METRIC_I timing__setup_r2r_vio__count__corner:nom_tt_025C_1v80 0
%OL_END_REPORT
%OL_CREATE_REPORT unpropagated.rpt
%OL_END_REPORT
%OL_CREATE_REPORT clock.rpt
Clock: clk
Sources: clk 
Generated: no
Virtual: yes
Propagated: no
Period: 8.000000

===========================================================================
report_clock_properties
============================================================================
Clock                   Period          Waveform
----------------------------------------------------
clk                   8.000000    0.000000  4.000000

===========================================================================
report_clock_latency
============================================================================
Clock clk
rise -> rise
    min     max
0.000000 0.000000 source latency
0.266270         network latency _8_/CLK
        0.267083 network latency _9_/CLK
---------------
0.266270 0.267083 latency
        0.000813 skew

fall -> fall
    min     max
0.000000 0.000000 source latency
0.275615         network latency _8_/CLK
        0.276358 network latency _9_/CLK
---------------
0.275615 0.276358 latency
        0.000744 skew



===========================================================================
report_clock_min_period
============================================================================
clk period_min = 0.00 fmax = inf
%OL_END_REPORT
Writing SDF files for all corners…
Removing Clock latencies before writing libs…
Writing timing models for all corners…
Writing timing models for the nom_tt_025C_1v80 corner to /home/chithang/pdop2/FA_reg/runs/RUN_2026-03-28_14-30-24/54-openroad-stapostpnr/nom_tt_025C_1v80/FA_Reg__nom_tt_025C_1v80.lib…
