
===========================================================================
report_checks -unconstrained
===========================================================================
======================= nom_tt_025C_1v80 Corner ===================================

Startpoint: rst_n (input port clocked by clk)
Endpoint: _8_ (recovery check against rising-edge clock clk)
Path Group: asynchronous
Path Type: max

Fanout         Cap        Slew       Delay        Time   Description
---------------------------------------------------------------------------------------------
                                  0.000000    0.000000   clock clk (rise edge)
                                  0.000000    0.000000   clock network delay (propagated)
                                  1.600000    1.600000 ^ input external delay
     2    0.008424    0.044394    0.028889    1.628889 ^ rst_n (in)
                                                         rst_n (net)
                      0.044394    0.000000    1.628889 ^ _8_/RESET_B (sky130_fd_sc_hd__dfrtp_2)
                                              1.628889   data arrival time

                                  8.000000    8.000000   clock clk (rise edge)
                                  0.000000    8.000000   clock source latency
     2    0.005481    0.031394    0.019383    8.019382 ^ clk (in)
                                                         clk (net)
                      0.031394    0.000000    8.019382 ^ _8_/CLK (sky130_fd_sc_hd__dfrtp_2)
                                 -0.250000    7.769382   clock uncertainty
                                  0.000000    7.769382   clock reconvergence pessimism
                                  0.215189    7.984571   library recovery time
                                              7.984571   data required time
---------------------------------------------------------------------------------------------
                                              7.984571   data required time
                                             -1.628889   data arrival time
---------------------------------------------------------------------------------------------
                                              6.355682   slack (MET)


Startpoint: _9_ (rising edge-triggered flip-flop clocked by clk)
Endpoint: cout (output port clocked by clk)
Path Group: clk
Path Type: max

Fanout         Cap        Slew       Delay        Time   Description
---------------------------------------------------------------------------------------------
                                  0.000000    0.000000   clock clk (rise edge)
                                  0.000000    0.000000   clock source latency
     2    0.005481    0.031394    0.019382    0.019382 ^ clk (in)
                                                         clk (net)
                      0.031394    0.000000    0.019382 ^ _9_/CLK (sky130_fd_sc_hd__dfrtp_2)
     1    0.034124    0.112636    0.464488    0.483871 v _9_/Q (sky130_fd_sc_hd__dfrtp_2)
                                                         cout (net)
                      0.112636    0.000106    0.483977 v cout (out)
                                              0.483977   data arrival time

                                  8.000000    8.000000   clock clk (rise edge)
                                  0.000000    8.000000   clock network delay (propagated)
                                 -0.250000    7.750000   clock uncertainty
                                  0.000000    7.750000   clock reconvergence pessimism
                                 -1.600000    6.150000   output external delay
                                              6.150000   data required time
---------------------------------------------------------------------------------------------
                                              6.150000   data required time
                                             -0.483977   data arrival time
---------------------------------------------------------------------------------------------
                                              5.666023   slack (MET)




===========================================================================
report_checks --slack_max -0.01
============================================================================
======================= nom_tt_025C_1v80 Corner ===================================

No paths found.


===========================================================================
 report_check_types -max_slew -max_cap -max_fanout -violators
============================================================================
======================= nom_tt_025C_1v80 Corner ===================================



===========================================================================
report_parasitic_annotation -report_unannotated
============================================================================
Found 0 unannotated drivers.
Found 0 partially unannotated drivers.

===========================================================================
max slew violation count 0
Writing metric design__max_slew_violation__count__corner:nom_tt_025C_1v80: 0
max fanout violation count 0
Writing metric design__max_fanout_violation__count__corner:nom_tt_025C_1v80: 0
max cap violation count 0
Writing metric design__max_cap_violation__count__corner:nom_tt_025C_1v80: 0
============================================================================

===========================================================================
check_setup -verbose -unconstrained_endpoints -multiple_clock -no_clock -no_input_delay -loops -generated_clocks
===========================================================================
