
===========================================================================
report_checks -path_delay max (Setup)
============================================================================
======================= nom_tt_025C_1v80 Corner ===================================

Startpoint: _9_ (rising edge-triggered flip-flop clocked by clk)
Endpoint: cout (output port clocked by clk)
Path Group: clk
Path Type: max

Fanout         Cap        Slew       Delay        Time   Description
---------------------------------------------------------------------------------------------
                                  0.000000    0.000000   clock clk (rise edge)
                                  0.000000    0.000000   clock source latency
     2    0.005481    0.031394    0.019382    0.019382 ^ clk (in)
                                                         clk (net)
                      0.031394    0.000000    0.019382 ^ _9_/CLK (sky130_fd_sc_hd__dfrtp_2)
     1    0.034124    0.112636    0.464488    0.483871 v _9_/Q (sky130_fd_sc_hd__dfrtp_2)
                                                         cout (net)
                      0.112636    0.000106    0.483977 v cout (out)
                                              0.483977   data arrival time

                                  8.000000    8.000000   clock clk (rise edge)
                                  0.000000    8.000000   clock network delay (propagated)
                                 -0.250000    7.750000   clock uncertainty
                                  0.000000    7.750000   clock reconvergence pessimism
                                 -1.600000    6.150000   output external delay
                                              6.150000   data required time
---------------------------------------------------------------------------------------------
                                              6.150000   data required time
                                             -0.483977   data arrival time
---------------------------------------------------------------------------------------------
                                              5.666023   slack (MET)


Startpoint: _8_ (rising edge-triggered flip-flop clocked by clk)
Endpoint: sum (output port clocked by clk)
Path Group: clk
Path Type: max

Fanout         Cap        Slew       Delay        Time   Description
---------------------------------------------------------------------------------------------
                                  0.000000    0.000000   clock clk (rise edge)
                                  0.000000    0.000000   clock source latency
     2    0.005481    0.031394    0.019383    0.019383 ^ clk (in)
                                                         clk (net)
                      0.031394    0.000000    0.019383 ^ _8_/CLK (sky130_fd_sc_hd__dfrtp_2)
     1    0.034087    0.112540    0.464406    0.483789 v _8_/Q (sky130_fd_sc_hd__dfrtp_2)
                                                         sum (net)
                      0.112540    0.000098    0.483887 v sum (out)
                                              0.483887   data arrival time

                                  8.000000    8.000000   clock clk (rise edge)
                                  0.000000    8.000000   clock network delay (propagated)
                                 -0.250000    7.750000   clock uncertainty
                                  0.000000    7.750000   clock reconvergence pessimism
                                 -1.600000    6.150000   output external delay
                                              6.150000   data required time
---------------------------------------------------------------------------------------------
                                              6.150000   data required time
                                             -0.483887   data arrival time
---------------------------------------------------------------------------------------------
                                              5.666112   slack (MET)


Startpoint: b (input port clocked by clk)
Endpoint: _8_ (rising edge-triggered flip-flop clocked by clk)
Path Group: clk
Path Type: max

Fanout         Cap        Slew       Delay        Time   Description
---------------------------------------------------------------------------------------------
                                  0.000000    0.000000   clock clk (rise edge)
                                  0.000000    0.000000   clock network delay (propagated)
                                  1.600000    1.600000 v input external delay
     2    0.013805    0.032660    0.022307    1.622307 v b (in)
                                                         b (net)
                      0.032660    0.000000    1.622307 v _5_/A (sky130_fd_sc_hd__xnor2_2)
     2    0.013407    0.222727    0.217961    1.840268 ^ _5_/Y (sky130_fd_sc_hd__xnor2_2)
                                                         _2_ (net)
                      0.222727    0.000015    1.840283 ^ _7_/B (sky130_fd_sc_hd__xnor2_2)
     1    0.003092    0.103773    0.132472    1.972755 ^ _7_/Y (sky130_fd_sc_hd__xnor2_2)
                                                         sum_comb (net)
                      0.103773    0.000012    1.972766 ^ _8_/D (sky130_fd_sc_hd__dfrtp_2)
                                              1.972766   data arrival time

                                  8.000000    8.000000   clock clk (rise edge)
                                  0.000000    8.000000   clock source latency
     2    0.005481    0.031394    0.019383    8.019382 ^ clk (in)
                                                         clk (net)
                      0.031394    0.000000    8.019382 ^ _8_/CLK (sky130_fd_sc_hd__dfrtp_2)
                                 -0.250000    7.769382   clock uncertainty
                                  0.000000    7.769382   clock reconvergence pessimism
                                 -0.079342    7.690041   library setup time
                                              7.690041   data required time
---------------------------------------------------------------------------------------------
                                              7.690041   data required time
                                             -1.972766   data arrival time
---------------------------------------------------------------------------------------------
                                              5.717275   slack (MET)


Startpoint: b (input port clocked by clk)
Endpoint: _9_ (rising edge-triggered flip-flop clocked by clk)
Path Group: clk
Path Type: max

Fanout         Cap        Slew       Delay        Time   Description
---------------------------------------------------------------------------------------------
                                  0.000000    0.000000   clock clk (rise edge)
                                  0.000000    0.000000   clock network delay (propagated)
                                  1.600000    1.600000 v input external delay
     2    0.013805    0.032660    0.022307    1.622307 v b (in)
                                                         b (net)
                      0.032660    0.000000    1.622307 v _5_/A (sky130_fd_sc_hd__xnor2_2)
     2    0.013407    0.222727    0.217961    1.840268 ^ _5_/Y (sky130_fd_sc_hd__xnor2_2)
                                                         _2_ (net)
                      0.222727    0.000012    1.840280 ^ _6_/A2 (sky130_fd_sc_hd__o21ai_2)
     1    0.003270    0.043956    0.070773    1.911053 v _6_/Y (sky130_fd_sc_hd__o21ai_2)
                                                         cout_comb (net)
                      0.043956    0.000014    1.911068 v _9_/D (sky130_fd_sc_hd__dfrtp_2)
                                              1.911068   data arrival time

                                  8.000000    8.000000   clock clk (rise edge)
                                  0.000000    8.000000   clock source latency
     2    0.005481    0.031394    0.019382    8.019382 ^ clk (in)
                                                         clk (net)
                      0.031394    0.000000    8.019382 ^ _9_/CLK (sky130_fd_sc_hd__dfrtp_2)
                                 -0.250000    7.769382   clock uncertainty
                                  0.000000    7.769382   clock reconvergence pessimism
                                 -0.118183    7.651199   library setup time
                                              7.651199   data required time
---------------------------------------------------------------------------------------------
                                              7.651199   data required time
                                             -1.911068   data arrival time
---------------------------------------------------------------------------------------------
                                              5.740131   slack (MET)


Startpoint: rst_n (input port clocked by clk)
Endpoint: _8_ (recovery check against rising-edge clock clk)
Path Group: asynchronous
Path Type: max

Fanout         Cap        Slew       Delay        Time   Description
---------------------------------------------------------------------------------------------
                                  0.000000    0.000000   clock clk (rise edge)
                                  0.000000    0.000000   clock network delay (propagated)
                                  1.600000    1.600000 ^ input external delay
     2    0.008424    0.044394    0.028889    1.628889 ^ rst_n (in)
                                                         rst_n (net)
                      0.044394    0.000000    1.628889 ^ _8_/RESET_B (sky130_fd_sc_hd__dfrtp_2)
                                              1.628889   data arrival time

                                  8.000000    8.000000   clock clk (rise edge)
                                  0.000000    8.000000   clock source latency
     2    0.005481    0.031394    0.019383    8.019382 ^ clk (in)
                                                         clk (net)
                      0.031394    0.000000    8.019382 ^ _8_/CLK (sky130_fd_sc_hd__dfrtp_2)
                                 -0.250000    7.769382   clock uncertainty
                                  0.000000    7.769382   clock reconvergence pessimism
                                  0.215189    7.984571   library recovery time
                                              7.984571   data required time
---------------------------------------------------------------------------------------------
                                              7.984571   data required time
                                             -1.628889   data arrival time
---------------------------------------------------------------------------------------------
                                              6.355682   slack (MET)


Startpoint: rst_n (input port clocked by clk)
Endpoint: _9_ (recovery check against rising-edge clock clk)
Path Group: asynchronous
Path Type: max

Fanout         Cap        Slew       Delay        Time   Description
---------------------------------------------------------------------------------------------
                                  0.000000    0.000000   clock clk (rise edge)
                                  0.000000    0.000000   clock network delay (propagated)
                                  1.600000    1.600000 ^ input external delay
     2    0.008424    0.044394    0.028890    1.628890 ^ rst_n (in)
                                                         rst_n (net)
                      0.044394    0.000000    1.628890 ^ _9_/RESET_B (sky130_fd_sc_hd__dfrtp_2)
                                              1.628890   data arrival time

                                  8.000000    8.000000   clock clk (rise edge)
                                  0.000000    8.000000   clock source latency
     2    0.005481    0.031394    0.019382    8.019382 ^ clk (in)
                                                         clk (net)
                      0.031394    0.000000    8.019382 ^ _9_/CLK (sky130_fd_sc_hd__dfrtp_2)
                                 -0.250000    7.769382   clock uncertainty
                                  0.000000    7.769382   clock reconvergence pessimism
                                  0.215189    7.984571   library recovery time
                                              7.984571   data required time
---------------------------------------------------------------------------------------------
                                              7.984571   data required time
                                             -1.628890   data arrival time
---------------------------------------------------------------------------------------------
                                              6.355680   slack (MET)



