Clock: clk
Sources: clk 
Generated: no
Virtual: no
Propagated: no
Period: 10.000000

===========================================================================
report_clock_properties
============================================================================
Clock                   Period          Waveform
----------------------------------------------------
clk                  10.000000    0.000000  5.000000

===========================================================================
report_clock_latency
============================================================================
Clock clk
rise -> rise
    min     max
0.000000 0.000000 source latency
6.275779         network latency _59165_/CLK
        6.936387 network latency _59165_/CLK
---------------
6.275779 6.936387 latency
        0.660608 skew

fall -> fall
    min     max
0.000000 0.000000 source latency
2.483813         network latency _59165_/CLK
        2.745268 network latency _59165_/CLK
---------------
2.483813 2.745268 latency
        0.261455 skew



===========================================================================
report_clock_min_period
============================================================================
clk period_min = 5.96 fmax = 167.86
