
===========================================================================
report_checks -unconstrained
===========================================================================
======================= nom_tt_025C_1v80 Corner ===================================

Startpoint: rst_n (input port clocked by clk)
Endpoint: _8_ (recovery check against rising-edge clock clk)
Path Group: asynchronous
Path Type: max

Fanout         Cap        Slew       Delay        Time   Description
---------------------------------------------------------------------------------------------
                                  0.000000    0.000000   clock clk (rise edge)
                                  0.000000    0.000000   clock network delay (propagated)
                                  1.600000    1.600000 ^ input external delay
     1    0.003363    0.022168    0.012297    1.612297 ^ rst_n (in)
                                                         rst_n (net)
                      0.022168    0.000000    1.612297 ^ input4/A (sky130_fd_sc_hd__buf_1)
     2    0.009538    0.119424    0.126073    1.738370 ^ input4/X (sky130_fd_sc_hd__buf_1)
                                                         net4 (net)
                      0.119425    0.000326    1.738696 ^ _8_/RESET_B (sky130_fd_sc_hd__dfrtp_1)
                                              1.738696   data arrival time

                                  8.000000    8.000000   clock clk (rise edge)
                                  0.000000    8.000000   clock source latency
     1    0.008951    0.046761    0.030670    8.030670 ^ clk (in)
                                                         clk (net)
                      0.046762    0.000000    8.030670 ^ clkbuf_0_clk/A (sky130_fd_sc_hd__clkbuf_16)
     2    0.019632    0.041525    0.125515    8.156184 ^ clkbuf_0_clk/X (sky130_fd_sc_hd__clkbuf_16)
                                                         clknet_0_clk (net)
                      0.041528    0.000731    8.156916 ^ clkbuf_1_0__f_clk/A (sky130_fd_sc_hd__clkbuf_16)
     1    0.003744    0.027596    0.107755    8.264670 ^ clkbuf_1_0__f_clk/X (sky130_fd_sc_hd__clkbuf_16)
                                                         clknet_1_0__leaf_clk (net)
                      0.027596    0.000138    8.264808 ^ _8_/CLK (sky130_fd_sc_hd__dfrtp_1)
                                 -0.250000    8.014808   clock uncertainty
                                  0.000000    8.014808   clock reconvergence pessimism
                                  0.205676    8.220483   library recovery time
                                              8.220483   data required time
---------------------------------------------------------------------------------------------
                                              8.220483   data required time
                                             -1.738696   data arrival time
---------------------------------------------------------------------------------------------
                                              6.481788   slack (MET)


Startpoint: _8_ (rising edge-triggered flip-flop clocked by clk)
Endpoint: sum (output port clocked by clk)
Path Group: clk
Path Type: max

Fanout         Cap        Slew       Delay        Time   Description
---------------------------------------------------------------------------------------------
                                  0.000000    0.000000   clock clk (rise edge)
                                  0.000000    0.000000   clock source latency
     1    0.008951    0.046761    0.030670    0.030670 ^ clk (in)
                                                         clk (net)
                      0.046762    0.000000    0.030670 ^ clkbuf_0_clk/A (sky130_fd_sc_hd__clkbuf_16)
     2    0.019632    0.041525    0.125515    0.156184 ^ clkbuf_0_clk/X (sky130_fd_sc_hd__clkbuf_16)
                                                         clknet_0_clk (net)
                      0.041528    0.000731    0.156916 ^ clkbuf_1_0__f_clk/A (sky130_fd_sc_hd__clkbuf_16)
     1    0.003744    0.027596    0.107755    0.264670 ^ clkbuf_1_0__f_clk/X (sky130_fd_sc_hd__clkbuf_16)
                                                         clknet_1_0__leaf_clk (net)
                      0.027596    0.000137    0.264808 ^ _8_/CLK (sky130_fd_sc_hd__dfrtp_1)
     1    0.004363    0.046448    0.355744    0.620552 v _8_/Q (sky130_fd_sc_hd__dfrtp_1)
                                                         net6 (net)
                      0.046448    0.000173    0.620725 v output6/A (sky130_fd_sc_hd__buf_2)
     1    0.035136    0.091590    0.181931    0.802657 v output6/X (sky130_fd_sc_hd__buf_2)
                                                         sum (net)
                      0.091607    0.001183    0.803840 v sum (out)
                                              0.803840   data arrival time

                                  8.000000    8.000000   clock clk (rise edge)
                                  0.000000    8.000000   clock network delay (propagated)
                                 -0.250000    7.750000   clock uncertainty
                                  0.000000    7.750000   clock reconvergence pessimism
                                 -1.600000    6.150000   output external delay
                                              6.150000   data required time
---------------------------------------------------------------------------------------------
                                              6.150000   data required time
                                             -0.803840   data arrival time
---------------------------------------------------------------------------------------------
                                              5.346160   slack (MET)




===========================================================================
report_checks --slack_max -0.01
============================================================================
======================= nom_tt_025C_1v80 Corner ===================================

No paths found.


===========================================================================
 report_check_types -max_slew -max_cap -max_fanout -violators
============================================================================
======================= nom_tt_025C_1v80 Corner ===================================



===========================================================================
report_parasitic_annotation -report_unannotated
============================================================================
Found 0 unannotated drivers.
Found 0 partially unannotated drivers.

===========================================================================
max slew violation count 0
Writing metric design__max_slew_violation__count__corner:nom_tt_025C_1v80: 0
max fanout violation count 0
Writing metric design__max_fanout_violation__count__corner:nom_tt_025C_1v80: 0
max cap violation count 0
Writing metric design__max_cap_violation__count__corner:nom_tt_025C_1v80: 0
============================================================================

===========================================================================
check_setup -verbose -unconstrained_endpoints -multiple_clock -no_clock -no_input_delay -loops -generated_clocks
===========================================================================
