Clock: clk
Sources: clk 
Generated: no
Virtual: yes
Propagated: no
Period: 8.000000

===========================================================================
report_clock_properties
============================================================================
Clock                   Period          Waveform
----------------------------------------------------
clk                   8.000000    0.000000  4.000000

===========================================================================
report_clock_latency
============================================================================
Clock clk
rise -> rise
    min     max
0.000000 0.000000 source latency
0.264808         network latency _8_/CLK
        0.265297 network latency _9_/CLK
---------------
0.264808 0.265297 latency
        0.000490 skew

fall -> fall
    min     max
0.000000 0.000000 source latency
0.275188         network latency _8_/CLK
        0.275636 network latency _9_/CLK
---------------
0.275188 0.275636 latency
        0.000448 skew



===========================================================================
report_clock_min_period
============================================================================
clk period_min = 0.00 fmax = inf
