
===========================================================================
report_checks -path_delay max (Setup)
============================================================================
======================= nom_tt_025C_1v80 Corner ===================================

Startpoint: _8_ (rising edge-triggered flip-flop clocked by clk)
Endpoint: sum (output port clocked by clk)
Path Group: clk
Path Type: max

Fanout         Cap        Slew       Delay        Time   Description
---------------------------------------------------------------------------------------------
                                  0.000000    0.000000   clock clk (rise edge)
                                  0.000000    0.000000   clock source latency
     1    0.008951    0.046761    0.030670    0.030670 ^ clk (in)
                                                         clk (net)
                      0.046762    0.000000    0.030670 ^ clkbuf_0_clk/A (sky130_fd_sc_hd__clkbuf_16)
     2    0.019632    0.041525    0.125515    0.156184 ^ clkbuf_0_clk/X (sky130_fd_sc_hd__clkbuf_16)
                                                         clknet_0_clk (net)
                      0.041528    0.000731    0.156916 ^ clkbuf_1_0__f_clk/A (sky130_fd_sc_hd__clkbuf_16)
     1    0.003744    0.027596    0.107755    0.264670 ^ clkbuf_1_0__f_clk/X (sky130_fd_sc_hd__clkbuf_16)
                                                         clknet_1_0__leaf_clk (net)
                      0.027596    0.000137    0.264808 ^ _8_/CLK (sky130_fd_sc_hd__dfrtp_1)
     1    0.004363    0.046448    0.355744    0.620552 v _8_/Q (sky130_fd_sc_hd__dfrtp_1)
                                                         net6 (net)
                      0.046448    0.000173    0.620725 v output6/A (sky130_fd_sc_hd__buf_2)
     1    0.035136    0.091590    0.181931    0.802657 v output6/X (sky130_fd_sc_hd__buf_2)
                                                         sum (net)
                      0.091607    0.001183    0.803840 v sum (out)
                                              0.803840   data arrival time

                                  8.000000    8.000000   clock clk (rise edge)
                                  0.000000    8.000000   clock network delay (propagated)
                                 -0.250000    7.750000   clock uncertainty
                                  0.000000    7.750000   clock reconvergence pessimism
                                 -1.600000    6.150000   output external delay
                                              6.150000   data required time
---------------------------------------------------------------------------------------------
                                              6.150000   data required time
                                             -0.803840   data arrival time
---------------------------------------------------------------------------------------------
                                              5.346160   slack (MET)


Startpoint: _9_ (rising edge-triggered flip-flop clocked by clk)
Endpoint: cout (output port clocked by clk)
Path Group: clk
Path Type: max

Fanout         Cap        Slew       Delay        Time   Description
---------------------------------------------------------------------------------------------
                                  0.000000    0.000000   clock clk (rise edge)
                                  0.000000    0.000000   clock source latency
     1    0.008951    0.046761    0.030670    0.030670 ^ clk (in)
                                                         clk (net)
                      0.046762    0.000000    0.030670 ^ clkbuf_0_clk/A (sky130_fd_sc_hd__clkbuf_16)
     2    0.019632    0.041525    0.125515    0.156184 ^ clkbuf_0_clk/X (sky130_fd_sc_hd__clkbuf_16)
                                                         clknet_0_clk (net)
                      0.041528    0.000730    0.156915 ^ clkbuf_1_1__f_clk/A (sky130_fd_sc_hd__clkbuf_16)
     1    0.004140    0.027968    0.108228    0.265143 ^ clkbuf_1_1__f_clk/X (sky130_fd_sc_hd__clkbuf_16)
                                                         clknet_1_1__leaf_clk (net)
                      0.027969    0.000154    0.265297 ^ _9_/CLK (sky130_fd_sc_hd__dfrtp_1)
     1    0.003746    0.043921    0.352569    0.617867 v _9_/Q (sky130_fd_sc_hd__dfrtp_1)
                                                         net5 (net)
                      0.043921    0.000138    0.618005 v output5/A (sky130_fd_sc_hd__buf_2)
     1    0.034889    0.091014    0.180505    0.798510 v output5/X (sky130_fd_sc_hd__buf_2)
                                                         cout (net)
                      0.091026    0.001022    0.799532 v cout (out)
                                              0.799532   data arrival time

                                  8.000000    8.000000   clock clk (rise edge)
                                  0.000000    8.000000   clock network delay (propagated)
                                 -0.250000    7.750000   clock uncertainty
                                  0.000000    7.750000   clock reconvergence pessimism
                                 -1.600000    6.150000   output external delay
                                              6.150000   data required time
---------------------------------------------------------------------------------------------
                                              6.150000   data required time
                                             -0.799532   data arrival time
---------------------------------------------------------------------------------------------
                                              5.350467   slack (MET)


Startpoint: b (input port clocked by clk)
Endpoint: _8_ (rising edge-triggered flip-flop clocked by clk)
Path Group: clk
Path Type: max

Fanout         Cap        Slew       Delay        Time   Description
---------------------------------------------------------------------------------------------
                                  0.000000    0.000000   clock clk (rise edge)
                                  0.000000    0.000000   clock network delay (propagated)
                                  1.600000    1.600000 v input external delay
     1    0.003349    0.009909    0.005372    1.605372 v b (in)
                                                         b (net)
                      0.009909    0.000000    1.605372 v input2/A (sky130_fd_sc_hd__buf_1)
     2    0.008188    0.054458    0.097758    1.703131 v input2/X (sky130_fd_sc_hd__buf_1)
                                                         net2 (net)
                      0.054458    0.000165    1.703296 v _5_/A (sky130_fd_sc_hd__xnor2_1)
     2    0.008364    0.223584    0.232200    1.935496 ^ _5_/Y (sky130_fd_sc_hd__xnor2_1)
                                                         _2_ (net)
                      0.223584    0.000170    1.935666 ^ _7_/B (sky130_fd_sc_hd__xnor2_1)
     1    0.004579    0.149374    0.159151    2.094817 ^ _7_/Y (sky130_fd_sc_hd__xnor2_1)
                                                         sum_comb (net)
                      0.149374    0.000177    2.094995 ^ _8_/D (sky130_fd_sc_hd__dfrtp_1)
                                              2.094995   data arrival time

                                  8.000000    8.000000   clock clk (rise edge)
                                  0.000000    8.000000   clock source latency
     1    0.008951    0.046761    0.030670    8.030670 ^ clk (in)
                                                         clk (net)
                      0.046762    0.000000    8.030670 ^ clkbuf_0_clk/A (sky130_fd_sc_hd__clkbuf_16)
     2    0.019632    0.041525    0.125515    8.156184 ^ clkbuf_0_clk/X (sky130_fd_sc_hd__clkbuf_16)
                                                         clknet_0_clk (net)
                      0.041528    0.000731    8.156916 ^ clkbuf_1_0__f_clk/A (sky130_fd_sc_hd__clkbuf_16)
     1    0.003744    0.027596    0.107755    8.264670 ^ clkbuf_1_0__f_clk/X (sky130_fd_sc_hd__clkbuf_16)
                                                         clknet_1_0__leaf_clk (net)
                      0.027596    0.000138    8.264808 ^ _8_/CLK (sky130_fd_sc_hd__dfrtp_1)
                                 -0.250000    8.014808   clock uncertainty
                                  0.000000    8.014808   clock reconvergence pessimism
                                 -0.086649    7.928159   library setup time
                                              7.928159   data required time
---------------------------------------------------------------------------------------------
                                              7.928159   data required time
                                             -2.094995   data arrival time
---------------------------------------------------------------------------------------------
                                              5.833164   slack (MET)


Startpoint: b (input port clocked by clk)
Endpoint: _9_ (rising edge-triggered flip-flop clocked by clk)
Path Group: clk
Path Type: max

Fanout         Cap        Slew       Delay        Time   Description
---------------------------------------------------------------------------------------------
                                  0.000000    0.000000   clock clk (rise edge)
                                  0.000000    0.000000   clock network delay (propagated)
                                  1.600000    1.600000 v input external delay
     1    0.003349    0.009909    0.005372    1.605372 v b (in)
                                                         b (net)
                      0.009909    0.000000    1.605372 v input2/A (sky130_fd_sc_hd__buf_1)
     2    0.008188    0.054458    0.097758    1.703131 v input2/X (sky130_fd_sc_hd__buf_1)
                                                         net2 (net)
                      0.054458    0.000165    1.703296 v _5_/A (sky130_fd_sc_hd__xnor2_1)
     2    0.008364    0.223584    0.232200    1.935496 ^ _5_/Y (sky130_fd_sc_hd__xnor2_1)
                                                         _2_ (net)
                      0.223584    0.000152    1.935648 ^ _6_/A2 (sky130_fd_sc_hd__o21ai_1)
     1    0.003329    0.054484    0.089552    2.025200 v _6_/Y (sky130_fd_sc_hd__o21ai_1)
                                                         cout_comb (net)
                      0.054484    0.000087    2.025287 v _9_/D (sky130_fd_sc_hd__dfrtp_1)
                                              2.025287   data arrival time

                                  8.000000    8.000000   clock clk (rise edge)
                                  0.000000    8.000000   clock source latency
     1    0.008951    0.046761    0.030670    8.030670 ^ clk (in)
                                                         clk (net)
                      0.046762    0.000000    8.030670 ^ clkbuf_0_clk/A (sky130_fd_sc_hd__clkbuf_16)
     2    0.019632    0.041525    0.125515    8.156184 ^ clkbuf_0_clk/X (sky130_fd_sc_hd__clkbuf_16)
                                                         clknet_0_clk (net)
                      0.041528    0.000730    8.156915 ^ clkbuf_1_1__f_clk/A (sky130_fd_sc_hd__clkbuf_16)
     1    0.004140    0.027968    0.108229    8.265143 ^ clkbuf_1_1__f_clk/X (sky130_fd_sc_hd__clkbuf_16)
                                                         clknet_1_1__leaf_clk (net)
                      0.027969    0.000154    8.265297 ^ _9_/CLK (sky130_fd_sc_hd__dfrtp_1)
                                 -0.250000    8.015297   clock uncertainty
                                  0.000000    8.015297   clock reconvergence pessimism
                                 -0.122313    7.892984   library setup time
                                              7.892984   data required time
---------------------------------------------------------------------------------------------
                                              7.892984   data required time
                                             -2.025287   data arrival time
---------------------------------------------------------------------------------------------
                                              5.867697   slack (MET)


Startpoint: rst_n (input port clocked by clk)
Endpoint: _8_ (recovery check against rising-edge clock clk)
Path Group: asynchronous
Path Type: max

Fanout         Cap        Slew       Delay        Time   Description
---------------------------------------------------------------------------------------------
                                  0.000000    0.000000   clock clk (rise edge)
                                  0.000000    0.000000   clock network delay (propagated)
                                  1.600000    1.600000 ^ input external delay
     1    0.003363    0.022168    0.012297    1.612297 ^ rst_n (in)
                                                         rst_n (net)
                      0.022168    0.000000    1.612297 ^ input4/A (sky130_fd_sc_hd__buf_1)
     2    0.009538    0.119424    0.126073    1.738370 ^ input4/X (sky130_fd_sc_hd__buf_1)
                                                         net4 (net)
                      0.119425    0.000326    1.738696 ^ _8_/RESET_B (sky130_fd_sc_hd__dfrtp_1)
                                              1.738696   data arrival time

                                  8.000000    8.000000   clock clk (rise edge)
                                  0.000000    8.000000   clock source latency
     1    0.008951    0.046761    0.030670    8.030670 ^ clk (in)
                                                         clk (net)
                      0.046762    0.000000    8.030670 ^ clkbuf_0_clk/A (sky130_fd_sc_hd__clkbuf_16)
     2    0.019632    0.041525    0.125515    8.156184 ^ clkbuf_0_clk/X (sky130_fd_sc_hd__clkbuf_16)
                                                         clknet_0_clk (net)
                      0.041528    0.000731    8.156916 ^ clkbuf_1_0__f_clk/A (sky130_fd_sc_hd__clkbuf_16)
     1    0.003744    0.027596    0.107755    8.264670 ^ clkbuf_1_0__f_clk/X (sky130_fd_sc_hd__clkbuf_16)
                                                         clknet_1_0__leaf_clk (net)
                      0.027596    0.000138    8.264808 ^ _8_/CLK (sky130_fd_sc_hd__dfrtp_1)
                                 -0.250000    8.014808   clock uncertainty
                                  0.000000    8.014808   clock reconvergence pessimism
                                  0.205676    8.220483   library recovery time
                                              8.220483   data required time
---------------------------------------------------------------------------------------------
                                              8.220483   data required time
                                             -1.738696   data arrival time
---------------------------------------------------------------------------------------------
                                              6.481788   slack (MET)


Startpoint: rst_n (input port clocked by clk)
Endpoint: _9_ (recovery check against rising-edge clock clk)
Path Group: asynchronous
Path Type: max

Fanout         Cap        Slew       Delay        Time   Description
---------------------------------------------------------------------------------------------
                                  0.000000    0.000000   clock clk (rise edge)
                                  0.000000    0.000000   clock network delay (propagated)
                                  1.600000    1.600000 ^ input external delay
     1    0.003363    0.022168    0.012297    1.612297 ^ rst_n (in)
                                                         rst_n (net)
                      0.022168    0.000000    1.612297 ^ input4/A (sky130_fd_sc_hd__buf_1)
     2    0.009538    0.119424    0.126073    1.738370 ^ input4/X (sky130_fd_sc_hd__buf_1)
                                                         net4 (net)
                      0.119425    0.000322    1.738692 ^ _9_/RESET_B (sky130_fd_sc_hd__dfrtp_1)
                                              1.738692   data arrival time

                                  8.000000    8.000000   clock clk (rise edge)
                                  0.000000    8.000000   clock source latency
     1    0.008951    0.046761    0.030670    8.030670 ^ clk (in)
                                                         clk (net)
                      0.046762    0.000000    8.030670 ^ clkbuf_0_clk/A (sky130_fd_sc_hd__clkbuf_16)
     2    0.019632    0.041525    0.125515    8.156184 ^ clkbuf_0_clk/X (sky130_fd_sc_hd__clkbuf_16)
                                                         clknet_0_clk (net)
                      0.041528    0.000730    8.156915 ^ clkbuf_1_1__f_clk/A (sky130_fd_sc_hd__clkbuf_16)
     1    0.004140    0.027968    0.108229    8.265143 ^ clkbuf_1_1__f_clk/X (sky130_fd_sc_hd__clkbuf_16)
                                                         clknet_1_1__leaf_clk (net)
                      0.027969    0.000154    8.265297 ^ _9_/CLK (sky130_fd_sc_hd__dfrtp_1)
                                 -0.250000    8.015297   clock uncertainty
                                  0.000000    8.015297   clock reconvergence pessimism
                                  0.205791    8.221088   library recovery time
                                              8.221088   data required time
---------------------------------------------------------------------------------------------
                                              8.221088   data required time
                                             -1.738692   data arrival time
---------------------------------------------------------------------------------------------
                                              6.482396   slack (MET)



