Clock: clk
Sources: clk 
Generated: no
Virtual: no
Propagated: no
Period: 10.000000

===========================================================================
report_clock_properties
============================================================================
Clock                   Period          Waveform
----------------------------------------------------
clk                  10.000000    0.000000  5.000000

===========================================================================
report_clock_latency
============================================================================
Clock clk
rise -> rise
    min     max
0.000000 0.000000 source latency
10.051023         network latency _18620_/CLK
        10.051023 network latency _18620_/CLK
---------------
10.051023 10.051023 latency
        0.000000 skew

fall -> fall
    min     max
0.000000 0.000000 source latency
4.925154         network latency _18620_/CLK
        4.925154 network latency _18620_/CLK
---------------
4.925154 4.925154 latency
        0.000000 skew



===========================================================================
report_clock_min_period
============================================================================
clk period_min = 49.87 fmax = 20.05
