Clock: clk
Sources: clk 
Generated: no
Virtual: no
Propagated: no
Period: 10.000000

===========================================================================
report_clock_properties
============================================================================
Clock                   Period          Waveform
----------------------------------------------------
clk                  10.000000    0.000000  5.000000

===========================================================================
report_clock_latency
============================================================================
Clock clk
rise -> rise
    min     max
0.000000 0.000000 source latency
1.139065         network latency _1148_/CLK
        1.139065 network latency _1148_/CLK
---------------
1.139065 1.139065 latency
        0.000000 skew

fall -> fall
    min     max
0.000000 0.000000 source latency
0.630500         network latency _1148_/CLK
        0.630500 network latency _1148_/CLK
---------------
0.630500 0.630500 latency
        0.000000 skew



===========================================================================
report_clock_min_period
============================================================================
clk period_min = 10.50 fmax = 95.22
