Reading OpenROAD database at '/home/chithang/pdop2/FA_reg/runs/RUN_2026-03-28_14-30-24/20-openroad-generatepdn/FA_Reg.odb'…
Reading library file at '/home/chithang/.volare/volare/sky130/versions/0fe599b2afb6708d281543108caf8310912f54af/sky130A/libs.ref/sky130_fd_sc_hd/lib/sky130_fd_sc_hd__tt_025C_1v80.lib'…
Reading design constraints file at '/nix/store/h0ldzjka94yryiq8yxbxmwargpnmwhx6-python3-3.11.9-env/lib/python3.11/site-packages/openlane/scripts/base.sdc'…
[INFO] Using clock clk…
[INFO] Setting output delay to: 1.6
[INFO] Setting input delay to: 1.6
[INFO] Setting load to: 0.033442
[INFO] Setting clock uncertainty to: 0.25
[INFO] Setting clock transition to: 0.1499999999999999944488848768742172978818416595458984375
[INFO] Setting timing derate to: 5%
+ global_placement -density 0.3 -skip_io -pad_right 0 -pad_left 0 -init_wirelength_coef 0.25
[INFO GPL-0002] DBU: 1000
[INFO GPL-0003] SiteSize: (  0.460  2.720 ) um
[INFO GPL-0004] CoreBBox: (  5.520 10.880 ) ( 44.160 38.080 ) um
[INFO GPL-0006] NumInstances:                39
[INFO GPL-0007] NumPlaceInstances:            7
[INFO GPL-0008] NumFixedInstances:           32
[INFO GPL-0009] NumDummyInstances:            0
[INFO GPL-0010] NumNets:                     12
[INFO GPL-0011] NumPins:                     23
[INFO GPL-0012] DieBBox:  (  0.000  0.000 ) ( 50.000 50.000 ) um
[INFO GPL-0013] CoreBBox: (  5.520 10.880 ) ( 44.160 38.080 ) um
[INFO GPL-0016] CoreArea:              1051.008 um^2
[INFO GPL-0017] NonPlaceInstsArea:       90.086 um^2
[INFO GPL-0018] PlaceInstsArea:         103.850 um^2
[INFO GPL-0019] Util:                    10.807 %
[INFO GPL-0020] StdInstsArea:           103.850 um^2
[INFO GPL-0021] MacroInstsArea:           0.000 um^2
[INFO GPL-0031] FillerInit:NumGCells:        21
[INFO GPL-0032] FillerInit:NumGNets:         12
[INFO GPL-0033] FillerInit:NumGPins:         23
[INFO GPL-0023] TargetDensity:            0.300
[INFO GPL-0024] AvrgPlaceInstArea:       14.836 um^2
[INFO GPL-0025] IdealBinArea:            49.452 um^2
[INFO GPL-0026] IdealBinCnt:                 21
[INFO GPL-0027] TotalBinArea:          1051.008 um^2
[INFO GPL-0028] BinCnt:         4      4
[INFO GPL-0029] BinSize: (  9.660  6.800 )
[INFO GPL-0030] NumBins: 16
[NesterovSolve] Iter:    1 overflow: 0.259 HPWL: 13173
[NesterovSolve] Iter:   10 overflow: 0.246 HPWL: 8621
[NesterovSolve] Iter:   20 overflow: 0.248 HPWL: 8558
[NesterovSolve] Iter:   30 overflow: 0.248 HPWL: 8535
[NesterovSolve] Iter:   40 overflow: 0.249 HPWL: 8530
[NesterovSolve] Iter:   50 overflow: 0.248 HPWL: 8529
[NesterovSolve] Iter:   60 overflow: 0.248 HPWL: 8512
[NesterovSolve] Iter:   70 overflow: 0.248 HPWL: 8499
[NesterovSolve] Iter:   80 overflow: 0.248 HPWL: 8496
[NesterovSolve] Iter:   90 overflow: 0.247 HPWL: 8517
[NesterovSolve] Iter:  100 overflow: 0.246 HPWL: 8542
[NesterovSolve] Iter:  110 overflow: 0.245 HPWL: 8577
[NesterovSolve] Iter:  120 overflow: 0.243 HPWL: 8603
[NesterovSolve] Iter:  130 overflow: 0.240 HPWL: 8706
[NesterovSolve] Iter:  140 overflow: 0.236 HPWL: 8739
[NesterovSolve] Iter:  150 overflow: 0.232 HPWL: 8888
[NesterovSolve] Iter:  160 overflow: 0.235 HPWL: 9011
[NesterovSolve] Iter:  170 overflow: 0.238 HPWL: 8918
[NesterovSolve] Iter:  180 overflow: 0.236 HPWL: 8808
[NesterovSolve] Iter:  190 overflow: 0.228 HPWL: 8789
[NesterovSolve] Iter:  200 overflow: 0.217 HPWL: 8630
[NesterovSolve] Iter:  210 overflow: 0.221 HPWL: 8641
[NesterovSolve] Iter:  220 overflow: 0.225 HPWL: 8572
[NesterovSolve] Iter:  230 overflow: 0.226 HPWL: 8809
[NesterovSolve] Iter:  240 overflow: 0.230 HPWL: 8861
[NesterovSolve] Iter:  250 overflow: 0.244 HPWL: 8954
[NesterovSolve] Iter:  260 overflow: 0.241 HPWL: 9776
[NesterovSolve] Iter:  270 overflow: 0.228 HPWL: 10567
[NesterovSolve] Iter:  280 overflow: 0.207 HPWL: 11676
[NesterovSolve] Iter:  290 overflow: 0.176 HPWL: 13532
[NesterovSolve] Iter:  300 overflow: 0.139 HPWL: 16000
[NesterovSolve] Finished with Overflow: 0.096777
[INFO] Setting RC values…
Setting global connections for newly added cells…
[INFO] Setting global connections...
Updating metrics…
Cell type report:                       Count       Area
  Fill cell                                20      75.07
  Tap cell                                 12      15.01
  Inverter                                  1       3.75
  Sequential cell                           2      52.55
  Multi-Input combinational cell            4      47.55
  Total                                    39     193.94
Writing OpenROAD database to '/home/chithang/pdop2/FA_reg/runs/RUN_2026-03-28_14-30-24/23-openroad-globalplacementskipio/FA_Reg.odb'…
Writing netlist to '/home/chithang/pdop2/FA_reg/runs/RUN_2026-03-28_14-30-24/23-openroad-globalplacementskipio/FA_Reg.nl.v'…
Writing powered netlist to '/home/chithang/pdop2/FA_reg/runs/RUN_2026-03-28_14-30-24/23-openroad-globalplacementskipio/FA_Reg.pnl.v'…
Writing layout to '/home/chithang/pdop2/FA_reg/runs/RUN_2026-03-28_14-30-24/23-openroad-globalplacementskipio/FA_Reg.def'…
Writing timing constraints to '/home/chithang/pdop2/FA_reg/runs/RUN_2026-03-28_14-30-24/23-openroad-globalplacementskipio/FA_Reg.sdc'…
