148. Printing statistics.

=== riscv_cpu_core ===

   Number of wires:              18143
   Number of wire bits:          21034
   Number of public wires:         174
   Number of public wire bits:    2861
   Number of ports:                 16
   Number of port bits:            174
   Number of memories:               0
   Number of memory bits:            0
   Number of processes:              0
   Number of cells:              20919
     $_ANDNOT_                    7050
     $_AND_                        267
     $_DFFE_PP0P_                 1559
     $_DFFE_PP1P_                    3
     $_DFFE_PP_                    836
     $_DFF_PP0_                     82
     $_DFF_PP1_                      4
     $_MUX_                       1518
     $_NAND_                       285
     $_NOR_                        715
     $_NOT_                        693
     $_ORNOT_                      715
     $_OR_                        4149
     $_XNOR_                       705
     $_XOR_                       2338

   Area for cell type $_NOT_ is unknown!
   Area for cell type $_AND_ is unknown!
   Area for cell type $_NAND_ is unknown!
   Area for cell type $_OR_ is unknown!
   Area for cell type $_NOR_ is unknown!
   Area for cell type $_XOR_ is unknown!
   Area for cell type $_XNOR_ is unknown!
   Area for cell type $_ANDNOT_ is unknown!
   Area for cell type $_ORNOT_ is unknown!
   Area for cell type $_MUX_ is unknown!
   Area for cell type $_DFFE_PP_ is unknown!
   Area for cell type $_DFF_PP0_ is unknown!
   Area for cell type $_DFF_PP1_ is unknown!
   Area for cell type $_DFFE_PP0P_ is unknown!
   Area for cell type $_DFFE_PP1P_ is unknown!

