'PNR_SDC_FILE' is not defined. Using generic fallback SDC for OpenROAD PnR steps.
'SIGNOFF_SDC_FILE' is not defined. Using generic fallback SDC for OpenROAD PnR steps.
[ORD-2011] LEF master sky130_fd_sc_hd__tapvpwrvgnd_1 has no liberty cell.
[ORD-2011] LEF master sky130_fd_sc_hd__tapvpwrvgnd_1 has no liberty cell.
[GRT-0097] No global routing found for nets.
[CTS-0105] Net "clk" already has clock buffer clkbuf_0_clk. Skipping...
[CTS-0105] Net "clknet_0_clk" already has clock buffer clkbuf_1_1__f_clk. Skipping...
[CTS-0105] Net "clknet_1_1__leaf_clk" already has clock buffer clkbuf_1_1__f_clk. Skipping...
[CTS-0105] Net "clknet_1_0__leaf_clk" already has clock buffer clkbuf_1_0__f_clk. Skipping...
[CTS-0083] No clock nets have been found.
[CTS-0082] No valid clock nets in the design.
[GRT-0097] No global routing found for nets.
[GRT-0097] No global routing found for nets.
[DRT-0349] LEF58_ENCLOSURE with no CUTCLASS is not supported. Skipping for layer mcon
[DRT-0349] LEF58_ENCLOSURE with no CUTCLASS is not supported. Skipping for layer mcon
[DRT-0349] LEF58_ENCLOSURE with no CUTCLASS is not supported. Skipping for layer via
[DRT-0349] LEF58_ENCLOSURE with no CUTCLASS is not supported. Skipping for layer via
[DRT-0349] LEF58_ENCLOSURE with no CUTCLASS is not supported. Skipping for layer via2
[DRT-0349] LEF58_ENCLOSURE with no CUTCLASS is not supported. Skipping for layer via2
[DRT-0349] LEF58_ENCLOSURE with no CUTCLASS is not supported. Skipping for layer via3
[DRT-0349] LEF58_ENCLOSURE with no CUTCLASS is not supported. Skipping for layer via3
[DRT-0349] LEF58_ENCLOSURE with no CUTCLASS is not supported. Skipping for layer via4
[DRT-0349] LEF58_ENCLOSURE with no CUTCLASS is not supported. Skipping for layer via4
