%Warning-WIDTHEXPAND: /home/chithang/pdop2/jtag/src/riscv_dm.v:245:53: Operator ASSIGNDLY expects 32 bits on the Assign RHS, but Assign RHS's REPLICATE generates 30 bits.
                                                                     : ... note: In instance 'jtag_debug_top.u_dm'
  245 |                         ADDR_DMCONTROL: dmi_data_rd <= {
      |                                                     ^~
                      ... For warning description see https://verilator.org/warn/WIDTHEXPAND?v=5.018
                      ... Use "/* verilator lint_off WIDTHEXPAND */" and lint_on around source to disable this message.
%Warning-WIDTHEXPAND: /home/chithang/pdop2/jtag/src/riscv_dm.v:251:52: Operator ASSIGNDLY expects 32 bits on the Assign RHS, but Assign RHS's REPLICATE generates 28 bits.
                                                                     : ... note: In instance 'jtag_debug_top.u_dm'
  251 |                         ADDR_DMSTATUS: dmi_data_rd <= {
      |                                                    ^~
%Warning-WIDTHEXPAND: /home/chithang/pdop2/jtag/src/riscv_dm.v:261:52: Operator ASSIGNDLY expects 32 bits on the Assign RHS, but Assign RHS's REPLICATE generates 28 bits.
                                                                     : ... note: In instance 'jtag_debug_top.u_dm'
  261 |                         ADDR_HARTINFO: dmi_data_rd <= {
      |                                                    ^~
%Warning-WIDTHTRUNC: /home/chithang/pdop2/jtag/src/riscv_dm.v:267:54: Operator ASSIGNDLY expects 32 bits on the Assign RHS, but Assign RHS's REPLICATE generates 34 bits.
                                                                    : ... note: In instance 'jtag_debug_top.u_dm'
  267 |                         ADDR_ABSTRACTCS: dmi_data_rd <= {
      |                                                      ^~
%Warning-WIDTHEXPAND: /home/chithang/pdop2/jtag/src/riscv_dm.v:273:48: Operator ASSIGNDLY expects 32 bits on the Assign RHS, but Assign RHS's REPLICATE generates 28 bits.
                                                                     : ... note: In instance 'jtag_debug_top.u_dm'
  273 |                         ADDR_SBCS: dmi_data_rd <= {
      |                                                ^~
%Warning-WIDTHEXPAND: /home/chithang/pdop2/jtag/src/jtag_dtm.v:74:24: Operator ASSIGN expects 41 bits on the Assign RHS, but Assign RHS's REPLICATE generates 39 bits.
                                                                    : ... note: In instance 'jtag_debug_top.u_dtm'
   74 |                 dr_cap = {9'b0, 16'b0, 1'b0, 1'b0, 2'b00,
      |                        ^
%Warning-UNUSEDSIGNAL: /home/chithang/pdop2/jtag/src/jtag_dtm.v:51:30: Signal is not used: 'dmi_data_rd'
                                                                     : ... note: In instance 'jtag_debug_top.u_dtm'
   51 |     input  wire [31:0]       dmi_data_rd,
      |                              ^~~~~~~~~~~
%Warning-UNUSEDSIGNAL: /home/chithang/pdop2/jtag/src/jtag_dtm.v:52:30: Signal is not used: 'dmi_rsp_op'
                                                                     : ... note: In instance 'jtag_debug_top.u_dtm'
   52 |     input  wire [1:0]        dmi_rsp_op,     
      |                              ^~~~~~~~~~
%Warning-UNUSEDSIGNAL: /home/chithang/pdop2/jtag/src/jtag_dtm.v:85:17: Signal is not used: 'dr_capture_pulse'
                                                                     : ... note: In instance 'jtag_debug_top.u_dtm'
   85 |     wire        dr_capture_pulse;
      |                 ^~~~~~~~~~~~~~~~
%Warning-UNUSEDSIGNAL: /home/chithang/pdop2/jtag/src/jtag_dtm.v:86:17: Signal is not used: 'ir_update_pulse'
                                                                     : ... note: In instance 'jtag_debug_top.u_dtm'
   86 |     wire        ir_update_pulse;
      |                 ^~~~~~~~~~~~~~~
%Warning-UNUSEDSIGNAL: /home/chithang/pdop2/jtag/src/riscv_dm.v:43:29: Signal is not used: 'dmi_rsp_ready'
                                                                     : ... note: In instance 'jtag_debug_top.u_dm'
   43 |     input  wire             dmi_rsp_ready,
      |                             ^~~~~~~~~~~~~
%Warning-UNUSEDSIGNAL: /home/chithang/pdop2/jtag/src/riscv_dm.v:50:29: Signal is not used: 'running'
                                                                     : ... note: In instance 'jtag_debug_top.u_dm'
   50 |     input  wire             running,       
      |                             ^~~~~~~
%Warning-UNUSEDSIGNAL: /home/chithang/pdop2/jtag/src/riscv_dm.v:62:34: Signal is not used: 'm_axi_rid'
                                                                     : ... note: In instance 'jtag_debug_top.u_dm'
   62 |     input  wire [ID_WIDTH-1:0]   m_axi_rid,
      |                                  ^~~~~~~~~
%Warning-UNUSEDSIGNAL: /home/chithang/pdop2/jtag/src/riscv_dm.v:65:34: Signal is not used: 'm_axi_rlast'
                                                                     : ... note: In instance 'jtag_debug_top.u_dm'
   65 |     input  wire                  m_axi_rlast,
      |                                  ^~~~~~~~~~~
%Warning-UNUSEDSIGNAL: /home/chithang/pdop2/jtag/src/riscv_dm.v:84:34: Signal is not used: 'm_axi_bid'
                                                                     : ... note: In instance 'jtag_debug_top.u_dm'
   84 |     input  wire [ID_WIDTH-1:0]   m_axi_bid,
      |                                  ^~~~~~~~~
%Warning-UNUSEDPARAM: /home/chithang/pdop2/jtag/src/riscv_dm.v:128:16: Parameter is not used: 'DMI_OP_NOP'
                                                                     : ... note: In instance 'jtag_debug_top.u_dm'
  128 |     localparam DMI_OP_NOP   = 2'b00;
      |                ^~~~~~~~~~
%Warning-UNUSEDPARAM: /home/chithang/pdop2/jtag/src/riscv_dm.v:145:39: Parameter is not used: 'ABS_EXEC'
                                                                     : ... note: In instance 'jtag_debug_top.u_dm'
  145 |     localparam [1:0] ABS_IDLE = 2'd0, ABS_EXEC = 2'd1, ABS_DONE = 2'd2;
      |                                       ^~~~~~~~
%Warning-UNUSEDPARAM: /home/chithang/pdop2/jtag/src/riscv_dm.v:145:56: Parameter is not used: 'ABS_DONE'
                                                                     : ... note: In instance 'jtag_debug_top.u_dm'
  145 |     localparam [1:0] ABS_IDLE = 2'd0, ABS_EXEC = 2'd1, ABS_DONE = 2'd2;
      |                                                        ^~~~~~~~
%Warning-UNUSEDSIGNAL: /home/chithang/pdop2/jtag/src/riscv_dm.v:146:15: Signal is not used: 'abs_state'
                                                                      : ... note: In instance 'jtag_debug_top.u_dm'
  146 |     reg [1:0] abs_state;
      |               ^~~~~~~~~
%Warning-UNUSEDSIGNAL: /home/chithang/pdop2/jtag/src/riscv_dm.v:147:16: Signal is not used: 'abs_cmd_r'
                                                                      : ... note: In instance 'jtag_debug_top.u_dm'
  147 |     reg [31:0] abs_cmd_r;
      |                ^~~~~~~~~
%Warning-UNUSEDSIGNAL: /home/chithang/pdop2/jtag/src/riscv_dm.v:153:15: Signal is not driven, nor used: 'sba_is_write'
                                                                      : ... note: In instance 'jtag_debug_top.u_dm'
  153 |     reg       sba_is_write;
      |               ^~~~~~~~~~~~
%Warning-UNUSEDPARAM: /home/chithang/pdop2/jtag/src/jtag_tap.v:18:15: Parameter is not used: 'IDCODE'
                                                                    : ... note: In instance 'jtag_debug_top.u_dtm.u_tap'
   18 |     parameter IDCODE    = 32'hDEAD_BEEF    
      |               ^~~~~~
%Warning-UNUSEDSIGNAL: /home/chithang/pdop2/jtag/src/jtag_tap.v:29:24: Signal is not used: 'dr_len'
                                                                     : ... note: In instance 'jtag_debug_top.u_dtm.u_tap'
   29 |     input  wire [5:0]  dr_len,        
      |                        ^~~~~~
