Reading library file at '/home/chithang/.volare/volare/sky130/versions/0fe599b2afb6708d281543108caf8310912f54af/sky130A/libs.ref/sky130_fd_sc_hd/lib/sky130_fd_sc_hd__tt_025C_1v80.lib'…
Reading technology LEF file at '/home/chithang/.volare/volare/sky130/versions/0fe599b2afb6708d281543108caf8310912f54af/sky130A/libs.ref/sky130_fd_sc_hd/techlef/sky130_fd_sc_hd__nom.tlef'…
[INFO ODB-0227] LEF file: /home/chithang/.volare/volare/sky130/versions/0fe599b2afb6708d281543108caf8310912f54af/sky130A/libs.ref/sky130_fd_sc_hd/techlef/sky130_fd_sc_hd__nom.tlef, created 14 layers, 25 vias
Reading cell LEF file at '/home/chithang/.volare/volare/sky130/versions/0fe599b2afb6708d281543108caf8310912f54af/sky130A/libs.ref/sky130_fd_sc_hd/lef/sky130_ef_sc_hd.lef'…
[WARNING ODB-0220] WARNING (LEFPARS-2008): NOWIREEXTENSIONATPIN statement is obsolete in version 5.6 or later.
The NOWIREEXTENSIONATPIN statement will be ignored. See file /home/chithang/.volare/volare/sky130/versions/0fe599b2afb6708d281543108caf8310912f54af/sky130A/libs.ref/sky130_fd_sc_hd/lef/sky130_ef_sc_hd.lef at line 2.

[INFO ODB-0227] LEF file: /home/chithang/.volare/volare/sky130/versions/0fe599b2afb6708d281543108caf8310912f54af/sky130A/libs.ref/sky130_fd_sc_hd/lef/sky130_ef_sc_hd.lef, created 4 library cells
Reading cell LEF file at '/home/chithang/.volare/volare/sky130/versions/0fe599b2afb6708d281543108caf8310912f54af/sky130A/libs.ref/sky130_fd_sc_hd/lef/sky130_fd_sc_hd.lef'…
[WARNING ODB-0220] WARNING (LEFPARS-2008): NOWIREEXTENSIONATPIN statement is obsolete in version 5.6 or later.
The NOWIREEXTENSIONATPIN statement will be ignored. See file /home/chithang/.volare/volare/sky130/versions/0fe599b2afb6708d281543108caf8310912f54af/sky130A/libs.ref/sky130_fd_sc_hd/lef/sky130_fd_sc_hd.lef at line 2.

[INFO ODB-0227] LEF file: /home/chithang/.volare/volare/sky130/versions/0fe599b2afb6708d281543108caf8310912f54af/sky130A/libs.ref/sky130_fd_sc_hd/lef/sky130_fd_sc_hd.lef, created 437 library cells
Reading top-level netlist at '/home/chithang/pdop2/clk_reset_ctrl/runs/RUN_2026-03-29_15-29-31/02-yosys-synthesis/clk_reset_ctrl.nl.v'…
Linking design 'clk_reset_ctrl' from netlist…
Reading design constraints file at '/nix/store/h0ldzjka94yryiq8yxbxmwargpnmwhx6-python3-3.11.9-env/lib/python3.11/site-packages/openlane/scripts/base.sdc'…
[WARNING STA-0366] port 'clk' not found.
[INFO] Using clock clk…
[INFO] Setting output delay to: 2.0
[INFO] Setting input delay to: 2.0
[WARNING STA-0366] port 'clk' not found.
[INFO] Setting load to: 0.033442
[INFO] Setting clock uncertainty to: 0.25
[INFO] Setting clock transition to: 0.1499999999999999944488848768742172978818416595458984375
[WARNING STA-0419] transition time can not be specified for virtual clocks.
[INFO] Setting timing derate to: 5%
[WARNING STA-0450] virtual clock clk can not be propagated.
Using site height: 2.72 and site width: 0.46…
[INFO] Using absolute sizing for the floorplan.
[INFO IFP-0001] Added 157 rows of 954 site unithd.
[INFO IFP-0030] Inserted 0 tiecells using sky130_fd_sc_hd__conb_1/LO.
[INFO IFP-0030] Inserted 0 tiecells using sky130_fd_sc_hd__conb_1/HI.
[INFO] Extracting DIE_AREA and CORE_AREA from the floorplan
[INFO] Floorplanned on a die area of 0.0 0.0 450.0 450.0 (µm).
[INFO] Floorplanned on a core area of 5.52 10.88 444.36 437.92 (µm).
Writing metric design__die__bbox: 0.0 0.0 450.0 450.0
Writing metric design__core__bbox: 5.52 10.88 444.36 437.92
Setting global connections for newly added cells…
[INFO] Setting global connections...
Updating metrics…
Cell type report:                       Count       Area
  Buffer                                    1       5.00
  Inverter                                  6      22.52
  Sequential cell                          24     608.08
  Multi-Input combinational cell           59     512.99
  Total                                    90    1148.60
Writing OpenROAD database to '/home/chithang/pdop2/clk_reset_ctrl/runs/RUN_2026-03-29_15-29-31/09-openroad-floorplan/clk_reset_ctrl.odb'…
Writing netlist to '/home/chithang/pdop2/clk_reset_ctrl/runs/RUN_2026-03-29_15-29-31/09-openroad-floorplan/clk_reset_ctrl.nl.v'…
Writing powered netlist to '/home/chithang/pdop2/clk_reset_ctrl/runs/RUN_2026-03-29_15-29-31/09-openroad-floorplan/clk_reset_ctrl.pnl.v'…
Writing layout to '/home/chithang/pdop2/clk_reset_ctrl/runs/RUN_2026-03-29_15-29-31/09-openroad-floorplan/clk_reset_ctrl.def'…
Writing timing constraints to '/home/chithang/pdop2/clk_reset_ctrl/runs/RUN_2026-03-29_15-29-31/09-openroad-floorplan/clk_reset_ctrl.sdc'…
