
===========================================================================
report_checks -unconstrained
===========================================================================
======================= nom_ss_100C_1v60 Corner ===================================

Startpoint: rst_n (input port clocked by clk)
Endpoint: _8_ (recovery check against rising-edge clock clk)
Path Group: asynchronous
Path Type: max

Fanout         Cap        Slew       Delay        Time   Description
---------------------------------------------------------------------------------------------
                      0.150000    0.000000    0.000000   clock clk (rise edge)
                                  0.000000    0.000000   clock network delay (ideal)
                                  1.600000    1.600000 ^ input external delay
     2    0.006526    0.059507    0.035107    1.635107 ^ rst_n (in)
                                                         rst_n (net)
                      0.059507    0.000000    1.635107 ^ _8_/RESET_B (sky130_fd_sc_hd__dfrtp_2)
                                              1.635107   data arrival time

                      0.150000    8.000000    8.000000   clock clk (rise edge)
                                  0.000000    8.000000   clock network delay (ideal)
                                 -0.250000    7.750000   clock uncertainty
                                  0.000000    7.750000   clock reconvergence pessimism
                                              7.750000 ^ _8_/CLK (sky130_fd_sc_hd__dfrtp_2)
                                  0.475741    8.225741   library recovery time
                                              8.225741   data required time
---------------------------------------------------------------------------------------------
                                              8.225741   data required time
                                             -1.635107   data arrival time
---------------------------------------------------------------------------------------------
                                              6.590634   slack (MET)


Startpoint: _9_ (rising edge-triggered flip-flop clocked by clk)
Endpoint: cout (output port clocked by clk)
Path Group: clk
Path Type: max

Fanout         Cap        Slew       Delay        Time   Description
---------------------------------------------------------------------------------------------
                      0.150000    0.000000    0.000000   clock clk (rise edge)
                                  0.000000    0.000000   clock network delay (ideal)
                      0.150000    0.000000    0.000000 ^ _9_/CLK (sky130_fd_sc_hd__dfrtp_2)
     1    0.033442    0.208806    0.993345    0.993345 v _9_/Q (sky130_fd_sc_hd__dfrtp_2)
                                                         cout (net)
                      0.208806    0.000000    0.993345 v cout (out)
                                              0.993345   data arrival time

                      0.150000    8.000000    8.000000   clock clk (rise edge)
                                  0.000000    8.000000   clock network delay (ideal)
                                 -0.250000    7.750000   clock uncertainty
                                  0.000000    7.750000   clock reconvergence pessimism
                                 -1.600000    6.150000   output external delay
                                              6.150000   data required time
---------------------------------------------------------------------------------------------
                                              6.150000   data required time
                                             -0.993345   data arrival time
---------------------------------------------------------------------------------------------
                                              5.156654   slack (MET)




===========================================================================
report_checks --slack_max -0.01
============================================================================
======================= nom_ss_100C_1v60 Corner ===================================

No paths found.


===========================================================================
 report_check_types -max_slew -max_cap -max_fanout -violators
============================================================================
======================= nom_ss_100C_1v60 Corner ===================================



===========================================================================
report_parasitic_annotation -report_unannotated
============================================================================
Found 12 unannotated drivers.
 a
 b
 cin
 clk
 rst_n
 _3_/Y
 _4_/Y
 _5_/Y
 _6_/Y
 _7_/Y
 _8_/Q
 _9_/Q
Found 0 partially unannotated drivers.

===========================================================================
max slew violation count 0
max fanout violation count 0
max cap violation count 0
============================================================================

===========================================================================
check_setup -verbose -unconstrained_endpoints -multiple_clock -no_clock -no_input_delay -loops -generated_clocks
===========================================================================
