
===========================================================================
report_checks -path_delay max (Setup)
============================================================================
======================= nom_ss_100C_1v60 Corner ===================================

Startpoint: _9_ (rising edge-triggered flip-flop clocked by clk)
Endpoint: cout (output port clocked by clk)
Path Group: clk
Path Type: max

Fanout         Cap        Slew       Delay        Time   Description
---------------------------------------------------------------------------------------------
                      0.150000    0.000000    0.000000   clock clk (rise edge)
                                  0.000000    0.000000   clock network delay (ideal)
                      0.150000    0.000000    0.000000 ^ _9_/CLK (sky130_fd_sc_hd__dfrtp_2)
     1    0.033442    0.208806    0.993345    0.993345 v _9_/Q (sky130_fd_sc_hd__dfrtp_2)
                                                         cout (net)
                      0.208806    0.000000    0.993345 v cout (out)
                                              0.993345   data arrival time

                      0.150000    8.000000    8.000000   clock clk (rise edge)
                                  0.000000    8.000000   clock network delay (ideal)
                                 -0.250000    7.750000   clock uncertainty
                                  0.000000    7.750000   clock reconvergence pessimism
                                 -1.600000    6.150000   output external delay
                                              6.150000   data required time
---------------------------------------------------------------------------------------------
                                              6.150000   data required time
                                             -0.993345   data arrival time
---------------------------------------------------------------------------------------------
                                              5.156654   slack (MET)


Startpoint: _8_ (rising edge-triggered flip-flop clocked by clk)
Endpoint: sum (output port clocked by clk)
Path Group: clk
Path Type: max

Fanout         Cap        Slew       Delay        Time   Description
---------------------------------------------------------------------------------------------
                      0.150000    0.000000    0.000000   clock clk (rise edge)
                                  0.000000    0.000000   clock network delay (ideal)
                      0.150000    0.000000    0.000000 ^ _8_/CLK (sky130_fd_sc_hd__dfrtp_2)
     1    0.033442    0.208806    0.993345    0.993345 v _8_/Q (sky130_fd_sc_hd__dfrtp_2)
                                                         sum (net)
                      0.208806    0.000000    0.993345 v sum (out)
                                              0.993345   data arrival time

                      0.150000    8.000000    8.000000   clock clk (rise edge)
                                  0.000000    8.000000   clock network delay (ideal)
                                 -0.250000    7.750000   clock uncertainty
                                  0.000000    7.750000   clock reconvergence pessimism
                                 -1.600000    6.150000   output external delay
                                              6.150000   data required time
---------------------------------------------------------------------------------------------
                                              6.150000   data required time
                                             -0.993345   data arrival time
---------------------------------------------------------------------------------------------
                                              5.156654   slack (MET)


Startpoint: b (input port clocked by clk)
Endpoint: _8_ (rising edge-triggered flip-flop clocked by clk)
Path Group: clk
Path Type: max

Fanout         Cap        Slew       Delay        Time   Description
---------------------------------------------------------------------------------------------
                      0.150000    0.000000    0.000000   clock clk (rise edge)
                                  0.000000    0.000000   clock network delay (ideal)
                                  1.600000    1.600000 v input external delay
     2    0.012761    0.059650    0.039619    1.639619 v b (in)
                                                         b (net)
                      0.059650    0.000000    1.639619 v _5_/A (sky130_fd_sc_hd__xnor2_2)
     2    0.012386    0.163744    0.283847    1.923467 v _5_/Y (sky130_fd_sc_hd__xnor2_2)
                                                         _2_ (net)
                      0.163744    0.000000    1.923467 v _7_/B (sky130_fd_sc_hd__xnor2_2)
     1    0.001838    0.075554    0.255277    2.178743 v _7_/Y (sky130_fd_sc_hd__xnor2_2)
                                                         sum_comb (net)
                      0.075554    0.000000    2.178743 v _8_/D (sky130_fd_sc_hd__dfrtp_2)
                                              2.178743   data arrival time

                      0.150000    8.000000    8.000000   clock clk (rise edge)
                                  0.000000    8.000000   clock network delay (ideal)
                                 -0.250000    7.750000   clock uncertainty
                                  0.000000    7.750000   clock reconvergence pessimism
                                              7.750000 ^ _8_/CLK (sky130_fd_sc_hd__dfrtp_2)
                                 -0.257606    7.492394   library setup time
                                              7.492394   data required time
---------------------------------------------------------------------------------------------
                                              7.492394   data required time
                                             -2.178743   data arrival time
---------------------------------------------------------------------------------------------
                                              5.313651   slack (MET)


Startpoint: b (input port clocked by clk)
Endpoint: _9_ (rising edge-triggered flip-flop clocked by clk)
Path Group: clk
Path Type: max

Fanout         Cap        Slew       Delay        Time   Description
---------------------------------------------------------------------------------------------
                      0.150000    0.000000    0.000000   clock clk (rise edge)
                                  0.000000    0.000000   clock network delay (ideal)
                                  1.600000    1.600000 v input external delay
     2    0.012761    0.059650    0.039619    1.639619 v b (in)
                                                         b (net)
                      0.059650    0.000000    1.639619 v _5_/A (sky130_fd_sc_hd__xnor2_2)
     2    0.013183    0.343452    0.354770    1.994390 ^ _5_/Y (sky130_fd_sc_hd__xnor2_2)
                                                         _2_ (net)
                      0.343452    0.000000    1.994390 ^ _6_/A2 (sky130_fd_sc_hd__o21ai_2)
     1    0.001838    0.060607    0.161140    2.155529 v _6_/Y (sky130_fd_sc_hd__o21ai_2)
                                                         cout_comb (net)
                      0.060607    0.000000    2.155529 v _9_/D (sky130_fd_sc_hd__dfrtp_2)
                                              2.155529   data arrival time

                      0.150000    8.000000    8.000000   clock clk (rise edge)
                                  0.000000    8.000000   clock network delay (ideal)
                                 -0.250000    7.750000   clock uncertainty
                                  0.000000    7.750000   clock reconvergence pessimism
                                              7.750000 ^ _9_/CLK (sky130_fd_sc_hd__dfrtp_2)
                                 -0.251370    7.498630   library setup time
                                              7.498630   data required time
---------------------------------------------------------------------------------------------
                                              7.498630   data required time
                                             -2.155529   data arrival time
---------------------------------------------------------------------------------------------
                                              5.343100   slack (MET)


Startpoint: rst_n (input port clocked by clk)
Endpoint: _8_ (recovery check against rising-edge clock clk)
Path Group: asynchronous
Path Type: max

Fanout         Cap        Slew       Delay        Time   Description
---------------------------------------------------------------------------------------------
                      0.150000    0.000000    0.000000   clock clk (rise edge)
                                  0.000000    0.000000   clock network delay (ideal)
                                  1.600000    1.600000 ^ input external delay
     2    0.006526    0.059507    0.035107    1.635107 ^ rst_n (in)
                                                         rst_n (net)
                      0.059507    0.000000    1.635107 ^ _8_/RESET_B (sky130_fd_sc_hd__dfrtp_2)
                                              1.635107   data arrival time

                      0.150000    8.000000    8.000000   clock clk (rise edge)
                                  0.000000    8.000000   clock network delay (ideal)
                                 -0.250000    7.750000   clock uncertainty
                                  0.000000    7.750000   clock reconvergence pessimism
                                              7.750000 ^ _8_/CLK (sky130_fd_sc_hd__dfrtp_2)
                                  0.475741    8.225741   library recovery time
                                              8.225741   data required time
---------------------------------------------------------------------------------------------
                                              8.225741   data required time
                                             -1.635107   data arrival time
---------------------------------------------------------------------------------------------
                                              6.590634   slack (MET)


Startpoint: rst_n (input port clocked by clk)
Endpoint: _9_ (recovery check against rising-edge clock clk)
Path Group: asynchronous
Path Type: max

Fanout         Cap        Slew       Delay        Time   Description
---------------------------------------------------------------------------------------------
                      0.150000    0.000000    0.000000   clock clk (rise edge)
                                  0.000000    0.000000   clock network delay (ideal)
                                  1.600000    1.600000 ^ input external delay
     2    0.006526    0.059507    0.035107    1.635107 ^ rst_n (in)
                                                         rst_n (net)
                      0.059507    0.000000    1.635107 ^ _9_/RESET_B (sky130_fd_sc_hd__dfrtp_2)
                                              1.635107   data arrival time

                      0.150000    8.000000    8.000000   clock clk (rise edge)
                                  0.000000    8.000000   clock network delay (ideal)
                                 -0.250000    7.750000   clock uncertainty
                                  0.000000    7.750000   clock reconvergence pessimism
                                              7.750000 ^ _9_/CLK (sky130_fd_sc_hd__dfrtp_2)
                                  0.475741    8.225741   library recovery time
                                              8.225741   data required time
---------------------------------------------------------------------------------------------
                                              8.225741   data required time
                                             -1.635107   data arrival time
---------------------------------------------------------------------------------------------
                                              6.590634   slack (MET)



