
===========================================================================
report_checks -path_delay min (Hold)
============================================================================
======================= nom_ss_100C_1v60 Corner ===================================

Startpoint: rst_n (input port clocked by clk)
Endpoint: _8_ (removal check against rising-edge clock clk)
Path Group: asynchronous
Path Type: min

Fanout         Cap        Slew       Delay        Time   Description
---------------------------------------------------------------------------------------------
                      0.150000    0.000000    0.000000   clock clk (rise edge)
                                  0.000000    0.000000   clock network delay (ideal)
                                  1.600000    1.600000 ^ input external delay
     2    0.006526    0.059507    0.035107    1.635107 ^ rst_n (in)
                                                         rst_n (net)
                      0.059507    0.000000    1.635107 ^ _8_/RESET_B (sky130_fd_sc_hd__dfrtp_2)
                                              1.635107   data arrival time

                      0.150000    0.000000    0.000000   clock clk (rise edge)
                                  0.000000    0.000000   clock network delay (ideal)
                                  0.250000    0.250000   clock uncertainty
                                  0.000000    0.250000   clock reconvergence pessimism
                                              0.250000 ^ _8_/CLK (sky130_fd_sc_hd__dfrtp_2)
                                  0.678345    0.928345   library removal time
                                              0.928345   data required time
---------------------------------------------------------------------------------------------
                                              0.928345   data required time
                                             -1.635107   data arrival time
---------------------------------------------------------------------------------------------
                                              0.706762   slack (MET)


Startpoint: rst_n (input port clocked by clk)
Endpoint: _9_ (removal check against rising-edge clock clk)
Path Group: asynchronous
Path Type: min

Fanout         Cap        Slew       Delay        Time   Description
---------------------------------------------------------------------------------------------
                      0.150000    0.000000    0.000000   clock clk (rise edge)
                                  0.000000    0.000000   clock network delay (ideal)
                                  1.600000    1.600000 ^ input external delay
     2    0.006526    0.059507    0.035107    1.635107 ^ rst_n (in)
                                                         rst_n (net)
                      0.059507    0.000000    1.635107 ^ _9_/RESET_B (sky130_fd_sc_hd__dfrtp_2)
                                              1.635107   data arrival time

                      0.150000    0.000000    0.000000   clock clk (rise edge)
                                  0.000000    0.000000   clock network delay (ideal)
                                  0.250000    0.250000   clock uncertainty
                                  0.000000    0.250000   clock reconvergence pessimism
                                              0.250000 ^ _9_/CLK (sky130_fd_sc_hd__dfrtp_2)
                                  0.678345    0.928345   library removal time
                                              0.928345   data required time
---------------------------------------------------------------------------------------------
                                              0.928345   data required time
                                             -1.635107   data arrival time
---------------------------------------------------------------------------------------------
                                              0.706762   slack (MET)


Startpoint: b (input port clocked by clk)
Endpoint: _9_ (rising edge-triggered flip-flop clocked by clk)
Path Group: clk
Path Type: min

Fanout         Cap        Slew       Delay        Time   Description
---------------------------------------------------------------------------------------------
                      0.150000    0.000000    0.000000   clock clk (rise edge)
                                  0.000000    0.000000   clock network delay (ideal)
                                  1.600000    1.600000 v input external delay
     2    0.012761    0.059650    0.039619    1.639619 v b (in)
                                                         b (net)
                      0.059650    0.000000    1.639619 v _4_/A (sky130_fd_sc_hd__nand2_2)
     1    0.004518    0.058830    0.083221    1.722840 ^ _4_/Y (sky130_fd_sc_hd__nand2_2)
                                                         _1_ (net)
                      0.058830    0.000000    1.722840 ^ _6_/B1 (sky130_fd_sc_hd__o21ai_2)
     1    0.001838    0.042559    0.080513    1.803353 v _6_/Y (sky130_fd_sc_hd__o21ai_2)
                                                         cout_comb (net)
                      0.042559    0.000000    1.803353 v _9_/D (sky130_fd_sc_hd__dfrtp_2)
                                              1.803353   data arrival time

                      0.150000    0.000000    0.000000   clock clk (rise edge)
                                  0.000000    0.000000   clock network delay (ideal)
                                  0.250000    0.250000   clock uncertainty
                                  0.000000    0.250000   clock reconvergence pessimism
                                              0.250000 ^ _9_/CLK (sky130_fd_sc_hd__dfrtp_2)
                                 -0.060207    0.189793   library hold time
                                              0.189793   data required time
---------------------------------------------------------------------------------------------
                                              0.189793   data required time
                                             -1.803353   data arrival time
---------------------------------------------------------------------------------------------
                                              1.613560   slack (MET)


Startpoint: cin (input port clocked by clk)
Endpoint: _8_ (rising edge-triggered flip-flop clocked by clk)
Path Group: clk
Path Type: min

Fanout         Cap        Slew       Delay        Time   Description
---------------------------------------------------------------------------------------------
                      0.150000    0.000000    0.000000   clock clk (rise edge)
                                  0.000000    0.000000   clock network delay (ideal)
                                  1.600000    1.600000 ^ input external delay
     2    0.013670    0.108686    0.070536    1.670536 ^ cin (in)
                                                         cin (net)
                      0.108686    0.000000    1.670536 ^ _7_/A (sky130_fd_sc_hd__xnor2_2)
     1    0.001838    0.053484    0.132759    1.803295 v _7_/Y (sky130_fd_sc_hd__xnor2_2)
                                                         sum_comb (net)
                      0.053484    0.000000    1.803295 v _8_/D (sky130_fd_sc_hd__dfrtp_2)
                                              1.803295   data arrival time

                      0.150000    0.000000    0.000000   clock clk (rise edge)
                                  0.000000    0.000000   clock network delay (ideal)
                                  0.250000    0.250000   clock uncertainty
                                  0.000000    0.250000   clock reconvergence pessimism
                                              0.250000 ^ _8_/CLK (sky130_fd_sc_hd__dfrtp_2)
                                 -0.064210    0.185790   library hold time
                                              0.185790   data required time
---------------------------------------------------------------------------------------------
                                              0.185790   data required time
                                             -1.803295   data arrival time
---------------------------------------------------------------------------------------------
                                              1.617505   slack (MET)


Startpoint: _9_ (rising edge-triggered flip-flop clocked by clk)
Endpoint: cout (output port clocked by clk)
Path Group: clk
Path Type: min

Fanout         Cap        Slew       Delay        Time   Description
---------------------------------------------------------------------------------------------
                      0.150000    0.000000    0.000000   clock clk (rise edge)
                                  0.000000    0.000000   clock network delay (ideal)
                      0.150000    0.000000    0.000000 ^ _9_/CLK (sky130_fd_sc_hd__dfrtp_2)
     1    0.033442    0.281562    0.906297    0.906297 ^ _9_/Q (sky130_fd_sc_hd__dfrtp_2)
                                                         cout (net)
                      0.281562    0.000000    0.906297 ^ cout (out)
                                              0.906297   data arrival time

                      0.150000    0.000000    0.000000   clock clk (rise edge)
                                  0.000000    0.000000   clock network delay (ideal)
                                  0.250000    0.250000   clock uncertainty
                                  0.000000    0.250000   clock reconvergence pessimism
                                 -1.600000   -1.350000   output external delay
                                             -1.350000   data required time
---------------------------------------------------------------------------------------------
                                             -1.350000   data required time
                                             -0.906297   data arrival time
---------------------------------------------------------------------------------------------
                                              2.256297   slack (MET)


Startpoint: _8_ (rising edge-triggered flip-flop clocked by clk)
Endpoint: sum (output port clocked by clk)
Path Group: clk
Path Type: min

Fanout         Cap        Slew       Delay        Time   Description
---------------------------------------------------------------------------------------------
                      0.150000    0.000000    0.000000   clock clk (rise edge)
                                  0.000000    0.000000   clock network delay (ideal)
                      0.150000    0.000000    0.000000 ^ _8_/CLK (sky130_fd_sc_hd__dfrtp_2)
     1    0.033442    0.281562    0.906297    0.906297 ^ _8_/Q (sky130_fd_sc_hd__dfrtp_2)
                                                         sum (net)
                      0.281562    0.000000    0.906297 ^ sum (out)
                                              0.906297   data arrival time

                      0.150000    0.000000    0.000000   clock clk (rise edge)
                                  0.000000    0.000000   clock network delay (ideal)
                                  0.250000    0.250000   clock uncertainty
                                  0.000000    0.250000   clock reconvergence pessimism
                                 -1.600000   -1.350000   output external delay
                                             -1.350000   data required time
---------------------------------------------------------------------------------------------
                                             -1.350000   data required time
                                             -0.906297   data arrival time
---------------------------------------------------------------------------------------------
                                              2.256297   slack (MET)



