148. Printing statistics.

=== ascon_CORE ===

   Number of wires:               8800
   Number of wire bits:          12341
   Number of public wires:          53
   Number of public wire bits:    3577
   Number of ports:                 21
   Number of port bits:            917
   Number of memories:               0
   Number of memory bits:            0
   Number of processes:              0
   Number of cells:              11298
     $_ANDNOT_                     600
     $_AND_                         31
     $_MUX_                       4879
     $_NAND_                        18
     $_NOR_                        144
     $_NOT_                       1098
     $_ORNOT_                      114
     $_OR_                         397
     $_XNOR_                       800
     $_XOR_                       1455
     sky130_fd_sc_hd__dfrtp_2     1762

   Area for cell type $_NOT_ is unknown!
   Area for cell type $_AND_ is unknown!
   Area for cell type $_NAND_ is unknown!
   Area for cell type $_OR_ is unknown!
   Area for cell type $_NOR_ is unknown!
   Area for cell type $_XOR_ is unknown!
   Area for cell type $_XNOR_ is unknown!
   Area for cell type $_ANDNOT_ is unknown!
   Area for cell type $_ORNOT_ is unknown!
   Area for cell type $_MUX_ is unknown!

   Chip area for module '\ascon_CORE': 46296.902400
     of which used for sequential elements: 46296.902400 (100.00%)

