
===========================================================================
report_checks -path_delay max (Setup)
============================================================================
======================= nom_ff_n40C_1v95 Corner ===================================

Startpoint: _9_ (rising edge-triggered flip-flop clocked by clk)
Endpoint: cout (output port clocked by clk)
Path Group: clk
Path Type: max

Fanout         Cap        Slew       Delay        Time   Description
---------------------------------------------------------------------------------------------
                      0.150000    0.000000    0.000000   clock clk (rise edge)
                                  0.000000    0.000000   clock network delay (ideal)
                      0.150000    0.000000    0.000000 ^ _9_/CLK (sky130_fd_sc_hd__dfrtp_2)
     1    0.033442    0.078319    0.325229    0.325229 v _9_/Q (sky130_fd_sc_hd__dfrtp_2)
                                                         cout (net)
                      0.078319    0.000000    0.325229 v cout (out)
                                              0.325229   data arrival time

                      0.150000    8.000000    8.000000   clock clk (rise edge)
                                  0.000000    8.000000   clock network delay (ideal)
                                 -0.250000    7.750000   clock uncertainty
                                  0.000000    7.750000   clock reconvergence pessimism
                                 -1.600000    6.150000   output external delay
                                              6.150000   data required time
---------------------------------------------------------------------------------------------
                                              6.150000   data required time
                                             -0.325229   data arrival time
---------------------------------------------------------------------------------------------
                                              5.824770   slack (MET)


Startpoint: _8_ (rising edge-triggered flip-flop clocked by clk)
Endpoint: sum (output port clocked by clk)
Path Group: clk
Path Type: max

Fanout         Cap        Slew       Delay        Time   Description
---------------------------------------------------------------------------------------------
                      0.150000    0.000000    0.000000   clock clk (rise edge)
                                  0.000000    0.000000   clock network delay (ideal)
                      0.150000    0.000000    0.000000 ^ _8_/CLK (sky130_fd_sc_hd__dfrtp_2)
     1    0.033442    0.078319    0.325229    0.325229 v _8_/Q (sky130_fd_sc_hd__dfrtp_2)
                                                         sum (net)
                      0.078319    0.000000    0.325229 v sum (out)
                                              0.325229   data arrival time

                      0.150000    8.000000    8.000000   clock clk (rise edge)
                                  0.000000    8.000000   clock network delay (ideal)
                                 -0.250000    7.750000   clock uncertainty
                                  0.000000    7.750000   clock reconvergence pessimism
                                 -1.600000    6.150000   output external delay
                                              6.150000   data required time
---------------------------------------------------------------------------------------------
                                              6.150000   data required time
                                             -0.325229   data arrival time
---------------------------------------------------------------------------------------------
                                              5.824770   slack (MET)


Startpoint: b (input port clocked by clk)
Endpoint: _8_ (rising edge-triggered flip-flop clocked by clk)
Path Group: clk
Path Type: max

Fanout         Cap        Slew       Delay        Time   Description
---------------------------------------------------------------------------------------------
                      0.150000    0.000000    0.000000   clock clk (rise edge)
                                  0.000000    0.000000   clock network delay (ideal)
                                  1.600000    1.600000 v input external delay
     2    0.012591    0.020677    0.012748    1.612748 v b (in)
                                                         b (net)
                      0.020677    0.000000    1.612748 v _5_/A (sky130_fd_sc_hd__xnor2_2)
     2    0.013116    0.164811    0.152889    1.765638 ^ _5_/Y (sky130_fd_sc_hd__xnor2_2)
                                                         _2_ (net)
                      0.164811    0.000000    1.765638 ^ _7_/B (sky130_fd_sc_hd__xnor2_2)
     1    0.002087    0.069578    0.068261    1.833899 ^ _7_/Y (sky130_fd_sc_hd__xnor2_2)
                                                         sum_comb (net)
                      0.069578    0.000000    1.833899 ^ _8_/D (sky130_fd_sc_hd__dfrtp_2)
                                              1.833899   data arrival time

                      0.150000    8.000000    8.000000   clock clk (rise edge)
                                  0.000000    8.000000   clock network delay (ideal)
                                 -0.250000    7.750000   clock uncertainty
                                  0.000000    7.750000   clock reconvergence pessimism
                                              7.750000 ^ _8_/CLK (sky130_fd_sc_hd__dfrtp_2)
                                 -0.035596    7.714404   library setup time
                                              7.714404   data required time
---------------------------------------------------------------------------------------------
                                              7.714404   data required time
                                             -1.833899   data arrival time
---------------------------------------------------------------------------------------------
                                              5.880505   slack (MET)


Startpoint: b (input port clocked by clk)
Endpoint: _9_ (rising edge-triggered flip-flop clocked by clk)
Path Group: clk
Path Type: max

Fanout         Cap        Slew       Delay        Time   Description
---------------------------------------------------------------------------------------------
                      0.150000    0.000000    0.000000   clock clk (rise edge)
                                  0.000000    0.000000   clock network delay (ideal)
                                  1.600000    1.600000 v input external delay
     2    0.012591    0.020677    0.012748    1.612748 v b (in)
                                                         b (net)
                      0.020677    0.000000    1.612748 v _5_/A (sky130_fd_sc_hd__xnor2_2)
     2    0.013116    0.164811    0.152889    1.765638 ^ _5_/Y (sky130_fd_sc_hd__xnor2_2)
                                                         _2_ (net)
                      0.164811    0.000000    1.765638 ^ _6_/A2 (sky130_fd_sc_hd__o21ai_2)
     1    0.002059    0.031937    0.023083    1.788720 v _6_/Y (sky130_fd_sc_hd__o21ai_2)
                                                         cout_comb (net)
                      0.031937    0.000000    1.788720 v _9_/D (sky130_fd_sc_hd__dfrtp_2)
                                              1.788720   data arrival time

                      0.150000    8.000000    8.000000   clock clk (rise edge)
                                  0.000000    8.000000   clock network delay (ideal)
                                 -0.250000    7.750000   clock uncertainty
                                  0.000000    7.750000   clock reconvergence pessimism
                                              7.750000 ^ _9_/CLK (sky130_fd_sc_hd__dfrtp_2)
                                 -0.062288    7.687712   library setup time
                                              7.687712   data required time
---------------------------------------------------------------------------------------------
                                              7.687712   data required time
                                             -1.788720   data arrival time
---------------------------------------------------------------------------------------------
                                              5.898992   slack (MET)


Startpoint: rst_n (input port clocked by clk)
Endpoint: _8_ (recovery check against rising-edge clock clk)
Path Group: asynchronous
Path Type: max

Fanout         Cap        Slew       Delay        Time   Description
---------------------------------------------------------------------------------------------
                      0.150000    0.000000    0.000000   clock clk (rise edge)
                                  0.000000    0.000000   clock network delay (ideal)
                                  1.600000    1.600000 ^ input external delay
     2    0.007234    0.030059    0.018333    1.618333 ^ rst_n (in)
                                                         rst_n (net)
                      0.030059    0.000000    1.618333 ^ _8_/RESET_B (sky130_fd_sc_hd__dfrtp_2)
                                              1.618333   data arrival time

                      0.150000    8.000000    8.000000   clock clk (rise edge)
                                  0.000000    8.000000   clock network delay (ideal)
                                 -0.250000    7.750000   clock uncertainty
                                  0.000000    7.750000   clock reconvergence pessimism
                                              7.750000 ^ _8_/CLK (sky130_fd_sc_hd__dfrtp_2)
                                  0.152009    7.902009   library recovery time
                                              7.902009   data required time
---------------------------------------------------------------------------------------------
                                              7.902009   data required time
                                             -1.618333   data arrival time
---------------------------------------------------------------------------------------------
                                              6.283676   slack (MET)


Startpoint: rst_n (input port clocked by clk)
Endpoint: _9_ (recovery check against rising-edge clock clk)
Path Group: asynchronous
Path Type: max

Fanout         Cap        Slew       Delay        Time   Description
---------------------------------------------------------------------------------------------
                      0.150000    0.000000    0.000000   clock clk (rise edge)
                                  0.000000    0.000000   clock network delay (ideal)
                                  1.600000    1.600000 ^ input external delay
     2    0.007234    0.030059    0.018333    1.618333 ^ rst_n (in)
                                                         rst_n (net)
                      0.030059    0.000000    1.618333 ^ _9_/RESET_B (sky130_fd_sc_hd__dfrtp_2)
                                              1.618333   data arrival time

                      0.150000    8.000000    8.000000   clock clk (rise edge)
                                  0.000000    8.000000   clock network delay (ideal)
                                 -0.250000    7.750000   clock uncertainty
                                  0.000000    7.750000   clock reconvergence pessimism
                                              7.750000 ^ _9_/CLK (sky130_fd_sc_hd__dfrtp_2)
                                  0.152009    7.902009   library recovery time
                                              7.902009   data required time
---------------------------------------------------------------------------------------------
                                              7.902009   data required time
                                             -1.618333   data arrival time
---------------------------------------------------------------------------------------------
                                              6.283676   slack (MET)



