151. Printing statistics.

=== jtag_debug_top ===

   Number of wires:                844
   Number of wire bits:           1294
   Number of public wires:          70
   Number of public wire bits:     474
   Number of ports:                 43
   Number of port bits:            208
   Number of memories:               0
   Number of memory bits:            0
   Number of processes:              0
   Number of cells:               1142
     $_ANDNOT_                     144
     $_AND_                          7
     $_DFFE_PN0P_                   41
     $_DFFE_PN_                     41
     $_DFFE_PP_                    198
     $_DFF_N_                        1
     $_DFF_PN0_                     42
     $_DFF_PN1_                      2
     $_DFF_P_                        2
     $_MUX_                        216
     $_NAND_                        36
     $_NOR_                         18
     $_NOT_                         12
     $_ORNOT_                       29
     $_OR_                         319
     $_SDFFCE_PN0P_                 26
     $_SDFFCE_PP0P_                  4
     $_SDFFCE_PP1P_                  1
     $_SDFF_PN0_                     3

   Area for cell type $_NOT_ is unknown!
   Area for cell type $_AND_ is unknown!
   Area for cell type $_NAND_ is unknown!
   Area for cell type $_OR_ is unknown!
   Area for cell type $_NOR_ is unknown!
   Area for cell type $_ANDNOT_ is unknown!
   Area for cell type $_ORNOT_ is unknown!
   Area for cell type $_MUX_ is unknown!
   Area for cell type $_DFF_N_ is unknown!
   Area for cell type $_DFF_P_ is unknown!
   Area for cell type $_DFFE_PN_ is unknown!
   Area for cell type $_DFFE_PP_ is unknown!
   Area for cell type $_DFF_PN0_ is unknown!
   Area for cell type $_DFF_PN1_ is unknown!
   Area for cell type $_DFFE_PN0P_ is unknown!
   Area for cell type $_SDFF_PN0_ is unknown!
   Area for cell type $_SDFFCE_PN0P_ is unknown!
   Area for cell type $_SDFFCE_PP0P_ is unknown!
   Area for cell type $_SDFFCE_PP1P_ is unknown!

