Clock: clk
Sources: clk 
Generated: no
Virtual: yes
Propagated: no
Period: 8.000000

===========================================================================
report_clock_properties
============================================================================
Clock                   Period          Waveform
----------------------------------------------------
clk                   8.000000    0.000000  4.000000

===========================================================================
report_clock_latency
============================================================================
Clock clk
rise -> rise
    min     max
0.000000 0.000000 source latency
0.019382         network latency _9_/CLK
        0.019383 network latency _8_/CLK
---------------
0.019382 0.019383 latency
        0.000000 skew

fall -> fall
    min     max
0.000000 0.000000 source latency
0.008379         network latency _9_/CLK
        0.008380 network latency _8_/CLK
---------------
0.008379 0.008380 latency
        0.000000 skew



===========================================================================
report_clock_min_period
============================================================================
clk period_min = 0.00 fmax = inf
