Reading timing models for corner nom_ss_100C_1v60…
Reading cell library for the 'nom_ss_100C_1v60' corner at '/home/chithang/.volare/volare/sky130/versions/0fe599b2afb6708d281543108caf8310912f54af/sky130A/libs.ref/sky130_fd_sc_hd/lib/sky130_fd_sc_hd__ss_100C_1v60.lib'…
Reading top-level netlist at '/home/chithang/pdop2/FA_reg/runs/RUN_2026-03-28_14-30-24/06-yosys-synthesis/FA_Reg.nl.v'…
Linking design 'FA_Reg' from netlist…
Reading design constraints file at '/nix/store/h0ldzjka94yryiq8yxbxmwargpnmwhx6-python3-3.11.9-env/lib/python3.11/site-packages/openlane/scripts/base.sdc'…
[INFO] Using clock clk…
[INFO] Setting output delay to: 1.6
[INFO] Setting input delay to: 1.6
[INFO] Setting load to: 0.033442
[INFO] Setting clock uncertainty to: 0.25
[INFO] Setting clock transition to: 0.1499999999999999944488848768742172978818416595458984375
[INFO] Setting timing derate to: 5%
%OL_CREATE_REPORT min.rpt

===========================================================================
report_checks -path_delay min (Hold)
============================================================================
======================= nom_ss_100C_1v60 Corner ===================================

Startpoint: rst_n (input port clocked by clk)
Endpoint: _8_ (removal check against rising-edge clock clk)
Path Group: asynchronous
Path Type: min

Fanout         Cap        Slew       Delay        Time   Description
---------------------------------------------------------------------------------------------
                      0.150000    0.000000    0.000000   clock clk (rise edge)
                                  0.000000    0.000000   clock network delay (ideal)
                                  1.600000    1.600000 ^ input external delay
     2    0.006526    0.059507    0.035107    1.635107 ^ rst_n (in)
                                                         rst_n (net)
                      0.059507    0.000000    1.635107 ^ _8_/RESET_B (sky130_fd_sc_hd__dfrtp_2)
                                              1.635107   data arrival time

                      0.150000    0.000000    0.000000   clock clk (rise edge)
                                  0.000000    0.000000   clock network delay (ideal)
                                  0.250000    0.250000   clock uncertainty
                                  0.000000    0.250000   clock reconvergence pessimism
                                              0.250000 ^ _8_/CLK (sky130_fd_sc_hd__dfrtp_2)
                                  0.678345    0.928345   library removal time
                                              0.928345   data required time
---------------------------------------------------------------------------------------------
                                              0.928345   data required time
                                             -1.635107   data arrival time
---------------------------------------------------------------------------------------------
                                              0.706762   slack (MET)


Startpoint: rst_n (input port clocked by clk)
Endpoint: _9_ (removal check against rising-edge clock clk)
Path Group: asynchronous
Path Type: min

Fanout         Cap        Slew       Delay        Time   Description
---------------------------------------------------------------------------------------------
                      0.150000    0.000000    0.000000   clock clk (rise edge)
                                  0.000000    0.000000   clock network delay (ideal)
                                  1.600000    1.600000 ^ input external delay
     2    0.006526    0.059507    0.035107    1.635107 ^ rst_n (in)
                                                         rst_n (net)
                      0.059507    0.000000    1.635107 ^ _9_/RESET_B (sky130_fd_sc_hd__dfrtp_2)
                                              1.635107   data arrival time

                      0.150000    0.000000    0.000000   clock clk (rise edge)
                                  0.000000    0.000000   clock network delay (ideal)
                                  0.250000    0.250000   clock uncertainty
                                  0.000000    0.250000   clock reconvergence pessimism
                                              0.250000 ^ _9_/CLK (sky130_fd_sc_hd__dfrtp_2)
                                  0.678345    0.928345   library removal time
                                              0.928345   data required time
---------------------------------------------------------------------------------------------
                                              0.928345   data required time
                                             -1.635107   data arrival time
---------------------------------------------------------------------------------------------
                                              0.706762   slack (MET)


Startpoint: b (input port clocked by clk)
Endpoint: _9_ (rising edge-triggered flip-flop clocked by clk)
Path Group: clk
Path Type: min

Fanout         Cap        Slew       Delay        Time   Description
---------------------------------------------------------------------------------------------
                      0.150000    0.000000    0.000000   clock clk (rise edge)
                                  0.000000    0.000000   clock network delay (ideal)
                                  1.600000    1.600000 v input external delay
     2    0.012761    0.059650    0.039619    1.639619 v b (in)
                                                         b (net)
                      0.059650    0.000000    1.639619 v _4_/A (sky130_fd_sc_hd__nand2_2)
     1    0.004518    0.058830    0.083221    1.722840 ^ _4_/Y (sky130_fd_sc_hd__nand2_2)
                                                         _1_ (net)
                      0.058830    0.000000    1.722840 ^ _6_/B1 (sky130_fd_sc_hd__o21ai_2)
     1    0.001838    0.042559    0.080513    1.803353 v _6_/Y (sky130_fd_sc_hd__o21ai_2)
                                                         cout_comb (net)
                      0.042559    0.000000    1.803353 v _9_/D (sky130_fd_sc_hd__dfrtp_2)
                                              1.803353   data arrival time

                      0.150000    0.000000    0.000000   clock clk (rise edge)
                                  0.000000    0.000000   clock network delay (ideal)
                                  0.250000    0.250000   clock uncertainty
                                  0.000000    0.250000   clock reconvergence pessimism
                                              0.250000 ^ _9_/CLK (sky130_fd_sc_hd__dfrtp_2)
                                 -0.060207    0.189793   library hold time
                                              0.189793   data required time
---------------------------------------------------------------------------------------------
                                              0.189793   data required time
                                             -1.803353   data arrival time
---------------------------------------------------------------------------------------------
                                              1.613560   slack (MET)


Startpoint: cin (input port clocked by clk)
Endpoint: _8_ (rising edge-triggered flip-flop clocked by clk)
Path Group: clk
Path Type: min

Fanout         Cap        Slew       Delay        Time   Description
---------------------------------------------------------------------------------------------
                      0.150000    0.000000    0.000000   clock clk (rise edge)
                                  0.000000    0.000000   clock network delay (ideal)
                                  1.600000    1.600000 ^ input external delay
     2    0.013670    0.108686    0.070536    1.670536 ^ cin (in)
                                                         cin (net)
                      0.108686    0.000000    1.670536 ^ _7_/A (sky130_fd_sc_hd__xnor2_2)
     1    0.001838    0.053484    0.132759    1.803295 v _7_/Y (sky130_fd_sc_hd__xnor2_2)
                                                         sum_comb (net)
                      0.053484    0.000000    1.803295 v _8_/D (sky130_fd_sc_hd__dfrtp_2)
                                              1.803295   data arrival time

                      0.150000    0.000000    0.000000   clock clk (rise edge)
                                  0.000000    0.000000   clock network delay (ideal)
                                  0.250000    0.250000   clock uncertainty
                                  0.000000    0.250000   clock reconvergence pessimism
                                              0.250000 ^ _8_/CLK (sky130_fd_sc_hd__dfrtp_2)
                                 -0.064210    0.185790   library hold time
                                              0.185790   data required time
---------------------------------------------------------------------------------------------
                                              0.185790   data required time
                                             -1.803295   data arrival time
---------------------------------------------------------------------------------------------
                                              1.617505   slack (MET)


Startpoint: _9_ (rising edge-triggered flip-flop clocked by clk)
Endpoint: cout (output port clocked by clk)
Path Group: clk
Path Type: min

Fanout         Cap        Slew       Delay        Time   Description
---------------------------------------------------------------------------------------------
                      0.150000    0.000000    0.000000   clock clk (rise edge)
                                  0.000000    0.000000   clock network delay (ideal)
                      0.150000    0.000000    0.000000 ^ _9_/CLK (sky130_fd_sc_hd__dfrtp_2)
     1    0.033442    0.281562    0.906297    0.906297 ^ _9_/Q (sky130_fd_sc_hd__dfrtp_2)
                                                         cout (net)
                      0.281562    0.000000    0.906297 ^ cout (out)
                                              0.906297   data arrival time

                      0.150000    0.000000    0.000000   clock clk (rise edge)
                                  0.000000    0.000000   clock network delay (ideal)
                                  0.250000    0.250000   clock uncertainty
                                  0.000000    0.250000   clock reconvergence pessimism
                                 -1.600000   -1.350000   output external delay
                                             -1.350000   data required time
---------------------------------------------------------------------------------------------
                                             -1.350000   data required time
                                             -0.906297   data arrival time
---------------------------------------------------------------------------------------------
                                              2.256297   slack (MET)


Startpoint: _8_ (rising edge-triggered flip-flop clocked by clk)
Endpoint: sum (output port clocked by clk)
Path Group: clk
Path Type: min

Fanout         Cap        Slew       Delay        Time   Description
---------------------------------------------------------------------------------------------
                      0.150000    0.000000    0.000000   clock clk (rise edge)
                                  0.000000    0.000000   clock network delay (ideal)
                      0.150000    0.000000    0.000000 ^ _8_/CLK (sky130_fd_sc_hd__dfrtp_2)
     1    0.033442    0.281562    0.906297    0.906297 ^ _8_/Q (sky130_fd_sc_hd__dfrtp_2)
                                                         sum (net)
                      0.281562    0.000000    0.906297 ^ sum (out)
                                              0.906297   data arrival time

                      0.150000    0.000000    0.000000   clock clk (rise edge)
                                  0.000000    0.000000   clock network delay (ideal)
                                  0.250000    0.250000   clock uncertainty
                                  0.000000    0.250000   clock reconvergence pessimism
                                 -1.600000   -1.350000   output external delay
                                             -1.350000   data required time
---------------------------------------------------------------------------------------------
                                             -1.350000   data required time
                                             -0.906297   data arrival time
---------------------------------------------------------------------------------------------
                                              2.256297   slack (MET)



%OL_END_REPORT
%OL_CREATE_REPORT max.rpt

===========================================================================
report_checks -path_delay max (Setup)
============================================================================
======================= nom_ss_100C_1v60 Corner ===================================

Startpoint: _9_ (rising edge-triggered flip-flop clocked by clk)
Endpoint: cout (output port clocked by clk)
Path Group: clk
Path Type: max

Fanout         Cap        Slew       Delay        Time   Description
---------------------------------------------------------------------------------------------
                      0.150000    0.000000    0.000000   clock clk (rise edge)
                                  0.000000    0.000000   clock network delay (ideal)
                      0.150000    0.000000    0.000000 ^ _9_/CLK (sky130_fd_sc_hd__dfrtp_2)
     1    0.033442    0.208806    0.993345    0.993345 v _9_/Q (sky130_fd_sc_hd__dfrtp_2)
                                                         cout (net)
                      0.208806    0.000000    0.993345 v cout (out)
                                              0.993345   data arrival time

                      0.150000    8.000000    8.000000   clock clk (rise edge)
                                  0.000000    8.000000   clock network delay (ideal)
                                 -0.250000    7.750000   clock uncertainty
                                  0.000000    7.750000   clock reconvergence pessimism
                                 -1.600000    6.150000   output external delay
                                              6.150000   data required time
---------------------------------------------------------------------------------------------
                                              6.150000   data required time
                                             -0.993345   data arrival time
---------------------------------------------------------------------------------------------
                                              5.156654   slack (MET)


Startpoint: _8_ (rising edge-triggered flip-flop clocked by clk)
Endpoint: sum (output port clocked by clk)
Path Group: clk
Path Type: max

Fanout         Cap        Slew       Delay        Time   Description
---------------------------------------------------------------------------------------------
                      0.150000    0.000000    0.000000   clock clk (rise edge)
                                  0.000000    0.000000   clock network delay (ideal)
                      0.150000    0.000000    0.000000 ^ _8_/CLK (sky130_fd_sc_hd__dfrtp_2)
     1    0.033442    0.208806    0.993345    0.993345 v _8_/Q (sky130_fd_sc_hd__dfrtp_2)
                                                         sum (net)
                      0.208806    0.000000    0.993345 v sum (out)
                                              0.993345   data arrival time

                      0.150000    8.000000    8.000000   clock clk (rise edge)
                                  0.000000    8.000000   clock network delay (ideal)
                                 -0.250000    7.750000   clock uncertainty
                                  0.000000    7.750000   clock reconvergence pessimism
                                 -1.600000    6.150000   output external delay
                                              6.150000   data required time
---------------------------------------------------------------------------------------------
                                              6.150000   data required time
                                             -0.993345   data arrival time
---------------------------------------------------------------------------------------------
                                              5.156654   slack (MET)


Startpoint: b (input port clocked by clk)
Endpoint: _8_ (rising edge-triggered flip-flop clocked by clk)
Path Group: clk
Path Type: max

Fanout         Cap        Slew       Delay        Time   Description
---------------------------------------------------------------------------------------------
                      0.150000    0.000000    0.000000   clock clk (rise edge)
                                  0.000000    0.000000   clock network delay (ideal)
                                  1.600000    1.600000 v input external delay
     2    0.012761    0.059650    0.039619    1.639619 v b (in)
                                                         b (net)
                      0.059650    0.000000    1.639619 v _5_/A (sky130_fd_sc_hd__xnor2_2)
     2    0.012386    0.163744    0.283847    1.923467 v _5_/Y (sky130_fd_sc_hd__xnor2_2)
                                                         _2_ (net)
                      0.163744    0.000000    1.923467 v _7_/B (sky130_fd_sc_hd__xnor2_2)
     1    0.001838    0.075554    0.255277    2.178743 v _7_/Y (sky130_fd_sc_hd__xnor2_2)
                                                         sum_comb (net)
                      0.075554    0.000000    2.178743 v _8_/D (sky130_fd_sc_hd__dfrtp_2)
                                              2.178743   data arrival time

                      0.150000    8.000000    8.000000   clock clk (rise edge)
                                  0.000000    8.000000   clock network delay (ideal)
                                 -0.250000    7.750000   clock uncertainty
                                  0.000000    7.750000   clock reconvergence pessimism
                                              7.750000 ^ _8_/CLK (sky130_fd_sc_hd__dfrtp_2)
                                 -0.257606    7.492394   library setup time
                                              7.492394   data required time
---------------------------------------------------------------------------------------------
                                              7.492394   data required time
                                             -2.178743   data arrival time
---------------------------------------------------------------------------------------------
                                              5.313651   slack (MET)


Startpoint: b (input port clocked by clk)
Endpoint: _9_ (rising edge-triggered flip-flop clocked by clk)
Path Group: clk
Path Type: max

Fanout         Cap        Slew       Delay        Time   Description
---------------------------------------------------------------------------------------------
                      0.150000    0.000000    0.000000   clock clk (rise edge)
                                  0.000000    0.000000   clock network delay (ideal)
                                  1.600000    1.600000 v input external delay
     2    0.012761    0.059650    0.039619    1.639619 v b (in)
                                                         b (net)
                      0.059650    0.000000    1.639619 v _5_/A (sky130_fd_sc_hd__xnor2_2)
     2    0.013183    0.343452    0.354770    1.994390 ^ _5_/Y (sky130_fd_sc_hd__xnor2_2)
                                                         _2_ (net)
                      0.343452    0.000000    1.994390 ^ _6_/A2 (sky130_fd_sc_hd__o21ai_2)
     1    0.001838    0.060607    0.161140    2.155529 v _6_/Y (sky130_fd_sc_hd__o21ai_2)
                                                         cout_comb (net)
                      0.060607    0.000000    2.155529 v _9_/D (sky130_fd_sc_hd__dfrtp_2)
                                              2.155529   data arrival time

                      0.150000    8.000000    8.000000   clock clk (rise edge)
                                  0.000000    8.000000   clock network delay (ideal)
                                 -0.250000    7.750000   clock uncertainty
                                  0.000000    7.750000   clock reconvergence pessimism
                                              7.750000 ^ _9_/CLK (sky130_fd_sc_hd__dfrtp_2)
                                 -0.251370    7.498630   library setup time
                                              7.498630   data required time
---------------------------------------------------------------------------------------------
                                              7.498630   data required time
                                             -2.155529   data arrival time
---------------------------------------------------------------------------------------------
                                              5.343100   slack (MET)


Startpoint: rst_n (input port clocked by clk)
Endpoint: _8_ (recovery check against rising-edge clock clk)
Path Group: asynchronous
Path Type: max

Fanout         Cap        Slew       Delay        Time   Description
---------------------------------------------------------------------------------------------
                      0.150000    0.000000    0.000000   clock clk (rise edge)
                                  0.000000    0.000000   clock network delay (ideal)
                                  1.600000    1.600000 ^ input external delay
     2    0.006526    0.059507    0.035107    1.635107 ^ rst_n (in)
                                                         rst_n (net)
                      0.059507    0.000000    1.635107 ^ _8_/RESET_B (sky130_fd_sc_hd__dfrtp_2)
                                              1.635107   data arrival time

                      0.150000    8.000000    8.000000   clock clk (rise edge)
                                  0.000000    8.000000   clock network delay (ideal)
                                 -0.250000    7.750000   clock uncertainty
                                  0.000000    7.750000   clock reconvergence pessimism
                                              7.750000 ^ _8_/CLK (sky130_fd_sc_hd__dfrtp_2)
                                  0.475741    8.225741   library recovery time
                                              8.225741   data required time
---------------------------------------------------------------------------------------------
                                              8.225741   data required time
                                             -1.635107   data arrival time
---------------------------------------------------------------------------------------------
                                              6.590634   slack (MET)


Startpoint: rst_n (input port clocked by clk)
Endpoint: _9_ (recovery check against rising-edge clock clk)
Path Group: asynchronous
Path Type: max

Fanout         Cap        Slew       Delay        Time   Description
---------------------------------------------------------------------------------------------
                      0.150000    0.000000    0.000000   clock clk (rise edge)
                                  0.000000    0.000000   clock network delay (ideal)
                                  1.600000    1.600000 ^ input external delay
     2    0.006526    0.059507    0.035107    1.635107 ^ rst_n (in)
                                                         rst_n (net)
                      0.059507    0.000000    1.635107 ^ _9_/RESET_B (sky130_fd_sc_hd__dfrtp_2)
                                              1.635107   data arrival time

                      0.150000    8.000000    8.000000   clock clk (rise edge)
                                  0.000000    8.000000   clock network delay (ideal)
                                 -0.250000    7.750000   clock uncertainty
                                  0.000000    7.750000   clock reconvergence pessimism
                                              7.750000 ^ _9_/CLK (sky130_fd_sc_hd__dfrtp_2)
                                  0.475741    8.225741   library recovery time
                                              8.225741   data required time
---------------------------------------------------------------------------------------------
                                              8.225741   data required time
                                             -1.635107   data arrival time
---------------------------------------------------------------------------------------------
                                              6.590634   slack (MET)



%OL_END_REPORT
%OL_CREATE_REPORT checks.rpt

===========================================================================
report_checks -unconstrained
===========================================================================
======================= nom_ss_100C_1v60 Corner ===================================

Startpoint: rst_n (input port clocked by clk)
Endpoint: _8_ (recovery check against rising-edge clock clk)
Path Group: asynchronous
Path Type: max

Fanout         Cap        Slew       Delay        Time   Description
---------------------------------------------------------------------------------------------
                      0.150000    0.000000    0.000000   clock clk (rise edge)
                                  0.000000    0.000000   clock network delay (ideal)
                                  1.600000    1.600000 ^ input external delay
     2    0.006526    0.059507    0.035107    1.635107 ^ rst_n (in)
                                                         rst_n (net)
                      0.059507    0.000000    1.635107 ^ _8_/RESET_B (sky130_fd_sc_hd__dfrtp_2)
                                              1.635107   data arrival time

                      0.150000    8.000000    8.000000   clock clk (rise edge)
                                  0.000000    8.000000   clock network delay (ideal)
                                 -0.250000    7.750000   clock uncertainty
                                  0.000000    7.750000   clock reconvergence pessimism
                                              7.750000 ^ _8_/CLK (sky130_fd_sc_hd__dfrtp_2)
                                  0.475741    8.225741   library recovery time
                                              8.225741   data required time
---------------------------------------------------------------------------------------------
                                              8.225741   data required time
                                             -1.635107   data arrival time
---------------------------------------------------------------------------------------------
                                              6.590634   slack (MET)


Startpoint: _9_ (rising edge-triggered flip-flop clocked by clk)
Endpoint: cout (output port clocked by clk)
Path Group: clk
Path Type: max

Fanout         Cap        Slew       Delay        Time   Description
---------------------------------------------------------------------------------------------
                      0.150000    0.000000    0.000000   clock clk (rise edge)
                                  0.000000    0.000000   clock network delay (ideal)
                      0.150000    0.000000    0.000000 ^ _9_/CLK (sky130_fd_sc_hd__dfrtp_2)
     1    0.033442    0.208806    0.993345    0.993345 v _9_/Q (sky130_fd_sc_hd__dfrtp_2)
                                                         cout (net)
                      0.208806    0.000000    0.993345 v cout (out)
                                              0.993345   data arrival time

                      0.150000    8.000000    8.000000   clock clk (rise edge)
                                  0.000000    8.000000   clock network delay (ideal)
                                 -0.250000    7.750000   clock uncertainty
                                  0.000000    7.750000   clock reconvergence pessimism
                                 -1.600000    6.150000   output external delay
                                              6.150000   data required time
---------------------------------------------------------------------------------------------
                                              6.150000   data required time
                                             -0.993345   data arrival time
---------------------------------------------------------------------------------------------
                                              5.156654   slack (MET)




===========================================================================
report_checks --slack_max -0.01
============================================================================
======================= nom_ss_100C_1v60 Corner ===================================

No paths found.


===========================================================================
 report_check_types -max_slew -max_cap -max_fanout -violators
============================================================================
======================= nom_ss_100C_1v60 Corner ===================================



===========================================================================
report_parasitic_annotation -report_unannotated
============================================================================
Found 12 unannotated drivers.
 a
 b
 cin
 clk
 rst_n
 _3_/Y
 _4_/Y
 _5_/Y
 _6_/Y
 _7_/Y
 _8_/Q
 _9_/Q
Found 0 partially unannotated drivers.

===========================================================================
max slew violation count 0
%OL_METRIC_I design__max_slew_violation__count__corner:nom_ss_100C_1v60 0
max fanout violation count 0
%OL_METRIC_I design__max_fanout_violation__count__corner:nom_ss_100C_1v60 0
max cap violation count 0
%OL_METRIC_I design__max_cap_violation__count__corner:nom_ss_100C_1v60 0
============================================================================

===========================================================================
check_setup -verbose -unconstrained_endpoints -multiple_clock -no_clock -no_input_delay -loops -generated_clocks
===========================================================================
%OL_END_REPORT
%OL_CREATE_REPORT power.rpt

===========================================================================
 report_power
============================================================================
======================= nom_ss_100C_1v60 Corner ===================================

Group                    Internal    Switching      Leakage        Total
                            Power        Power        Power        Power (Watts)
------------------------------------------------------------------------
Sequential           8.972022e-06 2.608476e-06 3.907107e-08 1.161957e-05  83.1%
Combinational        1.614188e-06 7.194622e-07 3.053105e-08 2.364181e-06  16.9%
Clock                0.000000e+00 0.000000e+00 0.000000e+00 0.000000e+00   0.0%
Macro                0.000000e+00 0.000000e+00 0.000000e+00 0.000000e+00   0.0%
Pad                  0.000000e+00 0.000000e+00 0.000000e+00 0.000000e+00   0.0%
------------------------------------------------------------------------
Total                1.058621e-05 3.327938e-06 6.960211e-08 1.398375e-05 100.0%
                            75.7%        23.8%         0.5%
%OL_METRIC_F power__internal__total 1.0586209100438282e-5
%OL_METRIC_F power__switching__total 3.327938429720234e-6
%OL_METRIC_F power__leakage__total 6.960210896522767e-8
%OL_METRIC_F power__total 1.3983749340695795e-5

%OL_END_REPORT
%OL_CREATE_REPORT skew.min.rpt

===========================================================================
Clock Skew (Hold)
============================================================================
%OL_METRIC_F clock__skew__worst_hold__corner:nom_ss_100C_1v60 0.0
======================= nom_ss_100C_1v60 Corner ===================================

Clock clk
No launch/capture paths found.

%OL_END_REPORT
%OL_CREATE_REPORT skew.max.rpt

===========================================================================
Clock Skew (Setup)
============================================================================
%OL_METRIC_F clock__skew__worst_setup__corner:nom_ss_100C_1v60 0.0
======================= nom_ss_100C_1v60 Corner ===================================

Clock clk
No launch/capture paths found.

%OL_END_REPORT
%OL_CREATE_REPORT ws.min.rpt

===========================================================================
Worst Slack (Hold)
============================================================================
%OL_METRIC_F timing__hold__ws__corner:nom_ss_100C_1v60 0.7067622243052474
nom_ss_100C_1v60: 0.7067622243052474
%OL_END_REPORT
%OL_CREATE_REPORT ws.max.rpt

===========================================================================
Worst Slack (Setup)
============================================================================
%OL_METRIC_F timing__setup__ws__corner:nom_ss_100C_1v60 5.156654360584239
nom_ss_100C_1v60: 5.156654360584239
%OL_END_REPORT
%OL_CREATE_REPORT tns.min.rpt

===========================================================================
Total Negative Slack (Hold)
============================================================================
%OL_METRIC_F timing__hold__tns__corner:nom_ss_100C_1v60 0.0
nom_ss_100C_1v60: 0.0
%OL_END_REPORT
%OL_CREATE_REPORT tns.max.rpt

===========================================================================
Total Negative Slack (Setup)
============================================================================
%OL_METRIC_F timing__setup__tns__corner:nom_ss_100C_1v60 0.0
nom_ss_100C_1v60: 0.0
%OL_END_REPORT
%OL_CREATE_REPORT wns.min.rpt

===========================================================================
Worst Negative Slack (Hold)
============================================================================
%OL_METRIC_F timing__hold__wns__corner:nom_ss_100C_1v60 0
nom_ss_100C_1v60: 0
%OL_END_REPORT
%OL_CREATE_REPORT wns.max.rpt

===========================================================================
Worst Negative Slack (Setup)
============================================================================
%OL_METRIC_F timing__setup__wns__corner:nom_ss_100C_1v60 0.0
nom_ss_100C_1v60: 0.0
%OL_END_REPORT
%OL_CREATE_REPORT violator_list.rpt

===========================================================================
Violator List
============================================================================
%OL_METRIC_I timing__hold_vio__count__corner:nom_ss_100C_1v60 0
%OL_METRIC_F timing__hold_r2r__ws__corner:nom_ss_100C_1v60 inf
%OL_METRIC_I timing__hold_r2r_vio__count__corner:nom_ss_100C_1v60 0
%OL_METRIC_I timing__setup_vio__count__corner:nom_ss_100C_1v60 0
%OL_METRIC_F timing__setup_r2r__ws__corner:nom_ss_100C_1v60 inf
%OL_METRIC_I timing__setup_r2r_vio__count__corner:nom_ss_100C_1v60 0
%OL_END_REPORT
%OL_CREATE_REPORT unpropagated.rpt
clk
%OL_END_REPORT
%OL_CREATE_REPORT clock.rpt
Clock: clk
Sources: clk 
Generated: no
Virtual: no
Propagated: no
Period: 8.000000

===========================================================================
report_clock_properties
============================================================================
Clock                   Period          Waveform
----------------------------------------------------
clk                   8.000000    0.000000  4.000000

===========================================================================
report_clock_latency
============================================================================
Clock clk
rise -> rise
    min     max
0.000000 0.000000 source latency
0.019700         network latency _8_/CLK
        0.019700 network latency _8_/CLK
---------------
0.019700 0.019700 latency
        0.000000 skew

fall -> fall
    min     max
0.000000 0.000000 source latency
0.010585         network latency _8_/CLK
        0.010585 network latency _8_/CLK
---------------
0.010585 0.010585 latency
        0.000000 skew



===========================================================================
report_clock_min_period
============================================================================
clk period_min = 0.00 fmax = inf
%OL_END_REPORT
Writing SDF files for all corners…
