
===========================================================================
report_checks -path_delay min (Hold)
============================================================================
======================= nom_ss_100C_1v60 Corner ===================================

Startpoint: clk_in (input port clocked by clk)
Endpoint: clk_periph (output port clocked by clk)
Path Group: clk
Path Type: min

Fanout         Cap        Slew       Delay        Time   Description
---------------------------------------------------------------------------------------------
                      0.000000    0.000000    0.000000   clock clk (rise edge)
                                  0.000000    0.000000   clock network delay (ideal)
                                  2.000000    2.000000 v input external delay
    26    0.041519    0.180521    0.127271    2.127271 v clk_in (in)
                                                         clk_in (net)
                      0.180521    0.000000    2.127271 v _070_/A (sky130_fd_sc_hd__and2_2)
     1    0.033442    0.189533    0.538192    2.665463 v _070_/X (sky130_fd_sc_hd__and2_2)
                                                         clk_periph (net)
                      0.189533    0.000000    2.665463 v clk_periph (out)
                                              2.665463   data arrival time

                      0.000000    0.000000    0.000000   clock clk (rise edge)
                                  0.000000    0.000000   clock network delay (ideal)
                                  0.250000    0.250000   clock uncertainty
                                  0.000000    0.250000   clock reconvergence pessimism
                                 -2.000000   -1.750000   output external delay
                                             -1.750000   data required time
---------------------------------------------------------------------------------------------
                                             -1.750000   data required time
                                             -2.665463   data arrival time
---------------------------------------------------------------------------------------------
                                              4.415463   slack (MET)


Startpoint: clk_in (input port clocked by clk)
Endpoint: clk_core (output port clocked by clk)
Path Group: clk
Path Type: min

Fanout         Cap        Slew       Delay        Time   Description
---------------------------------------------------------------------------------------------
                      0.000000    0.000000    0.000000   clock clk (rise edge)
                                  0.000000    0.000000   clock network delay (ideal)
                                  2.000000    2.000000 v input external delay
    26    0.041519    0.180521    0.127271    2.127271 v clk_in (in)
                                                         clk_in (net)
                      0.180521    0.000000    2.127271 v _068_/B (sky130_fd_sc_hd__and2_2)
     1    0.033442    0.189618    0.587384    2.714655 v _068_/X (sky130_fd_sc_hd__and2_2)
                                                         clk_core (net)
                      0.189618    0.000000    2.714655 v clk_core (out)
                                              2.714655   data arrival time

                      0.000000    0.000000    0.000000   clock clk (rise edge)
                                  0.000000    0.000000   clock network delay (ideal)
                                  0.250000    0.250000   clock uncertainty
                                  0.000000    0.250000   clock reconvergence pessimism
                                 -2.000000   -1.750000   output external delay
                                             -1.750000   data required time
---------------------------------------------------------------------------------------------
                                             -1.750000   data required time
                                             -2.714655   data arrival time
---------------------------------------------------------------------------------------------
                                              4.464654   slack (MET)



