Reading timing models for corner nom_ss_100C_1v60…
Reading cell library for the 'nom_ss_100C_1v60' corner at '/home/chithang/.volare/volare/sky130/versions/0fe599b2afb6708d281543108caf8310912f54af/sky130A/libs.ref/sky130_fd_sc_hd/lib/sky130_fd_sc_hd__ss_100C_1v60.lib'…
Reading top-level netlist at '/home/chithang/pdop2/clk_reset_ctrl/runs/RUN_2026-03-29_15-29-31/02-yosys-synthesis/clk_reset_ctrl.nl.v'…
Linking design 'clk_reset_ctrl' from netlist…
Reading design constraints file at '/nix/store/h0ldzjka94yryiq8yxbxmwargpnmwhx6-python3-3.11.9-env/lib/python3.11/site-packages/openlane/scripts/base.sdc'…
Warning: base.sdc line 15, port 'clk' not found.
[INFO] Using clock clk…
[INFO] Setting output delay to: 2.0
[INFO] Setting input delay to: 2.0
Warning: base.sdc line 32, port 'clk' not found.
[INFO] Setting load to: 0.033442
[INFO] Setting clock uncertainty to: 0.25
[INFO] Setting clock transition to: 0.1499999999999999944488848768742172978818416595458984375
Warning: base.sdc line 69, transition time can not be specified for virtual clocks.
[INFO] Setting timing derate to: 5%
%OL_CREATE_REPORT min.rpt

===========================================================================
report_checks -path_delay min (Hold)
============================================================================
======================= nom_ss_100C_1v60 Corner ===================================

Startpoint: clk_in (input port clocked by clk)
Endpoint: clk_periph (output port clocked by clk)
Path Group: clk
Path Type: min

Fanout         Cap        Slew       Delay        Time   Description
---------------------------------------------------------------------------------------------
                      0.000000    0.000000    0.000000   clock clk (rise edge)
                                  0.000000    0.000000   clock network delay (ideal)
                                  2.000000    2.000000 v input external delay
    26    0.041519    0.180521    0.127271    2.127271 v clk_in (in)
                                                         clk_in (net)
                      0.180521    0.000000    2.127271 v _070_/A (sky130_fd_sc_hd__and2_2)
     1    0.033442    0.189533    0.538192    2.665463 v _070_/X (sky130_fd_sc_hd__and2_2)
                                                         clk_periph (net)
                      0.189533    0.000000    2.665463 v clk_periph (out)
                                              2.665463   data arrival time

                      0.000000    0.000000    0.000000   clock clk (rise edge)
                                  0.000000    0.000000   clock network delay (ideal)
                                  0.250000    0.250000   clock uncertainty
                                  0.000000    0.250000   clock reconvergence pessimism
                                 -2.000000   -1.750000   output external delay
                                             -1.750000   data required time
---------------------------------------------------------------------------------------------
                                             -1.750000   data required time
                                             -2.665463   data arrival time
---------------------------------------------------------------------------------------------
                                              4.415463   slack (MET)


Startpoint: clk_in (input port clocked by clk)
Endpoint: clk_core (output port clocked by clk)
Path Group: clk
Path Type: min

Fanout         Cap        Slew       Delay        Time   Description
---------------------------------------------------------------------------------------------
                      0.000000    0.000000    0.000000   clock clk (rise edge)
                                  0.000000    0.000000   clock network delay (ideal)
                                  2.000000    2.000000 v input external delay
    26    0.041519    0.180521    0.127271    2.127271 v clk_in (in)
                                                         clk_in (net)
                      0.180521    0.000000    2.127271 v _068_/B (sky130_fd_sc_hd__and2_2)
     1    0.033442    0.189618    0.587384    2.714655 v _068_/X (sky130_fd_sc_hd__and2_2)
                                                         clk_core (net)
                      0.189618    0.000000    2.714655 v clk_core (out)
                                              2.714655   data arrival time

                      0.000000    0.000000    0.000000   clock clk (rise edge)
                                  0.000000    0.000000   clock network delay (ideal)
                                  0.250000    0.250000   clock uncertainty
                                  0.000000    0.250000   clock reconvergence pessimism
                                 -2.000000   -1.750000   output external delay
                                             -1.750000   data required time
---------------------------------------------------------------------------------------------
                                             -1.750000   data required time
                                             -2.714655   data arrival time
---------------------------------------------------------------------------------------------
                                              4.464654   slack (MET)



%OL_END_REPORT
%OL_CREATE_REPORT max.rpt

===========================================================================
report_checks -path_delay max (Setup)
============================================================================
======================= nom_ss_100C_1v60 Corner ===================================

Startpoint: clk_in (input port clocked by clk)
Endpoint: clk_periph (output port clocked by clk)
Path Group: clk
Path Type: max

Fanout         Cap        Slew       Delay        Time   Description
---------------------------------------------------------------------------------------------
                      0.000000    0.000000    0.000000   clock clk (rise edge)
                                  0.000000    0.000000   clock network delay (ideal)
                                  2.000000    2.000000 ^ input external delay
    26    0.045286    0.329551    0.226823    2.226823 ^ clk_in (in)
                                                         clk_in (net)
                      0.329551    0.000000    2.226823 ^ _070_/A (sky130_fd_sc_hd__and2_2)
     1    0.033442    0.295778    0.549597    2.776420 ^ _070_/X (sky130_fd_sc_hd__and2_2)
                                                         clk_periph (net)
                      0.295778    0.000000    2.776420 ^ clk_periph (out)
                                              2.776420   data arrival time

                      0.000000   10.000000   10.000000   clock clk (rise edge)
                                  0.000000   10.000000   clock network delay (ideal)
                                 -0.250000    9.750000   clock uncertainty
                                  0.000000    9.750000   clock reconvergence pessimism
                                 -2.000000    7.750000   output external delay
                                              7.750000   data required time
---------------------------------------------------------------------------------------------
                                              7.750000   data required time
                                             -2.776420   data arrival time
---------------------------------------------------------------------------------------------
                                              4.973580   slack (MET)


Startpoint: clk_in (input port clocked by clk)
Endpoint: clk_core (output port clocked by clk)
Path Group: clk
Path Type: max

Fanout         Cap        Slew       Delay        Time   Description
---------------------------------------------------------------------------------------------
                      0.000000    0.000000    0.000000   clock clk (rise edge)
                                  0.000000    0.000000   clock network delay (ideal)
                                  2.000000    2.000000 ^ input external delay
    26    0.045286    0.329551    0.226823    2.226823 ^ clk_in (in)
                                                         clk_in (net)
                      0.329551    0.000000    2.226823 ^ _068_/B (sky130_fd_sc_hd__and2_2)
     1    0.033442    0.295696    0.546437    2.773260 ^ _068_/X (sky130_fd_sc_hd__and2_2)
                                                         clk_core (net)
                      0.295696    0.000000    2.773260 ^ clk_core (out)
                                              2.773260   data arrival time

                      0.000000   10.000000   10.000000   clock clk (rise edge)
                                  0.000000   10.000000   clock network delay (ideal)
                                 -0.250000    9.750000   clock uncertainty
                                  0.000000    9.750000   clock reconvergence pessimism
                                 -2.000000    7.750000   output external delay
                                              7.750000   data required time
---------------------------------------------------------------------------------------------
                                              7.750000   data required time
                                             -2.773260   data arrival time
---------------------------------------------------------------------------------------------
                                              4.976740   slack (MET)



%OL_END_REPORT
%OL_CREATE_REPORT checks.rpt

===========================================================================
report_checks -unconstrained
===========================================================================
======================= nom_ss_100C_1v60 Corner ===================================

Startpoint: clk_in (input port clocked by clk)
Endpoint: clk_periph (output port clocked by clk)
Path Group: clk
Path Type: max

Fanout         Cap        Slew       Delay        Time   Description
---------------------------------------------------------------------------------------------
                      0.000000    0.000000    0.000000   clock clk (rise edge)
                                  0.000000    0.000000   clock network delay (ideal)
                                  2.000000    2.000000 ^ input external delay
    26    0.045286    0.329551    0.226823    2.226823 ^ clk_in (in)
                                                         clk_in (net)
                      0.329551    0.000000    2.226823 ^ _070_/A (sky130_fd_sc_hd__and2_2)
     1    0.033442    0.295778    0.549597    2.776420 ^ _070_/X (sky130_fd_sc_hd__and2_2)
                                                         clk_periph (net)
                      0.295778    0.000000    2.776420 ^ clk_periph (out)
                                              2.776420   data arrival time

                      0.000000   10.000000   10.000000   clock clk (rise edge)
                                  0.000000   10.000000   clock network delay (ideal)
                                 -0.250000    9.750000   clock uncertainty
                                  0.000000    9.750000   clock reconvergence pessimism
                                 -2.000000    7.750000   output external delay
                                              7.750000   data required time
---------------------------------------------------------------------------------------------
                                              7.750000   data required time
                                             -2.776420   data arrival time
---------------------------------------------------------------------------------------------
                                              4.973580   slack (MET)




===========================================================================
report_checks --slack_max -0.01
============================================================================
======================= nom_ss_100C_1v60 Corner ===================================

No paths found.


===========================================================================
 report_check_types -max_slew -max_cap -max_fanout -violators
============================================================================
======================= nom_ss_100C_1v60 Corner ===================================

max fanout

Pin                                   Limit Fanout  Slack
---------------------------------------------------------
clk_in                                   10     26    -16 (VIOLATED)
por_n                                    10     11        (VIOLATED)



===========================================================================
report_parasitic_annotation -report_unannotated
============================================================================
Found 101 unannotated drivers.
 clk_in
 core_clk_en
 ext_rst_n
 ndmreset
 periph_clk_en
 por_n
 soft_rst_pulse
 test_en
 _059_/Y
 _060_/Y
 _061_/Y
 _062_/Y
 _063_/X
 _064_/X
 _065_/Y
 _066_/X
 _067_/X
 _068_/X
 _069_/X
 _070_/X
 _071_/X
 _072_/X
 _073_/Y
 _074_/X
 _075_/Y
 _076_/Y
 _077_/Y
 _078_/Y
 _079_/X
 _080_/X
 _081_/Y
 _082_/Y
 _083_/Y
 _084_/Y
 _085_/Y
 _086_/Y
 _087_/Y
 _088_/X
 _089_/X
 _090_/Y
 _091_/X
 _092_/Y
 _093_/Y
 _094_/Y
 _095_/Y
 _096_/Y
 _097_/Y
 _098_/Y
 _099_/X
 _100_/Y
 _101_/Y
 _102_/X
 _103_/Y
 _104_/Y
 _105_/Y
 _106_/Y
 _107_/Y
 _108_/Y
 _109_/X
 _110_/X
 _111_/X
 _112_/X
 _113_/Y
 _114_/Y
 _115_/X
 _116_/Y
 _117_/Y
 _118_/X
 _119_/X
 _120_/Y
 _121_/Q
 _122_/Q
 _123_/Q
 _124_/Q
 _125_/Q
 _126_/Q
 _127_/Q
 _128_/Q
 _129_/Q
 _130_/Q
 _131_/Q
 _132_/Q
 _133_/Q
 _134_/Q
 _135_/Q
 _136_/Q
 _137_/Q
 _138_/Q
 _139_/Q
 _140_/Q
 _141_/Q
 _142_/Q
 _143_/Q
 _144_/Q
 _145_/HI
 _145_/LO
 _146_/HI
 _146_/LO
 _147_/HI
 _147_/LO
 _148_/X
Found 0 partially unannotated drivers.

===========================================================================
max slew violation count 0
%OL_METRIC_I design__max_slew_violation__count__corner:nom_ss_100C_1v60 0
max fanout violation count 2
%OL_METRIC_I design__max_fanout_violation__count__corner:nom_ss_100C_1v60 2
max cap violation count 0
%OL_METRIC_I design__max_cap_violation__count__corner:nom_ss_100C_1v60 0
============================================================================

===========================================================================
check_setup -verbose -unconstrained_endpoints -multiple_clock -no_clock -no_input_delay -loops -generated_clocks
===========================================================================
Warning: There are 24 unclocked register/latch pins.
  _121_/CLK
  _122_/CLK
  _123_/CLK
  _124_/CLK
  _125_/CLK
  _126_/CLK
  _127_/CLK
  _128_/CLK
  _129_/CLK
  _130_/CLK
  _131_/CLK
  _132_/CLK
  _133_/CLK
  _134_/CLK
  _135_/CLK
  _136_/CLK
  _137_/CLK
  _138_/CLK
  _139_/CLK
  _140_/CLK
  _141_/CLK
  _142_/CLK
  _143_/GATE_N
  _144_/GATE_N
Warning: There are 27 unconstrained endpoints.
  cpu_rst_n
  fabric_rst_n
  periph_rst_n
  _121_/D
  _122_/D
  _123_/D
  _124_/D
  _125_/D
  _126_/D
  _127_/D
  _128_/D
  _129_/D
  _130_/D
  _131_/D
  _132_/D
  _133_/D
  _134_/D
  _135_/D
  _136_/D
  _137_/D
  _138_/D
  _139_/D
  _140_/D
  _141_/D
  _142_/D
  _143_/D
  _144_/D
%OL_END_REPORT
%OL_CREATE_REPORT power.rpt

===========================================================================
 report_power
============================================================================
======================= nom_ss_100C_1v60 Corner ===================================

Group                    Internal    Switching      Leakage        Total
                            Power        Power        Power        Power (Watts)
------------------------------------------------------------------------
Sequential           1.254535e-05 6.531021e-06 4.433386e-07 1.951971e-05  47.8%
Combinational        1.435669e-05 6.674987e-06 2.678840e-07 2.129957e-05  52.2%
Clock                0.000000e+00 0.000000e+00 0.000000e+00 0.000000e+00   0.0%
Macro                0.000000e+00 0.000000e+00 0.000000e+00 0.000000e+00   0.0%
Pad                  0.000000e+00 0.000000e+00 0.000000e+00 0.000000e+00   0.0%
------------------------------------------------------------------------
Total                2.690205e-05 1.320601e-05 7.112224e-07 4.081928e-05 100.0%
                            65.9%        32.4%         1.7%
%OL_METRIC_F power__internal__total 2.6902047466137446e-5
%OL_METRIC_F power__switching__total 1.3206008588895202e-5
%OL_METRIC_F power__leakage__total 7.11222355676e-7
%OL_METRIC_F power__total 4.081927545485087e-5

%OL_END_REPORT
%OL_CREATE_REPORT skew.min.rpt

===========================================================================
Clock Skew (Hold)
============================================================================
%OL_METRIC_F clock__skew__worst_hold__corner:nom_ss_100C_1v60 0.0
======================= nom_ss_100C_1v60 Corner ===================================

Clock clk
No launch/capture paths found.

%OL_END_REPORT
%OL_CREATE_REPORT skew.max.rpt

===========================================================================
Clock Skew (Setup)
============================================================================
%OL_METRIC_F clock__skew__worst_setup__corner:nom_ss_100C_1v60 0.0
======================= nom_ss_100C_1v60 Corner ===================================

Clock clk
No launch/capture paths found.

%OL_END_REPORT
%OL_CREATE_REPORT ws.min.rpt

===========================================================================
Worst Slack (Hold)
============================================================================
%OL_METRIC_F timing__hold__ws__corner:nom_ss_100C_1v60 4.4154627870440075
nom_ss_100C_1v60: 4.4154627870440075
%OL_END_REPORT
%OL_CREATE_REPORT ws.max.rpt

===========================================================================
Worst Slack (Setup)
============================================================================
%OL_METRIC_F timing__setup__ws__corner:nom_ss_100C_1v60 4.9735799109134815
nom_ss_100C_1v60: 4.9735799109134815
%OL_END_REPORT
%OL_CREATE_REPORT tns.min.rpt

===========================================================================
Total Negative Slack (Hold)
============================================================================
%OL_METRIC_F timing__hold__tns__corner:nom_ss_100C_1v60 0.0
nom_ss_100C_1v60: 0.0
%OL_END_REPORT
%OL_CREATE_REPORT tns.max.rpt

===========================================================================
Total Negative Slack (Setup)
============================================================================
%OL_METRIC_F timing__setup__tns__corner:nom_ss_100C_1v60 0.0
nom_ss_100C_1v60: 0.0
%OL_END_REPORT
%OL_CREATE_REPORT wns.min.rpt

===========================================================================
Worst Negative Slack (Hold)
============================================================================
%OL_METRIC_F timing__hold__wns__corner:nom_ss_100C_1v60 0
nom_ss_100C_1v60: 0
%OL_END_REPORT
%OL_CREATE_REPORT wns.max.rpt

===========================================================================
Worst Negative Slack (Setup)
============================================================================
%OL_METRIC_F timing__setup__wns__corner:nom_ss_100C_1v60 0.0
nom_ss_100C_1v60: 0.0
%OL_END_REPORT
%OL_CREATE_REPORT violator_list.rpt

===========================================================================
Violator List
============================================================================
%OL_METRIC_I timing__hold_vio__count__corner:nom_ss_100C_1v60 0
%OL_METRIC_F timing__hold_r2r__ws__corner:nom_ss_100C_1v60 inf
%OL_METRIC_I timing__hold_r2r_vio__count__corner:nom_ss_100C_1v60 0
%OL_METRIC_I timing__setup_vio__count__corner:nom_ss_100C_1v60 0
%OL_METRIC_F timing__setup_r2r__ws__corner:nom_ss_100C_1v60 inf
%OL_METRIC_I timing__setup_r2r_vio__count__corner:nom_ss_100C_1v60 0
%OL_END_REPORT
%OL_CREATE_REPORT unpropagated.rpt
clk
%OL_END_REPORT
%OL_CREATE_REPORT clock.rpt
Clock: clk
Sources: 
Generated: no
Virtual: yes
Propagated: no
Period: 10.000000

===========================================================================
report_clock_properties
============================================================================
Clock                   Period          Waveform
----------------------------------------------------
clk                  10.000000    0.000000  5.000000

===========================================================================
report_clock_latency
============================================================================
Clock clk
rise -> rise
    min     max
0.000000 0.000000 source latency
2.226823         network latency _121_/CLK
        2.226823 network latency _121_/CLK
---------------
2.226823 2.226823 latency
        0.000000 skew

rise -> fall
    min     max
0.000000 0.000000 source latency
2.127271         network latency _121_/CLK
        2.127271 network latency _121_/CLK
---------------
2.127271 2.127271 latency
        0.000000 skew



===========================================================================
report_clock_min_period
============================================================================
clk period_min = 0.00 fmax = inf
%OL_END_REPORT
Writing SDF files for all corners…
