Reading OpenROAD database at '/home/chithang/pdop2/FA_reg/runs/RUN_2026-03-28_14-30-24/24-openroad-ioplacement/FA_Reg.odb'…
Reading library file at '/home/chithang/.volare/volare/sky130/versions/0fe599b2afb6708d281543108caf8310912f54af/sky130A/libs.ref/sky130_fd_sc_hd/lib/sky130_fd_sc_hd__tt_025C_1v80.lib'…
Reading design constraints file at '/nix/store/h0ldzjka94yryiq8yxbxmwargpnmwhx6-python3-3.11.9-env/lib/python3.11/site-packages/openlane/scripts/base.sdc'…
[INFO] Using clock clk…
[INFO] Setting output delay to: 1.6
[INFO] Setting input delay to: 1.6
[INFO] Setting load to: 0.033442
[INFO] Setting clock uncertainty to: 0.25
[INFO] Setting clock transition to: 0.1499999999999999944488848768742172978818416595458984375
[INFO] Setting timing derate to: 5%
[INFO] Setting RC values…
[INFO] Setting signal min routing layer to: met1 and clock min routing layer to met1. 
[INFO] Setting signal max routing layer to: met5 and clock max routing layer to met5. 
+ global_placement -density 0.3 -timing_driven -routability_driven -pad_right 0 -pad_left 0 -init_wirelength_coef 0.25
[INFO GPL-0002] DBU: 1000
[INFO GPL-0003] SiteSize: (  0.460  2.720 ) um
[INFO GPL-0004] CoreBBox: (  5.520 10.880 ) ( 44.160 38.080 ) um
[INFO GPL-0006] NumInstances:                39
[INFO GPL-0007] NumPlaceInstances:            7
[INFO GPL-0008] NumFixedInstances:           32
[INFO GPL-0009] NumDummyInstances:            0
[INFO GPL-0010] NumNets:                     12
[INFO GPL-0011] NumPins:                     30
[INFO GPL-0012] DieBBox:  (  0.000  0.000 ) ( 50.000 50.000 ) um
[INFO GPL-0013] CoreBBox: (  5.520 10.880 ) ( 44.160 38.080 ) um
[INFO GPL-0016] CoreArea:              1051.008 um^2
[INFO GPL-0017] NonPlaceInstsArea:       90.086 um^2
[INFO GPL-0018] PlaceInstsArea:         103.850 um^2
[INFO GPL-0019] Util:                    10.807 %
[INFO GPL-0020] StdInstsArea:           103.850 um^2
[INFO GPL-0021] MacroInstsArea:           0.000 um^2
[InitialPlace]  Iter: 1 CG residual: 0.00000000 HPWL: 264579
[InitialPlace]  Iter: 2 CG residual: 0.00000001 HPWL: 262097
[InitialPlace]  Iter: 3 CG residual: 0.00000004 HPWL: 256385
[InitialPlace]  Iter: 4 CG residual: 0.00000003 HPWL: 250778
[InitialPlace]  Iter: 5 CG residual: 0.00000002 HPWL: 244796
[INFO GPL-0031] FillerInit:NumGCells:        21
[INFO GPL-0032] FillerInit:NumGNets:         12
[INFO GPL-0033] FillerInit:NumGPins:         30
[INFO GPL-0023] TargetDensity:            0.300
[INFO GPL-0024] AvrgPlaceInstArea:       14.836 um^2
[INFO GPL-0025] IdealBinArea:            49.452 um^2
[INFO GPL-0026] IdealBinCnt:                 21
[INFO GPL-0027] TotalBinArea:          1051.008 um^2
[INFO GPL-0028] BinCnt:         4      4
[INFO GPL-0029] BinSize: (  9.660  6.800 )
[INFO GPL-0030] NumBins: 16
[NesterovSolve] Iter:    1 overflow: 0.065 HPWL: 139294
[INFO GPL-0100] Timing-driven: executing resizer for reweighting nets.
[INFO GPL-0101] Timing-driven: worst slack 5.61e-09
[INFO GPL-0103] Timing-driven: weighted 1 nets.
[NesterovSolve] Snapshot saved at iter = 0
[INFO GPL-0075] Routability numCall: 1 inflationIterCnt: 1 bloatIterCnt: 0
[INFO GPL-0036] TileBBox: (    0    0 ) ( 6900 6900 ) DBU
[INFO GPL-0038] TileCnt:       7    7
[INFO GPL-0040] NumTiles: 49
[INFO GPL-0081] TotalRouteOverflow: 0
[INFO GPL-0082] OverflowTileCnt: 0
[INFO GPL-0083] 0.5%RC: 0.5277904868125916
[INFO GPL-0084] 1.0%RC: 0.5277904868125916
[INFO GPL-0085] 2.0%RC: 0.5277904868125916
[INFO GPL-0086] 5.0%RC: 0.5163690646489462
[INFO GPL-0087] FinalRC: 0.5277905
[INFO GPL-0077] FinalRC lower than targetRC(1.01), routability not needed.
[NesterovSolve] Finished with Overflow: 0.064725
[INFO] Setting RC values…
Setting global connections for newly added cells…
[INFO] Setting global connections...
Updating metrics…
Cell type report:                       Count       Area
  Fill cell                                20      75.07
  Tap cell                                 12      15.01
  Inverter                                  1       3.75
  Sequential cell                           2      52.55
  Multi-Input combinational cell            4      47.55
  Total                                    39     193.94
Writing OpenROAD database to '/home/chithang/pdop2/FA_reg/runs/RUN_2026-03-28_14-30-24/27-openroad-globalplacement/FA_Reg.odb'…
Writing netlist to '/home/chithang/pdop2/FA_reg/runs/RUN_2026-03-28_14-30-24/27-openroad-globalplacement/FA_Reg.nl.v'…
Writing powered netlist to '/home/chithang/pdop2/FA_reg/runs/RUN_2026-03-28_14-30-24/27-openroad-globalplacement/FA_Reg.pnl.v'…
Writing layout to '/home/chithang/pdop2/FA_reg/runs/RUN_2026-03-28_14-30-24/27-openroad-globalplacement/FA_Reg.def'…
Writing timing constraints to '/home/chithang/pdop2/FA_reg/runs/RUN_2026-03-28_14-30-24/27-openroad-globalplacement/FA_Reg.sdc'…
