
===========================================================================
report_checks -path_delay min (Hold)
============================================================================
======================= min_ff_n40C_1v95 Corner ===================================

Startpoint: rst_n (input port clocked by clk)
Endpoint: _9_ (removal check against rising-edge clock clk)
Path Group: asynchronous
Path Type: min

Fanout         Cap        Slew       Delay        Time   Description
---------------------------------------------------------------------------------------------
                                  0.000000    0.000000   clock clk (rise edge)
                                  0.000000    0.000000   clock network delay (propagated)
                                  1.600000    1.600000 ^ input external delay
     1    0.003013    0.014675    0.007778    1.607777 ^ rst_n (in)
                                                         rst_n (net)
                      0.014675    0.000000    1.607777 ^ input4/A (sky130_fd_sc_hd__buf_1)
     2    0.008475    0.079658    0.081297    1.689074 ^ input4/X (sky130_fd_sc_hd__buf_1)
                                                         net4 (net)
                      0.079658    0.000077    1.689151 ^ _9_/RESET_B (sky130_fd_sc_hd__dfrtp_1)
                                              1.689151   data arrival time

                                  0.000000    0.000000   clock clk (rise edge)
                                  0.000000    0.000000   clock source latency
     1    0.009404    0.036494    0.023625    0.023625 ^ clk (in)
                                                         clk (net)
                      0.036495    0.000000    0.023625 ^ clkbuf_0_clk/A (sky130_fd_sc_hd__clkbuf_16)
     2    0.018874    0.030425    0.085325    0.108950 ^ clkbuf_0_clk/X (sky130_fd_sc_hd__clkbuf_16)
                                                         clknet_0_clk (net)
                      0.030426    0.000211    0.109161 ^ clkbuf_1_1__f_clk/A (sky130_fd_sc_hd__clkbuf_16)
     1    0.004184    0.020411    0.072873    0.182034 ^ clkbuf_1_1__f_clk/X (sky130_fd_sc_hd__clkbuf_16)
                                                         clknet_1_1__leaf_clk (net)
                      0.020411    0.000068    0.182102 ^ _9_/CLK (sky130_fd_sc_hd__dfrtp_1)
                                  0.250000    0.432102   clock uncertainty
                                  0.000000    0.432102   clock reconvergence pessimism
                                  0.208331    0.640433   library removal time
                                              0.640433   data required time
---------------------------------------------------------------------------------------------
                                              0.640433   data required time
                                             -1.689151   data arrival time
---------------------------------------------------------------------------------------------
                                              1.048718   slack (MET)


Startpoint: rst_n (input port clocked by clk)
Endpoint: _8_ (removal check against rising-edge clock clk)
Path Group: asynchronous
Path Type: min

Fanout         Cap        Slew       Delay        Time   Description
---------------------------------------------------------------------------------------------
                                  0.000000    0.000000   clock clk (rise edge)
                                  0.000000    0.000000   clock network delay (propagated)
                                  1.600000    1.600000 ^ input external delay
     1    0.003013    0.014675    0.007778    1.607777 ^ rst_n (in)
                                                         rst_n (net)
                      0.014675    0.000000    1.607777 ^ input4/A (sky130_fd_sc_hd__buf_1)
     2    0.008475    0.079658    0.081297    1.689074 ^ input4/X (sky130_fd_sc_hd__buf_1)
                                                         net4 (net)
                      0.079658    0.000058    1.689132 ^ _8_/RESET_B (sky130_fd_sc_hd__dfrtp_1)
                                              1.689132   data arrival time

                                  0.000000    0.000000   clock clk (rise edge)
                                  0.000000    0.000000   clock source latency
     1    0.009404    0.036494    0.023625    0.023625 ^ clk (in)
                                                         clk (net)
                      0.036495    0.000000    0.023625 ^ clkbuf_0_clk/A (sky130_fd_sc_hd__clkbuf_16)
     2    0.018874    0.030425    0.085325    0.108950 ^ clkbuf_0_clk/X (sky130_fd_sc_hd__clkbuf_16)
                                                         clknet_0_clk (net)
                      0.030425    0.000198    0.109148 ^ clkbuf_1_0__f_clk/A (sky130_fd_sc_hd__clkbuf_16)
     1    0.003606    0.019997    0.072379    0.181527 ^ clkbuf_1_0__f_clk/X (sky130_fd_sc_hd__clkbuf_16)
                                                         clknet_1_0__leaf_clk (net)
                      0.019997    0.000050    0.181577 ^ _8_/CLK (sky130_fd_sc_hd__dfrtp_1)
                                  0.250000    0.431577   clock uncertainty
                                  0.000000    0.431577   clock reconvergence pessimism
                                  0.208275    0.639852   library removal time
                                              0.639852   data required time
---------------------------------------------------------------------------------------------
                                              0.639852   data required time
                                             -1.689132   data arrival time
---------------------------------------------------------------------------------------------
                                              1.049280   slack (MET)


Startpoint: b (input port clocked by clk)
Endpoint: _9_ (rising edge-triggered flip-flop clocked by clk)
Path Group: clk
Path Type: min

Fanout         Cap        Slew       Delay        Time   Description
---------------------------------------------------------------------------------------------
                                  0.000000    0.000000   clock clk (rise edge)
                                  0.000000    0.000000   clock network delay (propagated)
                                  1.600000    1.600000 v input external delay
     1    0.002693    0.004574    0.002166    1.602166 v b (in)
                                                         b (net)
                      0.004574    0.000000    1.602166 v input2/A (sky130_fd_sc_hd__buf_1)
     2    0.007865    0.036418    0.062746    1.664912 v input2/X (sky130_fd_sc_hd__buf_1)
                                                         net2 (net)
                      0.036418    0.000065    1.664977 v _4_/A (sky130_fd_sc_hd__nand2_1)
     1    0.003276    0.031303    0.041589    1.706566 ^ _4_/Y (sky130_fd_sc_hd__nand2_1)
                                                         _1_ (net)
                      0.031303    0.000039    1.706605 ^ _6_/B1 (sky130_fd_sc_hd__o21ai_1)
     1    0.003536    0.020712    0.025463    1.732068 v _6_/Y (sky130_fd_sc_hd__o21ai_1)
                                                         cout_comb (net)
                      0.020712    0.000039    1.732107 v _9_/D (sky130_fd_sc_hd__dfrtp_1)
                                              1.732107   data arrival time

                                  0.000000    0.000000   clock clk (rise edge)
                                  0.000000    0.000000   clock source latency
     1    0.009404    0.036494    0.023625    0.023625 ^ clk (in)
                                                         clk (net)
                      0.036495    0.000000    0.023625 ^ clkbuf_0_clk/A (sky130_fd_sc_hd__clkbuf_16)
     2    0.018874    0.030425    0.085325    0.108950 ^ clkbuf_0_clk/X (sky130_fd_sc_hd__clkbuf_16)
                                                         clknet_0_clk (net)
                      0.030426    0.000211    0.109161 ^ clkbuf_1_1__f_clk/A (sky130_fd_sc_hd__clkbuf_16)
     1    0.004184    0.020411    0.072873    0.182034 ^ clkbuf_1_1__f_clk/X (sky130_fd_sc_hd__clkbuf_16)
                                                         clknet_1_1__leaf_clk (net)
                      0.020411    0.000068    0.182102 ^ _9_/CLK (sky130_fd_sc_hd__dfrtp_1)
                                  0.250000    0.432102   clock uncertainty
                                  0.000000    0.432102   clock reconvergence pessimism
                                 -0.029755    0.402346   library hold time
                                              0.402346   data required time
---------------------------------------------------------------------------------------------
                                              0.402346   data required time
                                             -1.732107   data arrival time
---------------------------------------------------------------------------------------------
                                              1.329760   slack (MET)


Startpoint: cin (input port clocked by clk)
Endpoint: _8_ (rising edge-triggered flip-flop clocked by clk)
Path Group: clk
Path Type: min

Fanout         Cap        Slew       Delay        Time   Description
---------------------------------------------------------------------------------------------
                                  0.000000    0.000000   clock clk (rise edge)
                                  0.000000    0.000000   clock network delay (propagated)
                                  1.600000    1.600000 ^ input external delay
     1    0.002758    0.013768    0.007109    1.607109 ^ cin (in)
                                                         cin (net)
                      0.013768    0.000000    1.607109 ^ input3/A (sky130_fd_sc_hd__buf_1)
     2    0.010887    0.100083    0.095073    1.702182 ^ input3/X (sky130_fd_sc_hd__buf_1)
                                                         net3 (net)
                      0.100083    0.000147    1.702329 ^ _7_/A (sky130_fd_sc_hd__xnor2_1)
     1    0.004852    0.031473    0.056567    1.758896 v _7_/Y (sky130_fd_sc_hd__xnor2_1)
                                                         sum_comb (net)
                      0.031473    0.000085    1.758981 v _8_/D (sky130_fd_sc_hd__dfrtp_1)
                                              1.758981   data arrival time

                                  0.000000    0.000000   clock clk (rise edge)
                                  0.000000    0.000000   clock source latency
     1    0.009404    0.036494    0.023625    0.023625 ^ clk (in)
                                                         clk (net)
                      0.036495    0.000000    0.023625 ^ clkbuf_0_clk/A (sky130_fd_sc_hd__clkbuf_16)
     2    0.018874    0.030425    0.085325    0.108950 ^ clkbuf_0_clk/X (sky130_fd_sc_hd__clkbuf_16)
                                                         clknet_0_clk (net)
                      0.030425    0.000198    0.109148 ^ clkbuf_1_0__f_clk/A (sky130_fd_sc_hd__clkbuf_16)
     1    0.003606    0.019997    0.072379    0.181527 ^ clkbuf_1_0__f_clk/X (sky130_fd_sc_hd__clkbuf_16)
                                                         clknet_1_0__leaf_clk (net)
                      0.019997    0.000050    0.181577 ^ _8_/CLK (sky130_fd_sc_hd__dfrtp_1)
                                  0.250000    0.431577   clock uncertainty
                                  0.000000    0.431577   clock reconvergence pessimism
                                 -0.033294    0.398283   library hold time
                                              0.398283   data required time
---------------------------------------------------------------------------------------------
                                              0.398283   data required time
                                             -1.758981   data arrival time
---------------------------------------------------------------------------------------------
                                              1.360698   slack (MET)


Startpoint: _9_ (rising edge-triggered flip-flop clocked by clk)
Endpoint: cout (output port clocked by clk)
Path Group: clk
Path Type: min

Fanout         Cap        Slew       Delay        Time   Description
---------------------------------------------------------------------------------------------
                                  0.000000    0.000000   clock clk (rise edge)
                                  0.000000    0.000000   clock source latency
     1    0.009404    0.036494    0.023625    0.023625 ^ clk (in)
                                                         clk (net)
                      0.036495    0.000000    0.023625 ^ clkbuf_0_clk/A (sky130_fd_sc_hd__clkbuf_16)
     2    0.018874    0.030425    0.085325    0.108950 ^ clkbuf_0_clk/X (sky130_fd_sc_hd__clkbuf_16)
                                                         clknet_0_clk (net)
                      0.030426    0.000211    0.109161 ^ clkbuf_1_1__f_clk/A (sky130_fd_sc_hd__clkbuf_16)
     1    0.004184    0.020411    0.072873    0.182034 ^ clkbuf_1_1__f_clk/X (sky130_fd_sc_hd__clkbuf_16)
                                                         clknet_1_1__leaf_clk (net)
                      0.020411    0.000068    0.182102 ^ _9_/CLK (sky130_fd_sc_hd__dfrtp_1)
     1    0.002240    0.028623    0.190232    0.372333 ^ _9_/Q (sky130_fd_sc_hd__dfrtp_1)
                                                         net5 (net)
                      0.028623    0.000019    0.372353 ^ output5/A (sky130_fd_sc_hd__buf_2)
     1    0.034055    0.127423    0.136305    0.508658 ^ output5/X (sky130_fd_sc_hd__buf_2)
                                                         cout (net)
                      0.127423    0.000179    0.508837 ^ cout (out)
                                              0.508837   data arrival time

                                  0.000000    0.000000   clock clk (rise edge)
                                  0.000000    0.000000   clock network delay (propagated)
                                  0.250000    0.250000   clock uncertainty
                                  0.000000    0.250000   clock reconvergence pessimism
                                 -1.600000   -1.350000   output external delay
                                             -1.350000   data required time
---------------------------------------------------------------------------------------------
                                             -1.350000   data required time
                                             -0.508837   data arrival time
---------------------------------------------------------------------------------------------
                                              1.858837   slack (MET)


Startpoint: _8_ (rising edge-triggered flip-flop clocked by clk)
Endpoint: sum (output port clocked by clk)
Path Group: clk
Path Type: min

Fanout         Cap        Slew       Delay        Time   Description
---------------------------------------------------------------------------------------------
                                  0.000000    0.000000   clock clk (rise edge)
                                  0.000000    0.000000   clock source latency
     1    0.009404    0.036494    0.023625    0.023625 ^ clk (in)
                                                         clk (net)
                      0.036495    0.000000    0.023625 ^ clkbuf_0_clk/A (sky130_fd_sc_hd__clkbuf_16)
     2    0.018874    0.030425    0.085325    0.108950 ^ clkbuf_0_clk/X (sky130_fd_sc_hd__clkbuf_16)
                                                         clknet_0_clk (net)
                      0.030425    0.000198    0.109148 ^ clkbuf_1_0__f_clk/A (sky130_fd_sc_hd__clkbuf_16)
     1    0.003606    0.019997    0.072379    0.181527 ^ clkbuf_1_0__f_clk/X (sky130_fd_sc_hd__clkbuf_16)
                                                         clknet_1_0__leaf_clk (net)
                      0.019997    0.000050    0.181577 ^ _8_/CLK (sky130_fd_sc_hd__dfrtp_1)
     1    0.003429    0.035192    0.196879    0.378456 ^ _8_/Q (sky130_fd_sc_hd__dfrtp_1)
                                                         net6 (net)
                      0.035192    0.000050    0.378506 ^ output6/A (sky130_fd_sc_hd__buf_2)
     1    0.034823    0.130176    0.140048    0.518554 ^ output6/X (sky130_fd_sc_hd__buf_2)
                                                         sum (net)
                      0.130177    0.000384    0.518937 ^ sum (out)
                                              0.518937   data arrival time

                                  0.000000    0.000000   clock clk (rise edge)
                                  0.000000    0.000000   clock network delay (propagated)
                                  0.250000    0.250000   clock uncertainty
                                  0.000000    0.250000   clock reconvergence pessimism
                                 -1.600000   -1.350000   output external delay
                                             -1.350000   data required time
---------------------------------------------------------------------------------------------
                                             -1.350000   data required time
                                             -0.518937   data arrival time
---------------------------------------------------------------------------------------------
                                              1.868937   slack (MET)



