
===========================================================================
report_checks -path_delay max (Setup)
============================================================================
======================= nom_tt_025C_1v80 Corner ===================================

Startpoint: clk_in (input port clocked by clk)
Endpoint: clk_periph (output port clocked by clk)
Path Group: clk
Path Type: max

Fanout         Cap        Slew       Delay        Time   Description
---------------------------------------------------------------------------------------------
                      0.000000    0.000000    0.000000   clock clk (rise edge)
                                  0.000000    0.000000   clock network delay (ideal)
                                  2.000000    2.000000 ^ input external delay
    26    0.047812    0.222235    0.151738    2.151738 ^ clk_in (in)
                                                         clk_in (net)
                      0.222235    0.000000    2.151738 ^ _070_/A (sky130_fd_sc_hd__and2_2)
     1    0.033442    0.181256    0.295686    2.447424 ^ _070_/X (sky130_fd_sc_hd__and2_2)
                                                         clk_periph (net)
                      0.181256    0.000000    2.447424 ^ clk_periph (out)
                                              2.447424   data arrival time

                      0.000000   10.000000   10.000000   clock clk (rise edge)
                                  0.000000   10.000000   clock network delay (ideal)
                                 -0.250000    9.750000   clock uncertainty
                                  0.000000    9.750000   clock reconvergence pessimism
                                 -2.000000    7.750000   output external delay
                                              7.750000   data required time
---------------------------------------------------------------------------------------------
                                              7.750000   data required time
                                             -2.447424   data arrival time
---------------------------------------------------------------------------------------------
                                              5.302576   slack (MET)


Startpoint: clk_in (input port clocked by clk)
Endpoint: clk_core (output port clocked by clk)
Path Group: clk
Path Type: max

Fanout         Cap        Slew       Delay        Time   Description
---------------------------------------------------------------------------------------------
                      0.000000    0.000000    0.000000   clock clk (rise edge)
                                  0.000000    0.000000   clock network delay (ideal)
                                  2.000000    2.000000 ^ input external delay
    26    0.047812    0.222235    0.151738    2.151738 ^ clk_in (in)
                                                         clk_in (net)
                      0.222235    0.000000    2.151738 ^ _068_/B (sky130_fd_sc_hd__and2_2)
     1    0.033442    0.181043    0.290980    2.442718 ^ _068_/X (sky130_fd_sc_hd__and2_2)
                                                         clk_core (net)
                      0.181043    0.000000    2.442718 ^ clk_core (out)
                                              2.442718   data arrival time

                      0.000000   10.000000   10.000000   clock clk (rise edge)
                                  0.000000   10.000000   clock network delay (ideal)
                                 -0.250000    9.750000   clock uncertainty
                                  0.000000    9.750000   clock reconvergence pessimism
                                 -2.000000    7.750000   output external delay
                                              7.750000   data required time
---------------------------------------------------------------------------------------------
                                              7.750000   data required time
                                             -2.442718   data arrival time
---------------------------------------------------------------------------------------------
                                              5.307282   slack (MET)



