
===========================================================================
report_checks -path_delay min (Hold)
============================================================================
======================= nom_tt_025C_1v80 Corner ===================================

Startpoint: clk_in (input port clocked by clk)
Endpoint: clk_periph (output port clocked by clk)
Path Group: clk
Path Type: min

Fanout         Cap        Slew       Delay        Time   Description
---------------------------------------------------------------------------------------------
                      0.000000    0.000000    0.000000   clock clk (rise edge)
                                  0.000000    0.000000   clock network delay (ideal)
                                  2.000000    2.000000 v input external delay
    26    0.044013    0.097381    0.070379    2.070379 v clk_in (in)
                                                         clk_in (net)
                      0.097381    0.000000    2.070379 v _070_/A (sky130_fd_sc_hd__and2_2)
     1    0.033442    0.099812    0.261813    2.332192 v _070_/X (sky130_fd_sc_hd__and2_2)
                                                         clk_periph (net)
                      0.099812    0.000000    2.332192 v clk_periph (out)
                                              2.332192   data arrival time

                      0.000000    0.000000    0.000000   clock clk (rise edge)
                                  0.000000    0.000000   clock network delay (ideal)
                                  0.250000    0.250000   clock uncertainty
                                  0.000000    0.250000   clock reconvergence pessimism
                                 -2.000000   -1.750000   output external delay
                                             -1.750000   data required time
---------------------------------------------------------------------------------------------
                                             -1.750000   data required time
                                             -2.332192   data arrival time
---------------------------------------------------------------------------------------------
                                              4.082191   slack (MET)


Startpoint: clk_in (input port clocked by clk)
Endpoint: clk_core (output port clocked by clk)
Path Group: clk
Path Type: min

Fanout         Cap        Slew       Delay        Time   Description
---------------------------------------------------------------------------------------------
                      0.000000    0.000000    0.000000   clock clk (rise edge)
                                  0.000000    0.000000   clock network delay (ideal)
                                  2.000000    2.000000 v input external delay
    26    0.044013    0.097381    0.070379    2.070379 v clk_in (in)
                                                         clk_in (net)
                      0.097381    0.000000    2.070379 v _068_/B (sky130_fd_sc_hd__and2_2)
     1    0.033442    0.099753    0.284130    2.354508 v _068_/X (sky130_fd_sc_hd__and2_2)
                                                         clk_core (net)
                      0.099753    0.000000    2.354508 v clk_core (out)
                                              2.354508   data arrival time

                      0.000000    0.000000    0.000000   clock clk (rise edge)
                                  0.000000    0.000000   clock network delay (ideal)
                                  0.250000    0.250000   clock uncertainty
                                  0.000000    0.250000   clock reconvergence pessimism
                                 -2.000000   -1.750000   output external delay
                                             -1.750000   data required time
---------------------------------------------------------------------------------------------
                                             -1.750000   data required time
                                             -2.354508   data arrival time
---------------------------------------------------------------------------------------------
                                              4.104508   slack (MET)



