111. Printing statistics.

=== clk_reset_ctrl ===

   Number of wires:                 92
   Number of wire bits:            128
   Number of public wires:          27
   Number of public wire bits:      39
   Number of ports:                 13
   Number of port bits:             13
   Number of memories:               0
   Number of memory bits:            0
   Number of processes:              0
   Number of cells:                 97
     $_ANDNOT_                      14
     $_AND_                          3
     $_MUX_                         15
     $_NAND_                         8
     $_NOR_                          1
     $_NOT_                          5
     $_ORNOT_                        1
     $_OR_                          14
     $_XNOR_                         5
     $_XOR_                          7
     sky130_fd_sc_hd__dfrtp_2       22
     sky130_fd_sc_hd__dlxtn_1        2

   Area for cell type $_NOT_ is unknown!
   Area for cell type $_AND_ is unknown!
   Area for cell type $_NAND_ is unknown!
   Area for cell type $_OR_ is unknown!
   Area for cell type $_NOR_ is unknown!
   Area for cell type $_XOR_ is unknown!
   Area for cell type $_XNOR_ is unknown!
   Area for cell type $_ANDNOT_ is unknown!
   Area for cell type $_ORNOT_ is unknown!
   Area for cell type $_MUX_ is unknown!

   Chip area for module '\clk_reset_ctrl': 608.083200
     of which used for sequential elements: 578.054400 (95.06%)

