119. Printing statistics.

=== clk_reset_ctrl ===

   Number of wires:                 98
   Number of wire bits:             98
   Number of public wires:          39
   Number of public wire bits:      39
   Number of ports:                 13
   Number of port bits:             13
   Number of memories:               0
   Number of memory bits:            0
   Number of processes:              0
   Number of cells:                 90
     sky130_fd_sc_hd__a21o_2         2
     sky130_fd_sc_hd__a21oi_2        4
     sky130_fd_sc_hd__a2bb2o_2       1
     sky130_fd_sc_hd__a31oi_2        1
     sky130_fd_sc_hd__a32o_2         1
     sky130_fd_sc_hd__and2_2         3
     sky130_fd_sc_hd__and3_2         4
     sky130_fd_sc_hd__and3b_2        1
     sky130_fd_sc_hd__and4_2         2
     sky130_fd_sc_hd__and4b_2        1
     sky130_fd_sc_hd__buf_2          1
     sky130_fd_sc_hd__conb_1         3
     sky130_fd_sc_hd__dfrtp_2       22
     sky130_fd_sc_hd__dlxtn_1        2
     sky130_fd_sc_hd__inv_2          6
     sky130_fd_sc_hd__nand2_2        6
     sky130_fd_sc_hd__nand2b_2       1
     sky130_fd_sc_hd__nand3_2        3
     sky130_fd_sc_hd__nand4_2        2
     sky130_fd_sc_hd__nor2_2         4
     sky130_fd_sc_hd__o211a_2        1
     sky130_fd_sc_hd__o211ai_2       2
     sky130_fd_sc_hd__o21a_2         3
     sky130_fd_sc_hd__o21ai_2        5
     sky130_fd_sc_hd__o21bai_2       3
     sky130_fd_sc_hd__o22a_2         1
     sky130_fd_sc_hd__o22ai_2        1
     sky130_fd_sc_hd__o2bb2a_2       1
     sky130_fd_sc_hd__or2_2          2
     sky130_fd_sc_hd__or3b_2         1

   Chip area for module '\clk_reset_ctrl': 1148.601600
     of which used for sequential elements: 578.054400 (50.33%)

