Clock: clk
Sources: clk 
Generated: no
Virtual: no
Propagated: no
Period: 10.000000

===========================================================================
report_clock_properties
============================================================================
Clock                   Period          Waveform
----------------------------------------------------
clk                  10.000000    0.000000  5.000000

===========================================================================
report_clock_latency
============================================================================
Clock clk
rise -> rise
    min     max
0.000000 0.000000 source latency
8.055697         network latency _18620_/CLK
        8.055697 network latency _18620_/CLK
---------------
8.055697 8.055697 latency
        0.000000 skew

fall -> fall
    min     max
0.000000 0.000000 source latency
3.506717         network latency _18620_/CLK
        3.506717 network latency _18620_/CLK
---------------
3.506717 3.506717 latency
        0.000000 skew



===========================================================================
report_clock_min_period
============================================================================
clk period_min = 28.44 fmax = 35.17
