
===========================================================================
report_checks -unconstrained
===========================================================================
======================= nom_ff_n40C_1v95 Corner ===================================

Startpoint: rst_n (input port clocked by clk)
Endpoint: _8_ (recovery check against rising-edge clock clk)
Path Group: asynchronous
Path Type: max

Fanout         Cap        Slew       Delay        Time   Description
---------------------------------------------------------------------------------------------
                                  0.000000    0.000000   clock clk (rise edge)
                                  0.000000    0.000000   clock network delay (propagated)
                                  1.600000    1.600000 ^ input external delay
     1    0.003071    0.014883    0.007951    1.607951 ^ rst_n (in)
                                                         rst_n (net)
                      0.014889    0.000000    1.607951 ^ input4/A (sky130_fd_sc_hd__buf_1)
     2    0.008588    0.080612    0.081951    1.689902 ^ input4/X (sky130_fd_sc_hd__buf_1)
                                                         net4 (net)
                      0.080613    0.000158    1.690059 ^ _8_/RESET_B (sky130_fd_sc_hd__dfrtp_1)
                                              1.690059   data arrival time

                                  8.000000    8.000000   clock clk (rise edge)
                                  0.000000    8.000000   clock source latency
     1    0.009528    0.036931    0.023978    8.023978 ^ clk (in)
                                                         clk (net)
                      0.036934    0.000000    8.023978 ^ clkbuf_0_clk/A (sky130_fd_sc_hd__clkbuf_16)
     2    0.019157    0.030605    0.085532    8.109510 ^ clkbuf_0_clk/X (sky130_fd_sc_hd__clkbuf_16)
                                                         clknet_0_clk (net)
                      0.030608    0.000501    8.110011 ^ clkbuf_1_0__f_clk/A (sky130_fd_sc_hd__clkbuf_16)
     1    0.003788    0.020127    0.072583    8.182594 ^ clkbuf_1_0__f_clk/X (sky130_fd_sc_hd__clkbuf_16)
                                                         clknet_1_0__leaf_clk (net)
                      0.020127    0.000115    8.182710 ^ _8_/CLK (sky130_fd_sc_hd__dfrtp_1)
                                 -0.250000    7.932710   clock uncertainty
                                  0.000000    7.932710   clock reconvergence pessimism
                                  0.132738    8.065448   library recovery time
                                              8.065448   data required time
---------------------------------------------------------------------------------------------
                                              8.065448   data required time
                                             -1.690059   data arrival time
---------------------------------------------------------------------------------------------
                                              6.375389   slack (MET)


Startpoint: _8_ (rising edge-triggered flip-flop clocked by clk)
Endpoint: sum (output port clocked by clk)
Path Group: clk
Path Type: max

Fanout         Cap        Slew       Delay        Time   Description
---------------------------------------------------------------------------------------------
                                  0.000000    0.000000   clock clk (rise edge)
                                  0.000000    0.000000   clock source latency
     1    0.009528    0.036931    0.023978    0.023978 ^ clk (in)
                                                         clk (net)
                      0.036934    0.000000    0.023978 ^ clkbuf_0_clk/A (sky130_fd_sc_hd__clkbuf_16)
     2    0.019157    0.030605    0.085533    0.109511 ^ clkbuf_0_clk/X (sky130_fd_sc_hd__clkbuf_16)
                                                         clknet_0_clk (net)
                      0.030608    0.000501    0.110012 ^ clkbuf_1_0__f_clk/A (sky130_fd_sc_hd__clkbuf_16)
     1    0.003788    0.020127    0.072582    0.182594 ^ clkbuf_1_0__f_clk/X (sky130_fd_sc_hd__clkbuf_16)
                                                         clknet_1_0__leaf_clk (net)
                      0.020127    0.000116    0.182710 ^ _8_/CLK (sky130_fd_sc_hd__dfrtp_1)
     1    0.003428    0.030069    0.220152    0.402863 v _8_/Q (sky130_fd_sc_hd__dfrtp_1)
                                                         net6 (net)
                      0.030069    0.000114    0.402977 v output6/A (sky130_fd_sc_hd__buf_2)
     1    0.034944    0.063864    0.117933    0.520910 v output6/X (sky130_fd_sc_hd__buf_2)
                                                         sum (net)
                      0.063877    0.000882    0.521792 v sum (out)
                                              0.521792   data arrival time

                                  8.000000    8.000000   clock clk (rise edge)
                                  0.000000    8.000000   clock network delay (propagated)
                                 -0.250000    7.750000   clock uncertainty
                                  0.000000    7.750000   clock reconvergence pessimism
                                 -1.600000    6.150000   output external delay
                                              6.150000   data required time
---------------------------------------------------------------------------------------------
                                              6.150000   data required time
                                             -0.521792   data arrival time
---------------------------------------------------------------------------------------------
                                              5.628207   slack (MET)




===========================================================================
report_checks --slack_max -0.01
============================================================================
======================= nom_ff_n40C_1v95 Corner ===================================

No paths found.


===========================================================================
 report_check_types -max_slew -max_cap -max_fanout -violators
============================================================================
======================= nom_ff_n40C_1v95 Corner ===================================



===========================================================================
report_parasitic_annotation -report_unannotated
============================================================================
Found 0 unannotated drivers.
Found 0 partially unannotated drivers.

===========================================================================
max slew violation count 0
max fanout violation count 0
max cap violation count 0
============================================================================

===========================================================================
check_setup -verbose -unconstrained_endpoints -multiple_clock -no_clock -no_input_delay -loops -generated_clocks
===========================================================================
