Clock: clk
Sources: clk 
Generated: no
Virtual: yes
Propagated: no
Period: 8.000000

===========================================================================
report_clock_properties
============================================================================
Clock                   Period          Waveform
----------------------------------------------------
clk                   8.000000    0.000000  4.000000

===========================================================================
report_clock_latency
============================================================================
Clock clk
rise -> rise
    min     max
0.000000 0.000000 source latency
0.182710         network latency _8_/CLK
        0.183306 network latency _9_/CLK
---------------
0.182710 0.183306 latency
        0.000595 skew

fall -> fall
    min     max
0.000000 0.000000 source latency
0.185135         network latency _8_/CLK
        0.185683 network latency _9_/CLK
---------------
0.185135 0.185683 latency
        0.000548 skew



===========================================================================
report_clock_min_period
============================================================================
clk period_min = 0.00 fmax = inf
