
===========================================================================
report_checks -path_delay max (Setup)
============================================================================
======================= nom_ff_n40C_1v95 Corner ===================================

Startpoint: _8_ (rising edge-triggered flip-flop clocked by clk)
Endpoint: sum (output port clocked by clk)
Path Group: clk
Path Type: max

Fanout         Cap        Slew       Delay        Time   Description
---------------------------------------------------------------------------------------------
                                  0.000000    0.000000   clock clk (rise edge)
                                  0.000000    0.000000   clock source latency
     1    0.009528    0.036931    0.023978    0.023978 ^ clk (in)
                                                         clk (net)
                      0.036934    0.000000    0.023978 ^ clkbuf_0_clk/A (sky130_fd_sc_hd__clkbuf_16)
     2    0.019157    0.030605    0.085533    0.109511 ^ clkbuf_0_clk/X (sky130_fd_sc_hd__clkbuf_16)
                                                         clknet_0_clk (net)
                      0.030608    0.000501    0.110012 ^ clkbuf_1_0__f_clk/A (sky130_fd_sc_hd__clkbuf_16)
     1    0.003788    0.020127    0.072582    0.182594 ^ clkbuf_1_0__f_clk/X (sky130_fd_sc_hd__clkbuf_16)
                                                         clknet_1_0__leaf_clk (net)
                      0.020127    0.000116    0.182710 ^ _8_/CLK (sky130_fd_sc_hd__dfrtp_1)
     1    0.003428    0.030069    0.220152    0.402863 v _8_/Q (sky130_fd_sc_hd__dfrtp_1)
                                                         net6 (net)
                      0.030069    0.000114    0.402977 v output6/A (sky130_fd_sc_hd__buf_2)
     1    0.034944    0.063864    0.117933    0.520910 v output6/X (sky130_fd_sc_hd__buf_2)
                                                         sum (net)
                      0.063877    0.000882    0.521792 v sum (out)
                                              0.521792   data arrival time

                                  8.000000    8.000000   clock clk (rise edge)
                                  0.000000    8.000000   clock network delay (propagated)
                                 -0.250000    7.750000   clock uncertainty
                                  0.000000    7.750000   clock reconvergence pessimism
                                 -1.600000    6.150000   output external delay
                                              6.150000   data required time
---------------------------------------------------------------------------------------------
                                              6.150000   data required time
                                             -0.521792   data arrival time
---------------------------------------------------------------------------------------------
                                              5.628207   slack (MET)


Startpoint: _9_ (rising edge-triggered flip-flop clocked by clk)
Endpoint: cout (output port clocked by clk)
Path Group: clk
Path Type: max

Fanout         Cap        Slew       Delay        Time   Description
---------------------------------------------------------------------------------------------
                                  0.000000    0.000000   clock clk (rise edge)
                                  0.000000    0.000000   clock source latency
     1    0.009528    0.036931    0.023978    0.023978 ^ clk (in)
                                                         clk (net)
                      0.036934    0.000000    0.023978 ^ clkbuf_0_clk/A (sky130_fd_sc_hd__clkbuf_16)
     2    0.019157    0.030605    0.085533    0.109511 ^ clkbuf_0_clk/X (sky130_fd_sc_hd__clkbuf_16)
                                                         clknet_0_clk (net)
                      0.030608    0.000522    0.110033 ^ clkbuf_1_1__f_clk/A (sky130_fd_sc_hd__clkbuf_16)
     1    0.004423    0.020581    0.073121    0.183154 ^ clkbuf_1_1__f_clk/X (sky130_fd_sc_hd__clkbuf_16)
                                                         clknet_1_1__leaf_clk (net)
                      0.020582    0.000152    0.183306 ^ _9_/CLK (sky130_fd_sc_hd__dfrtp_1)
     1    0.002125    0.025502    0.213678    0.396984 v _9_/Q (sky130_fd_sc_hd__dfrtp_1)
                                                         net5 (net)
                      0.025502    0.000060    0.397044 v output5/A (sky130_fd_sc_hd__buf_2)
     1    0.034109    0.062533    0.115227    0.512271 v output5/X (sky130_fd_sc_hd__buf_2)
                                                         cout (net)
                      0.062539    0.000632    0.512903 v cout (out)
                                              0.512903   data arrival time

                                  8.000000    8.000000   clock clk (rise edge)
                                  0.000000    8.000000   clock network delay (propagated)
                                 -0.250000    7.750000   clock uncertainty
                                  0.000000    7.750000   clock reconvergence pessimism
                                 -1.600000    6.150000   output external delay
                                              6.150000   data required time
---------------------------------------------------------------------------------------------
                                              6.150000   data required time
                                             -0.512903   data arrival time
---------------------------------------------------------------------------------------------
                                              5.637097   slack (MET)


Startpoint: b (input port clocked by clk)
Endpoint: _8_ (rising edge-triggered flip-flop clocked by clk)
Path Group: clk
Path Type: max

Fanout         Cap        Slew       Delay        Time   Description
---------------------------------------------------------------------------------------------
                                  0.000000    0.000000   clock clk (rise edge)
                                  0.000000    0.000000   clock network delay (propagated)
                                  1.600000    1.600000 v input external delay
     1    0.002740    0.004632    0.002226    1.602226 v b (in)
                                                         b (net)
                      0.004633    0.000000    1.602226 v input2/A (sky130_fd_sc_hd__buf_1)
     2    0.007994    0.036932    0.063104    1.665331 v input2/X (sky130_fd_sc_hd__buf_1)
                                                         net2 (net)
                      0.036933    0.000148    1.665479 v _5_/A (sky130_fd_sc_hd__xnor2_1)
     2    0.008349    0.158508    0.157866    1.823345 ^ _5_/Y (sky130_fd_sc_hd__xnor2_1)
                                                         _2_ (net)
                      0.158508    0.000143    1.823488 ^ _7_/B (sky130_fd_sc_hd__xnor2_1)
     1    0.005167    0.048535    0.056396    1.879884 v _7_/Y (sky130_fd_sc_hd__xnor2_1)
                                                         sum_comb (net)
                      0.048536    0.000181    1.880065 v _8_/D (sky130_fd_sc_hd__dfrtp_1)
                                              1.880065   data arrival time

                                  8.000000    8.000000   clock clk (rise edge)
                                  0.000000    8.000000   clock source latency
     1    0.009528    0.036931    0.023978    8.023978 ^ clk (in)
                                                         clk (net)
                      0.036934    0.000000    8.023978 ^ clkbuf_0_clk/A (sky130_fd_sc_hd__clkbuf_16)
     2    0.019157    0.030605    0.085532    8.109510 ^ clkbuf_0_clk/X (sky130_fd_sc_hd__clkbuf_16)
                                                         clknet_0_clk (net)
                      0.030608    0.000501    8.110011 ^ clkbuf_1_0__f_clk/A (sky130_fd_sc_hd__clkbuf_16)
     1    0.003788    0.020127    0.072583    8.182594 ^ clkbuf_1_0__f_clk/X (sky130_fd_sc_hd__clkbuf_16)
                                                         clknet_1_0__leaf_clk (net)
                      0.020127    0.000115    8.182710 ^ _8_/CLK (sky130_fd_sc_hd__dfrtp_1)
                                 -0.250000    7.932710   clock uncertainty
                                  0.000000    7.932710   clock reconvergence pessimism
                                 -0.079496    7.853213   library setup time
                                              7.853213   data required time
---------------------------------------------------------------------------------------------
                                              7.853213   data required time
                                             -1.880065   data arrival time
---------------------------------------------------------------------------------------------
                                              5.973148   slack (MET)


Startpoint: b (input port clocked by clk)
Endpoint: _9_ (rising edge-triggered flip-flop clocked by clk)
Path Group: clk
Path Type: max

Fanout         Cap        Slew       Delay        Time   Description
---------------------------------------------------------------------------------------------
                                  0.000000    0.000000   clock clk (rise edge)
                                  0.000000    0.000000   clock network delay (propagated)
                                  1.600000    1.600000 v input external delay
     1    0.002740    0.004632    0.002226    1.602226 v b (in)
                                                         b (net)
                      0.004633    0.000000    1.602226 v input2/A (sky130_fd_sc_hd__buf_1)
     2    0.007994    0.036932    0.063104    1.665331 v input2/X (sky130_fd_sc_hd__buf_1)
                                                         net2 (net)
                      0.036933    0.000148    1.665479 v _5_/A (sky130_fd_sc_hd__xnor2_1)
     2    0.008349    0.158508    0.157866    1.823345 ^ _5_/Y (sky130_fd_sc_hd__xnor2_1)
                                                         _2_ (net)
                      0.158508    0.000137    1.823481 ^ _6_/A2 (sky130_fd_sc_hd__o21ai_1)
     1    0.003636    0.041479    0.043750    1.867231 v _6_/Y (sky130_fd_sc_hd__o21ai_1)
                                                         cout_comb (net)
                      0.041479    0.000091    1.867323 v _9_/D (sky130_fd_sc_hd__dfrtp_1)
                                              1.867323   data arrival time

                                  8.000000    8.000000   clock clk (rise edge)
                                  0.000000    8.000000   clock source latency
     1    0.009528    0.036931    0.023978    8.023978 ^ clk (in)
                                                         clk (net)
                      0.036934    0.000000    8.023978 ^ clkbuf_0_clk/A (sky130_fd_sc_hd__clkbuf_16)
     2    0.019157    0.030605    0.085532    8.109510 ^ clkbuf_0_clk/X (sky130_fd_sc_hd__clkbuf_16)
                                                         clknet_0_clk (net)
                      0.030608    0.000522    8.110033 ^ clkbuf_1_1__f_clk/A (sky130_fd_sc_hd__clkbuf_16)
     1    0.004423    0.020581    0.073121    8.183154 ^ clkbuf_1_1__f_clk/X (sky130_fd_sc_hd__clkbuf_16)
                                                         clknet_1_1__leaf_clk (net)
                      0.020582    0.000152    8.183306 ^ _9_/CLK (sky130_fd_sc_hd__dfrtp_1)
                                 -0.250000    7.933306   clock uncertainty
                                  0.000000    7.933306   clock reconvergence pessimism
                                 -0.076931    7.856375   library setup time
                                              7.856375   data required time
---------------------------------------------------------------------------------------------
                                              7.856375   data required time
                                             -1.867323   data arrival time
---------------------------------------------------------------------------------------------
                                              5.989053   slack (MET)


Startpoint: rst_n (input port clocked by clk)
Endpoint: _8_ (recovery check against rising-edge clock clk)
Path Group: asynchronous
Path Type: max

Fanout         Cap        Slew       Delay        Time   Description
---------------------------------------------------------------------------------------------
                                  0.000000    0.000000   clock clk (rise edge)
                                  0.000000    0.000000   clock network delay (propagated)
                                  1.600000    1.600000 ^ input external delay
     1    0.003071    0.014883    0.007951    1.607951 ^ rst_n (in)
                                                         rst_n (net)
                      0.014889    0.000000    1.607951 ^ input4/A (sky130_fd_sc_hd__buf_1)
     2    0.008588    0.080612    0.081951    1.689902 ^ input4/X (sky130_fd_sc_hd__buf_1)
                                                         net4 (net)
                      0.080613    0.000158    1.690059 ^ _8_/RESET_B (sky130_fd_sc_hd__dfrtp_1)
                                              1.690059   data arrival time

                                  8.000000    8.000000   clock clk (rise edge)
                                  0.000000    8.000000   clock source latency
     1    0.009528    0.036931    0.023978    8.023978 ^ clk (in)
                                                         clk (net)
                      0.036934    0.000000    8.023978 ^ clkbuf_0_clk/A (sky130_fd_sc_hd__clkbuf_16)
     2    0.019157    0.030605    0.085532    8.109510 ^ clkbuf_0_clk/X (sky130_fd_sc_hd__clkbuf_16)
                                                         clknet_0_clk (net)
                      0.030608    0.000501    8.110011 ^ clkbuf_1_0__f_clk/A (sky130_fd_sc_hd__clkbuf_16)
     1    0.003788    0.020127    0.072583    8.182594 ^ clkbuf_1_0__f_clk/X (sky130_fd_sc_hd__clkbuf_16)
                                                         clknet_1_0__leaf_clk (net)
                      0.020127    0.000115    8.182710 ^ _8_/CLK (sky130_fd_sc_hd__dfrtp_1)
                                 -0.250000    7.932710   clock uncertainty
                                  0.000000    7.932710   clock reconvergence pessimism
                                  0.132738    8.065448   library recovery time
                                              8.065448   data required time
---------------------------------------------------------------------------------------------
                                              8.065448   data required time
                                             -1.690059   data arrival time
---------------------------------------------------------------------------------------------
                                              6.375389   slack (MET)


Startpoint: rst_n (input port clocked by clk)
Endpoint: _9_ (recovery check against rising-edge clock clk)
Path Group: asynchronous
Path Type: max

Fanout         Cap        Slew       Delay        Time   Description
---------------------------------------------------------------------------------------------
                                  0.000000    0.000000   clock clk (rise edge)
                                  0.000000    0.000000   clock network delay (propagated)
                                  1.600000    1.600000 ^ input external delay
     1    0.003071    0.014883    0.007951    1.607951 ^ rst_n (in)
                                                         rst_n (net)
                      0.014889    0.000000    1.607951 ^ input4/A (sky130_fd_sc_hd__buf_1)
     2    0.008588    0.080612    0.081951    1.689902 ^ input4/X (sky130_fd_sc_hd__buf_1)
                                                         net4 (net)
                      0.080613    0.000182    1.690084 ^ _9_/RESET_B (sky130_fd_sc_hd__dfrtp_1)
                                              1.690084   data arrival time

                                  8.000000    8.000000   clock clk (rise edge)
                                  0.000000    8.000000   clock source latency
     1    0.009528    0.036931    0.023978    8.023978 ^ clk (in)
                                                         clk (net)
                      0.036934    0.000000    8.023978 ^ clkbuf_0_clk/A (sky130_fd_sc_hd__clkbuf_16)
     2    0.019157    0.030605    0.085532    8.109510 ^ clkbuf_0_clk/X (sky130_fd_sc_hd__clkbuf_16)
                                                         clknet_0_clk (net)
                      0.030608    0.000522    8.110033 ^ clkbuf_1_1__f_clk/A (sky130_fd_sc_hd__clkbuf_16)
     1    0.004423    0.020581    0.073121    8.183154 ^ clkbuf_1_1__f_clk/X (sky130_fd_sc_hd__clkbuf_16)
                                                         clknet_1_1__leaf_clk (net)
                      0.020582    0.000152    8.183306 ^ _9_/CLK (sky130_fd_sc_hd__dfrtp_1)
                                 -0.250000    7.933306   clock uncertainty
                                  0.000000    7.933306   clock reconvergence pessimism
                                  0.132807    8.066113   library recovery time
                                              8.066113   data required time
---------------------------------------------------------------------------------------------
                                              8.066113   data required time
                                             -1.690084   data arrival time
---------------------------------------------------------------------------------------------
                                              6.376029   slack (MET)



