Reading timing models for corner nom_ff_n40C_1v95…
Reading cell library for the 'nom_ff_n40C_1v95' corner at '/home/chithang/.volare/volare/sky130/versions/0fe599b2afb6708d281543108caf8310912f54af/sky130A/libs.ref/sky130_fd_sc_hd/lib/sky130_fd_sc_hd__ff_n40C_1v95.lib'…
Reading top-level netlist at '/home/chithang/pdop2/FA_reg/runs/RUN_2026-03-28_14-30-24/51-openroad-fillinsertion/FA_Reg.nl.v'…
Linking design 'FA_Reg' from netlist…
Warning: /home/chithang/pdop2/FA_reg/runs/RUN_2026-03-28_14-30-24/51-openroad-fillinsertion/FA_Reg.nl.v line 74, module sky130_fd_sc_hd__tapvpwrvgnd_1 not found. Creating black box for TAP_TAPCELL_ROW_0_20.
Warning: /home/chithang/pdop2/FA_reg/runs/RUN_2026-03-28_14-30-24/51-openroad-fillinsertion/FA_Reg.nl.v line 104, module sky130_ef_sc_hd__decap_12 not found. Creating black box for FILLER_0_3.
Warning: /home/chithang/pdop2/FA_reg/runs/RUN_2026-03-28_14-30-24/51-openroad-fillinsertion/FA_Reg.nl.v line 106, module sky130_fd_sc_hd__fill_1 not found. Creating black box for FILLER_0_27.
Warning: /home/chithang/pdop2/FA_reg/runs/RUN_2026-03-28_14-30-24/51-openroad-fillinsertion/FA_Reg.nl.v line 134, module sky130_fd_sc_hd__fill_2 not found. Creating black box for FILLER_3_57.
Reading design constraints file at '/nix/store/h0ldzjka94yryiq8yxbxmwargpnmwhx6-python3-3.11.9-env/lib/python3.11/site-packages/openlane/scripts/base.sdc'…
[INFO] Using clock clk…
[INFO] Setting output delay to: 1.6
[INFO] Setting input delay to: 1.6
[INFO] Setting load to: 0.033442
[INFO] Setting clock uncertainty to: 0.25
[INFO] Setting clock transition to: 0.1499999999999999944488848768742172978818416595458984375
[INFO] Setting timing derate to: 5%
Reading top-level design parasitics for the 'nom_ff_n40C_1v95' corner at '/home/chithang/pdop2/FA_reg/runs/RUN_2026-03-28_14-30-24/53-openroad-rcx/nom/FA_Reg.nom.spef'…
%OL_CREATE_REPORT min.rpt

===========================================================================
report_checks -path_delay min (Hold)
============================================================================
======================= nom_ff_n40C_1v95 Corner ===================================

Startpoint: rst_n (input port clocked by clk)
Endpoint: _9_ (removal check against rising-edge clock clk)
Path Group: asynchronous
Path Type: min

Fanout         Cap        Slew       Delay        Time   Description
---------------------------------------------------------------------------------------------
                                  0.000000    0.000000   clock clk (rise edge)
                                  0.000000    0.000000   clock network delay (propagated)
                                  1.600000    1.600000 ^ input external delay
     1    0.003071    0.014883    0.007951    1.607951 ^ rst_n (in)
                                                         rst_n (net)
                      0.014889    0.000000    1.607951 ^ input4/A (sky130_fd_sc_hd__buf_1)
     2    0.008588    0.080612    0.081951    1.689902 ^ input4/X (sky130_fd_sc_hd__buf_1)
                                                         net4 (net)
                      0.080613    0.000182    1.690084 ^ _9_/RESET_B (sky130_fd_sc_hd__dfrtp_1)
                                              1.690084   data arrival time

                                  0.000000    0.000000   clock clk (rise edge)
                                  0.000000    0.000000   clock source latency
     1    0.009528    0.036931    0.023978    0.023978 ^ clk (in)
                                                         clk (net)
                      0.036934    0.000000    0.023978 ^ clkbuf_0_clk/A (sky130_fd_sc_hd__clkbuf_16)
     2    0.019157    0.030605    0.085533    0.109511 ^ clkbuf_0_clk/X (sky130_fd_sc_hd__clkbuf_16)
                                                         clknet_0_clk (net)
                      0.030608    0.000522    0.110033 ^ clkbuf_1_1__f_clk/A (sky130_fd_sc_hd__clkbuf_16)
     1    0.004423    0.020581    0.073121    0.183154 ^ clkbuf_1_1__f_clk/X (sky130_fd_sc_hd__clkbuf_16)
                                                         clknet_1_1__leaf_clk (net)
                      0.020582    0.000152    0.183306 ^ _9_/CLK (sky130_fd_sc_hd__dfrtp_1)
                                  0.250000    0.433306   clock uncertainty
                                  0.000000    0.433306   clock reconvergence pessimism
                                  0.208603    0.641909   library removal time
                                              0.641909   data required time
---------------------------------------------------------------------------------------------
                                              0.641909   data required time
                                             -1.690084   data arrival time
---------------------------------------------------------------------------------------------
                                              1.048175   slack (MET)


Startpoint: rst_n (input port clocked by clk)
Endpoint: _8_ (removal check against rising-edge clock clk)
Path Group: asynchronous
Path Type: min

Fanout         Cap        Slew       Delay        Time   Description
---------------------------------------------------------------------------------------------
                                  0.000000    0.000000   clock clk (rise edge)
                                  0.000000    0.000000   clock network delay (propagated)
                                  1.600000    1.600000 ^ input external delay
     1    0.003071    0.014883    0.007951    1.607951 ^ rst_n (in)
                                                         rst_n (net)
                      0.014889    0.000000    1.607951 ^ input4/A (sky130_fd_sc_hd__buf_1)
     2    0.008588    0.080612    0.081951    1.689902 ^ input4/X (sky130_fd_sc_hd__buf_1)
                                                         net4 (net)
                      0.080613    0.000158    1.690059 ^ _8_/RESET_B (sky130_fd_sc_hd__dfrtp_1)
                                              1.690059   data arrival time

                                  0.000000    0.000000   clock clk (rise edge)
                                  0.000000    0.000000   clock source latency
     1    0.009528    0.036931    0.023978    0.023978 ^ clk (in)
                                                         clk (net)
                      0.036934    0.000000    0.023978 ^ clkbuf_0_clk/A (sky130_fd_sc_hd__clkbuf_16)
     2    0.019157    0.030605    0.085533    0.109511 ^ clkbuf_0_clk/X (sky130_fd_sc_hd__clkbuf_16)
                                                         clknet_0_clk (net)
                      0.030608    0.000501    0.110012 ^ clkbuf_1_0__f_clk/A (sky130_fd_sc_hd__clkbuf_16)
     1    0.003788    0.020127    0.072582    0.182594 ^ clkbuf_1_0__f_clk/X (sky130_fd_sc_hd__clkbuf_16)
                                                         clknet_1_0__leaf_clk (net)
                      0.020127    0.000116    0.182710 ^ _8_/CLK (sky130_fd_sc_hd__dfrtp_1)
                                  0.250000    0.432710   clock uncertainty
                                  0.000000    0.432710   clock reconvergence pessimism
                                  0.208541    0.641251   library removal time
                                              0.641251   data required time
---------------------------------------------------------------------------------------------
                                              0.641251   data required time
                                             -1.690059   data arrival time
---------------------------------------------------------------------------------------------
                                              1.048808   slack (MET)


Startpoint: b (input port clocked by clk)
Endpoint: _9_ (rising edge-triggered flip-flop clocked by clk)
Path Group: clk
Path Type: min

Fanout         Cap        Slew       Delay        Time   Description
---------------------------------------------------------------------------------------------
                                  0.000000    0.000000   clock clk (rise edge)
                                  0.000000    0.000000   clock network delay (propagated)
                                  1.600000    1.600000 v input external delay
     1    0.002740    0.004632    0.002226    1.602226 v b (in)
                                                         b (net)
                      0.004633    0.000000    1.602226 v input2/A (sky130_fd_sc_hd__buf_1)
     2    0.007994    0.036932    0.063104    1.665331 v input2/X (sky130_fd_sc_hd__buf_1)
                                                         net2 (net)
                      0.036933    0.000167    1.665498 v _4_/A (sky130_fd_sc_hd__nand2_1)
     1    0.003414    0.032126    0.042447    1.707945 ^ _4_/Y (sky130_fd_sc_hd__nand2_1)
                                                         _1_ (net)
                      0.032126    0.000104    1.708049 ^ _6_/B1 (sky130_fd_sc_hd__o21ai_1)
     1    0.003636    0.021208    0.025905    1.733954 v _6_/Y (sky130_fd_sc_hd__o21ai_1)
                                                         cout_comb (net)
                      0.021209    0.000091    1.734046 v _9_/D (sky130_fd_sc_hd__dfrtp_1)
                                              1.734046   data arrival time

                                  0.000000    0.000000   clock clk (rise edge)
                                  0.000000    0.000000   clock source latency
     1    0.009528    0.036931    0.023978    0.023978 ^ clk (in)
                                                         clk (net)
                      0.036934    0.000000    0.023978 ^ clkbuf_0_clk/A (sky130_fd_sc_hd__clkbuf_16)
     2    0.019157    0.030605    0.085533    0.109511 ^ clkbuf_0_clk/X (sky130_fd_sc_hd__clkbuf_16)
                                                         clknet_0_clk (net)
                      0.030608    0.000522    0.110033 ^ clkbuf_1_1__f_clk/A (sky130_fd_sc_hd__clkbuf_16)
     1    0.004423    0.020581    0.073121    0.183154 ^ clkbuf_1_1__f_clk/X (sky130_fd_sc_hd__clkbuf_16)
                                                         clknet_1_1__leaf_clk (net)
                      0.020582    0.000152    0.183306 ^ _9_/CLK (sky130_fd_sc_hd__dfrtp_1)
                                  0.250000    0.433306   clock uncertainty
                                  0.000000    0.433306   clock reconvergence pessimism
                                 -0.029900    0.403406   library hold time
                                              0.403406   data required time
---------------------------------------------------------------------------------------------
                                              0.403406   data required time
                                             -1.734046   data arrival time
---------------------------------------------------------------------------------------------
                                              1.330639   slack (MET)


Startpoint: cin (input port clocked by clk)
Endpoint: _8_ (rising edge-triggered flip-flop clocked by clk)
Path Group: clk
Path Type: min

Fanout         Cap        Slew       Delay        Time   Description
---------------------------------------------------------------------------------------------
                                  0.000000    0.000000   clock clk (rise edge)
                                  0.000000    0.000000   clock network delay (propagated)
                                  1.600000    1.600000 ^ input external delay
     1    0.002789    0.013876    0.007208    1.607208 ^ cin (in)
                                                         cin (net)
                      0.013876    0.000000    1.607208 ^ input3/A (sky130_fd_sc_hd__buf_1)
     2    0.011072    0.101677    0.096070    1.703277 ^ input3/X (sky130_fd_sc_hd__buf_1)
                                                         net3 (net)
                      0.101679    0.000334    1.703612 ^ _7_/A (sky130_fd_sc_hd__xnor2_1)
     1    0.005167    0.032742    0.058150    1.761762 v _7_/Y (sky130_fd_sc_hd__xnor2_1)
                                                         sum_comb (net)
                      0.032742    0.000181    1.761944 v _8_/D (sky130_fd_sc_hd__dfrtp_1)
                                              1.761944   data arrival time

                                  0.000000    0.000000   clock clk (rise edge)
                                  0.000000    0.000000   clock source latency
     1    0.009528    0.036931    0.023978    0.023978 ^ clk (in)
                                                         clk (net)
                      0.036934    0.000000    0.023978 ^ clkbuf_0_clk/A (sky130_fd_sc_hd__clkbuf_16)
     2    0.019157    0.030605    0.085533    0.109511 ^ clkbuf_0_clk/X (sky130_fd_sc_hd__clkbuf_16)
                                                         clknet_0_clk (net)
                      0.030608    0.000501    0.110012 ^ clkbuf_1_0__f_clk/A (sky130_fd_sc_hd__clkbuf_16)
     1    0.003788    0.020127    0.072582    0.182594 ^ clkbuf_1_0__f_clk/X (sky130_fd_sc_hd__clkbuf_16)
                                                         clknet_1_0__leaf_clk (net)
                      0.020127    0.000116    0.182710 ^ _8_/CLK (sky130_fd_sc_hd__dfrtp_1)
                                  0.250000    0.432710   clock uncertainty
                                  0.000000    0.432710   clock reconvergence pessimism
                                 -0.033694    0.399017   library hold time
                                              0.399017   data required time
---------------------------------------------------------------------------------------------
                                              0.399017   data required time
                                             -1.761944   data arrival time
---------------------------------------------------------------------------------------------
                                              1.362927   slack (MET)


Startpoint: _9_ (rising edge-triggered flip-flop clocked by clk)
Endpoint: cout (output port clocked by clk)
Path Group: clk
Path Type: min

Fanout         Cap        Slew       Delay        Time   Description
---------------------------------------------------------------------------------------------
                                  0.000000    0.000000   clock clk (rise edge)
                                  0.000000    0.000000   clock source latency
     1    0.009528    0.036931    0.023978    0.023978 ^ clk (in)
                                                         clk (net)
                      0.036934    0.000000    0.023978 ^ clkbuf_0_clk/A (sky130_fd_sc_hd__clkbuf_16)
     2    0.019157    0.030605    0.085533    0.109511 ^ clkbuf_0_clk/X (sky130_fd_sc_hd__clkbuf_16)
                                                         clknet_0_clk (net)
                      0.030608    0.000522    0.110033 ^ clkbuf_1_1__f_clk/A (sky130_fd_sc_hd__clkbuf_16)
     1    0.004423    0.020581    0.073121    0.183154 ^ clkbuf_1_1__f_clk/X (sky130_fd_sc_hd__clkbuf_16)
                                                         clknet_1_1__leaf_clk (net)
                      0.020582    0.000152    0.183306 ^ _9_/CLK (sky130_fd_sc_hd__dfrtp_1)
     1    0.002284    0.028856    0.190515    0.373820 ^ _9_/Q (sky130_fd_sc_hd__dfrtp_1)
                                                         net5 (net)
                      0.028856    0.000065    0.373885 ^ output5/A (sky130_fd_sc_hd__buf_2)
     1    0.034109    0.127691    0.136198    0.510083 ^ output5/X (sky130_fd_sc_hd__buf_2)
                                                         cout (net)
                      0.127696    0.000632    0.510715 ^ cout (out)
                                              0.510715   data arrival time

                                  0.000000    0.000000   clock clk (rise edge)
                                  0.000000    0.000000   clock network delay (propagated)
                                  0.250000    0.250000   clock uncertainty
                                  0.000000    0.250000   clock reconvergence pessimism
                                 -1.600000   -1.350000   output external delay
                                             -1.350000   data required time
---------------------------------------------------------------------------------------------
                                             -1.350000   data required time
                                             -0.510715   data arrival time
---------------------------------------------------------------------------------------------
                                              1.860715   slack (MET)


Startpoint: _8_ (rising edge-triggered flip-flop clocked by clk)
Endpoint: sum (output port clocked by clk)
Path Group: clk
Path Type: min

Fanout         Cap        Slew       Delay        Time   Description
---------------------------------------------------------------------------------------------
                                  0.000000    0.000000   clock clk (rise edge)
                                  0.000000    0.000000   clock source latency
     1    0.009528    0.036931    0.023978    0.023978 ^ clk (in)
                                                         clk (net)
                      0.036934    0.000000    0.023978 ^ clkbuf_0_clk/A (sky130_fd_sc_hd__clkbuf_16)
     2    0.019157    0.030605    0.085533    0.109511 ^ clkbuf_0_clk/X (sky130_fd_sc_hd__clkbuf_16)
                                                         clknet_0_clk (net)
                      0.030608    0.000501    0.110012 ^ clkbuf_1_0__f_clk/A (sky130_fd_sc_hd__clkbuf_16)
     1    0.003788    0.020127    0.072582    0.182594 ^ clkbuf_1_0__f_clk/X (sky130_fd_sc_hd__clkbuf_16)
                                                         clknet_1_0__leaf_clk (net)
                      0.020127    0.000116    0.182710 ^ _8_/CLK (sky130_fd_sc_hd__dfrtp_1)
     1    0.003587    0.036091    0.197789    0.380499 ^ _8_/Q (sky130_fd_sc_hd__dfrtp_1)
                                                         net6 (net)
                      0.036091    0.000120    0.380620 ^ output6/A (sky130_fd_sc_hd__buf_2)
     1    0.034944    0.130619    0.140278    0.520898 ^ output6/X (sky130_fd_sc_hd__buf_2)
                                                         sum (net)
                      0.130628    0.000883    0.521781 ^ sum (out)
                                              0.521781   data arrival time

                                  0.000000    0.000000   clock clk (rise edge)
                                  0.000000    0.000000   clock network delay (propagated)
                                  0.250000    0.250000   clock uncertainty
                                  0.000000    0.250000   clock reconvergence pessimism
                                 -1.600000   -1.350000   output external delay
                                             -1.350000   data required time
---------------------------------------------------------------------------------------------
                                             -1.350000   data required time
                                             -0.521781   data arrival time
---------------------------------------------------------------------------------------------
                                              1.871781   slack (MET)



%OL_END_REPORT
%OL_CREATE_REPORT max.rpt

===========================================================================
report_checks -path_delay max (Setup)
============================================================================
======================= nom_ff_n40C_1v95 Corner ===================================

Startpoint: _8_ (rising edge-triggered flip-flop clocked by clk)
Endpoint: sum (output port clocked by clk)
Path Group: clk
Path Type: max

Fanout         Cap        Slew       Delay        Time   Description
---------------------------------------------------------------------------------------------
                                  0.000000    0.000000   clock clk (rise edge)
                                  0.000000    0.000000   clock source latency
     1    0.009528    0.036931    0.023978    0.023978 ^ clk (in)
                                                         clk (net)
                      0.036934    0.000000    0.023978 ^ clkbuf_0_clk/A (sky130_fd_sc_hd__clkbuf_16)
     2    0.019157    0.030605    0.085533    0.109511 ^ clkbuf_0_clk/X (sky130_fd_sc_hd__clkbuf_16)
                                                         clknet_0_clk (net)
                      0.030608    0.000501    0.110012 ^ clkbuf_1_0__f_clk/A (sky130_fd_sc_hd__clkbuf_16)
     1    0.003788    0.020127    0.072582    0.182594 ^ clkbuf_1_0__f_clk/X (sky130_fd_sc_hd__clkbuf_16)
                                                         clknet_1_0__leaf_clk (net)
                      0.020127    0.000116    0.182710 ^ _8_/CLK (sky130_fd_sc_hd__dfrtp_1)
     1    0.003428    0.030069    0.220152    0.402863 v _8_/Q (sky130_fd_sc_hd__dfrtp_1)
                                                         net6 (net)
                      0.030069    0.000114    0.402977 v output6/A (sky130_fd_sc_hd__buf_2)
     1    0.034944    0.063864    0.117933    0.520910 v output6/X (sky130_fd_sc_hd__buf_2)
                                                         sum (net)
                      0.063877    0.000882    0.521792 v sum (out)
                                              0.521792   data arrival time

                                  8.000000    8.000000   clock clk (rise edge)
                                  0.000000    8.000000   clock network delay (propagated)
                                 -0.250000    7.750000   clock uncertainty
                                  0.000000    7.750000   clock reconvergence pessimism
                                 -1.600000    6.150000   output external delay
                                              6.150000   data required time
---------------------------------------------------------------------------------------------
                                              6.150000   data required time
                                             -0.521792   data arrival time
---------------------------------------------------------------------------------------------
                                              5.628207   slack (MET)


Startpoint: _9_ (rising edge-triggered flip-flop clocked by clk)
Endpoint: cout (output port clocked by clk)
Path Group: clk
Path Type: max

Fanout         Cap        Slew       Delay        Time   Description
---------------------------------------------------------------------------------------------
                                  0.000000    0.000000   clock clk (rise edge)
                                  0.000000    0.000000   clock source latency
     1    0.009528    0.036931    0.023978    0.023978 ^ clk (in)
                                                         clk (net)
                      0.036934    0.000000    0.023978 ^ clkbuf_0_clk/A (sky130_fd_sc_hd__clkbuf_16)
     2    0.019157    0.030605    0.085533    0.109511 ^ clkbuf_0_clk/X (sky130_fd_sc_hd__clkbuf_16)
                                                         clknet_0_clk (net)
                      0.030608    0.000522    0.110033 ^ clkbuf_1_1__f_clk/A (sky130_fd_sc_hd__clkbuf_16)
     1    0.004423    0.020581    0.073121    0.183154 ^ clkbuf_1_1__f_clk/X (sky130_fd_sc_hd__clkbuf_16)
                                                         clknet_1_1__leaf_clk (net)
                      0.020582    0.000152    0.183306 ^ _9_/CLK (sky130_fd_sc_hd__dfrtp_1)
     1    0.002125    0.025502    0.213678    0.396984 v _9_/Q (sky130_fd_sc_hd__dfrtp_1)
                                                         net5 (net)
                      0.025502    0.000060    0.397044 v output5/A (sky130_fd_sc_hd__buf_2)
     1    0.034109    0.062533    0.115227    0.512271 v output5/X (sky130_fd_sc_hd__buf_2)
                                                         cout (net)
                      0.062539    0.000632    0.512903 v cout (out)
                                              0.512903   data arrival time

                                  8.000000    8.000000   clock clk (rise edge)
                                  0.000000    8.000000   clock network delay (propagated)
                                 -0.250000    7.750000   clock uncertainty
                                  0.000000    7.750000   clock reconvergence pessimism
                                 -1.600000    6.150000   output external delay
                                              6.150000   data required time
---------------------------------------------------------------------------------------------
                                              6.150000   data required time
                                             -0.512903   data arrival time
---------------------------------------------------------------------------------------------
                                              5.637097   slack (MET)


Startpoint: b (input port clocked by clk)
Endpoint: _8_ (rising edge-triggered flip-flop clocked by clk)
Path Group: clk
Path Type: max

Fanout         Cap        Slew       Delay        Time   Description
---------------------------------------------------------------------------------------------
                                  0.000000    0.000000   clock clk (rise edge)
                                  0.000000    0.000000   clock network delay (propagated)
                                  1.600000    1.600000 v input external delay
     1    0.002740    0.004632    0.002226    1.602226 v b (in)
                                                         b (net)
                      0.004633    0.000000    1.602226 v input2/A (sky130_fd_sc_hd__buf_1)
     2    0.007994    0.036932    0.063104    1.665331 v input2/X (sky130_fd_sc_hd__buf_1)
                                                         net2 (net)
                      0.036933    0.000148    1.665479 v _5_/A (sky130_fd_sc_hd__xnor2_1)
     2    0.008349    0.158508    0.157866    1.823345 ^ _5_/Y (sky130_fd_sc_hd__xnor2_1)
                                                         _2_ (net)
                      0.158508    0.000143    1.823488 ^ _7_/B (sky130_fd_sc_hd__xnor2_1)
     1    0.005167    0.048535    0.056396    1.879884 v _7_/Y (sky130_fd_sc_hd__xnor2_1)
                                                         sum_comb (net)
                      0.048536    0.000181    1.880065 v _8_/D (sky130_fd_sc_hd__dfrtp_1)
                                              1.880065   data arrival time

                                  8.000000    8.000000   clock clk (rise edge)
                                  0.000000    8.000000   clock source latency
     1    0.009528    0.036931    0.023978    8.023978 ^ clk (in)
                                                         clk (net)
                      0.036934    0.000000    8.023978 ^ clkbuf_0_clk/A (sky130_fd_sc_hd__clkbuf_16)
     2    0.019157    0.030605    0.085532    8.109510 ^ clkbuf_0_clk/X (sky130_fd_sc_hd__clkbuf_16)
                                                         clknet_0_clk (net)
                      0.030608    0.000501    8.110011 ^ clkbuf_1_0__f_clk/A (sky130_fd_sc_hd__clkbuf_16)
     1    0.003788    0.020127    0.072583    8.182594 ^ clkbuf_1_0__f_clk/X (sky130_fd_sc_hd__clkbuf_16)
                                                         clknet_1_0__leaf_clk (net)
                      0.020127    0.000115    8.182710 ^ _8_/CLK (sky130_fd_sc_hd__dfrtp_1)
                                 -0.250000    7.932710   clock uncertainty
                                  0.000000    7.932710   clock reconvergence pessimism
                                 -0.079496    7.853213   library setup time
                                              7.853213   data required time
---------------------------------------------------------------------------------------------
                                              7.853213   data required time
                                             -1.880065   data arrival time
---------------------------------------------------------------------------------------------
                                              5.973148   slack (MET)


Startpoint: b (input port clocked by clk)
Endpoint: _9_ (rising edge-triggered flip-flop clocked by clk)
Path Group: clk
Path Type: max

Fanout         Cap        Slew       Delay        Time   Description
---------------------------------------------------------------------------------------------
                                  0.000000    0.000000   clock clk (rise edge)
                                  0.000000    0.000000   clock network delay (propagated)
                                  1.600000    1.600000 v input external delay
     1    0.002740    0.004632    0.002226    1.602226 v b (in)
                                                         b (net)
                      0.004633    0.000000    1.602226 v input2/A (sky130_fd_sc_hd__buf_1)
     2    0.007994    0.036932    0.063104    1.665331 v input2/X (sky130_fd_sc_hd__buf_1)
                                                         net2 (net)
                      0.036933    0.000148    1.665479 v _5_/A (sky130_fd_sc_hd__xnor2_1)
     2    0.008349    0.158508    0.157866    1.823345 ^ _5_/Y (sky130_fd_sc_hd__xnor2_1)
                                                         _2_ (net)
                      0.158508    0.000137    1.823481 ^ _6_/A2 (sky130_fd_sc_hd__o21ai_1)
     1    0.003636    0.041479    0.043750    1.867231 v _6_/Y (sky130_fd_sc_hd__o21ai_1)
                                                         cout_comb (net)
                      0.041479    0.000091    1.867323 v _9_/D (sky130_fd_sc_hd__dfrtp_1)
                                              1.867323   data arrival time

                                  8.000000    8.000000   clock clk (rise edge)
                                  0.000000    8.000000   clock source latency
     1    0.009528    0.036931    0.023978    8.023978 ^ clk (in)
                                                         clk (net)
                      0.036934    0.000000    8.023978 ^ clkbuf_0_clk/A (sky130_fd_sc_hd__clkbuf_16)
     2    0.019157    0.030605    0.085532    8.109510 ^ clkbuf_0_clk/X (sky130_fd_sc_hd__clkbuf_16)
                                                         clknet_0_clk (net)
                      0.030608    0.000522    8.110033 ^ clkbuf_1_1__f_clk/A (sky130_fd_sc_hd__clkbuf_16)
     1    0.004423    0.020581    0.073121    8.183154 ^ clkbuf_1_1__f_clk/X (sky130_fd_sc_hd__clkbuf_16)
                                                         clknet_1_1__leaf_clk (net)
                      0.020582    0.000152    8.183306 ^ _9_/CLK (sky130_fd_sc_hd__dfrtp_1)
                                 -0.250000    7.933306   clock uncertainty
                                  0.000000    7.933306   clock reconvergence pessimism
                                 -0.076931    7.856375   library setup time
                                              7.856375   data required time
---------------------------------------------------------------------------------------------
                                              7.856375   data required time
                                             -1.867323   data arrival time
---------------------------------------------------------------------------------------------
                                              5.989053   slack (MET)


Startpoint: rst_n (input port clocked by clk)
Endpoint: _8_ (recovery check against rising-edge clock clk)
Path Group: asynchronous
Path Type: max

Fanout         Cap        Slew       Delay        Time   Description
---------------------------------------------------------------------------------------------
                                  0.000000    0.000000   clock clk (rise edge)
                                  0.000000    0.000000   clock network delay (propagated)
                                  1.600000    1.600000 ^ input external delay
     1    0.003071    0.014883    0.007951    1.607951 ^ rst_n (in)
                                                         rst_n (net)
                      0.014889    0.000000    1.607951 ^ input4/A (sky130_fd_sc_hd__buf_1)
     2    0.008588    0.080612    0.081951    1.689902 ^ input4/X (sky130_fd_sc_hd__buf_1)
                                                         net4 (net)
                      0.080613    0.000158    1.690059 ^ _8_/RESET_B (sky130_fd_sc_hd__dfrtp_1)
                                              1.690059   data arrival time

                                  8.000000    8.000000   clock clk (rise edge)
                                  0.000000    8.000000   clock source latency
     1    0.009528    0.036931    0.023978    8.023978 ^ clk (in)
                                                         clk (net)
                      0.036934    0.000000    8.023978 ^ clkbuf_0_clk/A (sky130_fd_sc_hd__clkbuf_16)
     2    0.019157    0.030605    0.085532    8.109510 ^ clkbuf_0_clk/X (sky130_fd_sc_hd__clkbuf_16)
                                                         clknet_0_clk (net)
                      0.030608    0.000501    8.110011 ^ clkbuf_1_0__f_clk/A (sky130_fd_sc_hd__clkbuf_16)
     1    0.003788    0.020127    0.072583    8.182594 ^ clkbuf_1_0__f_clk/X (sky130_fd_sc_hd__clkbuf_16)
                                                         clknet_1_0__leaf_clk (net)
                      0.020127    0.000115    8.182710 ^ _8_/CLK (sky130_fd_sc_hd__dfrtp_1)
                                 -0.250000    7.932710   clock uncertainty
                                  0.000000    7.932710   clock reconvergence pessimism
                                  0.132738    8.065448   library recovery time
                                              8.065448   data required time
---------------------------------------------------------------------------------------------
                                              8.065448   data required time
                                             -1.690059   data arrival time
---------------------------------------------------------------------------------------------
                                              6.375389   slack (MET)


Startpoint: rst_n (input port clocked by clk)
Endpoint: _9_ (recovery check against rising-edge clock clk)
Path Group: asynchronous
Path Type: max

Fanout         Cap        Slew       Delay        Time   Description
---------------------------------------------------------------------------------------------
                                  0.000000    0.000000   clock clk (rise edge)
                                  0.000000    0.000000   clock network delay (propagated)
                                  1.600000    1.600000 ^ input external delay
     1    0.003071    0.014883    0.007951    1.607951 ^ rst_n (in)
                                                         rst_n (net)
                      0.014889    0.000000    1.607951 ^ input4/A (sky130_fd_sc_hd__buf_1)
     2    0.008588    0.080612    0.081951    1.689902 ^ input4/X (sky130_fd_sc_hd__buf_1)
                                                         net4 (net)
                      0.080613    0.000182    1.690084 ^ _9_/RESET_B (sky130_fd_sc_hd__dfrtp_1)
                                              1.690084   data arrival time

                                  8.000000    8.000000   clock clk (rise edge)
                                  0.000000    8.000000   clock source latency
     1    0.009528    0.036931    0.023978    8.023978 ^ clk (in)
                                                         clk (net)
                      0.036934    0.000000    8.023978 ^ clkbuf_0_clk/A (sky130_fd_sc_hd__clkbuf_16)
     2    0.019157    0.030605    0.085532    8.109510 ^ clkbuf_0_clk/X (sky130_fd_sc_hd__clkbuf_16)
                                                         clknet_0_clk (net)
                      0.030608    0.000522    8.110033 ^ clkbuf_1_1__f_clk/A (sky130_fd_sc_hd__clkbuf_16)
     1    0.004423    0.020581    0.073121    8.183154 ^ clkbuf_1_1__f_clk/X (sky130_fd_sc_hd__clkbuf_16)
                                                         clknet_1_1__leaf_clk (net)
                      0.020582    0.000152    8.183306 ^ _9_/CLK (sky130_fd_sc_hd__dfrtp_1)
                                 -0.250000    7.933306   clock uncertainty
                                  0.000000    7.933306   clock reconvergence pessimism
                                  0.132807    8.066113   library recovery time
                                              8.066113   data required time
---------------------------------------------------------------------------------------------
                                              8.066113   data required time
                                             -1.690084   data arrival time
---------------------------------------------------------------------------------------------
                                              6.376029   slack (MET)



%OL_END_REPORT
%OL_CREATE_REPORT checks.rpt

===========================================================================
report_checks -unconstrained
===========================================================================
======================= nom_ff_n40C_1v95 Corner ===================================

Startpoint: rst_n (input port clocked by clk)
Endpoint: _8_ (recovery check against rising-edge clock clk)
Path Group: asynchronous
Path Type: max

Fanout         Cap        Slew       Delay        Time   Description
---------------------------------------------------------------------------------------------
                                  0.000000    0.000000   clock clk (rise edge)
                                  0.000000    0.000000   clock network delay (propagated)
                                  1.600000    1.600000 ^ input external delay
     1    0.003071    0.014883    0.007951    1.607951 ^ rst_n (in)
                                                         rst_n (net)
                      0.014889    0.000000    1.607951 ^ input4/A (sky130_fd_sc_hd__buf_1)
     2    0.008588    0.080612    0.081951    1.689902 ^ input4/X (sky130_fd_sc_hd__buf_1)
                                                         net4 (net)
                      0.080613    0.000158    1.690059 ^ _8_/RESET_B (sky130_fd_sc_hd__dfrtp_1)
                                              1.690059   data arrival time

                                  8.000000    8.000000   clock clk (rise edge)
                                  0.000000    8.000000   clock source latency
     1    0.009528    0.036931    0.023978    8.023978 ^ clk (in)
                                                         clk (net)
                      0.036934    0.000000    8.023978 ^ clkbuf_0_clk/A (sky130_fd_sc_hd__clkbuf_16)
     2    0.019157    0.030605    0.085532    8.109510 ^ clkbuf_0_clk/X (sky130_fd_sc_hd__clkbuf_16)
                                                         clknet_0_clk (net)
                      0.030608    0.000501    8.110011 ^ clkbuf_1_0__f_clk/A (sky130_fd_sc_hd__clkbuf_16)
     1    0.003788    0.020127    0.072583    8.182594 ^ clkbuf_1_0__f_clk/X (sky130_fd_sc_hd__clkbuf_16)
                                                         clknet_1_0__leaf_clk (net)
                      0.020127    0.000115    8.182710 ^ _8_/CLK (sky130_fd_sc_hd__dfrtp_1)
                                 -0.250000    7.932710   clock uncertainty
                                  0.000000    7.932710   clock reconvergence pessimism
                                  0.132738    8.065448   library recovery time
                                              8.065448   data required time
---------------------------------------------------------------------------------------------
                                              8.065448   data required time
                                             -1.690059   data arrival time
---------------------------------------------------------------------------------------------
                                              6.375389   slack (MET)


Startpoint: _8_ (rising edge-triggered flip-flop clocked by clk)
Endpoint: sum (output port clocked by clk)
Path Group: clk
Path Type: max

Fanout         Cap        Slew       Delay        Time   Description
---------------------------------------------------------------------------------------------
                                  0.000000    0.000000   clock clk (rise edge)
                                  0.000000    0.000000   clock source latency
     1    0.009528    0.036931    0.023978    0.023978 ^ clk (in)
                                                         clk (net)
                      0.036934    0.000000    0.023978 ^ clkbuf_0_clk/A (sky130_fd_sc_hd__clkbuf_16)
     2    0.019157    0.030605    0.085533    0.109511 ^ clkbuf_0_clk/X (sky130_fd_sc_hd__clkbuf_16)
                                                         clknet_0_clk (net)
                      0.030608    0.000501    0.110012 ^ clkbuf_1_0__f_clk/A (sky130_fd_sc_hd__clkbuf_16)
     1    0.003788    0.020127    0.072582    0.182594 ^ clkbuf_1_0__f_clk/X (sky130_fd_sc_hd__clkbuf_16)
                                                         clknet_1_0__leaf_clk (net)
                      0.020127    0.000116    0.182710 ^ _8_/CLK (sky130_fd_sc_hd__dfrtp_1)
     1    0.003428    0.030069    0.220152    0.402863 v _8_/Q (sky130_fd_sc_hd__dfrtp_1)
                                                         net6 (net)
                      0.030069    0.000114    0.402977 v output6/A (sky130_fd_sc_hd__buf_2)
     1    0.034944    0.063864    0.117933    0.520910 v output6/X (sky130_fd_sc_hd__buf_2)
                                                         sum (net)
                      0.063877    0.000882    0.521792 v sum (out)
                                              0.521792   data arrival time

                                  8.000000    8.000000   clock clk (rise edge)
                                  0.000000    8.000000   clock network delay (propagated)
                                 -0.250000    7.750000   clock uncertainty
                                  0.000000    7.750000   clock reconvergence pessimism
                                 -1.600000    6.150000   output external delay
                                              6.150000   data required time
---------------------------------------------------------------------------------------------
                                              6.150000   data required time
                                             -0.521792   data arrival time
---------------------------------------------------------------------------------------------
                                              5.628207   slack (MET)




===========================================================================
report_checks --slack_max -0.01
============================================================================
======================= nom_ff_n40C_1v95 Corner ===================================

No paths found.


===========================================================================
 report_check_types -max_slew -max_cap -max_fanout -violators
============================================================================
======================= nom_ff_n40C_1v95 Corner ===================================



===========================================================================
report_parasitic_annotation -report_unannotated
============================================================================
Found 0 unannotated drivers.
Found 0 partially unannotated drivers.

===========================================================================
max slew violation count 0
%OL_METRIC_I design__max_slew_violation__count__corner:nom_ff_n40C_1v95 0
max fanout violation count 0
%OL_METRIC_I design__max_fanout_violation__count__corner:nom_ff_n40C_1v95 0
max cap violation count 0
%OL_METRIC_I design__max_cap_violation__count__corner:nom_ff_n40C_1v95 0
============================================================================

===========================================================================
check_setup -verbose -unconstrained_endpoints -multiple_clock -no_clock -no_input_delay -loops -generated_clocks
===========================================================================
%OL_END_REPORT
%OL_CREATE_REPORT power.rpt

===========================================================================
 report_power
============================================================================
======================= nom_ff_n40C_1v95 Corner ===================================

Group                    Internal    Switching      Leakage        Total
                            Power        Power        Power        Power (Watts)
------------------------------------------------------------------------
Sequential           1.329637e-05 3.575516e-07 2.829226e-11 1.365395e-05  12.6%
Combinational        2.560012e-06 5.960697e-06 4.918663e-11 8.520758e-06   7.9%
Clock                7.296932e-05 1.300852e-05 3.207156e-10 8.597816e-05  79.5%
Macro                0.000000e+00 0.000000e+00 0.000000e+00 0.000000e+00   0.0%
Pad                  0.000000e+00 0.000000e+00 0.000000e+00 0.000000e+00   0.0%
------------------------------------------------------------------------
Total                8.882571e-05 1.932677e-05 3.981946e-10 1.081529e-04 100.0%
                            82.1%        17.9%         0.0%
%OL_METRIC_F power__internal__total 8.882570546120405e-5
%OL_METRIC_F power__switching__total 1.9326766050653532e-5
%OL_METRIC_F power__leakage__total 3.9819456065792735e-10
%OL_METRIC_F power__total 0.00010815286805154756

%OL_END_REPORT
%OL_CREATE_REPORT skew.min.rpt

===========================================================================
Clock Skew (Hold)
============================================================================
%OL_METRIC_F clock__skew__worst_hold__corner:nom_ff_n40C_1v95 0.0
======================= nom_ff_n40C_1v95 Corner ===================================

Clock clk
No launch/capture paths found.

%OL_END_REPORT
%OL_CREATE_REPORT skew.max.rpt

===========================================================================
Clock Skew (Setup)
============================================================================
%OL_METRIC_F clock__skew__worst_setup__corner:nom_ff_n40C_1v95 0.0
======================= nom_ff_n40C_1v95 Corner ===================================

Clock clk
No launch/capture paths found.

%OL_END_REPORT
%OL_CREATE_REPORT ws.min.rpt

===========================================================================
Worst Slack (Hold)
============================================================================
%OL_METRIC_F timing__hold__ws__corner:nom_ff_n40C_1v95 1.0481747988470111
nom_ff_n40C_1v95: 1.0481747988470111
%OL_END_REPORT
%OL_CREATE_REPORT ws.max.rpt

===========================================================================
Worst Slack (Setup)
============================================================================
%OL_METRIC_F timing__setup__ws__corner:nom_ff_n40C_1v95 5.62820739277549
nom_ff_n40C_1v95: 5.62820739277549
%OL_END_REPORT
%OL_CREATE_REPORT tns.min.rpt

===========================================================================
Total Negative Slack (Hold)
============================================================================
%OL_METRIC_F timing__hold__tns__corner:nom_ff_n40C_1v95 0.0
nom_ff_n40C_1v95: 0.0
%OL_END_REPORT
%OL_CREATE_REPORT tns.max.rpt

===========================================================================
Total Negative Slack (Setup)
============================================================================
%OL_METRIC_F timing__setup__tns__corner:nom_ff_n40C_1v95 0.0
nom_ff_n40C_1v95: 0.0
%OL_END_REPORT
%OL_CREATE_REPORT wns.min.rpt

===========================================================================
Worst Negative Slack (Hold)
============================================================================
%OL_METRIC_F timing__hold__wns__corner:nom_ff_n40C_1v95 0
nom_ff_n40C_1v95: 0
%OL_END_REPORT
%OL_CREATE_REPORT wns.max.rpt

===========================================================================
Worst Negative Slack (Setup)
============================================================================
%OL_METRIC_F timing__setup__wns__corner:nom_ff_n40C_1v95 0.0
nom_ff_n40C_1v95: 0.0
%OL_END_REPORT
%OL_CREATE_REPORT violator_list.rpt

===========================================================================
Violator List
============================================================================
%OL_METRIC_I timing__hold_vio__count__corner:nom_ff_n40C_1v95 0
%OL_METRIC_F timing__hold_r2r__ws__corner:nom_ff_n40C_1v95 inf
%OL_METRIC_I timing__hold_r2r_vio__count__corner:nom_ff_n40C_1v95 0
%OL_METRIC_I timing__setup_vio__count__corner:nom_ff_n40C_1v95 0
%OL_METRIC_F timing__setup_r2r__ws__corner:nom_ff_n40C_1v95 inf
%OL_METRIC_I timing__setup_r2r_vio__count__corner:nom_ff_n40C_1v95 0
%OL_END_REPORT
%OL_CREATE_REPORT unpropagated.rpt
%OL_END_REPORT
%OL_CREATE_REPORT clock.rpt
Clock: clk
Sources: clk 
Generated: no
Virtual: yes
Propagated: no
Period: 8.000000

===========================================================================
report_clock_properties
============================================================================
Clock                   Period          Waveform
----------------------------------------------------
clk                   8.000000    0.000000  4.000000

===========================================================================
report_clock_latency
============================================================================
Clock clk
rise -> rise
    min     max
0.000000 0.000000 source latency
0.182710         network latency _8_/CLK
        0.183306 network latency _9_/CLK
---------------
0.182710 0.183306 latency
        0.000595 skew

fall -> fall
    min     max
0.000000 0.000000 source latency
0.185135         network latency _8_/CLK
        0.185683 network latency _9_/CLK
---------------
0.185135 0.185683 latency
        0.000548 skew



===========================================================================
report_clock_min_period
============================================================================
clk period_min = 0.00 fmax = inf
%OL_END_REPORT
Writing SDF files for all corners…
Removing Clock latencies before writing libs…
Writing timing models for all corners…
Writing timing models for the nom_ff_n40C_1v95 corner to /home/chithang/pdop2/FA_reg/runs/RUN_2026-03-28_14-30-24/54-openroad-stapostpnr/nom_ff_n40C_1v95/FA_Reg__nom_ff_n40C_1v95.lib…
