Clock: clk
Sources: clk 
Generated: no
Virtual: no
Propagated: no
Period: 20.000000

===========================================================================
report_clock_properties
============================================================================
Clock                   Period          Waveform
----------------------------------------------------
clk                  20.000000    0.000000 10.000000

===========================================================================
report_clock_latency
============================================================================
Clock clk
rise -> rise
    min     max
0.000000 0.000000 source latency
8.065665         network latency _50843_/CLK
        8.914681 network latency _50843_/CLK
---------------
8.065665 8.914681 latency
        0.849017 skew

fall -> fall
    min     max
0.000000 0.000000 source latency
3.339969         network latency _50843_/CLK
        3.691545 network latency _50843_/CLK
---------------
3.339969 3.691545 latency
        0.351576 skew



===========================================================================
report_clock_min_period
============================================================================
clk period_min = 9.48 fmax = 105.44
