
 /----------------------------------------------------------------------------\
 |  yosys -- Yosys Open SYnthesis Suite                                       |
 |  Copyright (C) 2012 - 2024  Claire Xenia Wolf <claire@yosyshq.com>         |
 |  Distributed under an ISC-like license, type "license" to see terms        |
 \----------------------------------------------------------------------------/
 Yosys 0.46 (git sha1 e97731b9dda91fa5fa53ed87df7c34163ba59a41, clang++ 17.0.6 -fPIC -O3)
Loaded SDC plugin

1. Executing Verilog-2005 frontend: /home/chithang/pdop2/dma/runs/run1/tmp/9955f8a7a02342aa853fce521f979970.bb.v
Parsing SystemVerilog input from `/home/chithang/pdop2/dma/runs/run1/tmp/9955f8a7a02342aa853fce521f979970.bb.v' to AST representation.
Generating RTLIL representation for module `\sky130_ef_sc_hd__decap_12'.
Generating RTLIL representation for module `\sky130_ef_sc_hd__fill_12'.
Generating RTLIL representation for module `\sky130_ef_sc_hd__fill_4'.
Generating RTLIL representation for module `\sky130_ef_sc_hd__fill_8'.
Generating RTLIL representation for module `\sky130_fd_sc_hd__a2111o_1'.
Generating RTLIL representation for module `\sky130_fd_sc_hd__a2111o_2'.
Generating RTLIL representation for module `\sky130_fd_sc_hd__a2111o_4'.
Generating RTLIL representation for module `\sky130_fd_sc_hd__a2111oi_0'.
Generating RTLIL representation for module `\sky130_fd_sc_hd__a2111oi_1'.
Generating RTLIL representation for module `\sky130_fd_sc_hd__a2111oi_2'.
Generating RTLIL representation for module `\sky130_fd_sc_hd__a2111oi_4'.
Generating RTLIL representation for module `\sky130_fd_sc_hd__a211o_1'.
Generating RTLIL representation for module `\sky130_fd_sc_hd__a211o_2'.
Generating RTLIL representation for module `\sky130_fd_sc_hd__a211o_4'.
Generating RTLIL representation for module `\sky130_fd_sc_hd__a211oi_1'.
Generating RTLIL representation for module `\sky130_fd_sc_hd__a211oi_2'.
Generating RTLIL representation for module `\sky130_fd_sc_hd__a211oi_4'.
Generating RTLIL representation for module `\sky130_fd_sc_hd__a21bo_1'.
Generating RTLIL representation for module `\sky130_fd_sc_hd__a21bo_2'.
Generating RTLIL representation for module `\sky130_fd_sc_hd__a21bo_4'.
Generating RTLIL representation for module `\sky130_fd_sc_hd__a21boi_0'.
Generating RTLIL representation for module `\sky130_fd_sc_hd__a21boi_1'.
Generating RTLIL representation for module `\sky130_fd_sc_hd__a21boi_2'.
Generating RTLIL representation for module `\sky130_fd_sc_hd__a21boi_4'.
Generating RTLIL representation for module `\sky130_fd_sc_hd__a21o_1'.
Generating RTLIL representation for module `\sky130_fd_sc_hd__a21o_2'.
Generating RTLIL representation for module `\sky130_fd_sc_hd__a21o_4'.
Generating RTLIL representation for module `\sky130_fd_sc_hd__a21oi_1'.
Generating RTLIL representation for module `\sky130_fd_sc_hd__a21oi_2'.
Generating RTLIL representation for module `\sky130_fd_sc_hd__a21oi_4'.
Generating RTLIL representation for module `\sky130_fd_sc_hd__a221o_1'.
Generating RTLIL representation for module `\sky130_fd_sc_hd__a221o_2'.
Generating RTLIL representation for module `\sky130_fd_sc_hd__a221o_4'.
Generating RTLIL representation for module `\sky130_fd_sc_hd__a221oi_1'.
Generating RTLIL representation for module `\sky130_fd_sc_hd__a221oi_2'.
Generating RTLIL representation for module `\sky130_fd_sc_hd__a221oi_4'.
Generating RTLIL representation for module `\sky130_fd_sc_hd__a222oi_1'.
Generating RTLIL representation for module `\sky130_fd_sc_hd__a22o_1'.
Generating RTLIL representation for module `\sky130_fd_sc_hd__a22o_2'.
Generating RTLIL representation for module `\sky130_fd_sc_hd__a22o_4'.
Generating RTLIL representation for module `\sky130_fd_sc_hd__a22oi_1'.
Generating RTLIL representation for module `\sky130_fd_sc_hd__a22oi_2'.
Generating RTLIL representation for module `\sky130_fd_sc_hd__a22oi_4'.
Generating RTLIL representation for module `\sky130_fd_sc_hd__a2bb2o_1'.
Generating RTLIL representation for module `\sky130_fd_sc_hd__a2bb2o_2'.
Generating RTLIL representation for module `\sky130_fd_sc_hd__a2bb2o_4'.
Generating RTLIL representation for module `\sky130_fd_sc_hd__a2bb2oi_1'.
Generating RTLIL representation for module `\sky130_fd_sc_hd__a2bb2oi_2'.
Generating RTLIL representation for module `\sky130_fd_sc_hd__a2bb2oi_4'.
Generating RTLIL representation for module `\sky130_fd_sc_hd__a311o_1'.
Generating RTLIL representation for module `\sky130_fd_sc_hd__a311o_2'.
Generating RTLIL representation for module `\sky130_fd_sc_hd__a311o_4'.
Generating RTLIL representation for module `\sky130_fd_sc_hd__a311oi_1'.
Generating RTLIL representation for module `\sky130_fd_sc_hd__a311oi_2'.
Generating RTLIL representation for module `\sky130_fd_sc_hd__a311oi_4'.
Generating RTLIL representation for module `\sky130_fd_sc_hd__a31o_1'.
Generating RTLIL representation for module `\sky130_fd_sc_hd__a31o_2'.
Generating RTLIL representation for module `\sky130_fd_sc_hd__a31o_4'.
Generating RTLIL representation for module `\sky130_fd_sc_hd__a31oi_1'.
Generating RTLIL representation for module `\sky130_fd_sc_hd__a31oi_2'.
Generating RTLIL representation for module `\sky130_fd_sc_hd__a31oi_4'.
Generating RTLIL representation for module `\sky130_fd_sc_hd__a32o_1'.
Generating RTLIL representation for module `\sky130_fd_sc_hd__a32o_2'.
Generating RTLIL representation for module `\sky130_fd_sc_hd__a32o_4'.
Generating RTLIL representation for module `\sky130_fd_sc_hd__a32oi_1'.
Generating RTLIL representation for module `\sky130_fd_sc_hd__a32oi_2'.
Generating RTLIL representation for module `\sky130_fd_sc_hd__a32oi_4'.
Generating RTLIL representation for module `\sky130_fd_sc_hd__a41o_1'.
Generating RTLIL representation for module `\sky130_fd_sc_hd__a41o_2'.
Generating RTLIL representation for module `\sky130_fd_sc_hd__a41o_4'.
Generating RTLIL representation for module `\sky130_fd_sc_hd__a41oi_1'.
Generating RTLIL representation for module `\sky130_fd_sc_hd__a41oi_2'.
Generating RTLIL representation for module `\sky130_fd_sc_hd__a41oi_4'.
Generating RTLIL representation for module `\sky130_fd_sc_hd__and2_0'.
Generating RTLIL representation for module `\sky130_fd_sc_hd__and2_1'.
Generating RTLIL representation for module `\sky130_fd_sc_hd__and2_2'.
Generating RTLIL representation for module `\sky130_fd_sc_hd__and2_4'.
Generating RTLIL representation for module `\sky130_fd_sc_hd__and2b_1'.
Generating RTLIL representation for module `\sky130_fd_sc_hd__and2b_2'.
Generating RTLIL representation for module `\sky130_fd_sc_hd__and2b_4'.
Generating RTLIL representation for module `\sky130_fd_sc_hd__and3_1'.
Generating RTLIL representation for module `\sky130_fd_sc_hd__and3_2'.
Generating RTLIL representation for module `\sky130_fd_sc_hd__and3_4'.
Generating RTLIL representation for module `\sky130_fd_sc_hd__and3b_1'.
Generating RTLIL representation for module `\sky130_fd_sc_hd__and3b_2'.
Generating RTLIL representation for module `\sky130_fd_sc_hd__and3b_4'.
Generating RTLIL representation for module `\sky130_fd_sc_hd__and4_1'.
Generating RTLIL representation for module `\sky130_fd_sc_hd__and4_2'.
Generating RTLIL representation for module `\sky130_fd_sc_hd__and4_4'.
Generating RTLIL representation for module `\sky130_fd_sc_hd__and4b_1'.
Generating RTLIL representation for module `\sky130_fd_sc_hd__and4b_2'.
Generating RTLIL representation for module `\sky130_fd_sc_hd__and4b_4'.
Generating RTLIL representation for module `\sky130_fd_sc_hd__and4bb_1'.
Generating RTLIL representation for module `\sky130_fd_sc_hd__and4bb_2'.
Generating RTLIL representation for module `\sky130_fd_sc_hd__and4bb_4'.
Generating RTLIL representation for module `\sky130_fd_sc_hd__buf_1'.
Generating RTLIL representation for module `\sky130_fd_sc_hd__buf_12'.
Generating RTLIL representation for module `\sky130_fd_sc_hd__buf_16'.
Generating RTLIL representation for module `\sky130_fd_sc_hd__buf_2'.
Generating RTLIL representation for module `\sky130_fd_sc_hd__buf_4'.
Generating RTLIL representation for module `\sky130_fd_sc_hd__buf_6'.
Generating RTLIL representation for module `\sky130_fd_sc_hd__buf_8'.
Generating RTLIL representation for module `\sky130_fd_sc_hd__bufbuf_16'.
Generating RTLIL representation for module `\sky130_fd_sc_hd__bufbuf_8'.
Generating RTLIL representation for module `\sky130_fd_sc_hd__bufinv_16'.
Generating RTLIL representation for module `\sky130_fd_sc_hd__bufinv_8'.
Generating RTLIL representation for module `\sky130_fd_sc_hd__clkbuf_1'.
Generating RTLIL representation for module `\sky130_fd_sc_hd__clkbuf_16'.
Generating RTLIL representation for module `\sky130_fd_sc_hd__clkbuf_2'.
Generating RTLIL representation for module `\sky130_fd_sc_hd__clkbuf_4'.
Generating RTLIL representation for module `\sky130_fd_sc_hd__clkbuf_8'.
Generating RTLIL representation for module `\sky130_fd_sc_hd__clkdlybuf4s15_1'.
Generating RTLIL representation for module `\sky130_fd_sc_hd__clkdlybuf4s15_2'.
Generating RTLIL representation for module `\sky130_fd_sc_hd__clkdlybuf4s18_1'.
Generating RTLIL representation for module `\sky130_fd_sc_hd__clkdlybuf4s18_2'.
Generating RTLIL representation for module `\sky130_fd_sc_hd__clkdlybuf4s25_1'.
Generating RTLIL representation for module `\sky130_fd_sc_hd__clkdlybuf4s25_2'.
Generating RTLIL representation for module `\sky130_fd_sc_hd__clkdlybuf4s50_1'.
Generating RTLIL representation for module `\sky130_fd_sc_hd__clkdlybuf4s50_2'.
Generating RTLIL representation for module `\sky130_fd_sc_hd__clkinv_1'.
Generating RTLIL representation for module `\sky130_fd_sc_hd__clkinv_16'.
Generating RTLIL representation for module `\sky130_fd_sc_hd__clkinv_2'.
Generating RTLIL representation for module `\sky130_fd_sc_hd__clkinv_4'.
Generating RTLIL representation for module `\sky130_fd_sc_hd__clkinv_8'.
Generating RTLIL representation for module `\sky130_fd_sc_hd__clkinvlp_2'.
Generating RTLIL representation for module `\sky130_fd_sc_hd__clkinvlp_4'.
Generating RTLIL representation for module `\sky130_fd_sc_hd__conb_1'.
Generating RTLIL representation for module `\sky130_fd_sc_hd__decap_12'.
Generating RTLIL representation for module `\sky130_fd_sc_hd__decap_3'.
Generating RTLIL representation for module `\sky130_fd_sc_hd__decap_4'.
Generating RTLIL representation for module `\sky130_fd_sc_hd__decap_6'.
Generating RTLIL representation for module `\sky130_fd_sc_hd__decap_8'.
Generating RTLIL representation for module `\sky130_fd_sc_hd__dfbbn_1'.
Generating RTLIL representation for module `\sky130_fd_sc_hd__dfbbn_2'.
Generating RTLIL representation for module `\sky130_fd_sc_hd__dfbbp_1'.
Generating RTLIL representation for module `\sky130_fd_sc_hd__dfrbp_1'.
Generating RTLIL representation for module `\sky130_fd_sc_hd__dfrbp_2'.
Generating RTLIL representation for module `\sky130_fd_sc_hd__dfrtn_1'.
Generating RTLIL representation for module `\sky130_fd_sc_hd__dfrtp_1'.
Generating RTLIL representation for module `\sky130_fd_sc_hd__dfrtp_2'.
Generating RTLIL representation for module `\sky130_fd_sc_hd__dfrtp_4'.
Generating RTLIL representation for module `\sky130_fd_sc_hd__dfsbp_1'.
Generating RTLIL representation for module `\sky130_fd_sc_hd__dfsbp_2'.
Generating RTLIL representation for module `\sky130_fd_sc_hd__dfstp_1'.
Generating RTLIL representation for module `\sky130_fd_sc_hd__dfstp_2'.
Generating RTLIL representation for module `\sky130_fd_sc_hd__dfstp_4'.
Generating RTLIL representation for module `\sky130_fd_sc_hd__dfxbp_1'.
Generating RTLIL representation for module `\sky130_fd_sc_hd__dfxbp_2'.
Generating RTLIL representation for module `\sky130_fd_sc_hd__dfxtp_1'.
Generating RTLIL representation for module `\sky130_fd_sc_hd__dfxtp_2'.
Generating RTLIL representation for module `\sky130_fd_sc_hd__dfxtp_4'.
Generating RTLIL representation for module `\sky130_fd_sc_hd__diode_2'.
Generating RTLIL representation for module `\sky130_fd_sc_hd__dlclkp_1'.
Generating RTLIL representation for module `\sky130_fd_sc_hd__dlclkp_2'.
Generating RTLIL representation for module `\sky130_fd_sc_hd__dlclkp_4'.
Generating RTLIL representation for module `\sky130_fd_sc_hd__dlrbn_1'.
Generating RTLIL representation for module `\sky130_fd_sc_hd__dlrbn_2'.
Generating RTLIL representation for module `\sky130_fd_sc_hd__dlrbp_1'.
Generating RTLIL representation for module `\sky130_fd_sc_hd__dlrbp_2'.
Generating RTLIL representation for module `\sky130_fd_sc_hd__dlrtn_1'.
Generating RTLIL representation for module `\sky130_fd_sc_hd__dlrtn_2'.
Generating RTLIL representation for module `\sky130_fd_sc_hd__dlrtn_4'.
Generating RTLIL representation for module `\sky130_fd_sc_hd__dlrtp_1'.
Generating RTLIL representation for module `\sky130_fd_sc_hd__dlrtp_2'.
Generating RTLIL representation for module `\sky130_fd_sc_hd__dlrtp_4'.
Generating RTLIL representation for module `\sky130_fd_sc_hd__dlxbn_1'.
Generating RTLIL representation for module `\sky130_fd_sc_hd__dlxbn_2'.
Generating RTLIL representation for module `\sky130_fd_sc_hd__dlxbp_1'.
Generating RTLIL representation for module `\sky130_fd_sc_hd__dlxtn_1'.
Generating RTLIL representation for module `\sky130_fd_sc_hd__dlxtn_2'.
Generating RTLIL representation for module `\sky130_fd_sc_hd__dlxtn_4'.
Generating RTLIL representation for module `\sky130_fd_sc_hd__dlxtp_1'.
Generating RTLIL representation for module `\sky130_fd_sc_hd__dlygate4sd1_1'.
Generating RTLIL representation for module `\sky130_fd_sc_hd__dlygate4sd2_1'.
Generating RTLIL representation for module `\sky130_fd_sc_hd__dlygate4sd3_1'.
Generating RTLIL representation for module `\sky130_fd_sc_hd__dlymetal6s2s_1'.
Generating RTLIL representation for module `\sky130_fd_sc_hd__dlymetal6s4s_1'.
Generating RTLIL representation for module `\sky130_fd_sc_hd__dlymetal6s6s_1'.
Generating RTLIL representation for module `\sky130_fd_sc_hd__ebufn_1'.
Generating RTLIL representation for module `\sky130_fd_sc_hd__ebufn_2'.
Generating RTLIL representation for module `\sky130_fd_sc_hd__ebufn_4'.
Generating RTLIL representation for module `\sky130_fd_sc_hd__ebufn_8'.
Generating RTLIL representation for module `\sky130_fd_sc_hd__edfxbp_1'.
Generating RTLIL representation for module `\sky130_fd_sc_hd__edfxtp_1'.
Generating RTLIL representation for module `\sky130_fd_sc_hd__einvn_0'.
Generating RTLIL representation for module `\sky130_fd_sc_hd__einvn_1'.
Generating RTLIL representation for module `\sky130_fd_sc_hd__einvn_2'.
Generating RTLIL representation for module `\sky130_fd_sc_hd__einvn_4'.
Generating RTLIL representation for module `\sky130_fd_sc_hd__einvn_8'.
Generating RTLIL representation for module `\sky130_fd_sc_hd__einvp_1'.
Generating RTLIL representation for module `\sky130_fd_sc_hd__einvp_2'.
Generating RTLIL representation for module `\sky130_fd_sc_hd__einvp_4'.
Generating RTLIL representation for module `\sky130_fd_sc_hd__einvp_8'.
Generating RTLIL representation for module `\sky130_fd_sc_hd__fa_1'.
Generating RTLIL representation for module `\sky130_fd_sc_hd__fa_2'.
Generating RTLIL representation for module `\sky130_fd_sc_hd__fa_4'.
Generating RTLIL representation for module `\sky130_fd_sc_hd__fah_1'.
Generating RTLIL representation for module `\sky130_fd_sc_hd__fahcin_1'.
Generating RTLIL representation for module `\sky130_fd_sc_hd__fahcon_1'.
Generating RTLIL representation for module `\sky130_fd_sc_hd__fill_1'.
Generating RTLIL representation for module `\sky130_fd_sc_hd__fill_2'.
Generating RTLIL representation for module `\sky130_fd_sc_hd__fill_4'.
Generating RTLIL representation for module `\sky130_fd_sc_hd__fill_8'.
Generating RTLIL representation for module `\sky130_fd_sc_hd__ha_1'.
Generating RTLIL representation for module `\sky130_fd_sc_hd__ha_2'.
Generating RTLIL representation for module `\sky130_fd_sc_hd__ha_4'.
Generating RTLIL representation for module `\sky130_fd_sc_hd__inv_1'.
Generating RTLIL representation for module `\sky130_fd_sc_hd__inv_12'.
Generating RTLIL representation for module `\sky130_fd_sc_hd__inv_16'.
Generating RTLIL representation for module `\sky130_fd_sc_hd__inv_2'.
Generating RTLIL representation for module `\sky130_fd_sc_hd__inv_4'.
Generating RTLIL representation for module `\sky130_fd_sc_hd__inv_6'.
Generating RTLIL representation for module `\sky130_fd_sc_hd__inv_8'.
Generating RTLIL representation for module `\sky130_fd_sc_hd__lpflow_bleeder_1'.
Generating RTLIL representation for module `\sky130_fd_sc_hd__lpflow_clkbufkapwr_1'.
Generating RTLIL representation for module `\sky130_fd_sc_hd__lpflow_clkbufkapwr_16'.
Generating RTLIL representation for module `\sky130_fd_sc_hd__lpflow_clkbufkapwr_2'.
Generating RTLIL representation for module `\sky130_fd_sc_hd__lpflow_clkbufkapwr_4'.
Generating RTLIL representation for module `\sky130_fd_sc_hd__lpflow_clkbufkapwr_8'.
Generating RTLIL representation for module `\sky130_fd_sc_hd__lpflow_clkinvkapwr_1'.
Generating RTLIL representation for module `\sky130_fd_sc_hd__lpflow_clkinvkapwr_16'.
Generating RTLIL representation for module `\sky130_fd_sc_hd__lpflow_clkinvkapwr_2'.
Generating RTLIL representation for module `\sky130_fd_sc_hd__lpflow_clkinvkapwr_4'.
Generating RTLIL representation for module `\sky130_fd_sc_hd__lpflow_clkinvkapwr_8'.
Generating RTLIL representation for module `\sky130_fd_sc_hd__lpflow_decapkapwr_12'.
Generating RTLIL representation for module `\sky130_fd_sc_hd__lpflow_decapkapwr_3'.
Generating RTLIL representation for module `\sky130_fd_sc_hd__lpflow_decapkapwr_4'.
Generating RTLIL representation for module `\sky130_fd_sc_hd__lpflow_decapkapwr_6'.
Generating RTLIL representation for module `\sky130_fd_sc_hd__lpflow_decapkapwr_8'.
Generating RTLIL representation for module `\sky130_fd_sc_hd__lpflow_inputiso0n_1'.
Generating RTLIL representation for module `\sky130_fd_sc_hd__lpflow_inputiso0p_1'.
Generating RTLIL representation for module `\sky130_fd_sc_hd__lpflow_inputiso1n_1'.
Generating RTLIL representation for module `\sky130_fd_sc_hd__lpflow_inputiso1p_1'.
Generating RTLIL representation for module `\sky130_fd_sc_hd__lpflow_inputisolatch_1'.
Generating RTLIL representation for module `\sky130_fd_sc_hd__lpflow_isobufsrc_1'.
Generating RTLIL representation for module `\sky130_fd_sc_hd__lpflow_isobufsrc_16'.
Generating RTLIL representation for module `\sky130_fd_sc_hd__lpflow_isobufsrc_2'.
Generating RTLIL representation for module `\sky130_fd_sc_hd__lpflow_isobufsrc_4'.
Generating RTLIL representation for module `\sky130_fd_sc_hd__lpflow_isobufsrc_8'.
Generating RTLIL representation for module `\sky130_fd_sc_hd__lpflow_isobufsrckapwr_16'.
Generating RTLIL representation for module `\sky130_fd_sc_hd__lpflow_lsbuf_lh_hl_isowell_tap_1'.
Generating RTLIL representation for module `\sky130_fd_sc_hd__lpflow_lsbuf_lh_hl_isowell_tap_2'.
Generating RTLIL representation for module `\sky130_fd_sc_hd__lpflow_lsbuf_lh_hl_isowell_tap_4'.
Generating RTLIL representation for module `\sky130_fd_sc_hd__lpflow_lsbuf_lh_isowell_4'.
Generating RTLIL representation for module `\sky130_fd_sc_hd__lpflow_lsbuf_lh_isowell_tap_1'.
Generating RTLIL representation for module `\sky130_fd_sc_hd__lpflow_lsbuf_lh_isowell_tap_2'.
Generating RTLIL representation for module `\sky130_fd_sc_hd__lpflow_lsbuf_lh_isowell_tap_4'.
Generating RTLIL representation for module `\sky130_fd_sc_hd__macro_sparecell'.
Generating RTLIL representation for module `\sky130_fd_sc_hd__maj3_1'.
Generating RTLIL representation for module `\sky130_fd_sc_hd__maj3_2'.
Generating RTLIL representation for module `\sky130_fd_sc_hd__maj3_4'.
Generating RTLIL representation for module `\sky130_fd_sc_hd__mux2_1'.
Generating RTLIL representation for module `\sky130_fd_sc_hd__mux2_2'.
Generating RTLIL representation for module `\sky130_fd_sc_hd__mux2_4'.
Generating RTLIL representation for module `\sky130_fd_sc_hd__mux2_8'.
Generating RTLIL representation for module `\sky130_fd_sc_hd__mux2i_1'.
Generating RTLIL representation for module `\sky130_fd_sc_hd__mux2i_2'.
Generating RTLIL representation for module `\sky130_fd_sc_hd__mux2i_4'.
Generating RTLIL representation for module `\sky130_fd_sc_hd__mux4_1'.
Generating RTLIL representation for module `\sky130_fd_sc_hd__mux4_2'.
Generating RTLIL representation for module `\sky130_fd_sc_hd__mux4_4'.
Generating RTLIL representation for module `\sky130_fd_sc_hd__nand2_1'.
Generating RTLIL representation for module `\sky130_fd_sc_hd__nand2_2'.
Generating RTLIL representation for module `\sky130_fd_sc_hd__nand2_4'.
Generating RTLIL representation for module `\sky130_fd_sc_hd__nand2_8'.
Generating RTLIL representation for module `\sky130_fd_sc_hd__nand2b_1'.
Generating RTLIL representation for module `\sky130_fd_sc_hd__nand2b_2'.
Generating RTLIL representation for module `\sky130_fd_sc_hd__nand2b_4'.
Generating RTLIL representation for module `\sky130_fd_sc_hd__nand3_1'.
Generating RTLIL representation for module `\sky130_fd_sc_hd__nand3_2'.
Generating RTLIL representation for module `\sky130_fd_sc_hd__nand3_4'.
Generating RTLIL representation for module `\sky130_fd_sc_hd__nand3b_1'.
Generating RTLIL representation for module `\sky130_fd_sc_hd__nand3b_2'.
Generating RTLIL representation for module `\sky130_fd_sc_hd__nand3b_4'.
Generating RTLIL representation for module `\sky130_fd_sc_hd__nand4_1'.
Generating RTLIL representation for module `\sky130_fd_sc_hd__nand4_2'.
Generating RTLIL representation for module `\sky130_fd_sc_hd__nand4_4'.
Generating RTLIL representation for module `\sky130_fd_sc_hd__nand4b_1'.
Generating RTLIL representation for module `\sky130_fd_sc_hd__nand4b_2'.
Generating RTLIL representation for module `\sky130_fd_sc_hd__nand4b_4'.
Generating RTLIL representation for module `\sky130_fd_sc_hd__nand4bb_1'.
Generating RTLIL representation for module `\sky130_fd_sc_hd__nand4bb_2'.
Generating RTLIL representation for module `\sky130_fd_sc_hd__nand4bb_4'.
Generating RTLIL representation for module `\sky130_fd_sc_hd__nor2_1'.
Generating RTLIL representation for module `\sky130_fd_sc_hd__nor2_2'.
Generating RTLIL representation for module `\sky130_fd_sc_hd__nor2_4'.
Generating RTLIL representation for module `\sky130_fd_sc_hd__nor2_8'.
Generating RTLIL representation for module `\sky130_fd_sc_hd__nor2b_1'.
Generating RTLIL representation for module `\sky130_fd_sc_hd__nor2b_2'.
Generating RTLIL representation for module `\sky130_fd_sc_hd__nor2b_4'.
Generating RTLIL representation for module `\sky130_fd_sc_hd__nor3_1'.
Generating RTLIL representation for module `\sky130_fd_sc_hd__nor3_2'.
Generating RTLIL representation for module `\sky130_fd_sc_hd__nor3_4'.
Generating RTLIL representation for module `\sky130_fd_sc_hd__nor3b_1'.
Generating RTLIL representation for module `\sky130_fd_sc_hd__nor3b_2'.
Generating RTLIL representation for module `\sky130_fd_sc_hd__nor3b_4'.
Generating RTLIL representation for module `\sky130_fd_sc_hd__nor4_1'.
Generating RTLIL representation for module `\sky130_fd_sc_hd__nor4_2'.
Generating RTLIL representation for module `\sky130_fd_sc_hd__nor4_4'.
Generating RTLIL representation for module `\sky130_fd_sc_hd__nor4b_1'.
Generating RTLIL representation for module `\sky130_fd_sc_hd__nor4b_2'.
Generating RTLIL representation for module `\sky130_fd_sc_hd__nor4b_4'.
Generating RTLIL representation for module `\sky130_fd_sc_hd__nor4bb_1'.
Generating RTLIL representation for module `\sky130_fd_sc_hd__nor4bb_2'.
Generating RTLIL representation for module `\sky130_fd_sc_hd__nor4bb_4'.
Generating RTLIL representation for module `\sky130_fd_sc_hd__o2111a_1'.
Generating RTLIL representation for module `\sky130_fd_sc_hd__o2111a_2'.
Generating RTLIL representation for module `\sky130_fd_sc_hd__o2111a_4'.
Generating RTLIL representation for module `\sky130_fd_sc_hd__o2111ai_1'.
Generating RTLIL representation for module `\sky130_fd_sc_hd__o2111ai_2'.
Generating RTLIL representation for module `\sky130_fd_sc_hd__o2111ai_4'.
Generating RTLIL representation for module `\sky130_fd_sc_hd__o211a_1'.
Generating RTLIL representation for module `\sky130_fd_sc_hd__o211a_2'.
Generating RTLIL representation for module `\sky130_fd_sc_hd__o211a_4'.
Generating RTLIL representation for module `\sky130_fd_sc_hd__o211ai_1'.
Generating RTLIL representation for module `\sky130_fd_sc_hd__o211ai_2'.
Generating RTLIL representation for module `\sky130_fd_sc_hd__o211ai_4'.
Generating RTLIL representation for module `\sky130_fd_sc_hd__o21a_1'.
Generating RTLIL representation for module `\sky130_fd_sc_hd__o21a_2'.
Generating RTLIL representation for module `\sky130_fd_sc_hd__o21a_4'.
Generating RTLIL representation for module `\sky130_fd_sc_hd__o21ai_0'.
Generating RTLIL representation for module `\sky130_fd_sc_hd__o21ai_1'.
Generating RTLIL representation for module `\sky130_fd_sc_hd__o21ai_2'.
Generating RTLIL representation for module `\sky130_fd_sc_hd__o21ai_4'.
Generating RTLIL representation for module `\sky130_fd_sc_hd__o21ba_1'.
Generating RTLIL representation for module `\sky130_fd_sc_hd__o21ba_2'.
Generating RTLIL representation for module `\sky130_fd_sc_hd__o21ba_4'.
Generating RTLIL representation for module `\sky130_fd_sc_hd__o21bai_1'.
Generating RTLIL representation for module `\sky130_fd_sc_hd__o21bai_2'.
Generating RTLIL representation for module `\sky130_fd_sc_hd__o21bai_4'.
Generating RTLIL representation for module `\sky130_fd_sc_hd__o221a_1'.
Generating RTLIL representation for module `\sky130_fd_sc_hd__o221a_2'.
Generating RTLIL representation for module `\sky130_fd_sc_hd__o221a_4'.
Generating RTLIL representation for module `\sky130_fd_sc_hd__o221ai_1'.
Generating RTLIL representation for module `\sky130_fd_sc_hd__o221ai_2'.
Generating RTLIL representation for module `\sky130_fd_sc_hd__o221ai_4'.
Generating RTLIL representation for module `\sky130_fd_sc_hd__o22a_1'.
Generating RTLIL representation for module `\sky130_fd_sc_hd__o22a_2'.
Generating RTLIL representation for module `\sky130_fd_sc_hd__o22a_4'.
Generating RTLIL representation for module `\sky130_fd_sc_hd__o22ai_1'.
Generating RTLIL representation for module `\sky130_fd_sc_hd__o22ai_2'.
Generating RTLIL representation for module `\sky130_fd_sc_hd__o22ai_4'.
Generating RTLIL representation for module `\sky130_fd_sc_hd__o2bb2a_1'.
Generating RTLIL representation for module `\sky130_fd_sc_hd__o2bb2a_2'.
Generating RTLIL representation for module `\sky130_fd_sc_hd__o2bb2a_4'.
Generating RTLIL representation for module `\sky130_fd_sc_hd__o2bb2ai_1'.
Generating RTLIL representation for module `\sky130_fd_sc_hd__o2bb2ai_2'.
Generating RTLIL representation for module `\sky130_fd_sc_hd__o2bb2ai_4'.
Generating RTLIL representation for module `\sky130_fd_sc_hd__o311a_1'.
Generating RTLIL representation for module `\sky130_fd_sc_hd__o311a_2'.
Generating RTLIL representation for module `\sky130_fd_sc_hd__o311a_4'.
Generating RTLIL representation for module `\sky130_fd_sc_hd__o311ai_0'.
Generating RTLIL representation for module `\sky130_fd_sc_hd__o311ai_1'.
Generating RTLIL representation for module `\sky130_fd_sc_hd__o311ai_2'.
Generating RTLIL representation for module `\sky130_fd_sc_hd__o311ai_4'.
Generating RTLIL representation for module `\sky130_fd_sc_hd__o31a_1'.
Generating RTLIL representation for module `\sky130_fd_sc_hd__o31a_2'.
Generating RTLIL representation for module `\sky130_fd_sc_hd__o31a_4'.
Generating RTLIL representation for module `\sky130_fd_sc_hd__o31ai_1'.
Generating RTLIL representation for module `\sky130_fd_sc_hd__o31ai_2'.
Generating RTLIL representation for module `\sky130_fd_sc_hd__o31ai_4'.
Generating RTLIL representation for module `\sky130_fd_sc_hd__o32a_1'.
Generating RTLIL representation for module `\sky130_fd_sc_hd__o32a_2'.
Generating RTLIL representation for module `\sky130_fd_sc_hd__o32a_4'.
Generating RTLIL representation for module `\sky130_fd_sc_hd__o32ai_1'.
Generating RTLIL representation for module `\sky130_fd_sc_hd__o32ai_2'.
Generating RTLIL representation for module `\sky130_fd_sc_hd__o32ai_4'.
Generating RTLIL representation for module `\sky130_fd_sc_hd__o41a_1'.
Generating RTLIL representation for module `\sky130_fd_sc_hd__o41a_2'.
Generating RTLIL representation for module `\sky130_fd_sc_hd__o41a_4'.
Generating RTLIL representation for module `\sky130_fd_sc_hd__o41ai_1'.
Generating RTLIL representation for module `\sky130_fd_sc_hd__o41ai_2'.
Generating RTLIL representation for module `\sky130_fd_sc_hd__o41ai_4'.
Generating RTLIL representation for module `\sky130_fd_sc_hd__or2_0'.
Generating RTLIL representation for module `\sky130_fd_sc_hd__or2_1'.
Generating RTLIL representation for module `\sky130_fd_sc_hd__or2_2'.
Generating RTLIL representation for module `\sky130_fd_sc_hd__or2_4'.
Generating RTLIL representation for module `\sky130_fd_sc_hd__or2b_1'.
Generating RTLIL representation for module `\sky130_fd_sc_hd__or2b_2'.
Generating RTLIL representation for module `\sky130_fd_sc_hd__or2b_4'.
Generating RTLIL representation for module `\sky130_fd_sc_hd__or3_1'.
Generating RTLIL representation for module `\sky130_fd_sc_hd__or3_2'.
Generating RTLIL representation for module `\sky130_fd_sc_hd__or3_4'.
Generating RTLIL representation for module `\sky130_fd_sc_hd__or3b_1'.
Generating RTLIL representation for module `\sky130_fd_sc_hd__or3b_2'.
Generating RTLIL representation for module `\sky130_fd_sc_hd__or3b_4'.
Generating RTLIL representation for module `\sky130_fd_sc_hd__or4_1'.
Generating RTLIL representation for module `\sky130_fd_sc_hd__or4_2'.
Generating RTLIL representation for module `\sky130_fd_sc_hd__or4_4'.
Generating RTLIL representation for module `\sky130_fd_sc_hd__or4b_1'.
Generating RTLIL representation for module `\sky130_fd_sc_hd__or4b_2'.
Generating RTLIL representation for module `\sky130_fd_sc_hd__or4b_4'.
Generating RTLIL representation for module `\sky130_fd_sc_hd__or4bb_1'.
Generating RTLIL representation for module `\sky130_fd_sc_hd__or4bb_2'.
Generating RTLIL representation for module `\sky130_fd_sc_hd__or4bb_4'.
Generating RTLIL representation for module `\sky130_fd_sc_hd__probe_p_8'.
Generating RTLIL representation for module `\sky130_fd_sc_hd__probec_p_8'.
Generating RTLIL representation for module `\sky130_fd_sc_hd__sdfbbn_1'.
Generating RTLIL representation for module `\sky130_fd_sc_hd__sdfbbn_2'.
Generating RTLIL representation for module `\sky130_fd_sc_hd__sdfbbp_1'.
Generating RTLIL representation for module `\sky130_fd_sc_hd__sdfrbp_1'.
Generating RTLIL representation for module `\sky130_fd_sc_hd__sdfrbp_2'.
Generating RTLIL representation for module `\sky130_fd_sc_hd__sdfrtn_1'.
Generating RTLIL representation for module `\sky130_fd_sc_hd__sdfrtp_1'.
Generating RTLIL representation for module `\sky130_fd_sc_hd__sdfrtp_2'.
Generating RTLIL representation for module `\sky130_fd_sc_hd__sdfrtp_4'.
Generating RTLIL representation for module `\sky130_fd_sc_hd__sdfsbp_1'.
Generating RTLIL representation for module `\sky130_fd_sc_hd__sdfsbp_2'.
Generating RTLIL representation for module `\sky130_fd_sc_hd__sdfstp_1'.
Generating RTLIL representation for module `\sky130_fd_sc_hd__sdfstp_2'.
Generating RTLIL representation for module `\sky130_fd_sc_hd__sdfstp_4'.
Generating RTLIL representation for module `\sky130_fd_sc_hd__sdfxbp_1'.
Generating RTLIL representation for module `\sky130_fd_sc_hd__sdfxbp_2'.
Generating RTLIL representation for module `\sky130_fd_sc_hd__sdfxtp_1'.
Generating RTLIL representation for module `\sky130_fd_sc_hd__sdfxtp_2'.
Generating RTLIL representation for module `\sky130_fd_sc_hd__sdfxtp_4'.
Generating RTLIL representation for module `\sky130_fd_sc_hd__sdlclkp_1'.
Generating RTLIL representation for module `\sky130_fd_sc_hd__sdlclkp_2'.
Generating RTLIL representation for module `\sky130_fd_sc_hd__sdlclkp_4'.
Generating RTLIL representation for module `\sky130_fd_sc_hd__sedfxbp_1'.
Generating RTLIL representation for module `\sky130_fd_sc_hd__sedfxbp_2'.
Generating RTLIL representation for module `\sky130_fd_sc_hd__sedfxtp_1'.
Generating RTLIL representation for module `\sky130_fd_sc_hd__sedfxtp_2'.
Generating RTLIL representation for module `\sky130_fd_sc_hd__sedfxtp_4'.
Generating RTLIL representation for module `\sky130_fd_sc_hd__tap_1'.
Generating RTLIL representation for module `\sky130_fd_sc_hd__tap_2'.
Generating RTLIL representation for module `\sky130_fd_sc_hd__tapvgnd2_1'.
Generating RTLIL representation for module `\sky130_fd_sc_hd__tapvgnd_1'.
Generating RTLIL representation for module `\sky130_fd_sc_hd__tapvpwrvgnd_1'.
Generating RTLIL representation for module `\sky130_fd_sc_hd__xnor2_1'.
Generating RTLIL representation for module `\sky130_fd_sc_hd__xnor2_2'.
Generating RTLIL representation for module `\sky130_fd_sc_hd__xnor2_4'.
Generating RTLIL representation for module `\sky130_fd_sc_hd__xnor3_1'.
Generating RTLIL representation for module `\sky130_fd_sc_hd__xnor3_2'.
Generating RTLIL representation for module `\sky130_fd_sc_hd__xnor3_4'.
Generating RTLIL representation for module `\sky130_fd_sc_hd__xor2_1'.
Generating RTLIL representation for module `\sky130_fd_sc_hd__xor2_2'.
Generating RTLIL representation for module `\sky130_fd_sc_hd__xor2_4'.
Generating RTLIL representation for module `\sky130_fd_sc_hd__xor3_1'.
Generating RTLIL representation for module `\sky130_fd_sc_hd__xor3_2'.
Generating RTLIL representation for module `\sky130_fd_sc_hd__xor3_4'.
Successfully finished Verilog frontend.

2. Executing Verilog-2005 frontend: /home/chithang/pdop2/dma/src/dma_channel.v
Parsing SystemVerilog input from `/home/chithang/pdop2/dma/src/dma_channel.v' to AST representation.
Storing AST representation for module `$abstract\dma_channel'.
Successfully finished Verilog frontend.

3. Executing Verilog-2005 frontend: /home/chithang/pdop2/dma/src/dma_arbiter.v
Parsing SystemVerilog input from `/home/chithang/pdop2/dma/src/dma_arbiter.v' to AST representation.
Storing AST representation for module `$abstract\dma_arbiter'.
Successfully finished Verilog frontend.

4. Executing Verilog-2005 frontend: /home/chithang/pdop2/dma/src/dma_axi_master.v
Parsing SystemVerilog input from `/home/chithang/pdop2/dma/src/dma_axi_master.v' to AST representation.
Storing AST representation for module `$abstract\dma_axi_master'.
Successfully finished Verilog frontend.

5. Executing Verilog-2005 frontend: /home/chithang/pdop2/dma/src/dma_reg_slave.v
Parsing SystemVerilog input from `/home/chithang/pdop2/dma/src/dma_reg_slave.v' to AST representation.
Storing AST representation for module `$abstract\dma_reg_slave'.
Successfully finished Verilog frontend.

6. Executing Verilog-2005 frontend: /home/chithang/pdop2/dma/src/dma_ctrl.v
Parsing SystemVerilog input from `/home/chithang/pdop2/dma/src/dma_ctrl.v' to AST representation.
Storing AST representation for module `$abstract\dma_ctrl'.
Successfully finished Verilog frontend.

7. Executing HIERARCHY pass (managing design hierarchy).

8. Executing AST frontend in derive mode using pre-parsed AST for module `\dma_ctrl'.
Generating RTLIL representation for module `\dma_ctrl'.

8.1. Analyzing design hierarchy..
Top module:  \dma_ctrl
Parameter \ADDR_WIDTH = 32
Parameter \DATA_WIDTH = 32
Parameter \ID_WIDTH = 4

8.2. Executing AST frontend in derive mode using pre-parsed AST for module `\dma_axi_master'.
Parameter \ADDR_WIDTH = 32
Parameter \DATA_WIDTH = 32
Parameter \ID_WIDTH = 4
Generating RTLIL representation for module `$paramod$c92a458ee47b814f5e0f776ee923263eda089220\dma_axi_master'.
Parameter \NUM_CH = 4

8.3. Executing AST frontend in derive mode using pre-parsed AST for module `\dma_arbiter'.
Parameter \NUM_CH = 4
Generating RTLIL representation for module `$paramod\dma_arbiter\NUM_CH=s32'00000000000000000000000000000100'.
Parameter \ADDR_WIDTH = 32
Parameter \DATA_WIDTH = 32

8.4. Executing AST frontend in derive mode using pre-parsed AST for module `\dma_channel'.
Parameter \ADDR_WIDTH = 32
Parameter \DATA_WIDTH = 32
Generating RTLIL representation for module `$paramod$73a3980ba8a68177b0617f0f620fd34f6ef3e417\dma_channel'.
Warning: Replacing memory \buf_mem with list of registers. See /home/chithang/pdop2/dma/src/dma_channel.v:217
Parameter \ADDR_WIDTH = 32
Parameter \DATA_WIDTH = 32
Found cached RTLIL representation for module `$paramod$73a3980ba8a68177b0617f0f620fd34f6ef3e417\dma_channel'.
Parameter \ADDR_WIDTH = 32
Parameter \DATA_WIDTH = 32
Found cached RTLIL representation for module `$paramod$73a3980ba8a68177b0617f0f620fd34f6ef3e417\dma_channel'.
Parameter \ADDR_WIDTH = 32
Parameter \DATA_WIDTH = 32
Found cached RTLIL representation for module `$paramod$73a3980ba8a68177b0617f0f620fd34f6ef3e417\dma_channel'.
Parameter \ADDR_WIDTH = 32
Parameter \DATA_WIDTH = 32
Parameter \ID_WIDTH = 4
Parameter \NUM_CH = 4

8.5. Executing AST frontend in derive mode using pre-parsed AST for module `\dma_reg_slave'.
Parameter \ADDR_WIDTH = 32
Parameter \DATA_WIDTH = 32
Parameter \ID_WIDTH = 4
Parameter \NUM_CH = 4
Generating RTLIL representation for module `$paramod$7c905dccef64f4923a66707cc3a3ba0e6eca89f8\dma_reg_slave'.
Warning: Replacing memory \r_en with list of registers. See /home/chithang/pdop2/dma/src/dma_reg_slave.v:273
Warning: Replacing memory \r_mode with list of registers. See /home/chithang/pdop2/dma/src/dma_reg_slave.v:272
Warning: Replacing memory \r_len with list of registers. See /home/chithang/pdop2/dma/src/dma_reg_slave.v:271
Warning: Replacing memory \r_dst with list of registers. See /home/chithang/pdop2/dma/src/dma_reg_slave.v:270
Warning: Replacing memory \r_src with list of registers. See /home/chithang/pdop2/dma/src/dma_reg_slave.v:269

8.6. Analyzing design hierarchy..
Top module:  \dma_ctrl
Used module:     $paramod$c92a458ee47b814f5e0f776ee923263eda089220\dma_axi_master
Used module:     $paramod\dma_arbiter\NUM_CH=s32'00000000000000000000000000000100
Used module:     $paramod$73a3980ba8a68177b0617f0f620fd34f6ef3e417\dma_channel
Used module:     $paramod$7c905dccef64f4923a66707cc3a3ba0e6eca89f8\dma_reg_slave

8.7. Analyzing design hierarchy..
Top module:  \dma_ctrl
Used module:     $paramod$c92a458ee47b814f5e0f776ee923263eda089220\dma_axi_master
Used module:     $paramod\dma_arbiter\NUM_CH=s32'00000000000000000000000000000100
Used module:     $paramod$73a3980ba8a68177b0617f0f620fd34f6ef3e417\dma_channel
Used module:     $paramod$7c905dccef64f4923a66707cc3a3ba0e6eca89f8\dma_reg_slave
Removing unused module `$abstract\dma_ctrl'.
Removing unused module `$abstract\dma_reg_slave'.
Removing unused module `$abstract\dma_axi_master'.
Removing unused module `$abstract\dma_arbiter'.
Removing unused module `$abstract\dma_channel'.
Removed 5 unused modules.
Renaming module dma_ctrl to dma_ctrl.

9. Executing PROC pass (convert processes to netlists).

9.1. Executing PROC_CLEAN pass (remove empty switches from decision trees).
Cleaned up 0 empty switches.

9.2. Executing PROC_RMDEAD pass (remove dead branches from decision trees).
Removed 1 dead cases from process $proc$/home/chithang/pdop2/dma/src/dma_channel.v:146$103 in module $paramod$73a3980ba8a68177b0617f0f620fd34f6ef3e417\dma_channel.
Marked 10 switch rules as full_case in process $proc$/home/chithang/pdop2/dma/src/dma_channel.v:146$103 in module $paramod$73a3980ba8a68177b0617f0f620fd34f6ef3e417\dma_channel.
Marked 3 switch rules as full_case in process $proc$/home/chithang/pdop2/dma/src/dma_arbiter.v:172$87 in module $paramod\dma_arbiter\NUM_CH=s32'00000000000000000000000000000100.
Marked 17 switch rules as full_case in process $proc$/home/chithang/pdop2/dma/src/dma_arbiter.v:141$86 in module $paramod\dma_arbiter\NUM_CH=s32'00000000000000000000000000000100.
Marked 3 switch rules as full_case in process $proc$/home/chithang/pdop2/dma/src/dma_arbiter.v:98$80 in module $paramod\dma_arbiter\NUM_CH=s32'00000000000000000000000000000100.
Marked 17 switch rules as full_case in process $proc$/home/chithang/pdop2/dma/src/dma_arbiter.v:64$79 in module $paramod\dma_arbiter\NUM_CH=s32'00000000000000000000000000000100.
Marked 3 switch rules as full_case in process $proc$/home/chithang/pdop2/dma/src/dma_axi_master.v:189$73 in module $paramod$c92a458ee47b814f5e0f776ee923263eda089220\dma_axi_master.
Removed 1 dead cases from process $proc$/home/chithang/pdop2/dma/src/dma_axi_master.v:133$65 in module $paramod$c92a458ee47b814f5e0f776ee923263eda089220\dma_axi_master.
Marked 2 switch rules as full_case in process $proc$/home/chithang/pdop2/dma/src/dma_axi_master.v:133$65 in module $paramod$c92a458ee47b814f5e0f776ee923263eda089220\dma_axi_master.
Removed 1 dead cases from process $proc$/home/chithang/pdop2/dma/src/dma_reg_slave.v:456$165 in module $paramod$7c905dccef64f4923a66707cc3a3ba0e6eca89f8\dma_reg_slave.
Marked 10 switch rules as full_case in process $proc$/home/chithang/pdop2/dma/src/dma_reg_slave.v:456$165 in module $paramod$7c905dccef64f4923a66707cc3a3ba0e6eca89f8\dma_reg_slave.
Marked 4 switch rules as full_case in process $proc$/home/chithang/pdop2/dma/src/dma_reg_slave.v:254$150 in module $paramod$7c905dccef64f4923a66707cc3a3ba0e6eca89f8\dma_reg_slave.
Removed a total of 3 dead cases.

9.3. Executing PROC_PRUNE pass (remove redundant assignments in processes).
Removed 8 redundant assignments.
Promoted 10 assignments to connections.

9.4. Executing PROC_INIT pass (extract init attributes).

9.5. Executing PROC_ARST pass (detect async resets in processes).
Found async reset \rst_n in `$paramod$73a3980ba8a68177b0617f0f620fd34f6ef3e417\dma_channel.$proc$/home/chithang/pdop2/dma/src/dma_channel.v:146$103'.
Found async reset \rst_n in `$paramod\dma_arbiter\NUM_CH=s32'00000000000000000000000000000100.$proc$/home/chithang/pdop2/dma/src/dma_arbiter.v:172$87'.
Found async reset \rst_n in `$paramod\dma_arbiter\NUM_CH=s32'00000000000000000000000000000100.$proc$/home/chithang/pdop2/dma/src/dma_arbiter.v:98$80'.
Found async reset \rst_n in `$paramod$c92a458ee47b814f5e0f776ee923263eda089220\dma_axi_master.$proc$/home/chithang/pdop2/dma/src/dma_axi_master.v:189$73'.
Found async reset \rst_n in `$paramod$c92a458ee47b814f5e0f776ee923263eda089220\dma_axi_master.$proc$/home/chithang/pdop2/dma/src/dma_axi_master.v:133$65'.
Found async reset \rst_n in `$paramod$7c905dccef64f4923a66707cc3a3ba0e6eca89f8\dma_reg_slave.$proc$/home/chithang/pdop2/dma/src/dma_reg_slave.v:456$165'.
Found async reset \rst_n in `$paramod$7c905dccef64f4923a66707cc3a3ba0e6eca89f8\dma_reg_slave.$proc$/home/chithang/pdop2/dma/src/dma_reg_slave.v:254$150'.

9.6. Executing PROC_ROM pass (convert switches to ROMs).
Converted 0 switches.
<suppressed ~147 debug messages>

9.7. Executing PROC_MUX pass (convert decision trees to multiplexers).
Creating decoders for process `$paramod$73a3980ba8a68177b0617f0f620fd34f6ef3e417\dma_channel.$proc$/home/chithang/pdop2/dma/src/dma_channel.v:146$103'.
     1/52: $4$mem2reg_rd$\buf_mem$/home/chithang/pdop2/dma/src/dma_channel.v:256$94_DATA[31:0]$134
     2/52: $3$mem2reg_rd$\buf_mem$/home/chithang/pdop2/dma/src/dma_channel.v:256$94_DATA[31:0]$133
     3/52: $3$mem2reg_rd$\buf_mem$/home/chithang/pdop2/dma/src/dma_channel.v:256$94_ADDR[3:0]$132
     4/52: $3$mem2reg_wr$\buf_mem$/home/chithang/pdop2/dma/src/dma_channel.v:217$93_ADDR[3:0]$123
     5/52: $3$mem2reg_wr$\buf_mem$/home/chithang/pdop2/dma/src/dma_channel.v:217$93_DATA[31:0]$124
     6/52: $2$mem2reg_rd$\buf_mem$/home/chithang/pdop2/dma/src/dma_channel.v:256$94_DATA[31:0]$116
     7/52: $2$mem2reg_rd$\buf_mem$/home/chithang/pdop2/dma/src/dma_channel.v:256$94_ADDR[3:0]$115
     8/52: $2$mem2reg_wr$\buf_mem$/home/chithang/pdop2/dma/src/dma_channel.v:217$93_DATA[31:0]$114
     9/52: $2$mem2reg_wr$\buf_mem$/home/chithang/pdop2/dma/src/dma_channel.v:217$93_ADDR[3:0]$113
    10/52: $1$mem2reg_rd$\buf_mem$/home/chithang/pdop2/dma/src/dma_channel.v:256$94_DATA[31:0]$112
    11/52: $1$mem2reg_rd$\buf_mem$/home/chithang/pdop2/dma/src/dma_channel.v:256$94_ADDR[3:0]$111
    12/52: $1$mem2reg_wr$\buf_mem$/home/chithang/pdop2/dma/src/dma_channel.v:217$93_DATA[31:0]$110
    13/52: $1$mem2reg_wr$\buf_mem$/home/chithang/pdop2/dma/src/dma_channel.v:217$93_ADDR[3:0]$109
    14/52: $0\wr_rel[0:0]
    15/52: $0\rd_rel[0:0]
    16/52: $0\error[0:0]
    17/52: $0\done[0:0]
    18/52: $0\buf_mem[15][31:0]
    19/52: $0\buf_mem[14][31:0]
    20/52: $0\buf_mem[13][31:0]
    21/52: $0\buf_mem[12][31:0]
    22/52: $0\buf_mem[11][31:0]
    23/52: $0\buf_mem[10][31:0]
    24/52: $0\buf_mem[9][31:0]
    25/52: $0\buf_mem[8][31:0]
    26/52: $0\buf_mem[7][31:0]
    27/52: $0\buf_mem[6][31:0]
    28/52: $0\buf_mem[5][31:0]
    29/52: $0\buf_mem[4][31:0]
    30/52: $0\buf_mem[3][31:0]
    31/52: $0\buf_mem[2][31:0]
    32/52: $0\buf_mem[1][31:0]
    33/52: $0\buf_mem[0][31:0]
    34/52: $0\buf_count[4:0]
    35/52: $0\buf_rd_ptr[3:0]
    36/52: $0\buf_wr_ptr[3:0]
    37/52: $0\bytes_left[31:0]
    38/52: $0\cur_dst[31:0]
    39/52: $0\cur_src[31:0]
    40/52: $0\state[2:0]
    41/52: $0\wr_wlast[0:0]
    42/52: $0\wr_wvalid[0:0]
    43/52: $0\wr_wstrb[3:0]
    44/52: $0\wr_data[31:0]
    45/52: $0\wr_valid[0:0]
    46/52: $0\wr_len[7:0]
    47/52: $0\wr_addr[31:0]
    48/52: $0\rd_valid[0:0]
    49/52: $0\rd_len[7:0]
    50/52: $0\rd_addr[31:0]
    51/52: $0\wr_req[0:0]
    52/52: $0\rd_req[0:0]
Creating decoders for process `$paramod\dma_arbiter\NUM_CH=s32'00000000000000000000000000000100.$proc$/home/chithang/pdop2/dma/src/dma_arbiter.v:172$87'.
     1/3: $0\wr_busy[0:0]
     2/3: $0\wr_last_grant[1:0]
     3/3: $0\wr_grant[3:0]
Creating decoders for process `$paramod\dma_arbiter\NUM_CH=s32'00000000000000000000000000000100.$proc$/home/chithang/pdop2/dma/src/dma_arbiter.v:141$86'.
     1/17: $17\wr_next_grant[3:0]
     2/17: $16\wr_next_grant[3:0]
     3/17: $15\wr_next_grant[3:0]
     4/17: $14\wr_next_grant[3:0]
     5/17: $13\wr_next_grant[3:0]
     6/17: $12\wr_next_grant[3:0]
     7/17: $11\wr_next_grant[3:0]
     8/17: $10\wr_next_grant[3:0]
     9/17: $9\wr_next_grant[3:0]
    10/17: $8\wr_next_grant[3:0]
    11/17: $7\wr_next_grant[3:0]
    12/17: $6\wr_next_grant[3:0]
    13/17: $5\wr_next_grant[3:0]
    14/17: $4\wr_next_grant[3:0]
    15/17: $3\wr_next_grant[3:0]
    16/17: $2\wr_next_grant[3:0]
    17/17: $1\wr_next_grant[3:0]
Creating decoders for process `$paramod\dma_arbiter\NUM_CH=s32'00000000000000000000000000000100.$proc$/home/chithang/pdop2/dma/src/dma_arbiter.v:98$80'.
     1/3: $0\rd_busy[0:0]
     2/3: $0\rd_last_grant[1:0]
     3/3: $0\rd_grant[3:0]
Creating decoders for process `$paramod\dma_arbiter\NUM_CH=s32'00000000000000000000000000000100.$proc$/home/chithang/pdop2/dma/src/dma_arbiter.v:64$79'.
     1/17: $17\rd_next_grant[3:0]
     2/17: $16\rd_next_grant[3:0]
     3/17: $15\rd_next_grant[3:0]
     4/17: $14\rd_next_grant[3:0]
     5/17: $13\rd_next_grant[3:0]
     6/17: $12\rd_next_grant[3:0]
     7/17: $11\rd_next_grant[3:0]
     8/17: $10\rd_next_grant[3:0]
     9/17: $9\rd_next_grant[3:0]
    10/17: $8\rd_next_grant[3:0]
    11/17: $7\rd_next_grant[3:0]
    12/17: $6\rd_next_grant[3:0]
    13/17: $5\rd_next_grant[3:0]
    14/17: $4\rd_next_grant[3:0]
    15/17: $3\rd_next_grant[3:0]
    16/17: $2\rd_next_grant[3:0]
    17/17: $1\rd_next_grant[3:0]
Creating decoders for process `$paramod$c92a458ee47b814f5e0f776ee923263eda089220\dma_axi_master.$proc$/home/chithang/pdop2/dma/src/dma_axi_master.v:189$73'.
     1/9: $0\wr_state[1:0]
     2/9: $0\m_axi_wvalid[0:0]
     3/9: $0\m_axi_wlast[0:0]
     4/9: $0\m_axi_wstrb[3:0]
     5/9: $0\m_axi_wdata[31:0]
     6/9: $0\m_axi_awvalid[0:0]
     7/9: $0\m_axi_awlen[7:0]
     8/9: $0\m_axi_awaddr[31:0]
     9/9: $0\m_axi_awid[3:0]
Creating decoders for process `$paramod$c92a458ee47b814f5e0f776ee923263eda089220\dma_axi_master.$proc$/home/chithang/pdop2/dma/src/dma_axi_master.v:133$65'.
     1/6: $0\rd_state[0:0]
     2/6: $0\m_axi_rready[0:0]
     3/6: $0\m_axi_arvalid[0:0]
     4/6: $0\m_axi_arlen[7:0]
     5/6: $0\m_axi_araddr[31:0]
     6/6: $0\m_axi_arid[3:0]
Creating decoders for process `$paramod$7c905dccef64f4923a66707cc3a3ba0e6eca89f8\dma_reg_slave.$proc$/home/chithang/pdop2/dma/src/dma_reg_slave.v:456$165'.
     1/23: $10\read_reg$func$/home/chithang/pdop2/dma/src/dma_reg_slave.v:470$144.$result[31:0]$188
     2/23: $9\read_reg$func$/home/chithang/pdop2/dma/src/dma_reg_slave.v:470$144.$result[31:0]$187
     3/23: $8\read_reg$func$/home/chithang/pdop2/dma/src/dma_reg_slave.v:470$144.$result[31:0]$186
     4/23: $7\read_reg$func$/home/chithang/pdop2/dma/src/dma_reg_slave.v:470$144.$result[31:0]$185
     5/23: $6\read_reg$func$/home/chithang/pdop2/dma/src/dma_reg_slave.v:470$144.$result[31:0]$184
     6/23: $5\read_reg$func$/home/chithang/pdop2/dma/src/dma_reg_slave.v:470$144.$result[31:0]$183
     7/23: $4\read_reg$func$/home/chithang/pdop2/dma/src/dma_reg_slave.v:470$144.$result[31:0]$181
     8/23: $4\read_reg$func$/home/chithang/pdop2/dma/src/dma_reg_slave.v:470$144.ch[1:0]$182
     9/23: $3\read_reg$func$/home/chithang/pdop2/dma/src/dma_reg_slave.v:470$144.ch[1:0]$179
    10/23: $3\read_reg$func$/home/chithang/pdop2/dma/src/dma_reg_slave.v:470$144.$result[31:0]$177
    11/23: $3\read_reg$func$/home/chithang/pdop2/dma/src/dma_reg_slave.v:470$144.addr[31:0]$178
    12/23: $2\read_reg$func$/home/chithang/pdop2/dma/src/dma_reg_slave.v:470$144.ch[1:0]$175
    13/23: $2\read_reg$func$/home/chithang/pdop2/dma/src/dma_reg_slave.v:470$144.addr[31:0]$174
    14/23: $2\read_reg$func$/home/chithang/pdop2/dma/src/dma_reg_slave.v:470$144.$result[31:0]$173
    15/23: $1\read_reg$func$/home/chithang/pdop2/dma/src/dma_reg_slave.v:470$144.ch[1:0]$172
    16/23: $1\read_reg$func$/home/chithang/pdop2/dma/src/dma_reg_slave.v:470$144.addr[31:0]$171
    17/23: $1\read_reg$func$/home/chithang/pdop2/dma/src/dma_reg_slave.v:470$144.$result[31:0]$170
    18/23: $0\rd_state[0:0]
    19/23: $0\s_axi_rvalid[0:0]
    20/23: $0\s_axi_rlast[0:0]
    21/23: $0\s_axi_rresp[1:0]
    22/23: $0\s_axi_rdata[31:0]
    23/23: $0\s_axi_rid[3:0]
Creating decoders for process `$paramod$7c905dccef64f4923a66707cc3a3ba0e6eca89f8\dma_reg_slave.$proc$/home/chithang/pdop2/dma/src/dma_reg_slave.v:254$150'.
     1/71: $0\r_len[3][31:0] [31:24]
     2/71: $0\r_len[3][31:0] [23:16]
     3/71: $0\r_len[3][31:0] [15:8]
     4/71: $0\r_len[3][31:0] [7:0]
     5/71: $0\r_dst[3][31:0] [23:16]
     6/71: $0\r_dst[3][31:0] [15:8]
     7/71: $0\r_dst[3][31:0] [7:0]
     8/71: $0\r_src[3][31:0] [23:16]
     9/71: $0\r_src[3][31:0] [15:8]
    10/71: $0\r_src[3][31:0] [7:0]
    11/71: $0\r_start[3:0] [2]
    12/71: $0\r_len[2][31:0] [23:16]
    13/71: $0\r_len[2][31:0] [15:8]
    14/71: $0\r_len[2][31:0] [7:0]
    15/71: $0\r_dst[2][31:0] [23:16]
    16/71: $0\r_dst[2][31:0] [15:8]
    17/71: $0\r_dst[2][31:0] [7:0]
    18/71: $0\r_src[2][31:0] [23:16]
    19/71: $0\r_src[2][31:0] [15:8]
    20/71: $0\r_src[2][31:0] [7:0]
    21/71: $0\r_start[3:0] [1]
    22/71: $0\r_len[1][31:0] [23:16]
    23/71: $0\r_len[1][31:0] [15:8]
    24/71: $0\r_len[1][31:0] [7:0]
    25/71: $0\r_dst[1][31:0] [23:16]
    26/71: $0\r_dst[1][31:0] [15:8]
    27/71: $0\r_dst[1][31:0] [7:0]
    28/71: $0\r_src[1][31:0] [23:16]
    29/71: $0\r_src[1][31:0] [15:8]
    30/71: $0\r_src[1][31:0] [7:0]
    31/71: $0\r_start[3:0] [0]
    32/71: $0\r_len[0][31:0] [23:16]
    33/71: $0\r_len[0][31:0] [15:8]
    34/71: $0\r_len[0][31:0] [7:0]
    35/71: $0\r_dst[0][31:0] [23:16]
    36/71: $0\r_dst[0][31:0] [15:8]
    37/71: $0\r_dst[0][31:0] [7:0]
    38/71: $0\r_src[0][31:0] [23:16]
    39/71: $0\r_src[0][31:0] [15:8]
    40/71: $0\r_src[0][31:0] [7:0]
    41/71: $0\r_status_error[3:0]
    42/71: $0\r_status_done[3:0]
    43/71: $0\r_len[0][31:0] [31:24]
    44/71: $1\write_fsm.k[31:0]
    45/71: $0\r_en[3][0:0]
    46/71: $0\r_en[2][0:0]
    47/71: $0\r_en[1][0:0]
    48/71: $0\r_en[0][0:0]
    49/71: $0\r_mode[3][1:0]
    50/71: $0\r_mode[2][1:0]
    51/71: $0\r_mode[1][1:0]
    52/71: $0\r_mode[0][1:0]
    53/71: $0\r_dst[3][31:0] [31:24]
    54/71: $0\r_dst[2][31:0] [31:24]
    55/71: $0\r_dst[1][31:0] [31:24]
    56/71: $0\r_dst[0][31:0] [31:24]
    57/71: $0\r_src[3][31:0] [31:24]
    58/71: $0\r_src[2][31:0] [31:24]
    59/71: $0\r_src[1][31:0] [31:24]
    60/71: $0\r_src[0][31:0] [31:24]
    61/71: $0\r_start[3:0] [3]
    62/71: $0\r_len[2][31:0] [31:24]
    63/71: $0\r_len[1][31:0] [31:24]
    64/71: $0\r_irq_status[3:0]
    65/71: $0\wr_id[3:0]
    66/71: $0\r_irq_en[3:0]
    67/71: $0\wr_state[1:0]
    68/71: $0\wr_addr[31:0]
    69/71: $0\s_axi_bvalid[0:0]
    70/71: $0\s_axi_bresp[1:0]
    71/71: $0\s_axi_bid[3:0]

9.8. Executing PROC_DLATCH pass (convert process syncs to latches).
No latch inferred for signal `$paramod\dma_arbiter\NUM_CH=s32'00000000000000000000000000000100.\wr_next_grant' from process `$paramod\dma_arbiter\NUM_CH=s32'00000000000000000000000000000100.$proc$/home/chithang/pdop2/dma/src/dma_arbiter.v:141$86'.
No latch inferred for signal `$paramod\dma_arbiter\NUM_CH=s32'00000000000000000000000000000100.\rd_next_grant' from process `$paramod\dma_arbiter\NUM_CH=s32'00000000000000000000000000000100.$proc$/home/chithang/pdop2/dma/src/dma_arbiter.v:64$79'.

9.9. Executing PROC_DFF pass (convert process syncs to FFs).
Creating register for signal `$paramod$73a3980ba8a68177b0617f0f620fd34f6ef3e417\dma_channel.\done' using process `$paramod$73a3980ba8a68177b0617f0f620fd34f6ef3e417\dma_channel.$proc$/home/chithang/pdop2/dma/src/dma_channel.v:146$103'.
  created $adff cell `$procdff$2908' with positive edge clock and positive level reset.
Creating register for signal `$paramod$73a3980ba8a68177b0617f0f620fd34f6ef3e417\dma_channel.\error' using process `$paramod$73a3980ba8a68177b0617f0f620fd34f6ef3e417\dma_channel.$proc$/home/chithang/pdop2/dma/src/dma_channel.v:146$103'.
  created $adff cell `$procdff$2913' with positive edge clock and positive level reset.
Creating register for signal `$paramod$73a3980ba8a68177b0617f0f620fd34f6ef3e417\dma_channel.\rd_req' using process `$paramod$73a3980ba8a68177b0617f0f620fd34f6ef3e417\dma_channel.$proc$/home/chithang/pdop2/dma/src/dma_channel.v:146$103'.
  created $adff cell `$procdff$2918' with positive edge clock and positive level reset.
Creating register for signal `$paramod$73a3980ba8a68177b0617f0f620fd34f6ef3e417\dma_channel.\rd_rel' using process `$paramod$73a3980ba8a68177b0617f0f620fd34f6ef3e417\dma_channel.$proc$/home/chithang/pdop2/dma/src/dma_channel.v:146$103'.
  created $adff cell `$procdff$2923' with positive edge clock and positive level reset.
Creating register for signal `$paramod$73a3980ba8a68177b0617f0f620fd34f6ef3e417\dma_channel.\wr_req' using process `$paramod$73a3980ba8a68177b0617f0f620fd34f6ef3e417\dma_channel.$proc$/home/chithang/pdop2/dma/src/dma_channel.v:146$103'.
  created $adff cell `$procdff$2928' with positive edge clock and positive level reset.
Creating register for signal `$paramod$73a3980ba8a68177b0617f0f620fd34f6ef3e417\dma_channel.\wr_rel' using process `$paramod$73a3980ba8a68177b0617f0f620fd34f6ef3e417\dma_channel.$proc$/home/chithang/pdop2/dma/src/dma_channel.v:146$103'.
  created $adff cell `$procdff$2933' with positive edge clock and positive level reset.
Creating register for signal `$paramod$73a3980ba8a68177b0617f0f620fd34f6ef3e417\dma_channel.\rd_addr' using process `$paramod$73a3980ba8a68177b0617f0f620fd34f6ef3e417\dma_channel.$proc$/home/chithang/pdop2/dma/src/dma_channel.v:146$103'.
  created $adff cell `$procdff$2938' with positive edge clock and positive level reset.
Creating register for signal `$paramod$73a3980ba8a68177b0617f0f620fd34f6ef3e417\dma_channel.\rd_len' using process `$paramod$73a3980ba8a68177b0617f0f620fd34f6ef3e417\dma_channel.$proc$/home/chithang/pdop2/dma/src/dma_channel.v:146$103'.
  created $adff cell `$procdff$2943' with positive edge clock and positive level reset.
Creating register for signal `$paramod$73a3980ba8a68177b0617f0f620fd34f6ef3e417\dma_channel.\rd_valid' using process `$paramod$73a3980ba8a68177b0617f0f620fd34f6ef3e417\dma_channel.$proc$/home/chithang/pdop2/dma/src/dma_channel.v:146$103'.
  created $adff cell `$procdff$2948' with positive edge clock and positive level reset.
Creating register for signal `$paramod$73a3980ba8a68177b0617f0f620fd34f6ef3e417\dma_channel.\wr_addr' using process `$paramod$73a3980ba8a68177b0617f0f620fd34f6ef3e417\dma_channel.$proc$/home/chithang/pdop2/dma/src/dma_channel.v:146$103'.
  created $adff cell `$procdff$2953' with positive edge clock and positive level reset.
Creating register for signal `$paramod$73a3980ba8a68177b0617f0f620fd34f6ef3e417\dma_channel.\wr_len' using process `$paramod$73a3980ba8a68177b0617f0f620fd34f6ef3e417\dma_channel.$proc$/home/chithang/pdop2/dma/src/dma_channel.v:146$103'.
  created $adff cell `$procdff$2958' with positive edge clock and positive level reset.
Creating register for signal `$paramod$73a3980ba8a68177b0617f0f620fd34f6ef3e417\dma_channel.\wr_valid' using process `$paramod$73a3980ba8a68177b0617f0f620fd34f6ef3e417\dma_channel.$proc$/home/chithang/pdop2/dma/src/dma_channel.v:146$103'.
  created $adff cell `$procdff$2963' with positive edge clock and positive level reset.
Creating register for signal `$paramod$73a3980ba8a68177b0617f0f620fd34f6ef3e417\dma_channel.\wr_data' using process `$paramod$73a3980ba8a68177b0617f0f620fd34f6ef3e417\dma_channel.$proc$/home/chithang/pdop2/dma/src/dma_channel.v:146$103'.
  created $adff cell `$procdff$2968' with positive edge clock and positive level reset.
Creating register for signal `$paramod$73a3980ba8a68177b0617f0f620fd34f6ef3e417\dma_channel.\wr_wstrb' using process `$paramod$73a3980ba8a68177b0617f0f620fd34f6ef3e417\dma_channel.$proc$/home/chithang/pdop2/dma/src/dma_channel.v:146$103'.
  created $adff cell `$procdff$2973' with positive edge clock and positive level reset.
Creating register for signal `$paramod$73a3980ba8a68177b0617f0f620fd34f6ef3e417\dma_channel.\wr_wvalid' using process `$paramod$73a3980ba8a68177b0617f0f620fd34f6ef3e417\dma_channel.$proc$/home/chithang/pdop2/dma/src/dma_channel.v:146$103'.
  created $adff cell `$procdff$2978' with positive edge clock and positive level reset.
Creating register for signal `$paramod$73a3980ba8a68177b0617f0f620fd34f6ef3e417\dma_channel.\wr_wlast' using process `$paramod$73a3980ba8a68177b0617f0f620fd34f6ef3e417\dma_channel.$proc$/home/chithang/pdop2/dma/src/dma_channel.v:146$103'.
  created $adff cell `$procdff$2983' with positive edge clock and positive level reset.
Creating register for signal `$paramod$73a3980ba8a68177b0617f0f620fd34f6ef3e417\dma_channel.\state' using process `$paramod$73a3980ba8a68177b0617f0f620fd34f6ef3e417\dma_channel.$proc$/home/chithang/pdop2/dma/src/dma_channel.v:146$103'.
  created $adff cell `$procdff$2988' with positive edge clock and positive level reset.
Creating register for signal `$paramod$73a3980ba8a68177b0617f0f620fd34f6ef3e417\dma_channel.\cur_src' using process `$paramod$73a3980ba8a68177b0617f0f620fd34f6ef3e417\dma_channel.$proc$/home/chithang/pdop2/dma/src/dma_channel.v:146$103'.
  created $adff cell `$procdff$2993' with positive edge clock and positive level reset.
Creating register for signal `$paramod$73a3980ba8a68177b0617f0f620fd34f6ef3e417\dma_channel.\cur_dst' using process `$paramod$73a3980ba8a68177b0617f0f620fd34f6ef3e417\dma_channel.$proc$/home/chithang/pdop2/dma/src/dma_channel.v:146$103'.
  created $adff cell `$procdff$2998' with positive edge clock and positive level reset.
Creating register for signal `$paramod$73a3980ba8a68177b0617f0f620fd34f6ef3e417\dma_channel.\bytes_left' using process `$paramod$73a3980ba8a68177b0617f0f620fd34f6ef3e417\dma_channel.$proc$/home/chithang/pdop2/dma/src/dma_channel.v:146$103'.
  created $adff cell `$procdff$3003' with positive edge clock and positive level reset.
Creating register for signal `$paramod$73a3980ba8a68177b0617f0f620fd34f6ef3e417\dma_channel.\buf_wr_ptr' using process `$paramod$73a3980ba8a68177b0617f0f620fd34f6ef3e417\dma_channel.$proc$/home/chithang/pdop2/dma/src/dma_channel.v:146$103'.
  created $adff cell `$procdff$3008' with positive edge clock and positive level reset.
Creating register for signal `$paramod$73a3980ba8a68177b0617f0f620fd34f6ef3e417\dma_channel.\buf_rd_ptr' using process `$paramod$73a3980ba8a68177b0617f0f620fd34f6ef3e417\dma_channel.$proc$/home/chithang/pdop2/dma/src/dma_channel.v:146$103'.
  created $adff cell `$procdff$3013' with positive edge clock and positive level reset.
Creating register for signal `$paramod$73a3980ba8a68177b0617f0f620fd34f6ef3e417\dma_channel.\buf_count' using process `$paramod$73a3980ba8a68177b0617f0f620fd34f6ef3e417\dma_channel.$proc$/home/chithang/pdop2/dma/src/dma_channel.v:146$103'.
  created $adff cell `$procdff$3018' with positive edge clock and positive level reset.
Creating register for signal `$paramod$73a3980ba8a68177b0617f0f620fd34f6ef3e417\dma_channel.\buf_mem[0]' using process `$paramod$73a3980ba8a68177b0617f0f620fd34f6ef3e417\dma_channel.$proc$/home/chithang/pdop2/dma/src/dma_channel.v:146$103'.
  created $dff cell `$procdff$3025' with positive edge clock.
Creating register for signal `$paramod$73a3980ba8a68177b0617f0f620fd34f6ef3e417\dma_channel.\buf_mem[1]' using process `$paramod$73a3980ba8a68177b0617f0f620fd34f6ef3e417\dma_channel.$proc$/home/chithang/pdop2/dma/src/dma_channel.v:146$103'.
  created $dff cell `$procdff$3032' with positive edge clock.
Creating register for signal `$paramod$73a3980ba8a68177b0617f0f620fd34f6ef3e417\dma_channel.\buf_mem[2]' using process `$paramod$73a3980ba8a68177b0617f0f620fd34f6ef3e417\dma_channel.$proc$/home/chithang/pdop2/dma/src/dma_channel.v:146$103'.
  created $dff cell `$procdff$3039' with positive edge clock.
Creating register for signal `$paramod$73a3980ba8a68177b0617f0f620fd34f6ef3e417\dma_channel.\buf_mem[3]' using process `$paramod$73a3980ba8a68177b0617f0f620fd34f6ef3e417\dma_channel.$proc$/home/chithang/pdop2/dma/src/dma_channel.v:146$103'.
  created $dff cell `$procdff$3046' with positive edge clock.
Creating register for signal `$paramod$73a3980ba8a68177b0617f0f620fd34f6ef3e417\dma_channel.\buf_mem[4]' using process `$paramod$73a3980ba8a68177b0617f0f620fd34f6ef3e417\dma_channel.$proc$/home/chithang/pdop2/dma/src/dma_channel.v:146$103'.
  created $dff cell `$procdff$3053' with positive edge clock.
Creating register for signal `$paramod$73a3980ba8a68177b0617f0f620fd34f6ef3e417\dma_channel.\buf_mem[5]' using process `$paramod$73a3980ba8a68177b0617f0f620fd34f6ef3e417\dma_channel.$proc$/home/chithang/pdop2/dma/src/dma_channel.v:146$103'.
  created $dff cell `$procdff$3060' with positive edge clock.
Creating register for signal `$paramod$73a3980ba8a68177b0617f0f620fd34f6ef3e417\dma_channel.\buf_mem[6]' using process `$paramod$73a3980ba8a68177b0617f0f620fd34f6ef3e417\dma_channel.$proc$/home/chithang/pdop2/dma/src/dma_channel.v:146$103'.
  created $dff cell `$procdff$3067' with positive edge clock.
Creating register for signal `$paramod$73a3980ba8a68177b0617f0f620fd34f6ef3e417\dma_channel.\buf_mem[7]' using process `$paramod$73a3980ba8a68177b0617f0f620fd34f6ef3e417\dma_channel.$proc$/home/chithang/pdop2/dma/src/dma_channel.v:146$103'.
  created $dff cell `$procdff$3074' with positive edge clock.
Creating register for signal `$paramod$73a3980ba8a68177b0617f0f620fd34f6ef3e417\dma_channel.\buf_mem[8]' using process `$paramod$73a3980ba8a68177b0617f0f620fd34f6ef3e417\dma_channel.$proc$/home/chithang/pdop2/dma/src/dma_channel.v:146$103'.
  created $dff cell `$procdff$3081' with positive edge clock.
Creating register for signal `$paramod$73a3980ba8a68177b0617f0f620fd34f6ef3e417\dma_channel.\buf_mem[9]' using process `$paramod$73a3980ba8a68177b0617f0f620fd34f6ef3e417\dma_channel.$proc$/home/chithang/pdop2/dma/src/dma_channel.v:146$103'.
  created $dff cell `$procdff$3088' with positive edge clock.
Creating register for signal `$paramod$73a3980ba8a68177b0617f0f620fd34f6ef3e417\dma_channel.\buf_mem[10]' using process `$paramod$73a3980ba8a68177b0617f0f620fd34f6ef3e417\dma_channel.$proc$/home/chithang/pdop2/dma/src/dma_channel.v:146$103'.
  created $dff cell `$procdff$3095' with positive edge clock.
Creating register for signal `$paramod$73a3980ba8a68177b0617f0f620fd34f6ef3e417\dma_channel.\buf_mem[11]' using process `$paramod$73a3980ba8a68177b0617f0f620fd34f6ef3e417\dma_channel.$proc$/home/chithang/pdop2/dma/src/dma_channel.v:146$103'.
  created $dff cell `$procdff$3102' with positive edge clock.
Creating register for signal `$paramod$73a3980ba8a68177b0617f0f620fd34f6ef3e417\dma_channel.\buf_mem[12]' using process `$paramod$73a3980ba8a68177b0617f0f620fd34f6ef3e417\dma_channel.$proc$/home/chithang/pdop2/dma/src/dma_channel.v:146$103'.
  created $dff cell `$procdff$3109' with positive edge clock.
Creating register for signal `$paramod$73a3980ba8a68177b0617f0f620fd34f6ef3e417\dma_channel.\buf_mem[13]' using process `$paramod$73a3980ba8a68177b0617f0f620fd34f6ef3e417\dma_channel.$proc$/home/chithang/pdop2/dma/src/dma_channel.v:146$103'.
  created $dff cell `$procdff$3116' with positive edge clock.
Creating register for signal `$paramod$73a3980ba8a68177b0617f0f620fd34f6ef3e417\dma_channel.\buf_mem[14]' using process `$paramod$73a3980ba8a68177b0617f0f620fd34f6ef3e417\dma_channel.$proc$/home/chithang/pdop2/dma/src/dma_channel.v:146$103'.
  created $dff cell `$procdff$3123' with positive edge clock.
Creating register for signal `$paramod$73a3980ba8a68177b0617f0f620fd34f6ef3e417\dma_channel.\buf_mem[15]' using process `$paramod$73a3980ba8a68177b0617f0f620fd34f6ef3e417\dma_channel.$proc$/home/chithang/pdop2/dma/src/dma_channel.v:146$103'.
  created $dff cell `$procdff$3130' with positive edge clock.
Creating register for signal `$paramod$73a3980ba8a68177b0617f0f620fd34f6ef3e417\dma_channel.$mem2reg_wr$\buf_mem$/home/chithang/pdop2/dma/src/dma_channel.v:217$93_ADDR' using process `$paramod$73a3980ba8a68177b0617f0f620fd34f6ef3e417\dma_channel.$proc$/home/chithang/pdop2/dma/src/dma_channel.v:146$103'.
  created $adff cell `$procdff$3135' with positive edge clock and positive level reset.
Creating register for signal `$paramod$73a3980ba8a68177b0617f0f620fd34f6ef3e417\dma_channel.$mem2reg_wr$\buf_mem$/home/chithang/pdop2/dma/src/dma_channel.v:217$93_DATA' using process `$paramod$73a3980ba8a68177b0617f0f620fd34f6ef3e417\dma_channel.$proc$/home/chithang/pdop2/dma/src/dma_channel.v:146$103'.
  created $adff cell `$procdff$3140' with positive edge clock and positive level reset.
Creating register for signal `$paramod$73a3980ba8a68177b0617f0f620fd34f6ef3e417\dma_channel.$mem2reg_rd$\buf_mem$/home/chithang/pdop2/dma/src/dma_channel.v:256$94_ADDR' using process `$paramod$73a3980ba8a68177b0617f0f620fd34f6ef3e417\dma_channel.$proc$/home/chithang/pdop2/dma/src/dma_channel.v:146$103'.
  created $adff cell `$procdff$3145' with positive edge clock and positive level reset.
Creating register for signal `$paramod$73a3980ba8a68177b0617f0f620fd34f6ef3e417\dma_channel.$mem2reg_rd$\buf_mem$/home/chithang/pdop2/dma/src/dma_channel.v:256$94_DATA' using process `$paramod$73a3980ba8a68177b0617f0f620fd34f6ef3e417\dma_channel.$proc$/home/chithang/pdop2/dma/src/dma_channel.v:146$103'.
  created $adff cell `$procdff$3150' with positive edge clock and positive level reset.
Creating register for signal `$paramod\dma_arbiter\NUM_CH=s32'00000000000000000000000000000100.\wr_grant' using process `$paramod\dma_arbiter\NUM_CH=s32'00000000000000000000000000000100.$proc$/home/chithang/pdop2/dma/src/dma_arbiter.v:172$87'.
  created $adff cell `$procdff$3155' with positive edge clock and positive level reset.
Creating register for signal `$paramod\dma_arbiter\NUM_CH=s32'00000000000000000000000000000100.\wr_last_grant' using process `$paramod\dma_arbiter\NUM_CH=s32'00000000000000000000000000000100.$proc$/home/chithang/pdop2/dma/src/dma_arbiter.v:172$87'.
  created $adff cell `$procdff$3160' with positive edge clock and positive level reset.
Creating register for signal `$paramod\dma_arbiter\NUM_CH=s32'00000000000000000000000000000100.\wr_busy' using process `$paramod\dma_arbiter\NUM_CH=s32'00000000000000000000000000000100.$proc$/home/chithang/pdop2/dma/src/dma_arbiter.v:172$87'.
  created $adff cell `$procdff$3165' with positive edge clock and positive level reset.
Creating register for signal `$paramod\dma_arbiter\NUM_CH=s32'00000000000000000000000000000100.\rd_grant' using process `$paramod\dma_arbiter\NUM_CH=s32'00000000000000000000000000000100.$proc$/home/chithang/pdop2/dma/src/dma_arbiter.v:98$80'.
  created $adff cell `$procdff$3170' with positive edge clock and positive level reset.
Creating register for signal `$paramod\dma_arbiter\NUM_CH=s32'00000000000000000000000000000100.\rd_last_grant' using process `$paramod\dma_arbiter\NUM_CH=s32'00000000000000000000000000000100.$proc$/home/chithang/pdop2/dma/src/dma_arbiter.v:98$80'.
  created $adff cell `$procdff$3175' with positive edge clock and positive level reset.
Creating register for signal `$paramod\dma_arbiter\NUM_CH=s32'00000000000000000000000000000100.\rd_busy' using process `$paramod\dma_arbiter\NUM_CH=s32'00000000000000000000000000000100.$proc$/home/chithang/pdop2/dma/src/dma_arbiter.v:98$80'.
  created $adff cell `$procdff$3180' with positive edge clock and positive level reset.
Creating register for signal `$paramod$c92a458ee47b814f5e0f776ee923263eda089220\dma_axi_master.\m_axi_awid' using process `$paramod$c92a458ee47b814f5e0f776ee923263eda089220\dma_axi_master.$proc$/home/chithang/pdop2/dma/src/dma_axi_master.v:189$73'.
  created $adff cell `$procdff$3185' with positive edge clock and positive level reset.
Creating register for signal `$paramod$c92a458ee47b814f5e0f776ee923263eda089220\dma_axi_master.\m_axi_awaddr' using process `$paramod$c92a458ee47b814f5e0f776ee923263eda089220\dma_axi_master.$proc$/home/chithang/pdop2/dma/src/dma_axi_master.v:189$73'.
  created $adff cell `$procdff$3190' with positive edge clock and positive level reset.
Creating register for signal `$paramod$c92a458ee47b814f5e0f776ee923263eda089220\dma_axi_master.\m_axi_awlen' using process `$paramod$c92a458ee47b814f5e0f776ee923263eda089220\dma_axi_master.$proc$/home/chithang/pdop2/dma/src/dma_axi_master.v:189$73'.
  created $adff cell `$procdff$3195' with positive edge clock and positive level reset.
Creating register for signal `$paramod$c92a458ee47b814f5e0f776ee923263eda089220\dma_axi_master.\m_axi_awvalid' using process `$paramod$c92a458ee47b814f5e0f776ee923263eda089220\dma_axi_master.$proc$/home/chithang/pdop2/dma/src/dma_axi_master.v:189$73'.
  created $adff cell `$procdff$3200' with positive edge clock and positive level reset.
Creating register for signal `$paramod$c92a458ee47b814f5e0f776ee923263eda089220\dma_axi_master.\m_axi_wdata' using process `$paramod$c92a458ee47b814f5e0f776ee923263eda089220\dma_axi_master.$proc$/home/chithang/pdop2/dma/src/dma_axi_master.v:189$73'.
  created $adff cell `$procdff$3205' with positive edge clock and positive level reset.
Creating register for signal `$paramod$c92a458ee47b814f5e0f776ee923263eda089220\dma_axi_master.\m_axi_wstrb' using process `$paramod$c92a458ee47b814f5e0f776ee923263eda089220\dma_axi_master.$proc$/home/chithang/pdop2/dma/src/dma_axi_master.v:189$73'.
  created $adff cell `$procdff$3210' with positive edge clock and positive level reset.
Creating register for signal `$paramod$c92a458ee47b814f5e0f776ee923263eda089220\dma_axi_master.\m_axi_wlast' using process `$paramod$c92a458ee47b814f5e0f776ee923263eda089220\dma_axi_master.$proc$/home/chithang/pdop2/dma/src/dma_axi_master.v:189$73'.
  created $adff cell `$procdff$3215' with positive edge clock and positive level reset.
Creating register for signal `$paramod$c92a458ee47b814f5e0f776ee923263eda089220\dma_axi_master.\m_axi_wvalid' using process `$paramod$c92a458ee47b814f5e0f776ee923263eda089220\dma_axi_master.$proc$/home/chithang/pdop2/dma/src/dma_axi_master.v:189$73'.
  created $adff cell `$procdff$3220' with positive edge clock and positive level reset.
Creating register for signal `$paramod$c92a458ee47b814f5e0f776ee923263eda089220\dma_axi_master.\wr_state' using process `$paramod$c92a458ee47b814f5e0f776ee923263eda089220\dma_axi_master.$proc$/home/chithang/pdop2/dma/src/dma_axi_master.v:189$73'.
  created $adff cell `$procdff$3225' with positive edge clock and positive level reset.
Creating register for signal `$paramod$c92a458ee47b814f5e0f776ee923263eda089220\dma_axi_master.\m_axi_arid' using process `$paramod$c92a458ee47b814f5e0f776ee923263eda089220\dma_axi_master.$proc$/home/chithang/pdop2/dma/src/dma_axi_master.v:133$65'.
  created $adff cell `$procdff$3230' with positive edge clock and positive level reset.
Creating register for signal `$paramod$c92a458ee47b814f5e0f776ee923263eda089220\dma_axi_master.\m_axi_araddr' using process `$paramod$c92a458ee47b814f5e0f776ee923263eda089220\dma_axi_master.$proc$/home/chithang/pdop2/dma/src/dma_axi_master.v:133$65'.
  created $adff cell `$procdff$3235' with positive edge clock and positive level reset.
Creating register for signal `$paramod$c92a458ee47b814f5e0f776ee923263eda089220\dma_axi_master.\m_axi_arlen' using process `$paramod$c92a458ee47b814f5e0f776ee923263eda089220\dma_axi_master.$proc$/home/chithang/pdop2/dma/src/dma_axi_master.v:133$65'.
  created $adff cell `$procdff$3240' with positive edge clock and positive level reset.
Creating register for signal `$paramod$c92a458ee47b814f5e0f776ee923263eda089220\dma_axi_master.\m_axi_arvalid' using process `$paramod$c92a458ee47b814f5e0f776ee923263eda089220\dma_axi_master.$proc$/home/chithang/pdop2/dma/src/dma_axi_master.v:133$65'.
  created $adff cell `$procdff$3245' with positive edge clock and positive level reset.
Creating register for signal `$paramod$c92a458ee47b814f5e0f776ee923263eda089220\dma_axi_master.\m_axi_rready' using process `$paramod$c92a458ee47b814f5e0f776ee923263eda089220\dma_axi_master.$proc$/home/chithang/pdop2/dma/src/dma_axi_master.v:133$65'.
  created $adff cell `$procdff$3250' with positive edge clock and positive level reset.
Creating register for signal `$paramod$c92a458ee47b814f5e0f776ee923263eda089220\dma_axi_master.\rd_state' using process `$paramod$c92a458ee47b814f5e0f776ee923263eda089220\dma_axi_master.$proc$/home/chithang/pdop2/dma/src/dma_axi_master.v:133$65'.
  created $adff cell `$procdff$3255' with positive edge clock and positive level reset.
Creating register for signal `$paramod$7c905dccef64f4923a66707cc3a3ba0e6eca89f8\dma_reg_slave.\s_axi_rid' using process `$paramod$7c905dccef64f4923a66707cc3a3ba0e6eca89f8\dma_reg_slave.$proc$/home/chithang/pdop2/dma/src/dma_reg_slave.v:456$165'.
  created $adff cell `$procdff$3260' with positive edge clock and positive level reset.
Creating register for signal `$paramod$7c905dccef64f4923a66707cc3a3ba0e6eca89f8\dma_reg_slave.\s_axi_rdata' using process `$paramod$7c905dccef64f4923a66707cc3a3ba0e6eca89f8\dma_reg_slave.$proc$/home/chithang/pdop2/dma/src/dma_reg_slave.v:456$165'.
  created $adff cell `$procdff$3265' with positive edge clock and positive level reset.
Creating register for signal `$paramod$7c905dccef64f4923a66707cc3a3ba0e6eca89f8\dma_reg_slave.\s_axi_rresp' using process `$paramod$7c905dccef64f4923a66707cc3a3ba0e6eca89f8\dma_reg_slave.$proc$/home/chithang/pdop2/dma/src/dma_reg_slave.v:456$165'.
  created $adff cell `$procdff$3270' with positive edge clock and positive level reset.
Creating register for signal `$paramod$7c905dccef64f4923a66707cc3a3ba0e6eca89f8\dma_reg_slave.\s_axi_rlast' using process `$paramod$7c905dccef64f4923a66707cc3a3ba0e6eca89f8\dma_reg_slave.$proc$/home/chithang/pdop2/dma/src/dma_reg_slave.v:456$165'.
  created $adff cell `$procdff$3275' with positive edge clock and positive level reset.
Creating register for signal `$paramod$7c905dccef64f4923a66707cc3a3ba0e6eca89f8\dma_reg_slave.\s_axi_rvalid' using process `$paramod$7c905dccef64f4923a66707cc3a3ba0e6eca89f8\dma_reg_slave.$proc$/home/chithang/pdop2/dma/src/dma_reg_slave.v:456$165'.
  created $adff cell `$procdff$3280' with positive edge clock and positive level reset.
Creating register for signal `$paramod$7c905dccef64f4923a66707cc3a3ba0e6eca89f8\dma_reg_slave.\rd_state' using process `$paramod$7c905dccef64f4923a66707cc3a3ba0e6eca89f8\dma_reg_slave.$proc$/home/chithang/pdop2/dma/src/dma_reg_slave.v:456$165'.
  created $adff cell `$procdff$3285' with positive edge clock and positive level reset.
Creating register for signal `$paramod$7c905dccef64f4923a66707cc3a3ba0e6eca89f8\dma_reg_slave.\read_reg$func$/home/chithang/pdop2/dma/src/dma_reg_slave.v:470$144.$result' using process `$paramod$7c905dccef64f4923a66707cc3a3ba0e6eca89f8\dma_reg_slave.$proc$/home/chithang/pdop2/dma/src/dma_reg_slave.v:456$165'.
  created $adff cell `$procdff$3290' with positive edge clock and positive level reset.
Creating register for signal `$paramod$7c905dccef64f4923a66707cc3a3ba0e6eca89f8\dma_reg_slave.\read_reg$func$/home/chithang/pdop2/dma/src/dma_reg_slave.v:470$144.addr' using process `$paramod$7c905dccef64f4923a66707cc3a3ba0e6eca89f8\dma_reg_slave.$proc$/home/chithang/pdop2/dma/src/dma_reg_slave.v:456$165'.
  created $adff cell `$procdff$3295' with positive edge clock and positive level reset.
Creating register for signal `$paramod$7c905dccef64f4923a66707cc3a3ba0e6eca89f8\dma_reg_slave.\read_reg$func$/home/chithang/pdop2/dma/src/dma_reg_slave.v:470$144.ch' using process `$paramod$7c905dccef64f4923a66707cc3a3ba0e6eca89f8\dma_reg_slave.$proc$/home/chithang/pdop2/dma/src/dma_reg_slave.v:456$165'.
  created $adff cell `$procdff$3300' with positive edge clock and positive level reset.
Creating register for signal `$paramod$7c905dccef64f4923a66707cc3a3ba0e6eca89f8\dma_reg_slave.\s_axi_bid' using process `$paramod$7c905dccef64f4923a66707cc3a3ba0e6eca89f8\dma_reg_slave.$proc$/home/chithang/pdop2/dma/src/dma_reg_slave.v:254$150'.
  created $adff cell `$procdff$3305' with positive edge clock and positive level reset.
Creating register for signal `$paramod$7c905dccef64f4923a66707cc3a3ba0e6eca89f8\dma_reg_slave.\s_axi_bresp' using process `$paramod$7c905dccef64f4923a66707cc3a3ba0e6eca89f8\dma_reg_slave.$proc$/home/chithang/pdop2/dma/src/dma_reg_slave.v:254$150'.
  created $adff cell `$procdff$3310' with positive edge clock and positive level reset.
Creating register for signal `$paramod$7c905dccef64f4923a66707cc3a3ba0e6eca89f8\dma_reg_slave.\s_axi_bvalid' using process `$paramod$7c905dccef64f4923a66707cc3a3ba0e6eca89f8\dma_reg_slave.$proc$/home/chithang/pdop2/dma/src/dma_reg_slave.v:254$150'.
  created $adff cell `$procdff$3315' with positive edge clock and positive level reset.
Creating register for signal `$paramod$7c905dccef64f4923a66707cc3a3ba0e6eca89f8\dma_reg_slave.\wr_addr' using process `$paramod$7c905dccef64f4923a66707cc3a3ba0e6eca89f8\dma_reg_slave.$proc$/home/chithang/pdop2/dma/src/dma_reg_slave.v:254$150'.
  created $adff cell `$procdff$3320' with positive edge clock and positive level reset.
Creating register for signal `$paramod$7c905dccef64f4923a66707cc3a3ba0e6eca89f8\dma_reg_slave.\wr_state' using process `$paramod$7c905dccef64f4923a66707cc3a3ba0e6eca89f8\dma_reg_slave.$proc$/home/chithang/pdop2/dma/src/dma_reg_slave.v:254$150'.
  created $adff cell `$procdff$3325' with positive edge clock and positive level reset.
Creating register for signal `$paramod$7c905dccef64f4923a66707cc3a3ba0e6eca89f8\dma_reg_slave.\r_start' using process `$paramod$7c905dccef64f4923a66707cc3a3ba0e6eca89f8\dma_reg_slave.$proc$/home/chithang/pdop2/dma/src/dma_reg_slave.v:254$150'.
  created $adff cell `$procdff$3330' with positive edge clock and positive level reset.
Creating register for signal `$paramod$7c905dccef64f4923a66707cc3a3ba0e6eca89f8\dma_reg_slave.\r_irq_en' using process `$paramod$7c905dccef64f4923a66707cc3a3ba0e6eca89f8\dma_reg_slave.$proc$/home/chithang/pdop2/dma/src/dma_reg_slave.v:254$150'.
  created $adff cell `$procdff$3335' with positive edge clock and positive level reset.
Creating register for signal `$paramod$7c905dccef64f4923a66707cc3a3ba0e6eca89f8\dma_reg_slave.\r_irq_status' using process `$paramod$7c905dccef64f4923a66707cc3a3ba0e6eca89f8\dma_reg_slave.$proc$/home/chithang/pdop2/dma/src/dma_reg_slave.v:254$150'.
  created $adff cell `$procdff$3340' with positive edge clock and positive level reset.
Creating register for signal `$paramod$7c905dccef64f4923a66707cc3a3ba0e6eca89f8\dma_reg_slave.\r_status_done' using process `$paramod$7c905dccef64f4923a66707cc3a3ba0e6eca89f8\dma_reg_slave.$proc$/home/chithang/pdop2/dma/src/dma_reg_slave.v:254$150'.
  created $adff cell `$procdff$3345' with positive edge clock and positive level reset.
Creating register for signal `$paramod$7c905dccef64f4923a66707cc3a3ba0e6eca89f8\dma_reg_slave.\r_status_error' using process `$paramod$7c905dccef64f4923a66707cc3a3ba0e6eca89f8\dma_reg_slave.$proc$/home/chithang/pdop2/dma/src/dma_reg_slave.v:254$150'.
  created $adff cell `$procdff$3350' with positive edge clock and positive level reset.
Creating register for signal `$paramod$7c905dccef64f4923a66707cc3a3ba0e6eca89f8\dma_reg_slave.\wr_id' using process `$paramod$7c905dccef64f4923a66707cc3a3ba0e6eca89f8\dma_reg_slave.$proc$/home/chithang/pdop2/dma/src/dma_reg_slave.v:254$150'.
  created $adff cell `$procdff$3355' with positive edge clock and positive level reset.
Creating register for signal `$paramod$7c905dccef64f4923a66707cc3a3ba0e6eca89f8\dma_reg_slave.\write_fsm.k' using process `$paramod$7c905dccef64f4923a66707cc3a3ba0e6eca89f8\dma_reg_slave.$proc$/home/chithang/pdop2/dma/src/dma_reg_slave.v:254$150'.
  created $adff cell `$procdff$3360' with positive edge clock and positive level reset.
Creating register for signal `$paramod$7c905dccef64f4923a66707cc3a3ba0e6eca89f8\dma_reg_slave.\r_src[0]' using process `$paramod$7c905dccef64f4923a66707cc3a3ba0e6eca89f8\dma_reg_slave.$proc$/home/chithang/pdop2/dma/src/dma_reg_slave.v:254$150'.
  created $adff cell `$procdff$3365' with positive edge clock and positive level reset.
Creating register for signal `$paramod$7c905dccef64f4923a66707cc3a3ba0e6eca89f8\dma_reg_slave.\r_src[1]' using process `$paramod$7c905dccef64f4923a66707cc3a3ba0e6eca89f8\dma_reg_slave.$proc$/home/chithang/pdop2/dma/src/dma_reg_slave.v:254$150'.
  created $adff cell `$procdff$3370' with positive edge clock and positive level reset.
Creating register for signal `$paramod$7c905dccef64f4923a66707cc3a3ba0e6eca89f8\dma_reg_slave.\r_src[2]' using process `$paramod$7c905dccef64f4923a66707cc3a3ba0e6eca89f8\dma_reg_slave.$proc$/home/chithang/pdop2/dma/src/dma_reg_slave.v:254$150'.
  created $adff cell `$procdff$3375' with positive edge clock and positive level reset.
Creating register for signal `$paramod$7c905dccef64f4923a66707cc3a3ba0e6eca89f8\dma_reg_slave.\r_src[3]' using process `$paramod$7c905dccef64f4923a66707cc3a3ba0e6eca89f8\dma_reg_slave.$proc$/home/chithang/pdop2/dma/src/dma_reg_slave.v:254$150'.
  created $adff cell `$procdff$3380' with positive edge clock and positive level reset.
Creating register for signal `$paramod$7c905dccef64f4923a66707cc3a3ba0e6eca89f8\dma_reg_slave.\r_dst[0]' using process `$paramod$7c905dccef64f4923a66707cc3a3ba0e6eca89f8\dma_reg_slave.$proc$/home/chithang/pdop2/dma/src/dma_reg_slave.v:254$150'.
  created $adff cell `$procdff$3385' with positive edge clock and positive level reset.
Creating register for signal `$paramod$7c905dccef64f4923a66707cc3a3ba0e6eca89f8\dma_reg_slave.\r_dst[1]' using process `$paramod$7c905dccef64f4923a66707cc3a3ba0e6eca89f8\dma_reg_slave.$proc$/home/chithang/pdop2/dma/src/dma_reg_slave.v:254$150'.
  created $adff cell `$procdff$3390' with positive edge clock and positive level reset.
Creating register for signal `$paramod$7c905dccef64f4923a66707cc3a3ba0e6eca89f8\dma_reg_slave.\r_dst[2]' using process `$paramod$7c905dccef64f4923a66707cc3a3ba0e6eca89f8\dma_reg_slave.$proc$/home/chithang/pdop2/dma/src/dma_reg_slave.v:254$150'.
  created $adff cell `$procdff$3395' with positive edge clock and positive level reset.
Creating register for signal `$paramod$7c905dccef64f4923a66707cc3a3ba0e6eca89f8\dma_reg_slave.\r_dst[3]' using process `$paramod$7c905dccef64f4923a66707cc3a3ba0e6eca89f8\dma_reg_slave.$proc$/home/chithang/pdop2/dma/src/dma_reg_slave.v:254$150'.
  created $adff cell `$procdff$3400' with positive edge clock and positive level reset.
Creating register for signal `$paramod$7c905dccef64f4923a66707cc3a3ba0e6eca89f8\dma_reg_slave.\r_len[0]' using process `$paramod$7c905dccef64f4923a66707cc3a3ba0e6eca89f8\dma_reg_slave.$proc$/home/chithang/pdop2/dma/src/dma_reg_slave.v:254$150'.
  created $adff cell `$procdff$3405' with positive edge clock and positive level reset.
Creating register for signal `$paramod$7c905dccef64f4923a66707cc3a3ba0e6eca89f8\dma_reg_slave.\r_len[1]' using process `$paramod$7c905dccef64f4923a66707cc3a3ba0e6eca89f8\dma_reg_slave.$proc$/home/chithang/pdop2/dma/src/dma_reg_slave.v:254$150'.
  created $adff cell `$procdff$3410' with positive edge clock and positive level reset.
Creating register for signal `$paramod$7c905dccef64f4923a66707cc3a3ba0e6eca89f8\dma_reg_slave.\r_len[2]' using process `$paramod$7c905dccef64f4923a66707cc3a3ba0e6eca89f8\dma_reg_slave.$proc$/home/chithang/pdop2/dma/src/dma_reg_slave.v:254$150'.
  created $adff cell `$procdff$3415' with positive edge clock and positive level reset.
Creating register for signal `$paramod$7c905dccef64f4923a66707cc3a3ba0e6eca89f8\dma_reg_slave.\r_len[3]' using process `$paramod$7c905dccef64f4923a66707cc3a3ba0e6eca89f8\dma_reg_slave.$proc$/home/chithang/pdop2/dma/src/dma_reg_slave.v:254$150'.
  created $adff cell `$procdff$3420' with positive edge clock and positive level reset.
Creating register for signal `$paramod$7c905dccef64f4923a66707cc3a3ba0e6eca89f8\dma_reg_slave.\r_mode[0]' using process `$paramod$7c905dccef64f4923a66707cc3a3ba0e6eca89f8\dma_reg_slave.$proc$/home/chithang/pdop2/dma/src/dma_reg_slave.v:254$150'.
  created $adff cell `$procdff$3425' with positive edge clock and positive level reset.
Creating register for signal `$paramod$7c905dccef64f4923a66707cc3a3ba0e6eca89f8\dma_reg_slave.\r_mode[1]' using process `$paramod$7c905dccef64f4923a66707cc3a3ba0e6eca89f8\dma_reg_slave.$proc$/home/chithang/pdop2/dma/src/dma_reg_slave.v:254$150'.
  created $adff cell `$procdff$3430' with positive edge clock and positive level reset.
Creating register for signal `$paramod$7c905dccef64f4923a66707cc3a3ba0e6eca89f8\dma_reg_slave.\r_mode[2]' using process `$paramod$7c905dccef64f4923a66707cc3a3ba0e6eca89f8\dma_reg_slave.$proc$/home/chithang/pdop2/dma/src/dma_reg_slave.v:254$150'.
  created $adff cell `$procdff$3435' with positive edge clock and positive level reset.
Creating register for signal `$paramod$7c905dccef64f4923a66707cc3a3ba0e6eca89f8\dma_reg_slave.\r_mode[3]' using process `$paramod$7c905dccef64f4923a66707cc3a3ba0e6eca89f8\dma_reg_slave.$proc$/home/chithang/pdop2/dma/src/dma_reg_slave.v:254$150'.
  created $adff cell `$procdff$3440' with positive edge clock and positive level reset.
Creating register for signal `$paramod$7c905dccef64f4923a66707cc3a3ba0e6eca89f8\dma_reg_slave.\r_en[0]' using process `$paramod$7c905dccef64f4923a66707cc3a3ba0e6eca89f8\dma_reg_slave.$proc$/home/chithang/pdop2/dma/src/dma_reg_slave.v:254$150'.
  created $adff cell `$procdff$3445' with positive edge clock and positive level reset.
Creating register for signal `$paramod$7c905dccef64f4923a66707cc3a3ba0e6eca89f8\dma_reg_slave.\r_en[1]' using process `$paramod$7c905dccef64f4923a66707cc3a3ba0e6eca89f8\dma_reg_slave.$proc$/home/chithang/pdop2/dma/src/dma_reg_slave.v:254$150'.
  created $adff cell `$procdff$3450' with positive edge clock and positive level reset.
Creating register for signal `$paramod$7c905dccef64f4923a66707cc3a3ba0e6eca89f8\dma_reg_slave.\r_en[2]' using process `$paramod$7c905dccef64f4923a66707cc3a3ba0e6eca89f8\dma_reg_slave.$proc$/home/chithang/pdop2/dma/src/dma_reg_slave.v:254$150'.
  created $adff cell `$procdff$3455' with positive edge clock and positive level reset.
Creating register for signal `$paramod$7c905dccef64f4923a66707cc3a3ba0e6eca89f8\dma_reg_slave.\r_en[3]' using process `$paramod$7c905dccef64f4923a66707cc3a3ba0e6eca89f8\dma_reg_slave.$proc$/home/chithang/pdop2/dma/src/dma_reg_slave.v:254$150'.
  created $adff cell `$procdff$3460' with positive edge clock and positive level reset.

9.10. Executing PROC_MEMWR pass (convert process memory writes to cells).

9.11. Executing PROC_CLEAN pass (remove empty switches from decision trees).
Found and cleaned up 17 empty switches in `$paramod$73a3980ba8a68177b0617f0f620fd34f6ef3e417\dma_channel.$proc$/home/chithang/pdop2/dma/src/dma_channel.v:146$103'.
Removing empty process `$paramod$73a3980ba8a68177b0617f0f620fd34f6ef3e417\dma_channel.$proc$/home/chithang/pdop2/dma/src/dma_channel.v:146$103'.
Found and cleaned up 4 empty switches in `$paramod\dma_arbiter\NUM_CH=s32'00000000000000000000000000000100.$proc$/home/chithang/pdop2/dma/src/dma_arbiter.v:172$87'.
Removing empty process `$paramod\dma_arbiter\NUM_CH=s32'00000000000000000000000000000100.$proc$/home/chithang/pdop2/dma/src/dma_arbiter.v:172$87'.
Found and cleaned up 17 empty switches in `$paramod\dma_arbiter\NUM_CH=s32'00000000000000000000000000000100.$proc$/home/chithang/pdop2/dma/src/dma_arbiter.v:141$86'.
Removing empty process `$paramod\dma_arbiter\NUM_CH=s32'00000000000000000000000000000100.$proc$/home/chithang/pdop2/dma/src/dma_arbiter.v:141$86'.
Found and cleaned up 4 empty switches in `$paramod\dma_arbiter\NUM_CH=s32'00000000000000000000000000000100.$proc$/home/chithang/pdop2/dma/src/dma_arbiter.v:98$80'.
Removing empty process `$paramod\dma_arbiter\NUM_CH=s32'00000000000000000000000000000100.$proc$/home/chithang/pdop2/dma/src/dma_arbiter.v:98$80'.
Found and cleaned up 17 empty switches in `$paramod\dma_arbiter\NUM_CH=s32'00000000000000000000000000000100.$proc$/home/chithang/pdop2/dma/src/dma_arbiter.v:64$79'.
Removing empty process `$paramod\dma_arbiter\NUM_CH=s32'00000000000000000000000000000100.$proc$/home/chithang/pdop2/dma/src/dma_arbiter.v:64$79'.
Found and cleaned up 6 empty switches in `$paramod$c92a458ee47b814f5e0f776ee923263eda089220\dma_axi_master.$proc$/home/chithang/pdop2/dma/src/dma_axi_master.v:189$73'.
Removing empty process `$paramod$c92a458ee47b814f5e0f776ee923263eda089220\dma_axi_master.$proc$/home/chithang/pdop2/dma/src/dma_axi_master.v:189$73'.
Found and cleaned up 4 empty switches in `$paramod$c92a458ee47b814f5e0f776ee923263eda089220\dma_axi_master.$proc$/home/chithang/pdop2/dma/src/dma_axi_master.v:133$65'.
Removing empty process `$paramod$c92a458ee47b814f5e0f776ee923263eda089220\dma_axi_master.$proc$/home/chithang/pdop2/dma/src/dma_axi_master.v:133$65'.
Found and cleaned up 10 empty switches in `$paramod$7c905dccef64f4923a66707cc3a3ba0e6eca89f8\dma_reg_slave.$proc$/home/chithang/pdop2/dma/src/dma_reg_slave.v:456$165'.
Removing empty process `$paramod$7c905dccef64f4923a66707cc3a3ba0e6eca89f8\dma_reg_slave.$proc$/home/chithang/pdop2/dma/src/dma_reg_slave.v:456$165'.
Found and cleaned up 68 empty switches in `$paramod$7c905dccef64f4923a66707cc3a3ba0e6eca89f8\dma_reg_slave.$proc$/home/chithang/pdop2/dma/src/dma_reg_slave.v:254$150'.
Removing empty process `$paramod$7c905dccef64f4923a66707cc3a3ba0e6eca89f8\dma_reg_slave.$proc$/home/chithang/pdop2/dma/src/dma_reg_slave.v:254$150'.
Cleaned up 147 empty switches.

9.12. Executing OPT_EXPR pass (perform const folding).
Optimizing module dma_ctrl.
Optimizing module $paramod$73a3980ba8a68177b0617f0f620fd34f6ef3e417\dma_channel.
<suppressed ~104 debug messages>
Optimizing module $paramod\dma_arbiter\NUM_CH=s32'00000000000000000000000000000100.
<suppressed ~36 debug messages>
Optimizing module $paramod$c92a458ee47b814f5e0f776ee923263eda089220\dma_axi_master.
<suppressed ~48 debug messages>
Optimizing module $paramod$7c905dccef64f4923a66707cc3a3ba0e6eca89f8\dma_reg_slave.
<suppressed ~246 debug messages>

10. Executing FLATTEN pass (flatten design).
Deleting now unused module $paramod$73a3980ba8a68177b0617f0f620fd34f6ef3e417\dma_channel.
Deleting now unused module $paramod\dma_arbiter\NUM_CH=s32'00000000000000000000000000000100.
Deleting now unused module $paramod$c92a458ee47b814f5e0f776ee923263eda089220\dma_axi_master.
Deleting now unused module $paramod$7c905dccef64f4923a66707cc3a3ba0e6eca89f8\dma_reg_slave.
<suppressed ~7 debug messages>

11. Executing OPT_CLEAN pass (remove unused cells and wires).
Finding unused cells or wires in module \dma_ctrl..
Removed 387 unused cells and 2100 unused wires.
<suppressed ~675 debug messages>
